000 (1971538.000.000) 2023-12-14 02:17:35 Job submitted from host: <172.24.33.226:11547?addrs=172.24.33.226-11547&alias=sdfrome002.sdf.slac.stanford.edu>
    DAG Node: 2c80a3f4-bff5-4a78-beb4-0fdf3aa2d077_ptcIsr_2023111201442_23
...
040 (1971538.000.000) 2023-12-14 02:25:22 Finished transferring input files
...
001 (1971538.000.000) 2023-12-14 02:25:22 Job executing on host: <172.24.33.213:33037?CCBID=172.24.33.225:9618%3faddrs%3d172.24.33.225-9618%26alias%3dsdfrome001.sdf.slac.stanford.edu#6220039&PrivNet=sdfrome022.sdf.slac.stanford.edu&addrs=172.24.33.213-33037&alias=sdfrome022.sdf.slac.stanford.edu>
	SlotName: slot_abrought_15721_1_2@sdfrome022.sdf.slac.stanford.edu
...
006 (1971538.000.000) 2023-12-14 02:25:31 Image size of job updated: 275896
	70  -  MemoryUsage of job (MB)
	71036  -  ResidentSetSize of job (KB)
...
006 (1971538.000.000) 2023-12-14 02:26:15 Image size of job updated: 2022408
	70  -  MemoryUsage of job (MB)
	71036  -  ResidentSetSize of job (KB)
...
040 (1971538.000.000) 2023-12-14 02:26:15 Started transferring output files
...
040 (1971538.000.000) 2023-12-14 02:26:15 Finished transferring output files
...
005 (1971538.000.000) 2023-12-14 02:26:15 Job terminated.
	(1) Normal termination (return value 0)
		Usr 0 00:00:18, Sys 0 00:00:03  -  Run Remote Usage
		Usr 0 00:00:00, Sys 0 00:00:00  -  Run Local Usage
		Usr 0 00:00:18, Sys 0 00:00:03  -  Total Remote Usage
		Usr 0 00:00:00, Sys 0 00:00:00  -  Total Local Usage
	18975  -  Run Bytes Sent By Job
	0  -  Run Bytes Received By Job
	18975  -  Total Bytes Sent By Job
	0  -  Total Bytes Received By Job
	Partitionable Resources :    Usage  Request Allocated 
	   Cpus                 :                 1         1 
	   Disk (KB)            :       91        2    312194 
	   Memory (MB)          :       70     2048      2048 

	Job terminated of its own accord at 2023-12-14T10:26:15Z with exit-code 0.
...
