000 (1969641.000.000) 2023-12-14 02:17:11 Job submitted from host: <172.24.33.226:11547?addrs=172.24.33.226-11547&alias=sdfrome002.sdf.slac.stanford.edu>
    DAG Node: 4e62afef-74c9-4f69-ae2f-8b117a88217a_ptcIsr_2023110800574_23
...
040 (1969641.000.000) 2023-12-14 02:19:13 Finished transferring input files
...
001 (1969641.000.000) 2023-12-14 02:19:13 Job executing on host: <172.24.48.185:41489?CCBID=172.24.33.225:9618%3faddrs%3d172.24.33.225-9618%26alias%3dsdfrome001.sdf.slac.stanford.edu#6219699&PrivNet=sdfmilan113.sdf.slac.stanford.edu&addrs=172.24.48.185-41489&alias=sdfmilan113.sdf.slac.stanford.edu>
	SlotName: slot_abrought_18623_1_18@sdfmilan113.sdf.slac.stanford.edu
...
006 (1969641.000.000) 2023-12-14 02:19:22 Image size of job updated: 341636
	128  -  MemoryUsage of job (MB)
	130348  -  ResidentSetSize of job (KB)
...
006 (1969641.000.000) 2023-12-14 02:20:11 Image size of job updated: 2114440
	1339  -  MemoryUsage of job (MB)
	1371064  -  ResidentSetSize of job (KB)
...
040 (1969641.000.000) 2023-12-14 02:20:11 Started transferring output files
...
040 (1969641.000.000) 2023-12-14 02:20:11 Finished transferring output files
...
005 (1969641.000.000) 2023-12-14 02:20:12 Job terminated.
	(1) Normal termination (return value 0)
		Usr 0 00:00:20, Sys 0 00:00:03  -  Run Remote Usage
		Usr 0 00:00:00, Sys 0 00:00:00  -  Run Local Usage
		Usr 0 00:00:20, Sys 0 00:00:03  -  Total Remote Usage
		Usr 0 00:00:00, Sys 0 00:00:00  -  Total Local Usage
	19072  -  Run Bytes Sent By Job
	0  -  Run Bytes Received By Job
	19072  -  Total Bytes Sent By Job
	0  -  Total Bytes Received By Job
	Partitionable Resources :    Usage  Request Allocated 
	   Cpus                 :                 1         1 
	   Disk (KB)            :       91        2    312194 
	   Memory (MB)          :     1339     2048      2048 

	Job terminated of its own accord at 2023-12-14T10:20:11Z with exit-code 0.
...
