000 (1973169.000.000) 2023-12-14 02:17:53 Job submitted from host: <172.24.33.226:11547?addrs=172.24.33.226-11547&alias=sdfrome002.sdf.slac.stanford.edu>
    DAG Node: af9c7a36-748f-4719-b9a9-3c613579de8c_ptcIsr_2023111203005_23
...
040 (1973169.000.000) 2023-12-14 02:29:58 Finished transferring input files
...
001 (1973169.000.000) 2023-12-14 02:29:58 Job executing on host: <172.24.33.147:42953?CCBID=172.24.33.225:9618%3faddrs%3d172.24.33.225-9618%26alias%3dsdfrome001.sdf.slac.stanford.edu#6219703&PrivNet=sdfrome082.sdf.slac.stanford.edu&addrs=172.24.33.147-42953&alias=sdfrome082.sdf.slac.stanford.edu>
	SlotName: slot_abrought_48_1_5@sdfrome082.sdf.slac.stanford.edu
...
006 (1973169.000.000) 2023-12-14 02:30:07 Image size of job updated: 275892
	70  -  MemoryUsage of job (MB)
	71404  -  ResidentSetSize of job (KB)
...
006 (1973169.000.000) 2023-12-14 02:30:55 Image size of job updated: 2062236
	1402  -  MemoryUsage of job (MB)
	1434928  -  ResidentSetSize of job (KB)
...
040 (1973169.000.000) 2023-12-14 02:30:56 Started transferring output files
...
040 (1973169.000.000) 2023-12-14 02:30:56 Finished transferring output files
...
005 (1973169.000.000) 2023-12-14 02:30:56 Job terminated.
	(1) Normal termination (return value 0)
		Usr 0 00:00:20, Sys 0 00:00:02  -  Run Remote Usage
		Usr 0 00:00:00, Sys 0 00:00:00  -  Run Local Usage
		Usr 0 00:00:20, Sys 0 00:00:02  -  Total Remote Usage
		Usr 0 00:00:00, Sys 0 00:00:00  -  Total Local Usage
	18533  -  Run Bytes Sent By Job
	0  -  Run Bytes Received By Job
	18533  -  Total Bytes Sent By Job
	0  -  Total Bytes Received By Job
	Partitionable Resources :    Usage  Request Allocated 
	   Cpus                 :                 1         1 
	   Disk (KB)            :       90        2    312116 
	   Memory (MB)          :     1402     2048      2048 

	Job terminated of its own accord at 2023-12-14T10:30:55Z with exit-code 0.
...
