000 (1973191.000.000) 2023-12-14 02:17:53 Job submitted from host: <172.24.33.226:11547?addrs=172.24.33.226-11547&alias=sdfrome002.sdf.slac.stanford.edu>
    DAG Node: 48772c91-2729-4e3b-8e26-26a4d11f0dd0_ptcIsr_2023111203351_23
...
040 (1973191.000.000) 2023-12-14 02:30:01 Finished transferring input files
...
001 (1973191.000.000) 2023-12-14 02:30:01 Job executing on host: <172.24.33.124:39697?CCBID=172.24.33.225:9618%3faddrs%3d172.24.33.225-9618%26alias%3dsdfrome001.sdf.slac.stanford.edu#6220015&PrivNet=sdfrome059.sdf.slac.stanford.edu&addrs=172.24.33.124-39697&alias=sdfrome059.sdf.slac.stanford.edu>
	SlotName: slot_abrought_7836_1_12@sdfrome059.sdf.slac.stanford.edu
...
006 (1973191.000.000) 2023-12-14 02:30:09 Image size of job updated: 280760
	74  -  MemoryUsage of job (MB)
	75456  -  ResidentSetSize of job (KB)
...
006 (1973191.000.000) 2023-12-14 02:30:51 Image size of job updated: 2262376
	659  -  MemoryUsage of job (MB)
	673988  -  ResidentSetSize of job (KB)
...
040 (1973191.000.000) 2023-12-14 02:30:51 Started transferring output files
...
040 (1973191.000.000) 2023-12-14 02:30:52 Finished transferring output files
...
005 (1973191.000.000) 2023-12-14 02:30:52 Job terminated.
	(1) Normal termination (return value 0)
		Usr 0 00:00:23, Sys 0 00:00:04  -  Run Remote Usage
		Usr 0 00:00:00, Sys 0 00:00:00  -  Run Local Usage
		Usr 0 00:00:23, Sys 0 00:00:04  -  Total Remote Usage
		Usr 0 00:00:00, Sys 0 00:00:00  -  Total Local Usage
	19073  -  Run Bytes Sent By Job
	0  -  Run Bytes Received By Job
	19073  -  Total Bytes Sent By Job
	0  -  Total Bytes Received By Job
	Partitionable Resources :    Usage  Request Allocated 
	   Cpus                 :                 1         1 
	   Disk (KB)            :       91        2    312194 
	   Memory (MB)          :      659     2048      2048 

	Job terminated of its own accord at 2023-12-14T10:30:51Z with exit-code 0.
...
