000 (1970830.000.000) 2023-12-14 02:17:25 Job submitted from host: <172.24.33.226:11547?addrs=172.24.33.226-11547&alias=sdfrome002.sdf.slac.stanford.edu>
    DAG Node: 3a0d28ad-dfa5-46d8-9f5a-9d11e876443a_ptcIsr_2023111201112_23
...
040 (1970830.000.000) 2023-12-14 02:23:11 Finished transferring input files
...
001 (1970830.000.000) 2023-12-14 02:23:11 Job executing on host: <172.24.33.213:43829?CCBID=172.24.33.225:9618%3faddrs%3d172.24.33.225-9618%26alias%3dsdfrome001.sdf.slac.stanford.edu#6220038&PrivNet=sdfrome022.sdf.slac.stanford.edu&addrs=172.24.33.213-43829&alias=sdfrome022.sdf.slac.stanford.edu>
	SlotName: slot_abrought_31850_1_11@sdfrome022.sdf.slac.stanford.edu
...
006 (1970830.000.000) 2023-12-14 02:23:20 Image size of job updated: 361940
	145  -  MemoryUsage of job (MB)
	147648  -  ResidentSetSize of job (KB)
...
006 (1970830.000.000) 2023-12-14 02:24:06 Image size of job updated: 2127832
	647  -  MemoryUsage of job (MB)
	662528  -  ResidentSetSize of job (KB)
...
040 (1970830.000.000) 2023-12-14 02:24:06 Started transferring output files
...
040 (1970830.000.000) 2023-12-14 02:24:06 Finished transferring output files
...
005 (1970830.000.000) 2023-12-14 02:24:06 Job terminated.
	(1) Normal termination (return value 0)
		Usr 0 00:00:24, Sys 0 00:00:03  -  Run Remote Usage
		Usr 0 00:00:00, Sys 0 00:00:00  -  Run Local Usage
		Usr 0 00:00:24, Sys 0 00:00:03  -  Total Remote Usage
		Usr 0 00:00:00, Sys 0 00:00:00  -  Total Local Usage
	18801  -  Run Bytes Sent By Job
	0  -  Run Bytes Received By Job
	18801  -  Total Bytes Sent By Job
	0  -  Total Bytes Received By Job
	Partitionable Resources :    Usage  Request Allocated 
	   Cpus                 :                 1         1 
	   Disk (KB)            :       90        2    312194 
	   Memory (MB)          :      647     2048      2048 

	Job terminated of its own accord at 2023-12-14T10:24:06Z with exit-code 0.
...
