000 (1972933.000.000) 2023-12-14 02:17:50 Job submitted from host: <172.24.33.226:11547?addrs=172.24.33.226-11547&alias=sdfrome002.sdf.slac.stanford.edu>
    DAG Node: cf18c75f-c4d6-486c-b776-76fef76e4af7_ptcIsr_2023111101921_23
...
040 (1972933.000.000) 2023-12-14 02:29:25 Finished transferring input files
...
001 (1972933.000.000) 2023-12-14 02:29:25 Job executing on host: <172.24.48.186:33679?CCBID=172.24.33.225:9618%3faddrs%3d172.24.33.225-9618%26alias%3dsdfrome001.sdf.slac.stanford.edu#6219700&PrivNet=sdfmilan114.sdf.slac.stanford.edu&addrs=172.24.48.186-33679&alias=sdfmilan114.sdf.slac.stanford.edu>
	SlotName: slot_abrought_14493_1_23@sdfmilan114.sdf.slac.stanford.edu
...
006 (1972933.000.000) 2023-12-14 02:29:34 Image size of job updated: 279732
	73  -  MemoryUsage of job (MB)
	74304  -  ResidentSetSize of job (KB)
...
006 (1972933.000.000) 2023-12-14 02:30:26 Image size of job updated: 2175796
	1274  -  MemoryUsage of job (MB)
	1303780  -  ResidentSetSize of job (KB)
...
040 (1972933.000.000) 2023-12-14 02:30:27 Started transferring output files
...
040 (1972933.000.000) 2023-12-14 02:30:27 Finished transferring output files
...
005 (1972933.000.000) 2023-12-14 02:30:27 Job terminated.
	(1) Normal termination (return value 0)
		Usr 0 00:00:15, Sys 0 00:00:01  -  Run Remote Usage
		Usr 0 00:00:00, Sys 0 00:00:00  -  Run Local Usage
		Usr 0 00:00:15, Sys 0 00:00:01  -  Total Remote Usage
		Usr 0 00:00:00, Sys 0 00:00:00  -  Total Local Usage
	19073  -  Run Bytes Sent By Job
	0  -  Run Bytes Received By Job
	19073  -  Total Bytes Sent By Job
	0  -  Total Bytes Received By Job
	Partitionable Resources :    Usage  Request Allocated 
	   Cpus                 :                 1         1 
	   Disk (KB)            :       91        2    312193 
	   Memory (MB)          :     1274     2048      2048 

	Job terminated of its own accord at 2023-12-14T10:30:26Z with exit-code 0.
...
