000 (1973214.000.000) 2023-12-14 02:17:54 Job submitted from host: <172.24.33.226:11547?addrs=172.24.33.226-11547&alias=sdfrome002.sdf.slac.stanford.edu>
    DAG Node: cf0d2ce6-1ff7-4a94-b6f8-8720a5c7f279_ptcIsr_2023111300834_23
...
040 (1973214.000.000) 2023-12-14 02:30:05 Finished transferring input files
...
001 (1973214.000.000) 2023-12-14 02:30:05 Job executing on host: <172.24.33.213:33037?CCBID=172.24.33.225:9618%3faddrs%3d172.24.33.225-9618%26alias%3dsdfrome001.sdf.slac.stanford.edu#6220039&PrivNet=sdfrome022.sdf.slac.stanford.edu&addrs=172.24.33.213-33037&alias=sdfrome022.sdf.slac.stanford.edu>
	SlotName: slot_abrought_15721_1_13@sdfrome022.sdf.slac.stanford.edu
...
006 (1973214.000.000) 2023-12-14 02:30:13 Image size of job updated: 279736
	73  -  MemoryUsage of job (MB)
	74736  -  ResidentSetSize of job (KB)
...
006 (1973214.000.000) 2023-12-14 02:31:00 Image size of job updated: 2101356
	628  -  MemoryUsage of job (MB)
	642504  -  ResidentSetSize of job (KB)
...
040 (1973214.000.000) 2023-12-14 02:31:01 Started transferring output files
...
040 (1973214.000.000) 2023-12-14 02:31:01 Finished transferring output files
...
005 (1973214.000.000) 2023-12-14 02:31:01 Job terminated.
	(1) Normal termination (return value 0)
		Usr 0 00:00:16, Sys 0 00:00:04  -  Run Remote Usage
		Usr 0 00:00:00, Sys 0 00:00:00  -  Run Local Usage
		Usr 0 00:00:16, Sys 0 00:00:04  -  Total Remote Usage
		Usr 0 00:00:00, Sys 0 00:00:00  -  Total Local Usage
	18974  -  Run Bytes Sent By Job
	0  -  Run Bytes Received By Job
	18974  -  Total Bytes Sent By Job
	0  -  Total Bytes Received By Job
	Partitionable Resources :    Usage  Request Allocated 
	   Cpus                 :                 1         1 
	   Disk (KB)            :       91        2    312194 
	   Memory (MB)          :      628     2048      2048 

	Job terminated of its own accord at 2023-12-14T10:31:00Z with exit-code 0.
...
