000 (1972284.000.000) 2023-12-14 02:17:43 Job submitted from host: <172.24.33.226:11547?addrs=172.24.33.226-11547&alias=sdfrome002.sdf.slac.stanford.edu>
    DAG Node: bee51405-e3c6-4705-acc8-c4dad6f22cb5_ptcIsr_2023111101365_23
...
040 (1972284.000.000) 2023-12-14 02:27:24 Finished transferring input files
...
001 (1972284.000.000) 2023-12-14 02:27:24 Job executing on host: <172.24.33.213:43829?CCBID=172.24.33.225:9618%3faddrs%3d172.24.33.225-9618%26alias%3dsdfrome001.sdf.slac.stanford.edu#6220038&PrivNet=sdfrome022.sdf.slac.stanford.edu&addrs=172.24.33.213-43829&alias=sdfrome022.sdf.slac.stanford.edu>
	SlotName: slot_abrought_31850_1_18@sdfrome022.sdf.slac.stanford.edu
...
006 (1972284.000.000) 2023-12-14 02:27:32 Image size of job updated: 289628
	82  -  MemoryUsage of job (MB)
	83568  -  ResidentSetSize of job (KB)
...
006 (1972284.000.000) 2023-12-14 02:28:21 Image size of job updated: 2081072
	604  -  MemoryUsage of job (MB)
	618208  -  ResidentSetSize of job (KB)
...
040 (1972284.000.000) 2023-12-14 02:28:22 Started transferring output files
...
040 (1972284.000.000) 2023-12-14 02:28:22 Finished transferring output files
...
005 (1972284.000.000) 2023-12-14 02:28:22 Job terminated.
	(1) Normal termination (return value 0)
		Usr 0 00:00:23, Sys 0 00:00:03  -  Run Remote Usage
		Usr 0 00:00:00, Sys 0 00:00:00  -  Run Local Usage
		Usr 0 00:00:23, Sys 0 00:00:03  -  Total Remote Usage
		Usr 0 00:00:00, Sys 0 00:00:00  -  Total Local Usage
	18805  -  Run Bytes Sent By Job
	0  -  Run Bytes Received By Job
	18805  -  Total Bytes Sent By Job
	0  -  Total Bytes Received By Job
	Partitionable Resources :    Usage  Request Allocated 
	   Cpus                 :                 1         1 
	   Disk (KB)            :       90        2    312194 
	   Memory (MB)          :      604     2048      2048 

	Job terminated of its own accord at 2023-12-14T10:28:21Z with exit-code 0.
...
