000 (1970668.000.000) 2023-12-14 02:17:24 Job submitted from host: <172.24.33.226:11547?addrs=172.24.33.226-11547&alias=sdfrome002.sdf.slac.stanford.edu>
    DAG Node: 0d6d6188-f907-4d15-aae3-0d53a8d489ab_ptcIsr_2023111202550_23
...
040 (1970668.000.000) 2023-12-14 02:22:46 Finished transferring input files
...
001 (1970668.000.000) 2023-12-14 02:22:46 Job executing on host: <172.24.48.149:38613?CCBID=172.24.33.225:9618%3faddrs%3d172.24.33.225-9618%26alias%3dsdfrome001.sdf.slac.stanford.edu#6219698&PrivNet=sdfmilan049.sdf.slac.stanford.edu&addrs=172.24.48.149-38613&alias=sdfmilan049.sdf.slac.stanford.edu>
	SlotName: slot_abrought_1727_1_8@sdfmilan049.sdf.slac.stanford.edu
...
006 (1970668.000.000) 2023-12-14 02:22:55 Image size of job updated: 280756
	74  -  MemoryUsage of job (MB)
	75044  -  ResidentSetSize of job (KB)
...
006 (1970668.000.000) 2023-12-14 02:24:08 Image size of job updated: 2044652
	631  -  MemoryUsage of job (MB)
	646064  -  ResidentSetSize of job (KB)
...
040 (1970668.000.000) 2023-12-14 02:24:08 Started transferring output files
...
040 (1970668.000.000) 2023-12-14 02:24:08 Finished transferring output files
...
005 (1970668.000.000) 2023-12-14 02:24:09 Job terminated.
	(1) Normal termination (return value 0)
		Usr 0 00:00:23, Sys 0 00:00:02  -  Run Remote Usage
		Usr 0 00:00:00, Sys 0 00:00:00  -  Run Local Usage
		Usr 0 00:00:23, Sys 0 00:00:02  -  Total Remote Usage
		Usr 0 00:00:00, Sys 0 00:00:00  -  Total Local Usage
	18802  -  Run Bytes Sent By Job
	0  -  Run Bytes Received By Job
	18802  -  Total Bytes Sent By Job
	0  -  Total Bytes Received By Job
	Partitionable Resources :    Usage  Request Allocated 
	   Cpus                 :                 1         1 
	   Disk (KB)            :       90        2    312194 
	   Memory (MB)          :      631     2048      2048 

	Job terminated of its own accord at 2023-12-14T10:24:08Z with exit-code 0.
...
