000 (1970823.000.000) 2023-12-14 02:17:25 Job submitted from host: <172.24.33.226:11547?addrs=172.24.33.226-11547&alias=sdfrome002.sdf.slac.stanford.edu>
    DAG Node: 4e915204-457b-47cd-88de-4874adbc83ce_ptcIsr_2023111101843_23
...
040 (1970823.000.000) 2023-12-14 02:23:10 Finished transferring input files
...
001 (1970823.000.000) 2023-12-14 02:23:11 Job executing on host: <172.24.33.147:42953?CCBID=172.24.33.225:9618%3faddrs%3d172.24.33.225-9618%26alias%3dsdfrome001.sdf.slac.stanford.edu#6219703&PrivNet=sdfrome082.sdf.slac.stanford.edu&addrs=172.24.33.147-42953&alias=sdfrome082.sdf.slac.stanford.edu>
	SlotName: slot_abrought_48_1_18@sdfrome082.sdf.slac.stanford.edu
...
006 (1970823.000.000) 2023-12-14 02:23:19 Image size of job updated: 264680
	59  -  MemoryUsage of job (MB)
	59964  -  ResidentSetSize of job (KB)
...
006 (1970823.000.000) 2023-12-14 02:24:05 Image size of job updated: 2134744
	620  -  MemoryUsage of job (MB)
	634464  -  ResidentSetSize of job (KB)
...
040 (1970823.000.000) 2023-12-14 02:24:05 Started transferring output files
...
040 (1970823.000.000) 2023-12-14 02:24:05 Finished transferring output files
...
005 (1970823.000.000) 2023-12-14 02:24:05 Job terminated.
	(1) Normal termination (return value 0)
		Usr 0 00:00:18, Sys 0 00:00:03  -  Run Remote Usage
		Usr 0 00:00:00, Sys 0 00:00:00  -  Run Local Usage
		Usr 0 00:00:18, Sys 0 00:00:03  -  Total Remote Usage
		Usr 0 00:00:00, Sys 0 00:00:00  -  Total Local Usage
	19074  -  Run Bytes Sent By Job
	0  -  Run Bytes Received By Job
	19074  -  Total Bytes Sent By Job
	0  -  Total Bytes Received By Job
	Partitionable Resources :    Usage  Request Allocated 
	   Cpus                 :                 1         1 
	   Disk (KB)            :       91        2    312116 
	   Memory (MB)          :      620     2048      2048 

	Job terminated of its own accord at 2023-12-14T10:24:05Z with exit-code 0.
...
