000 (1973377.000.000) 2023-12-14 02:17:55 Job submitted from host: <172.24.33.226:11547?addrs=172.24.33.226-11547&alias=sdfrome002.sdf.slac.stanford.edu>
    DAG Node: 742b02cd-e869-4a2a-81db-5468cf537df9_ptcIsr_2023111100880_23
...
040 (1973377.000.000) 2023-12-14 02:30:34 Finished transferring input files
...
001 (1973377.000.000) 2023-12-14 02:30:34 Job executing on host: <172.24.33.213:34935?CCBID=172.24.33.225:9618%3faddrs%3d172.24.33.225-9618%26alias%3dsdfrome001.sdf.slac.stanford.edu#6220035&PrivNet=sdfrome022.sdf.slac.stanford.edu&addrs=172.24.33.213-34935&alias=sdfrome022.sdf.slac.stanford.edu>
	SlotName: slot_abrought_12392_1_2@sdfrome022.sdf.slac.stanford.edu
...
006 (1973377.000.000) 2023-12-14 02:30:43 Image size of job updated: 35472
	20  -  MemoryUsage of job (MB)
	19616  -  ResidentSetSize of job (KB)
...
006 (1973377.000.000) 2023-12-14 02:34:25 Image size of job updated: 2103464
	1319  -  MemoryUsage of job (MB)
	1350276  -  ResidentSetSize of job (KB)
...
040 (1973377.000.000) 2023-12-14 02:34:25 Started transferring output files
...
040 (1973377.000.000) 2023-12-14 02:34:25 Finished transferring output files
...
005 (1973377.000.000) 2023-12-14 02:34:25 Job terminated.
	(1) Normal termination (return value 0)
		Usr 0 00:00:17, Sys 0 00:00:02  -  Run Remote Usage
		Usr 0 00:00:00, Sys 0 00:00:00  -  Run Local Usage
		Usr 0 00:00:17, Sys 0 00:00:02  -  Total Remote Usage
		Usr 0 00:00:00, Sys 0 00:00:00  -  Total Local Usage
	18806  -  Run Bytes Sent By Job
	0  -  Run Bytes Received By Job
	18806  -  Total Bytes Sent By Job
	0  -  Total Bytes Received By Job
	Partitionable Resources :    Usage  Request Allocated 
	   Cpus                 :     0.17        1         1 
	   Disk (KB)            :    97           2    312194 
	   Memory (MB)          :  1319        2048      2048 

	Job terminated of its own accord at 2023-12-14T10:34:25Z with exit-code 0.
...
