000 (1971173.000.000) 2023-12-14 02:17:30 Job submitted from host: <172.24.33.226:11547?addrs=172.24.33.226-11547&alias=sdfrome002.sdf.slac.stanford.edu>
    DAG Node: 7ca03ce5-b3d2-44d6-a4e7-5b163f2bcccf_ptcIsr_2023111202694_23
...
040 (1971173.000.000) 2023-12-14 02:24:16 Finished transferring input files
...
001 (1971173.000.000) 2023-12-14 02:24:16 Job executing on host: <172.24.33.147:42953?CCBID=172.24.33.225:9618%3faddrs%3d172.24.33.225-9618%26alias%3dsdfrome001.sdf.slac.stanford.edu#6219703&PrivNet=sdfrome082.sdf.slac.stanford.edu&addrs=172.24.33.147-42953&alias=sdfrome082.sdf.slac.stanford.edu>
	SlotName: slot_abrought_48_1_15@sdfrome082.sdf.slac.stanford.edu
...
006 (1971173.000.000) 2023-12-14 02:24:24 Image size of job updated: 289616
	82  -  MemoryUsage of job (MB)
	83792  -  ResidentSetSize of job (KB)
...
006 (1971173.000.000) 2023-12-14 02:25:07 Image size of job updated: 2076028
	616  -  MemoryUsage of job (MB)
	629972  -  ResidentSetSize of job (KB)
...
040 (1971173.000.000) 2023-12-14 02:25:07 Started transferring output files
...
040 (1971173.000.000) 2023-12-14 02:25:07 Finished transferring output files
...
005 (1971173.000.000) 2023-12-14 02:25:07 Job terminated.
	(1) Normal termination (return value 0)
		Usr 0 00:00:22, Sys 0 00:00:03  -  Run Remote Usage
		Usr 0 00:00:00, Sys 0 00:00:00  -  Run Local Usage
		Usr 0 00:00:22, Sys 0 00:00:03  -  Total Remote Usage
		Usr 0 00:00:00, Sys 0 00:00:00  -  Total Local Usage
	18533  -  Run Bytes Sent By Job
	0  -  Run Bytes Received By Job
	18533  -  Total Bytes Sent By Job
	0  -  Total Bytes Received By Job
	Partitionable Resources :    Usage  Request Allocated 
	   Cpus                 :                 1         1 
	   Disk (KB)            :       90        2    312116 
	   Memory (MB)          :      616     2048      2048 

	Job terminated of its own accord at 2023-12-14T10:25:07Z with exit-code 0.
...
