000 (1971206.000.000) 2023-12-14 02:17:30 Job submitted from host: <172.24.33.226:11547?addrs=172.24.33.226-11547&alias=sdfrome002.sdf.slac.stanford.edu>
    DAG Node: da476cf6-d17d-47d1-a7fd-e29603b22c27_ptcIsr_2023111101407_23
...
040 (1971206.000.000) 2023-12-14 02:24:21 Finished transferring input files
...
001 (1971206.000.000) 2023-12-14 02:24:21 Job executing on host: <172.24.33.124:44469?CCBID=172.24.33.225:9618%3faddrs%3d172.24.33.225-9618%26alias%3dsdfrome001.sdf.slac.stanford.edu#6220017&PrivNet=sdfrome059.sdf.slac.stanford.edu&addrs=172.24.33.124-44469&alias=sdfrome059.sdf.slac.stanford.edu>
	SlotName: slot_abrought_2668_1_19@sdfrome059.sdf.slac.stanford.edu
...
006 (1971206.000.000) 2023-12-14 02:24:30 Image size of job updated: 271276
	66  -  MemoryUsage of job (MB)
	66848  -  ResidentSetSize of job (KB)
...
006 (1971206.000.000) 2023-12-14 02:25:29 Image size of job updated: 2049180
	617  -  MemoryUsage of job (MB)
	631388  -  ResidentSetSize of job (KB)
...
040 (1971206.000.000) 2023-12-14 02:25:29 Started transferring output files
...
040 (1971206.000.000) 2023-12-14 02:25:29 Finished transferring output files
...
005 (1971206.000.000) 2023-12-14 02:25:30 Job terminated.
	(1) Normal termination (return value 0)
		Usr 0 00:00:20, Sys 0 00:00:03  -  Run Remote Usage
		Usr 0 00:00:00, Sys 0 00:00:00  -  Run Local Usage
		Usr 0 00:00:20, Sys 0 00:00:03  -  Total Remote Usage
		Usr 0 00:00:00, Sys 0 00:00:00  -  Total Local Usage
	18805  -  Run Bytes Sent By Job
	0  -  Run Bytes Received By Job
	18805  -  Total Bytes Sent By Job
	0  -  Total Bytes Received By Job
	Partitionable Resources :    Usage  Request Allocated 
	   Cpus                 :                 1         1 
	   Disk (KB)            :       90        2    312194 
	   Memory (MB)          :      617     2048      2048 

	Job terminated of its own accord at 2023-12-14T10:25:29Z with exit-code 0.
...
