000 (1970349.000.000) 2023-12-14 02:17:18 Job submitted from host: <172.24.33.226:11547?addrs=172.24.33.226-11547&alias=sdfrome002.sdf.slac.stanford.edu>
    DAG Node: 5c133d52-ac04-4538-82ef-10c52918f7a6_ptcIsr_2023111101821_23
...
040 (1970349.000.000) 2023-12-14 02:21:32 Finished transferring input files
...
001 (1970349.000.000) 2023-12-14 02:21:32 Job executing on host: <172.24.48.186:33679?CCBID=172.24.33.225:9618%3faddrs%3d172.24.33.225-9618%26alias%3dsdfrome001.sdf.slac.stanford.edu#6219700&PrivNet=sdfmilan114.sdf.slac.stanford.edu&addrs=172.24.48.186-33679&alias=sdfmilan114.sdf.slac.stanford.edu>
	SlotName: slot_abrought_14493_1_5@sdfmilan114.sdf.slac.stanford.edu
...
006 (1970349.000.000) 2023-12-14 02:21:41 Image size of job updated: 315096
	106  -  MemoryUsage of job (MB)
	107552  -  ResidentSetSize of job (KB)
...
006 (1970349.000.000) 2023-12-14 02:22:25 Image size of job updated: 2101348
	631  -  MemoryUsage of job (MB)
	646060  -  ResidentSetSize of job (KB)
...
040 (1970349.000.000) 2023-12-14 02:22:26 Started transferring output files
...
040 (1970349.000.000) 2023-12-14 02:22:26 Finished transferring output files
...
005 (1970349.000.000) 2023-12-14 02:22:26 Job terminated.
	(1) Normal termination (return value 0)
		Usr 0 00:00:21, Sys 0 00:00:03  -  Run Remote Usage
		Usr 0 00:00:00, Sys 0 00:00:00  -  Run Local Usage
		Usr 0 00:00:21, Sys 0 00:00:03  -  Total Remote Usage
		Usr 0 00:00:00, Sys 0 00:00:00  -  Total Local Usage
	18803  -  Run Bytes Sent By Job
	0  -  Run Bytes Received By Job
	18803  -  Total Bytes Sent By Job
	0  -  Total Bytes Received By Job
	Partitionable Resources :    Usage  Request Allocated 
	   Cpus                 :     0.03        1         1 
	   Disk (KB)            :    97           2    312193 
	   Memory (MB)          :   631        2048      2048 

	Job terminated of its own accord at 2023-12-14T10:22:25Z with exit-code 0.
...
