000 (1972356.000.000) 2023-12-14 02:17:43 Job submitted from host: <172.24.33.226:11547?addrs=172.24.33.226-11547&alias=sdfrome002.sdf.slac.stanford.edu>
    DAG Node: d322d154-bf12-492f-837c-2269440f93a1_ptcIsr_2023111101632_23
...
040 (1972356.000.000) 2023-12-14 02:27:42 Finished transferring input files
...
001 (1972356.000.000) 2023-12-14 02:27:42 Job executing on host: <172.24.33.213:33037?CCBID=172.24.33.225:9618%3faddrs%3d172.24.33.225-9618%26alias%3dsdfrome001.sdf.slac.stanford.edu#6220039&PrivNet=sdfrome022.sdf.slac.stanford.edu&addrs=172.24.33.213-33037&alias=sdfrome022.sdf.slac.stanford.edu>
	SlotName: slot_abrought_15721_1_10@sdfrome022.sdf.slac.stanford.edu
...
006 (1972356.000.000) 2023-12-14 02:27:51 Image size of job updated: 288652
	81  -  MemoryUsage of job (MB)
	82540  -  ResidentSetSize of job (KB)
...
006 (1972356.000.000) 2023-12-14 02:28:51 Image size of job updated: 2118720
	81  -  MemoryUsage of job (MB)
	82540  -  ResidentSetSize of job (KB)
...
040 (1972356.000.000) 2023-12-14 02:28:51 Started transferring output files
...
040 (1972356.000.000) 2023-12-14 02:28:51 Finished transferring output files
...
005 (1972356.000.000) 2023-12-14 02:28:51 Job terminated.
	(1) Normal termination (return value 0)
		Usr 0 00:00:22, Sys 0 00:00:03  -  Run Remote Usage
		Usr 0 00:00:00, Sys 0 00:00:00  -  Run Local Usage
		Usr 0 00:00:22, Sys 0 00:00:03  -  Total Remote Usage
		Usr 0 00:00:00, Sys 0 00:00:00  -  Total Local Usage
	18803  -  Run Bytes Sent By Job
	0  -  Run Bytes Received By Job
	18803  -  Total Bytes Sent By Job
	0  -  Total Bytes Received By Job
	Partitionable Resources :    Usage  Request Allocated 
	   Cpus                 :                 1         1 
	   Disk (KB)            :       90        2    312194 
	   Memory (MB)          :       81     2048      2048 

	Job terminated of its own accord at 2023-12-14T10:28:51Z with exit-code 0.
...
