000 (1973102.000.000) 2023-12-14 02:17:53 Job submitted from host: <172.24.33.226:11547?addrs=172.24.33.226-11547&alias=sdfrome002.sdf.slac.stanford.edu>
    DAG Node: 697c84fc-15c4-4b5d-8b24-9b3232dca3cd_ptcIsr_2023111202732_23
...
040 (1973102.000.000) 2023-12-14 02:29:55 Finished transferring input files
...
001 (1973102.000.000) 2023-12-14 02:29:55 Job executing on host: <172.24.33.143:35625?CCBID=172.24.33.225:9618%3faddrs%3d172.24.33.225-9618%26alias%3dsdfrome001.sdf.slac.stanford.edu#6220497&PrivNet=sdfrome078.sdf.slac.stanford.edu&addrs=172.24.33.143-35625&alias=sdfrome078.sdf.slac.stanford.edu>
	SlotName: slot_abrought_7235_1_6@sdfrome078.sdf.slac.stanford.edu
...
006 (1973102.000.000) 2023-12-14 02:30:06 Image size of job updated: 288652
	81  -  MemoryUsage of job (MB)
	81984  -  ResidentSetSize of job (KB)
...
006 (1973102.000.000) 2023-12-14 02:33:01 Image size of job updated: 2037388
	628  -  MemoryUsage of job (MB)
	642340  -  ResidentSetSize of job (KB)
...
040 (1973102.000.000) 2023-12-14 02:33:02 Started transferring output files
...
040 (1973102.000.000) 2023-12-14 02:33:02 Finished transferring output files
...
005 (1973102.000.000) 2023-12-14 02:33:02 Job terminated.
	(1) Normal termination (return value 0)
		Usr 0 00:00:14, Sys 0 00:00:02  -  Run Remote Usage
		Usr 0 00:00:00, Sys 0 00:00:00  -  Run Local Usage
		Usr 0 00:00:14, Sys 0 00:00:02  -  Total Remote Usage
		Usr 0 00:00:00, Sys 0 00:00:00  -  Total Local Usage
	18976  -  Run Bytes Sent By Job
	0  -  Run Bytes Received By Job
	18976  -  Total Bytes Sent By Job
	0  -  Total Bytes Received By Job
	Partitionable Resources :    Usage  Request Allocated 
	   Cpus                 :     0.12        1         1 
	   Disk (KB)            :    97           2    312194 
	   Memory (MB)          :   628        2048      2048 

	Job terminated of its own accord at 2023-12-14T10:33:01Z with exit-code 0.
...
