000 (1969994.000.000) 2023-12-14 02:17:17 Job submitted from host: <172.24.33.226:11547?addrs=172.24.33.226-11547&alias=sdfrome002.sdf.slac.stanford.edu>
    DAG Node: 2f29a3b7-ebc0-41c4-8c59-a8966884b2ea_ptcIsr_2023111201331_23
...
040 (1969994.000.000) 2023-12-14 02:20:13 Finished transferring input files
...
001 (1969994.000.000) 2023-12-14 02:20:13 Job executing on host: <172.24.33.213:33037?CCBID=172.24.33.225:9618%3faddrs%3d172.24.33.225-9618%26alias%3dsdfrome001.sdf.slac.stanford.edu#6220039&PrivNet=sdfrome022.sdf.slac.stanford.edu&addrs=172.24.33.213-33037&alias=sdfrome022.sdf.slac.stanford.edu>
	SlotName: slot_abrought_15721_1_21@sdfrome022.sdf.slac.stanford.edu
...
006 (1969994.000.000) 2023-12-14 02:20:22 Image size of job updated: 69764
	1  -  MemoryUsage of job (MB)
	60  -  ResidentSetSize of job (KB)
...
006 (1969994.000.000) 2023-12-14 02:21:48 Image size of job updated: 2034044
	604  -  MemoryUsage of job (MB)
	617536  -  ResidentSetSize of job (KB)
...
040 (1969994.000.000) 2023-12-14 02:21:48 Started transferring output files
...
040 (1969994.000.000) 2023-12-14 02:21:48 Finished transferring output files
...
005 (1969994.000.000) 2023-12-14 02:21:49 Job terminated.
	(1) Normal termination (return value 0)
		Usr 0 00:00:19, Sys 0 00:00:06  -  Run Remote Usage
		Usr 0 00:00:00, Sys 0 00:00:00  -  Run Local Usage
		Usr 0 00:00:19, Sys 0 00:00:06  -  Total Remote Usage
		Usr 0 00:00:00, Sys 0 00:00:00  -  Total Local Usage
	18806  -  Run Bytes Sent By Job
	0  -  Run Bytes Received By Job
	18806  -  Total Bytes Sent By Job
	0  -  Total Bytes Received By Job
	Partitionable Resources :    Usage  Request Allocated 
	   Cpus                 :                 1         1 
	   Disk (KB)            :       90        2    312194 
	   Memory (MB)          :      604     2048      2048 

	Job terminated of its own accord at 2023-12-14T10:21:48Z with exit-code 0.
...
