000 (1972757.000.000) 2023-12-14 02:17:48 Job submitted from host: <172.24.33.226:11547?addrs=172.24.33.226-11547&alias=sdfrome002.sdf.slac.stanford.edu>
    DAG Node: 0035e1d2-2362-48d5-8015-3a00b8d4981f_ptcIsr_2023111300362_23
...
040 (1972757.000.000) 2023-12-14 02:28:55 Finished transferring input files
...
001 (1972757.000.000) 2023-12-14 02:28:55 Job executing on host: <172.24.48.149:38613?CCBID=172.24.33.225:9618%3faddrs%3d172.24.33.225-9618%26alias%3dsdfrome001.sdf.slac.stanford.edu#6219698&PrivNet=sdfmilan049.sdf.slac.stanford.edu&addrs=172.24.48.149-38613&alias=sdfmilan049.sdf.slac.stanford.edu>
	SlotName: slot_abrought_1727_1_5@sdfmilan049.sdf.slac.stanford.edu
...
006 (1972757.000.000) 2023-12-14 02:29:04 Image size of job updated: 280760
	74  -  MemoryUsage of job (MB)
	75020  -  ResidentSetSize of job (KB)
...
006 (1972757.000.000) 2023-12-14 02:30:07 Image size of job updated: 2175536
	1401  -  MemoryUsage of job (MB)
	1433824  -  ResidentSetSize of job (KB)
...
040 (1972757.000.000) 2023-12-14 02:30:07 Started transferring output files
...
040 (1972757.000.000) 2023-12-14 02:30:07 Finished transferring output files
...
005 (1972757.000.000) 2023-12-14 02:30:07 Job terminated.
	(1) Normal termination (return value 0)
		Usr 0 00:00:17, Sys 0 00:00:01  -  Run Remote Usage
		Usr 0 00:00:00, Sys 0 00:00:00  -  Run Local Usage
		Usr 0 00:00:17, Sys 0 00:00:01  -  Total Remote Usage
		Usr 0 00:00:00, Sys 0 00:00:00  -  Total Local Usage
	19072  -  Run Bytes Sent By Job
	0  -  Run Bytes Received By Job
	19072  -  Total Bytes Sent By Job
	0  -  Total Bytes Received By Job
	Partitionable Resources :    Usage  Request Allocated 
	   Cpus                 :                 1         1 
	   Disk (KB)            :       91        2    312194 
	   Memory (MB)          :     1401     2048      2048 

	Job terminated of its own accord at 2023-12-14T10:30:07Z with exit-code 0.
...
