000 (1971125.000.000) 2023-12-14 02:17:30 Job submitted from host: <172.24.33.226:11547?addrs=172.24.33.226-11547&alias=sdfrome002.sdf.slac.stanford.edu>
    DAG Node: f547412b-398a-47a7-8eab-61fc44203de0_ptcIsr_2023111202516_23
...
040 (1971125.000.000) 2023-12-14 02:24:05 Finished transferring input files
...
001 (1971125.000.000) 2023-12-14 02:24:05 Job executing on host: <172.24.33.124:39661?CCBID=172.24.33.225:9618%3faddrs%3d172.24.33.225-9618%26alias%3dsdfrome001.sdf.slac.stanford.edu#6220018&PrivNet=sdfrome059.sdf.slac.stanford.edu&addrs=172.24.33.124-39661&alias=sdfrome059.sdf.slac.stanford.edu>
	SlotName: slot_abrought_25802_1_16@sdfrome059.sdf.slac.stanford.edu
...
006 (1971125.000.000) 2023-12-14 02:24:14 Image size of job updated: 264500
	58  -  MemoryUsage of job (MB)
	59208  -  ResidentSetSize of job (KB)
...
006 (1971125.000.000) 2023-12-14 02:24:58 Image size of job updated: 2067120
	1313  -  MemoryUsage of job (MB)
	1344424  -  ResidentSetSize of job (KB)
...
040 (1971125.000.000) 2023-12-14 02:24:58 Started transferring output files
...
040 (1971125.000.000) 2023-12-14 02:24:58 Finished transferring output files
...
005 (1971125.000.000) 2023-12-14 02:24:59 Job terminated.
	(1) Normal termination (return value 0)
		Usr 0 00:00:17, Sys 0 00:00:03  -  Run Remote Usage
		Usr 0 00:00:00, Sys 0 00:00:00  -  Run Local Usage
		Usr 0 00:00:17, Sys 0 00:00:03  -  Total Remote Usage
		Usr 0 00:00:00, Sys 0 00:00:00  -  Total Local Usage
	18803  -  Run Bytes Sent By Job
	0  -  Run Bytes Received By Job
	18803  -  Total Bytes Sent By Job
	0  -  Total Bytes Received By Job
	Partitionable Resources :    Usage  Request Allocated 
	   Cpus                 :        0        1         1 
	   Disk (KB)            :       97        2    312194 
	   Memory (MB)          :     1313     2048      2048 

	Job terminated of its own accord at 2023-12-14T10:24:58Z with exit-code 0.
...
