000 (1971038.000.000) 2023-12-14 02:17:29 Job submitted from host: <172.24.33.226:11547?addrs=172.24.33.226-11547&alias=sdfrome002.sdf.slac.stanford.edu>
    DAG Node: d2dc2628-fe96-4a2f-9791-3c3b908b79aa_ptcIsr_2023111201974_23
...
040 (1971038.000.000) 2023-12-14 02:23:51 Finished transferring input files
...
001 (1971038.000.000) 2023-12-14 02:23:51 Job executing on host: <172.24.33.124:39697?CCBID=172.24.33.225:9618%3faddrs%3d172.24.33.225-9618%26alias%3dsdfrome001.sdf.slac.stanford.edu#6220015&PrivNet=sdfrome059.sdf.slac.stanford.edu&addrs=172.24.33.124-39697&alias=sdfrome059.sdf.slac.stanford.edu>
	SlotName: slot_abrought_7836_1_19@sdfrome059.sdf.slac.stanford.edu
...
006 (1971038.000.000) 2023-12-14 02:24:00 Image size of job updated: 30332
	15  -  MemoryUsage of job (MB)
	14376  -  ResidentSetSize of job (KB)
...
006 (1971038.000.000) 2023-12-14 02:24:48 Image size of job updated: 2176716
	632  -  MemoryUsage of job (MB)
	646736  -  ResidentSetSize of job (KB)
...
040 (1971038.000.000) 2023-12-14 02:24:48 Started transferring output files
...
040 (1971038.000.000) 2023-12-14 02:24:48 Finished transferring output files
...
005 (1971038.000.000) 2023-12-14 02:24:48 Job terminated.
	(1) Normal termination (return value 0)
		Usr 0 00:00:21, Sys 0 00:00:04  -  Run Remote Usage
		Usr 0 00:00:00, Sys 0 00:00:00  -  Run Local Usage
		Usr 0 00:00:21, Sys 0 00:00:04  -  Total Remote Usage
		Usr 0 00:00:00, Sys 0 00:00:00  -  Total Local Usage
	19074  -  Run Bytes Sent By Job
	0  -  Run Bytes Received By Job
	19074  -  Total Bytes Sent By Job
	0  -  Total Bytes Received By Job
	Partitionable Resources :    Usage  Request Allocated 
	   Cpus                 :     0.33        1         1 
	   Disk (KB)            :    97           2    312194 
	   Memory (MB)          :   632        2048      2048 

	Job terminated of its own accord at 2023-12-14T10:24:48Z with exit-code 0.
...
