000 (1972949.000.000) 2023-12-14 02:17:50 Job submitted from host: <172.24.33.226:11547?addrs=172.24.33.226-11547&alias=sdfrome002.sdf.slac.stanford.edu>
    DAG Node: 8d110610-26d4-4035-bb49-8e0df7a2d4ca_ptcIsr_2023111101789_23
...
040 (1972949.000.000) 2023-12-14 02:29:26 Finished transferring input files
...
001 (1972949.000.000) 2023-12-14 02:29:26 Job executing on host: <172.24.33.147:42953?CCBID=172.24.33.225:9618%3faddrs%3d172.24.33.225-9618%26alias%3dsdfrome001.sdf.slac.stanford.edu#6219703&PrivNet=sdfrome082.sdf.slac.stanford.edu&addrs=172.24.33.147-42953&alias=sdfrome082.sdf.slac.stanford.edu>
	SlotName: slot_abrought_48_1_7@sdfrome082.sdf.slac.stanford.edu
...
006 (1972949.000.000) 2023-12-14 02:29:36 Image size of job updated: 318284
	108  -  MemoryUsage of job (MB)
	110448  -  ResidentSetSize of job (KB)
...
006 (1972949.000.000) 2023-12-14 02:30:16 Image size of job updated: 2239632
	108  -  MemoryUsage of job (MB)
	110448  -  ResidentSetSize of job (KB)
...
040 (1972949.000.000) 2023-12-14 02:30:16 Started transferring output files
...
040 (1972949.000.000) 2023-12-14 02:30:16 Finished transferring output files
...
005 (1972949.000.000) 2023-12-14 02:30:16 Job terminated.
	(1) Normal termination (return value 0)
		Usr 0 00:00:21, Sys 0 00:00:03  -  Run Remote Usage
		Usr 0 00:00:00, Sys 0 00:00:00  -  Run Local Usage
		Usr 0 00:00:21, Sys 0 00:00:03  -  Total Remote Usage
		Usr 0 00:00:00, Sys 0 00:00:00  -  Total Local Usage
	18803  -  Run Bytes Sent By Job
	0  -  Run Bytes Received By Job
	18803  -  Total Bytes Sent By Job
	0  -  Total Bytes Received By Job
	Partitionable Resources :    Usage  Request Allocated 
	   Cpus                 :                 1         1 
	   Disk (KB)            :       90        2    312116 
	   Memory (MB)          :      108     2048      2048 

	Job terminated of its own accord at 2023-12-14T10:30:16Z with exit-code 0.
...
