000 (1971270.000.000) 2023-12-14 02:17:31 Job submitted from host: <172.24.33.226:11547?addrs=172.24.33.226-11547&alias=sdfrome002.sdf.slac.stanford.edu>
    DAG Node: 05b2999e-783c-41d1-a8cb-a907b1b43559_ptcIsr_2023111203623_23
...
040 (1971270.000.000) 2023-12-14 02:24:35 Finished transferring input files
...
001 (1971270.000.000) 2023-12-14 02:24:35 Job executing on host: <172.24.33.143:37205?CCBID=172.24.33.225:9618%3faddrs%3d172.24.33.225-9618%26alias%3dsdfrome001.sdf.slac.stanford.edu#6220499&PrivNet=sdfrome078.sdf.slac.stanford.edu&addrs=172.24.33.143-37205&alias=sdfrome078.sdf.slac.stanford.edu>
	SlotName: slot_abrought_7348_1_3@sdfrome078.sdf.slac.stanford.edu
...
006 (1971270.000.000) 2023-12-14 02:24:44 Image size of job updated: 279732
	73  -  MemoryUsage of job (MB)
	74268  -  ResidentSetSize of job (KB)
...
006 (1971270.000.000) 2023-12-14 02:25:39 Image size of job updated: 2130104
	710  -  MemoryUsage of job (MB)
	726104  -  ResidentSetSize of job (KB)
...
040 (1971270.000.000) 2023-12-14 02:25:39 Started transferring output files
...
040 (1971270.000.000) 2023-12-14 02:25:39 Finished transferring output files
...
005 (1971270.000.000) 2023-12-14 02:25:39 Job terminated.
	(1) Normal termination (return value 0)
		Usr 0 00:00:21, Sys 0 00:00:03  -  Run Remote Usage
		Usr 0 00:00:00, Sys 0 00:00:00  -  Run Local Usage
		Usr 0 00:00:21, Sys 0 00:00:03  -  Total Remote Usage
		Usr 0 00:00:00, Sys 0 00:00:00  -  Total Local Usage
	18805  -  Run Bytes Sent By Job
	0  -  Run Bytes Received By Job
	18805  -  Total Bytes Sent By Job
	0  -  Total Bytes Received By Job
	Partitionable Resources :    Usage  Request Allocated 
	   Cpus                 :                 1         1 
	   Disk (KB)            :       90        2    312194 
	   Memory (MB)          :      710     2048      2048 

	Job terminated of its own accord at 2023-12-14T10:25:38Z with exit-code 0.
...
