000 (1972930.000.000) 2023-12-14 02:17:50 Job submitted from host: <172.24.33.226:11547?addrs=172.24.33.226-11547&alias=sdfrome002.sdf.slac.stanford.edu>
    DAG Node: 09484f69-a0c2-40dd-9ae2-430ebc28807a_ptcIsr_2023111200339_23
...
040 (1972930.000.000) 2023-12-14 02:29:24 Finished transferring input files
...
001 (1972930.000.000) 2023-12-14 02:29:24 Job executing on host: <172.24.33.124:39697?CCBID=172.24.33.225:9618%3faddrs%3d172.24.33.225-9618%26alias%3dsdfrome001.sdf.slac.stanford.edu#6220015&PrivNet=sdfrome059.sdf.slac.stanford.edu&addrs=172.24.33.124-39697&alias=sdfrome059.sdf.slac.stanford.edu>
	SlotName: slot_abrought_7836_1_15@sdfrome059.sdf.slac.stanford.edu
...
006 (1972930.000.000) 2023-12-14 02:29:33 Image size of job updated: 307452
	98  -  MemoryUsage of job (MB)
	99620  -  ResidentSetSize of job (KB)
...
006 (1972930.000.000) 2023-12-14 02:30:19 Image size of job updated: 2088196
	613  -  MemoryUsage of job (MB)
	626708  -  ResidentSetSize of job (KB)
...
040 (1972930.000.000) 2023-12-14 02:30:19 Started transferring output files
...
040 (1972930.000.000) 2023-12-14 02:30:19 Finished transferring output files
...
005 (1972930.000.000) 2023-12-14 02:30:19 Job terminated.
	(1) Normal termination (return value 0)
		Usr 0 00:00:21, Sys 0 00:00:04  -  Run Remote Usage
		Usr 0 00:00:00, Sys 0 00:00:00  -  Run Local Usage
		Usr 0 00:00:21, Sys 0 00:00:04  -  Total Remote Usage
		Usr 0 00:00:00, Sys 0 00:00:00  -  Total Local Usage
	19073  -  Run Bytes Sent By Job
	0  -  Run Bytes Received By Job
	19073  -  Total Bytes Sent By Job
	0  -  Total Bytes Received By Job
	Partitionable Resources :    Usage  Request Allocated 
	   Cpus                 :                 1         1 
	   Disk (KB)            :       91        2    312194 
	   Memory (MB)          :      613     2048      2048 

	Job terminated of its own accord at 2023-12-14T10:30:19Z with exit-code 0.
...
