000 (1971381.000.000) 2023-12-14 02:17:31 Job submitted from host: <172.24.33.226:11547?addrs=172.24.33.226-11547&alias=sdfrome002.sdf.slac.stanford.edu>
    DAG Node: 16ccdfdb-e733-4e88-b7c5-ec9f3e193f0f_ptcIsr_2023111101188_23
...
040 (1971381.000.000) 2023-12-14 02:24:53 Finished transferring input files
...
001 (1971381.000.000) 2023-12-14 02:24:53 Job executing on host: <172.24.48.193:46283?CCBID=172.24.33.225:9618%3faddrs%3d172.24.33.225-9618%26alias%3dsdfrome001.sdf.slac.stanford.edu#6219697&PrivNet=sdfmilan121.sdf.slac.stanford.edu&addrs=172.24.48.193-46283&alias=sdfmilan121.sdf.slac.stanford.edu>
	SlotName: slot_abrought_10210_1_3@sdfmilan121.sdf.slac.stanford.edu
...
006 (1971381.000.000) 2023-12-14 02:25:02 Image size of job updated: 327600
	115  -  MemoryUsage of job (MB)
	117012  -  ResidentSetSize of job (KB)
...
006 (1971381.000.000) 2023-12-14 02:25:53 Image size of job updated: 2077544
	1294  -  MemoryUsage of job (MB)
	1325000  -  ResidentSetSize of job (KB)
...
040 (1971381.000.000) 2023-12-14 02:25:53 Started transferring output files
...
040 (1971381.000.000) 2023-12-14 02:25:53 Finished transferring output files
...
005 (1971381.000.000) 2023-12-14 02:25:53 Job terminated.
	(1) Normal termination (return value 0)
		Usr 0 00:00:23, Sys 0 00:00:03  -  Run Remote Usage
		Usr 0 00:00:00, Sys 0 00:00:00  -  Run Local Usage
		Usr 0 00:00:23, Sys 0 00:00:03  -  Total Remote Usage
		Usr 0 00:00:00, Sys 0 00:00:00  -  Total Local Usage
	18533  -  Run Bytes Sent By Job
	0  -  Run Bytes Received By Job
	18533  -  Total Bytes Sent By Job
	0  -  Total Bytes Received By Job
	Partitionable Resources :    Usage  Request Allocated 
	   Cpus                 :                 1         1 
	   Disk (KB)            :       90        2    311595 
	   Memory (MB)          :     1294     2048      2048 

	Job terminated of its own accord at 2023-12-14T10:25:53Z with exit-code 0.
...
