000 (1971846.000.000) 2023-12-14 02:17:37 Job submitted from host: <172.24.33.226:11547?addrs=172.24.33.226-11547&alias=sdfrome002.sdf.slac.stanford.edu>
    DAG Node: 787962b3-c190-4853-8114-c2898622098a_ptcIsr_2023111100979_23
...
040 (1971846.000.000) 2023-12-14 02:26:09 Finished transferring input files
...
001 (1971846.000.000) 2023-12-14 02:26:09 Job executing on host: <172.24.33.124:44469?CCBID=172.24.33.225:9618%3faddrs%3d172.24.33.225-9618%26alias%3dsdfrome001.sdf.slac.stanford.edu#6220017&PrivNet=sdfrome059.sdf.slac.stanford.edu&addrs=172.24.33.124-44469&alias=sdfrome059.sdf.slac.stanford.edu>
	SlotName: slot_abrought_2668_1_13@sdfrome059.sdf.slac.stanford.edu
...
006 (1971846.000.000) 2023-12-14 02:26:17 Image size of job updated: 295220
	87  -  MemoryUsage of job (MB)
	88772  -  ResidentSetSize of job (KB)
...
006 (1971846.000.000) 2023-12-14 02:27:14 Image size of job updated: 2203388
	87  -  MemoryUsage of job (MB)
	88772  -  ResidentSetSize of job (KB)
...
040 (1971846.000.000) 2023-12-14 02:27:14 Started transferring output files
...
040 (1971846.000.000) 2023-12-14 02:27:14 Finished transferring output files
...
005 (1971846.000.000) 2023-12-14 02:27:14 Job terminated.
	(1) Normal termination (return value 0)
		Usr 0 00:00:23, Sys 0 00:00:04  -  Run Remote Usage
		Usr 0 00:00:00, Sys 0 00:00:00  -  Run Local Usage
		Usr 0 00:00:23, Sys 0 00:00:04  -  Total Remote Usage
		Usr 0 00:00:00, Sys 0 00:00:00  -  Total Local Usage
	18532  -  Run Bytes Sent By Job
	0  -  Run Bytes Received By Job
	18532  -  Total Bytes Sent By Job
	0  -  Total Bytes Received By Job
	Partitionable Resources :    Usage  Request Allocated 
	   Cpus                 :                 1         1 
	   Disk (KB)            :       90        2    312194 
	   Memory (MB)          :       87     2048      2048 

	Job terminated of its own accord at 2023-12-14T10:27:14Z with exit-code 0.
...
