000 (1972553.000.000) 2023-12-14 02:17:46 Job submitted from host: <172.24.33.226:11547?addrs=172.24.33.226-11547&alias=sdfrome002.sdf.slac.stanford.edu>
    DAG Node: 73a16af7-9334-4720-a46a-35107dbb8d37_ptcIsr_2023111202372_23
...
040 (1972553.000.000) 2023-12-14 02:28:17 Finished transferring input files
...
001 (1972553.000.000) 2023-12-14 02:28:17 Job executing on host: <172.24.33.213:41587?CCBID=172.24.33.225:9618%3faddrs%3d172.24.33.225-9618%26alias%3dsdfrome001.sdf.slac.stanford.edu#6220036&PrivNet=sdfrome022.sdf.slac.stanford.edu&addrs=172.24.33.213-41587&alias=sdfrome022.sdf.slac.stanford.edu>
	SlotName: slot_abrought_5117_1_10@sdfrome022.sdf.slac.stanford.edu
...
006 (1972553.000.000) 2023-12-14 02:28:26 Image size of job updated: 6300
	1  -  MemoryUsage of job (MB)
	60  -  ResidentSetSize of job (KB)
...
006 (1972553.000.000) 2023-12-14 02:30:41 Image size of job updated: 2079248
	1295  -  MemoryUsage of job (MB)
	1325368  -  ResidentSetSize of job (KB)
...
040 (1972553.000.000) 2023-12-14 02:30:42 Started transferring output files
...
040 (1972553.000.000) 2023-12-14 02:30:42 Finished transferring output files
...
005 (1972553.000.000) 2023-12-14 02:30:42 Job terminated.
	(1) Normal termination (return value 0)
		Usr 0 00:00:19, Sys 0 00:00:02  -  Run Remote Usage
		Usr 0 00:00:00, Sys 0 00:00:00  -  Run Local Usage
		Usr 0 00:00:19, Sys 0 00:00:02  -  Total Remote Usage
		Usr 0 00:00:00, Sys 0 00:00:00  -  Total Local Usage
	18805  -  Run Bytes Sent By Job
	0  -  Run Bytes Received By Job
	18805  -  Total Bytes Sent By Job
	0  -  Total Bytes Received By Job
	Partitionable Resources :    Usage  Request Allocated 
	   Cpus                 :     0.09        1         1 
	   Disk (KB)            :    97           2    312194 
	   Memory (MB)          :  1295        2048      2048 

	Job terminated of its own accord at 2023-12-14T10:30:41Z with exit-code 0.
...
