000 (1971743.000.000) 2023-12-14 02:17:37 Job submitted from host: <172.24.33.226:11547?addrs=172.24.33.226-11547&alias=sdfrome002.sdf.slac.stanford.edu>
    DAG Node: 16b98800-4654-4d95-b442-fc95e677373d_ptcIsr_2023111101918_23
...
040 (1971743.000.000) 2023-12-14 02:25:50 Finished transferring input files
...
001 (1971743.000.000) 2023-12-14 02:25:50 Job executing on host: <172.24.33.213:41467?CCBID=172.24.33.225:9618%3faddrs%3d172.24.33.225-9618%26alias%3dsdfrome001.sdf.slac.stanford.edu#6220037&PrivNet=sdfrome022.sdf.slac.stanford.edu&addrs=172.24.33.213-41467&alias=sdfrome022.sdf.slac.stanford.edu>
	SlotName: slot_abrought_435_1_8@sdfrome022.sdf.slac.stanford.edu
...
006 (1971743.000.000) 2023-12-14 02:25:59 Image size of job updated: 59028
	30  -  MemoryUsage of job (MB)
	30180  -  ResidentSetSize of job (KB)
...
006 (1971743.000.000) 2023-12-14 02:26:51 Image size of job updated: 2019576
	1278  -  MemoryUsage of job (MB)
	1307920  -  ResidentSetSize of job (KB)
...
040 (1971743.000.000) 2023-12-14 02:26:51 Started transferring output files
...
040 (1971743.000.000) 2023-12-14 02:26:51 Finished transferring output files
...
005 (1971743.000.000) 2023-12-14 02:26:51 Job terminated.
	(1) Normal termination (return value 0)
		Usr 0 00:00:19, Sys 0 00:00:03  -  Run Remote Usage
		Usr 0 00:00:00, Sys 0 00:00:00  -  Run Local Usage
		Usr 0 00:00:19, Sys 0 00:00:03  -  Total Remote Usage
		Usr 0 00:00:00, Sys 0 00:00:00  -  Total Local Usage
	18803  -  Run Bytes Sent By Job
	0  -  Run Bytes Received By Job
	18803  -  Total Bytes Sent By Job
	0  -  Total Bytes Received By Job
	Partitionable Resources :    Usage  Request Allocated 
	   Cpus                 :                 1         1 
	   Disk (KB)            :       90        2    312194 
	   Memory (MB)          :     1278     2048      2048 

	Job terminated of its own accord at 2023-12-14T10:26:51Z with exit-code 0.
...
