000 (1969492.000.000) 2023-12-14 02:17:10 Job submitted from host: <172.24.33.226:11547?addrs=172.24.33.226-11547&alias=sdfrome002.sdf.slac.stanford.edu>
    DAG Node: eff6564f-d509-4927-a718-42e19546d730_ptcIsr_2023110800571_23
...
040 (1969492.000.000) 2023-12-14 02:18:06 Finished transferring input files
...
001 (1969492.000.000) 2023-12-14 02:18:06 Job executing on host: <172.24.48.185:41489?CCBID=172.24.33.225:9618%3faddrs%3d172.24.33.225-9618%26alias%3dsdfrome001.sdf.slac.stanford.edu#6219699&PrivNet=sdfmilan113.sdf.slac.stanford.edu&addrs=172.24.48.185-41489&alias=sdfmilan113.sdf.slac.stanford.edu>
	SlotName: slot_abrought_18623_1_2@sdfmilan113.sdf.slac.stanford.edu
...
006 (1969492.000.000) 2023-12-14 02:18:15 Image size of job updated: 264192
	58  -  MemoryUsage of job (MB)
	59204  -  ResidentSetSize of job (KB)
...
006 (1969492.000.000) 2023-12-14 02:19:08 Image size of job updated: 2135852
	58  -  MemoryUsage of job (MB)
	59204  -  ResidentSetSize of job (KB)
...
040 (1969492.000.000) 2023-12-14 02:19:08 Started transferring output files
...
040 (1969492.000.000) 2023-12-14 02:19:08 Finished transferring output files
...
005 (1969492.000.000) 2023-12-14 02:19:09 Job terminated.
	(1) Normal termination (return value 0)
		Usr 0 00:00:21, Sys 0 00:00:04  -  Run Remote Usage
		Usr 0 00:00:00, Sys 0 00:00:00  -  Run Local Usage
		Usr 0 00:00:21, Sys 0 00:00:04  -  Total Remote Usage
		Usr 0 00:00:00, Sys 0 00:00:00  -  Total Local Usage
	19074  -  Run Bytes Sent By Job
	0  -  Run Bytes Received By Job
	19074  -  Total Bytes Sent By Job
	0  -  Total Bytes Received By Job
	Partitionable Resources :    Usage  Request Allocated 
	   Cpus                 :                 1         1 
	   Disk (KB)            :       91        2    312194 
	   Memory (MB)          :       58     2048      2048 

	Job terminated of its own accord at 2023-12-14T10:19:08Z with exit-code 0.
...
