000 (1971739.000.000) 2023-12-14 02:17:37 Job submitted from host: <172.24.33.226:11547?addrs=172.24.33.226-11547&alias=sdfrome002.sdf.slac.stanford.edu>
    DAG Node: 239d56dc-c8a4-4061-9f34-ebf52de650d1_ptcIsr_2023111100847_23
...
040 (1971739.000.000) 2023-12-14 02:25:50 Finished transferring input files
...
001 (1971739.000.000) 2023-12-14 02:25:50 Job executing on host: <172.24.33.124:39697?CCBID=172.24.33.225:9618%3faddrs%3d172.24.33.225-9618%26alias%3dsdfrome001.sdf.slac.stanford.edu#6220015&PrivNet=sdfrome059.sdf.slac.stanford.edu&addrs=172.24.33.124-39697&alias=sdfrome059.sdf.slac.stanford.edu>
	SlotName: slot_abrought_7836_1_19@sdfrome059.sdf.slac.stanford.edu
...
006 (1971739.000.000) 2023-12-14 02:25:59 Image size of job updated: 30544
	15  -  MemoryUsage of job (MB)
	14560  -  ResidentSetSize of job (KB)
...
006 (1971739.000.000) 2023-12-14 02:26:48 Image size of job updated: 2052888
	613  -  MemoryUsage of job (MB)
	626864  -  ResidentSetSize of job (KB)
...
040 (1971739.000.000) 2023-12-14 02:26:48 Started transferring output files
...
040 (1971739.000.000) 2023-12-14 02:26:48 Finished transferring output files
...
005 (1971739.000.000) 2023-12-14 02:26:48 Job terminated.
	(1) Normal termination (return value 0)
		Usr 0 00:00:22, Sys 0 00:00:05  -  Run Remote Usage
		Usr 0 00:00:00, Sys 0 00:00:00  -  Run Local Usage
		Usr 0 00:00:22, Sys 0 00:00:05  -  Total Remote Usage
		Usr 0 00:00:00, Sys 0 00:00:00  -  Total Local Usage
	19075  -  Run Bytes Sent By Job
	0  -  Run Bytes Received By Job
	19075  -  Total Bytes Sent By Job
	0  -  Total Bytes Received By Job
	Partitionable Resources :    Usage  Request Allocated 
	   Cpus                 :                 1         1 
	   Disk (KB)            :       91        2    312194 
	   Memory (MB)          :      613     2048      2048 

	Job terminated of its own accord at 2023-12-14T10:26:48Z with exit-code 0.
...
