000 (1969681.000.000) 2023-12-14 02:17:11 Job submitted from host: <172.24.33.226:11547?addrs=172.24.33.226-11547&alias=sdfrome002.sdf.slac.stanford.edu>
    DAG Node: a1a93ad5-b77a-468f-b12f-59128fecfbef_ptcIsr_2023111202934_23
...
040 (1969681.000.000) 2023-12-14 02:19:35 Finished transferring input files
...
001 (1969681.000.000) 2023-12-14 02:19:35 Job executing on host: <172.24.33.147:42953?CCBID=172.24.33.225:9618%3faddrs%3d172.24.33.225-9618%26alias%3dsdfrome001.sdf.slac.stanford.edu#6219703&PrivNet=sdfrome082.sdf.slac.stanford.edu&addrs=172.24.33.147-42953&alias=sdfrome082.sdf.slac.stanford.edu>
	SlotName: slot_abrought_48_1_16@sdfrome082.sdf.slac.stanford.edu
...
006 (1969681.000.000) 2023-12-14 02:19:44 Image size of job updated: 346596
	132  -  MemoryUsage of job (MB)
	134716  -  ResidentSetSize of job (KB)
...
006 (1969681.000.000) 2023-12-14 02:20:15 Image size of job updated: 2170848
	1387  -  MemoryUsage of job (MB)
	1419740  -  ResidentSetSize of job (KB)
...
040 (1969681.000.000) 2023-12-14 02:20:15 Started transferring output files
...
040 (1969681.000.000) 2023-12-14 02:20:15 Finished transferring output files
...
005 (1969681.000.000) 2023-12-14 02:20:15 Job terminated.
	(1) Normal termination (return value 0)
		Usr 0 00:00:14, Sys 0 00:00:02  -  Run Remote Usage
		Usr 0 00:00:00, Sys 0 00:00:00  -  Run Local Usage
		Usr 0 00:00:14, Sys 0 00:00:02  -  Total Remote Usage
		Usr 0 00:00:00, Sys 0 00:00:00  -  Total Local Usage
	18975  -  Run Bytes Sent By Job
	0  -  Run Bytes Received By Job
	18975  -  Total Bytes Sent By Job
	0  -  Total Bytes Received By Job
	Partitionable Resources :    Usage  Request Allocated 
	   Cpus                 :                 1         1 
	   Disk (KB)            :       91        2    312116 
	   Memory (MB)          :     1387     2048      2048 

	Job terminated of its own accord at 2023-12-14T10:20:15Z with exit-code 0.
...
