000 (1973414.000.000) 2023-12-14 02:17:57 Job submitted from host: <172.24.33.226:11547?addrs=172.24.33.226-11547&alias=sdfrome002.sdf.slac.stanford.edu>
    DAG Node: 393cc1c6-d3a8-4ef3-81e2-99c4d30a101f_ptcIsr_2023111201688_23
...
040 (1973414.000.000) 2023-12-14 02:30:38 Finished transferring input files
...
001 (1973414.000.000) 2023-12-14 02:30:38 Job executing on host: <172.24.33.213:41467?CCBID=172.24.33.225:9618%3faddrs%3d172.24.33.225-9618%26alias%3dsdfrome001.sdf.slac.stanford.edu#6220037&PrivNet=sdfrome022.sdf.slac.stanford.edu&addrs=172.24.33.213-41467&alias=sdfrome022.sdf.slac.stanford.edu>
	SlotName: slot_abrought_435_1_21@sdfrome022.sdf.slac.stanford.edu
...
006 (1973414.000.000) 2023-12-14 02:30:46 Image size of job updated: 285296
	77  -  MemoryUsage of job (MB)
	78848  -  ResidentSetSize of job (KB)
...
006 (1973414.000.000) 2023-12-14 02:31:32 Image size of job updated: 2144596
	1364  -  MemoryUsage of job (MB)
	1396216  -  ResidentSetSize of job (KB)
...
040 (1973414.000.000) 2023-12-14 02:31:32 Started transferring output files
...
040 (1973414.000.000) 2023-12-14 02:31:32 Finished transferring output files
...
005 (1973414.000.000) 2023-12-14 02:31:32 Job terminated.
	(1) Normal termination (return value 0)
		Usr 0 00:00:25, Sys 0 00:00:04  -  Run Remote Usage
		Usr 0 00:00:00, Sys 0 00:00:00  -  Run Local Usage
		Usr 0 00:00:25, Sys 0 00:00:04  -  Total Remote Usage
		Usr 0 00:00:00, Sys 0 00:00:00  -  Total Local Usage
	18801  -  Run Bytes Sent By Job
	0  -  Run Bytes Received By Job
	18801  -  Total Bytes Sent By Job
	0  -  Total Bytes Received By Job
	Partitionable Resources :    Usage  Request Allocated 
	   Cpus                 :                 1         1 
	   Disk (KB)            :       90        2    312194 
	   Memory (MB)          :     1364     2048      2048 

	Job terminated of its own accord at 2023-12-14T10:31:32Z with exit-code 0.
...
