000 (1970146.000.000) 2023-12-14 02:17:17 Job submitted from host: <172.24.33.226:11547?addrs=172.24.33.226-11547&alias=sdfrome002.sdf.slac.stanford.edu>
    DAG Node: 771816e0-6f28-4433-8ee5-12b1e504c7c4_ptcIsr_2023111300566_23
...
040 (1970146.000.000) 2023-12-14 02:20:54 Finished transferring input files
...
001 (1970146.000.000) 2023-12-14 02:20:54 Job executing on host: <172.24.33.143:42517?CCBID=172.24.33.225:9618%3faddrs%3d172.24.33.225-9618%26alias%3dsdfrome001.sdf.slac.stanford.edu#6220496&PrivNet=sdfrome078.sdf.slac.stanford.edu&addrs=172.24.33.143-42517&alias=sdfrome078.sdf.slac.stanford.edu>
	SlotName: slot_abrought_19079_1_12@sdfrome078.sdf.slac.stanford.edu
...
006 (1970146.000.000) 2023-12-14 02:21:02 Image size of job updated: 69764
	11  -  MemoryUsage of job (MB)
	10552  -  ResidentSetSize of job (KB)
...
006 (1970146.000.000) 2023-12-14 02:21:52 Image size of job updated: 2037248
	11  -  MemoryUsage of job (MB)
	10552  -  ResidentSetSize of job (KB)
...
040 (1970146.000.000) 2023-12-14 02:21:52 Started transferring output files
...
040 (1970146.000.000) 2023-12-14 02:21:52 Finished transferring output files
...
005 (1970146.000.000) 2023-12-14 02:21:52 Job terminated.
	(1) Normal termination (return value 0)
		Usr 0 00:00:23, Sys 0 00:00:08  -  Run Remote Usage
		Usr 0 00:00:00, Sys 0 00:00:00  -  Run Local Usage
		Usr 0 00:00:23, Sys 0 00:00:08  -  Total Remote Usage
		Usr 0 00:00:00, Sys 0 00:00:00  -  Total Local Usage
	18805  -  Run Bytes Sent By Job
	0  -  Run Bytes Received By Job
	18805  -  Total Bytes Sent By Job
	0  -  Total Bytes Received By Job
	Partitionable Resources :    Usage  Request Allocated 
	   Cpus                 :                 1         1 
	   Disk (KB)            :       90        2    312194 
	   Memory (MB)          :       11     2048      2048 

	Job terminated of its own accord at 2023-12-14T10:21:52Z with exit-code 0.
...
