000 (1973106.000.000) 2023-12-14 02:17:53 Job submitted from host: <172.24.33.226:11547?addrs=172.24.33.226-11547&alias=sdfrome002.sdf.slac.stanford.edu>
    DAG Node: a0a55de2-f007-44e7-9ba5-5739473d6779_ptcIsr_2023111202663_23
...
040 (1973106.000.000) 2023-12-14 02:29:51 Finished transferring input files
...
001 (1973106.000.000) 2023-12-14 02:29:51 Job executing on host: <172.24.48.193:46283?CCBID=172.24.33.225:9618%3faddrs%3d172.24.33.225-9618%26alias%3dsdfrome001.sdf.slac.stanford.edu#6219697&PrivNet=sdfmilan121.sdf.slac.stanford.edu&addrs=172.24.48.193-46283&alias=sdfmilan121.sdf.slac.stanford.edu>
	SlotName: slot_abrought_10210_1_16@sdfmilan121.sdf.slac.stanford.edu
...
006 (1973106.000.000) 2023-12-14 02:30:00 Image size of job updated: 6300
	1  -  MemoryUsage of job (MB)
	60  -  ResidentSetSize of job (KB)
...
006 (1973106.000.000) 2023-12-14 02:30:45 Image size of job updated: 2037272
	613  -  MemoryUsage of job (MB)
	627212  -  ResidentSetSize of job (KB)
...
040 (1973106.000.000) 2023-12-14 02:30:45 Started transferring output files
...
040 (1973106.000.000) 2023-12-14 02:30:45 Finished transferring output files
...
005 (1973106.000.000) 2023-12-14 02:30:45 Job terminated.
	(1) Normal termination (return value 0)
		Usr 0 00:00:17, Sys 0 00:00:03  -  Run Remote Usage
		Usr 0 00:00:00, Sys 0 00:00:00  -  Run Local Usage
		Usr 0 00:00:17, Sys 0 00:00:03  -  Total Remote Usage
		Usr 0 00:00:00, Sys 0 00:00:00  -  Total Local Usage
	18975  -  Run Bytes Sent By Job
	0  -  Run Bytes Received By Job
	18975  -  Total Bytes Sent By Job
	0  -  Total Bytes Received By Job
	Partitionable Resources :    Usage  Request Allocated 
	   Cpus                 :                 1         1 
	   Disk (KB)            :       91        2    311595 
	   Memory (MB)          :      613     2048      2048 

	Job terminated of its own accord at 2023-12-14T10:30:45Z with exit-code 0.
...
