000 (1971310.000.000) 2023-12-14 02:17:31 Job submitted from host: <172.24.33.226:11547?addrs=172.24.33.226-11547&alias=sdfrome002.sdf.slac.stanford.edu>
    DAG Node: 0a7441b1-cd1c-4083-ac16-0bec1b5a3fe2_ptcIsr_2023111202879_23
...
040 (1971310.000.000) 2023-12-14 02:24:43 Finished transferring input files
...
001 (1971310.000.000) 2023-12-14 02:24:43 Job executing on host: <172.24.33.143:35625?CCBID=172.24.33.225:9618%3faddrs%3d172.24.33.225-9618%26alias%3dsdfrome001.sdf.slac.stanford.edu#6220497&PrivNet=sdfrome078.sdf.slac.stanford.edu&addrs=172.24.33.143-35625&alias=sdfrome078.sdf.slac.stanford.edu>
	SlotName: slot_abrought_7235_1_14@sdfrome078.sdf.slac.stanford.edu
...
006 (1971310.000.000) 2023-12-14 02:24:52 Image size of job updated: 30252
	15  -  MemoryUsage of job (MB)
	14532  -  ResidentSetSize of job (KB)
...
006 (1971310.000.000) 2023-12-14 02:29:32 Image size of job updated: 2156056
	620  -  MemoryUsage of job (MB)
	634500  -  ResidentSetSize of job (KB)
...
040 (1971310.000.000) 2023-12-14 02:29:32 Started transferring output files
...
040 (1971310.000.000) 2023-12-14 02:29:32 Finished transferring output files
...
005 (1971310.000.000) 2023-12-14 02:29:33 Job terminated.
	(1) Normal termination (return value 0)
		Usr 0 00:00:21, Sys 0 00:00:03  -  Run Remote Usage
		Usr 0 00:00:00, Sys 0 00:00:00  -  Run Local Usage
		Usr 0 00:00:21, Sys 0 00:00:03  -  Total Remote Usage
		Usr 0 00:00:00, Sys 0 00:00:00  -  Total Local Usage
	18533  -  Run Bytes Sent By Job
	0  -  Run Bytes Received By Job
	18533  -  Total Bytes Sent By Job
	0  -  Total Bytes Received By Job
	Partitionable Resources :    Usage  Request Allocated 
	   Cpus                 :     0.08        1         1 
	   Disk (KB)            :    97           2    312194 
	   Memory (MB)          :   620        2048      2048 

	Job terminated of its own accord at 2023-12-14T10:29:32Z with exit-code 0.
...
