000 (1970203.000.000) 2023-12-14 02:17:18 Job submitted from host: <172.24.33.226:11547?addrs=172.24.33.226-11547&alias=sdfrome002.sdf.slac.stanford.edu>
    DAG Node: e33f0af3-d044-46ce-96c5-62032f3f6b0a_ptcIsr_2023111300023_23
...
040 (1970203.000.000) 2023-12-14 02:21:11 Finished transferring input files
...
001 (1970203.000.000) 2023-12-14 02:21:11 Job executing on host: <172.24.48.185:41489?CCBID=172.24.33.225:9618%3faddrs%3d172.24.33.225-9618%26alias%3dsdfrome001.sdf.slac.stanford.edu#6219699&PrivNet=sdfmilan113.sdf.slac.stanford.edu&addrs=172.24.48.185-41489&alias=sdfmilan113.sdf.slac.stanford.edu>
	SlotName: slot_abrought_18623_1_8@sdfmilan113.sdf.slac.stanford.edu
...
006 (1970203.000.000) 2023-12-14 02:21:20 Image size of job updated: 330624
	118  -  MemoryUsage of job (MB)
	120096  -  ResidentSetSize of job (KB)
...
006 (1970203.000.000) 2023-12-14 02:22:15 Image size of job updated: 2167588
	636  -  MemoryUsage of job (MB)
	650628  -  ResidentSetSize of job (KB)
...
040 (1970203.000.000) 2023-12-14 02:22:15 Started transferring output files
...
040 (1970203.000.000) 2023-12-14 02:22:15 Finished transferring output files
...
005 (1970203.000.000) 2023-12-14 02:22:15 Job terminated.
	(1) Normal termination (return value 0)
		Usr 0 00:00:21, Sys 0 00:00:03  -  Run Remote Usage
		Usr 0 00:00:00, Sys 0 00:00:00  -  Run Local Usage
		Usr 0 00:00:21, Sys 0 00:00:03  -  Total Remote Usage
		Usr 0 00:00:00, Sys 0 00:00:00  -  Total Local Usage
	19072  -  Run Bytes Sent By Job
	0  -  Run Bytes Received By Job
	19072  -  Total Bytes Sent By Job
	0  -  Total Bytes Received By Job
	Partitionable Resources :    Usage  Request Allocated 
	   Cpus                 :     0.17        1         1 
	   Disk (KB)            :    97           2    312194 
	   Memory (MB)          :   636        2048      2048 

	Job terminated of its own accord at 2023-12-14T10:22:15Z with exit-code 0.
...
