000 (1970386.000.000) 2023-12-14 02:17:19 Job submitted from host: <172.24.33.226:11547?addrs=172.24.33.226-11547&alias=sdfrome002.sdf.slac.stanford.edu>
    DAG Node: 4150017a-9199-4c09-86e5-65f019ec7951_ptcIsr_2023111101762_23
...
040 (1970386.000.000) 2023-12-14 02:21:42 Finished transferring input files
...
001 (1970386.000.000) 2023-12-14 02:21:42 Job executing on host: <172.24.33.147:42953?CCBID=172.24.33.225:9618%3faddrs%3d172.24.33.225-9618%26alias%3dsdfrome001.sdf.slac.stanford.edu#6219703&PrivNet=sdfrome082.sdf.slac.stanford.edu&addrs=172.24.33.147-42953&alias=sdfrome082.sdf.slac.stanford.edu>
	SlotName: slot_abrought_48_1_13@sdfrome082.sdf.slac.stanford.edu
...
006 (1970386.000.000) 2023-12-14 02:21:51 Image size of job updated: 349920
	136  -  MemoryUsage of job (MB)
	138768  -  ResidentSetSize of job (KB)
...
006 (1970386.000.000) 2023-12-14 02:22:30 Image size of job updated: 2154332
	663  -  MemoryUsage of job (MB)
	678400  -  ResidentSetSize of job (KB)
...
040 (1970386.000.000) 2023-12-14 02:22:30 Started transferring output files
...
040 (1970386.000.000) 2023-12-14 02:22:30 Finished transferring output files
...
005 (1970386.000.000) 2023-12-14 02:22:30 Job terminated.
	(1) Normal termination (return value 0)
		Usr 0 00:00:22, Sys 0 00:00:03  -  Run Remote Usage
		Usr 0 00:00:00, Sys 0 00:00:00  -  Run Local Usage
		Usr 0 00:00:22, Sys 0 00:00:03  -  Total Remote Usage
		Usr 0 00:00:00, Sys 0 00:00:00  -  Total Local Usage
	19075  -  Run Bytes Sent By Job
	0  -  Run Bytes Received By Job
	19075  -  Total Bytes Sent By Job
	0  -  Total Bytes Received By Job
	Partitionable Resources :    Usage  Request Allocated 
	   Cpus                 :                 1         1 
	   Disk (KB)            :       91        2    312116 
	   Memory (MB)          :      663     2048      2048 

	Job terminated of its own accord at 2023-12-14T10:22:30Z with exit-code 0.
...
