000 (1971574.000.000) 2023-12-14 02:17:35 Job submitted from host: <172.24.33.226:11547?addrs=172.24.33.226-11547&alias=sdfrome002.sdf.slac.stanford.edu>
    DAG Node: 3bf6d213-252d-4b87-8dc8-72cd0aeb7055_ptcIsr_2023111202330_23
...
040 (1971574.000.000) 2023-12-14 02:25:25 Finished transferring input files
...
001 (1971574.000.000) 2023-12-14 02:25:25 Job executing on host: <172.24.33.147:42953?CCBID=172.24.33.225:9618%3faddrs%3d172.24.33.225-9618%26alias%3dsdfrome001.sdf.slac.stanford.edu#6219703&PrivNet=sdfrome082.sdf.slac.stanford.edu&addrs=172.24.33.147-42953&alias=sdfrome082.sdf.slac.stanford.edu>
	SlotName: slot_abrought_48_1_8@sdfrome082.sdf.slac.stanford.edu
...
006 (1971574.000.000) 2023-12-14 02:25:33 Image size of job updated: 330572
	117  -  MemoryUsage of job (MB)
	119436  -  ResidentSetSize of job (KB)
...
006 (1971574.000.000) 2023-12-14 02:26:17 Image size of job updated: 2094508
	117  -  MemoryUsage of job (MB)
	119436  -  ResidentSetSize of job (KB)
...
040 (1971574.000.000) 2023-12-14 02:26:17 Started transferring output files
...
040 (1971574.000.000) 2023-12-14 02:26:17 Finished transferring output files
...
005 (1971574.000.000) 2023-12-14 02:26:17 Job terminated.
	(1) Normal termination (return value 0)
		Usr 0 00:00:21, Sys 0 00:00:03  -  Run Remote Usage
		Usr 0 00:00:00, Sys 0 00:00:00  -  Run Local Usage
		Usr 0 00:00:21, Sys 0 00:00:03  -  Total Remote Usage
		Usr 0 00:00:00, Sys 0 00:00:00  -  Total Local Usage
	18803  -  Run Bytes Sent By Job
	0  -  Run Bytes Received By Job
	18803  -  Total Bytes Sent By Job
	0  -  Total Bytes Received By Job
	Partitionable Resources :    Usage  Request Allocated 
	   Cpus                 :                 1         1 
	   Disk (KB)            :       90        2    312116 
	   Memory (MB)          :      117     2048      2048 

	Job terminated of its own accord at 2023-12-14T10:26:17Z with exit-code 0.
...
