000 (1972352.000.000) 2023-12-14 02:17:43 Job submitted from host: <172.24.33.226:11547?addrs=172.24.33.226-11547&alias=sdfrome002.sdf.slac.stanford.edu>
    DAG Node: 909fc21a-9954-4ae6-b394-4bf47c4745f2_ptcIsr_2023111101497_23
...
040 (1972352.000.000) 2023-12-14 02:27:39 Finished transferring input files
...
001 (1972352.000.000) 2023-12-14 02:27:40 Job executing on host: <172.24.33.213:41467?CCBID=172.24.33.225:9618%3faddrs%3d172.24.33.225-9618%26alias%3dsdfrome001.sdf.slac.stanford.edu#6220037&PrivNet=sdfrome022.sdf.slac.stanford.edu&addrs=172.24.33.213-41467&alias=sdfrome022.sdf.slac.stanford.edu>
	SlotName: slot_abrought_435_1_15@sdfrome022.sdf.slac.stanford.edu
...
006 (1972352.000.000) 2023-12-14 02:27:48 Image size of job updated: 260816
	55  -  MemoryUsage of job (MB)
	55964  -  ResidentSetSize of job (KB)
...
006 (1972352.000.000) 2023-12-14 02:28:35 Image size of job updated: 2144644
	624  -  MemoryUsage of job (MB)
	638816  -  ResidentSetSize of job (KB)
...
040 (1972352.000.000) 2023-12-14 02:28:35 Started transferring output files
...
040 (1972352.000.000) 2023-12-14 02:28:35 Finished transferring output files
...
005 (1972352.000.000) 2023-12-14 02:28:35 Job terminated.
	(1) Normal termination (return value 0)
		Usr 0 00:00:21, Sys 0 00:00:03  -  Run Remote Usage
		Usr 0 00:00:00, Sys 0 00:00:00  -  Run Local Usage
		Usr 0 00:00:21, Sys 0 00:00:03  -  Total Remote Usage
		Usr 0 00:00:00, Sys 0 00:00:00  -  Total Local Usage
	18803  -  Run Bytes Sent By Job
	0  -  Run Bytes Received By Job
	18803  -  Total Bytes Sent By Job
	0  -  Total Bytes Received By Job
	Partitionable Resources :    Usage  Request Allocated 
	   Cpus                 :                 1         1 
	   Disk (KB)            :       90        2    312194 
	   Memory (MB)          :      624     2048      2048 

	Job terminated of its own accord at 2023-12-14T10:28:35Z with exit-code 0.
...
