000 (1969780.000.000) 2023-12-14 02:17:12 Job submitted from host: <172.24.33.226:11547?addrs=172.24.33.226-11547&alias=sdfrome002.sdf.slac.stanford.edu>
    DAG Node: 3dab570f-26ea-4b12-9ffe-67233835103a_ptcIsr_2023111203567_23
...
040 (1969780.000.000) 2023-12-14 02:20:09 Finished transferring input files
...
001 (1969780.000.000) 2023-12-14 02:20:09 Job executing on host: <172.24.33.213:43829?CCBID=172.24.33.225:9618%3faddrs%3d172.24.33.225-9618%26alias%3dsdfrome001.sdf.slac.stanford.edu#6220038&PrivNet=sdfrome022.sdf.slac.stanford.edu&addrs=172.24.33.213-43829&alias=sdfrome022.sdf.slac.stanford.edu>
	SlotName: slot_abrought_31850_1_4@sdfrome022.sdf.slac.stanford.edu
...
006 (1969780.000.000) 2023-12-14 02:20:18 Image size of job updated: 290804
	83  -  MemoryUsage of job (MB)
	84348  -  ResidentSetSize of job (KB)
...
006 (1969780.000.000) 2023-12-14 02:21:25 Image size of job updated: 2165152
	83  -  MemoryUsage of job (MB)
	84348  -  ResidentSetSize of job (KB)
...
040 (1969780.000.000) 2023-12-14 02:21:25 Started transferring output files
...
040 (1969780.000.000) 2023-12-14 02:21:25 Finished transferring output files
...
005 (1969780.000.000) 2023-12-14 02:21:27 Job terminated.
	(1) Normal termination (return value 0)
		Usr 0 00:00:29, Sys 0 00:00:12  -  Run Remote Usage
		Usr 0 00:00:00, Sys 0 00:00:00  -  Run Local Usage
		Usr 0 00:00:29, Sys 0 00:00:12  -  Total Remote Usage
		Usr 0 00:00:00, Sys 0 00:00:00  -  Total Local Usage
	19073  -  Run Bytes Sent By Job
	0  -  Run Bytes Received By Job
	19073  -  Total Bytes Sent By Job
	0  -  Total Bytes Received By Job
	Partitionable Resources :    Usage  Request Allocated 
	   Cpus                 :                 1         1 
	   Disk (KB)            :       90        2    312194 
	   Memory (MB)          :       83     2048      2048 

	Job terminated of its own accord at 2023-12-14T10:21:25Z with exit-code 0.
...
