000 (1973139.000.000) 2023-12-14 02:17:53 Job submitted from host: <172.24.33.226:11547?addrs=172.24.33.226-11547&alias=sdfrome002.sdf.slac.stanford.edu>
    DAG Node: 92ef4f2e-87fb-4d9b-925c-4c1e043b8243_ptcIsr_2023111202723_23
...
040 (1973139.000.000) 2023-12-14 02:29:57 Finished transferring input files
...
001 (1973139.000.000) 2023-12-14 02:29:57 Job executing on host: <172.24.33.143:37205?CCBID=172.24.33.225:9618%3faddrs%3d172.24.33.225-9618%26alias%3dsdfrome001.sdf.slac.stanford.edu#6220499&PrivNet=sdfrome078.sdf.slac.stanford.edu&addrs=172.24.33.143-37205&alias=sdfrome078.sdf.slac.stanford.edu>
	SlotName: slot_abrought_7348_1_2@sdfrome078.sdf.slac.stanford.edu
...
006 (1973139.000.000) 2023-12-14 02:30:05 Image size of job updated: 280760
	74  -  MemoryUsage of job (MB)
	75036  -  ResidentSetSize of job (KB)
...
006 (1973139.000.000) 2023-12-14 02:30:55 Image size of job updated: 2105112
	1331  -  MemoryUsage of job (MB)
	1362656  -  ResidentSetSize of job (KB)
...
040 (1973139.000.000) 2023-12-14 02:30:55 Started transferring output files
...
040 (1973139.000.000) 2023-12-14 02:30:55 Finished transferring output files
...
005 (1973139.000.000) 2023-12-14 02:30:55 Job terminated.
	(1) Normal termination (return value 0)
		Usr 0 00:00:17, Sys 0 00:00:02  -  Run Remote Usage
		Usr 0 00:00:00, Sys 0 00:00:00  -  Run Local Usage
		Usr 0 00:00:17, Sys 0 00:00:02  -  Total Remote Usage
		Usr 0 00:00:00, Sys 0 00:00:00  -  Total Local Usage
	18975  -  Run Bytes Sent By Job
	0  -  Run Bytes Received By Job
	18975  -  Total Bytes Sent By Job
	0  -  Total Bytes Received By Job
	Partitionable Resources :    Usage  Request Allocated 
	   Cpus                 :     0.54        1         1 
	   Disk (KB)            :    97           2    312194 
	   Memory (MB)          :  1331        2048      2048 

	Job terminated of its own accord at 2023-12-14T10:30:55Z with exit-code 0.
...
