000 (1972925.000.000) 2023-12-14 02:17:49 Job submitted from host: <172.24.33.226:11547?addrs=172.24.33.226-11547&alias=sdfrome002.sdf.slac.stanford.edu>
    DAG Node: c00cd97f-ce70-4905-832e-5621cd424e2c_ptcIsr_2023111100855_23
...
040 (1972925.000.000) 2023-12-14 02:29:26 Finished transferring input files
...
001 (1972925.000.000) 2023-12-14 02:29:26 Job executing on host: <172.24.33.213:41587?CCBID=172.24.33.225:9618%3faddrs%3d172.24.33.225-9618%26alias%3dsdfrome001.sdf.slac.stanford.edu#6220036&PrivNet=sdfrome022.sdf.slac.stanford.edu&addrs=172.24.33.213-41587&alias=sdfrome022.sdf.slac.stanford.edu>
	SlotName: slot_abrought_5117_1_16@sdfrome022.sdf.slac.stanford.edu
...
006 (1972925.000.000) 2023-12-14 02:29:35 Image size of job updated: 27348
	11  -  MemoryUsage of job (MB)
	10868  -  ResidentSetSize of job (KB)
...
006 (1972925.000.000) 2023-12-14 02:32:04 Image size of job updated: 2063176
	11  -  MemoryUsage of job (MB)
	10868  -  ResidentSetSize of job (KB)
...
040 (1972925.000.000) 2023-12-14 02:32:05 Started transferring output files
...
040 (1972925.000.000) 2023-12-14 02:32:05 Finished transferring output files
...
005 (1972925.000.000) 2023-12-14 02:32:05 Job terminated.
	(1) Normal termination (return value 0)
		Usr 0 00:00:19, Sys 0 00:00:02  -  Run Remote Usage
		Usr 0 00:00:00, Sys 0 00:00:00  -  Run Local Usage
		Usr 0 00:00:19, Sys 0 00:00:02  -  Total Remote Usage
		Usr 0 00:00:00, Sys 0 00:00:00  -  Total Local Usage
	18803  -  Run Bytes Sent By Job
	0  -  Run Bytes Received By Job
	18803  -  Total Bytes Sent By Job
	0  -  Total Bytes Received By Job
	Partitionable Resources :    Usage  Request Allocated 
	   Cpus                 :                 1         1 
	   Disk (KB)            :       90        2    312194 
	   Memory (MB)          :       11     2048      2048 

	Job terminated of its own accord at 2023-12-14T10:32:04Z with exit-code 0.
...
