000 (1972190.000.000) 2023-12-14 02:17:42 Job submitted from host: <172.24.33.226:11547?addrs=172.24.33.226-11547&alias=sdfrome002.sdf.slac.stanford.edu>
    DAG Node: b8c89871-43b6-45ab-9df1-de585f43782c_ptcIsr_2023111203041_23
...
040 (1972190.000.000) 2023-12-14 02:27:07 Finished transferring input files
...
001 (1972190.000.000) 2023-12-14 02:27:07 Job executing on host: <172.24.33.143:37205?CCBID=172.24.33.225:9618%3faddrs%3d172.24.33.225-9618%26alias%3dsdfrome001.sdf.slac.stanford.edu#6220499&PrivNet=sdfrome078.sdf.slac.stanford.edu&addrs=172.24.33.143-37205&alias=sdfrome078.sdf.slac.stanford.edu>
	SlotName: slot_abrought_7348_1_10@sdfrome078.sdf.slac.stanford.edu
...
006 (1972190.000.000) 2023-12-14 02:27:16 Image size of job updated: 321032
	111  -  MemoryUsage of job (MB)
	112824  -  ResidentSetSize of job (KB)
...
006 (1972190.000.000) 2023-12-14 02:28:15 Image size of job updated: 2320996
	1405  -  MemoryUsage of job (MB)
	1438196  -  ResidentSetSize of job (KB)
...
040 (1972190.000.000) 2023-12-14 02:28:15 Started transferring output files
...
040 (1972190.000.000) 2023-12-14 02:28:15 Finished transferring output files
...
005 (1972190.000.000) 2023-12-14 02:28:15 Job terminated.
	(1) Normal termination (return value 0)
		Usr 0 00:00:21, Sys 0 00:00:03  -  Run Remote Usage
		Usr 0 00:00:00, Sys 0 00:00:00  -  Run Local Usage
		Usr 0 00:00:21, Sys 0 00:00:03  -  Total Remote Usage
		Usr 0 00:00:00, Sys 0 00:00:00  -  Total Local Usage
	18803  -  Run Bytes Sent By Job
	0  -  Run Bytes Received By Job
	18803  -  Total Bytes Sent By Job
	0  -  Total Bytes Received By Job
	Partitionable Resources :    Usage  Request Allocated 
	   Cpus                 :                 1         1 
	   Disk (KB)            :       90        2    312194 
	   Memory (MB)          :     1405     2048      2048 

	Job terminated of its own accord at 2023-12-14T10:28:15Z with exit-code 0.
...
