000 (1970344.000.000) 2023-12-14 02:17:18 Job submitted from host: <172.24.33.226:11547?addrs=172.24.33.226-11547&alias=sdfrome002.sdf.slac.stanford.edu>
    DAG Node: 4d01d1e6-0a5a-4410-b376-61495bc1415d_ptcIsr_2023111201184_23
...
040 (1970344.000.000) 2023-12-14 02:21:30 Finished transferring input files
...
001 (1970344.000.000) 2023-12-14 02:21:30 Job executing on host: <172.24.33.124:39697?CCBID=172.24.33.225:9618%3faddrs%3d172.24.33.225-9618%26alias%3dsdfrome001.sdf.slac.stanford.edu#6220015&PrivNet=sdfrome059.sdf.slac.stanford.edu&addrs=172.24.33.124-39697&alias=sdfrome059.sdf.slac.stanford.edu>
	SlotName: slot_abrought_7836_1_23@sdfrome059.sdf.slac.stanford.edu
...
006 (1970344.000.000) 2023-12-14 02:21:39 Image size of job updated: 2
	5  -  MemoryUsage of job (MB)
	5092  -  ResidentSetSize of job (KB)
...
006 (1970344.000.000) 2023-12-14 02:22:35 Image size of job updated: 2000664
	614  -  MemoryUsage of job (MB)
	627728  -  ResidentSetSize of job (KB)
...
040 (1970344.000.000) 2023-12-14 02:22:35 Started transferring output files
...
040 (1970344.000.000) 2023-12-14 02:22:35 Finished transferring output files
...
005 (1970344.000.000) 2023-12-14 02:22:35 Job terminated.
	(1) Normal termination (return value 0)
		Usr 0 00:00:22, Sys 0 00:00:04  -  Run Remote Usage
		Usr 0 00:00:00, Sys 0 00:00:00  -  Run Local Usage
		Usr 0 00:00:22, Sys 0 00:00:04  -  Total Remote Usage
		Usr 0 00:00:00, Sys 0 00:00:00  -  Total Local Usage
	18533  -  Run Bytes Sent By Job
	0  -  Run Bytes Received By Job
	18533  -  Total Bytes Sent By Job
	0  -  Total Bytes Received By Job
	Partitionable Resources :    Usage  Request Allocated 
	   Cpus                 :                 1         1 
	   Disk (KB)            :       90        2    312194 
	   Memory (MB)          :      614     2048      2048 

	Job terminated of its own accord at 2023-12-14T10:22:35Z with exit-code 0.
...
