000 (1969545.000.000) 2023-12-14 02:17:11 Job submitted from host: <172.24.33.226:11547?addrs=172.24.33.226-11547&alias=sdfrome002.sdf.slac.stanford.edu>
    DAG Node: 2505a378-2628-403b-9615-58377934e256_ptcIsr_2023110800505_23
...
040 (1969545.000.000) 2023-12-14 02:18:18 Finished transferring input files
...
001 (1969545.000.000) 2023-12-14 02:18:18 Job executing on host: <172.24.48.149:38613?CCBID=172.24.33.225:9618%3faddrs%3d172.24.33.225-9618%26alias%3dsdfrome001.sdf.slac.stanford.edu#6219698&PrivNet=sdfmilan049.sdf.slac.stanford.edu&addrs=172.24.48.149-38613&alias=sdfmilan049.sdf.slac.stanford.edu>
	SlotName: slot_abrought_1727_1_10@sdfmilan049.sdf.slac.stanford.edu
...
006 (1969545.000.000) 2023-12-14 02:18:27 Image size of job updated: 343748
	130  -  MemoryUsage of job (MB)
	132100  -  ResidentSetSize of job (KB)
...
006 (1969545.000.000) 2023-12-14 02:19:20 Image size of job updated: 2062916
	660  -  MemoryUsage of job (MB)
	675632  -  ResidentSetSize of job (KB)
...
040 (1969545.000.000) 2023-12-14 02:19:20 Started transferring output files
...
040 (1969545.000.000) 2023-12-14 02:19:20 Finished transferring output files
...
005 (1969545.000.000) 2023-12-14 02:19:20 Job terminated.
	(1) Normal termination (return value 0)
		Usr 0 00:00:24, Sys 0 00:00:02  -  Run Remote Usage
		Usr 0 00:00:00, Sys 0 00:00:00  -  Run Local Usage
		Usr 0 00:00:24, Sys 0 00:00:02  -  Total Remote Usage
		Usr 0 00:00:00, Sys 0 00:00:00  -  Total Local Usage
	18532  -  Run Bytes Sent By Job
	0  -  Run Bytes Received By Job
	18532  -  Total Bytes Sent By Job
	0  -  Total Bytes Received By Job
	Partitionable Resources :    Usage  Request Allocated 
	   Cpus                 :                 1         1 
	   Disk (KB)            :       90        2    312194 
	   Memory (MB)          :      660     2048      2048 

	Job terminated of its own accord at 2023-12-14T10:19:20Z with exit-code 0.
...
