000 (1970447.000.000) 2023-12-14 02:17:19 Job submitted from host: <172.24.33.226:11547?addrs=172.24.33.226-11547&alias=sdfrome002.sdf.slac.stanford.edu>
    DAG Node: fb4fe739-53f0-4076-b884-e7a0ad920e97_ptcIsr_2023111201025_23
...
040 (1970447.000.000) 2023-12-14 02:21:56 Finished transferring input files
...
001 (1970447.000.000) 2023-12-14 02:21:56 Job executing on host: <172.24.33.143:42517?CCBID=172.24.33.225:9618%3faddrs%3d172.24.33.225-9618%26alias%3dsdfrome001.sdf.slac.stanford.edu#6220496&PrivNet=sdfrome078.sdf.slac.stanford.edu&addrs=172.24.33.143-42517&alias=sdfrome078.sdf.slac.stanford.edu>
	SlotName: slot_abrought_19079_1_6@sdfrome078.sdf.slac.stanford.edu
...
006 (1970447.000.000) 2023-12-14 02:22:04 Image size of job updated: 412624
	173  -  MemoryUsage of job (MB)
	176500  -  ResidentSetSize of job (KB)
...
006 (1970447.000.000) 2023-12-14 02:22:55 Image size of job updated: 2187476
	173  -  MemoryUsage of job (MB)
	176500  -  ResidentSetSize of job (KB)
...
040 (1970447.000.000) 2023-12-14 02:22:55 Started transferring output files
...
040 (1970447.000.000) 2023-12-14 02:22:55 Finished transferring output files
...
005 (1970447.000.000) 2023-12-14 02:22:55 Job terminated.
	(1) Normal termination (return value 0)
		Usr 0 00:00:34, Sys 0 00:00:05  -  Run Remote Usage
		Usr 0 00:00:00, Sys 0 00:00:00  -  Run Local Usage
		Usr 0 00:00:34, Sys 0 00:00:05  -  Total Remote Usage
		Usr 0 00:00:00, Sys 0 00:00:00  -  Total Local Usage
	19073  -  Run Bytes Sent By Job
	0  -  Run Bytes Received By Job
	19073  -  Total Bytes Sent By Job
	0  -  Total Bytes Received By Job
	Partitionable Resources :    Usage  Request Allocated 
	   Cpus                 :                 1         1 
	   Disk (KB)            :       91        2    312194 
	   Memory (MB)          :      173     2048      2048 

	Job terminated of its own accord at 2023-12-14T10:22:55Z with exit-code 0.
...
