000 (1973413.000.000) 2023-12-14 02:17:57 Job submitted from host: <172.24.33.226:11547?addrs=172.24.33.226-11547&alias=sdfrome002.sdf.slac.stanford.edu>
    DAG Node: 3a1f3b59-59ca-452b-88c5-1c05ed443e5b_ptcIsr_2023111202048_23
...
040 (1973413.000.000) 2023-12-14 02:30:38 Finished transferring input files
...
001 (1973413.000.000) 2023-12-14 02:30:38 Job executing on host: <172.24.48.149:38613?CCBID=172.24.33.225:9618%3faddrs%3d172.24.33.225-9618%26alias%3dsdfrome001.sdf.slac.stanford.edu#6219698&PrivNet=sdfmilan049.sdf.slac.stanford.edu&addrs=172.24.48.149-38613&alias=sdfmilan049.sdf.slac.stanford.edu>
	SlotName: slot_abrought_1727_1_7@sdfmilan049.sdf.slac.stanford.edu
...
006 (1973413.000.000) 2023-12-14 02:30:46 Image size of job updated: 294196
	87  -  MemoryUsage of job (MB)
	88456  -  ResidentSetSize of job (KB)
...
006 (1973413.000.000) 2023-12-14 02:31:34 Image size of job updated: 2072344
	87  -  MemoryUsage of job (MB)
	88456  -  ResidentSetSize of job (KB)
...
040 (1973413.000.000) 2023-12-14 02:31:34 Started transferring output files
...
040 (1973413.000.000) 2023-12-14 02:31:34 Finished transferring output files
...
005 (1973413.000.000) 2023-12-14 02:31:34 Job terminated.
	(1) Normal termination (return value 0)
		Usr 0 00:00:22, Sys 0 00:00:02  -  Run Remote Usage
		Usr 0 00:00:00, Sys 0 00:00:00  -  Run Local Usage
		Usr 0 00:00:22, Sys 0 00:00:02  -  Total Remote Usage
		Usr 0 00:00:00, Sys 0 00:00:00  -  Total Local Usage
	19073  -  Run Bytes Sent By Job
	0  -  Run Bytes Received By Job
	19073  -  Total Bytes Sent By Job
	0  -  Total Bytes Received By Job
	Partitionable Resources :    Usage  Request Allocated 
	   Cpus                 :                 1         1 
	   Disk (KB)            :       91        2    312194 
	   Memory (MB)          :       87     2048      2048 

	Job terminated of its own accord at 2023-12-14T10:31:34Z with exit-code 0.
...
