000 (1971757.000.000) 2023-12-14 02:17:37 Job submitted from host: <172.24.33.226:11547?addrs=172.24.33.226-11547&alias=sdfrome002.sdf.slac.stanford.edu>
    DAG Node: ddf10b00-4c14-4a5a-90b2-f848b3bfb193_ptcIsr_2023111300057_23
...
040 (1971757.000.000) 2023-12-14 02:25:53 Finished transferring input files
...
001 (1971757.000.000) 2023-12-14 02:25:53 Job executing on host: <172.24.33.147:42953?CCBID=172.24.33.225:9618%3faddrs%3d172.24.33.225-9618%26alias%3dsdfrome001.sdf.slac.stanford.edu#6219703&PrivNet=sdfrome082.sdf.slac.stanford.edu&addrs=172.24.33.147-42953&alias=sdfrome082.sdf.slac.stanford.edu>
	SlotName: slot_abrought_48_1_18@sdfrome082.sdf.slac.stanford.edu
...
006 (1971757.000.000) 2023-12-14 02:26:02 Image size of job updated: 327604
	115  -  MemoryUsage of job (MB)
	117024  -  ResidentSetSize of job (KB)
...
006 (1971757.000.000) 2023-12-14 02:26:36 Image size of job updated: 1903472
	115  -  MemoryUsage of job (MB)
	117024  -  ResidentSetSize of job (KB)
...
040 (1971757.000.000) 2023-12-14 02:26:36 Started transferring output files
...
040 (1971757.000.000) 2023-12-14 02:26:36 Finished transferring output files
...
005 (1971757.000.000) 2023-12-14 02:26:37 Job terminated.
	(1) Normal termination (return value 0)
		Usr 0 00:00:16, Sys 0 00:00:03  -  Run Remote Usage
		Usr 0 00:00:00, Sys 0 00:00:00  -  Run Local Usage
		Usr 0 00:00:16, Sys 0 00:00:03  -  Total Remote Usage
		Usr 0 00:00:00, Sys 0 00:00:00  -  Total Local Usage
	18974  -  Run Bytes Sent By Job
	0  -  Run Bytes Received By Job
	18974  -  Total Bytes Sent By Job
	0  -  Total Bytes Received By Job
	Partitionable Resources :    Usage  Request Allocated 
	   Cpus                 :                 1         1 
	   Disk (KB)            :       91        2    312116 
	   Memory (MB)          :      115     2048      2048 

	Job terminated of its own accord at 2023-12-14T10:26:36Z with exit-code 0.
...
