000 (1973057.000.000) 2023-12-14 02:17:52 Job submitted from host: <172.24.33.226:11547?addrs=172.24.33.226-11547&alias=sdfrome002.sdf.slac.stanford.edu>
    DAG Node: 27fd7743-e633-41bb-ab40-7a43b0cb7976_ptcIsr_2023111201679_23
...
040 (1973057.000.000) 2023-12-14 02:29:45 Finished transferring input files
...
001 (1973057.000.000) 2023-12-14 02:29:45 Job executing on host: <172.24.33.143:35625?CCBID=172.24.33.225:9618%3faddrs%3d172.24.33.225-9618%26alias%3dsdfrome001.sdf.slac.stanford.edu#6220497&PrivNet=sdfrome078.sdf.slac.stanford.edu&addrs=172.24.33.143-35625&alias=sdfrome078.sdf.slac.stanford.edu>
	SlotName: slot_abrought_7235_1_13@sdfrome078.sdf.slac.stanford.edu
...
006 (1973057.000.000) 2023-12-14 02:29:54 Image size of job updated: 272692
	67  -  MemoryUsage of job (MB)
	67992  -  ResidentSetSize of job (KB)
...
006 (1973057.000.000) 2023-12-14 02:33:33 Image size of job updated: 2103208
	67  -  MemoryUsage of job (MB)
	67992  -  ResidentSetSize of job (KB)
...
040 (1973057.000.000) 2023-12-14 02:33:34 Started transferring output files
...
040 (1973057.000.000) 2023-12-14 02:33:34 Finished transferring output files
...
005 (1973057.000.000) 2023-12-14 02:33:34 Job terminated.
	(1) Normal termination (return value 0)
		Usr 0 00:00:18, Sys 0 00:00:03  -  Run Remote Usage
		Usr 0 00:00:00, Sys 0 00:00:00  -  Run Local Usage
		Usr 0 00:00:18, Sys 0 00:00:03  -  Total Remote Usage
		Usr 0 00:00:00, Sys 0 00:00:00  -  Total Local Usage
	18805  -  Run Bytes Sent By Job
	0  -  Run Bytes Received By Job
	18805  -  Total Bytes Sent By Job
	0  -  Total Bytes Received By Job
	Partitionable Resources :    Usage  Request Allocated 
	   Cpus                 :     0.07        1         1 
	   Disk (KB)            :    97           2    312194 
	   Memory (MB)          :    67        2048      2048 

	Job terminated of its own accord at 2023-12-14T10:33:33Z with exit-code 0.
...
