000 (1973237.000.000) 2023-12-14 02:17:54 Job submitted from host: <172.24.33.226:11547?addrs=172.24.33.226-11547&alias=sdfrome002.sdf.slac.stanford.edu>
    DAG Node: b43a1a4d-f8b6-4fc3-a9cd-f5795e3b813b_ptcIsr_2023111300090_23
...
040 (1973237.000.000) 2023-12-14 02:30:07 Finished transferring input files
...
001 (1973237.000.000) 2023-12-14 02:30:07 Job executing on host: <172.24.33.124:39661?CCBID=172.24.33.225:9618%3faddrs%3d172.24.33.225-9618%26alias%3dsdfrome001.sdf.slac.stanford.edu#6220018&PrivNet=sdfrome059.sdf.slac.stanford.edu&addrs=172.24.33.124-39661&alias=sdfrome059.sdf.slac.stanford.edu>
	SlotName: slot_abrought_25802_1_13@sdfrome059.sdf.slac.stanford.edu
...
006 (1973237.000.000) 2023-12-14 02:30:16 Image size of job updated: 301928
	92  -  MemoryUsage of job (MB)
	93876  -  ResidentSetSize of job (KB)
...
006 (1973237.000.000) 2023-12-14 02:30:54 Image size of job updated: 2111052
	92  -  MemoryUsage of job (MB)
	93876  -  ResidentSetSize of job (KB)
...
040 (1973237.000.000) 2023-12-14 02:30:54 Started transferring output files
...
040 (1973237.000.000) 2023-12-14 02:30:54 Finished transferring output files
...
005 (1973237.000.000) 2023-12-14 02:30:54 Job terminated.
	(1) Normal termination (return value 0)
		Usr 0 00:00:24, Sys 0 00:00:05  -  Run Remote Usage
		Usr 0 00:00:00, Sys 0 00:00:00  -  Run Local Usage
		Usr 0 00:00:24, Sys 0 00:00:05  -  Total Remote Usage
		Usr 0 00:00:00, Sys 0 00:00:00  -  Total Local Usage
	18801  -  Run Bytes Sent By Job
	0  -  Run Bytes Received By Job
	18801  -  Total Bytes Sent By Job
	0  -  Total Bytes Received By Job
	Partitionable Resources :    Usage  Request Allocated 
	   Cpus                 :                 1         1 
	   Disk (KB)            :       90        2    312194 
	   Memory (MB)          :       92     2048      2048 

	Job terminated of its own accord at 2023-12-14T10:30:54Z with exit-code 0.
...
