000 (1972886.000.000) 2023-12-14 02:17:49 Job submitted from host: <172.24.33.226:11547?addrs=172.24.33.226-11547&alias=sdfrome002.sdf.slac.stanford.edu>
    DAG Node: e4a32e8d-f5d7-407f-9563-22cecb5d0afd_ptcIsr_2023111200122_23
...
040 (1972886.000.000) 2023-12-14 02:29:18 Finished transferring input files
...
001 (1972886.000.000) 2023-12-14 02:29:18 Job executing on host: <172.24.48.185:41489?CCBID=172.24.33.225:9618%3faddrs%3d172.24.33.225-9618%26alias%3dsdfrome001.sdf.slac.stanford.edu#6219699&PrivNet=sdfmilan113.sdf.slac.stanford.edu&addrs=172.24.48.185-41489&alias=sdfmilan113.sdf.slac.stanford.edu>
	SlotName: slot_abrought_18623_1_9@sdfmilan113.sdf.slac.stanford.edu
...
006 (1972886.000.000) 2023-12-14 02:29:26 Image size of job updated: 264680
	59  -  MemoryUsage of job (MB)
	60040  -  ResidentSetSize of job (KB)
...
006 (1972886.000.000) 2023-12-14 02:30:28 Image size of job updated: 2103284
	629  -  MemoryUsage of job (MB)
	643720  -  ResidentSetSize of job (KB)
...
040 (1972886.000.000) 2023-12-14 02:30:28 Started transferring output files
...
040 (1972886.000.000) 2023-12-14 02:30:28 Finished transferring output files
...
005 (1972886.000.000) 2023-12-14 02:30:28 Job terminated.
	(1) Normal termination (return value 0)
		Usr 0 00:00:19, Sys 0 00:00:03  -  Run Remote Usage
		Usr 0 00:00:00, Sys 0 00:00:00  -  Run Local Usage
		Usr 0 00:00:19, Sys 0 00:00:03  -  Total Remote Usage
		Usr 0 00:00:00, Sys 0 00:00:00  -  Total Local Usage
	18801  -  Run Bytes Sent By Job
	0  -  Run Bytes Received By Job
	18801  -  Total Bytes Sent By Job
	0  -  Total Bytes Received By Job
	Partitionable Resources :    Usage  Request Allocated 
	   Cpus                 :                 1         1 
	   Disk (KB)            :       90        2    312194 
	   Memory (MB)          :      629     2048      2048 

	Job terminated of its own accord at 2023-12-14T10:30:28Z with exit-code 0.
...
