000 (1973449.000.000) 2023-12-14 02:17:58 Job submitted from host: <172.24.33.226:11547?addrs=172.24.33.226-11547&alias=sdfrome002.sdf.slac.stanford.edu>
    DAG Node: 93adefae-9b16-4467-8a20-36db9f35448d_ptcIsr_2023111202706_23
...
040 (1973449.000.000) 2023-12-14 02:30:43 Finished transferring input files
...
001 (1973449.000.000) 2023-12-14 02:30:43 Job executing on host: <172.24.33.124:39661?CCBID=172.24.33.225:9618%3faddrs%3d172.24.33.225-9618%26alias%3dsdfrome001.sdf.slac.stanford.edu#6220018&PrivNet=sdfrome059.sdf.slac.stanford.edu&addrs=172.24.33.124-39661&alias=sdfrome059.sdf.slac.stanford.edu>
	SlotName: slot_abrought_25802_1_2@sdfrome059.sdf.slac.stanford.edu
...
006 (1973449.000.000) 2023-12-14 02:30:52 Image size of job updated: 351344
	137  -  MemoryUsage of job (MB)
	140108  -  ResidentSetSize of job (KB)
...
006 (1973449.000.000) 2023-12-14 02:31:22 Image size of job updated: 2148484
	1353  -  MemoryUsage of job (MB)
	1384752  -  ResidentSetSize of job (KB)
...
040 (1973449.000.000) 2023-12-14 02:31:23 Started transferring output files
...
040 (1973449.000.000) 2023-12-14 02:31:23 Finished transferring output files
...
005 (1973449.000.000) 2023-12-14 02:31:23 Job terminated.
	(1) Normal termination (return value 0)
		Usr 0 00:00:23, Sys 0 00:00:04  -  Run Remote Usage
		Usr 0 00:00:00, Sys 0 00:00:00  -  Run Local Usage
		Usr 0 00:00:23, Sys 0 00:00:04  -  Total Remote Usage
		Usr 0 00:00:00, Sys 0 00:00:00  -  Total Local Usage
	19075  -  Run Bytes Sent By Job
	0  -  Run Bytes Received By Job
	19075  -  Total Bytes Sent By Job
	0  -  Total Bytes Received By Job
	Partitionable Resources :    Usage  Request Allocated 
	   Cpus                 :                 1         1 
	   Disk (KB)            :       91        2    312194 
	   Memory (MB)          :     1353     2048      2048 

	Job terminated of its own accord at 2023-12-14T10:31:22Z with exit-code 0.
...
