000 (1971882.000.000) 2023-12-14 02:17:37 Job submitted from host: <172.24.33.226:11547?addrs=172.24.33.226-11547&alias=sdfrome002.sdf.slac.stanford.edu>
    DAG Node: dca98c4f-5859-493f-8727-06f6fe003a38_ptcIsr_2023111101542_23
...
040 (1971882.000.000) 2023-12-14 02:26:14 Finished transferring input files
...
001 (1971882.000.000) 2023-12-14 02:26:14 Job executing on host: <172.24.48.193:46283?CCBID=172.24.33.225:9618%3faddrs%3d172.24.33.225-9618%26alias%3dsdfrome001.sdf.slac.stanford.edu#6219697&PrivNet=sdfmilan121.sdf.slac.stanford.edu&addrs=172.24.48.193-46283&alias=sdfmilan121.sdf.slac.stanford.edu>
	SlotName: slot_abrought_10210_1_11@sdfmilan121.sdf.slac.stanford.edu
...
006 (1971882.000.000) 2023-12-14 02:26:23 Image size of job updated: 278316
	72  -  MemoryUsage of job (MB)
	72716  -  ResidentSetSize of job (KB)
...
006 (1971882.000.000) 2023-12-14 02:27:11 Image size of job updated: 2087136
	642  -  MemoryUsage of job (MB)
	656820  -  ResidentSetSize of job (KB)
...
040 (1971882.000.000) 2023-12-14 02:27:11 Started transferring output files
...
040 (1971882.000.000) 2023-12-14 02:27:11 Finished transferring output files
...
005 (1971882.000.000) 2023-12-14 02:27:11 Job terminated.
	(1) Normal termination (return value 0)
		Usr 0 00:00:21, Sys 0 00:00:04  -  Run Remote Usage
		Usr 0 00:00:00, Sys 0 00:00:00  -  Run Local Usage
		Usr 0 00:00:21, Sys 0 00:00:04  -  Total Remote Usage
		Usr 0 00:00:00, Sys 0 00:00:00  -  Total Local Usage
	19073  -  Run Bytes Sent By Job
	0  -  Run Bytes Received By Job
	19073  -  Total Bytes Sent By Job
	0  -  Total Bytes Received By Job
	Partitionable Resources :    Usage  Request Allocated 
	   Cpus                 :     0.17        1         1 
	   Disk (KB)            :    97           2    311595 
	   Memory (MB)          :   642        2048      2048 

	Job terminated of its own accord at 2023-12-14T10:27:11Z with exit-code 0.
...
