000 (1971066.000.000) 2023-12-14 02:17:29 Job submitted from host: <172.24.33.226:11547?addrs=172.24.33.226-11547&alias=sdfrome002.sdf.slac.stanford.edu>
    DAG Node: b0f04b2f-dbe1-41de-9b9f-8b3bf50e2c75_ptcIsr_2023111202154_23
...
040 (1971066.000.000) 2023-12-14 02:23:58 Finished transferring input files
...
001 (1971066.000.000) 2023-12-14 02:23:58 Job executing on host: <172.24.33.213:41587?CCBID=172.24.33.225:9618%3faddrs%3d172.24.33.225-9618%26alias%3dsdfrome001.sdf.slac.stanford.edu#6220036&PrivNet=sdfrome022.sdf.slac.stanford.edu&addrs=172.24.33.213-41587&alias=sdfrome022.sdf.slac.stanford.edu>
	SlotName: slot_abrought_5117_1_23@sdfrome022.sdf.slac.stanford.edu
...
006 (1971066.000.000) 2023-12-14 02:24:07 Image size of job updated: 69764
	34  -  MemoryUsage of job (MB)
	34080  -  ResidentSetSize of job (KB)
...
006 (1971066.000.000) 2023-12-14 02:26:57 Image size of job updated: 2107144
	34  -  MemoryUsage of job (MB)
	34080  -  ResidentSetSize of job (KB)
...
040 (1971066.000.000) 2023-12-14 02:26:58 Started transferring output files
...
040 (1971066.000.000) 2023-12-14 02:26:58 Finished transferring output files
...
005 (1971066.000.000) 2023-12-14 02:26:58 Job terminated.
	(1) Normal termination (return value 0)
		Usr 0 00:00:18, Sys 0 00:00:03  -  Run Remote Usage
		Usr 0 00:00:00, Sys 0 00:00:00  -  Run Local Usage
		Usr 0 00:00:18, Sys 0 00:00:03  -  Total Remote Usage
		Usr 0 00:00:00, Sys 0 00:00:00  -  Total Local Usage
	18806  -  Run Bytes Sent By Job
	0  -  Run Bytes Received By Job
	18806  -  Total Bytes Sent By Job
	0  -  Total Bytes Received By Job
	Partitionable Resources :    Usage  Request Allocated 
	   Cpus                 :     0.12        1         1 
	   Disk (KB)            :    97           2    312194 
	   Memory (MB)          :    34        2048      2048 

	Job terminated of its own accord at 2023-12-14T10:26:57Z with exit-code 0.
...
