000 (1971848.000.000) 2023-12-14 02:17:37 Job submitted from host: <172.24.33.226:11547?addrs=172.24.33.226-11547&alias=sdfrome002.sdf.slac.stanford.edu>
    DAG Node: 69fab4e1-00ac-4e0b-9e1c-2e92a1ee5c81_ptcIsr_2023111201202_23
...
040 (1971848.000.000) 2023-12-14 02:26:10 Finished transferring input files
...
001 (1971848.000.000) 2023-12-14 02:26:10 Job executing on host: <172.24.48.186:33679?CCBID=172.24.33.225:9618%3faddrs%3d172.24.33.225-9618%26alias%3dsdfrome001.sdf.slac.stanford.edu#6219700&PrivNet=sdfmilan114.sdf.slac.stanford.edu&addrs=172.24.48.186-33679&alias=sdfmilan114.sdf.slac.stanford.edu>
	SlotName: slot_abrought_14493_1_15@sdfmilan114.sdf.slac.stanford.edu
...
006 (1971848.000.000) 2023-12-14 02:26:19 Image size of job updated: 27348
	11  -  MemoryUsage of job (MB)
	10740  -  ResidentSetSize of job (KB)
...
006 (1971848.000.000) 2023-12-14 02:27:07 Image size of job updated: 2068508
	1271  -  MemoryUsage of job (MB)
	1301204  -  ResidentSetSize of job (KB)
...
040 (1971848.000.000) 2023-12-14 02:27:08 Started transferring output files
...
040 (1971848.000.000) 2023-12-14 02:27:08 Finished transferring output files
...
005 (1971848.000.000) 2023-12-14 02:27:08 Job terminated.
	(1) Normal termination (return value 0)
		Usr 0 00:00:19, Sys 0 00:00:03  -  Run Remote Usage
		Usr 0 00:00:00, Sys 0 00:00:00  -  Run Local Usage
		Usr 0 00:00:19, Sys 0 00:00:03  -  Total Remote Usage
		Usr 0 00:00:00, Sys 0 00:00:00  -  Total Local Usage
	19073  -  Run Bytes Sent By Job
	0  -  Run Bytes Received By Job
	19073  -  Total Bytes Sent By Job
	0  -  Total Bytes Received By Job
	Partitionable Resources :    Usage  Request Allocated 
	   Cpus                 :     0.15        1         1 
	   Disk (KB)            :    97           2    312193 
	   Memory (MB)          :  1271        2048      2048 

	Job terminated of its own accord at 2023-12-14T10:27:07Z with exit-code 0.
...
