000 (1970241.000.000) 2023-12-14 02:17:18 Job submitted from host: <172.24.33.226:11547?addrs=172.24.33.226-11547&alias=sdfrome002.sdf.slac.stanford.edu>
    DAG Node: f5aecf42-ea28-4dca-813d-dad90fe13b11_ptcIsr_2023111202742_23
...
040 (1970241.000.000) 2023-12-14 02:21:17 Finished transferring input files
...
001 (1970241.000.000) 2023-12-14 02:21:17 Job executing on host: <172.24.33.124:39697?CCBID=172.24.33.225:9618%3faddrs%3d172.24.33.225-9618%26alias%3dsdfrome001.sdf.slac.stanford.edu#6220015&PrivNet=sdfrome059.sdf.slac.stanford.edu&addrs=172.24.33.124-39697&alias=sdfrome059.sdf.slac.stanford.edu>
	SlotName: slot_abrought_7836_1_14@sdfrome059.sdf.slac.stanford.edu
...
006 (1970241.000.000) 2023-12-14 02:21:26 Image size of job updated: 351232
	137  -  MemoryUsage of job (MB)
	140132  -  ResidentSetSize of job (KB)
...
006 (1970241.000.000) 2023-12-14 02:22:07 Image size of job updated: 2081236
	137  -  MemoryUsage of job (MB)
	140132  -  ResidentSetSize of job (KB)
...
040 (1970241.000.000) 2023-12-14 02:22:07 Started transferring output files
...
040 (1970241.000.000) 2023-12-14 02:22:07 Finished transferring output files
...
005 (1970241.000.000) 2023-12-14 02:22:09 Job terminated.
	(1) Normal termination (return value 0)
		Usr 0 00:00:23, Sys 0 00:00:07  -  Run Remote Usage
		Usr 0 00:00:00, Sys 0 00:00:00  -  Run Local Usage
		Usr 0 00:00:23, Sys 0 00:00:07  -  Total Remote Usage
		Usr 0 00:00:00, Sys 0 00:00:00  -  Total Local Usage
	18803  -  Run Bytes Sent By Job
	0  -  Run Bytes Received By Job
	18803  -  Total Bytes Sent By Job
	0  -  Total Bytes Received By Job
	Partitionable Resources :    Usage  Request Allocated 
	   Cpus                 :                 1         1 
	   Disk (KB)            :       90        2    312194 
	   Memory (MB)          :      137     2048      2048 

	Job terminated of its own accord at 2023-12-14T10:22:07Z with exit-code 0.
...
