000 (1972026.000.000) 2023-12-14 02:17:40 Job submitted from host: <172.24.33.226:11547?addrs=172.24.33.226-11547&alias=sdfrome002.sdf.slac.stanford.edu>
    DAG Node: a7d22c40-e4e9-4d38-8dfe-f79e9b0ab327_ptcIsr_2023111202037_23
...
040 (1972026.000.000) 2023-12-14 02:26:42 Finished transferring input files
...
001 (1972026.000.000) 2023-12-14 02:26:42 Job executing on host: <172.24.33.213:41467?CCBID=172.24.33.225:9618%3faddrs%3d172.24.33.225-9618%26alias%3dsdfrome001.sdf.slac.stanford.edu#6220037&PrivNet=sdfrome022.sdf.slac.stanford.edu&addrs=172.24.33.213-41467&alias=sdfrome022.sdf.slac.stanford.edu>
	SlotName: slot_abrought_435_1_13@sdfrome022.sdf.slac.stanford.edu
...
006 (1972026.000.000) 2023-12-14 02:26:51 Image size of job updated: 277360
	71  -  MemoryUsage of job (MB)
	72320  -  ResidentSetSize of job (KB)
...
006 (1972026.000.000) 2023-12-14 02:27:43 Image size of job updated: 2062816
	1404  -  MemoryUsage of job (MB)
	1437036  -  ResidentSetSize of job (KB)
...
040 (1972026.000.000) 2023-12-14 02:27:44 Started transferring output files
...
040 (1972026.000.000) 2023-12-14 02:27:44 Finished transferring output files
...
005 (1972026.000.000) 2023-12-14 02:27:44 Job terminated.
	(1) Normal termination (return value 0)
		Usr 0 00:00:23, Sys 0 00:00:02  -  Run Remote Usage
		Usr 0 00:00:00, Sys 0 00:00:00  -  Run Local Usage
		Usr 0 00:00:23, Sys 0 00:00:02  -  Total Remote Usage
		Usr 0 00:00:00, Sys 0 00:00:00  -  Total Local Usage
	18532  -  Run Bytes Sent By Job
	0  -  Run Bytes Received By Job
	18532  -  Total Bytes Sent By Job
	0  -  Total Bytes Received By Job
	Partitionable Resources :    Usage  Request Allocated 
	   Cpus                 :                 1         1 
	   Disk (KB)            :       90        2    312194 
	   Memory (MB)          :     1404     2048      2048 

	Job terminated of its own accord at 2023-12-14T10:27:43Z with exit-code 0.
...
