000 (1971769.000.000) 2023-12-14 02:17:37 Job submitted from host: <172.24.33.226:11547?addrs=172.24.33.226-11547&alias=sdfrome002.sdf.slac.stanford.edu>
    DAG Node: c952d65c-7772-4739-b4a8-56be693ec2a7_ptcIsr_2023111300246_23
...
040 (1971769.000.000) 2023-12-14 02:25:58 Finished transferring input files
...
001 (1971769.000.000) 2023-12-14 02:25:58 Job executing on host: <172.24.48.149:38613?CCBID=172.24.33.225:9618%3faddrs%3d172.24.33.225-9618%26alias%3dsdfrome001.sdf.slac.stanford.edu#6219698&PrivNet=sdfmilan049.sdf.slac.stanford.edu&addrs=172.24.48.149-38613&alias=sdfmilan049.sdf.slac.stanford.edu>
	SlotName: slot_abrought_1727_1_3@sdfmilan049.sdf.slac.stanford.edu
...
006 (1971769.000.000) 2023-12-14 02:26:07 Image size of job updated: 30380
	15  -  MemoryUsage of job (MB)
	14516  -  ResidentSetSize of job (KB)
...
006 (1971769.000.000) 2023-12-14 02:27:12 Image size of job updated: 2071556
	1362  -  MemoryUsage of job (MB)
	1393960  -  ResidentSetSize of job (KB)
...
040 (1971769.000.000) 2023-12-14 02:27:12 Started transferring output files
...
040 (1971769.000.000) 2023-12-14 02:27:12 Finished transferring output files
...
005 (1971769.000.000) 2023-12-14 02:27:12 Job terminated.
	(1) Normal termination (return value 0)
		Usr 0 00:00:16, Sys 0 00:00:01  -  Run Remote Usage
		Usr 0 00:00:00, Sys 0 00:00:00  -  Run Local Usage
		Usr 0 00:00:16, Sys 0 00:00:01  -  Total Remote Usage
		Usr 0 00:00:00, Sys 0 00:00:00  -  Total Local Usage
	18803  -  Run Bytes Sent By Job
	0  -  Run Bytes Received By Job
	18803  -  Total Bytes Sent By Job
	0  -  Total Bytes Received By Job
	Partitionable Resources :    Usage  Request Allocated 
	   Cpus                 :     0.13        1         1 
	   Disk (KB)            :    97           2    312194 
	   Memory (MB)          :  1362        2048      2048 

	Job terminated of its own accord at 2023-12-14T10:27:12Z with exit-code 0.
...
