000 (1972273.000.000) 2023-12-14 02:17:43 Job submitted from host: <172.24.33.226:11547?addrs=172.24.33.226-11547&alias=sdfrome002.sdf.slac.stanford.edu>
    DAG Node: 907371ed-bcb8-4aa8-9265-21377a2e205d_ptcIsr_2023111300227_23
...
040 (1972273.000.000) 2023-12-14 02:27:21 Finished transferring input files
...
001 (1972273.000.000) 2023-12-14 02:27:21 Job executing on host: <172.24.33.213:43829?CCBID=172.24.33.225:9618%3faddrs%3d172.24.33.225-9618%26alias%3dsdfrome001.sdf.slac.stanford.edu#6220038&PrivNet=sdfrome022.sdf.slac.stanford.edu&addrs=172.24.33.213-43829&alias=sdfrome022.sdf.slac.stanford.edu>
	SlotName: slot_abrought_31850_1_19@sdfrome022.sdf.slac.stanford.edu
...
006 (1972273.000.000) 2023-12-14 02:27:30 Image size of job updated: 342732
	128  -  MemoryUsage of job (MB)
	130764  -  ResidentSetSize of job (KB)
...
006 (1972273.000.000) 2023-12-14 02:28:15 Image size of job updated: 2180308
	681  -  MemoryUsage of job (MB)
	697248  -  ResidentSetSize of job (KB)
...
040 (1972273.000.000) 2023-12-14 02:28:16 Started transferring output files
...
040 (1972273.000.000) 2023-12-14 02:28:16 Finished transferring output files
...
005 (1972273.000.000) 2023-12-14 02:28:17 Job terminated.
	(1) Normal termination (return value 0)
		Usr 0 00:00:21, Sys 0 00:00:04  -  Run Remote Usage
		Usr 0 00:00:00, Sys 0 00:00:00  -  Run Local Usage
		Usr 0 00:00:21, Sys 0 00:00:04  -  Total Remote Usage
		Usr 0 00:00:00, Sys 0 00:00:00  -  Total Local Usage
	19072  -  Run Bytes Sent By Job
	0  -  Run Bytes Received By Job
	19072  -  Total Bytes Sent By Job
	0  -  Total Bytes Received By Job
	Partitionable Resources :    Usage  Request Allocated 
	   Cpus                 :                 1         1 
	   Disk (KB)            :       91        2    312194 
	   Memory (MB)          :      681     2048      2048 

	Job terminated of its own accord at 2023-12-14T10:28:15Z with exit-code 0.
...
