000 (1970625.000.000) 2023-12-14 02:17:24 Job submitted from host: <172.24.33.226:11547?addrs=172.24.33.226-11547&alias=sdfrome002.sdf.slac.stanford.edu>
    DAG Node: 7e612706-4cca-40a2-93ce-e6ee89048d1b_ptcIsr_2023111300147_23
...
040 (1970625.000.000) 2023-12-14 02:22:33 Finished transferring input files
...
001 (1970625.000.000) 2023-12-14 02:22:33 Job executing on host: <172.24.33.213:34935?CCBID=172.24.33.225:9618%3faddrs%3d172.24.33.225-9618%26alias%3dsdfrome001.sdf.slac.stanford.edu#6220035&PrivNet=sdfrome022.sdf.slac.stanford.edu&addrs=172.24.33.213-34935&alias=sdfrome022.sdf.slac.stanford.edu>
	SlotName: slot_abrought_12392_1_1@sdfrome022.sdf.slac.stanford.edu
...
006 (1970625.000.000) 2023-12-14 02:22:43 Image size of job updated: 7392
	2  -  MemoryUsage of job (MB)
	1032  -  ResidentSetSize of job (KB)
...
006 (1970625.000.000) 2023-12-14 02:26:08 Image size of job updated: 2107940
	1326  -  MemoryUsage of job (MB)
	1357348  -  ResidentSetSize of job (KB)
...
040 (1970625.000.000) 2023-12-14 02:26:08 Started transferring output files
...
040 (1970625.000.000) 2023-12-14 02:26:08 Finished transferring output files
...
005 (1970625.000.000) 2023-12-14 02:26:08 Job terminated.
	(1) Normal termination (return value 0)
		Usr 0 00:00:16, Sys 0 00:00:02  -  Run Remote Usage
		Usr 0 00:00:00, Sys 0 00:00:00  -  Run Local Usage
		Usr 0 00:00:16, Sys 0 00:00:02  -  Total Remote Usage
		Usr 0 00:00:00, Sys 0 00:00:00  -  Total Local Usage
	18803  -  Run Bytes Sent By Job
	0  -  Run Bytes Received By Job
	18803  -  Total Bytes Sent By Job
	0  -  Total Bytes Received By Job
	Partitionable Resources :    Usage  Request Allocated 
	   Cpus                 :     0.07        1         1 
	   Disk (KB)            :    97           2    312194 
	   Memory (MB)          :  1326        2048      2048 

	Job terminated of its own accord at 2023-12-14T10:26:08Z with exit-code 0.
...
