000 (1972136.000.000) 2023-12-14 02:17:42 Job submitted from host: <172.24.33.226:11547?addrs=172.24.33.226-11547&alias=sdfrome002.sdf.slac.stanford.edu>
    DAG Node: db11e799-cdb3-46a7-ad7b-5573734777c5_ptcIsr_2023111202847_23
...
040 (1972136.000.000) 2023-12-14 02:26:57 Finished transferring input files
...
001 (1972136.000.000) 2023-12-14 02:26:57 Job executing on host: <172.24.33.124:39697?CCBID=172.24.33.225:9618%3faddrs%3d172.24.33.225-9618%26alias%3dsdfrome001.sdf.slac.stanford.edu#6220015&PrivNet=sdfrome059.sdf.slac.stanford.edu&addrs=172.24.33.124-39697&alias=sdfrome059.sdf.slac.stanford.edu>
	SlotName: slot_abrought_7836_1_8@sdfrome059.sdf.slac.stanford.edu
...
006 (1972136.000.000) 2023-12-14 02:27:06 Image size of job updated: 342712
	129  -  MemoryUsage of job (MB)
	131112  -  ResidentSetSize of job (KB)
...
006 (1972136.000.000) 2023-12-14 02:27:51 Image size of job updated: 2063304
	646  -  MemoryUsage of job (MB)
	660612  -  ResidentSetSize of job (KB)
...
040 (1972136.000.000) 2023-12-14 02:27:51 Started transferring output files
...
040 (1972136.000.000) 2023-12-14 02:27:51 Finished transferring output files
...
005 (1972136.000.000) 2023-12-14 02:27:51 Job terminated.
	(1) Normal termination (return value 0)
		Usr 0 00:00:24, Sys 0 00:00:04  -  Run Remote Usage
		Usr 0 00:00:00, Sys 0 00:00:00  -  Run Local Usage
		Usr 0 00:00:24, Sys 0 00:00:04  -  Total Remote Usage
		Usr 0 00:00:00, Sys 0 00:00:00  -  Total Local Usage
	18533  -  Run Bytes Sent By Job
	0  -  Run Bytes Received By Job
	18533  -  Total Bytes Sent By Job
	0  -  Total Bytes Received By Job
	Partitionable Resources :    Usage  Request Allocated 
	   Cpus                 :                 1         1 
	   Disk (KB)            :       90        2    312194 
	   Memory (MB)          :      646     2048      2048 

	Job terminated of its own accord at 2023-12-14T10:27:51Z with exit-code 0.
...
