000 (1969496.000.000) 2023-12-14 02:17:10 Job submitted from host: <172.24.33.226:11547?addrs=172.24.33.226-11547&alias=sdfrome002.sdf.slac.stanford.edu>
    DAG Node: 426e700d-be55-482c-a7b4-595bf9b6edb6_ptcIsr_2023110800577_23
...
040 (1969496.000.000) 2023-12-14 02:18:06 Finished transferring input files
...
001 (1969496.000.000) 2023-12-14 02:18:06 Job executing on host: <172.24.33.147:42953?CCBID=172.24.33.225:9618%3faddrs%3d172.24.33.225-9618%26alias%3dsdfrome001.sdf.slac.stanford.edu#6219703&PrivNet=sdfrome082.sdf.slac.stanford.edu&addrs=172.24.33.147-42953&alias=sdfrome082.sdf.slac.stanford.edu>
	SlotName: slot_abrought_48_1_12@sdfrome082.sdf.slac.stanford.edu
...
006 (1969496.000.000) 2023-12-14 02:18:14 Image size of job updated: 344800
	130  -  MemoryUsage of job (MB)
	132724  -  ResidentSetSize of job (KB)
...
006 (1969496.000.000) 2023-12-14 02:19:00 Image size of job updated: 2272228
	622  -  MemoryUsage of job (MB)
	636120  -  ResidentSetSize of job (KB)
...
040 (1969496.000.000) 2023-12-14 02:19:00 Started transferring output files
...
040 (1969496.000.000) 2023-12-14 02:19:00 Finished transferring output files
...
005 (1969496.000.000) 2023-12-14 02:19:00 Job terminated.
	(1) Normal termination (return value 0)
		Usr 0 00:00:20, Sys 0 00:00:04  -  Run Remote Usage
		Usr 0 00:00:00, Sys 0 00:00:00  -  Run Local Usage
		Usr 0 00:00:20, Sys 0 00:00:04  -  Total Remote Usage
		Usr 0 00:00:00, Sys 0 00:00:00  -  Total Local Usage
	18802  -  Run Bytes Sent By Job
	0  -  Run Bytes Received By Job
	18802  -  Total Bytes Sent By Job
	0  -  Total Bytes Received By Job
	Partitionable Resources :    Usage  Request Allocated 
	   Cpus                 :                 1         1 
	   Disk (KB)            :       90        2    312116 
	   Memory (MB)          :      622     2048      2048 

	Job terminated of its own accord at 2023-12-14T10:18:59Z with exit-code 0.
...
