000 (1972688.000.000) 2023-12-14 02:17:48 Job submitted from host: <172.24.33.226:11547?addrs=172.24.33.226-11547&alias=sdfrome002.sdf.slac.stanford.edu>
    DAG Node: 5213e37b-8b13-4395-9c34-d98d274451f8_ptcIsr_2023111203192_23
...
040 (1972688.000.000) 2023-12-14 02:28:39 Finished transferring input files
...
001 (1972688.000.000) 2023-12-14 02:28:39 Job executing on host: <172.24.33.213:43829?CCBID=172.24.33.225:9618%3faddrs%3d172.24.33.225-9618%26alias%3dsdfrome001.sdf.slac.stanford.edu#6220038&PrivNet=sdfrome022.sdf.slac.stanford.edu&addrs=172.24.33.213-43829&alias=sdfrome022.sdf.slac.stanford.edu>
	SlotName: slot_abrought_31850_1_9@sdfrome022.sdf.slac.stanford.edu
...
006 (1972688.000.000) 2023-12-14 02:28:48 Image size of job updated: 361932
	145  -  MemoryUsage of job (MB)
	147828  -  ResidentSetSize of job (KB)
...
006 (1972688.000.000) 2023-12-14 02:29:20 Image size of job updated: 2105824
	145  -  MemoryUsage of job (MB)
	147828  -  ResidentSetSize of job (KB)
...
040 (1972688.000.000) 2023-12-14 02:29:20 Started transferring output files
...
040 (1972688.000.000) 2023-12-14 02:29:20 Finished transferring output files
...
005 (1972688.000.000) 2023-12-14 02:29:20 Job terminated.
	(1) Normal termination (return value 0)
		Usr 0 00:00:18, Sys 0 00:00:03  -  Run Remote Usage
		Usr 0 00:00:00, Sys 0 00:00:00  -  Run Local Usage
		Usr 0 00:00:18, Sys 0 00:00:03  -  Total Remote Usage
		Usr 0 00:00:00, Sys 0 00:00:00  -  Total Local Usage
	18975  -  Run Bytes Sent By Job
	0  -  Run Bytes Received By Job
	18975  -  Total Bytes Sent By Job
	0  -  Total Bytes Received By Job
	Partitionable Resources :    Usage  Request Allocated 
	   Cpus                 :     0.99        1         1 
	   Disk (KB)            :    97           2    312194 
	   Memory (MB)          :   145        2048      2048 

	Job terminated of its own accord at 2023-12-14T10:29:20Z with exit-code 0.
...
