000 (1970226.000.000) 2023-12-14 02:17:18 Job submitted from host: <172.24.33.226:11547?addrs=172.24.33.226-11547&alias=sdfrome002.sdf.slac.stanford.edu>
    DAG Node: baeb4a65-b1bc-404f-8a68-a1e22571be86_ptcIsr_2023111101333_23
...
040 (1970226.000.000) 2023-12-14 02:21:14 Finished transferring input files
...
001 (1970226.000.000) 2023-12-14 02:21:14 Job executing on host: <172.24.48.185:41489?CCBID=172.24.33.225:9618%3faddrs%3d172.24.33.225-9618%26alias%3dsdfrome001.sdf.slac.stanford.edu#6219699&PrivNet=sdfmilan113.sdf.slac.stanford.edu&addrs=172.24.48.185-41489&alias=sdfmilan113.sdf.slac.stanford.edu>
	SlotName: slot_abrought_18623_1_19@sdfmilan113.sdf.slac.stanford.edu
...
006 (1970226.000.000) 2023-12-14 02:21:23 Image size of job updated: 321036
	111  -  MemoryUsage of job (MB)
	113248  -  ResidentSetSize of job (KB)
...
006 (1970226.000.000) 2023-12-14 02:22:15 Image size of job updated: 2188412
	111  -  MemoryUsage of job (MB)
	113248  -  ResidentSetSize of job (KB)
...
040 (1970226.000.000) 2023-12-14 02:22:15 Started transferring output files
...
040 (1970226.000.000) 2023-12-14 02:22:15 Finished transferring output files
...
005 (1970226.000.000) 2023-12-14 02:22:15 Job terminated.
	(1) Normal termination (return value 0)
		Usr 0 00:00:20, Sys 0 00:00:03  -  Run Remote Usage
		Usr 0 00:00:00, Sys 0 00:00:00  -  Run Local Usage
		Usr 0 00:00:20, Sys 0 00:00:03  -  Total Remote Usage
		Usr 0 00:00:00, Sys 0 00:00:00  -  Total Local Usage
	19073  -  Run Bytes Sent By Job
	0  -  Run Bytes Received By Job
	19073  -  Total Bytes Sent By Job
	0  -  Total Bytes Received By Job
	Partitionable Resources :    Usage  Request Allocated 
	   Cpus                 :     0.21        1         1 
	   Disk (KB)            :    97           2    312194 
	   Memory (MB)          :   111        2048      2048 

	Job terminated of its own accord at 2023-12-14T10:22:15Z with exit-code 0.
...
