000 (1971154.000.000) 2023-12-14 02:17:30 Job submitted from host: <172.24.33.226:11547?addrs=172.24.33.226-11547&alias=sdfrome002.sdf.slac.stanford.edu>
    DAG Node: da5281bd-2e21-4c70-b34b-d9f489c6d792_ptcIsr_2023111300734_23
...
040 (1971154.000.000) 2023-12-14 02:24:11 Finished transferring input files
...
001 (1971154.000.000) 2023-12-14 02:24:11 Job executing on host: <172.24.48.149:38613?CCBID=172.24.33.225:9618%3faddrs%3d172.24.33.225-9618%26alias%3dsdfrome001.sdf.slac.stanford.edu#6219698&PrivNet=sdfmilan049.sdf.slac.stanford.edu&addrs=172.24.48.149-38613&alias=sdfmilan049.sdf.slac.stanford.edu>
	SlotName: slot_abrought_1727_1_8@sdfmilan049.sdf.slac.stanford.edu
...
006 (1971154.000.000) 2023-12-14 02:24:20 Image size of job updated: 304116
	95  -  MemoryUsage of job (MB)
	96512  -  ResidentSetSize of job (KB)
...
006 (1971154.000.000) 2023-12-14 02:25:10 Image size of job updated: 2175580
	95  -  MemoryUsage of job (MB)
	96512  -  ResidentSetSize of job (KB)
...
040 (1971154.000.000) 2023-12-14 02:25:11 Started transferring output files
...
040 (1971154.000.000) 2023-12-14 02:25:11 Finished transferring output files
...
005 (1971154.000.000) 2023-12-14 02:25:11 Job terminated.
	(1) Normal termination (return value 0)
		Usr 0 00:00:21, Sys 0 00:00:02  -  Run Remote Usage
		Usr 0 00:00:00, Sys 0 00:00:00  -  Run Local Usage
		Usr 0 00:00:21, Sys 0 00:00:02  -  Total Remote Usage
		Usr 0 00:00:00, Sys 0 00:00:00  -  Total Local Usage
	19074  -  Run Bytes Sent By Job
	0  -  Run Bytes Received By Job
	19074  -  Total Bytes Sent By Job
	0  -  Total Bytes Received By Job
	Partitionable Resources :    Usage  Request Allocated 
	   Cpus                 :                 1         1 
	   Disk (KB)            :       91        2    312194 
	   Memory (MB)          :       95     2048      2048 

	Job terminated of its own accord at 2023-12-14T10:25:10Z with exit-code 0.
...
