000 (1972547.000.000) 2023-12-14 02:17:46 Job submitted from host: <172.24.33.226:11547?addrs=172.24.33.226-11547&alias=sdfrome002.sdf.slac.stanford.edu>
    DAG Node: 1e612fc5-c3c6-46ea-b3e7-c9af11377ee8_ptcIsr_2023111201988_23
...
040 (1972547.000.000) 2023-12-14 02:28:13 Finished transferring input files
...
001 (1972547.000.000) 2023-12-14 02:28:13 Job executing on host: <172.24.48.185:41489?CCBID=172.24.33.225:9618%3faddrs%3d172.24.33.225-9618%26alias%3dsdfrome001.sdf.slac.stanford.edu#6219699&PrivNet=sdfmilan113.sdf.slac.stanford.edu&addrs=172.24.48.185-41489&alias=sdfmilan113.sdf.slac.stanford.edu>
	SlotName: slot_abrought_18623_1_19@sdfmilan113.sdf.slac.stanford.edu
...
006 (1972547.000.000) 2023-12-14 02:28:22 Image size of job updated: 34428
	18  -  MemoryUsage of job (MB)
	18396  -  ResidentSetSize of job (KB)
...
006 (1972547.000.000) 2023-12-14 02:29:29 Image size of job updated: 2217356
	648  -  MemoryUsage of job (MB)
	663084  -  ResidentSetSize of job (KB)
...
040 (1972547.000.000) 2023-12-14 02:29:29 Started transferring output files
...
040 (1972547.000.000) 2023-12-14 02:29:29 Finished transferring output files
...
005 (1972547.000.000) 2023-12-14 02:29:29 Job terminated.
	(1) Normal termination (return value 0)
		Usr 0 00:00:20, Sys 0 00:00:02  -  Run Remote Usage
		Usr 0 00:00:00, Sys 0 00:00:00  -  Run Local Usage
		Usr 0 00:00:20, Sys 0 00:00:02  -  Total Remote Usage
		Usr 0 00:00:00, Sys 0 00:00:00  -  Total Local Usage
	19073  -  Run Bytes Sent By Job
	0  -  Run Bytes Received By Job
	19073  -  Total Bytes Sent By Job
	0  -  Total Bytes Received By Job
	Partitionable Resources :    Usage  Request Allocated 
	   Cpus                 :                 1         1 
	   Disk (KB)            :       91        2    312194 
	   Memory (MB)          :      648     2048      2048 

	Job terminated of its own accord at 2023-12-14T10:29:29Z with exit-code 0.
...
