000 (1972984.000.000) 2023-12-14 02:17:50 Job submitted from host: <172.24.33.226:11547?addrs=172.24.33.226-11547&alias=sdfrome002.sdf.slac.stanford.edu>
    DAG Node: 36b324b2-9576-4af3-8467-12d9a53a3ff8_ptcIsr_2023111200486_23
...
040 (1972984.000.000) 2023-12-14 02:29:35 Finished transferring input files
...
001 (1972984.000.000) 2023-12-14 02:29:36 Job executing on host: <172.24.33.124:33703?CCBID=172.24.33.225:9618%3faddrs%3d172.24.33.225-9618%26alias%3dsdfrome001.sdf.slac.stanford.edu#6220014&PrivNet=sdfrome059.sdf.slac.stanford.edu&addrs=172.24.33.124-33703&alias=sdfrome059.sdf.slac.stanford.edu>
	SlotName: slot_abrought_11420_1_13@sdfrome059.sdf.slac.stanford.edu
...
006 (1972984.000.000) 2023-12-14 02:29:46 Image size of job updated: 268100
	62  -  MemoryUsage of job (MB)
	62892  -  ResidentSetSize of job (KB)
...
006 (1972984.000.000) 2023-12-14 02:33:51 Image size of job updated: 2151600
	72  -  MemoryUsage of job (MB)
	72944  -  ResidentSetSize of job (KB)
...
040 (1972984.000.000) 2023-12-14 02:33:52 Started transferring output files
...
040 (1972984.000.000) 2023-12-14 02:33:52 Finished transferring output files
...
005 (1972984.000.000) 2023-12-14 02:33:52 Job terminated.
	(1) Normal termination (return value 0)
		Usr 0 00:00:19, Sys 0 00:00:03  -  Run Remote Usage
		Usr 0 00:00:00, Sys 0 00:00:00  -  Run Local Usage
		Usr 0 00:00:19, Sys 0 00:00:03  -  Total Remote Usage
		Usr 0 00:00:00, Sys 0 00:00:00  -  Total Local Usage
	19074  -  Run Bytes Sent By Job
	0  -  Run Bytes Received By Job
	19074  -  Total Bytes Sent By Job
	0  -  Total Bytes Received By Job
	Partitionable Resources :    Usage  Request Allocated 
	   Cpus                 :                 1         1 
	   Disk (KB)            :       91        2    312194 
	   Memory (MB)          :       72     2048      2048 

	Job terminated of its own accord at 2023-12-14T10:33:51Z with exit-code 0.
...
