000 (1971933.000.000) 2023-12-14 02:17:38 Job submitted from host: <172.24.33.226:11547?addrs=172.24.33.226-11547&alias=sdfrome002.sdf.slac.stanford.edu>
    DAG Node: 27b0740f-09e1-4fc5-97c1-570e52a50f1f_ptcIsr_2023111200866_23
...
040 (1971933.000.000) 2023-12-14 02:26:22 Finished transferring input files
...
001 (1971933.000.000) 2023-12-14 02:26:22 Job executing on host: <172.24.33.213:41467?CCBID=172.24.33.225:9618%3faddrs%3d172.24.33.225-9618%26alias%3dsdfrome001.sdf.slac.stanford.edu#6220037&PrivNet=sdfrome022.sdf.slac.stanford.edu&addrs=172.24.33.213-41467&alias=sdfrome022.sdf.slac.stanford.edu>
	SlotName: slot_abrought_435_1_11@sdfrome022.sdf.slac.stanford.edu
...
006 (1971933.000.000) 2023-12-14 02:26:31 Image size of job updated: 460
	1  -  MemoryUsage of job (MB)
	60  -  ResidentSetSize of job (KB)
...
006 (1971933.000.000) 2023-12-14 02:27:19 Image size of job updated: 2004728
	622  -  MemoryUsage of job (MB)
	636824  -  ResidentSetSize of job (KB)
...
040 (1971933.000.000) 2023-12-14 02:27:20 Started transferring output files
...
040 (1971933.000.000) 2023-12-14 02:27:20 Finished transferring output files
...
005 (1971933.000.000) 2023-12-14 02:27:20 Job terminated.
	(1) Normal termination (return value 0)
		Usr 0 00:00:23, Sys 0 00:00:03  -  Run Remote Usage
		Usr 0 00:00:00, Sys 0 00:00:00  -  Run Local Usage
		Usr 0 00:00:23, Sys 0 00:00:03  -  Total Remote Usage
		Usr 0 00:00:00, Sys 0 00:00:00  -  Total Local Usage
	18803  -  Run Bytes Sent By Job
	0  -  Run Bytes Received By Job
	18803  -  Total Bytes Sent By Job
	0  -  Total Bytes Received By Job
	Partitionable Resources :    Usage  Request Allocated 
	   Cpus                 :                 1         1 
	   Disk (KB)            :       90        2    312194 
	   Memory (MB)          :      622     2048      2048 

	Job terminated of its own accord at 2023-12-14T10:27:19Z with exit-code 0.
...
