000 (1972914.000.000) 2023-12-14 02:17:49 Job submitted from host: <172.24.33.226:11547?addrs=172.24.33.226-11547&alias=sdfrome002.sdf.slac.stanford.edu>
    DAG Node: 0ba8f3f3-0c03-4139-a065-dddcc25d3d8c_ptcIsr_2023111200539_23
...
040 (1972914.000.000) 2023-12-14 02:29:26 Finished transferring input files
...
001 (1972914.000.000) 2023-12-14 02:29:27 Job executing on host: <172.24.48.197:44589?CCBID=172.24.33.225:9618%3faddrs%3d172.24.33.225-9618%26alias%3dsdfrome001.sdf.slac.stanford.edu#6220121&PrivNet=sdfmilan125.sdf.slac.stanford.edu&addrs=172.24.48.197-44589&alias=sdfmilan125.sdf.slac.stanford.edu>
	SlotName: slot_abrought_7640_1_6@sdfmilan125.sdf.slac.stanford.edu
...
006 (1972914.000.000) 2023-12-14 02:29:36 Image size of job updated: 69764
	18  -  MemoryUsage of job (MB)
	17732  -  ResidentSetSize of job (KB)
...
006 (1972914.000.000) 2023-12-14 02:34:33 Image size of job updated: 2177100
	642  -  MemoryUsage of job (MB)
	656988  -  ResidentSetSize of job (KB)
...
040 (1972914.000.000) 2023-12-14 02:34:33 Started transferring output files
...
040 (1972914.000.000) 2023-12-14 02:34:33 Finished transferring output files
...
005 (1972914.000.000) 2023-12-14 02:34:33 Job terminated.
	(1) Normal termination (return value 0)
		Usr 0 00:00:22, Sys 0 00:00:02  -  Run Remote Usage
		Usr 0 00:00:00, Sys 0 00:00:00  -  Run Local Usage
		Usr 0 00:00:22, Sys 0 00:00:02  -  Total Remote Usage
		Usr 0 00:00:00, Sys 0 00:00:00  -  Total Local Usage
	19074  -  Run Bytes Sent By Job
	0  -  Run Bytes Received By Job
	19074  -  Total Bytes Sent By Job
	0  -  Total Bytes Received By Job
	Partitionable Resources :    Usage  Request Allocated 
	   Cpus                 :     0.03        1         1 
	   Disk (KB)            :    97           2    305890 
	   Memory (MB)          :   642        2048      2048 

	Job terminated of its own accord at 2023-12-14T10:34:33Z with exit-code 0.
...
