000 (1971146.000.000) 2023-12-14 02:17:30 Job submitted from host: <172.24.33.226:11547?addrs=172.24.33.226-11547&alias=sdfrome002.sdf.slac.stanford.edu>
    DAG Node: c3320f69-a20e-4ab3-a7a3-4cb727949d76_ptcIsr_2023111301193_23
...
040 (1971146.000.000) 2023-12-14 02:24:09 Finished transferring input files
...
001 (1971146.000.000) 2023-12-14 02:24:09 Job executing on host: <172.24.33.213:41587?CCBID=172.24.33.225:9618%3faddrs%3d172.24.33.225-9618%26alias%3dsdfrome001.sdf.slac.stanford.edu#6220036&PrivNet=sdfrome022.sdf.slac.stanford.edu&addrs=172.24.33.213-41587&alias=sdfrome022.sdf.slac.stanford.edu>
	SlotName: slot_abrought_5117_1_3@sdfrome022.sdf.slac.stanford.edu
...
006 (1971146.000.000) 2023-12-14 02:24:18 Image size of job updated: 26000
	10  -  MemoryUsage of job (MB)
	9520  -  ResidentSetSize of job (KB)
...
006 (1971146.000.000) 2023-12-14 02:27:00 Image size of job updated: 2194292
	617  -  MemoryUsage of job (MB)
	631520  -  ResidentSetSize of job (KB)
...
040 (1971146.000.000) 2023-12-14 02:27:00 Started transferring output files
...
040 (1971146.000.000) 2023-12-14 02:27:00 Finished transferring output files
...
005 (1971146.000.000) 2023-12-14 02:27:02 Job terminated.
	(1) Normal termination (return value 0)
		Usr 0 00:00:18, Sys 0 00:00:02  -  Run Remote Usage
		Usr 0 00:00:00, Sys 0 00:00:00  -  Run Local Usage
		Usr 0 00:00:18, Sys 0 00:00:02  -  Total Remote Usage
		Usr 0 00:00:00, Sys 0 00:00:00  -  Total Local Usage
	18804  -  Run Bytes Sent By Job
	0  -  Run Bytes Received By Job
	18804  -  Total Bytes Sent By Job
	0  -  Total Bytes Received By Job
	Partitionable Resources :    Usage  Request Allocated 
	   Cpus                 :     0.05        1         1 
	   Disk (KB)            :    97           2    312194 
	   Memory (MB)          :   617        2048      2048 

	Job terminated of its own accord at 2023-12-14T10:27:00Z with exit-code 0.
...
