000 (1971917.000.000) 2023-12-14 02:17:37 Job submitted from host: <172.24.33.226:11547?addrs=172.24.33.226-11547&alias=sdfrome002.sdf.slac.stanford.edu>
    DAG Node: 91cd8fe2-50f8-492b-8cf0-a86f56efc3bd_ptcIsr_2023111200584_23
...
040 (1971917.000.000) 2023-12-14 02:26:20 Finished transferring input files
...
001 (1971917.000.000) 2023-12-14 02:26:20 Job executing on host: <172.24.33.124:44469?CCBID=172.24.33.225:9618%3faddrs%3d172.24.33.225-9618%26alias%3dsdfrome001.sdf.slac.stanford.edu#6220017&PrivNet=sdfrome059.sdf.slac.stanford.edu&addrs=172.24.33.124-44469&alias=sdfrome059.sdf.slac.stanford.edu>
	SlotName: slot_abrought_2668_1_15@sdfrome059.sdf.slac.stanford.edu
...
006 (1971917.000.000) 2023-12-14 02:26:29 Image size of job updated: 2
	6  -  MemoryUsage of job (MB)
	5132  -  ResidentSetSize of job (KB)
...
006 (1971917.000.000) 2023-12-14 02:27:28 Image size of job updated: 2131560
	611  -  MemoryUsage of job (MB)
	625592  -  ResidentSetSize of job (KB)
...
040 (1971917.000.000) 2023-12-14 02:27:28 Started transferring output files
...
040 (1971917.000.000) 2023-12-14 02:27:28 Finished transferring output files
...
005 (1971917.000.000) 2023-12-14 02:27:29 Job terminated.
	(1) Normal termination (return value 0)
		Usr 0 00:00:20, Sys 0 00:00:04  -  Run Remote Usage
		Usr 0 00:00:00, Sys 0 00:00:00  -  Run Local Usage
		Usr 0 00:00:20, Sys 0 00:00:04  -  Total Remote Usage
		Usr 0 00:00:00, Sys 0 00:00:00  -  Total Local Usage
	19075  -  Run Bytes Sent By Job
	0  -  Run Bytes Received By Job
	19075  -  Total Bytes Sent By Job
	0  -  Total Bytes Received By Job
	Partitionable Resources :    Usage  Request Allocated 
	   Cpus                 :                 1         1 
	   Disk (KB)            :       91        2    312194 
	   Memory (MB)          :      611     2048      2048 

	Job terminated of its own accord at 2023-12-14T10:27:28Z with exit-code 0.
...
