000 (1969426.000.000) 2023-12-14 02:17:09 Job submitted from host: <172.24.33.226:11547?addrs=172.24.33.226-11547&alias=sdfrome002.sdf.slac.stanford.edu>
    DAG Node: 3842c31e-6fe0-4fdd-b6ec-a6b6c5285918_ptcIsr_2023111201430_23
...
040 (1969426.000.000) 2023-12-14 02:17:10 Finished transferring input files
...
001 (1969426.000.000) 2023-12-14 02:17:11 Job executing on host: <172.24.48.185:41489?CCBID=172.24.33.225:9618%3faddrs%3d172.24.33.225-9618%26alias%3dsdfrome001.sdf.slac.stanford.edu#6219699&PrivNet=sdfmilan113.sdf.slac.stanford.edu&addrs=172.24.48.185-41489&alias=sdfmilan113.sdf.slac.stanford.edu>
	SlotName: slot_abrought_18623_1_18@sdfmilan113.sdf.slac.stanford.edu
...
006 (1969426.000.000) 2023-12-14 02:17:19 Image size of job updated: 27348
	11  -  MemoryUsage of job (MB)
	10552  -  ResidentSetSize of job (KB)
...
006 (1969426.000.000) 2023-12-14 02:18:13 Image size of job updated: 2103028
	630  -  MemoryUsage of job (MB)
	644840  -  ResidentSetSize of job (KB)
...
040 (1969426.000.000) 2023-12-14 02:18:13 Started transferring output files
...
040 (1969426.000.000) 2023-12-14 02:18:13 Finished transferring output files
...
005 (1969426.000.000) 2023-12-14 02:18:13 Job terminated.
	(1) Normal termination (return value 0)
		Usr 0 00:00:19, Sys 0 00:00:03  -  Run Remote Usage
		Usr 0 00:00:00, Sys 0 00:00:00  -  Run Local Usage
		Usr 0 00:00:19, Sys 0 00:00:03  -  Total Remote Usage
		Usr 0 00:00:00, Sys 0 00:00:00  -  Total Local Usage
	18803  -  Run Bytes Sent By Job
	0  -  Run Bytes Received By Job
	18803  -  Total Bytes Sent By Job
	0  -  Total Bytes Received By Job
	Partitionable Resources :    Usage  Request Allocated 
	   Cpus                 :                 1         1 
	   Disk (KB)            :       90        2    312194 
	   Memory (MB)          :      630     2048      2048 

	Job terminated of its own accord at 2023-12-14T10:18:13Z with exit-code 0.
...
