000 (1971244.000.000) 2023-12-14 02:17:30 Job submitted from host: <172.24.33.226:11547?addrs=172.24.33.226-11547&alias=sdfrome002.sdf.slac.stanford.edu>
    DAG Node: ade6489c-dbff-4a96-bd2c-c01c4ebdc6e3_ptcIsr_2023111200527_23
...
040 (1971244.000.000) 2023-12-14 02:24:31 Finished transferring input files
...
001 (1971244.000.000) 2023-12-14 02:24:31 Job executing on host: <172.24.33.213:41467?CCBID=172.24.33.225:9618%3faddrs%3d172.24.33.225-9618%26alias%3dsdfrome001.sdf.slac.stanford.edu#6220037&PrivNet=sdfrome022.sdf.slac.stanford.edu&addrs=172.24.33.213-41467&alias=sdfrome022.sdf.slac.stanford.edu>
	SlotName: slot_abrought_435_1_11@sdfrome022.sdf.slac.stanford.edu
...
006 (1971244.000.000) 2023-12-14 02:24:40 Image size of job updated: 329604
	117  -  MemoryUsage of job (MB)
	119304  -  ResidentSetSize of job (KB)
...
006 (1971244.000.000) 2023-12-14 02:25:23 Image size of job updated: 2068644
	117  -  MemoryUsage of job (MB)
	119304  -  ResidentSetSize of job (KB)
...
040 (1971244.000.000) 2023-12-14 02:25:24 Started transferring output files
...
040 (1971244.000.000) 2023-12-14 02:25:24 Finished transferring output files
...
005 (1971244.000.000) 2023-12-14 02:25:24 Job terminated.
	(1) Normal termination (return value 0)
		Usr 0 00:00:25, Sys 0 00:00:04  -  Run Remote Usage
		Usr 0 00:00:00, Sys 0 00:00:00  -  Run Local Usage
		Usr 0 00:00:25, Sys 0 00:00:04  -  Total Remote Usage
		Usr 0 00:00:00, Sys 0 00:00:00  -  Total Local Usage
	18533  -  Run Bytes Sent By Job
	0  -  Run Bytes Received By Job
	18533  -  Total Bytes Sent By Job
	0  -  Total Bytes Received By Job
	Partitionable Resources :    Usage  Request Allocated 
	   Cpus                 :                 1         1 
	   Disk (KB)            :       90        2    312194 
	   Memory (MB)          :      117     2048      2048 

	Job terminated of its own accord at 2023-12-14T10:25:23Z with exit-code 0.
...
