000 (1972430.000.000) 2023-12-14 02:17:43 Job submitted from host: <172.24.33.226:11547?addrs=172.24.33.226-11547&alias=sdfrome002.sdf.slac.stanford.edu>
    DAG Node: 3a2f30d0-4068-4323-ba36-dcacaa429470_ptcIsr_2023111101449_23
...
040 (1972430.000.000) 2023-12-14 02:27:53 Finished transferring input files
...
001 (1972430.000.000) 2023-12-14 02:27:53 Job executing on host: <172.24.33.143:37205?CCBID=172.24.33.225:9618%3faddrs%3d172.24.33.225-9618%26alias%3dsdfrome001.sdf.slac.stanford.edu#6220499&PrivNet=sdfrome078.sdf.slac.stanford.edu&addrs=172.24.33.143-37205&alias=sdfrome078.sdf.slac.stanford.edu>
	SlotName: slot_abrought_7348_1_1@sdfrome078.sdf.slac.stanford.edu
...
006 (1972430.000.000) 2023-12-14 02:28:01 Image size of job updated: 280760
	74  -  MemoryUsage of job (MB)
	75116  -  ResidentSetSize of job (KB)
...
006 (1972430.000.000) 2023-12-14 02:28:58 Image size of job updated: 2076836
	614  -  MemoryUsage of job (MB)
	628588  -  ResidentSetSize of job (KB)
...
040 (1972430.000.000) 2023-12-14 02:28:58 Started transferring output files
...
040 (1972430.000.000) 2023-12-14 02:28:58 Finished transferring output files
...
005 (1972430.000.000) 2023-12-14 02:28:58 Job terminated.
	(1) Normal termination (return value 0)
		Usr 0 00:00:25, Sys 0 00:00:03  -  Run Remote Usage
		Usr 0 00:00:00, Sys 0 00:00:00  -  Run Local Usage
		Usr 0 00:00:25, Sys 0 00:00:03  -  Total Remote Usage
		Usr 0 00:00:00, Sys 0 00:00:00  -  Total Local Usage
	18532  -  Run Bytes Sent By Job
	0  -  Run Bytes Received By Job
	18532  -  Total Bytes Sent By Job
	0  -  Total Bytes Received By Job
	Partitionable Resources :    Usage  Request Allocated 
	   Cpus                 :                 1         1 
	   Disk (KB)            :       90        2    312194 
	   Memory (MB)          :      614     2048      2048 

	Job terminated of its own accord at 2023-12-14T10:28:58Z with exit-code 0.
...
