000 (1971942.000.000) 2023-12-14 02:17:38 Job submitted from host: <172.24.33.226:11547?addrs=172.24.33.226-11547&alias=sdfrome002.sdf.slac.stanford.edu>
    DAG Node: 15ae4635-5f12-4271-b840-32920de90127_ptcIsr_2023111101201_23
...
040 (1971942.000.000) 2023-12-14 02:26:26 Finished transferring input files
...
001 (1971942.000.000) 2023-12-14 02:26:26 Job executing on host: <172.24.48.186:33679?CCBID=172.24.33.225:9618%3faddrs%3d172.24.33.225-9618%26alias%3dsdfrome001.sdf.slac.stanford.edu#6219700&PrivNet=sdfmilan114.sdf.slac.stanford.edu&addrs=172.24.48.186-33679&alias=sdfmilan114.sdf.slac.stanford.edu>
	SlotName: slot_abrought_14493_1_23@sdfmilan114.sdf.slac.stanford.edu
...
006 (1971942.000.000) 2023-12-14 02:26:34 Image size of job updated: 280756
	74  -  MemoryUsage of job (MB)
	74852  -  ResidentSetSize of job (KB)
...
006 (1971942.000.000) 2023-12-14 02:27:23 Image size of job updated: 2186144
	624  -  MemoryUsage of job (MB)
	638916  -  ResidentSetSize of job (KB)
...
040 (1971942.000.000) 2023-12-14 02:27:23 Started transferring output files
...
040 (1971942.000.000) 2023-12-14 02:27:23 Finished transferring output files
...
005 (1971942.000.000) 2023-12-14 02:27:23 Job terminated.
	(1) Normal termination (return value 0)
		Usr 0 00:00:19, Sys 0 00:00:02  -  Run Remote Usage
		Usr 0 00:00:00, Sys 0 00:00:00  -  Run Local Usage
		Usr 0 00:00:19, Sys 0 00:00:02  -  Total Remote Usage
		Usr 0 00:00:00, Sys 0 00:00:00  -  Total Local Usage
	19076  -  Run Bytes Sent By Job
	0  -  Run Bytes Received By Job
	19076  -  Total Bytes Sent By Job
	0  -  Total Bytes Received By Job
	Partitionable Resources :    Usage  Request Allocated 
	   Cpus                 :     0.11        1         1 
	   Disk (KB)            :    97           2    312193 
	   Memory (MB)          :   624        2048      2048 

	Job terminated of its own accord at 2023-12-14T10:27:23Z with exit-code 0.
...
