000 (1971442.000.000) 2023-12-14 02:17:31 Job submitted from host: <172.24.33.226:11547?addrs=172.24.33.226-11547&alias=sdfrome002.sdf.slac.stanford.edu>
    DAG Node: 3311991b-bd45-4fdc-aa8e-af0fde804cbc_ptcIsr_2023111101491_23
...
040 (1971442.000.000) 2023-12-14 02:25:05 Finished transferring input files
...
001 (1971442.000.000) 2023-12-14 02:25:05 Job executing on host: <172.24.33.147:42953?CCBID=172.24.33.225:9618%3faddrs%3d172.24.33.225-9618%26alias%3dsdfrome001.sdf.slac.stanford.edu#6219703&PrivNet=sdfrome082.sdf.slac.stanford.edu&addrs=172.24.33.147-42953&alias=sdfrome082.sdf.slac.stanford.edu>
	SlotName: slot_abrought_48_1_21@sdfrome082.sdf.slac.stanford.edu
...
006 (1971442.000.000) 2023-12-14 02:25:14 Image size of job updated: 346632
	132  -  MemoryUsage of job (MB)
	135020  -  ResidentSetSize of job (KB)
...
006 (1971442.000.000) 2023-12-14 02:25:58 Image size of job updated: 2214180
	1372  -  MemoryUsage of job (MB)
	1404020  -  ResidentSetSize of job (KB)
...
040 (1971442.000.000) 2023-12-14 02:25:58 Started transferring output files
...
040 (1971442.000.000) 2023-12-14 02:25:58 Finished transferring output files
...
005 (1971442.000.000) 2023-12-14 02:25:58 Job terminated.
	(1) Normal termination (return value 0)
		Usr 0 00:00:21, Sys 0 00:00:03  -  Run Remote Usage
		Usr 0 00:00:00, Sys 0 00:00:00  -  Run Local Usage
		Usr 0 00:00:21, Sys 0 00:00:03  -  Total Remote Usage
		Usr 0 00:00:00, Sys 0 00:00:00  -  Total Local Usage
	19073  -  Run Bytes Sent By Job
	0  -  Run Bytes Received By Job
	19073  -  Total Bytes Sent By Job
	0  -  Total Bytes Received By Job
	Partitionable Resources :    Usage  Request Allocated 
	   Cpus                 :                 1         1 
	   Disk (KB)            :       91        2    312116 
	   Memory (MB)          :     1372     2048      2048 

	Job terminated of its own accord at 2023-12-14T10:25:58Z with exit-code 0.
...
