000 (1972315.000.000) 2023-12-14 02:17:43 Job submitted from host: <172.24.33.226:11547?addrs=172.24.33.226-11547&alias=sdfrome002.sdf.slac.stanford.edu>
    DAG Node: 17431297-9d55-42bc-a223-1075c5b80fdf_ptcIsr_2023111200467_23
...
040 (1972315.000.000) 2023-12-14 02:27:31 Finished transferring input files
...
001 (1972315.000.000) 2023-12-14 02:27:31 Job executing on host: <172.24.48.193:46283?CCBID=172.24.33.225:9618%3faddrs%3d172.24.33.225-9618%26alias%3dsdfrome001.sdf.slac.stanford.edu#6219697&PrivNet=sdfmilan121.sdf.slac.stanford.edu&addrs=172.24.48.193-46283&alias=sdfmilan121.sdf.slac.stanford.edu>
	SlotName: slot_abrought_10210_1_22@sdfmilan121.sdf.slac.stanford.edu
...
006 (1972315.000.000) 2023-12-14 02:27:40 Image size of job updated: 295220
	87  -  MemoryUsage of job (MB)
	88588  -  ResidentSetSize of job (KB)
...
006 (1972315.000.000) 2023-12-14 02:28:27 Image size of job updated: 2004816
	1266  -  MemoryUsage of job (MB)
	1296308  -  ResidentSetSize of job (KB)
...
040 (1972315.000.000) 2023-12-14 02:28:27 Started transferring output files
...
040 (1972315.000.000) 2023-12-14 02:28:27 Finished transferring output files
...
005 (1972315.000.000) 2023-12-14 02:28:28 Job terminated.
	(1) Normal termination (return value 0)
		Usr 0 00:00:19, Sys 0 00:00:03  -  Run Remote Usage
		Usr 0 00:00:00, Sys 0 00:00:00  -  Run Local Usage
		Usr 0 00:00:19, Sys 0 00:00:03  -  Total Remote Usage
		Usr 0 00:00:00, Sys 0 00:00:00  -  Total Local Usage
	18806  -  Run Bytes Sent By Job
	0  -  Run Bytes Received By Job
	18806  -  Total Bytes Sent By Job
	0  -  Total Bytes Received By Job
	Partitionable Resources :    Usage  Request Allocated 
	   Cpus                 :                 1         1 
	   Disk (KB)            :       90        2    311595 
	   Memory (MB)          :     1266     2048      2048 

	Job terminated of its own accord at 2023-12-14T10:28:27Z with exit-code 0.
...
