000 (1970442.000.000) 2023-12-14 02:17:19 Job submitted from host: <172.24.33.226:11547?addrs=172.24.33.226-11547&alias=sdfrome002.sdf.slac.stanford.edu>
    DAG Node: fcbaa9ec-d7eb-4f8d-8297-a8461e514531_ptcIsr_2023111101690_23
...
040 (1970442.000.000) 2023-12-14 02:21:55 Finished transferring input files
...
001 (1970442.000.000) 2023-12-14 02:21:55 Job executing on host: <172.24.33.143:42517?CCBID=172.24.33.225:9618%3faddrs%3d172.24.33.225-9618%26alias%3dsdfrome001.sdf.slac.stanford.edu#6220496&PrivNet=sdfrome078.sdf.slac.stanford.edu&addrs=172.24.33.143-42517&alias=sdfrome078.sdf.slac.stanford.edu>
	SlotName: slot_abrought_19079_1_4@sdfrome078.sdf.slac.stanford.edu
...
006 (1970442.000.000) 2023-12-14 02:22:04 Image size of job updated: 463468
	209  -  MemoryUsage of job (MB)
	213060  -  ResidentSetSize of job (KB)
...
006 (1970442.000.000) 2023-12-14 02:22:56 Image size of job updated: 2262400
	622  -  MemoryUsage of job (MB)
	636340  -  ResidentSetSize of job (KB)
...
040 (1970442.000.000) 2023-12-14 02:22:56 Started transferring output files
...
040 (1970442.000.000) 2023-12-14 02:22:56 Finished transferring output files
...
005 (1970442.000.000) 2023-12-14 02:22:56 Job terminated.
	(1) Normal termination (return value 0)
		Usr 0 00:00:32, Sys 0 00:00:05  -  Run Remote Usage
		Usr 0 00:00:00, Sys 0 00:00:00  -  Run Local Usage
		Usr 0 00:00:32, Sys 0 00:00:05  -  Total Remote Usage
		Usr 0 00:00:00, Sys 0 00:00:00  -  Total Local Usage
	19073  -  Run Bytes Sent By Job
	0  -  Run Bytes Received By Job
	19073  -  Total Bytes Sent By Job
	0  -  Total Bytes Received By Job
	Partitionable Resources :    Usage  Request Allocated 
	   Cpus                 :                 1         1 
	   Disk (KB)            :       91        2    312194 
	   Memory (MB)          :      622     2048      2048 

	Job terminated of its own accord at 2023-12-14T10:22:56Z with exit-code 0.
...
