000 (1971804.000.000) 2023-12-14 02:17:37 Job submitted from host: <172.24.33.226:11547?addrs=172.24.33.226-11547&alias=sdfrome002.sdf.slac.stanford.edu>
    DAG Node: 5862e65f-f16a-403a-925b-75f6a1cfba3a_ptcIsr_2023111101611_23
...
040 (1971804.000.000) 2023-12-14 02:26:02 Finished transferring input files
...
001 (1971804.000.000) 2023-12-14 02:26:02 Job executing on host: <172.24.48.186:33679?CCBID=172.24.33.225:9618%3faddrs%3d172.24.33.225-9618%26alias%3dsdfrome001.sdf.slac.stanford.edu#6219700&PrivNet=sdfmilan114.sdf.slac.stanford.edu&addrs=172.24.48.186-33679&alias=sdfmilan114.sdf.slac.stanford.edu>
	SlotName: slot_abrought_14493_1_21@sdfmilan114.sdf.slac.stanford.edu
...
006 (1971804.000.000) 2023-12-14 02:26:10 Image size of job updated: 327612
	114  -  MemoryUsage of job (MB)
	116556  -  ResidentSetSize of job (KB)
...
006 (1971804.000.000) 2023-12-14 02:26:58 Image size of job updated: 2214532
	657  -  MemoryUsage of job (MB)
	671768  -  ResidentSetSize of job (KB)
...
040 (1971804.000.000) 2023-12-14 02:26:58 Started transferring output files
...
040 (1971804.000.000) 2023-12-14 02:26:58 Finished transferring output files
...
005 (1971804.000.000) 2023-12-14 02:26:58 Job terminated.
	(1) Normal termination (return value 0)
		Usr 0 00:00:21, Sys 0 00:00:02  -  Run Remote Usage
		Usr 0 00:00:00, Sys 0 00:00:00  -  Run Local Usage
		Usr 0 00:00:21, Sys 0 00:00:02  -  Total Remote Usage
		Usr 0 00:00:00, Sys 0 00:00:00  -  Total Local Usage
	19073  -  Run Bytes Sent By Job
	0  -  Run Bytes Received By Job
	19073  -  Total Bytes Sent By Job
	0  -  Total Bytes Received By Job
	Partitionable Resources :    Usage  Request Allocated 
	   Cpus                 :     0.62        1         1 
	   Disk (KB)            :    97           2    312193 
	   Memory (MB)          :   657        2048      2048 

	Job terminated of its own accord at 2023-12-14T10:26:58Z with exit-code 0.
...
