000 (1970895.000.000) 2023-12-14 02:17:25 Job submitted from host: <172.24.33.226:11547?addrs=172.24.33.226-11547&alias=sdfrome002.sdf.slac.stanford.edu>
    DAG Node: b9ce1d91-64e0-447c-bf8e-54013fa1d710_ptcIsr_2023111200365_23
...
040 (1970895.000.000) 2023-12-14 02:23:27 Finished transferring input files
...
001 (1970895.000.000) 2023-12-14 02:23:27 Job executing on host: <172.24.48.149:38613?CCBID=172.24.33.225:9618%3faddrs%3d172.24.33.225-9618%26alias%3dsdfrome001.sdf.slac.stanford.edu#6219698&PrivNet=sdfmilan049.sdf.slac.stanford.edu&addrs=172.24.48.149-38613&alias=sdfmilan049.sdf.slac.stanford.edu>
	SlotName: slot_abrought_1727_1_20@sdfmilan049.sdf.slac.stanford.edu
...
006 (1970895.000.000) 2023-12-14 02:23:36 Image size of job updated: 32936
	18  -  MemoryUsage of job (MB)
	17436  -  ResidentSetSize of job (KB)
...
006 (1970895.000.000) 2023-12-14 02:24:41 Image size of job updated: 2035584
	665  -  MemoryUsage of job (MB)
	680440  -  ResidentSetSize of job (KB)
...
040 (1970895.000.000) 2023-12-14 02:24:41 Started transferring output files
...
040 (1970895.000.000) 2023-12-14 02:24:41 Finished transferring output files
...
005 (1970895.000.000) 2023-12-14 02:24:41 Job terminated.
	(1) Normal termination (return value 0)
		Usr 0 00:00:21, Sys 0 00:00:02  -  Run Remote Usage
		Usr 0 00:00:00, Sys 0 00:00:00  -  Run Local Usage
		Usr 0 00:00:21, Sys 0 00:00:02  -  Total Remote Usage
		Usr 0 00:00:00, Sys 0 00:00:00  -  Total Local Usage
	18533  -  Run Bytes Sent By Job
	0  -  Run Bytes Received By Job
	18533  -  Total Bytes Sent By Job
	0  -  Total Bytes Received By Job
	Partitionable Resources :    Usage  Request Allocated 
	   Cpus                 :                 1         1 
	   Disk (KB)            :       90        2    312194 
	   Memory (MB)          :      665     2048      2048 

	Job terminated of its own accord at 2023-12-14T10:24:41Z with exit-code 0.
...
