000 (1971518.000.000) 2023-12-14 02:17:35 Job submitted from host: <172.24.33.226:11547?addrs=172.24.33.226-11547&alias=sdfrome002.sdf.slac.stanford.edu>
    DAG Node: 79c50f77-e973-40cd-8f73-217e3b130d9a_ptcIsr_2023111201710_23
...
040 (1971518.000.000) 2023-12-14 02:25:18 Finished transferring input files
...
001 (1971518.000.000) 2023-12-14 02:25:18 Job executing on host: <172.24.48.197:44589?CCBID=172.24.33.225:9618%3faddrs%3d172.24.33.225-9618%26alias%3dsdfrome001.sdf.slac.stanford.edu#6220121&PrivNet=sdfmilan125.sdf.slac.stanford.edu&addrs=172.24.48.197-44589&alias=sdfmilan125.sdf.slac.stanford.edu>
	SlotName: slot_abrought_7640_1_19@sdfmilan125.sdf.slac.stanford.edu
...
006 (1971518.000.000) 2023-12-14 02:25:28 Image size of job updated: 280760
	74  -  MemoryUsage of job (MB)
	75308  -  ResidentSetSize of job (KB)
...
006 (1971518.000.000) 2023-12-14 02:30:18 Image size of job updated: 2242152
	632  -  MemoryUsage of job (MB)
	646192  -  ResidentSetSize of job (KB)
...
040 (1971518.000.000) 2023-12-14 02:30:19 Started transferring output files
...
040 (1971518.000.000) 2023-12-14 02:30:19 Finished transferring output files
...
005 (1971518.000.000) 2023-12-14 02:30:19 Job terminated.
	(1) Normal termination (return value 0)
		Usr 0 00:00:22, Sys 0 00:00:03  -  Run Remote Usage
		Usr 0 00:00:00, Sys 0 00:00:00  -  Run Local Usage
		Usr 0 00:00:22, Sys 0 00:00:03  -  Total Remote Usage
		Usr 0 00:00:00, Sys 0 00:00:00  -  Total Local Usage
	19074  -  Run Bytes Sent By Job
	0  -  Run Bytes Received By Job
	19074  -  Total Bytes Sent By Job
	0  -  Total Bytes Received By Job
	Partitionable Resources :    Usage  Request Allocated 
	   Cpus                 :     0.14        1         1 
	   Disk (KB)            :    97           2    305890 
	   Memory (MB)          :   632        2048      2048 

	Job terminated of its own accord at 2023-12-14T10:30:18Z with exit-code 0.
...
