000 (1970853.000.000) 2023-12-14 02:17:25 Job submitted from host: <172.24.33.226:11547?addrs=172.24.33.226-11547&alias=sdfrome002.sdf.slac.stanford.edu>
    DAG Node: d0651199-6c71-437e-a09b-e3e7442706db_ptcIsr_2023111202607_23
...
040 (1970853.000.000) 2023-12-14 02:23:16 Finished transferring input files
...
001 (1970853.000.000) 2023-12-14 02:23:16 Job executing on host: <172.24.48.193:46283?CCBID=172.24.33.225:9618%3faddrs%3d172.24.33.225-9618%26alias%3dsdfrome001.sdf.slac.stanford.edu#6219697&PrivNet=sdfmilan121.sdf.slac.stanford.edu&addrs=172.24.48.193-46283&alias=sdfmilan121.sdf.slac.stanford.edu>
	SlotName: slot_abrought_10210_1_15@sdfmilan121.sdf.slac.stanford.edu
...
006 (1970853.000.000) 2023-12-14 02:23:25 Image size of job updated: 323768
	111  -  MemoryUsage of job (MB)
	113312  -  ResidentSetSize of job (KB)
...
006 (1970853.000.000) 2023-12-14 02:24:11 Image size of job updated: 2130608
	613  -  MemoryUsage of job (MB)
	626980  -  ResidentSetSize of job (KB)
...
040 (1970853.000.000) 2023-12-14 02:24:11 Started transferring output files
...
040 (1970853.000.000) 2023-12-14 02:24:11 Finished transferring output files
...
005 (1970853.000.000) 2023-12-14 02:24:11 Job terminated.
	(1) Normal termination (return value 0)
		Usr 0 00:00:24, Sys 0 00:00:03  -  Run Remote Usage
		Usr 0 00:00:00, Sys 0 00:00:00  -  Run Local Usage
		Usr 0 00:00:24, Sys 0 00:00:03  -  Total Remote Usage
		Usr 0 00:00:00, Sys 0 00:00:00  -  Total Local Usage
	18803  -  Run Bytes Sent By Job
	0  -  Run Bytes Received By Job
	18803  -  Total Bytes Sent By Job
	0  -  Total Bytes Received By Job
	Partitionable Resources :    Usage  Request Allocated 
	   Cpus                 :                 1         1 
	   Disk (KB)            :       90        2    311595 
	   Memory (MB)          :      613     2048      2048 

	Job terminated of its own accord at 2023-12-14T10:24:11Z with exit-code 0.
...
