000 (1971437.000.000) 2023-12-14 02:17:31 Job submitted from host: <172.24.33.226:11547?addrs=172.24.33.226-11547&alias=sdfrome002.sdf.slac.stanford.edu>
    DAG Node: 437de551-4a5e-417b-abc5-3e4933d19065_ptcIsr_2023111200989_23
...
040 (1971437.000.000) 2023-12-14 02:25:04 Finished transferring input files
...
001 (1971437.000.000) 2023-12-14 02:25:04 Job executing on host: <172.24.33.124:44469?CCBID=172.24.33.225:9618%3faddrs%3d172.24.33.225-9618%26alias%3dsdfrome001.sdf.slac.stanford.edu#6220017&PrivNet=sdfrome059.sdf.slac.stanford.edu&addrs=172.24.33.124-44469&alias=sdfrome059.sdf.slac.stanford.edu>
	SlotName: slot_abrought_2668_1_3@sdfrome059.sdf.slac.stanford.edu
...
006 (1971437.000.000) 2023-12-14 02:25:13 Image size of job updated: 29628
	13  -  MemoryUsage of job (MB)
	13280  -  ResidentSetSize of job (KB)
...
006 (1971437.000.000) 2023-12-14 02:26:04 Image size of job updated: 2064516
	621  -  MemoryUsage of job (MB)
	635344  -  ResidentSetSize of job (KB)
...
040 (1971437.000.000) 2023-12-14 02:26:04 Started transferring output files
...
040 (1971437.000.000) 2023-12-14 02:26:04 Finished transferring output files
...
005 (1971437.000.000) 2023-12-14 02:26:04 Job terminated.
	(1) Normal termination (return value 0)
		Usr 0 00:00:21, Sys 0 00:00:04  -  Run Remote Usage
		Usr 0 00:00:00, Sys 0 00:00:00  -  Run Local Usage
		Usr 0 00:00:21, Sys 0 00:00:04  -  Total Remote Usage
		Usr 0 00:00:00, Sys 0 00:00:00  -  Total Local Usage
	18804  -  Run Bytes Sent By Job
	0  -  Run Bytes Received By Job
	18804  -  Total Bytes Sent By Job
	0  -  Total Bytes Received By Job
	Partitionable Resources :    Usage  Request Allocated 
	   Cpus                 :                 1         1 
	   Disk (KB)            :       90        2    312194 
	   Memory (MB)          :      621     2048      2048 

	Job terminated of its own accord at 2023-12-14T10:26:04Z with exit-code 0.
...
