000 (1969822.000.000) 2023-12-14 02:17:12 Job submitted from host: <172.24.33.226:11547?addrs=172.24.33.226-11547&alias=sdfrome002.sdf.slac.stanford.edu>
    DAG Node: 89ebad81-5177-4fd8-86fa-fc4533b5f171_ptcIsr_2023111101726_23
...
040 (1969822.000.000) 2023-12-14 02:20:10 Finished transferring input files
...
001 (1969822.000.000) 2023-12-14 02:20:10 Job executing on host: <172.24.33.213:43829?CCBID=172.24.33.225:9618%3faddrs%3d172.24.33.225-9618%26alias%3dsdfrome001.sdf.slac.stanford.edu#6220038&PrivNet=sdfrome022.sdf.slac.stanford.edu&addrs=172.24.33.213-43829&alias=sdfrome022.sdf.slac.stanford.edu>
	SlotName: slot_abrought_31850_1_8@sdfrome022.sdf.slac.stanford.edu
...
006 (1969822.000.000) 2023-12-14 02:20:19 Image size of job updated: 264192
	58  -  MemoryUsage of job (MB)
	59132  -  ResidentSetSize of job (KB)
...
006 (1969822.000.000) 2023-12-14 02:21:21 Image size of job updated: 2106120
	1377  -  MemoryUsage of job (MB)
	1409676  -  ResidentSetSize of job (KB)
...
040 (1969822.000.000) 2023-12-14 02:21:21 Started transferring output files
...
040 (1969822.000.000) 2023-12-14 02:21:21 Finished transferring output files
...
005 (1969822.000.000) 2023-12-14 02:21:21 Job terminated.
	(1) Normal termination (return value 0)
		Usr 0 00:00:29, Sys 0 00:00:11  -  Run Remote Usage
		Usr 0 00:00:00, Sys 0 00:00:00  -  Run Local Usage
		Usr 0 00:00:29, Sys 0 00:00:11  -  Total Remote Usage
		Usr 0 00:00:00, Sys 0 00:00:00  -  Total Local Usage
	18806  -  Run Bytes Sent By Job
	0  -  Run Bytes Received By Job
	18806  -  Total Bytes Sent By Job
	0  -  Total Bytes Received By Job
	Partitionable Resources :    Usage  Request Allocated 
	   Cpus                 :                 1         1 
	   Disk (KB)            :       90        2    312194 
	   Memory (MB)          :     1377     2048      2048 

	Job terminated of its own accord at 2023-12-14T10:21:21Z with exit-code 0.
...
