000 (1971112.000.000) 2023-12-14 02:17:30 Job submitted from host: <172.24.33.226:11547?addrs=172.24.33.226-11547&alias=sdfrome002.sdf.slac.stanford.edu>
    DAG Node: 086a2e4e-2aca-4099-90e6-9e094c540e68_ptcIsr_2023111202604_23
...
040 (1971112.000.000) 2023-12-14 02:24:03 Finished transferring input files
...
001 (1971112.000.000) 2023-12-14 02:24:03 Job executing on host: <172.24.33.124:44469?CCBID=172.24.33.225:9618%3faddrs%3d172.24.33.225-9618%26alias%3dsdfrome001.sdf.slac.stanford.edu#6220017&PrivNet=sdfrome059.sdf.slac.stanford.edu&addrs=172.24.33.124-44469&alias=sdfrome059.sdf.slac.stanford.edu>
	SlotName: slot_abrought_2668_1_15@sdfrome059.sdf.slac.stanford.edu
...
006 (1971112.000.000) 2023-12-14 02:24:11 Image size of job updated: 290800
	83  -  MemoryUsage of job (MB)
	84304  -  ResidentSetSize of job (KB)
...
006 (1971112.000.000) 2023-12-14 02:25:04 Image size of job updated: 2171124
	83  -  MemoryUsage of job (MB)
	84304  -  ResidentSetSize of job (KB)
...
040 (1971112.000.000) 2023-12-14 02:25:04 Started transferring output files
...
040 (1971112.000.000) 2023-12-14 02:25:04 Finished transferring output files
...
005 (1971112.000.000) 2023-12-14 02:25:04 Job terminated.
	(1) Normal termination (return value 0)
		Usr 0 00:00:17, Sys 0 00:00:03  -  Run Remote Usage
		Usr 0 00:00:00, Sys 0 00:00:00  -  Run Local Usage
		Usr 0 00:00:17, Sys 0 00:00:03  -  Total Remote Usage
		Usr 0 00:00:00, Sys 0 00:00:00  -  Total Local Usage
	18975  -  Run Bytes Sent By Job
	0  -  Run Bytes Received By Job
	18975  -  Total Bytes Sent By Job
	0  -  Total Bytes Received By Job
	Partitionable Resources :    Usage  Request Allocated 
	   Cpus                 :     0.15        1         1 
	   Disk (KB)            :    97           2    312194 
	   Memory (MB)          :    83        2048      2048 

	Job terminated of its own accord at 2023-12-14T10:25:04Z with exit-code 0.
...
