000 (1973094.000.000) 2023-12-14 02:17:53 Job submitted from host: <172.24.33.226:11547?addrs=172.24.33.226-11547&alias=sdfrome002.sdf.slac.stanford.edu>
    DAG Node: a485c373-969c-49c6-8486-d45260c6f864_ptcIsr_2023111203044_23
...
040 (1973094.000.000) 2023-12-14 02:29:51 Finished transferring input files
...
001 (1973094.000.000) 2023-12-14 02:29:51 Job executing on host: <172.24.48.185:41489?CCBID=172.24.33.225:9618%3faddrs%3d172.24.33.225-9618%26alias%3dsdfrome001.sdf.slac.stanford.edu#6219699&PrivNet=sdfmilan113.sdf.slac.stanford.edu&addrs=172.24.48.185-41489&alias=sdfmilan113.sdf.slac.stanford.edu>
	SlotName: slot_abrought_18623_1_16@sdfmilan113.sdf.slac.stanford.edu
...
006 (1973094.000.000) 2023-12-14 02:29:59 Image size of job updated: 287492
	80  -  MemoryUsage of job (MB)
	81468  -  ResidentSetSize of job (KB)
...
006 (1973094.000.000) 2023-12-14 02:30:57 Image size of job updated: 2136524
	80  -  MemoryUsage of job (MB)
	81468  -  ResidentSetSize of job (KB)
...
040 (1973094.000.000) 2023-12-14 02:30:57 Started transferring output files
...
040 (1973094.000.000) 2023-12-14 02:30:57 Finished transferring output files
...
005 (1973094.000.000) 2023-12-14 02:30:57 Job terminated.
	(1) Normal termination (return value 0)
		Usr 0 00:00:21, Sys 0 00:00:03  -  Run Remote Usage
		Usr 0 00:00:00, Sys 0 00:00:00  -  Run Local Usage
		Usr 0 00:00:21, Sys 0 00:00:03  -  Total Remote Usage
		Usr 0 00:00:00, Sys 0 00:00:00  -  Total Local Usage
	19073  -  Run Bytes Sent By Job
	0  -  Run Bytes Received By Job
	19073  -  Total Bytes Sent By Job
	0  -  Total Bytes Received By Job
	Partitionable Resources :    Usage  Request Allocated 
	   Cpus                 :                 1         1 
	   Disk (KB)            :       91        2    312194 
	   Memory (MB)          :       80     2048      2048 

	Job terminated of its own accord at 2023-12-14T10:30:57Z with exit-code 0.
...
