000 (1971781.000.000) 2023-12-14 02:17:37 Job submitted from host: <172.24.33.226:11547?addrs=172.24.33.226-11547&alias=sdfrome002.sdf.slac.stanford.edu>
    DAG Node: 8a5bac50-f0b1-44eb-8d16-04fc12b4452f_ptcIsr_2023111300384_23
...
040 (1971781.000.000) 2023-12-14 02:25:58 Finished transferring input files
...
001 (1971781.000.000) 2023-12-14 02:25:58 Job executing on host: <172.24.33.124:39661?CCBID=172.24.33.225:9618%3faddrs%3d172.24.33.225-9618%26alias%3dsdfrome001.sdf.slac.stanford.edu#6220018&PrivNet=sdfrome059.sdf.slac.stanford.edu&addrs=172.24.33.124-39661&alias=sdfrome059.sdf.slac.stanford.edu>
	SlotName: slot_abrought_25802_1_5@sdfrome059.sdf.slac.stanford.edu
...
006 (1971781.000.000) 2023-12-14 02:26:07 Image size of job updated: 434284
	188  -  MemoryUsage of job (MB)
	191640  -  ResidentSetSize of job (KB)
...
006 (1971781.000.000) 2023-12-14 02:26:43 Image size of job updated: 2197708
	606  -  MemoryUsage of job (MB)
	619756  -  ResidentSetSize of job (KB)
...
040 (1971781.000.000) 2023-12-14 02:26:43 Started transferring output files
...
040 (1971781.000.000) 2023-12-14 02:26:43 Finished transferring output files
...
005 (1971781.000.000) 2023-12-14 02:26:43 Job terminated.
	(1) Normal termination (return value 0)
		Usr 0 00:00:25, Sys 0 00:00:04  -  Run Remote Usage
		Usr 0 00:00:00, Sys 0 00:00:00  -  Run Local Usage
		Usr 0 00:00:25, Sys 0 00:00:04  -  Total Remote Usage
		Usr 0 00:00:00, Sys 0 00:00:00  -  Total Local Usage
	19072  -  Run Bytes Sent By Job
	0  -  Run Bytes Received By Job
	19072  -  Total Bytes Sent By Job
	0  -  Total Bytes Received By Job
	Partitionable Resources :    Usage  Request Allocated 
	   Cpus                 :                 1         1 
	   Disk (KB)            :       91        2    312194 
	   Memory (MB)          :      606     2048      2048 

	Job terminated of its own accord at 2023-12-14T10:26:43Z with exit-code 0.
...
