000 (1972008.000.000) 2023-12-14 02:17:40 Job submitted from host: <172.24.33.226:11547?addrs=172.24.33.226-11547&alias=sdfrome002.sdf.slac.stanford.edu>
    DAG Node: 42d0e5a1-86ed-41a0-8e64-9c3b695dc7d8_ptcIsr_2023111201431_23
...
040 (1972008.000.000) 2023-12-14 02:26:38 Finished transferring input files
...
001 (1972008.000.000) 2023-12-14 02:26:38 Job executing on host: <172.24.33.213:33037?CCBID=172.24.33.225:9618%3faddrs%3d172.24.33.225-9618%26alias%3dsdfrome001.sdf.slac.stanford.edu#6220039&PrivNet=sdfrome022.sdf.slac.stanford.edu&addrs=172.24.33.213-33037&alias=sdfrome022.sdf.slac.stanford.edu>
	SlotName: slot_abrought_15721_1_5@sdfrome022.sdf.slac.stanford.edu
...
006 (1972008.000.000) 2023-12-14 02:26:47 Image size of job updated: 269452
	63  -  MemoryUsage of job (MB)
	64440  -  ResidentSetSize of job (KB)
...
006 (1972008.000.000) 2023-12-14 02:27:48 Image size of job updated: 2117684
	635  -  MemoryUsage of job (MB)
	649900  -  ResidentSetSize of job (KB)
...
040 (1972008.000.000) 2023-12-14 02:27:48 Started transferring output files
...
040 (1972008.000.000) 2023-12-14 02:27:48 Finished transferring output files
...
005 (1972008.000.000) 2023-12-14 02:27:48 Job terminated.
	(1) Normal termination (return value 0)
		Usr 0 00:00:20, Sys 0 00:00:02  -  Run Remote Usage
		Usr 0 00:00:00, Sys 0 00:00:00  -  Run Local Usage
		Usr 0 00:00:20, Sys 0 00:00:02  -  Total Remote Usage
		Usr 0 00:00:00, Sys 0 00:00:00  -  Total Local Usage
	18805  -  Run Bytes Sent By Job
	0  -  Run Bytes Received By Job
	18805  -  Total Bytes Sent By Job
	0  -  Total Bytes Received By Job
	Partitionable Resources :    Usage  Request Allocated 
	   Cpus                 :                 1         1 
	   Disk (KB)            :       90        2    312194 
	   Memory (MB)          :      635     2048      2048 

	Job terminated of its own accord at 2023-12-14T10:27:48Z with exit-code 0.
...
