000 (1971281.000.000) 2023-12-14 02:17:31 Job submitted from host: <172.24.33.226:11547?addrs=172.24.33.226-11547&alias=sdfrome002.sdf.slac.stanford.edu>
    DAG Node: 5821d80e-4493-4bac-aa6a-0dab536ec62a_ptcIsr_2023111301104_23
...
040 (1971281.000.000) 2023-12-14 02:24:36 Finished transferring input files
...
001 (1971281.000.000) 2023-12-14 02:24:36 Job executing on host: <172.24.33.124:39697?CCBID=172.24.33.225:9618%3faddrs%3d172.24.33.225-9618%26alias%3dsdfrome001.sdf.slac.stanford.edu#6220015&PrivNet=sdfrome059.sdf.slac.stanford.edu&addrs=172.24.33.124-39697&alias=sdfrome059.sdf.slac.stanford.edu>
	SlotName: slot_abrought_7836_1_7@sdfrome059.sdf.slac.stanford.edu
...
006 (1971281.000.000) 2023-12-14 02:24:45 Image size of job updated: 337052
	124  -  MemoryUsage of job (MB)
	126836  -  ResidentSetSize of job (KB)
...
006 (1971281.000.000) 2023-12-14 02:25:27 Image size of job updated: 2258752
	653  -  MemoryUsage of job (MB)
	667696  -  ResidentSetSize of job (KB)
...
040 (1971281.000.000) 2023-12-14 02:25:27 Started transferring output files
...
040 (1971281.000.000) 2023-12-14 02:25:27 Finished transferring output files
...
005 (1971281.000.000) 2023-12-14 02:25:27 Job terminated.
	(1) Normal termination (return value 0)
		Usr 0 00:00:24, Sys 0 00:00:03  -  Run Remote Usage
		Usr 0 00:00:00, Sys 0 00:00:00  -  Run Local Usage
		Usr 0 00:00:24, Sys 0 00:00:03  -  Total Remote Usage
		Usr 0 00:00:00, Sys 0 00:00:00  -  Total Local Usage
	19072  -  Run Bytes Sent By Job
	0  -  Run Bytes Received By Job
	19072  -  Total Bytes Sent By Job
	0  -  Total Bytes Received By Job
	Partitionable Resources :    Usage  Request Allocated 
	   Cpus                 :                 1         1 
	   Disk (KB)            :       91        2    312194 
	   Memory (MB)          :      653     2048      2048 

	Job terminated of its own accord at 2023-12-14T10:25:27Z with exit-code 0.
...
