000 (1971646.000.000) 2023-12-14 02:17:36 Job submitted from host: <172.24.33.226:11547?addrs=172.24.33.226-11547&alias=sdfrome002.sdf.slac.stanford.edu>
    DAG Node: f8ecd9bd-13e4-4000-a5f2-0b2d3c69c436_ptcIsr_2023111202757_23
...
040 (1971646.000.000) 2023-12-14 02:25:31 Finished transferring input files
...
001 (1971646.000.000) 2023-12-14 02:25:31 Job executing on host: <172.24.33.124:39661?CCBID=172.24.33.225:9618%3faddrs%3d172.24.33.225-9618%26alias%3dsdfrome001.sdf.slac.stanford.edu#6220018&PrivNet=sdfrome059.sdf.slac.stanford.edu&addrs=172.24.33.124-39661&alias=sdfrome059.sdf.slac.stanford.edu>
	SlotName: slot_abrought_25802_1_13@sdfrome059.sdf.slac.stanford.edu
...
006 (1971646.000.000) 2023-12-14 02:25:41 Image size of job updated: 282552
	75  -  MemoryUsage of job (MB)
	75792  -  ResidentSetSize of job (KB)
...
006 (1971646.000.000) 2023-12-14 02:26:23 Image size of job updated: 2097296
	620  -  MemoryUsage of job (MB)
	634408  -  ResidentSetSize of job (KB)
...
040 (1971646.000.000) 2023-12-14 02:26:23 Started transferring output files
...
040 (1971646.000.000) 2023-12-14 02:26:23 Finished transferring output files
...
005 (1971646.000.000) 2023-12-14 02:26:23 Job terminated.
	(1) Normal termination (return value 0)
		Usr 0 00:00:23, Sys 0 00:00:05  -  Run Remote Usage
		Usr 0 00:00:00, Sys 0 00:00:00  -  Run Local Usage
		Usr 0 00:00:23, Sys 0 00:00:05  -  Total Remote Usage
		Usr 0 00:00:00, Sys 0 00:00:00  -  Total Local Usage
	18804  -  Run Bytes Sent By Job
	0  -  Run Bytes Received By Job
	18804  -  Total Bytes Sent By Job
	0  -  Total Bytes Received By Job
	Partitionable Resources :    Usage  Request Allocated 
	   Cpus                 :                 1         1 
	   Disk (KB)            :       90        2    312194 
	   Memory (MB)          :      620     2048      2048 

	Job terminated of its own accord at 2023-12-14T10:26:23Z with exit-code 0.
...
