000 (1971520.000.000) 2023-12-14 02:17:35 Job submitted from host: <172.24.33.226:11547?addrs=172.24.33.226-11547&alias=sdfrome002.sdf.slac.stanford.edu>
    DAG Node: 3934a011-9d10-46b8-9e39-40870ad1fe53_ptcIsr_2023111202121_23
...
040 (1971520.000.000) 2023-12-14 02:25:17 Finished transferring input files
...
001 (1971520.000.000) 2023-12-14 02:25:17 Job executing on host: <172.24.48.193:46283?CCBID=172.24.33.225:9618%3faddrs%3d172.24.33.225-9618%26alias%3dsdfrome001.sdf.slac.stanford.edu#6219697&PrivNet=sdfmilan121.sdf.slac.stanford.edu&addrs=172.24.48.193-46283&alias=sdfmilan121.sdf.slac.stanford.edu>
	SlotName: slot_abrought_10210_1_23@sdfmilan121.sdf.slac.stanford.edu
...
006 (1971520.000.000) 2023-12-14 02:25:26 Image size of job updated: 337072
	124  -  MemoryUsage of job (MB)
	126924  -  ResidentSetSize of job (KB)
...
006 (1971520.000.000) 2023-12-14 02:26:08 Image size of job updated: 2123560
	1339  -  MemoryUsage of job (MB)
	1371120  -  ResidentSetSize of job (KB)
...
040 (1971520.000.000) 2023-12-14 02:26:08 Started transferring output files
...
040 (1971520.000.000) 2023-12-14 02:26:08 Finished transferring output files
...
005 (1971520.000.000) 2023-12-14 02:26:08 Job terminated.
	(1) Normal termination (return value 0)
		Usr 0 00:00:17, Sys 0 00:00:03  -  Run Remote Usage
		Usr 0 00:00:00, Sys 0 00:00:00  -  Run Local Usage
		Usr 0 00:00:17, Sys 0 00:00:03  -  Total Remote Usage
		Usr 0 00:00:00, Sys 0 00:00:00  -  Total Local Usage
	19074  -  Run Bytes Sent By Job
	0  -  Run Bytes Received By Job
	19074  -  Total Bytes Sent By Job
	0  -  Total Bytes Received By Job
	Partitionable Resources :    Usage  Request Allocated 
	   Cpus                 :                 1         1 
	   Disk (KB)            :       91        2    311595 
	   Memory (MB)          :     1339     2048      2048 

	Job terminated of its own accord at 2023-12-14T10:26:08Z with exit-code 0.
...
