000 (1971014.000.000) 2023-12-14 02:17:29 Job submitted from host: <172.24.33.226:11547?addrs=172.24.33.226-11547&alias=sdfrome002.sdf.slac.stanford.edu>
    DAG Node: da1ad4d5-df55-4284-bdbe-b52cc79cc6c6_ptcIsr_2023111201911_23
...
040 (1971014.000.000) 2023-12-14 02:23:48 Finished transferring input files
...
001 (1971014.000.000) 2023-12-14 02:23:48 Job executing on host: <172.24.48.193:46283?CCBID=172.24.33.225:9618%3faddrs%3d172.24.33.225-9618%26alias%3dsdfrome001.sdf.slac.stanford.edu#6219697&PrivNet=sdfmilan121.sdf.slac.stanford.edu&addrs=172.24.48.193-46283&alias=sdfmilan121.sdf.slac.stanford.edu>
	SlotName: slot_abrought_10210_1_5@sdfmilan121.sdf.slac.stanford.edu
...
006 (1971014.000.000) 2023-12-14 02:23:57 Image size of job updated: 275892
	70  -  MemoryUsage of job (MB)
	71220  -  ResidentSetSize of job (KB)
...
006 (1971014.000.000) 2023-12-14 02:24:50 Image size of job updated: 2175764
	614  -  MemoryUsage of job (MB)
	628616  -  ResidentSetSize of job (KB)
...
040 (1971014.000.000) 2023-12-14 02:24:50 Started transferring output files
...
040 (1971014.000.000) 2023-12-14 02:24:50 Finished transferring output files
...
005 (1971014.000.000) 2023-12-14 02:24:50 Job terminated.
	(1) Normal termination (return value 0)
		Usr 0 00:00:25, Sys 0 00:00:03  -  Run Remote Usage
		Usr 0 00:00:00, Sys 0 00:00:00  -  Run Local Usage
		Usr 0 00:00:25, Sys 0 00:00:03  -  Total Remote Usage
		Usr 0 00:00:00, Sys 0 00:00:00  -  Total Local Usage
	19075  -  Run Bytes Sent By Job
	0  -  Run Bytes Received By Job
	19075  -  Total Bytes Sent By Job
	0  -  Total Bytes Received By Job
	Partitionable Resources :    Usage  Request Allocated 
	   Cpus                 :                 1         1 
	   Disk (KB)            :       91        2    311595 
	   Memory (MB)          :      614     2048      2048 

	Job terminated of its own accord at 2023-12-14T10:24:50Z with exit-code 0.
...
