000 (1972247.000.000) 2023-12-14 02:17:43 Job submitted from host: <172.24.33.226:11547?addrs=172.24.33.226-11547&alias=sdfrome002.sdf.slac.stanford.edu>
    DAG Node: 1b9ece4e-ab1f-4893-b65a-92eccbc3d8e9_ptcIsr_2023111300129_23
...
040 (1972247.000.000) 2023-12-14 02:27:19 Finished transferring input files
...
001 (1972247.000.000) 2023-12-14 02:27:19 Job executing on host: <172.24.48.193:46283?CCBID=172.24.33.225:9618%3faddrs%3d172.24.33.225-9618%26alias%3dsdfrome001.sdf.slac.stanford.edu#6219697&PrivNet=sdfmilan121.sdf.slac.stanford.edu&addrs=172.24.48.193-46283&alias=sdfmilan121.sdf.slac.stanford.edu>
	SlotName: slot_abrought_10210_1_17@sdfmilan121.sdf.slac.stanford.edu
...
006 (1972247.000.000) 2023-12-14 02:27:28 Image size of job updated: 290936
	83  -  MemoryUsage of job (MB)
	84960  -  ResidentSetSize of job (KB)
...
006 (1972247.000.000) 2023-12-14 02:28:15 Image size of job updated: 2127820
	652  -  MemoryUsage of job (MB)
	666828  -  ResidentSetSize of job (KB)
...
040 (1972247.000.000) 2023-12-14 02:28:15 Started transferring output files
...
040 (1972247.000.000) 2023-12-14 02:28:15 Finished transferring output files
...
005 (1972247.000.000) 2023-12-14 02:28:15 Job terminated.
	(1) Normal termination (return value 0)
		Usr 0 00:00:23, Sys 0 00:00:03  -  Run Remote Usage
		Usr 0 00:00:00, Sys 0 00:00:00  -  Run Local Usage
		Usr 0 00:00:23, Sys 0 00:00:03  -  Total Remote Usage
		Usr 0 00:00:00, Sys 0 00:00:00  -  Total Local Usage
	18802  -  Run Bytes Sent By Job
	0  -  Run Bytes Received By Job
	18802  -  Total Bytes Sent By Job
	0  -  Total Bytes Received By Job
	Partitionable Resources :    Usage  Request Allocated 
	   Cpus                 :                 1         1 
	   Disk (KB)            :       90        2    311595 
	   Memory (MB)          :      652     2048      2048 

	Job terminated of its own accord at 2023-12-14T10:28:15Z with exit-code 0.
...
