000 (1975409.000.000) 2023-12-15 01:16:13 Job submitted from host: <172.24.33.226:11547?addrs=172.24.33.226-11547&alias=sdfrome002.sdf.slac.stanford.edu>
    DAG Node: eda87833-120d-44f5-bf39-15c52b66c3ca_ptcPlot_23
...
040 (1975409.000.000) 2023-12-15 01:16:14 Finished transferring input files
...
001 (1975409.000.000) 2023-12-15 01:16:14 Job executing on host: <172.24.33.131:33337?CCBID=172.24.33.225:9618%3faddrs%3d172.24.33.225-9618%26alias%3dsdfrome001.sdf.slac.stanford.edu#6450144&PrivNet=sdfrome066.sdf.slac.stanford.edu&addrs=172.24.33.131-33337&alias=sdfrome066.sdf.slac.stanford.edu>
	SlotName: slot_abrought_17836_1_1@sdfrome066.sdf.slac.stanford.edu
...
006 (1975409.000.000) 2023-12-15 01:16:22 Image size of job updated: 2
	5  -  MemoryUsage of job (MB)
	5068  -  ResidentSetSize of job (KB)
...
040 (1975409.000.000) 2023-12-15 01:16:23 Started transferring output files
...
040 (1975409.000.000) 2023-12-15 01:16:23 Finished transferring output files
...
005 (1975409.000.000) 2023-12-15 01:16:23 Job terminated.
	(1) Normal termination (return value 1)
		Usr 0 00:00:00, Sys 0 00:00:00  -  Run Remote Usage
		Usr 0 00:00:00, Sys 0 00:00:00  -  Run Local Usage
		Usr 0 00:00:00, Sys 0 00:00:00  -  Total Remote Usage
		Usr 0 00:00:00, Sys 0 00:00:00  -  Total Local Usage
	5889  -  Run Bytes Sent By Job
	0  -  Run Bytes Received By Job
	5889  -  Total Bytes Sent By Job
	0  -  Total Bytes Received By Job
	Partitionable Resources :    Usage  Request Allocated 
	   Cpus                 :        0        1         1 
	   Disk (KB)            :       84        2    312194 
	   Memory (MB)          :        5     2048      2048 

	Job terminated of its own accord at 2023-12-15T09:16:23Z with exit-code 1.
...
