000 (1972107.000.000) 2023-12-14 02:17:42 Job submitted from host: <172.24.33.226:11547?addrs=172.24.33.226-11547&alias=sdfrome002.sdf.slac.stanford.edu>
    DAG Node: c8946bb5-2bfe-4208-b965-f6f7a103cc82_ptcIsr_2023111203173_23
...
040 (1972107.000.000) 2023-12-14 02:26:58 Finished transferring input files
...
001 (1972107.000.000) 2023-12-14 02:26:58 Job executing on host: <172.24.33.213:41587?CCBID=172.24.33.225:9618%3faddrs%3d172.24.33.225-9618%26alias%3dsdfrome001.sdf.slac.stanford.edu#6220036&PrivNet=sdfrome022.sdf.slac.stanford.edu&addrs=172.24.33.213-41587&alias=sdfrome022.sdf.slac.stanford.edu>
	SlotName: slot_abrought_5117_1_12@sdfrome022.sdf.slac.stanford.edu
...
006 (1972107.000.000) 2023-12-14 02:27:07 Image size of job updated: 272904
	67  -  MemoryUsage of job (MB)
	68600  -  ResidentSetSize of job (KB)
...
006 (1972107.000.000) 2023-12-14 02:29:21 Image size of job updated: 2040080
	625  -  MemoryUsage of job (MB)
	639952  -  ResidentSetSize of job (KB)
...
040 (1972107.000.000) 2023-12-14 02:29:22 Started transferring output files
...
040 (1972107.000.000) 2023-12-14 02:29:22 Finished transferring output files
...
005 (1972107.000.000) 2023-12-14 02:29:22 Job terminated.
	(1) Normal termination (return value 0)
		Usr 0 00:00:14, Sys 0 00:00:02  -  Run Remote Usage
		Usr 0 00:00:00, Sys 0 00:00:00  -  Run Local Usage
		Usr 0 00:00:14, Sys 0 00:00:02  -  Total Remote Usage
		Usr 0 00:00:00, Sys 0 00:00:00  -  Total Local Usage
	18975  -  Run Bytes Sent By Job
	0  -  Run Bytes Received By Job
	18975  -  Total Bytes Sent By Job
	0  -  Total Bytes Received By Job
	Partitionable Resources :    Usage  Request Allocated 
	   Cpus                 :     0.12        1         1 
	   Disk (KB)            :    97           2    312194 
	   Memory (MB)          :   625        2048      2048 

	Job terminated of its own accord at 2023-12-14T10:29:21Z with exit-code 0.
...
