000 (1973108.000.000) 2023-12-14 02:17:53 Job submitted from host: <172.24.33.226:11547?addrs=172.24.33.226-11547&alias=sdfrome002.sdf.slac.stanford.edu>
    DAG Node: c49e8a17-98f9-4028-a5e1-819b8265b571_ptcIsr_2023111202873_23
...
040 (1973108.000.000) 2023-12-14 02:29:51 Finished transferring input files
...
001 (1973108.000.000) 2023-12-14 02:29:52 Job executing on host: <172.24.33.213:43829?CCBID=172.24.33.225:9618%3faddrs%3d172.24.33.225-9618%26alias%3dsdfrome001.sdf.slac.stanford.edu#6220038&PrivNet=sdfrome022.sdf.slac.stanford.edu&addrs=172.24.33.213-43829&alias=sdfrome022.sdf.slac.stanford.edu>
	SlotName: slot_abrought_31850_1_7@sdfrome022.sdf.slac.stanford.edu
...
006 (1973108.000.000) 2023-12-14 02:30:00 Image size of job updated: 53680
	25  -  MemoryUsage of job (MB)
	24860  -  ResidentSetSize of job (KB)
...
006 (1973108.000.000) 2023-12-14 02:30:42 Image size of job updated: 2134716
	626  -  MemoryUsage of job (MB)
	640208  -  ResidentSetSize of job (KB)
...
040 (1973108.000.000) 2023-12-14 02:30:42 Started transferring output files
...
040 (1973108.000.000) 2023-12-14 02:30:42 Finished transferring output files
...
005 (1973108.000.000) 2023-12-14 02:30:42 Job terminated.
	(1) Normal termination (return value 0)
		Usr 0 00:00:22, Sys 0 00:00:05  -  Run Remote Usage
		Usr 0 00:00:00, Sys 0 00:00:00  -  Run Local Usage
		Usr 0 00:00:22, Sys 0 00:00:05  -  Total Remote Usage
		Usr 0 00:00:00, Sys 0 00:00:00  -  Total Local Usage
	19073  -  Run Bytes Sent By Job
	0  -  Run Bytes Received By Job
	19073  -  Total Bytes Sent By Job
	0  -  Total Bytes Received By Job
	Partitionable Resources :    Usage  Request Allocated 
	   Cpus                 :                 1         1 
	   Disk (KB)            :       91        2    312194 
	   Memory (MB)          :      626     2048      2048 

	Job terminated of its own accord at 2023-12-14T10:30:42Z with exit-code 0.
...
