000 (1969326.000.000) 2023-12-14 02:17:07 Job submitted from host: <172.24.33.226:11547?addrs=172.24.33.226-11547&alias=sdfrome002.sdf.slac.stanford.edu>
    DAG Node: 5549ca58-4a86-41c1-8430-bdf843e831ef_ptcIsr_2023111200845_23
...
040 (1969326.000.000) 2023-12-14 02:17:08 Finished transferring input files
...
001 (1969326.000.000) 2023-12-14 02:17:08 Job executing on host: <172.24.48.185:41489?CCBID=172.24.33.225:9618%3faddrs%3d172.24.33.225-9618%26alias%3dsdfrome001.sdf.slac.stanford.edu#6219699&PrivNet=sdfmilan113.sdf.slac.stanford.edu&addrs=172.24.48.185-41489&alias=sdfmilan113.sdf.slac.stanford.edu>
	SlotName: slot_abrought_18623_1_1@sdfmilan113.sdf.slac.stanford.edu
...
006 (1969326.000.000) 2023-12-14 02:17:17 Image size of job updated: 349448
	135  -  MemoryUsage of job (MB)
	137504  -  ResidentSetSize of job (KB)
...
006 (1969326.000.000) 2023-12-14 02:17:55 Image size of job updated: 1985528
	616  -  MemoryUsage of job (MB)
	630596  -  ResidentSetSize of job (KB)
...
040 (1969326.000.000) 2023-12-14 02:17:55 Started transferring output files
...
040 (1969326.000.000) 2023-12-14 02:17:55 Finished transferring output files
...
005 (1969326.000.000) 2023-12-14 02:17:55 Job terminated.
	(1) Normal termination (return value 0)
		Usr 0 00:00:20, Sys 0 00:00:03  -  Run Remote Usage
		Usr 0 00:00:00, Sys 0 00:00:00  -  Run Local Usage
		Usr 0 00:00:20, Sys 0 00:00:03  -  Total Remote Usage
		Usr 0 00:00:00, Sys 0 00:00:00  -  Total Local Usage
	18805  -  Run Bytes Sent By Job
	0  -  Run Bytes Received By Job
	18805  -  Total Bytes Sent By Job
	0  -  Total Bytes Received By Job
	Partitionable Resources :    Usage  Request Allocated 
	   Cpus                 :                 1         1 
	   Disk (KB)            :       90        2    312194 
	   Memory (MB)          :      616     2048      2048 

	Job terminated of its own accord at 2023-12-14T10:17:55Z with exit-code 0.
...
