000 (1971702.000.000) 2023-12-14 02:17:36 Job submitted from host: <172.24.33.226:11547?addrs=172.24.33.226-11547&alias=sdfrome002.sdf.slac.stanford.edu>
    DAG Node: 186596df-b1b2-4e5d-bdc8-6ddabf6a19da_ptcIsr_2023111203299_23
...
040 (1971702.000.000) 2023-12-14 02:25:42 Finished transferring input files
...
001 (1971702.000.000) 2023-12-14 02:25:42 Job executing on host: <172.24.33.213:41467?CCBID=172.24.33.225:9618%3faddrs%3d172.24.33.225-9618%26alias%3dsdfrome001.sdf.slac.stanford.edu#6220037&PrivNet=sdfrome022.sdf.slac.stanford.edu&addrs=172.24.33.213-41467&alias=sdfrome022.sdf.slac.stanford.edu>
	SlotName: slot_abrought_435_1_16@sdfrome022.sdf.slac.stanford.edu
...
006 (1971702.000.000) 2023-12-14 02:25:50 Image size of job updated: 290944
	84  -  MemoryUsage of job (MB)
	85240  -  ResidentSetSize of job (KB)
...
006 (1971702.000.000) 2023-12-14 02:26:41 Image size of job updated: 2127408
	651  -  MemoryUsage of job (MB)
	666460  -  ResidentSetSize of job (KB)
...
040 (1971702.000.000) 2023-12-14 02:26:41 Started transferring output files
...
040 (1971702.000.000) 2023-12-14 02:26:41 Finished transferring output files
...
005 (1971702.000.000) 2023-12-14 02:26:41 Job terminated.
	(1) Normal termination (return value 0)
		Usr 0 00:00:22, Sys 0 00:00:02  -  Run Remote Usage
		Usr 0 00:00:00, Sys 0 00:00:00  -  Run Local Usage
		Usr 0 00:00:22, Sys 0 00:00:02  -  Total Remote Usage
		Usr 0 00:00:00, Sys 0 00:00:00  -  Total Local Usage
	18804  -  Run Bytes Sent By Job
	0  -  Run Bytes Received By Job
	18804  -  Total Bytes Sent By Job
	0  -  Total Bytes Received By Job
	Partitionable Resources :    Usage  Request Allocated 
	   Cpus                 :                 1         1 
	   Disk (KB)            :       90        2    312194 
	   Memory (MB)          :      651     2048      2048 

	Job terminated of its own accord at 2023-12-14T10:26:41Z with exit-code 0.
...
