000 (1973381.000.000) 2023-12-14 02:17:55 Job submitted from host: <172.24.33.226:11547?addrs=172.24.33.226-11547&alias=sdfrome002.sdf.slac.stanford.edu>
    DAG Node: b5ae678b-c562-4cb8-b4bf-6c89556d818f_ptcIsr_2023111101863_23
...
040 (1973381.000.000) 2023-12-14 02:30:32 Finished transferring input files
...
001 (1973381.000.000) 2023-12-14 02:30:32 Job executing on host: <172.24.33.213:33037?CCBID=172.24.33.225:9618%3faddrs%3d172.24.33.225-9618%26alias%3dsdfrome001.sdf.slac.stanford.edu#6220039&PrivNet=sdfrome022.sdf.slac.stanford.edu&addrs=172.24.33.213-33037&alias=sdfrome022.sdf.slac.stanford.edu>
	SlotName: slot_abrought_15721_1_16@sdfrome022.sdf.slac.stanford.edu
...
006 (1973381.000.000) 2023-12-14 02:30:41 Image size of job updated: 261608
	57  -  MemoryUsage of job (MB)
	57444  -  ResidentSetSize of job (KB)
...
006 (1973381.000.000) 2023-12-14 02:31:36 Image size of job updated: 2054072
	614  -  MemoryUsage of job (MB)
	628516  -  ResidentSetSize of job (KB)
...
040 (1973381.000.000) 2023-12-14 02:31:36 Started transferring output files
...
040 (1973381.000.000) 2023-12-14 02:31:36 Finished transferring output files
...
005 (1973381.000.000) 2023-12-14 02:31:36 Job terminated.
	(1) Normal termination (return value 0)
		Usr 0 00:00:22, Sys 0 00:00:03  -  Run Remote Usage
		Usr 0 00:00:00, Sys 0 00:00:00  -  Run Local Usage
		Usr 0 00:00:22, Sys 0 00:00:03  -  Total Remote Usage
		Usr 0 00:00:00, Sys 0 00:00:00  -  Total Local Usage
	19073  -  Run Bytes Sent By Job
	0  -  Run Bytes Received By Job
	19073  -  Total Bytes Sent By Job
	0  -  Total Bytes Received By Job
	Partitionable Resources :    Usage  Request Allocated 
	   Cpus                 :                 1         1 
	   Disk (KB)            :       91        2    312194 
	   Memory (MB)          :      614     2048      2048 

	Job terminated of its own accord at 2023-12-14T10:31:36Z with exit-code 0.
...
