000 (1969758.000.000) 2023-12-14 02:17:12 Job submitted from host: <172.24.33.226:11547?addrs=172.24.33.226-11547&alias=sdfrome002.sdf.slac.stanford.edu>
    DAG Node: 14773bcf-cf51-4a38-b647-04886bd636f6_ptcIsr_2023111203083_23
...
040 (1969758.000.000) 2023-12-14 02:20:09 Finished transferring input files
...
001 (1969758.000.000) 2023-12-14 02:20:09 Job executing on host: <172.24.33.124:39661?CCBID=172.24.33.225:9618%3faddrs%3d172.24.33.225-9618%26alias%3dsdfrome001.sdf.slac.stanford.edu#6220018&PrivNet=sdfrome059.sdf.slac.stanford.edu&addrs=172.24.33.124-39661&alias=sdfrome059.sdf.slac.stanford.edu>
	SlotName: slot_abrought_25802_1_2@sdfrome059.sdf.slac.stanford.edu
...
006 (1969758.000.000) 2023-12-14 02:20:18 Image size of job updated: 280888
	74  -  MemoryUsage of job (MB)
	75316  -  ResidentSetSize of job (KB)
...
006 (1969758.000.000) 2023-12-14 02:21:13 Image size of job updated: 2112044
	74  -  MemoryUsage of job (MB)
	75316  -  ResidentSetSize of job (KB)
...
040 (1969758.000.000) 2023-12-14 02:21:14 Started transferring output files
...
040 (1969758.000.000) 2023-12-14 02:21:14 Finished transferring output files
...
005 (1969758.000.000) 2023-12-14 02:21:14 Job terminated.
	(1) Normal termination (return value 0)
		Usr 0 00:00:23, Sys 0 00:00:14  -  Run Remote Usage
		Usr 0 00:00:00, Sys 0 00:00:00  -  Run Local Usage
		Usr 0 00:00:23, Sys 0 00:00:14  -  Total Remote Usage
		Usr 0 00:00:00, Sys 0 00:00:00  -  Total Local Usage
	19073  -  Run Bytes Sent By Job
	0  -  Run Bytes Received By Job
	19073  -  Total Bytes Sent By Job
	0  -  Total Bytes Received By Job
	Partitionable Resources :    Usage  Request Allocated 
	   Cpus                 :                 1         1 
	   Disk (KB)            :       90        2    312194 
	   Memory (MB)          :       74     2048      2048 

	Job terminated of its own accord at 2023-12-14T10:21:13Z with exit-code 0.
...
