000 (1972996.000.000) 2023-12-14 02:17:51 Job submitted from host: <172.24.33.226:11547?addrs=172.24.33.226-11547&alias=sdfrome002.sdf.slac.stanford.edu>
    DAG Node: 85103144-82ea-4ad6-a91d-acea7b7fcff7_ptcIsr_2023111201383_23
...
040 (1972996.000.000) 2023-12-14 02:29:34 Finished transferring input files
...
001 (1972996.000.000) 2023-12-14 02:29:34 Job executing on host: <172.24.33.143:42517?CCBID=172.24.33.225:9618%3faddrs%3d172.24.33.225-9618%26alias%3dsdfrome001.sdf.slac.stanford.edu#6220496&PrivNet=sdfrome078.sdf.slac.stanford.edu&addrs=172.24.33.143-42517&alias=sdfrome078.sdf.slac.stanford.edu>
	SlotName: slot_abrought_19079_1_13@sdfrome078.sdf.slac.stanford.edu
...
006 (1972996.000.000) 2023-12-14 02:29:43 Image size of job updated: 466460
	212  -  MemoryUsage of job (MB)
	216220  -  ResidentSetSize of job (KB)
...
006 (1972996.000.000) 2023-12-14 02:30:09 Image size of job updated: 2219420
	612  -  MemoryUsage of job (MB)
	625944  -  ResidentSetSize of job (KB)
...
040 (1972996.000.000) 2023-12-14 02:30:09 Started transferring output files
...
040 (1972996.000.000) 2023-12-14 02:30:09 Finished transferring output files
...
005 (1972996.000.000) 2023-12-14 02:30:09 Job terminated.
	(1) Normal termination (return value 0)
		Usr 0 00:00:19, Sys 0 00:00:04  -  Run Remote Usage
		Usr 0 00:00:00, Sys 0 00:00:00  -  Run Local Usage
		Usr 0 00:00:19, Sys 0 00:00:04  -  Total Remote Usage
		Usr 0 00:00:00, Sys 0 00:00:00  -  Total Local Usage
	18975  -  Run Bytes Sent By Job
	0  -  Run Bytes Received By Job
	18975  -  Total Bytes Sent By Job
	0  -  Total Bytes Received By Job
	Partitionable Resources :    Usage  Request Allocated 
	   Cpus                 :                 1         1 
	   Disk (KB)            :       91        2    312194 
	   Memory (MB)          :      612     2048      2048 

	Job terminated of its own accord at 2023-12-14T10:30:09Z with exit-code 0.
...
