000 (1970627.000.000) 2023-12-14 02:17:24 Job submitted from host: <172.24.33.226:11547?addrs=172.24.33.226-11547&alias=sdfrome002.sdf.slac.stanford.edu>
    DAG Node: 13edd0f2-5c27-4c91-8a00-97e3c5b84645_ptcIsr_2023111201548_23
...
040 (1970627.000.000) 2023-12-14 02:22:32 Finished transferring input files
...
001 (1970627.000.000) 2023-12-14 02:22:32 Job executing on host: <172.24.48.193:46283?CCBID=172.24.33.225:9618%3faddrs%3d172.24.33.225-9618%26alias%3dsdfrome001.sdf.slac.stanford.edu#6219697&PrivNet=sdfmilan121.sdf.slac.stanford.edu&addrs=172.24.48.193-46283&alias=sdfmilan121.sdf.slac.stanford.edu>
	SlotName: slot_abrought_10210_1_22@sdfmilan121.sdf.slac.stanford.edu
...
006 (1970627.000.000) 2023-12-14 02:22:40 Image size of job updated: 276920
	70  -  MemoryUsage of job (MB)
	71544  -  ResidentSetSize of job (KB)
...
006 (1970627.000.000) 2023-12-14 02:23:30 Image size of job updated: 2052880
	628  -  MemoryUsage of job (MB)
	642352  -  ResidentSetSize of job (KB)
...
040 (1970627.000.000) 2023-12-14 02:23:30 Started transferring output files
...
040 (1970627.000.000) 2023-12-14 02:23:30 Finished transferring output files
...
005 (1970627.000.000) 2023-12-14 02:23:30 Job terminated.
	(1) Normal termination (return value 0)
		Usr 0 00:00:21, Sys 0 00:00:03  -  Run Remote Usage
		Usr 0 00:00:00, Sys 0 00:00:00  -  Run Local Usage
		Usr 0 00:00:21, Sys 0 00:00:03  -  Total Remote Usage
		Usr 0 00:00:00, Sys 0 00:00:00  -  Total Local Usage
	18806  -  Run Bytes Sent By Job
	0  -  Run Bytes Received By Job
	18806  -  Total Bytes Sent By Job
	0  -  Total Bytes Received By Job
	Partitionable Resources :    Usage  Request Allocated 
	   Cpus                 :                 1         1 
	   Disk (KB)            :       90        2    311595 
	   Memory (MB)          :      628     2048      2048 

	Job terminated of its own accord at 2023-12-14T10:23:30Z with exit-code 0.
...
