000 (1973056.000.000) 2023-12-14 02:17:52 Job submitted from host: <172.24.33.226:11547?addrs=172.24.33.226-11547&alias=sdfrome002.sdf.slac.stanford.edu>
    DAG Node: 6639d8cd-0b0c-4e6a-a647-e991df57dbee_ptcIsr_2023111202366_23
...
040 (1973056.000.000) 2023-12-14 02:29:43 Finished transferring input files
...
001 (1973056.000.000) 2023-12-14 02:29:43 Job executing on host: <172.24.33.143:42517?CCBID=172.24.33.225:9618%3faddrs%3d172.24.33.225-9618%26alias%3dsdfrome001.sdf.slac.stanford.edu#6220496&PrivNet=sdfrome078.sdf.slac.stanford.edu&addrs=172.24.33.143-42517&alias=sdfrome078.sdf.slac.stanford.edu>
	SlotName: slot_abrought_19079_1_4@sdfrome078.sdf.slac.stanford.edu
...
006 (1973056.000.000) 2023-12-14 02:29:51 Image size of job updated: 351372
	137  -  MemoryUsage of job (MB)
	139316  -  ResidentSetSize of job (KB)
...
006 (1973056.000.000) 2023-12-14 02:30:31 Image size of job updated: 2035548
	597  -  MemoryUsage of job (MB)
	610976  -  ResidentSetSize of job (KB)
...
040 (1973056.000.000) 2023-12-14 02:30:31 Started transferring output files
...
040 (1973056.000.000) 2023-12-14 02:30:31 Finished transferring output files
...
005 (1973056.000.000) 2023-12-14 02:30:31 Job terminated.
	(1) Normal termination (return value 0)
		Usr 0 00:00:25, Sys 0 00:00:04  -  Run Remote Usage
		Usr 0 00:00:00, Sys 0 00:00:00  -  Run Local Usage
		Usr 0 00:00:25, Sys 0 00:00:04  -  Total Remote Usage
		Usr 0 00:00:00, Sys 0 00:00:00  -  Total Local Usage
	18533  -  Run Bytes Sent By Job
	0  -  Run Bytes Received By Job
	18533  -  Total Bytes Sent By Job
	0  -  Total Bytes Received By Job
	Partitionable Resources :    Usage  Request Allocated 
	   Cpus                 :                 1         1 
	   Disk (KB)            :       90        2    312194 
	   Memory (MB)          :      597     2048      2048 

	Job terminated of its own accord at 2023-12-14T10:30:31Z with exit-code 0.
...
