000 (1971750.000.000) 2023-12-14 02:17:37 Job submitted from host: <172.24.33.226:11547?addrs=172.24.33.226-11547&alias=sdfrome002.sdf.slac.stanford.edu>
    DAG Node: a76a9e2d-a7f3-416b-ba73-ae18e33e906c_ptcIsr_2023111101380_23
...
040 (1971750.000.000) 2023-12-14 02:25:53 Finished transferring input files
...
001 (1971750.000.000) 2023-12-14 02:25:53 Job executing on host: <172.24.33.124:39661?CCBID=172.24.33.225:9618%3faddrs%3d172.24.33.225-9618%26alias%3dsdfrome001.sdf.slac.stanford.edu#6220018&PrivNet=sdfrome059.sdf.slac.stanford.edu&addrs=172.24.33.124-39661&alias=sdfrome059.sdf.slac.stanford.edu>
	SlotName: slot_abrought_25802_1_22@sdfrome059.sdf.slac.stanford.edu
...
006 (1971750.000.000) 2023-12-14 02:26:01 Image size of job updated: 419744
	181  -  MemoryUsage of job (MB)
	184472  -  ResidentSetSize of job (KB)
...
006 (1971750.000.000) 2023-12-14 02:26:34 Image size of job updated: 2184700
	1341  -  MemoryUsage of job (MB)
	1372804  -  ResidentSetSize of job (KB)
...
040 (1971750.000.000) 2023-12-14 02:26:34 Started transferring output files
...
040 (1971750.000.000) 2023-12-14 02:26:34 Finished transferring output files
...
005 (1971750.000.000) 2023-12-14 02:26:34 Job terminated.
	(1) Normal termination (return value 0)
		Usr 0 00:00:24, Sys 0 00:00:04  -  Run Remote Usage
		Usr 0 00:00:00, Sys 0 00:00:00  -  Run Local Usage
		Usr 0 00:00:24, Sys 0 00:00:04  -  Total Remote Usage
		Usr 0 00:00:00, Sys 0 00:00:00  -  Total Local Usage
	19076  -  Run Bytes Sent By Job
	0  -  Run Bytes Received By Job
	19076  -  Total Bytes Sent By Job
	0  -  Total Bytes Received By Job
	Partitionable Resources :    Usage  Request Allocated 
	   Cpus                 :                 1         1 
	   Disk (KB)            :       91        2    312194 
	   Memory (MB)          :     1341     2048      2048 

	Job terminated of its own accord at 2023-12-14T10:26:34Z with exit-code 0.
...
