000 (1971946.000.000) 2023-12-14 02:17:38 Job submitted from host: <172.24.33.226:11547?addrs=172.24.33.226-11547&alias=sdfrome002.sdf.slac.stanford.edu>
    DAG Node: 761038f4-4511-4ec9-b34d-e2377d962e51_ptcIsr_2023111101825_23
...
040 (1971946.000.000) 2023-12-14 02:26:24 Finished transferring input files
...
001 (1971946.000.000) 2023-12-14 02:26:24 Job executing on host: <172.24.33.213:43829?CCBID=172.24.33.225:9618%3faddrs%3d172.24.33.225-9618%26alias%3dsdfrome001.sdf.slac.stanford.edu#6220038&PrivNet=sdfrome022.sdf.slac.stanford.edu&addrs=172.24.33.213-43829&alias=sdfrome022.sdf.slac.stanford.edu>
	SlotName: slot_abrought_31850_1_19@sdfrome022.sdf.slac.stanford.edu
...
006 (1971946.000.000) 2023-12-14 02:26:33 Image size of job updated: 269740
	64  -  MemoryUsage of job (MB)
	64696  -  ResidentSetSize of job (KB)
...
006 (1971946.000.000) 2023-12-14 02:27:20 Image size of job updated: 2068060
	621  -  MemoryUsage of job (MB)
	635380  -  ResidentSetSize of job (KB)
...
040 (1971946.000.000) 2023-12-14 02:27:20 Started transferring output files
...
040 (1971946.000.000) 2023-12-14 02:27:20 Finished transferring output files
...
005 (1971946.000.000) 2023-12-14 02:27:21 Job terminated.
	(1) Normal termination (return value 0)
		Usr 0 00:00:20, Sys 0 00:00:04  -  Run Remote Usage
		Usr 0 00:00:00, Sys 0 00:00:00  -  Run Local Usage
		Usr 0 00:00:20, Sys 0 00:00:04  -  Total Remote Usage
		Usr 0 00:00:00, Sys 0 00:00:00  -  Total Local Usage
	18975  -  Run Bytes Sent By Job
	0  -  Run Bytes Received By Job
	18975  -  Total Bytes Sent By Job
	0  -  Total Bytes Received By Job
	Partitionable Resources :    Usage  Request Allocated 
	   Cpus                 :                 1         1 
	   Disk (KB)            :       91        2    312194 
	   Memory (MB)          :      621     2048      2048 

	Job terminated of its own accord at 2023-12-14T10:27:20Z with exit-code 0.
...
