000 (1973178.000.000) 2023-12-14 02:17:53 Job submitted from host: <172.24.33.226:11547?addrs=172.24.33.226-11547&alias=sdfrome002.sdf.slac.stanford.edu>
    DAG Node: 09ff9983-e3cc-4576-af18-994d86fe1be5_ptcIsr_2023111202865_23
...
040 (1973178.000.000) 2023-12-14 02:30:00 Finished transferring input files
...
001 (1973178.000.000) 2023-12-14 02:30:00 Job executing on host: <172.24.33.143:37205?CCBID=172.24.33.225:9618%3faddrs%3d172.24.33.225-9618%26alias%3dsdfrome001.sdf.slac.stanford.edu#6220499&PrivNet=sdfrome078.sdf.slac.stanford.edu&addrs=172.24.33.143-37205&alias=sdfrome078.sdf.slac.stanford.edu>
	SlotName: slot_abrought_7348_1_16@sdfrome078.sdf.slac.stanford.edu
...
006 (1973178.000.000) 2023-12-14 02:30:09 Image size of job updated: 261740
	57  -  MemoryUsage of job (MB)
	57892  -  ResidentSetSize of job (KB)
...
006 (1973178.000.000) 2023-12-14 02:30:59 Image size of job updated: 2202152
	626  -  MemoryUsage of job (MB)
	640104  -  ResidentSetSize of job (KB)
...
040 (1973178.000.000) 2023-12-14 02:30:59 Started transferring output files
...
040 (1973178.000.000) 2023-12-14 02:30:59 Finished transferring output files
...
005 (1973178.000.000) 2023-12-14 02:30:59 Job terminated.
	(1) Normal termination (return value 0)
		Usr 0 00:00:22, Sys 0 00:00:03  -  Run Remote Usage
		Usr 0 00:00:00, Sys 0 00:00:00  -  Run Local Usage
		Usr 0 00:00:22, Sys 0 00:00:03  -  Total Remote Usage
		Usr 0 00:00:00, Sys 0 00:00:00  -  Total Local Usage
	19075  -  Run Bytes Sent By Job
	0  -  Run Bytes Received By Job
	19075  -  Total Bytes Sent By Job
	0  -  Total Bytes Received By Job
	Partitionable Resources :    Usage  Request Allocated 
	   Cpus                 :     0.88        1         1 
	   Disk (KB)            :    97           2    312194 
	   Memory (MB)          :   626        2048      2048 

	Job terminated of its own accord at 2023-12-14T10:30:59Z with exit-code 0.
...
