000 (1972721.000.000) 2023-12-14 02:17:48 Job submitted from host: <172.24.33.226:11547?addrs=172.24.33.226-11547&alias=sdfrome002.sdf.slac.stanford.edu>
    DAG Node: 72e0e4b7-d62e-4080-872c-d0cf427dba29_ptcIsr_2023111301088_23
...
040 (1972721.000.000) 2023-12-14 02:28:47 Finished transferring input files
...
001 (1972721.000.000) 2023-12-14 02:28:47 Job executing on host: <172.24.33.213:43829?CCBID=172.24.33.225:9618%3faddrs%3d172.24.33.225-9618%26alias%3dsdfrome001.sdf.slac.stanford.edu#6220038&PrivNet=sdfrome022.sdf.slac.stanford.edu&addrs=172.24.33.213-43829&alias=sdfrome022.sdf.slac.stanford.edu>
	SlotName: slot_abrought_31850_1_20@sdfrome022.sdf.slac.stanford.edu
...
006 (1972721.000.000) 2023-12-14 02:28:56 Image size of job updated: 295560
	88  -  MemoryUsage of job (MB)
	89776  -  ResidentSetSize of job (KB)
...
006 (1972721.000.000) 2023-12-14 02:29:37 Image size of job updated: 2126684
	621  -  MemoryUsage of job (MB)
	635024  -  ResidentSetSize of job (KB)
...
040 (1972721.000.000) 2023-12-14 02:29:37 Started transferring output files
...
040 (1972721.000.000) 2023-12-14 02:29:37 Finished transferring output files
...
005 (1972721.000.000) 2023-12-14 02:29:37 Job terminated.
	(1) Normal termination (return value 0)
		Usr 0 00:00:23, Sys 0 00:00:04  -  Run Remote Usage
		Usr 0 00:00:00, Sys 0 00:00:00  -  Run Local Usage
		Usr 0 00:00:23, Sys 0 00:00:04  -  Total Remote Usage
		Usr 0 00:00:00, Sys 0 00:00:00  -  Total Local Usage
	19072  -  Run Bytes Sent By Job
	0  -  Run Bytes Received By Job
	19072  -  Total Bytes Sent By Job
	0  -  Total Bytes Received By Job
	Partitionable Resources :    Usage  Request Allocated 
	   Cpus                 :     0.18        1         1 
	   Disk (KB)            :    97           2    312194 
	   Memory (MB)          :   621        2048      2048 

	Job terminated of its own accord at 2023-12-14T10:29:37Z with exit-code 0.
...
