000 (1971943.000.000) 2023-12-14 02:17:38 Job submitted from host: <172.24.33.226:11547?addrs=172.24.33.226-11547&alias=sdfrome002.sdf.slac.stanford.edu>
    DAG Node: 63584a5c-1f9b-4fd7-9553-0c0ccbe4fe8f_ptcIsr_2023111200287_23
...
040 (1971943.000.000) 2023-12-14 02:26:25 Finished transferring input files
...
001 (1971943.000.000) 2023-12-14 02:26:25 Job executing on host: <172.24.33.124:39661?CCBID=172.24.33.225:9618%3faddrs%3d172.24.33.225-9618%26alias%3dsdfrome001.sdf.slac.stanford.edu#6220018&PrivNet=sdfrome059.sdf.slac.stanford.edu&addrs=172.24.33.124-39661&alias=sdfrome059.sdf.slac.stanford.edu>
	SlotName: slot_abrought_25802_1_7@sdfrome059.sdf.slac.stanford.edu
...
006 (1971943.000.000) 2023-12-14 02:26:33 Image size of job updated: 290808
	83  -  MemoryUsage of job (MB)
	84064  -  ResidentSetSize of job (KB)
...
006 (1971943.000.000) 2023-12-14 02:27:08 Image size of job updated: 2103488
	623  -  MemoryUsage of job (MB)
	637380  -  ResidentSetSize of job (KB)
...
040 (1971943.000.000) 2023-12-14 02:27:08 Started transferring output files
...
040 (1971943.000.000) 2023-12-14 02:27:08 Finished transferring output files
...
005 (1971943.000.000) 2023-12-14 02:27:08 Job terminated.
	(1) Normal termination (return value 0)
		Usr 0 00:00:24, Sys 0 00:00:05  -  Run Remote Usage
		Usr 0 00:00:00, Sys 0 00:00:00  -  Run Local Usage
		Usr 0 00:00:24, Sys 0 00:00:05  -  Total Remote Usage
		Usr 0 00:00:00, Sys 0 00:00:00  -  Total Local Usage
	18805  -  Run Bytes Sent By Job
	0  -  Run Bytes Received By Job
	18805  -  Total Bytes Sent By Job
	0  -  Total Bytes Received By Job
	Partitionable Resources :    Usage  Request Allocated 
	   Cpus                 :                 1         1 
	   Disk (KB)            :       90        2    312194 
	   Memory (MB)          :      623     2048      2048 

	Job terminated of its own accord at 2023-12-14T10:27:08Z with exit-code 0.
...
