000 (1971329.000.000) 2023-12-14 02:17:31 Job submitted from host: <172.24.33.226:11547?addrs=172.24.33.226-11547&alias=sdfrome002.sdf.slac.stanford.edu>
    DAG Node: e2bf09b3-9613-4608-8b7a-fec117eed348_ptcIsr_2023111300692_23
...
040 (1971329.000.000) 2023-12-14 02:24:44 Finished transferring input files
...
001 (1971329.000.000) 2023-12-14 02:24:44 Job executing on host: <172.24.33.143:37205?CCBID=172.24.33.225:9618%3faddrs%3d172.24.33.225-9618%26alias%3dsdfrome001.sdf.slac.stanford.edu#6220499&PrivNet=sdfrome078.sdf.slac.stanford.edu&addrs=172.24.33.143-37205&alias=sdfrome078.sdf.slac.stanford.edu>
	SlotName: slot_abrought_7348_1_6@sdfrome078.sdf.slac.stanford.edu
...
006 (1971329.000.000) 2023-12-14 02:24:53 Image size of job updated: 284088
	77  -  MemoryUsage of job (MB)
	78724  -  ResidentSetSize of job (KB)
...
006 (1971329.000.000) 2023-12-14 02:25:43 Image size of job updated: 2094520
	77  -  MemoryUsage of job (MB)
	78724  -  ResidentSetSize of job (KB)
...
040 (1971329.000.000) 2023-12-14 02:25:43 Started transferring output files
...
040 (1971329.000.000) 2023-12-14 02:25:43 Finished transferring output files
...
005 (1971329.000.000) 2023-12-14 02:25:43 Job terminated.
	(1) Normal termination (return value 0)
		Usr 0 00:00:21, Sys 0 00:00:03  -  Run Remote Usage
		Usr 0 00:00:00, Sys 0 00:00:00  -  Run Local Usage
		Usr 0 00:00:21, Sys 0 00:00:03  -  Total Remote Usage
		Usr 0 00:00:00, Sys 0 00:00:00  -  Total Local Usage
	18801  -  Run Bytes Sent By Job
	0  -  Run Bytes Received By Job
	18801  -  Total Bytes Sent By Job
	0  -  Total Bytes Received By Job
	Partitionable Resources :    Usage  Request Allocated 
	   Cpus                 :                 1         1 
	   Disk (KB)            :       90        2    312194 
	   Memory (MB)          :       77     2048      2048 

	Job terminated of its own accord at 2023-12-14T10:25:43Z with exit-code 0.
...
