000 (1970268.000.000) 2023-12-14 02:17:18 Job submitted from host: <172.24.33.226:11547?addrs=172.24.33.226-11547&alias=sdfrome002.sdf.slac.stanford.edu>
    DAG Node: 5e1fef80-4659-4ad0-97b5-8311752c3b79_ptcIsr_2023111201407_23
...
040 (1970268.000.000) 2023-12-14 02:21:20 Finished transferring input files
...
001 (1970268.000.000) 2023-12-14 02:21:20 Job executing on host: <172.24.48.193:46283?CCBID=172.24.33.225:9618%3faddrs%3d172.24.33.225-9618%26alias%3dsdfrome001.sdf.slac.stanford.edu#6219697&PrivNet=sdfmilan121.sdf.slac.stanford.edu&addrs=172.24.48.193-46283&alias=sdfmilan121.sdf.slac.stanford.edu>
	SlotName: slot_abrought_10210_1_15@sdfmilan121.sdf.slac.stanford.edu
...
006 (1970268.000.000) 2023-12-14 02:21:29 Image size of job updated: 304104
	95  -  MemoryUsage of job (MB)
	96732  -  ResidentSetSize of job (KB)
...
006 (1970268.000.000) 2023-12-14 02:22:18 Image size of job updated: 2102264
	616  -  MemoryUsage of job (MB)
	630468  -  ResidentSetSize of job (KB)
...
040 (1970268.000.000) 2023-12-14 02:22:18 Started transferring output files
...
040 (1970268.000.000) 2023-12-14 02:22:18 Finished transferring output files
...
005 (1970268.000.000) 2023-12-14 02:22:18 Job terminated.
	(1) Normal termination (return value 0)
		Usr 0 00:00:22, Sys 0 00:00:04  -  Run Remote Usage
		Usr 0 00:00:00, Sys 0 00:00:00  -  Run Local Usage
		Usr 0 00:00:22, Sys 0 00:00:04  -  Total Remote Usage
		Usr 0 00:00:00, Sys 0 00:00:00  -  Total Local Usage
	18802  -  Run Bytes Sent By Job
	0  -  Run Bytes Received By Job
	18802  -  Total Bytes Sent By Job
	0  -  Total Bytes Received By Job
	Partitionable Resources :    Usage  Request Allocated 
	   Cpus                 :     0.22        1         1 
	   Disk (KB)            :    97           2    311595 
	   Memory (MB)          :   616        2048      2048 

	Job terminated of its own accord at 2023-12-14T10:22:18Z with exit-code 0.
...
