000 (1969518.000.000) 2023-12-14 02:17:10 Job submitted from host: <172.24.33.226:11547?addrs=172.24.33.226-11547&alias=sdfrome002.sdf.slac.stanford.edu>
    DAG Node: 50babd09-25da-4e22-9c2d-2e3eda534eee_ptcIsr_2023111300752_23
...
040 (1969518.000.000) 2023-12-14 02:18:07 Finished transferring input files
...
001 (1969518.000.000) 2023-12-14 02:18:07 Job executing on host: <172.24.33.147:42953?CCBID=172.24.33.225:9618%3faddrs%3d172.24.33.225-9618%26alias%3dsdfrome001.sdf.slac.stanford.edu#6219703&PrivNet=sdfrome082.sdf.slac.stanford.edu&addrs=172.24.33.147-42953&alias=sdfrome082.sdf.slac.stanford.edu>
	SlotName: slot_abrought_48_1_23@sdfrome082.sdf.slac.stanford.edu
...
006 (1969518.000.000) 2023-12-14 02:18:16 Image size of job updated: 292292
	85  -  MemoryUsage of job (MB)
	86256  -  ResidentSetSize of job (KB)
...
006 (1969518.000.000) 2023-12-14 02:18:55 Image size of job updated: 2339432
	626  -  MemoryUsage of job (MB)
	640676  -  ResidentSetSize of job (KB)
...
040 (1969518.000.000) 2023-12-14 02:18:55 Started transferring output files
...
040 (1969518.000.000) 2023-12-14 02:18:55 Finished transferring output files
...
005 (1969518.000.000) 2023-12-14 02:18:55 Job terminated.
	(1) Normal termination (return value 0)
		Usr 0 00:00:21, Sys 0 00:00:04  -  Run Remote Usage
		Usr 0 00:00:00, Sys 0 00:00:00  -  Run Local Usage
		Usr 0 00:00:21, Sys 0 00:00:04  -  Total Remote Usage
		Usr 0 00:00:00, Sys 0 00:00:00  -  Total Local Usage
	19073  -  Run Bytes Sent By Job
	0  -  Run Bytes Received By Job
	19073  -  Total Bytes Sent By Job
	0  -  Total Bytes Received By Job
	Partitionable Resources :    Usage  Request Allocated 
	   Cpus                 :                 1         1 
	   Disk (KB)            :       91        2    312116 
	   Memory (MB)          :      626     2048      2048 

	Job terminated of its own accord at 2023-12-14T10:18:55Z with exit-code 0.
...
