000 (1972425.000.000) 2023-12-14 02:17:43 Job submitted from host: <172.24.33.226:11547?addrs=172.24.33.226-11547&alias=sdfrome002.sdf.slac.stanford.edu>
    DAG Node: a4b4a059-14a8-4f9a-afad-1168bc4e5952_ptcIsr_2023111200768_23
...
040 (1972425.000.000) 2023-12-14 02:27:50 Finished transferring input files
...
001 (1972425.000.000) 2023-12-14 02:27:50 Job executing on host: <172.24.33.124:39697?CCBID=172.24.33.225:9618%3faddrs%3d172.24.33.225-9618%26alias%3dsdfrome001.sdf.slac.stanford.edu#6220015&PrivNet=sdfrome059.sdf.slac.stanford.edu&addrs=172.24.33.124-39697&alias=sdfrome059.sdf.slac.stanford.edu>
	SlotName: slot_abrought_7836_1_11@sdfrome059.sdf.slac.stanford.edu
...
006 (1972425.000.000) 2023-12-14 02:27:59 Image size of job updated: 339556
	125  -  MemoryUsage of job (MB)
	127996  -  ResidentSetSize of job (KB)
...
006 (1972425.000.000) 2023-12-14 02:28:47 Image size of job updated: 2170724
	637  -  MemoryUsage of job (MB)
	652080  -  ResidentSetSize of job (KB)
...
040 (1972425.000.000) 2023-12-14 02:28:47 Started transferring output files
...
040 (1972425.000.000) 2023-12-14 02:28:47 Finished transferring output files
...
005 (1972425.000.000) 2023-12-14 02:28:47 Job terminated.
	(1) Normal termination (return value 0)
		Usr 0 00:00:21, Sys 0 00:00:04  -  Run Remote Usage
		Usr 0 00:00:00, Sys 0 00:00:00  -  Run Local Usage
		Usr 0 00:00:21, Sys 0 00:00:04  -  Total Remote Usage
		Usr 0 00:00:00, Sys 0 00:00:00  -  Total Local Usage
	19075  -  Run Bytes Sent By Job
	0  -  Run Bytes Received By Job
	19075  -  Total Bytes Sent By Job
	0  -  Total Bytes Received By Job
	Partitionable Resources :    Usage  Request Allocated 
	   Cpus                 :                 1         1 
	   Disk (KB)            :       91        2    312194 
	   Memory (MB)          :      637     2048      2048 

	Job terminated of its own accord at 2023-12-14T10:28:46Z with exit-code 0.
...
