000 (1971104.000.000) 2023-12-14 02:17:30 Job submitted from host: <172.24.33.226:11547?addrs=172.24.33.226-11547&alias=sdfrome002.sdf.slac.stanford.edu>
    DAG Node: 2394d73d-f88d-4838-a7dd-bf063cf70959_ptcIsr_2023111203024_23
...
040 (1971104.000.000) 2023-12-14 02:24:01 Finished transferring input files
...
001 (1971104.000.000) 2023-12-14 02:24:01 Job executing on host: <172.24.33.213:43829?CCBID=172.24.33.225:9618%3faddrs%3d172.24.33.225-9618%26alias%3dsdfrome001.sdf.slac.stanford.edu#6220038&PrivNet=sdfrome022.sdf.slac.stanford.edu&addrs=172.24.33.213-43829&alias=sdfrome022.sdf.slac.stanford.edu>
	SlotName: slot_abrought_31850_1_3@sdfrome022.sdf.slac.stanford.edu
...
006 (1971104.000.000) 2023-12-14 02:24:10 Image size of job updated: 355192
	140  -  MemoryUsage of job (MB)
	143144  -  ResidentSetSize of job (KB)
...
006 (1971104.000.000) 2023-12-14 02:24:51 Image size of job updated: 2020532
	620  -  MemoryUsage of job (MB)
	634012  -  ResidentSetSize of job (KB)
...
040 (1971104.000.000) 2023-12-14 02:24:52 Started transferring output files
...
040 (1971104.000.000) 2023-12-14 02:24:52 Finished transferring output files
...
005 (1971104.000.000) 2023-12-14 02:24:52 Job terminated.
	(1) Normal termination (return value 0)
		Usr 0 00:00:18, Sys 0 00:00:04  -  Run Remote Usage
		Usr 0 00:00:00, Sys 0 00:00:00  -  Run Local Usage
		Usr 0 00:00:18, Sys 0 00:00:04  -  Total Remote Usage
		Usr 0 00:00:00, Sys 0 00:00:00  -  Total Local Usage
	18975  -  Run Bytes Sent By Job
	0  -  Run Bytes Received By Job
	18975  -  Total Bytes Sent By Job
	0  -  Total Bytes Received By Job
	Partitionable Resources :    Usage  Request Allocated 
	   Cpus                 :     0.37        1         1 
	   Disk (KB)            :    97           2    312194 
	   Memory (MB)          :   620        2048      2048 

	Job terminated of its own accord at 2023-12-14T10:24:51Z with exit-code 0.
...
