000 (1969893.000.000) 2023-12-14 02:17:13 Job submitted from host: <172.24.33.226:11547?addrs=172.24.33.226-11547&alias=sdfrome002.sdf.slac.stanford.edu>
    DAG Node: 6dcd190d-dedb-48e5-8459-a21651afc9ba_ptcIsr_2023111200282_23
...
040 (1969893.000.000) 2023-12-14 02:20:13 Finished transferring input files
...
001 (1969893.000.000) 2023-12-14 02:20:13 Job executing on host: <172.24.33.213:34935?CCBID=172.24.33.225:9618%3faddrs%3d172.24.33.225-9618%26alias%3dsdfrome001.sdf.slac.stanford.edu#6220035&PrivNet=sdfrome022.sdf.slac.stanford.edu&addrs=172.24.33.213-34935&alias=sdfrome022.sdf.slac.stanford.edu>
	SlotName: slot_abrought_12392_1_13@sdfrome022.sdf.slac.stanford.edu
...
006 (1969893.000.000) 2023-12-14 02:20:22 Image size of job updated: 69764
	1  -  MemoryUsage of job (MB)
	688  -  ResidentSetSize of job (KB)
...
006 (1969893.000.000) 2023-12-14 02:25:23 Image size of job updated: 2135872
	1306  -  MemoryUsage of job (MB)
	1336564  -  ResidentSetSize of job (KB)
...
040 (1969893.000.000) 2023-12-14 02:25:30 Started transferring output files
...
040 (1969893.000.000) 2023-12-14 02:25:30 Finished transferring output files
...
005 (1969893.000.000) 2023-12-14 02:25:33 Job terminated.
	(1) Normal termination (return value 0)
		Usr 0 00:00:20, Sys 0 00:00:05  -  Run Remote Usage
		Usr 0 00:00:00, Sys 0 00:00:00  -  Run Local Usage
		Usr 0 00:00:20, Sys 0 00:00:05  -  Total Remote Usage
		Usr 0 00:00:00, Sys 0 00:00:00  -  Total Local Usage
	19074  -  Run Bytes Sent By Job
	0  -  Run Bytes Received By Job
	19074  -  Total Bytes Sent By Job
	0  -  Total Bytes Received By Job
	Partitionable Resources :    Usage  Request Allocated 
	   Cpus                 :     0.08        1         1 
	   Disk (KB)            : 26628           2    312194 
	   Memory (MB)          :  1306        2048      2048 

	Job terminated of its own accord at 2023-12-14T10:25:30Z with exit-code 0.
...
