000 (1969666.000.000) 2023-12-14 02:17:11 Job submitted from host: <172.24.33.226:11547?addrs=172.24.33.226-11547&alias=sdfrome002.sdf.slac.stanford.edu>
    DAG Node: 679a8797-d97b-4393-8bf3-e90c5542cbd6_ptcIsr_2023111203651_23
...
040 (1969666.000.000) 2023-12-14 02:19:27 Finished transferring input files
...
001 (1969666.000.000) 2023-12-14 02:19:27 Job executing on host: <172.24.48.193:46283?CCBID=172.24.33.225:9618%3faddrs%3d172.24.33.225-9618%26alias%3dsdfrome001.sdf.slac.stanford.edu#6219697&PrivNet=sdfmilan121.sdf.slac.stanford.edu&addrs=172.24.48.193-46283&alias=sdfmilan121.sdf.slac.stanford.edu>
	SlotName: slot_abrought_10210_1_13@sdfmilan121.sdf.slac.stanford.edu
...
006 (1969666.000.000) 2023-12-14 02:19:36 Image size of job updated: 272900
	67  -  MemoryUsage of job (MB)
	68360  -  ResidentSetSize of job (KB)
...
006 (1969666.000.000) 2023-12-14 02:20:18 Image size of job updated: 2262044
	656  -  MemoryUsage of job (MB)
	671376  -  ResidentSetSize of job (KB)
...
040 (1969666.000.000) 2023-12-14 02:20:18 Started transferring output files
...
040 (1969666.000.000) 2023-12-14 02:20:18 Finished transferring output files
...
005 (1969666.000.000) 2023-12-14 02:20:19 Job terminated.
	(1) Normal termination (return value 0)
		Usr 0 00:00:23, Sys 0 00:00:03  -  Run Remote Usage
		Usr 0 00:00:00, Sys 0 00:00:00  -  Run Local Usage
		Usr 0 00:00:23, Sys 0 00:00:03  -  Total Remote Usage
		Usr 0 00:00:00, Sys 0 00:00:00  -  Total Local Usage
	19073  -  Run Bytes Sent By Job
	0  -  Run Bytes Received By Job
	19073  -  Total Bytes Sent By Job
	0  -  Total Bytes Received By Job
	Partitionable Resources :    Usage  Request Allocated 
	   Cpus                 :                 1         1 
	   Disk (KB)            :       91        2    311595 
	   Memory (MB)          :      656     2048      2048 

	Job terminated of its own accord at 2023-12-14T10:20:18Z with exit-code 0.
...
