000 (1969761.000.000) 2023-12-14 02:17:12 Job submitted from host: <172.24.33.226:11547?addrs=172.24.33.226-11547&alias=sdfrome002.sdf.slac.stanford.edu>
    DAG Node: d6dcb050-c16d-4afb-9a21-c989c78e88c4_ptcIsr_2023111301185_23
...
040 (1969761.000.000) 2023-12-14 02:20:09 Finished transferring input files
...
001 (1969761.000.000) 2023-12-14 02:20:09 Job executing on host: <172.24.33.213:41467?CCBID=172.24.33.225:9618%3faddrs%3d172.24.33.225-9618%26alias%3dsdfrome001.sdf.slac.stanford.edu#6220037&PrivNet=sdfrome022.sdf.slac.stanford.edu&addrs=172.24.33.213-41467&alias=sdfrome022.sdf.slac.stanford.edu>
	SlotName: slot_abrought_435_1_2@sdfrome022.sdf.slac.stanford.edu
...
006 (1969761.000.000) 2023-12-14 02:20:17 Image size of job updated: 290804
	82  -  MemoryUsage of job (MB)
	83804  -  ResidentSetSize of job (KB)
...
006 (1969761.000.000) 2023-12-14 02:21:11 Image size of job updated: 1980972
	636  -  MemoryUsage of job (MB)
	650752  -  ResidentSetSize of job (KB)
...
040 (1969761.000.000) 2023-12-14 02:21:11 Started transferring output files
...
040 (1969761.000.000) 2023-12-14 02:21:11 Finished transferring output files
...
005 (1969761.000.000) 2023-12-14 02:21:12 Job terminated.
	(1) Normal termination (return value 0)
		Usr 0 00:00:25, Sys 0 00:00:09  -  Run Remote Usage
		Usr 0 00:00:00, Sys 0 00:00:00  -  Run Local Usage
		Usr 0 00:00:25, Sys 0 00:00:09  -  Total Remote Usage
		Usr 0 00:00:00, Sys 0 00:00:00  -  Total Local Usage
	18532  -  Run Bytes Sent By Job
	0  -  Run Bytes Received By Job
	18532  -  Total Bytes Sent By Job
	0  -  Total Bytes Received By Job
	Partitionable Resources :    Usage  Request Allocated 
	   Cpus                 :                 1         1 
	   Disk (KB)            :       90        2    312194 
	   Memory (MB)          :      636     2048      2048 

	Job terminated of its own accord at 2023-12-14T10:21:11Z with exit-code 0.
...
