000 (1969469.000.000) 2023-12-14 02:17:10 Job submitted from host: <172.24.33.226:11547?addrs=172.24.33.226-11547&alias=sdfrome002.sdf.slac.stanford.edu>
    DAG Node: a4b995be-ffc1-4c77-b513-9a699ec4bc2e_ptcIsr_2023111202939_23
...
040 (1969469.000.000) 2023-12-14 02:17:55 Finished transferring input files
...
001 (1969469.000.000) 2023-12-14 02:17:55 Job executing on host: <172.24.48.185:41489?CCBID=172.24.33.225:9618%3faddrs%3d172.24.33.225-9618%26alias%3dsdfrome001.sdf.slac.stanford.edu#6219699&PrivNet=sdfmilan113.sdf.slac.stanford.edu&addrs=172.24.48.185-41489&alias=sdfmilan113.sdf.slac.stanford.edu>
	SlotName: slot_abrought_18623_1_7@sdfmilan113.sdf.slac.stanford.edu
...
006 (1969469.000.000) 2023-12-14 02:18:04 Image size of job updated: 27024
	11  -  MemoryUsage of job (MB)
	10276  -  ResidentSetSize of job (KB)
...
006 (1969469.000.000) 2023-12-14 02:19:07 Image size of job updated: 2198436
	11  -  MemoryUsage of job (MB)
	10276  -  ResidentSetSize of job (KB)
...
040 (1969469.000.000) 2023-12-14 02:19:07 Started transferring output files
...
040 (1969469.000.000) 2023-12-14 02:19:07 Finished transferring output files
...
005 (1969469.000.000) 2023-12-14 02:19:07 Job terminated.
	(1) Normal termination (return value 0)
		Usr 0 00:00:22, Sys 0 00:00:03  -  Run Remote Usage
		Usr 0 00:00:00, Sys 0 00:00:00  -  Run Local Usage
		Usr 0 00:00:22, Sys 0 00:00:03  -  Total Remote Usage
		Usr 0 00:00:00, Sys 0 00:00:00  -  Total Local Usage
	19073  -  Run Bytes Sent By Job
	0  -  Run Bytes Received By Job
	19073  -  Total Bytes Sent By Job
	0  -  Total Bytes Received By Job
	Partitionable Resources :    Usage  Request Allocated 
	   Cpus                 :                 1         1 
	   Disk (KB)            :       91        2    312194 
	   Memory (MB)          :       11     2048      2048 

	Job terminated of its own accord at 2023-12-14T10:19:06Z with exit-code 0.
...
