000 (1969731.000.000) 2023-12-14 02:17:12 Job submitted from host: <172.24.33.226:11547?addrs=172.24.33.226-11547&alias=sdfrome002.sdf.slac.stanford.edu>
    DAG Node: be7251d7-2ce3-4332-a23a-c52d7b5a8f31_ptcIsr_2023111202363_23
...
040 (1969731.000.000) 2023-12-14 02:19:57 Finished transferring input files
...
001 (1969731.000.000) 2023-12-14 02:19:57 Job executing on host: <172.24.33.147:42953?CCBID=172.24.33.225:9618%3faddrs%3d172.24.33.225-9618%26alias%3dsdfrome001.sdf.slac.stanford.edu#6219703&PrivNet=sdfrome082.sdf.slac.stanford.edu&addrs=172.24.33.147-42953&alias=sdfrome082.sdf.slac.stanford.edu>
	SlotName: slot_abrought_48_1_8@sdfrome082.sdf.slac.stanford.edu
...
006 (1969731.000.000) 2023-12-14 02:20:05 Image size of job updated: 329620
	117  -  MemoryUsage of job (MB)
	119196  -  ResidentSetSize of job (KB)
...
006 (1969731.000.000) 2023-12-14 02:20:49 Image size of job updated: 2001852
	608  -  MemoryUsage of job (MB)
	622504  -  ResidentSetSize of job (KB)
...
040 (1969731.000.000) 2023-12-14 02:20:49 Started transferring output files
...
040 (1969731.000.000) 2023-12-14 02:20:49 Finished transferring output files
...
005 (1969731.000.000) 2023-12-14 02:20:49 Job terminated.
	(1) Normal termination (return value 0)
		Usr 0 00:00:22, Sys 0 00:00:03  -  Run Remote Usage
		Usr 0 00:00:00, Sys 0 00:00:00  -  Run Local Usage
		Usr 0 00:00:22, Sys 0 00:00:03  -  Total Remote Usage
		Usr 0 00:00:00, Sys 0 00:00:00  -  Total Local Usage
	18533  -  Run Bytes Sent By Job
	0  -  Run Bytes Received By Job
	18533  -  Total Bytes Sent By Job
	0  -  Total Bytes Received By Job
	Partitionable Resources :    Usage  Request Allocated 
	   Cpus                 :                 1         1 
	   Disk (KB)            :       90        2    312116 
	   Memory (MB)          :      608     2048      2048 

	Job terminated of its own accord at 2023-12-14T10:20:49Z with exit-code 0.
...
