000 (1972197.000.000) 2023-12-14 02:17:42 Job submitted from host: <172.24.33.226:11547?addrs=172.24.33.226-11547&alias=sdfrome002.sdf.slac.stanford.edu>
    DAG Node: 464928e1-4b38-4256-ab47-e63357a9e245_ptcIsr_2023111300437_23
...
040 (1972197.000.000) 2023-12-14 02:27:11 Finished transferring input files
...
001 (1972197.000.000) 2023-12-14 02:27:11 Job executing on host: <172.24.33.124:44469?CCBID=172.24.33.225:9618%3faddrs%3d172.24.33.225-9618%26alias%3dsdfrome001.sdf.slac.stanford.edu#6220017&PrivNet=sdfrome059.sdf.slac.stanford.edu&addrs=172.24.33.124-44469&alias=sdfrome059.sdf.slac.stanford.edu>
	SlotName: slot_abrought_2668_1_3@sdfrome059.sdf.slac.stanford.edu
...
006 (1972197.000.000) 2023-12-14 02:27:20 Image size of job updated: 292288
	85  -  MemoryUsage of job (MB)
	86036  -  ResidentSetSize of job (KB)
...
006 (1972197.000.000) 2023-12-14 02:28:08 Image size of job updated: 2129772
	651  -  MemoryUsage of job (MB)
	665736  -  ResidentSetSize of job (KB)
...
040 (1972197.000.000) 2023-12-14 02:28:09 Started transferring output files
...
040 (1972197.000.000) 2023-12-14 02:28:09 Finished transferring output files
...
005 (1972197.000.000) 2023-12-14 02:28:09 Job terminated.
	(1) Normal termination (return value 0)
		Usr 0 00:00:22, Sys 0 00:00:04  -  Run Remote Usage
		Usr 0 00:00:00, Sys 0 00:00:00  -  Run Local Usage
		Usr 0 00:00:22, Sys 0 00:00:04  -  Total Remote Usage
		Usr 0 00:00:00, Sys 0 00:00:00  -  Total Local Usage
	18801  -  Run Bytes Sent By Job
	0  -  Run Bytes Received By Job
	18801  -  Total Bytes Sent By Job
	0  -  Total Bytes Received By Job
	Partitionable Resources :    Usage  Request Allocated 
	   Cpus                 :                 1         1 
	   Disk (KB)            :       90        2    312194 
	   Memory (MB)          :      651     2048      2048 

	Job terminated of its own accord at 2023-12-14T10:28:08Z with exit-code 0.
...
