000 (1972662.000.000) 2023-12-14 02:17:47 Job submitted from host: <172.24.33.226:11547?addrs=172.24.33.226-11547&alias=sdfrome002.sdf.slac.stanford.edu>
    DAG Node: 6bc98274-4b7f-4389-b066-8251c815821e_ptcIsr_2023111202648_23
...
040 (1972662.000.000) 2023-12-14 02:28:35 Finished transferring input files
...
001 (1972662.000.000) 2023-12-14 02:28:35 Job executing on host: <172.24.33.147:42953?CCBID=172.24.33.225:9618%3faddrs%3d172.24.33.225-9618%26alias%3dsdfrome001.sdf.slac.stanford.edu#6219703&PrivNet=sdfrome082.sdf.slac.stanford.edu&addrs=172.24.33.147-42953&alias=sdfrome082.sdf.slac.stanford.edu>
	SlotName: slot_abrought_48_1_14@sdfrome082.sdf.slac.stanford.edu
...
006 (1972662.000.000) 2023-12-14 02:28:43 Image size of job updated: 275896
	70  -  MemoryUsage of job (MB)
	71268  -  ResidentSetSize of job (KB)
...
006 (1972662.000.000) 2023-12-14 02:29:28 Image size of job updated: 2291092
	619  -  MemoryUsage of job (MB)
	633084  -  ResidentSetSize of job (KB)
...
040 (1972662.000.000) 2023-12-14 02:29:28 Started transferring output files
...
040 (1972662.000.000) 2023-12-14 02:29:28 Finished transferring output files
...
005 (1972662.000.000) 2023-12-14 02:29:28 Job terminated.
	(1) Normal termination (return value 0)
		Usr 0 00:00:19, Sys 0 00:00:03  -  Run Remote Usage
		Usr 0 00:00:00, Sys 0 00:00:00  -  Run Local Usage
		Usr 0 00:00:19, Sys 0 00:00:03  -  Total Remote Usage
		Usr 0 00:00:00, Sys 0 00:00:00  -  Total Local Usage
	19074  -  Run Bytes Sent By Job
	0  -  Run Bytes Received By Job
	19074  -  Total Bytes Sent By Job
	0  -  Total Bytes Received By Job
	Partitionable Resources :    Usage  Request Allocated 
	   Cpus                 :                 1         1 
	   Disk (KB)            :       91        2    312116 
	   Memory (MB)          :      619     2048      2048 

	Job terminated of its own accord at 2023-12-14T10:29:28Z with exit-code 0.
...
