000 (1971248.000.000) 2023-12-14 02:17:31 Job submitted from host: <172.24.33.226:11547?addrs=172.24.33.226-11547&alias=sdfrome002.sdf.slac.stanford.edu>
    DAG Node: 391e94f9-b0d0-4657-bd63-d2109d9b68fc_ptcIsr_2023111200764_23
...
040 (1971248.000.000) 2023-12-14 02:24:30 Finished transferring input files
...
001 (1971248.000.000) 2023-12-14 02:24:30 Job executing on host: <172.24.33.124:39661?CCBID=172.24.33.225:9618%3faddrs%3d172.24.33.225-9618%26alias%3dsdfrome001.sdf.slac.stanford.edu#6220018&PrivNet=sdfrome059.sdf.slac.stanford.edu&addrs=172.24.33.124-39661&alias=sdfrome059.sdf.slac.stanford.edu>
	SlotName: slot_abrought_25802_1_2@sdfrome059.sdf.slac.stanford.edu
...
006 (1971248.000.000) 2023-12-14 02:24:39 Image size of job updated: 356824
	143  -  MemoryUsage of job (MB)
	146192  -  ResidentSetSize of job (KB)
...
006 (1971248.000.000) 2023-12-14 02:25:12 Image size of job updated: 2186096
	143  -  MemoryUsage of job (MB)
	146192  -  ResidentSetSize of job (KB)
...
040 (1971248.000.000) 2023-12-14 02:25:12 Started transferring output files
...
040 (1971248.000.000) 2023-12-14 02:25:12 Finished transferring output files
...
005 (1971248.000.000) 2023-12-14 02:25:12 Job terminated.
	(1) Normal termination (return value 0)
		Usr 0 00:00:27, Sys 0 00:00:04  -  Run Remote Usage
		Usr 0 00:00:00, Sys 0 00:00:00  -  Run Local Usage
		Usr 0 00:00:27, Sys 0 00:00:04  -  Total Remote Usage
		Usr 0 00:00:00, Sys 0 00:00:00  -  Total Local Usage
	19073  -  Run Bytes Sent By Job
	0  -  Run Bytes Received By Job
	19073  -  Total Bytes Sent By Job
	0  -  Total Bytes Received By Job
	Partitionable Resources :    Usage  Request Allocated 
	   Cpus                 :                 1         1 
	   Disk (KB)            :       91        2    312194 
	   Memory (MB)          :      143     2048      2048 

	Job terminated of its own accord at 2023-12-14T10:25:12Z with exit-code 0.
...
