000 (1970014.000.000) 2023-12-14 02:17:17 Job submitted from host: <172.24.33.226:11547?addrs=172.24.33.226-11547&alias=sdfrome002.sdf.slac.stanford.edu>
    DAG Node: aceee022-a64d-4bd6-ab44-bb008211a266_ptcIsr_2023111201779_23
...
040 (1970014.000.000) 2023-12-14 02:20:17 Finished transferring input files
...
001 (1970014.000.000) 2023-12-14 02:20:17 Job executing on host: <172.24.33.147:42953?CCBID=172.24.33.225:9618%3faddrs%3d172.24.33.225-9618%26alias%3dsdfrome001.sdf.slac.stanford.edu#6219703&PrivNet=sdfrome082.sdf.slac.stanford.edu&addrs=172.24.33.147-42953&alias=sdfrome082.sdf.slac.stanford.edu>
	SlotName: slot_abrought_48_1_16@sdfrome082.sdf.slac.stanford.edu
...
006 (1970014.000.000) 2023-12-14 02:20:26 Image size of job updated: 289784
	82  -  MemoryUsage of job (MB)
	83676  -  ResidentSetSize of job (KB)
...
006 (1970014.000.000) 2023-12-14 02:21:12 Image size of job updated: 2053744
	84  -  MemoryUsage of job (MB)
	85768  -  ResidentSetSize of job (KB)
...
040 (1970014.000.000) 2023-12-14 02:21:12 Started transferring output files
...
040 (1970014.000.000) 2023-12-14 02:21:12 Finished transferring output files
...
005 (1970014.000.000) 2023-12-14 02:21:12 Job terminated.
	(1) Normal termination (return value 0)
		Usr 0 00:00:21, Sys 0 00:00:03  -  Run Remote Usage
		Usr 0 00:00:00, Sys 0 00:00:00  -  Run Local Usage
		Usr 0 00:00:21, Sys 0 00:00:03  -  Total Remote Usage
		Usr 0 00:00:00, Sys 0 00:00:00  -  Total Local Usage
	19073  -  Run Bytes Sent By Job
	0  -  Run Bytes Received By Job
	19073  -  Total Bytes Sent By Job
	0  -  Total Bytes Received By Job
	Partitionable Resources :    Usage  Request Allocated 
	   Cpus                 :                 1         1 
	   Disk (KB)            :       91        2    312116 
	   Memory (MB)          :       84     2048      2048 

	Job terminated of its own accord at 2023-12-14T10:21:12Z with exit-code 0.
...
