000 (1972227.000.000) 2023-12-14 02:17:43 Job submitted from host: <172.24.33.226:11547?addrs=172.24.33.226-11547&alias=sdfrome002.sdf.slac.stanford.edu>
    DAG Node: cf435589-0e5a-4f7f-8fc9-f7f2c1194932_ptcIsr_2023111300813_23
...
040 (1972227.000.000) 2023-12-14 02:27:17 Finished transferring input files
...
001 (1972227.000.000) 2023-12-14 02:27:17 Job executing on host: <172.24.48.159:36013?CCBID=172.24.33.225:9618%3faddrs%3d172.24.33.225-9618%26alias%3dsdfrome001.sdf.slac.stanford.edu#6219701&PrivNet=sdfmilan059.sdf.slac.stanford.edu&addrs=172.24.48.159-36013&alias=sdfmilan059.sdf.slac.stanford.edu>
	SlotName: slot_abrought_18206_1_9@sdfmilan059.sdf.slac.stanford.edu
...
006 (1972227.000.000) 2023-12-14 02:27:26 Image size of job updated: 27348
	11  -  MemoryUsage of job (MB)
	10616  -  ResidentSetSize of job (KB)
...
006 (1972227.000.000) 2023-12-14 02:31:20 Image size of job updated: 2035188
	11  -  MemoryUsage of job (MB)
	10616  -  ResidentSetSize of job (KB)
...
040 (1972227.000.000) 2023-12-14 02:31:20 Started transferring output files
...
040 (1972227.000.000) 2023-12-14 02:31:20 Finished transferring output files
...
005 (1972227.000.000) 2023-12-14 02:31:20 Job terminated.
	(1) Normal termination (return value 0)
		Usr 0 00:00:28, Sys 0 00:00:03  -  Run Remote Usage
		Usr 0 00:00:00, Sys 0 00:00:00  -  Run Local Usage
		Usr 0 00:00:28, Sys 0 00:00:03  -  Total Remote Usage
		Usr 0 00:00:00, Sys 0 00:00:00  -  Total Local Usage
	18532  -  Run Bytes Sent By Job
	0  -  Run Bytes Received By Job
	18532  -  Total Bytes Sent By Job
	0  -  Total Bytes Received By Job
	Partitionable Resources :    Usage  Request Allocated 
	   Cpus                 :                 1         1 
	   Disk (KB)            :       90        2    312194 
	   Memory (MB)          :       11     2048      2048 

	Job terminated of its own accord at 2023-12-14T10:31:20Z with exit-code 0.
...
