000 (1973423.000.000) 2023-12-14 02:17:57 Job submitted from host: <172.24.33.226:11547?addrs=172.24.33.226-11547&alias=sdfrome002.sdf.slac.stanford.edu>
    DAG Node: ec63940b-436c-49ae-b2db-0ec01479e232_ptcIsr_2023111202420_23
...
040 (1973423.000.000) 2023-12-14 02:30:43 Finished transferring input files
...
001 (1973423.000.000) 2023-12-14 02:30:43 Job executing on host: <172.24.33.124:39697?CCBID=172.24.33.225:9618%3faddrs%3d172.24.33.225-9618%26alias%3dsdfrome001.sdf.slac.stanford.edu#6220015&PrivNet=sdfrome059.sdf.slac.stanford.edu&addrs=172.24.33.124-39697&alias=sdfrome059.sdf.slac.stanford.edu>
	SlotName: slot_abrought_7836_1_18@sdfrome059.sdf.slac.stanford.edu
...
006 (1973423.000.000) 2023-12-14 02:30:52 Image size of job updated: 337088
	124  -  MemoryUsage of job (MB)
	126848  -  ResidentSetSize of job (KB)
...
006 (1973423.000.000) 2023-12-14 02:31:25 Image size of job updated: 2130500
	649  -  MemoryUsage of job (MB)
	663736  -  ResidentSetSize of job (KB)
...
040 (1973423.000.000) 2023-12-14 02:31:25 Started transferring output files
...
040 (1973423.000.000) 2023-12-14 02:31:25 Finished transferring output files
...
005 (1973423.000.000) 2023-12-14 02:31:25 Job terminated.
	(1) Normal termination (return value 0)
		Usr 0 00:00:21, Sys 0 00:00:04  -  Run Remote Usage
		Usr 0 00:00:00, Sys 0 00:00:00  -  Run Local Usage
		Usr 0 00:00:21, Sys 0 00:00:04  -  Total Remote Usage
		Usr 0 00:00:00, Sys 0 00:00:00  -  Total Local Usage
	18802  -  Run Bytes Sent By Job
	0  -  Run Bytes Received By Job
	18802  -  Total Bytes Sent By Job
	0  -  Total Bytes Received By Job
	Partitionable Resources :    Usage  Request Allocated 
	   Cpus                 :                 1         1 
	   Disk (KB)            :       90        2    312194 
	   Memory (MB)          :      649     2048      2048 

	Job terminated of its own accord at 2023-12-14T10:31:25Z with exit-code 0.
...
