000 (1972248.000.000) 2023-12-14 02:17:43 Job submitted from host: <172.24.33.226:11547?addrs=172.24.33.226-11547&alias=sdfrome002.sdf.slac.stanford.edu>
    DAG Node: ba779d95-f86b-462a-a3f4-8bf20e79540b_ptcIsr_2023111301004_23
...
040 (1972248.000.000) 2023-12-14 02:27:22 Finished transferring input files
...
001 (1972248.000.000) 2023-12-14 02:27:22 Job executing on host: <172.24.33.124:39697?CCBID=172.24.33.225:9618%3faddrs%3d172.24.33.225-9618%26alias%3dsdfrome001.sdf.slac.stanford.edu#6220015&PrivNet=sdfrome059.sdf.slac.stanford.edu&addrs=172.24.33.124-39697&alias=sdfrome059.sdf.slac.stanford.edu>
	SlotName: slot_abrought_7836_1_21@sdfrome059.sdf.slac.stanford.edu
...
006 (1972248.000.000) 2023-12-14 02:27:32 Image size of job updated: 138764
	40  -  MemoryUsage of job (MB)
	40628  -  ResidentSetSize of job (KB)
...
006 (1972248.000.000) 2023-12-14 02:28:16 Image size of job updated: 2079984
	616  -  MemoryUsage of job (MB)
	630360  -  ResidentSetSize of job (KB)
...
040 (1972248.000.000) 2023-12-14 02:28:16 Started transferring output files
...
040 (1972248.000.000) 2023-12-14 02:28:16 Finished transferring output files
...
005 (1972248.000.000) 2023-12-14 02:28:16 Job terminated.
	(1) Normal termination (return value 0)
		Usr 0 00:00:21, Sys 0 00:00:04  -  Run Remote Usage
		Usr 0 00:00:00, Sys 0 00:00:00  -  Run Local Usage
		Usr 0 00:00:21, Sys 0 00:00:04  -  Total Remote Usage
		Usr 0 00:00:00, Sys 0 00:00:00  -  Total Local Usage
	18802  -  Run Bytes Sent By Job
	0  -  Run Bytes Received By Job
	18802  -  Total Bytes Sent By Job
	0  -  Total Bytes Received By Job
	Partitionable Resources :    Usage  Request Allocated 
	   Cpus                 :                 1         1 
	   Disk (KB)            :       90        2    312194 
	   Memory (MB)          :      616     2048      2048 

	Job terminated of its own accord at 2023-12-14T10:28:16Z with exit-code 0.
...
