000 (1972656.000.000) 2023-12-14 02:17:47 Job submitted from host: <172.24.33.226:11547?addrs=172.24.33.226-11547&alias=sdfrome002.sdf.slac.stanford.edu>
    DAG Node: aa966db8-2f06-43b6-9625-8115bef0e09b_ptcIsr_2023111202738_23
...
040 (1972656.000.000) 2023-12-14 02:28:35 Finished transferring input files
...
001 (1972656.000.000) 2023-12-14 02:28:35 Job executing on host: <172.24.33.143:42517?CCBID=172.24.33.225:9618%3faddrs%3d172.24.33.225-9618%26alias%3dsdfrome001.sdf.slac.stanford.edu#6220496&PrivNet=sdfrome078.sdf.slac.stanford.edu&addrs=172.24.33.143-42517&alias=sdfrome078.sdf.slac.stanford.edu>
	SlotName: slot_abrought_19079_1_11@sdfrome078.sdf.slac.stanford.edu
...
006 (1972656.000.000) 2023-12-14 02:28:43 Image size of job updated: 293332
	85  -  MemoryUsage of job (MB)
	86528  -  ResidentSetSize of job (KB)
...
006 (1972656.000.000) 2023-12-14 02:29:23 Image size of job updated: 2126952
	85  -  MemoryUsage of job (MB)
	86528  -  ResidentSetSize of job (KB)
...
040 (1972656.000.000) 2023-12-14 02:29:23 Started transferring output files
...
040 (1972656.000.000) 2023-12-14 02:29:23 Finished transferring output files
...
005 (1972656.000.000) 2023-12-14 02:29:23 Job terminated.
	(1) Normal termination (return value 0)
		Usr 0 00:00:27, Sys 0 00:00:03  -  Run Remote Usage
		Usr 0 00:00:00, Sys 0 00:00:00  -  Run Local Usage
		Usr 0 00:00:27, Sys 0 00:00:03  -  Total Remote Usage
		Usr 0 00:00:00, Sys 0 00:00:00  -  Total Local Usage
	18532  -  Run Bytes Sent By Job
	0  -  Run Bytes Received By Job
	18532  -  Total Bytes Sent By Job
	0  -  Total Bytes Received By Job
	Partitionable Resources :    Usage  Request Allocated 
	   Cpus                 :                 1         1 
	   Disk (KB)            :       90        2    312194 
	   Memory (MB)          :       85     2048      2048 

	Job terminated of its own accord at 2023-12-14T10:29:23Z with exit-code 0.
...
