000 (1971761.000.000) 2023-12-14 02:17:37 Job submitted from host: <172.24.33.226:11547?addrs=172.24.33.226-11547&alias=sdfrome002.sdf.slac.stanford.edu>
    DAG Node: df41a071-2786-4e7b-8e36-9155f30ad08f_ptcIsr_2023111200074_23
...
040 (1971761.000.000) 2023-12-14 02:25:55 Finished transferring input files
...
001 (1971761.000.000) 2023-12-14 02:25:55 Job executing on host: <172.24.33.147:42953?CCBID=172.24.33.225:9618%3faddrs%3d172.24.33.225-9618%26alias%3dsdfrome001.sdf.slac.stanford.edu#6219703&PrivNet=sdfrome082.sdf.slac.stanford.edu&addrs=172.24.33.147-42953&alias=sdfrome082.sdf.slac.stanford.edu>
	SlotName: slot_abrought_48_1_9@sdfrome082.sdf.slac.stanford.edu
...
006 (1971761.000.000) 2023-12-14 02:26:04 Image size of job updated: 318120
	108  -  MemoryUsage of job (MB)
	110032  -  ResidentSetSize of job (KB)
...
006 (1971761.000.000) 2023-12-14 02:26:49 Image size of job updated: 2175904
	108  -  MemoryUsage of job (MB)
	110032  -  ResidentSetSize of job (KB)
...
040 (1971761.000.000) 2023-12-14 02:26:49 Started transferring output files
...
040 (1971761.000.000) 2023-12-14 02:26:49 Finished transferring output files
...
005 (1971761.000.000) 2023-12-14 02:26:49 Job terminated.
	(1) Normal termination (return value 0)
		Usr 0 00:00:22, Sys 0 00:00:03  -  Run Remote Usage
		Usr 0 00:00:00, Sys 0 00:00:00  -  Run Local Usage
		Usr 0 00:00:22, Sys 0 00:00:03  -  Total Remote Usage
		Usr 0 00:00:00, Sys 0 00:00:00  -  Total Local Usage
	19073  -  Run Bytes Sent By Job
	0  -  Run Bytes Received By Job
	19073  -  Total Bytes Sent By Job
	0  -  Total Bytes Received By Job
	Partitionable Resources :    Usage  Request Allocated 
	   Cpus                 :     0.98        1         1 
	   Disk (KB)            :    97           2    312116 
	   Memory (MB)          :   108        2048      2048 

	Job terminated of its own accord at 2023-12-14T10:26:49Z with exit-code 0.
...
