000 (1970008.000.000) 2023-12-14 02:17:17 Job submitted from host: <172.24.33.226:11547?addrs=172.24.33.226-11547&alias=sdfrome002.sdf.slac.stanford.edu>
    DAG Node: 748b97ae-b746-4711-a0c2-3610fb964896_ptcIsr_2023111201400_23
...
040 (1970008.000.000) 2023-12-14 02:20:14 Finished transferring input files
...
001 (1970008.000.000) 2023-12-14 02:20:14 Job executing on host: <172.24.48.185:41489?CCBID=172.24.33.225:9618%3faddrs%3d172.24.33.225-9618%26alias%3dsdfrome001.sdf.slac.stanford.edu#6219699&PrivNet=sdfmilan113.sdf.slac.stanford.edu&addrs=172.24.48.185-41489&alias=sdfmilan113.sdf.slac.stanford.edu>
	SlotName: slot_abrought_18623_1_11@sdfmilan113.sdf.slac.stanford.edu
...
006 (1970008.000.000) 2023-12-14 02:20:24 Image size of job updated: 323772
	111  -  MemoryUsage of job (MB)
	113588  -  ResidentSetSize of job (KB)
...
006 (1970008.000.000) 2023-12-14 02:21:13 Image size of job updated: 2102664
	619  -  MemoryUsage of job (MB)
	633264  -  ResidentSetSize of job (KB)
...
040 (1970008.000.000) 2023-12-14 02:21:13 Started transferring output files
...
040 (1970008.000.000) 2023-12-14 02:21:13 Finished transferring output files
...
005 (1970008.000.000) 2023-12-14 02:21:13 Job terminated.
	(1) Normal termination (return value 0)
		Usr 0 00:00:19, Sys 0 00:00:03  -  Run Remote Usage
		Usr 0 00:00:00, Sys 0 00:00:00  -  Run Local Usage
		Usr 0 00:00:19, Sys 0 00:00:03  -  Total Remote Usage
		Usr 0 00:00:00, Sys 0 00:00:00  -  Total Local Usage
	18801  -  Run Bytes Sent By Job
	0  -  Run Bytes Received By Job
	18801  -  Total Bytes Sent By Job
	0  -  Total Bytes Received By Job
	Partitionable Resources :    Usage  Request Allocated 
	   Cpus                 :                 1         1 
	   Disk (KB)            :       90        2    312194 
	   Memory (MB)          :      619     2048      2048 

	Job terminated of its own accord at 2023-12-14T10:21:13Z with exit-code 0.
...
