000 (1971380.000.000) 2023-12-14 02:17:31 Job submitted from host: <172.24.33.226:11547?addrs=172.24.33.226-11547&alias=sdfrome002.sdf.slac.stanford.edu>
    DAG Node: e9cc08bd-8a63-47cb-9f3f-4f7b4948bd53_ptcIsr_2023111300770_23
...
040 (1971380.000.000) 2023-12-14 02:24:53 Finished transferring input files
...
001 (1971380.000.000) 2023-12-14 02:24:53 Job executing on host: <172.24.33.213:33037?CCBID=172.24.33.225:9618%3faddrs%3d172.24.33.225-9618%26alias%3dsdfrome001.sdf.slac.stanford.edu#6220039&PrivNet=sdfrome022.sdf.slac.stanford.edu&addrs=172.24.33.213-33037&alias=sdfrome022.sdf.slac.stanford.edu>
	SlotName: slot_abrought_15721_1_21@sdfrome022.sdf.slac.stanford.edu
...
006 (1971380.000.000) 2023-12-14 02:25:02 Image size of job updated: 27480
	11  -  MemoryUsage of job (MB)
	11216  -  ResidentSetSize of job (KB)
...
006 (1971380.000.000) 2023-12-14 02:26:07 Image size of job updated: 2204944
	669  -  MemoryUsage of job (MB)
	684192  -  ResidentSetSize of job (KB)
...
040 (1971380.000.000) 2023-12-14 02:26:07 Started transferring output files
...
040 (1971380.000.000) 2023-12-14 02:26:07 Finished transferring output files
...
005 (1971380.000.000) 2023-12-14 02:26:07 Job terminated.
	(1) Normal termination (return value 0)
		Usr 0 00:00:20, Sys 0 00:00:04  -  Run Remote Usage
		Usr 0 00:00:00, Sys 0 00:00:00  -  Run Local Usage
		Usr 0 00:00:20, Sys 0 00:00:04  -  Total Remote Usage
		Usr 0 00:00:00, Sys 0 00:00:00  -  Total Local Usage
	19072  -  Run Bytes Sent By Job
	0  -  Run Bytes Received By Job
	19072  -  Total Bytes Sent By Job
	0  -  Total Bytes Received By Job
	Partitionable Resources :    Usage  Request Allocated 
	   Cpus                 :                 1         1 
	   Disk (KB)            :       91        2    312194 
	   Memory (MB)          :      669     2048      2048 

	Job terminated of its own accord at 2023-12-14T10:26:06Z with exit-code 0.
...
