000 (1972693.000.000) 2023-12-14 02:17:48 Job submitted from host: <172.24.33.226:11547?addrs=172.24.33.226-11547&alias=sdfrome002.sdf.slac.stanford.edu>
    DAG Node: f5619aa9-5457-47f7-aae0-5e9175b78dff_ptcIsr_2023111301157_23
...
040 (1972693.000.000) 2023-12-14 02:28:40 Finished transferring input files
...
001 (1972693.000.000) 2023-12-14 02:28:40 Job executing on host: <172.24.33.124:39661?CCBID=172.24.33.225:9618%3faddrs%3d172.24.33.225-9618%26alias%3dsdfrome001.sdf.slac.stanford.edu#6220018&PrivNet=sdfrome059.sdf.slac.stanford.edu&addrs=172.24.33.124-39661&alias=sdfrome059.sdf.slac.stanford.edu>
	SlotName: slot_abrought_25802_1_11@sdfrome059.sdf.slac.stanford.edu
...
006 (1972693.000.000) 2023-12-14 02:28:49 Image size of job updated: 415180
	175  -  MemoryUsage of job (MB)
	179060  -  ResidentSetSize of job (KB)
...
006 (1972693.000.000) 2023-12-14 02:29:23 Image size of job updated: 2170700
	612  -  MemoryUsage of job (MB)
	626264  -  ResidentSetSize of job (KB)
...
040 (1972693.000.000) 2023-12-14 02:29:23 Started transferring output files
...
040 (1972693.000.000) 2023-12-14 02:29:23 Finished transferring output files
...
005 (1972693.000.000) 2023-12-14 02:29:23 Job terminated.
	(1) Normal termination (return value 0)
		Usr 0 00:00:24, Sys 0 00:00:04  -  Run Remote Usage
		Usr 0 00:00:00, Sys 0 00:00:00  -  Run Local Usage
		Usr 0 00:00:24, Sys 0 00:00:04  -  Total Remote Usage
		Usr 0 00:00:00, Sys 0 00:00:00  -  Total Local Usage
	19072  -  Run Bytes Sent By Job
	0  -  Run Bytes Received By Job
	19072  -  Total Bytes Sent By Job
	0  -  Total Bytes Received By Job
	Partitionable Resources :    Usage  Request Allocated 
	   Cpus                 :     0.99        1         1 
	   Disk (KB)            :    97           2    312194 
	   Memory (MB)          :   612        2048      2048 

	Job terminated of its own accord at 2023-12-14T10:29:23Z with exit-code 0.
...
