000 (1972653.000.000) 2023-12-14 02:17:47 Job submitted from host: <172.24.33.226:11547?addrs=172.24.33.226-11547&alias=sdfrome002.sdf.slac.stanford.edu>
    DAG Node: 8ee1bc24-3bd1-4944-91ed-bdb06706e42b_ptcIsr_2023111203180_23
...
040 (1972653.000.000) 2023-12-14 02:28:36 Finished transferring input files
...
001 (1972653.000.000) 2023-12-14 02:28:36 Job executing on host: <172.24.33.213:33037?CCBID=172.24.33.225:9618%3faddrs%3d172.24.33.225-9618%26alias%3dsdfrome001.sdf.slac.stanford.edu#6220039&PrivNet=sdfrome022.sdf.slac.stanford.edu&addrs=172.24.33.213-33037&alias=sdfrome022.sdf.slac.stanford.edu>
	SlotName: slot_abrought_15721_1_12@sdfrome022.sdf.slac.stanford.edu
...
006 (1972653.000.000) 2023-12-14 02:28:45 Image size of job updated: 261740
	57  -  MemoryUsage of job (MB)
	58148  -  ResidentSetSize of job (KB)
...
006 (1972653.000.000) 2023-12-14 02:29:44 Image size of job updated: 2224452
	674  -  MemoryUsage of job (MB)
	689512  -  ResidentSetSize of job (KB)
...
040 (1972653.000.000) 2023-12-14 02:29:45 Started transferring output files
...
040 (1972653.000.000) 2023-12-14 02:29:45 Finished transferring output files
...
005 (1972653.000.000) 2023-12-14 02:29:45 Job terminated.
	(1) Normal termination (return value 0)
		Usr 0 00:00:20, Sys 0 00:00:03  -  Run Remote Usage
		Usr 0 00:00:00, Sys 0 00:00:00  -  Run Local Usage
		Usr 0 00:00:20, Sys 0 00:00:03  -  Total Remote Usage
		Usr 0 00:00:00, Sys 0 00:00:00  -  Total Local Usage
	18805  -  Run Bytes Sent By Job
	0  -  Run Bytes Received By Job
	18805  -  Total Bytes Sent By Job
	0  -  Total Bytes Received By Job
	Partitionable Resources :    Usage  Request Allocated 
	   Cpus                 :     0.32        1         1 
	   Disk (KB)            :    97           2    312194 
	   Memory (MB)          :   674        2048      2048 

	Job terminated of its own accord at 2023-12-14T10:29:44Z with exit-code 0.
...
