000 (1972623.000.000) 2023-12-14 02:17:47 Job submitted from host: <172.24.33.226:11547?addrs=172.24.33.226-11547&alias=sdfrome002.sdf.slac.stanford.edu>
    DAG Node: 3575e479-90ea-4df4-add4-64a9681afe68_ptcIsr_2023111203051_23
...
040 (1972623.000.000) 2023-12-14 02:28:27 Finished transferring input files
...
001 (1972623.000.000) 2023-12-14 02:28:27 Job executing on host: <172.24.33.147:42953?CCBID=172.24.33.225:9618%3faddrs%3d172.24.33.225-9618%26alias%3dsdfrome001.sdf.slac.stanford.edu#6219703&PrivNet=sdfrome082.sdf.slac.stanford.edu&addrs=172.24.33.147-42953&alias=sdfrome082.sdf.slac.stanford.edu>
	SlotName: slot_abrought_48_1_22@sdfrome082.sdf.slac.stanford.edu
...
006 (1972623.000.000) 2023-12-14 02:28:36 Image size of job updated: 307572
	97  -  MemoryUsage of job (MB)
	99308  -  ResidentSetSize of job (KB)
...
006 (1972623.000.000) 2023-12-14 02:29:24 Image size of job updated: 2068380
	97  -  MemoryUsage of job (MB)
	99308  -  ResidentSetSize of job (KB)
...
040 (1972623.000.000) 2023-12-14 02:29:24 Started transferring output files
...
040 (1972623.000.000) 2023-12-14 02:29:24 Finished transferring output files
...
005 (1972623.000.000) 2023-12-14 02:29:24 Job terminated.
	(1) Normal termination (return value 0)
		Usr 0 00:00:20, Sys 0 00:00:03  -  Run Remote Usage
		Usr 0 00:00:00, Sys 0 00:00:00  -  Run Local Usage
		Usr 0 00:00:20, Sys 0 00:00:03  -  Total Remote Usage
		Usr 0 00:00:00, Sys 0 00:00:00  -  Total Local Usage
	18805  -  Run Bytes Sent By Job
	0  -  Run Bytes Received By Job
	18805  -  Total Bytes Sent By Job
	0  -  Total Bytes Received By Job
	Partitionable Resources :    Usage  Request Allocated 
	   Cpus                 :                 1         1 
	   Disk (KB)            :       90        2    312116 
	   Memory (MB)          :       97     2048      2048 

	Job terminated of its own accord at 2023-12-14T10:29:24Z with exit-code 0.
...
