000 (1970464.000.000) 2023-12-14 02:17:19 Job submitted from host: <172.24.33.226:11547?addrs=172.24.33.226-11547&alias=sdfrome002.sdf.slac.stanford.edu>
    DAG Node: 9bca234e-0ce4-4c95-8fcf-a1c95bf16dc9_ptcIsr_2023111200375_23
...
040 (1970464.000.000) 2023-12-14 02:22:04 Finished transferring input files
...
001 (1970464.000.000) 2023-12-14 02:22:04 Job executing on host: <172.24.33.124:39661?CCBID=172.24.33.225:9618%3faddrs%3d172.24.33.225-9618%26alias%3dsdfrome001.sdf.slac.stanford.edu#6220018&PrivNet=sdfrome059.sdf.slac.stanford.edu&addrs=172.24.33.124-39661&alias=sdfrome059.sdf.slac.stanford.edu>
	SlotName: slot_abrought_25802_1_1@sdfrome059.sdf.slac.stanford.edu
...
006 (1970464.000.000) 2023-12-14 02:22:13 Image size of job updated: 410796
	171  -  MemoryUsage of job (MB)
	174864  -  ResidentSetSize of job (KB)
...
006 (1970464.000.000) 2023-12-14 02:22:50 Image size of job updated: 2030964
	171  -  MemoryUsage of job (MB)
	174864  -  ResidentSetSize of job (KB)
...
040 (1970464.000.000) 2023-12-14 02:22:50 Started transferring output files
...
040 (1970464.000.000) 2023-12-14 02:22:50 Finished transferring output files
...
005 (1970464.000.000) 2023-12-14 02:22:50 Job terminated.
	(1) Normal termination (return value 0)
		Usr 0 00:00:23, Sys 0 00:00:06  -  Run Remote Usage
		Usr 0 00:00:00, Sys 0 00:00:00  -  Run Local Usage
		Usr 0 00:00:23, Sys 0 00:00:06  -  Total Remote Usage
		Usr 0 00:00:00, Sys 0 00:00:00  -  Total Local Usage
	18802  -  Run Bytes Sent By Job
	0  -  Run Bytes Received By Job
	18802  -  Total Bytes Sent By Job
	0  -  Total Bytes Received By Job
	Partitionable Resources :    Usage  Request Allocated 
	   Cpus                 :                 1         1 
	   Disk (KB)            :       90        2    312194 
	   Memory (MB)          :      171     2048      2048 

	Job terminated of its own accord at 2023-12-14T10:22:50Z with exit-code 0.
...
