000 (1969919.000.000) 2023-12-14 02:17:13 Job submitted from host: <172.24.33.226:11547?addrs=172.24.33.226-11547&alias=sdfrome002.sdf.slac.stanford.edu>
    DAG Node: ddd00636-a2bb-47ac-b6e6-4cd2b4638ba5_ptcIsr_2023111201038_23
...
040 (1969919.000.000) 2023-12-14 02:20:12 Finished transferring input files
...
001 (1969919.000.000) 2023-12-14 02:20:12 Job executing on host: <172.24.33.124:39661?CCBID=172.24.33.225:9618%3faddrs%3d172.24.33.225-9618%26alias%3dsdfrome001.sdf.slac.stanford.edu#6220018&PrivNet=sdfrome059.sdf.slac.stanford.edu&addrs=172.24.33.124-39661&alias=sdfrome059.sdf.slac.stanford.edu>
	SlotName: slot_abrought_25802_1_16@sdfrome059.sdf.slac.stanford.edu
...
006 (1969919.000.000) 2023-12-14 02:20:21 Image size of job updated: 69764
	8  -  MemoryUsage of job (MB)
	7596  -  ResidentSetSize of job (KB)
...
006 (1969919.000.000) 2023-12-14 02:21:20 Image size of job updated: 2261252
	8  -  MemoryUsage of job (MB)
	7596  -  ResidentSetSize of job (KB)
...
040 (1969919.000.000) 2023-12-14 02:21:20 Started transferring output files
...
040 (1969919.000.000) 2023-12-14 02:21:20 Finished transferring output files
...
005 (1969919.000.000) 2023-12-14 02:21:20 Job terminated.
	(1) Normal termination (return value 0)
		Usr 0 00:00:26, Sys 0 00:00:11  -  Run Remote Usage
		Usr 0 00:00:00, Sys 0 00:00:00  -  Run Local Usage
		Usr 0 00:00:26, Sys 0 00:00:11  -  Total Remote Usage
		Usr 0 00:00:00, Sys 0 00:00:00  -  Total Local Usage
	19073  -  Run Bytes Sent By Job
	0  -  Run Bytes Received By Job
	19073  -  Total Bytes Sent By Job
	0  -  Total Bytes Received By Job
	Partitionable Resources :    Usage  Request Allocated 
	   Cpus                 :                 1         1 
	   Disk (KB)            :       90        2    312194 
	   Memory (MB)          :        8     2048      2048 

	Job terminated of its own accord at 2023-12-14T10:21:20Z with exit-code 0.
...
