000 (1971919.000.000) 2023-12-14 02:17:37 Job submitted from host: <172.24.33.226:11547?addrs=172.24.33.226-11547&alias=sdfrome002.sdf.slac.stanford.edu>
    DAG Node: b6ce9bc7-2a9f-43db-9ec5-1b034cd4de39_ptcIsr_2023111200665_23
...
040 (1971919.000.000) 2023-12-14 02:26:20 Finished transferring input files
...
001 (1971919.000.000) 2023-12-14 02:26:20 Job executing on host: <172.24.33.124:39661?CCBID=172.24.33.225:9618%3faddrs%3d172.24.33.225-9618%26alias%3dsdfrome001.sdf.slac.stanford.edu#6220018&PrivNet=sdfrome059.sdf.slac.stanford.edu&addrs=172.24.33.124-39661&alias=sdfrome059.sdf.slac.stanford.edu>
	SlotName: slot_abrought_25802_1_23@sdfrome059.sdf.slac.stanford.edu
...
006 (1971919.000.000) 2023-12-14 02:26:29 Image size of job updated: 292292
	85  -  MemoryUsage of job (MB)
	86232  -  ResidentSetSize of job (KB)
...
006 (1971919.000.000) 2023-12-14 02:27:07 Image size of job updated: 2253044
	604  -  MemoryUsage of job (MB)
	618388  -  ResidentSetSize of job (KB)
...
040 (1971919.000.000) 2023-12-14 02:27:07 Started transferring output files
...
040 (1971919.000.000) 2023-12-14 02:27:07 Finished transferring output files
...
005 (1971919.000.000) 2023-12-14 02:27:07 Job terminated.
	(1) Normal termination (return value 0)
		Usr 0 00:00:25, Sys 0 00:00:04  -  Run Remote Usage
		Usr 0 00:00:00, Sys 0 00:00:00  -  Run Local Usage
		Usr 0 00:00:25, Sys 0 00:00:04  -  Total Remote Usage
		Usr 0 00:00:00, Sys 0 00:00:00  -  Total Local Usage
	18533  -  Run Bytes Sent By Job
	0  -  Run Bytes Received By Job
	18533  -  Total Bytes Sent By Job
	0  -  Total Bytes Received By Job
	Partitionable Resources :    Usage  Request Allocated 
	   Cpus                 :                 1         1 
	   Disk (KB)            :       90        2    312194 
	   Memory (MB)          :      604     2048      2048 

	Job terminated of its own accord at 2023-12-14T10:27:07Z with exit-code 0.
...
