000 (1973437.000.000) 2023-12-14 02:17:57 Job submitted from host: <172.24.33.226:11547?addrs=172.24.33.226-11547&alias=sdfrome002.sdf.slac.stanford.edu>
    DAG Node: b4eed84e-2967-4432-beb8-8d3dd7c5763a_ptcIsr_2023111202313_23
...
040 (1973437.000.000) 2023-12-14 02:30:42 Finished transferring input files
...
001 (1973437.000.000) 2023-12-14 02:30:42 Job executing on host: <172.24.48.186:33679?CCBID=172.24.33.225:9618%3faddrs%3d172.24.33.225-9618%26alias%3dsdfrome001.sdf.slac.stanford.edu#6219700&PrivNet=sdfmilan114.sdf.slac.stanford.edu&addrs=172.24.48.186-33679&alias=sdfmilan114.sdf.slac.stanford.edu>
	SlotName: slot_abrought_14493_1_11@sdfmilan114.sdf.slac.stanford.edu
...
006 (1973437.000.000) 2023-12-14 02:30:51 Image size of job updated: 272900
	67  -  MemoryUsage of job (MB)
	68208  -  ResidentSetSize of job (KB)
...
006 (1973437.000.000) 2023-12-14 02:31:34 Image size of job updated: 2146976
	1370  -  MemoryUsage of job (MB)
	1402132  -  ResidentSetSize of job (KB)
...
040 (1973437.000.000) 2023-12-14 02:31:34 Started transferring output files
...
040 (1973437.000.000) 2023-12-14 02:31:34 Finished transferring output files
...
005 (1973437.000.000) 2023-12-14 02:31:34 Job terminated.
	(1) Normal termination (return value 0)
		Usr 0 00:00:20, Sys 0 00:00:02  -  Run Remote Usage
		Usr 0 00:00:00, Sys 0 00:00:00  -  Run Local Usage
		Usr 0 00:00:20, Sys 0 00:00:02  -  Total Remote Usage
		Usr 0 00:00:00, Sys 0 00:00:00  -  Total Local Usage
	18803  -  Run Bytes Sent By Job
	0  -  Run Bytes Received By Job
	18803  -  Total Bytes Sent By Job
	0  -  Total Bytes Received By Job
	Partitionable Resources :    Usage  Request Allocated 
	   Cpus                 :                 1         1 
	   Disk (KB)            :       90        2    312193 
	   Memory (MB)          :     1370     2048      2048 

	Job terminated of its own accord at 2023-12-14T10:31:34Z with exit-code 0.
...
