000 (1971772.000.000) 2023-12-14 02:17:37 Job submitted from host: <172.24.33.226:11547?addrs=172.24.33.226-11547&alias=sdfrome002.sdf.slac.stanford.edu>
    DAG Node: d72f4364-3144-43eb-8892-480de74f2d16_ptcIsr_2023111300192_23
...
040 (1971772.000.000) 2023-12-14 02:25:57 Finished transferring input files
...
001 (1971772.000.000) 2023-12-14 02:25:57 Job executing on host: <172.24.33.124:39661?CCBID=172.24.33.225:9618%3faddrs%3d172.24.33.225-9618%26alias%3dsdfrome001.sdf.slac.stanford.edu#6220018&PrivNet=sdfrome059.sdf.slac.stanford.edu&addrs=172.24.33.124-39661&alias=sdfrome059.sdf.slac.stanford.edu>
	SlotName: slot_abrought_25802_1_4@sdfrome059.sdf.slac.stanford.edu
...
006 (1971772.000.000) 2023-12-14 02:26:06 Image size of job updated: 462384
	208  -  MemoryUsage of job (MB)
	212396  -  ResidentSetSize of job (KB)
...
006 (1971772.000.000) 2023-12-14 02:26:42 Image size of job updated: 2034504
	617  -  MemoryUsage of job (MB)
	631756  -  ResidentSetSize of job (KB)
...
040 (1971772.000.000) 2023-12-14 02:26:42 Started transferring output files
...
040 (1971772.000.000) 2023-12-14 02:26:42 Finished transferring output files
...
005 (1971772.000.000) 2023-12-14 02:26:42 Job terminated.
	(1) Normal termination (return value 0)
		Usr 0 00:00:25, Sys 0 00:00:05  -  Run Remote Usage
		Usr 0 00:00:00, Sys 0 00:00:00  -  Run Local Usage
		Usr 0 00:00:25, Sys 0 00:00:05  -  Total Remote Usage
		Usr 0 00:00:00, Sys 0 00:00:00  -  Total Local Usage
	18531  -  Run Bytes Sent By Job
	0  -  Run Bytes Received By Job
	18531  -  Total Bytes Sent By Job
	0  -  Total Bytes Received By Job
	Partitionable Resources :    Usage  Request Allocated 
	   Cpus                 :                 1         1 
	   Disk (KB)            :       90        2    312194 
	   Memory (MB)          :      617     2048      2048 

	Job terminated of its own accord at 2023-12-14T10:26:42Z with exit-code 0.
...
