000 (1969799.000.000) 2023-12-14 02:17:12 Job submitted from host: <172.24.33.226:11547?addrs=172.24.33.226-11547&alias=sdfrome002.sdf.slac.stanford.edu>
    DAG Node: 1b365d55-5a03-49fa-ae79-eb7b7d925033_ptcIsr_2023111101851_23
...
040 (1969799.000.000) 2023-12-14 02:20:10 Finished transferring input files
...
001 (1969799.000.000) 2023-12-14 02:20:10 Job executing on host: <172.24.33.124:39697?CCBID=172.24.33.225:9618%3faddrs%3d172.24.33.225-9618%26alias%3dsdfrome001.sdf.slac.stanford.edu#6220015&PrivNet=sdfrome059.sdf.slac.stanford.edu&addrs=172.24.33.124-39697&alias=sdfrome059.sdf.slac.stanford.edu>
	SlotName: slot_abrought_7836_1_6@sdfrome059.sdf.slac.stanford.edu
...
006 (1969799.000.000) 2023-12-14 02:20:19 Image size of job updated: 67680
	37  -  MemoryUsage of job (MB)
	37016  -  ResidentSetSize of job (KB)
...
006 (1969799.000.000) 2023-12-14 02:21:09 Image size of job updated: 2218308
	612  -  MemoryUsage of job (MB)
	625872  -  ResidentSetSize of job (KB)
...
040 (1969799.000.000) 2023-12-14 02:21:10 Started transferring output files
...
040 (1969799.000.000) 2023-12-14 02:21:10 Finished transferring output files
...
005 (1969799.000.000) 2023-12-14 02:21:10 Job terminated.
	(1) Normal termination (return value 0)
		Usr 0 00:00:22, Sys 0 00:00:11  -  Run Remote Usage
		Usr 0 00:00:00, Sys 0 00:00:00  -  Run Local Usage
		Usr 0 00:00:22, Sys 0 00:00:11  -  Total Remote Usage
		Usr 0 00:00:00, Sys 0 00:00:00  -  Total Local Usage
	19073  -  Run Bytes Sent By Job
	0  -  Run Bytes Received By Job
	19073  -  Total Bytes Sent By Job
	0  -  Total Bytes Received By Job
	Partitionable Resources :    Usage  Request Allocated 
	   Cpus                 :                 1         1 
	   Disk (KB)            :       90        2    312194 
	   Memory (MB)          :      612     2048      2048 

	Job terminated of its own accord at 2023-12-14T10:21:09Z with exit-code 0.
...
