000 (1971786.000.000) 2023-12-14 02:17:37 Job submitted from host: <172.24.33.226:11547?addrs=172.24.33.226-11547&alias=sdfrome002.sdf.slac.stanford.edu>
    DAG Node: d345ded7-fd64-47a2-a9f3-0f799a3036d1_ptcIsr_2023111100831_23
...
040 (1971786.000.000) 2023-12-14 02:25:59 Finished transferring input files
...
001 (1971786.000.000) 2023-12-14 02:25:59 Job executing on host: <172.24.48.186:33679?CCBID=172.24.33.225:9618%3faddrs%3d172.24.33.225-9618%26alias%3dsdfrome001.sdf.slac.stanford.edu#6219700&PrivNet=sdfmilan114.sdf.slac.stanford.edu&addrs=172.24.48.186-33679&alias=sdfmilan114.sdf.slac.stanford.edu>
	SlotName: slot_abrought_14493_1_17@sdfmilan114.sdf.slac.stanford.edu
...
006 (1971786.000.000) 2023-12-14 02:26:08 Image size of job updated: 349832
	136  -  MemoryUsage of job (MB)
	138780  -  ResidentSetSize of job (KB)
...
006 (1971786.000.000) 2023-12-14 02:26:52 Image size of job updated: 2126524
	136  -  MemoryUsage of job (MB)
	139168  -  ResidentSetSize of job (KB)
...
040 (1971786.000.000) 2023-12-14 02:26:52 Started transferring output files
...
040 (1971786.000.000) 2023-12-14 02:26:52 Finished transferring output files
...
005 (1971786.000.000) 2023-12-14 02:26:52 Job terminated.
	(1) Normal termination (return value 0)
		Usr 0 00:00:21, Sys 0 00:00:02  -  Run Remote Usage
		Usr 0 00:00:00, Sys 0 00:00:00  -  Run Local Usage
		Usr 0 00:00:21, Sys 0 00:00:02  -  Total Remote Usage
		Usr 0 00:00:00, Sys 0 00:00:00  -  Total Local Usage
	18803  -  Run Bytes Sent By Job
	0  -  Run Bytes Received By Job
	18803  -  Total Bytes Sent By Job
	0  -  Total Bytes Received By Job
	Partitionable Resources :    Usage  Request Allocated 
	   Cpus                 :     0.93        1         1 
	   Disk (KB)            :    97           2    312193 
	   Memory (MB)          :   136        2048      2048 

	Job terminated of its own accord at 2023-12-14T10:26:52Z with exit-code 0.
...
