000 (1971766.000.000) 2023-12-14 02:17:37 Job submitted from host: <172.24.33.226:11547?addrs=172.24.33.226-11547&alias=sdfrome002.sdf.slac.stanford.edu>
    DAG Node: d89e5932-361f-4505-8dee-2d2a819b0c40_ptcIsr_2023111300458_23
...
040 (1971766.000.000) 2023-12-14 02:25:56 Finished transferring input files
...
001 (1971766.000.000) 2023-12-14 02:25:56 Job executing on host: <172.24.33.124:39661?CCBID=172.24.33.225:9618%3faddrs%3d172.24.33.225-9618%26alias%3dsdfrome001.sdf.slac.stanford.edu#6220018&PrivNet=sdfrome059.sdf.slac.stanford.edu&addrs=172.24.33.124-39661&alias=sdfrome059.sdf.slac.stanford.edu>
	SlotName: slot_abrought_25802_1_12@sdfrome059.sdf.slac.stanford.edu
...
006 (1971766.000.000) 2023-12-14 02:26:04 Image size of job updated: 463416
	208  -  MemoryUsage of job (MB)
	212032  -  ResidentSetSize of job (KB)
...
006 (1971766.000.000) 2023-12-14 02:26:40 Image size of job updated: 2212104
	1361  -  MemoryUsage of job (MB)
	1393136  -  ResidentSetSize of job (KB)
...
040 (1971766.000.000) 2023-12-14 02:26:40 Started transferring output files
...
040 (1971766.000.000) 2023-12-14 02:26:40 Finished transferring output files
...
005 (1971766.000.000) 2023-12-14 02:26:40 Job terminated.
	(1) Normal termination (return value 0)
		Usr 0 00:00:23, Sys 0 00:00:05  -  Run Remote Usage
		Usr 0 00:00:00, Sys 0 00:00:00  -  Run Local Usage
		Usr 0 00:00:23, Sys 0 00:00:05  -  Total Remote Usage
		Usr 0 00:00:00, Sys 0 00:00:00  -  Total Local Usage
	19072  -  Run Bytes Sent By Job
	0  -  Run Bytes Received By Job
	19072  -  Total Bytes Sent By Job
	0  -  Total Bytes Received By Job
	Partitionable Resources :    Usage  Request Allocated 
	   Cpus                 :                 1         1 
	   Disk (KB)            :       91        2    312194 
	   Memory (MB)          :     1361     2048      2048 

	Job terminated of its own accord at 2023-12-14T10:26:40Z with exit-code 0.
...
