000 (1970069.000.000) 2023-12-14 02:17:17 Job submitted from host: <172.24.33.226:11547?addrs=172.24.33.226-11547&alias=sdfrome002.sdf.slac.stanford.edu>
    DAG Node: 71110f98-8732-4bed-a5d1-e029505b59f2_ptcIsr_2023111201937_23
...
040 (1970069.000.000) 2023-12-14 02:20:38 Finished transferring input files
...
001 (1970069.000.000) 2023-12-14 02:20:38 Job executing on host: <172.24.48.159:36013?CCBID=172.24.33.225:9618%3faddrs%3d172.24.33.225-9618%26alias%3dsdfrome001.sdf.slac.stanford.edu#6219701&PrivNet=sdfmilan059.sdf.slac.stanford.edu&addrs=172.24.48.159-36013&alias=sdfmilan059.sdf.slac.stanford.edu>
	SlotName: slot_abrought_18206_1_1@sdfmilan059.sdf.slac.stanford.edu
...
006 (1970069.000.000) 2023-12-14 02:20:47 Image size of job updated: 272900
	67  -  MemoryUsage of job (MB)
	68304  -  ResidentSetSize of job (KB)
...
006 (1970069.000.000) 2023-12-14 02:23:50 Image size of job updated: 2067012
	624  -  MemoryUsage of job (MB)
	638348  -  ResidentSetSize of job (KB)
...
040 (1970069.000.000) 2023-12-14 02:23:50 Started transferring output files
...
040 (1970069.000.000) 2023-12-14 02:23:50 Finished transferring output files
...
005 (1970069.000.000) 2023-12-14 02:23:50 Job terminated.
	(1) Normal termination (return value 0)
		Usr 0 00:00:23, Sys 0 00:00:03  -  Run Remote Usage
		Usr 0 00:00:00, Sys 0 00:00:00  -  Run Local Usage
		Usr 0 00:00:23, Sys 0 00:00:03  -  Total Remote Usage
		Usr 0 00:00:00, Sys 0 00:00:00  -  Total Local Usage
	18805  -  Run Bytes Sent By Job
	0  -  Run Bytes Received By Job
	18805  -  Total Bytes Sent By Job
	0  -  Total Bytes Received By Job
	Partitionable Resources :    Usage  Request Allocated 
	   Cpus                 :     0.15        1         1 
	   Disk (KB)            :    97           2    312194 
	   Memory (MB)          :   624        2048      2048 

	Job terminated of its own accord at 2023-12-14T10:23:50Z with exit-code 0.
...
