000 (1973389.000.000) 2023-12-14 02:17:55 Job submitted from host: <172.24.33.226:11547?addrs=172.24.33.226-11547&alias=sdfrome002.sdf.slac.stanford.edu>
    DAG Node: e4aabe04-f639-4b6a-8297-ff2196af640b_ptcIsr_2023111101155_23
...
040 (1973389.000.000) 2023-12-14 02:30:33 Finished transferring input files
...
001 (1973389.000.000) 2023-12-14 02:30:33 Job executing on host: <172.24.33.124:44469?CCBID=172.24.33.225:9618%3faddrs%3d172.24.33.225-9618%26alias%3dsdfrome001.sdf.slac.stanford.edu#6220017&PrivNet=sdfrome059.sdf.slac.stanford.edu&addrs=172.24.33.124-44469&alias=sdfrome059.sdf.slac.stanford.edu>
	SlotName: slot_abrought_2668_1_22@sdfrome059.sdf.slac.stanford.edu
...
006 (1973389.000.000) 2023-12-14 02:30:41 Image size of job updated: 280756
	74  -  MemoryUsage of job (MB)
	75024  -  ResidentSetSize of job (KB)
...
006 (1973389.000.000) 2023-12-14 02:31:33 Image size of job updated: 2219068
	656  -  MemoryUsage of job (MB)
	670808  -  ResidentSetSize of job (KB)
...
040 (1973389.000.000) 2023-12-14 02:31:33 Started transferring output files
...
040 (1973389.000.000) 2023-12-14 02:31:33 Finished transferring output files
...
005 (1973389.000.000) 2023-12-14 02:31:33 Job terminated.
	(1) Normal termination (return value 0)
		Usr 0 00:00:23, Sys 0 00:00:04  -  Run Remote Usage
		Usr 0 00:00:00, Sys 0 00:00:00  -  Run Local Usage
		Usr 0 00:00:23, Sys 0 00:00:04  -  Total Remote Usage
		Usr 0 00:00:00, Sys 0 00:00:00  -  Total Local Usage
	19075  -  Run Bytes Sent By Job
	0  -  Run Bytes Received By Job
	19075  -  Total Bytes Sent By Job
	0  -  Total Bytes Received By Job
	Partitionable Resources :    Usage  Request Allocated 
	   Cpus                 :                 1         1 
	   Disk (KB)            :       91        2    312194 
	   Memory (MB)          :      656     2048      2048 

	Job terminated of its own accord at 2023-12-14T10:31:33Z with exit-code 0.
...
