000 (1971718.000.000) 2023-12-14 02:17:36 Job submitted from host: <172.24.33.226:11547?addrs=172.24.33.226-11547&alias=sdfrome002.sdf.slac.stanford.edu>
    DAG Node: 62a5417e-f638-4002-b0ef-9f3a38718cab_ptcIsr_2023111202711_23
...
040 (1971718.000.000) 2023-12-14 02:25:50 Finished transferring input files
...
001 (1971718.000.000) 2023-12-14 02:25:51 Job executing on host: <172.24.33.213:34935?CCBID=172.24.33.225:9618%3faddrs%3d172.24.33.225-9618%26alias%3dsdfrome001.sdf.slac.stanford.edu#6220035&PrivNet=sdfrome022.sdf.slac.stanford.edu&addrs=172.24.33.213-34935&alias=sdfrome022.sdf.slac.stanford.edu>
	SlotName: slot_abrought_12392_1_16@sdfrome022.sdf.slac.stanford.edu
...
006 (1971718.000.000) 2023-12-14 02:26:00 Image size of job updated: 69764
	18  -  MemoryUsage of job (MB)
	17660  -  ResidentSetSize of job (KB)
...
006 (1971718.000.000) 2023-12-14 02:29:29 Image size of job updated: 2092084
	627  -  MemoryUsage of job (MB)
	642048  -  ResidentSetSize of job (KB)
...
040 (1971718.000.000) 2023-12-14 02:29:29 Started transferring output files
...
040 (1971718.000.000) 2023-12-14 02:29:29 Finished transferring output files
...
005 (1971718.000.000) 2023-12-14 02:29:29 Job terminated.
	(1) Normal termination (return value 0)
		Usr 0 00:00:14, Sys 0 00:00:03  -  Run Remote Usage
		Usr 0 00:00:00, Sys 0 00:00:00  -  Run Local Usage
		Usr 0 00:00:14, Sys 0 00:00:03  -  Total Remote Usage
		Usr 0 00:00:00, Sys 0 00:00:00  -  Total Local Usage
	18976  -  Run Bytes Sent By Job
	0  -  Run Bytes Received By Job
	18976  -  Total Bytes Sent By Job
	0  -  Total Bytes Received By Job
	Partitionable Resources :    Usage  Request Allocated 
	   Cpus                 :     0.22        1         1 
	   Disk (KB)            :    97           2    312194 
	   Memory (MB)          :   627        2048      2048 

	Job terminated of its own accord at 2023-12-14T10:29:29Z with exit-code 0.
...
