000 (1972825.000.000) 2023-12-14 02:17:49 Job submitted from host: <172.24.33.226:11547?addrs=172.24.33.226-11547&alias=sdfrome002.sdf.slac.stanford.edu>
    DAG Node: 3de0d69f-eb24-4a78-b049-fe31f34f2a35_ptcIsr_2023111101750_23
...
040 (1972825.000.000) 2023-12-14 02:29:07 Finished transferring input files
...
001 (1972825.000.000) 2023-12-14 02:29:07 Job executing on host: <172.24.48.149:38613?CCBID=172.24.33.225:9618%3faddrs%3d172.24.33.225-9618%26alias%3dsdfrome001.sdf.slac.stanford.edu#6219698&PrivNet=sdfmilan049.sdf.slac.stanford.edu&addrs=172.24.48.149-38613&alias=sdfmilan049.sdf.slac.stanford.edu>
	SlotName: slot_abrought_1727_1_19@sdfmilan049.sdf.slac.stanford.edu
...
006 (1972825.000.000) 2023-12-14 02:29:15 Image size of job updated: 34208
	18  -  MemoryUsage of job (MB)
	17888  -  ResidentSetSize of job (KB)
...
006 (1972825.000.000) 2023-12-14 02:30:14 Image size of job updated: 2053900
	624  -  MemoryUsage of job (MB)
	638504  -  ResidentSetSize of job (KB)
...
040 (1972825.000.000) 2023-12-14 02:30:15 Started transferring output files
...
040 (1972825.000.000) 2023-12-14 02:30:15 Finished transferring output files
...
005 (1972825.000.000) 2023-12-14 02:30:15 Job terminated.
	(1) Normal termination (return value 0)
		Usr 0 00:00:22, Sys 0 00:00:01  -  Run Remote Usage
		Usr 0 00:00:00, Sys 0 00:00:00  -  Run Local Usage
		Usr 0 00:00:22, Sys 0 00:00:01  -  Total Remote Usage
		Usr 0 00:00:00, Sys 0 00:00:00  -  Total Local Usage
	18803  -  Run Bytes Sent By Job
	0  -  Run Bytes Received By Job
	18803  -  Total Bytes Sent By Job
	0  -  Total Bytes Received By Job
	Partitionable Resources :    Usage  Request Allocated 
	   Cpus                 :                 1         1 
	   Disk (KB)            :       90        2    312194 
	   Memory (MB)          :      624     2048      2048 

	Job terminated of its own accord at 2023-12-14T10:30:14Z with exit-code 0.
...
