000 (1971516.000.000) 2023-12-14 02:17:35 Job submitted from host: <172.24.33.226:11547?addrs=172.24.33.226-11547&alias=sdfrome002.sdf.slac.stanford.edu>
    DAG Node: fcc91fc7-9627-48e5-ab84-5d561419d4b2_ptcIsr_2023111202343_23
...
040 (1971516.000.000) 2023-12-14 02:25:19 Finished transferring input files
...
001 (1971516.000.000) 2023-12-14 02:25:19 Job executing on host: <172.24.33.213:34935?CCBID=172.24.33.225:9618%3faddrs%3d172.24.33.225-9618%26alias%3dsdfrome001.sdf.slac.stanford.edu#6220035&PrivNet=sdfrome022.sdf.slac.stanford.edu&addrs=172.24.33.213-34935&alias=sdfrome022.sdf.slac.stanford.edu>
	SlotName: slot_abrought_12392_1_5@sdfrome022.sdf.slac.stanford.edu
...
006 (1971516.000.000) 2023-12-14 02:25:28 Image size of job updated: 53680
	25  -  MemoryUsage of job (MB)
	24988  -  ResidentSetSize of job (KB)
...
006 (1971516.000.000) 2023-12-14 02:29:48 Image size of job updated: 2057772
	631  -  MemoryUsage of job (MB)
	645816  -  ResidentSetSize of job (KB)
...
040 (1971516.000.000) 2023-12-14 02:29:49 Started transferring output files
...
040 (1971516.000.000) 2023-12-14 02:29:49 Finished transferring output files
...
005 (1971516.000.000) 2023-12-14 02:29:49 Job terminated.
	(1) Normal termination (return value 0)
		Usr 0 00:00:19, Sys 0 00:00:03  -  Run Remote Usage
		Usr 0 00:00:00, Sys 0 00:00:00  -  Run Local Usage
		Usr 0 00:00:19, Sys 0 00:00:03  -  Total Remote Usage
		Usr 0 00:00:00, Sys 0 00:00:00  -  Total Local Usage
	19076  -  Run Bytes Sent By Job
	0  -  Run Bytes Received By Job
	19076  -  Total Bytes Sent By Job
	0  -  Total Bytes Received By Job
	Partitionable Resources :    Usage  Request Allocated 
	   Cpus                 :     0.06        1         1 
	   Disk (KB)            :    97           2    312194 
	   Memory (MB)          :   631        2048      2048 

	Job terminated of its own accord at 2023-12-14T10:29:48Z with exit-code 0.
...
