000 (1972571.000.000) 2023-12-14 02:17:46 Job submitted from host: <172.24.33.226:11547?addrs=172.24.33.226-11547&alias=sdfrome002.sdf.slac.stanford.edu>
    DAG Node: 9fab7471-8a8a-4555-8888-14619f661bb1_ptcIsr_2023111202237_23
...
040 (1972571.000.000) 2023-12-14 02:28:20 Finished transferring input files
...
001 (1972571.000.000) 2023-12-14 02:28:20 Job executing on host: <172.24.33.124:39697?CCBID=172.24.33.225:9618%3faddrs%3d172.24.33.225-9618%26alias%3dsdfrome001.sdf.slac.stanford.edu#6220015&PrivNet=sdfrome059.sdf.slac.stanford.edu&addrs=172.24.33.124-39697&alias=sdfrome059.sdf.slac.stanford.edu>
	SlotName: slot_abrought_7836_1_21@sdfrome059.sdf.slac.stanford.edu
...
006 (1972571.000.000) 2023-12-14 02:28:29 Image size of job updated: 339528
	126  -  MemoryUsage of job (MB)
	128156  -  ResidentSetSize of job (KB)
...
006 (1972571.000.000) 2023-12-14 02:29:03 Image size of job updated: 2105836
	651  -  MemoryUsage of job (MB)
	666520  -  ResidentSetSize of job (KB)
...
040 (1972571.000.000) 2023-12-14 02:29:04 Started transferring output files
...
040 (1972571.000.000) 2023-12-14 02:29:04 Finished transferring output files
...
005 (1972571.000.000) 2023-12-14 02:29:04 Job terminated.
	(1) Normal termination (return value 0)
		Usr 0 00:00:20, Sys 0 00:00:04  -  Run Remote Usage
		Usr 0 00:00:00, Sys 0 00:00:00  -  Run Local Usage
		Usr 0 00:00:20, Sys 0 00:00:04  -  Total Remote Usage
		Usr 0 00:00:00, Sys 0 00:00:00  -  Total Local Usage
	18804  -  Run Bytes Sent By Job
	0  -  Run Bytes Received By Job
	18804  -  Total Bytes Sent By Job
	0  -  Total Bytes Received By Job
	Partitionable Resources :    Usage  Request Allocated 
	   Cpus                 :                 1         1 
	   Disk (KB)            :       90        2    312194 
	   Memory (MB)          :      651     2048      2048 

	Job terminated of its own accord at 2023-12-14T10:29:03Z with exit-code 0.
...
