000 (1970086.000.000) 2023-12-14 02:17:17 Job submitted from host: <172.24.33.226:11547?addrs=172.24.33.226-11547&alias=sdfrome002.sdf.slac.stanford.edu>
    DAG Node: 8fd14718-8e85-4c10-85b5-1927228810a3_ptcIsr_2023111300417_23
...
040 (1970086.000.000) 2023-12-14 02:20:44 Finished transferring input files
...
001 (1970086.000.000) 2023-12-14 02:20:44 Job executing on host: <172.24.48.149:38613?CCBID=172.24.33.225:9618%3faddrs%3d172.24.33.225-9618%26alias%3dsdfrome001.sdf.slac.stanford.edu#6219698&PrivNet=sdfmilan049.sdf.slac.stanford.edu&addrs=172.24.48.149-38613&alias=sdfmilan049.sdf.slac.stanford.edu>
	SlotName: slot_abrought_1727_1_19@sdfmilan049.sdf.slac.stanford.edu
...
006 (1970086.000.000) 2023-12-14 02:20:52 Image size of job updated: 317992
	108  -  MemoryUsage of job (MB)
	110000  -  ResidentSetSize of job (KB)
...
006 (1970086.000.000) 2023-12-14 02:21:53 Image size of job updated: 2143360
	1430  -  MemoryUsage of job (MB)
	1464024  -  ResidentSetSize of job (KB)
...
040 (1970086.000.000) 2023-12-14 02:21:53 Started transferring output files
...
040 (1970086.000.000) 2023-12-14 02:21:53 Finished transferring output files
...
005 (1970086.000.000) 2023-12-14 02:21:54 Job terminated.
	(1) Normal termination (return value 0)
		Usr 0 00:00:18, Sys 0 00:00:02  -  Run Remote Usage
		Usr 0 00:00:00, Sys 0 00:00:00  -  Run Local Usage
		Usr 0 00:00:18, Sys 0 00:00:02  -  Total Remote Usage
		Usr 0 00:00:00, Sys 0 00:00:00  -  Total Local Usage
	18804  -  Run Bytes Sent By Job
	0  -  Run Bytes Received By Job
	18804  -  Total Bytes Sent By Job
	0  -  Total Bytes Received By Job
	Partitionable Resources :    Usage  Request Allocated 
	   Cpus                 :     0.28        1         1 
	   Disk (KB)            :    97           2    312194 
	   Memory (MB)          :  1430        2048      2048 

	Job terminated of its own accord at 2023-12-14T10:21:53Z with exit-code 0.
...
