000 (1969673.000.000) 2023-12-14 02:17:11 Job submitted from host: <172.24.33.226:11547?addrs=172.24.33.226-11547&alias=sdfrome002.sdf.slac.stanford.edu>
    DAG Node: 44021449-4125-4f79-a2eb-18037c85e59c_ptcIsr_2023110800492_23
...
040 (1969673.000.000) 2023-12-14 02:19:33 Finished transferring input files
...
001 (1969673.000.000) 2023-12-14 02:19:33 Job executing on host: <172.24.48.185:41489?CCBID=172.24.33.225:9618%3faddrs%3d172.24.33.225-9618%26alias%3dsdfrome001.sdf.slac.stanford.edu#6219699&PrivNet=sdfmilan113.sdf.slac.stanford.edu&addrs=172.24.48.185-41489&alias=sdfmilan113.sdf.slac.stanford.edu>
	SlotName: slot_abrought_18623_1_9@sdfmilan113.sdf.slac.stanford.edu
...
006 (1969673.000.000) 2023-12-14 02:19:42 Image size of job updated: 280760
	74  -  MemoryUsage of job (MB)
	75304  -  ResidentSetSize of job (KB)
...
006 (1969673.000.000) 2023-12-14 02:20:46 Image size of job updated: 2013680
	621  -  MemoryUsage of job (MB)
	635752  -  ResidentSetSize of job (KB)
...
040 (1969673.000.000) 2023-12-14 02:20:46 Started transferring output files
...
040 (1969673.000.000) 2023-12-14 02:20:46 Finished transferring output files
...
005 (1969673.000.000) 2023-12-14 02:20:46 Job terminated.
	(1) Normal termination (return value 0)
		Usr 0 00:00:21, Sys 0 00:00:02  -  Run Remote Usage
		Usr 0 00:00:00, Sys 0 00:00:00  -  Run Local Usage
		Usr 0 00:00:21, Sys 0 00:00:02  -  Total Remote Usage
		Usr 0 00:00:00, Sys 0 00:00:00  -  Total Local Usage
	18532  -  Run Bytes Sent By Job
	0  -  Run Bytes Received By Job
	18532  -  Total Bytes Sent By Job
	0  -  Total Bytes Received By Job
	Partitionable Resources :    Usage  Request Allocated 
	   Cpus                 :                 1         1 
	   Disk (KB)            :       90        2    312194 
	   Memory (MB)          :      621     2048      2048 

	Job terminated of its own accord at 2023-12-14T10:20:46Z with exit-code 0.
...
