000 (1973189.000.000) 2023-12-14 02:17:53 Job submitted from host: <172.24.33.226:11547?addrs=172.24.33.226-11547&alias=sdfrome002.sdf.slac.stanford.edu>
    DAG Node: 707122ab-31f8-4830-b2d7-099c35b1961b_ptcIsr_2023111202946_23
...
040 (1973189.000.000) 2023-12-14 02:30:00 Finished transferring input files
...
001 (1973189.000.000) 2023-12-14 02:30:00 Job executing on host: <172.24.33.213:41467?CCBID=172.24.33.225:9618%3faddrs%3d172.24.33.225-9618%26alias%3dsdfrome001.sdf.slac.stanford.edu#6220037&PrivNet=sdfrome022.sdf.slac.stanford.edu&addrs=172.24.33.213-41467&alias=sdfrome022.sdf.slac.stanford.edu>
	SlotName: slot_abrought_435_1_12@sdfrome022.sdf.slac.stanford.edu
...
006 (1973189.000.000) 2023-12-14 02:30:09 Image size of job updated: 290808
	82  -  MemoryUsage of job (MB)
	83960  -  ResidentSetSize of job (KB)
...
006 (1973189.000.000) 2023-12-14 02:30:56 Image size of job updated: 2049708
	82  -  MemoryUsage of job (MB)
	83960  -  ResidentSetSize of job (KB)
...
040 (1973189.000.000) 2023-12-14 02:30:56 Started transferring output files
...
040 (1973189.000.000) 2023-12-14 02:30:56 Finished transferring output files
...
005 (1973189.000.000) 2023-12-14 02:30:56 Job terminated.
	(1) Normal termination (return value 0)
		Usr 0 00:00:22, Sys 0 00:00:04  -  Run Remote Usage
		Usr 0 00:00:00, Sys 0 00:00:00  -  Run Local Usage
		Usr 0 00:00:22, Sys 0 00:00:04  -  Total Remote Usage
		Usr 0 00:00:00, Sys 0 00:00:00  -  Total Local Usage
	18803  -  Run Bytes Sent By Job
	0  -  Run Bytes Received By Job
	18803  -  Total Bytes Sent By Job
	0  -  Total Bytes Received By Job
	Partitionable Resources :    Usage  Request Allocated 
	   Cpus                 :                 1         1 
	   Disk (KB)            :       90        2    312194 
	   Memory (MB)          :       82     2048      2048 

	Job terminated of its own accord at 2023-12-14T10:30:56Z with exit-code 0.
...
