000 (1971387.000.000) 2023-12-14 02:17:31 Job submitted from host: <172.24.33.226:11547?addrs=172.24.33.226-11547&alias=sdfrome002.sdf.slac.stanford.edu>
    DAG Node: 970efaeb-3ac4-4b34-a048-20b5267f4194_ptcIsr_2023111101137_23
...
040 (1971387.000.000) 2023-12-14 02:24:55 Finished transferring input files
...
001 (1971387.000.000) 2023-12-14 02:24:55 Job executing on host: <172.24.33.213:41467?CCBID=172.24.33.225:9618%3faddrs%3d172.24.33.225-9618%26alias%3dsdfrome001.sdf.slac.stanford.edu#6220037&PrivNet=sdfrome022.sdf.slac.stanford.edu&addrs=172.24.33.213-41467&alias=sdfrome022.sdf.slac.stanford.edu>
	SlotName: slot_abrought_435_1_12@sdfrome022.sdf.slac.stanford.edu
...
006 (1971387.000.000) 2023-12-14 02:25:03 Image size of job updated: 6300
	1  -  MemoryUsage of job (MB)
	60  -  ResidentSetSize of job (KB)
...
006 (1971387.000.000) 2023-12-14 02:25:58 Image size of job updated: 2037240
	623  -  MemoryUsage of job (MB)
	637688  -  ResidentSetSize of job (KB)
...
040 (1971387.000.000) 2023-12-14 02:25:58 Started transferring output files
...
040 (1971387.000.000) 2023-12-14 02:25:58 Finished transferring output files
...
005 (1971387.000.000) 2023-12-14 02:25:58 Job terminated.
	(1) Normal termination (return value 0)
		Usr 0 00:00:20, Sys 0 00:00:03  -  Run Remote Usage
		Usr 0 00:00:00, Sys 0 00:00:00  -  Run Local Usage
		Usr 0 00:00:20, Sys 0 00:00:03  -  Total Remote Usage
		Usr 0 00:00:00, Sys 0 00:00:00  -  Total Local Usage
	18802  -  Run Bytes Sent By Job
	0  -  Run Bytes Received By Job
	18802  -  Total Bytes Sent By Job
	0  -  Total Bytes Received By Job
	Partitionable Resources :    Usage  Request Allocated 
	   Cpus                 :                 1         1 
	   Disk (KB)            :       90        2    312194 
	   Memory (MB)          :      623     2048      2048 

	Job terminated of its own accord at 2023-12-14T10:25:58Z with exit-code 0.
...
