000 (1970727.000.000) 2023-12-14 02:17:24 Job submitted from host: <172.24.33.226:11547?addrs=172.24.33.226-11547&alias=sdfrome002.sdf.slac.stanford.edu>
    DAG Node: f460c376-2812-4fe0-bbb8-c21913db72d2_ptcIsr_2023111101540_23
...
040 (1970727.000.000) 2023-12-14 02:22:56 Finished transferring input files
...
001 (1970727.000.000) 2023-12-14 02:22:56 Job executing on host: <172.24.33.124:39697?CCBID=172.24.33.225:9618%3faddrs%3d172.24.33.225-9618%26alias%3dsdfrome001.sdf.slac.stanford.edu#6220015&PrivNet=sdfrome059.sdf.slac.stanford.edu&addrs=172.24.33.124-39697&alias=sdfrome059.sdf.slac.stanford.edu>
	SlotName: slot_abrought_7836_1_6@sdfrome059.sdf.slac.stanford.edu
...
006 (1970727.000.000) 2023-12-14 02:23:05 Image size of job updated: 308712
	99  -  MemoryUsage of job (MB)
	100596  -  ResidentSetSize of job (KB)
...
006 (1970727.000.000) 2023-12-14 02:23:48 Image size of job updated: 2123540
	625  -  MemoryUsage of job (MB)
	639456  -  ResidentSetSize of job (KB)
...
040 (1970727.000.000) 2023-12-14 02:23:48 Started transferring output files
...
040 (1970727.000.000) 2023-12-14 02:23:48 Finished transferring output files
...
005 (1970727.000.000) 2023-12-14 02:23:48 Job terminated.
	(1) Normal termination (return value 0)
		Usr 0 00:00:22, Sys 0 00:00:06  -  Run Remote Usage
		Usr 0 00:00:00, Sys 0 00:00:00  -  Run Local Usage
		Usr 0 00:00:22, Sys 0 00:00:06  -  Total Remote Usage
		Usr 0 00:00:00, Sys 0 00:00:00  -  Total Local Usage
	19073  -  Run Bytes Sent By Job
	0  -  Run Bytes Received By Job
	19073  -  Total Bytes Sent By Job
	0  -  Total Bytes Received By Job
	Partitionable Resources :    Usage  Request Allocated 
	   Cpus                 :                 1         1 
	   Disk (KB)            :       91        2    312194 
	   Memory (MB)          :      625     2048      2048 

	Job terminated of its own accord at 2023-12-14T10:23:48Z with exit-code 0.
...
