000 (1973010.000.000) 2023-12-14 02:17:51 Job submitted from host: <172.24.33.226:11547?addrs=172.24.33.226-11547&alias=sdfrome002.sdf.slac.stanford.edu>
    DAG Node: 41798496-8de5-4074-b290-2e98837dab34_ptcIsr_2023111202145_23
...
040 (1973010.000.000) 2023-12-14 02:29:39 Finished transferring input files
...
001 (1973010.000.000) 2023-12-14 02:29:39 Job executing on host: <172.24.33.124:33703?CCBID=172.24.33.225:9618%3faddrs%3d172.24.33.225-9618%26alias%3dsdfrome001.sdf.slac.stanford.edu#6220014&PrivNet=sdfrome059.sdf.slac.stanford.edu&addrs=172.24.33.124-33703&alias=sdfrome059.sdf.slac.stanford.edu>
	SlotName: slot_abrought_11420_1_8@sdfrome059.sdf.slac.stanford.edu
...
006 (1973010.000.000) 2023-12-14 02:29:50 Image size of job updated: 277236
	71  -  MemoryUsage of job (MB)
	71728  -  ResidentSetSize of job (KB)
...
006 (1973010.000.000) 2023-12-14 02:33:09 Image size of job updated: 2178592
	1388  -  MemoryUsage of job (MB)
	1421092  -  ResidentSetSize of job (KB)
...
040 (1973010.000.000) 2023-12-14 02:33:09 Started transferring output files
...
040 (1973010.000.000) 2023-12-14 02:33:09 Finished transferring output files
...
005 (1973010.000.000) 2023-12-14 02:33:09 Job terminated.
	(1) Normal termination (return value 0)
		Usr 0 00:00:13, Sys 0 00:00:03  -  Run Remote Usage
		Usr 0 00:00:00, Sys 0 00:00:00  -  Run Local Usage
		Usr 0 00:00:13, Sys 0 00:00:03  -  Total Remote Usage
		Usr 0 00:00:00, Sys 0 00:00:00  -  Total Local Usage
	18976  -  Run Bytes Sent By Job
	0  -  Run Bytes Received By Job
	18976  -  Total Bytes Sent By Job
	0  -  Total Bytes Received By Job
	Partitionable Resources :    Usage  Request Allocated 
	   Cpus                 :                 1         1 
	   Disk (KB)            :       91        2    312194 
	   Memory (MB)          :     1388     2048      2048 

	Job terminated of its own accord at 2023-12-14T10:33:09Z with exit-code 0.
...
