000 (1972902.000.000) 2023-12-14 02:17:49 Job submitted from host: <172.24.33.226:11547?addrs=172.24.33.226-11547&alias=sdfrome002.sdf.slac.stanford.edu>
    DAG Node: 6a2e1ece-ae11-4712-9116-236f75e5a69d_ptcIsr_2023111200569_23
...
040 (1972902.000.000) 2023-12-14 02:29:20 Finished transferring input files
...
001 (1972902.000.000) 2023-12-14 02:29:20 Job executing on host: <172.24.33.143:37205?CCBID=172.24.33.225:9618%3faddrs%3d172.24.33.225-9618%26alias%3dsdfrome001.sdf.slac.stanford.edu#6220499&PrivNet=sdfrome078.sdf.slac.stanford.edu&addrs=172.24.33.143-37205&alias=sdfrome078.sdf.slac.stanford.edu>
	SlotName: slot_abrought_7348_1_12@sdfrome078.sdf.slac.stanford.edu
...
006 (1972902.000.000) 2023-12-14 02:29:28 Image size of job updated: 318012
	108  -  MemoryUsage of job (MB)
	109704  -  ResidentSetSize of job (KB)
...
006 (1972902.000.000) 2023-12-14 02:30:28 Image size of job updated: 2151168
	659  -  MemoryUsage of job (MB)
	674520  -  ResidentSetSize of job (KB)
...
040 (1972902.000.000) 2023-12-14 02:30:28 Started transferring output files
...
040 (1972902.000.000) 2023-12-14 02:30:28 Finished transferring output files
...
005 (1972902.000.000) 2023-12-14 02:30:28 Job terminated.
	(1) Normal termination (return value 0)
		Usr 0 00:00:23, Sys 0 00:00:03  -  Run Remote Usage
		Usr 0 00:00:00, Sys 0 00:00:00  -  Run Local Usage
		Usr 0 00:00:23, Sys 0 00:00:03  -  Total Remote Usage
		Usr 0 00:00:00, Sys 0 00:00:00  -  Total Local Usage
	18803  -  Run Bytes Sent By Job
	0  -  Run Bytes Received By Job
	18803  -  Total Bytes Sent By Job
	0  -  Total Bytes Received By Job
	Partitionable Resources :    Usage  Request Allocated 
	   Cpus                 :                 1         1 
	   Disk (KB)            :       90        2    312194 
	   Memory (MB)          :      659     2048      2048 

	Job terminated of its own accord at 2023-12-14T10:30:28Z with exit-code 0.
...
