000 (1969433.000.000) 2023-12-14 02:17:09 Job submitted from host: <172.24.33.226:11547?addrs=172.24.33.226-11547&alias=sdfrome002.sdf.slac.stanford.edu>
    DAG Node: 19a2f8cb-2701-4b5f-bb62-2e2426aa4e02_ptcIsr_2023110800529_23
...
040 (1969433.000.000) 2023-12-14 02:17:11 Finished transferring input files
...
001 (1969433.000.000) 2023-12-14 02:17:11 Job executing on host: <172.24.48.186:33679?CCBID=172.24.33.225:9618%3faddrs%3d172.24.33.225-9618%26alias%3dsdfrome001.sdf.slac.stanford.edu#6219700&PrivNet=sdfmilan114.sdf.slac.stanford.edu&addrs=172.24.48.186-33679&alias=sdfmilan114.sdf.slac.stanford.edu>
	SlotName: slot_abrought_14493_1_20@sdfmilan114.sdf.slac.stanford.edu
...
006 (1969433.000.000) 2023-12-14 02:17:19 Image size of job updated: 27480
	11  -  MemoryUsage of job (MB)
	11016  -  ResidentSetSize of job (KB)
...
006 (1969433.000.000) 2023-12-14 02:18:04 Image size of job updated: 2081008
	11  -  MemoryUsage of job (MB)
	11016  -  ResidentSetSize of job (KB)
...
040 (1969433.000.000) 2023-12-14 02:18:04 Started transferring output files
...
040 (1969433.000.000) 2023-12-14 02:18:04 Finished transferring output files
...
005 (1969433.000.000) 2023-12-14 02:18:04 Job terminated.
	(1) Normal termination (return value 0)
		Usr 0 00:00:21, Sys 0 00:00:04  -  Run Remote Usage
		Usr 0 00:00:00, Sys 0 00:00:00  -  Run Local Usage
		Usr 0 00:00:21, Sys 0 00:00:04  -  Total Remote Usage
		Usr 0 00:00:00, Sys 0 00:00:00  -  Total Local Usage
	18801  -  Run Bytes Sent By Job
	0  -  Run Bytes Received By Job
	18801  -  Total Bytes Sent By Job
	0  -  Total Bytes Received By Job
	Partitionable Resources :    Usage  Request Allocated 
	   Cpus                 :                 1         1 
	   Disk (KB)            :       90        2    312193 
	   Memory (MB)          :       11     2048      2048 

	Job terminated of its own accord at 2023-12-14T10:18:04Z with exit-code 0.
...
