000 (1971511.000.000) 2023-12-14 02:17:35 Job submitted from host: <172.24.33.226:11547?addrs=172.24.33.226-11547&alias=sdfrome002.sdf.slac.stanford.edu>
    DAG Node: 8c1e20b5-218c-487a-8551-23f90577a81d_ptcIsr_2023111202204_23
...
040 (1971511.000.000) 2023-12-14 02:25:14 Finished transferring input files
...
001 (1971511.000.000) 2023-12-14 02:25:14 Job executing on host: <172.24.33.124:39661?CCBID=172.24.33.225:9618%3faddrs%3d172.24.33.225-9618%26alias%3dsdfrome001.sdf.slac.stanford.edu#6220018&PrivNet=sdfrome059.sdf.slac.stanford.edu&addrs=172.24.33.124-39661&alias=sdfrome059.sdf.slac.stanford.edu>
	SlotName: slot_abrought_25802_1_2@sdfrome059.sdf.slac.stanford.edu
...
006 (1971511.000.000) 2023-12-14 02:25:22 Image size of job updated: 342708
	128  -  MemoryUsage of job (MB)
	131040  -  ResidentSetSize of job (KB)
...
006 (1971511.000.000) 2023-12-14 02:25:58 Image size of job updated: 2135960
	610  -  MemoryUsage of job (MB)
	624056  -  ResidentSetSize of job (KB)
...
040 (1971511.000.000) 2023-12-14 02:25:58 Started transferring output files
...
040 (1971511.000.000) 2023-12-14 02:25:58 Finished transferring output files
...
005 (1971511.000.000) 2023-12-14 02:25:58 Job terminated.
	(1) Normal termination (return value 0)
		Usr 0 00:00:24, Sys 0 00:00:06  -  Run Remote Usage
		Usr 0 00:00:00, Sys 0 00:00:00  -  Run Local Usage
		Usr 0 00:00:24, Sys 0 00:00:06  -  Total Remote Usage
		Usr 0 00:00:00, Sys 0 00:00:00  -  Total Local Usage
	18803  -  Run Bytes Sent By Job
	0  -  Run Bytes Received By Job
	18803  -  Total Bytes Sent By Job
	0  -  Total Bytes Received By Job
	Partitionable Resources :    Usage  Request Allocated 
	   Cpus                 :                 1         1 
	   Disk (KB)            :       90        2    312194 
	   Memory (MB)          :      610     2048      2048 

	Job terminated of its own accord at 2023-12-14T10:25:58Z with exit-code 0.
...
