000 (1972349.000.000) 2023-12-14 02:17:43 Job submitted from host: <172.24.33.226:11547?addrs=172.24.33.226-11547&alias=sdfrome002.sdf.slac.stanford.edu>
    DAG Node: f91f5f11-0f57-4e1c-9c39-377e9c0c4cce_ptcIsr_2023111200639_23
...
040 (1972349.000.000) 2023-12-14 02:27:37 Finished transferring input files
...
001 (1972349.000.000) 2023-12-14 02:27:37 Job executing on host: <172.24.33.124:39661?CCBID=172.24.33.225:9618%3faddrs%3d172.24.33.225-9618%26alias%3dsdfrome001.sdf.slac.stanford.edu#6220018&PrivNet=sdfrome059.sdf.slac.stanford.edu&addrs=172.24.33.124-39661&alias=sdfrome059.sdf.slac.stanford.edu>
	SlotName: slot_abrought_25802_1_2@sdfrome059.sdf.slac.stanford.edu
...
006 (1972349.000.000) 2023-12-14 02:27:46 Image size of job updated: 348416
	134  -  MemoryUsage of job (MB)
	137120  -  ResidentSetSize of job (KB)
...
006 (1972349.000.000) 2023-12-14 02:28:23 Image size of job updated: 2288100
	618  -  MemoryUsage of job (MB)
	632276  -  ResidentSetSize of job (KB)
...
040 (1972349.000.000) 2023-12-14 02:28:23 Started transferring output files
...
040 (1972349.000.000) 2023-12-14 02:28:23 Finished transferring output files
...
005 (1972349.000.000) 2023-12-14 02:28:23 Job terminated.
	(1) Normal termination (return value 0)
		Usr 0 00:00:23, Sys 0 00:00:04  -  Run Remote Usage
		Usr 0 00:00:00, Sys 0 00:00:00  -  Run Local Usage
		Usr 0 00:00:23, Sys 0 00:00:04  -  Total Remote Usage
		Usr 0 00:00:00, Sys 0 00:00:00  -  Total Local Usage
	19075  -  Run Bytes Sent By Job
	0  -  Run Bytes Received By Job
	19075  -  Total Bytes Sent By Job
	0  -  Total Bytes Received By Job
	Partitionable Resources :    Usage  Request Allocated 
	   Cpus                 :                 1         1 
	   Disk (KB)            :       91        2    312194 
	   Memory (MB)          :      618     2048      2048 

	Job terminated of its own accord at 2023-12-14T10:28:23Z with exit-code 0.
...
