000 (1970864.000.000) 2023-12-14 02:17:25 Job submitted from host: <172.24.33.226:11547?addrs=172.24.33.226-11547&alias=sdfrome002.sdf.slac.stanford.edu>
    DAG Node: a352247f-67d4-4a21-849d-dafe0d4799c9_ptcIsr_2023111300773_23
...
040 (1970864.000.000) 2023-12-14 02:23:22 Finished transferring input files
...
001 (1970864.000.000) 2023-12-14 02:23:22 Job executing on host: <172.24.33.124:45647?CCBID=172.24.33.225:9618%3faddrs%3d172.24.33.225-9618%26alias%3dsdfrome001.sdf.slac.stanford.edu#6220016&PrivNet=sdfrome059.sdf.slac.stanford.edu&addrs=172.24.33.124-45647&alias=sdfrome059.sdf.slac.stanford.edu>
	SlotName: slot_abrought_13532_1_23@sdfrome059.sdf.slac.stanford.edu
...
006 (1970864.000.000) 2023-12-14 02:23:31 Image size of job updated: 278144
	71  -  MemoryUsage of job (MB)
	72244  -  ResidentSetSize of job (KB)
...
006 (1970864.000.000) 2023-12-14 02:25:57 Image size of job updated: 2108020
	633  -  MemoryUsage of job (MB)
	647728  -  ResidentSetSize of job (KB)
...
040 (1970864.000.000) 2023-12-14 02:25:57 Started transferring output files
...
040 (1970864.000.000) 2023-12-14 02:25:57 Finished transferring output files
...
005 (1970864.000.000) 2023-12-14 02:25:58 Job terminated.
	(1) Normal termination (return value 0)
		Usr 0 00:00:15, Sys 0 00:00:03  -  Run Remote Usage
		Usr 0 00:00:00, Sys 0 00:00:00  -  Run Local Usage
		Usr 0 00:00:15, Sys 0 00:00:03  -  Total Remote Usage
		Usr 0 00:00:00, Sys 0 00:00:00  -  Total Local Usage
	18974  -  Run Bytes Sent By Job
	0  -  Run Bytes Received By Job
	18974  -  Total Bytes Sent By Job
	0  -  Total Bytes Received By Job
	Partitionable Resources :    Usage  Request Allocated 
	   Cpus                 :     0.14        1         1 
	   Disk (KB)            :    97           2    312194 
	   Memory (MB)          :   633        2048      2048 

	Job terminated of its own accord at 2023-12-14T10:25:57Z with exit-code 0.
...
