000 (1973486.000.000) 2023-12-14 02:18:01 Job submitted from host: <172.24.33.226:11547?addrs=172.24.33.226-11547&alias=sdfrome002.sdf.slac.stanford.edu>
    DAG Node: 7d068978-b643-4b36-af20-8a2254adb61b_ptcIsr_2023111101633_23
...
040 (1973486.000.000) 2023-12-14 02:30:52 Finished transferring input files
...
001 (1973486.000.000) 2023-12-14 02:30:52 Job executing on host: <172.24.48.185:41489?CCBID=172.24.33.225:9618%3faddrs%3d172.24.33.225-9618%26alias%3dsdfrome001.sdf.slac.stanford.edu#6219699&PrivNet=sdfmilan113.sdf.slac.stanford.edu&addrs=172.24.48.185-41489&alias=sdfmilan113.sdf.slac.stanford.edu>
	SlotName: slot_abrought_18623_1_13@sdfmilan113.sdf.slac.stanford.edu
...
006 (1973486.000.000) 2023-12-14 02:31:00 Image size of job updated: 280756
	74  -  MemoryUsage of job (MB)
	74812  -  ResidentSetSize of job (KB)
...
006 (1973486.000.000) 2023-12-14 02:31:45 Image size of job updated: 2048024
	1252  -  MemoryUsage of job (MB)
	1281408  -  ResidentSetSize of job (KB)
...
040 (1973486.000.000) 2023-12-14 02:31:45 Started transferring output files
...
040 (1973486.000.000) 2023-12-14 02:31:45 Finished transferring output files
...
005 (1973486.000.000) 2023-12-14 02:31:45 Job terminated.
	(1) Normal termination (return value 0)
		Usr 0 00:00:18, Sys 0 00:00:03  -  Run Remote Usage
		Usr 0 00:00:00, Sys 0 00:00:00  -  Run Local Usage
		Usr 0 00:00:18, Sys 0 00:00:03  -  Total Remote Usage
		Usr 0 00:00:00, Sys 0 00:00:00  -  Total Local Usage
	18803  -  Run Bytes Sent By Job
	0  -  Run Bytes Received By Job
	18803  -  Total Bytes Sent By Job
	0  -  Total Bytes Received By Job
	Partitionable Resources :    Usage  Request Allocated 
	   Cpus                 :     0.96        1         1 
	   Disk (KB)            :    97           2    312194 
	   Memory (MB)          :  1252        2048      2048 

	Job terminated of its own accord at 2023-12-14T10:31:45Z with exit-code 0.
...
