000 (1969534.000.000) 2023-12-14 02:17:11 Job submitted from host: <172.24.33.226:11547?addrs=172.24.33.226-11547&alias=sdfrome002.sdf.slac.stanford.edu>
    DAG Node: ceb2012f-b025-4287-b9fa-9efd943263db_ptcIsr_2023111202726_23
...
040 (1969534.000.000) 2023-12-14 02:18:16 Finished transferring input files
...
001 (1969534.000.000) 2023-12-14 02:18:16 Job executing on host: <172.24.48.149:38613?CCBID=172.24.33.225:9618%3faddrs%3d172.24.33.225-9618%26alias%3dsdfrome001.sdf.slac.stanford.edu#6219698&PrivNet=sdfmilan049.sdf.slac.stanford.edu&addrs=172.24.48.149-38613&alias=sdfmilan049.sdf.slac.stanford.edu>
	SlotName: slot_abrought_1727_1_13@sdfmilan049.sdf.slac.stanford.edu
...
006 (1969534.000.000) 2023-12-14 02:18:25 Image size of job updated: 343728
	130  -  MemoryUsage of job (MB)
	132332  -  ResidentSetSize of job (KB)
...
006 (1969534.000.000) 2023-12-14 02:19:08 Image size of job updated: 2069224
	619  -  MemoryUsage of job (MB)
	632864  -  ResidentSetSize of job (KB)
...
040 (1969534.000.000) 2023-12-14 02:19:08 Started transferring output files
...
040 (1969534.000.000) 2023-12-14 02:19:08 Finished transferring output files
...
005 (1969534.000.000) 2023-12-14 02:19:08 Job terminated.
	(1) Normal termination (return value 0)
		Usr 0 00:00:19, Sys 0 00:00:03  -  Run Remote Usage
		Usr 0 00:00:00, Sys 0 00:00:00  -  Run Local Usage
		Usr 0 00:00:19, Sys 0 00:00:03  -  Total Remote Usage
		Usr 0 00:00:00, Sys 0 00:00:00  -  Total Local Usage
	18975  -  Run Bytes Sent By Job
	0  -  Run Bytes Received By Job
	18975  -  Total Bytes Sent By Job
	0  -  Total Bytes Received By Job
	Partitionable Resources :    Usage  Request Allocated 
	   Cpus                 :                 1         1 
	   Disk (KB)            :       91        2    312194 
	   Memory (MB)          :      619     2048      2048 

	Job terminated of its own accord at 2023-12-14T10:19:08Z with exit-code 0.
...
