000 (1970117.000.000) 2023-12-14 02:17:17 Job submitted from host: <172.24.33.226:11547?addrs=172.24.33.226-11547&alias=sdfrome002.sdf.slac.stanford.edu>
    DAG Node: 2baec673-25aa-4ce4-8ebc-cd1a7e8cda6f_ptcIsr_2023111201386_23
...
040 (1970117.000.000) 2023-12-14 02:20:53 Finished transferring input files
...
001 (1970117.000.000) 2023-12-14 02:20:53 Job executing on host: <172.24.33.143:35625?CCBID=172.24.33.225:9618%3faddrs%3d172.24.33.225-9618%26alias%3dsdfrome001.sdf.slac.stanford.edu#6220497&PrivNet=sdfrome078.sdf.slac.stanford.edu&addrs=172.24.33.143-35625&alias=sdfrome078.sdf.slac.stanford.edu>
	SlotName: slot_abrought_7235_1_3@sdfrome078.sdf.slac.stanford.edu
...
006 (1970117.000.000) 2023-12-14 02:21:01 Image size of job updated: 67680
	37  -  MemoryUsage of job (MB)
	36992  -  ResidentSetSize of job (KB)
...
006 (1970117.000.000) 2023-12-14 02:25:14 Image size of job updated: 2108392
	37  -  MemoryUsage of job (MB)
	36992  -  ResidentSetSize of job (KB)
...
040 (1970117.000.000) 2023-12-14 02:25:15 Started transferring output files
...
040 (1970117.000.000) 2023-12-14 02:25:15 Finished transferring output files
...
005 (1970117.000.000) 2023-12-14 02:25:16 Job terminated.
	(1) Normal termination (return value 0)
		Usr 0 00:00:20, Sys 0 00:00:03  -  Run Remote Usage
		Usr 0 00:00:00, Sys 0 00:00:00  -  Run Local Usage
		Usr 0 00:00:20, Sys 0 00:00:03  -  Total Remote Usage
		Usr 0 00:00:00, Sys 0 00:00:00  -  Total Local Usage
	18804  -  Run Bytes Sent By Job
	0  -  Run Bytes Received By Job
	18804  -  Total Bytes Sent By Job
	0  -  Total Bytes Received By Job
	Partitionable Resources :    Usage  Request Allocated 
	   Cpus                 :                 1         1 
	   Disk (KB)            :       90        2    312194 
	   Memory (MB)          :       37     2048      2048 

	Job terminated of its own accord at 2023-12-14T10:25:13Z with exit-code 0.
...
