000 (1972599.000.000) 2023-12-14 02:17:47 Job submitted from host: <172.24.33.226:11547?addrs=172.24.33.226-11547&alias=sdfrome002.sdf.slac.stanford.edu>
    DAG Node: 24b1e3fb-f18b-4906-8647-a3b54aaf458d_ptcIsr_2023111202835_23
...
040 (1972599.000.000) 2023-12-14 02:28:21 Finished transferring input files
...
001 (1972599.000.000) 2023-12-14 02:28:22 Job executing on host: <172.24.33.124:44469?CCBID=172.24.33.225:9618%3faddrs%3d172.24.33.225-9618%26alias%3dsdfrome001.sdf.slac.stanford.edu#6220017&PrivNet=sdfrome059.sdf.slac.stanford.edu&addrs=172.24.33.124-44469&alias=sdfrome059.sdf.slac.stanford.edu>
	SlotName: slot_abrought_2668_1_14@sdfrome059.sdf.slac.stanford.edu
...
006 (1972599.000.000) 2023-12-14 02:28:30 Image size of job updated: 304088
	95  -  MemoryUsage of job (MB)
	96520  -  ResidentSetSize of job (KB)
...
006 (1972599.000.000) 2023-12-14 02:29:31 Image size of job updated: 2218960
	663  -  MemoryUsage of job (MB)
	677964  -  ResidentSetSize of job (KB)
...
040 (1972599.000.000) 2023-12-14 02:29:31 Started transferring output files
...
040 (1972599.000.000) 2023-12-14 02:29:31 Finished transferring output files
...
005 (1972599.000.000) 2023-12-14 02:29:31 Job terminated.
	(1) Normal termination (return value 0)
		Usr 0 00:00:18, Sys 0 00:00:04  -  Run Remote Usage
		Usr 0 00:00:00, Sys 0 00:00:00  -  Run Local Usage
		Usr 0 00:00:18, Sys 0 00:00:04  -  Total Remote Usage
		Usr 0 00:00:00, Sys 0 00:00:00  -  Total Local Usage
	18806  -  Run Bytes Sent By Job
	0  -  Run Bytes Received By Job
	18806  -  Total Bytes Sent By Job
	0  -  Total Bytes Received By Job
	Partitionable Resources :    Usage  Request Allocated 
	   Cpus                 :     0.51        1         1 
	   Disk (KB)            :    97           2    312194 
	   Memory (MB)          :   663        2048      2048 

	Job terminated of its own accord at 2023-12-14T10:29:31Z with exit-code 0.
...
