000 (1973565.000.000) 2023-12-14 08:57:26 Job submitted from host: <172.24.33.226:11547?addrs=172.24.33.226-11547&alias=sdfrome002.sdf.slac.stanford.edu>
    DAG Node: d0cd4286-ed45-44d0-9ed5-12212f231777_ptcSolve_23
...
040 (1973565.000.000) 2023-12-14 08:57:30 Finished transferring input files
...
001 (1973565.000.000) 2023-12-14 08:57:30 Job executing on host: <172.24.48.197:44589?CCBID=172.24.33.225:9618%3faddrs%3d172.24.33.225-9618%26alias%3dsdfrome001.sdf.slac.stanford.edu#6220121&PrivNet=sdfmilan125.sdf.slac.stanford.edu&addrs=172.24.48.197-44589&alias=sdfmilan125.sdf.slac.stanford.edu>
	SlotName: slot_abrought_7640_1_17@sdfmilan125.sdf.slac.stanford.edu
...
006 (1973565.000.000) 2023-12-14 08:57:38 Image size of job updated: 2
	5  -  MemoryUsage of job (MB)
	4864  -  ResidentSetSize of job (KB)
...
006 (1973565.000.000) 2023-12-14 09:02:39 Image size of job updated: 466560
	210  -  MemoryUsage of job (MB)
	214656  -  ResidentSetSize of job (KB)
...
006 (1973565.000.000) 2023-12-14 09:07:39 Image size of job updated: 2137020
	1076  -  MemoryUsage of job (MB)
	1101204  -  ResidentSetSize of job (KB)
...
006 (1973565.000.000) 2023-12-14 09:17:40 Image size of job updated: 2145312
	1086  -  MemoryUsage of job (MB)
	1111076  -  ResidentSetSize of job (KB)
...
006 (1973565.000.000) 2023-12-14 09:22:41 Image size of job updated: 2153640
	1094  -  MemoryUsage of job (MB)
	1119404  -  ResidentSetSize of job (KB)
...
006 (1973565.000.000) 2023-12-14 09:27:42 Image size of job updated: 2154828
	1095  -  MemoryUsage of job (MB)
	1120604  -  ResidentSetSize of job (KB)
...
006 (1973565.000.000) 2023-12-14 09:37:44 Image size of job updated: 2158640
	1099  -  MemoryUsage of job (MB)
	1124416  -  ResidentSetSize of job (KB)
...
006 (1973565.000.000) 2023-12-14 09:42:44 Image size of job updated: 2161140
	1101  -  MemoryUsage of job (MB)
	1126916  -  ResidentSetSize of job (KB)
...
006 (1973565.000.000) 2023-12-14 09:47:45 Image size of job updated: 2171976
	1112  -  MemoryUsage of job (MB)
	1137752  -  ResidentSetSize of job (KB)
...
006 (1973565.000.000) 2023-12-14 09:52:45 Image size of job updated: 2174588
	1114  -  MemoryUsage of job (MB)
	1140364  -  ResidentSetSize of job (KB)
...
006 (1973565.000.000) 2023-12-14 09:57:46 Image size of job updated: 2176024
	1114  -  MemoryUsage of job (MB)
	1140364  -  ResidentSetSize of job (KB)
...
040 (1973565.000.000) 2023-12-14 10:26:23 Started transferring output files
...
040 (1973565.000.000) 2023-12-14 10:26:23 Finished transferring output files
...
005 (1973565.000.000) 2023-12-14 10:26:23 Job terminated.
	(1) Normal termination (return value 0)
		Usr 0 00:53:36, Sys 0 00:00:02  -  Run Remote Usage
		Usr 0 00:00:00, Sys 0 00:00:00  -  Run Local Usage
		Usr 0 00:53:36, Sys 0 00:00:02  -  Total Remote Usage
		Usr 0 00:00:00, Sys 0 00:00:00  -  Total Local Usage
	7717  -  Run Bytes Sent By Job
	0  -  Run Bytes Received By Job
	7717  -  Total Bytes Sent By Job
	0  -  Total Bytes Received By Job
	Partitionable Resources :    Usage  Request Allocated 
	   Cpus                 :     0.50        1         1 
	   Disk (KB)            :    86           2    305890 
	   Memory (MB)          :  1114        2048      2048 

	Job terminated of its own accord at 2023-12-14T18:26:23Z with exit-code 0.
...
