000 (1969424.000.000) 2023-12-14 02:17:09 Job submitted from host: <172.24.33.226:11547?addrs=172.24.33.226-11547&alias=sdfrome002.sdf.slac.stanford.edu>
    DAG Node: 6f846b9f-56f9-4635-b92f-b70197e82641_ptcIsr_2023111201376_23
...
040 (1969424.000.000) 2023-12-14 02:17:10 Finished transferring input files
...
001 (1969424.000.000) 2023-12-14 02:17:10 Job executing on host: <172.24.48.149:38613?CCBID=172.24.33.225:9618%3faddrs%3d172.24.33.225-9618%26alias%3dsdfrome001.sdf.slac.stanford.edu#6219698&PrivNet=sdfmilan049.sdf.slac.stanford.edu&addrs=172.24.48.149-38613&alias=sdfmilan049.sdf.slac.stanford.edu>
	SlotName: slot_abrought_1727_1_18@sdfmilan049.sdf.slac.stanford.edu
...
006 (1969424.000.000) 2023-12-14 02:17:19 Image size of job updated: 27196
	11  -  MemoryUsage of job (MB)
	10556  -  ResidentSetSize of job (KB)
...
006 (1969424.000.000) 2023-12-14 02:18:20 Image size of job updated: 2128028
	655  -  MemoryUsage of job (MB)
	670308  -  ResidentSetSize of job (KB)
...
040 (1969424.000.000) 2023-12-14 02:18:20 Started transferring output files
...
040 (1969424.000.000) 2023-12-14 02:18:20 Finished transferring output files
...
005 (1969424.000.000) 2023-12-14 02:18:20 Job terminated.
	(1) Normal termination (return value 0)
		Usr 0 00:00:21, Sys 0 00:00:02  -  Run Remote Usage
		Usr 0 00:00:00, Sys 0 00:00:00  -  Run Local Usage
		Usr 0 00:00:21, Sys 0 00:00:02  -  Total Remote Usage
		Usr 0 00:00:00, Sys 0 00:00:00  -  Total Local Usage
	18802  -  Run Bytes Sent By Job
	0  -  Run Bytes Received By Job
	18802  -  Total Bytes Sent By Job
	0  -  Total Bytes Received By Job
	Partitionable Resources :    Usage  Request Allocated 
	   Cpus                 :                 1         1 
	   Disk (KB)            :       90        2    312194 
	   Memory (MB)          :      655     2048      2048 

	Job terminated of its own accord at 2023-12-14T10:18:20Z with exit-code 0.
...
