000 (1971414.000.000) 2023-12-14 02:17:31 Job submitted from host: <172.24.33.226:11547?addrs=172.24.33.226-11547&alias=sdfrome002.sdf.slac.stanford.edu>
    DAG Node: df8d2ca3-5d2f-4351-9e59-53e9c155c8b8_ptcIsr_2023111101711_23
...
040 (1971414.000.000) 2023-12-14 02:25:01 Finished transferring input files
...
001 (1971414.000.000) 2023-12-14 02:25:01 Job executing on host: <172.24.33.143:37205?CCBID=172.24.33.225:9618%3faddrs%3d172.24.33.225-9618%26alias%3dsdfrome001.sdf.slac.stanford.edu#6220499&PrivNet=sdfrome078.sdf.slac.stanford.edu&addrs=172.24.33.143-37205&alias=sdfrome078.sdf.slac.stanford.edu>
	SlotName: slot_abrought_7348_1_10@sdfrome078.sdf.slac.stanford.edu
...
006 (1971414.000.000) 2023-12-14 02:25:10 Image size of job updated: 339564
	126  -  MemoryUsage of job (MB)
	128276  -  ResidentSetSize of job (KB)
...
006 (1971414.000.000) 2023-12-14 02:26:05 Image size of job updated: 2193552
	653  -  MemoryUsage of job (MB)
	668040  -  ResidentSetSize of job (KB)
...
040 (1971414.000.000) 2023-12-14 02:26:05 Started transferring output files
...
040 (1971414.000.000) 2023-12-14 02:26:05 Finished transferring output files
...
005 (1971414.000.000) 2023-12-14 02:26:06 Job terminated.
	(1) Normal termination (return value 0)
		Usr 0 00:00:22, Sys 0 00:00:03  -  Run Remote Usage
		Usr 0 00:00:00, Sys 0 00:00:00  -  Run Local Usage
		Usr 0 00:00:22, Sys 0 00:00:03  -  Total Remote Usage
		Usr 0 00:00:00, Sys 0 00:00:00  -  Total Local Usage
	18803  -  Run Bytes Sent By Job
	0  -  Run Bytes Received By Job
	18803  -  Total Bytes Sent By Job
	0  -  Total Bytes Received By Job
	Partitionable Resources :    Usage  Request Allocated 
	   Cpus                 :     0.97        1         1 
	   Disk (KB)            :    97           2    312194 
	   Memory (MB)          :   653        2048      2048 

	Job terminated of its own accord at 2023-12-14T10:26:05Z with exit-code 0.
...
