000 (1970369.000.000) 2023-12-14 02:17:18 Job submitted from host: <172.24.33.226:11547?addrs=172.24.33.226-11547&alias=sdfrome002.sdf.slac.stanford.edu>
    DAG Node: fa313110-52c3-476e-98cd-4093585b4e63_ptcIsr_2023111200446_23
...
040 (1970369.000.000) 2023-12-14 02:21:37 Finished transferring input files
...
001 (1970369.000.000) 2023-12-14 02:21:37 Job executing on host: <172.24.33.124:44469?CCBID=172.24.33.225:9618%3faddrs%3d172.24.33.225-9618%26alias%3dsdfrome001.sdf.slac.stanford.edu#6220017&PrivNet=sdfrome059.sdf.slac.stanford.edu&addrs=172.24.33.124-44469&alias=sdfrome059.sdf.slac.stanford.edu>
	SlotName: slot_abrought_2668_1_16@sdfrome059.sdf.slac.stanford.edu
...
006 (1970369.000.000) 2023-12-14 02:21:46 Image size of job updated: 328660
	115  -  MemoryUsage of job (MB)
	117532  -  ResidentSetSize of job (KB)
...
006 (1970369.000.000) 2023-12-14 02:22:39 Image size of job updated: 2258732
	115  -  MemoryUsage of job (MB)
	117532  -  ResidentSetSize of job (KB)
...
040 (1970369.000.000) 2023-12-14 02:22:39 Started transferring output files
...
040 (1970369.000.000) 2023-12-14 02:22:39 Finished transferring output files
...
005 (1970369.000.000) 2023-12-14 02:22:40 Job terminated.
	(1) Normal termination (return value 0)
		Usr 0 00:00:24, Sys 0 00:00:04  -  Run Remote Usage
		Usr 0 00:00:00, Sys 0 00:00:00  -  Run Local Usage
		Usr 0 00:00:24, Sys 0 00:00:04  -  Total Remote Usage
		Usr 0 00:00:00, Sys 0 00:00:00  -  Total Local Usage
	19073  -  Run Bytes Sent By Job
	0  -  Run Bytes Received By Job
	19073  -  Total Bytes Sent By Job
	0  -  Total Bytes Received By Job
	Partitionable Resources :    Usage  Request Allocated 
	   Cpus                 :                 1         1 
	   Disk (KB)            :       91        2    312194 
	   Memory (MB)          :      115     2048      2048 

	Job terminated of its own accord at 2023-12-14T10:22:39Z with exit-code 0.
...
