000 (1973357.000.000) 2023-12-14 02:17:55 Job submitted from host: <172.24.33.226:11547?addrs=172.24.33.226-11547&alias=sdfrome002.sdf.slac.stanford.edu>
    DAG Node: 442ce29f-a794-4747-89cb-fd13a8459dab_ptcIsr_2023111200545_23
...
040 (1973357.000.000) 2023-12-14 02:30:29 Finished transferring input files
...
001 (1973357.000.000) 2023-12-14 02:30:29 Job executing on host: <172.24.33.147:42953?CCBID=172.24.33.225:9618%3faddrs%3d172.24.33.225-9618%26alias%3dsdfrome001.sdf.slac.stanford.edu#6219703&PrivNet=sdfrome082.sdf.slac.stanford.edu&addrs=172.24.33.147-42953&alias=sdfrome082.sdf.slac.stanford.edu>
	SlotName: slot_abrought_48_1_17@sdfrome082.sdf.slac.stanford.edu
...
006 (1973357.000.000) 2023-12-14 02:30:38 Image size of job updated: 278348
	72  -  MemoryUsage of job (MB)
	73336  -  ResidentSetSize of job (KB)
...
006 (1973357.000.000) 2023-12-14 02:31:19 Image size of job updated: 2038012
	72  -  MemoryUsage of job (MB)
	73336  -  ResidentSetSize of job (KB)
...
040 (1973357.000.000) 2023-12-14 02:31:19 Started transferring output files
...
040 (1973357.000.000) 2023-12-14 02:31:19 Finished transferring output files
...
005 (1973357.000.000) 2023-12-14 02:31:19 Job terminated.
	(1) Normal termination (return value 0)
		Usr 0 00:00:18, Sys 0 00:00:03  -  Run Remote Usage
		Usr 0 00:00:00, Sys 0 00:00:00  -  Run Local Usage
		Usr 0 00:00:18, Sys 0 00:00:03  -  Total Remote Usage
		Usr 0 00:00:00, Sys 0 00:00:00  -  Total Local Usage
	18803  -  Run Bytes Sent By Job
	0  -  Run Bytes Received By Job
	18803  -  Total Bytes Sent By Job
	0  -  Total Bytes Received By Job
	Partitionable Resources :    Usage  Request Allocated 
	   Cpus                 :                 1         1 
	   Disk (KB)            :       90        2    312116 
	   Memory (MB)          :       72     2048      2048 

	Job terminated of its own accord at 2023-12-14T10:31:19Z with exit-code 0.
...
