000 (1972860.000.000) 2023-12-14 02:17:49 Job submitted from host: <172.24.33.226:11547?addrs=172.24.33.226-11547&alias=sdfrome002.sdf.slac.stanford.edu>
    DAG Node: 47ae3c91-f199-4b90-b5df-656b7b0ad26f_ptcIsr_2023111200600_23
...
040 (1972860.000.000) 2023-12-14 02:29:13 Finished transferring input files
...
001 (1972860.000.000) 2023-12-14 02:29:13 Job executing on host: <172.24.33.124:39697?CCBID=172.24.33.225:9618%3faddrs%3d172.24.33.225-9618%26alias%3dsdfrome001.sdf.slac.stanford.edu#6220015&PrivNet=sdfrome059.sdf.slac.stanford.edu&addrs=172.24.33.124-39697&alias=sdfrome059.sdf.slac.stanford.edu>
	SlotName: slot_abrought_7836_1_10@sdfrome059.sdf.slac.stanford.edu
...
006 (1972860.000.000) 2023-12-14 02:29:22 Image size of job updated: 294188
	87  -  MemoryUsage of job (MB)
	88340  -  ResidentSetSize of job (KB)
...
006 (1972860.000.000) 2023-12-14 02:30:08 Image size of job updated: 2032264
	87  -  MemoryUsage of job (MB)
	88340  -  ResidentSetSize of job (KB)
...
040 (1972860.000.000) 2023-12-14 02:30:08 Started transferring output files
...
040 (1972860.000.000) 2023-12-14 02:30:08 Finished transferring output files
...
005 (1972860.000.000) 2023-12-14 02:30:08 Job terminated.
	(1) Normal termination (return value 0)
		Usr 0 00:00:21, Sys 0 00:00:04  -  Run Remote Usage
		Usr 0 00:00:00, Sys 0 00:00:00  -  Run Local Usage
		Usr 0 00:00:21, Sys 0 00:00:04  -  Total Remote Usage
		Usr 0 00:00:00, Sys 0 00:00:00  -  Total Local Usage
	18805  -  Run Bytes Sent By Job
	0  -  Run Bytes Received By Job
	18805  -  Total Bytes Sent By Job
	0  -  Total Bytes Received By Job
	Partitionable Resources :    Usage  Request Allocated 
	   Cpus                 :                 1         1 
	   Disk (KB)            :       90        2    312194 
	   Memory (MB)          :       87     2048      2048 

	Job terminated of its own accord at 2023-12-14T10:30:08Z with exit-code 0.
...
