000 (1973485.000.000) 2023-12-14 02:18:01 Job submitted from host: <172.24.33.226:11547?addrs=172.24.33.226-11547&alias=sdfrome002.sdf.slac.stanford.edu>
    DAG Node: 1b4c8343-9a33-4434-ab58-5db9f513de50_ptcIsr_2023111101527_23
...
040 (1973485.000.000) 2023-12-14 02:30:50 Finished transferring input files
...
001 (1973485.000.000) 2023-12-14 02:30:50 Job executing on host: <172.24.33.147:42953?CCBID=172.24.33.225:9618%3faddrs%3d172.24.33.225-9618%26alias%3dsdfrome001.sdf.slac.stanford.edu#6219703&PrivNet=sdfrome082.sdf.slac.stanford.edu&addrs=172.24.33.147-42953&alias=sdfrome082.sdf.slac.stanford.edu>
	SlotName: slot_abrought_48_1_15@sdfrome082.sdf.slac.stanford.edu
...
006 (1973485.000.000) 2023-12-14 02:30:58 Image size of job updated: 280760
	74  -  MemoryUsage of job (MB)
	74880  -  ResidentSetSize of job (KB)
...
006 (1973485.000.000) 2023-12-14 02:31:41 Image size of job updated: 2036868
	1312  -  MemoryUsage of job (MB)
	1343060  -  ResidentSetSize of job (KB)
...
040 (1973485.000.000) 2023-12-14 02:31:41 Started transferring output files
...
040 (1973485.000.000) 2023-12-14 02:31:41 Finished transferring output files
...
005 (1973485.000.000) 2023-12-14 02:31:41 Job terminated.
	(1) Normal termination (return value 0)
		Usr 0 00:00:17, Sys 0 00:00:02  -  Run Remote Usage
		Usr 0 00:00:00, Sys 0 00:00:00  -  Run Local Usage
		Usr 0 00:00:17, Sys 0 00:00:02  -  Total Remote Usage
		Usr 0 00:00:00, Sys 0 00:00:00  -  Total Local Usage
	18802  -  Run Bytes Sent By Job
	0  -  Run Bytes Received By Job
	18802  -  Total Bytes Sent By Job
	0  -  Total Bytes Received By Job
	Partitionable Resources :    Usage  Request Allocated 
	   Cpus                 :     1.00        1         1 
	   Disk (KB)            :    97           2    312116 
	   Memory (MB)          :  1312        2048      2048 

	Job terminated of its own accord at 2023-12-14T10:31:41Z with exit-code 0.
...
