000 (1970615.000.000) 2023-12-14 02:17:24 Job submitted from host: <172.24.33.226:11547?addrs=172.24.33.226-11547&alias=sdfrome002.sdf.slac.stanford.edu>
    DAG Node: 2838964a-993d-4fee-ba8a-27029b4ae354_ptcIsr_2023111201341_23
...
040 (1970615.000.000) 2023-12-14 02:22:30 Finished transferring input files
...
001 (1970615.000.000) 2023-12-14 02:22:30 Job executing on host: <172.24.48.186:33679?CCBID=172.24.33.225:9618%3faddrs%3d172.24.33.225-9618%26alias%3dsdfrome001.sdf.slac.stanford.edu#6219700&PrivNet=sdfmilan114.sdf.slac.stanford.edu&addrs=172.24.48.186-33679&alias=sdfmilan114.sdf.slac.stanford.edu>
	SlotName: slot_abrought_14493_1_11@sdfmilan114.sdf.slac.stanford.edu
...
006 (1970615.000.000) 2023-12-14 02:22:38 Image size of job updated: 290932
	83  -  MemoryUsage of job (MB)
	84908  -  ResidentSetSize of job (KB)
...
006 (1970615.000.000) 2023-12-14 02:23:32 Image size of job updated: 2125820
	700  -  MemoryUsage of job (MB)
	716424  -  ResidentSetSize of job (KB)
...
040 (1970615.000.000) 2023-12-14 02:23:32 Started transferring output files
...
040 (1970615.000.000) 2023-12-14 02:23:32 Finished transferring output files
...
005 (1970615.000.000) 2023-12-14 02:23:32 Job terminated.
	(1) Normal termination (return value 0)
		Usr 0 00:00:21, Sys 0 00:00:02  -  Run Remote Usage
		Usr 0 00:00:00, Sys 0 00:00:00  -  Run Local Usage
		Usr 0 00:00:21, Sys 0 00:00:02  -  Total Remote Usage
		Usr 0 00:00:00, Sys 0 00:00:00  -  Total Local Usage
	18533  -  Run Bytes Sent By Job
	0  -  Run Bytes Received By Job
	18533  -  Total Bytes Sent By Job
	0  -  Total Bytes Received By Job
	Partitionable Resources :    Usage  Request Allocated 
	   Cpus                 :                 1         1 
	   Disk (KB)            :       90        2    312193 
	   Memory (MB)          :      700     2048      2048 

	Job terminated of its own accord at 2023-12-14T10:23:32Z with exit-code 0.
...
