000 (1972811.000.000) 2023-12-14 02:17:49 Job submitted from host: <172.24.33.226:11547?addrs=172.24.33.226-11547&alias=sdfrome002.sdf.slac.stanford.edu>
    DAG Node: d5fb7222-f1bd-4581-b64c-e7666aa741b7_ptcIsr_2023111101495_23
...
040 (1972811.000.000) 2023-12-14 02:29:05 Finished transferring input files
...
001 (1972811.000.000) 2023-12-14 02:29:06 Job executing on host: <172.24.33.213:43829?CCBID=172.24.33.225:9618%3faddrs%3d172.24.33.225-9618%26alias%3dsdfrome001.sdf.slac.stanford.edu#6220038&PrivNet=sdfrome022.sdf.slac.stanford.edu&addrs=172.24.33.213-43829&alias=sdfrome022.sdf.slac.stanford.edu>
	SlotName: slot_abrought_31850_1_13@sdfrome022.sdf.slac.stanford.edu
...
006 (1972811.000.000) 2023-12-14 02:29:15 Image size of job updated: 341524
	127  -  MemoryUsage of job (MB)
	129836  -  ResidentSetSize of job (KB)
...
006 (1972811.000.000) 2023-12-14 02:29:53 Image size of job updated: 2035012
	593  -  MemoryUsage of job (MB)
	606980  -  ResidentSetSize of job (KB)
...
040 (1972811.000.000) 2023-12-14 02:29:53 Started transferring output files
...
040 (1972811.000.000) 2023-12-14 02:29:53 Finished transferring output files
...
005 (1972811.000.000) 2023-12-14 02:29:53 Job terminated.
	(1) Normal termination (return value 0)
		Usr 0 00:00:23, Sys 0 00:00:04  -  Run Remote Usage
		Usr 0 00:00:00, Sys 0 00:00:00  -  Run Local Usage
		Usr 0 00:00:23, Sys 0 00:00:04  -  Total Remote Usage
		Usr 0 00:00:00, Sys 0 00:00:00  -  Total Local Usage
	18533  -  Run Bytes Sent By Job
	0  -  Run Bytes Received By Job
	18533  -  Total Bytes Sent By Job
	0  -  Total Bytes Received By Job
	Partitionable Resources :    Usage  Request Allocated 
	   Cpus                 :     0.35        1         1 
	   Disk (KB)            :    96           2    312194 
	   Memory (MB)          :   593        2048      2048 

	Job terminated of its own accord at 2023-12-14T10:29:53Z with exit-code 0.
...
