000 (1973409.000.000) 2023-12-14 02:17:55 Job submitted from host: <172.24.33.226:11547?addrs=172.24.33.226-11547&alias=sdfrome002.sdf.slac.stanford.edu>
    DAG Node: d9b467b7-c1ae-4f96-a8f6-f30be5687ac8_ptcIsr_2023111101260_23
...
040 (1973409.000.000) 2023-12-14 02:30:36 Finished transferring input files
...
001 (1973409.000.000) 2023-12-14 02:30:36 Job executing on host: <172.24.33.213:43829?CCBID=172.24.33.225:9618%3faddrs%3d172.24.33.225-9618%26alias%3dsdfrome001.sdf.slac.stanford.edu#6220038&PrivNet=sdfrome022.sdf.slac.stanford.edu&addrs=172.24.33.213-43829&alias=sdfrome022.sdf.slac.stanford.edu>
	SlotName: slot_abrought_31850_1_4@sdfrome022.sdf.slac.stanford.edu
...
006 (1973409.000.000) 2023-12-14 02:30:44 Image size of job updated: 271280
	66  -  MemoryUsage of job (MB)
	66696  -  ResidentSetSize of job (KB)
...
006 (1973409.000.000) 2023-12-14 02:31:26 Image size of job updated: 2245044
	66  -  MemoryUsage of job (MB)
	66696  -  ResidentSetSize of job (KB)
...
040 (1973409.000.000) 2023-12-14 02:31:26 Started transferring output files
...
040 (1973409.000.000) 2023-12-14 02:31:26 Finished transferring output files
...
005 (1973409.000.000) 2023-12-14 02:31:26 Job terminated.
	(1) Normal termination (return value 0)
		Usr 0 00:00:23, Sys 0 00:00:04  -  Run Remote Usage
		Usr 0 00:00:00, Sys 0 00:00:00  -  Run Local Usage
		Usr 0 00:00:23, Sys 0 00:00:04  -  Total Remote Usage
		Usr 0 00:00:00, Sys 0 00:00:00  -  Total Local Usage
	19075  -  Run Bytes Sent By Job
	0  -  Run Bytes Received By Job
	19075  -  Total Bytes Sent By Job
	0  -  Total Bytes Received By Job
	Partitionable Resources :    Usage  Request Allocated 
	   Cpus                 :                 1         1 
	   Disk (KB)            :       91        2    312194 
	   Memory (MB)          :       66     2048      2048 

	Job terminated of its own accord at 2023-12-14T10:31:26Z with exit-code 0.
...
