000 (1972762.000.000) 2023-12-14 02:17:48 Job submitted from host: <172.24.33.226:11547?addrs=172.24.33.226-11547&alias=sdfrome002.sdf.slac.stanford.edu>
    DAG Node: ef46ec30-1f3f-4700-b9cc-0f3742397699_ptcIsr_2023111300864_23
...
040 (1972762.000.000) 2023-12-14 02:28:54 Finished transferring input files
...
001 (1972762.000.000) 2023-12-14 02:28:54 Job executing on host: <172.24.48.193:46283?CCBID=172.24.33.225:9618%3faddrs%3d172.24.33.225-9618%26alias%3dsdfrome001.sdf.slac.stanford.edu#6219697&PrivNet=sdfmilan121.sdf.slac.stanford.edu&addrs=172.24.48.193-46283&alias=sdfmilan121.sdf.slac.stanford.edu>
	SlotName: slot_abrought_10210_1_16@sdfmilan121.sdf.slac.stanford.edu
...
006 (1972762.000.000) 2023-12-14 02:29:03 Image size of job updated: 292292
	85  -  MemoryUsage of job (MB)
	86592  -  ResidentSetSize of job (KB)
...
006 (1972762.000.000) 2023-12-14 02:29:49 Image size of job updated: 2195756
	85  -  MemoryUsage of job (MB)
	86592  -  ResidentSetSize of job (KB)
...
040 (1972762.000.000) 2023-12-14 02:29:49 Started transferring output files
...
040 (1972762.000.000) 2023-12-14 02:29:49 Finished transferring output files
...
005 (1972762.000.000) 2023-12-14 02:29:49 Job terminated.
	(1) Normal termination (return value 0)
		Usr 0 00:00:23, Sys 0 00:00:03  -  Run Remote Usage
		Usr 0 00:00:00, Sys 0 00:00:00  -  Run Local Usage
		Usr 0 00:00:23, Sys 0 00:00:03  -  Total Remote Usage
		Usr 0 00:00:00, Sys 0 00:00:00  -  Total Local Usage
	19072  -  Run Bytes Sent By Job
	0  -  Run Bytes Received By Job
	19072  -  Total Bytes Sent By Job
	0  -  Total Bytes Received By Job
	Partitionable Resources :    Usage  Request Allocated 
	   Cpus                 :                 1         1 
	   Disk (KB)            :       91        2    311595 
	   Memory (MB)          :       85     2048      2048 

	Job terminated of its own accord at 2023-12-14T10:29:49Z with exit-code 0.
...
