000 (1970779.000.000) 2023-12-14 02:17:24 Job submitted from host: <172.24.33.226:11547?addrs=172.24.33.226-11547&alias=sdfrome002.sdf.slac.stanford.edu>
    DAG Node: 471bf855-9aab-4305-91e0-8c9b296e29ee_ptcIsr_2023111101831_23
...
040 (1970779.000.000) 2023-12-14 02:23:05 Finished transferring input files
...
001 (1970779.000.000) 2023-12-14 02:23:05 Job executing on host: <172.24.33.124:45647?CCBID=172.24.33.225:9618%3faddrs%3d172.24.33.225-9618%26alias%3dsdfrome001.sdf.slac.stanford.edu#6220016&PrivNet=sdfrome059.sdf.slac.stanford.edu&addrs=172.24.33.124-45647&alias=sdfrome059.sdf.slac.stanford.edu>
	SlotName: slot_abrought_13532_1_3@sdfrome059.sdf.slac.stanford.edu
...
006 (1970779.000.000) 2023-12-14 02:23:14 Image size of job updated: 69764
	19  -  MemoryUsage of job (MB)
	19008  -  ResidentSetSize of job (KB)
...
006 (1970779.000.000) 2023-12-14 02:26:09 Image size of job updated: 2045008
	19  -  MemoryUsage of job (MB)
	19008  -  ResidentSetSize of job (KB)
...
040 (1970779.000.000) 2023-12-14 02:26:10 Started transferring output files
...
040 (1970779.000.000) 2023-12-14 02:26:10 Finished transferring output files
...
005 (1970779.000.000) 2023-12-14 02:26:10 Job terminated.
	(1) Normal termination (return value 0)
		Usr 0 00:00:19, Sys 0 00:00:03  -  Run Remote Usage
		Usr 0 00:00:00, Sys 0 00:00:00  -  Run Local Usage
		Usr 0 00:00:19, Sys 0 00:00:03  -  Total Remote Usage
		Usr 0 00:00:00, Sys 0 00:00:00  -  Total Local Usage
	18804  -  Run Bytes Sent By Job
	0  -  Run Bytes Received By Job
	18804  -  Total Bytes Sent By Job
	0  -  Total Bytes Received By Job
	Partitionable Resources :    Usage  Request Allocated 
	   Cpus                 :     0.13        1         1 
	   Disk (KB)            :    97           2    312194 
	   Memory (MB)          :    19        2048      2048 

	Job terminated of its own accord at 2023-12-14T10:26:09Z with exit-code 0.
...
