000 (1970364.000.000) 2023-12-14 02:17:18 Job submitted from host: <172.24.33.226:11547?addrs=172.24.33.226-11547&alias=sdfrome002.sdf.slac.stanford.edu>
    DAG Node: a5e0e94f-c079-4ffe-8dc1-9b6cb2b3d96b_ptcIsr_2023111101644_23
...
040 (1970364.000.000) 2023-12-14 02:21:35 Finished transferring input files
...
001 (1970364.000.000) 2023-12-14 02:21:35 Job executing on host: <172.24.33.213:33037?CCBID=172.24.33.225:9618%3faddrs%3d172.24.33.225-9618%26alias%3dsdfrome001.sdf.slac.stanford.edu#6220039&PrivNet=sdfrome022.sdf.slac.stanford.edu&addrs=172.24.33.213-33037&alias=sdfrome022.sdf.slac.stanford.edu>
	SlotName: slot_abrought_15721_1_8@sdfrome022.sdf.slac.stanford.edu
...
006 (1970364.000.000) 2023-12-14 02:21:44 Image size of job updated: 271112
	65  -  MemoryUsage of job (MB)
	66272  -  ResidentSetSize of job (KB)
...
006 (1970364.000.000) 2023-12-14 02:23:08 Image size of job updated: 2216856
	666  -  MemoryUsage of job (MB)
	681944  -  ResidentSetSize of job (KB)
...
040 (1970364.000.000) 2023-12-14 02:23:08 Started transferring output files
...
040 (1970364.000.000) 2023-12-14 02:23:08 Finished transferring output files
...
005 (1970364.000.000) 2023-12-14 02:23:08 Job terminated.
	(1) Normal termination (return value 0)
		Usr 0 00:00:22, Sys 0 00:00:04  -  Run Remote Usage
		Usr 0 00:00:00, Sys 0 00:00:00  -  Run Local Usage
		Usr 0 00:00:22, Sys 0 00:00:04  -  Total Remote Usage
		Usr 0 00:00:00, Sys 0 00:00:00  -  Total Local Usage
	19073  -  Run Bytes Sent By Job
	0  -  Run Bytes Received By Job
	19073  -  Total Bytes Sent By Job
	0  -  Total Bytes Received By Job
	Partitionable Resources :    Usage  Request Allocated 
	   Cpus                 :                 1         1 
	   Disk (KB)            :       91        2    312194 
	   Memory (MB)          :      666     2048      2048 

	Job terminated of its own accord at 2023-12-14T10:23:08Z with exit-code 0.
...
