000 (1973326.000.000) 2023-12-14 02:17:55 Job submitted from host: <172.24.33.226:11547?addrs=172.24.33.226-11547&alias=sdfrome002.sdf.slac.stanford.edu>
    DAG Node: 84d6c1bb-c30f-4153-bb1c-c92aac3c9c5a_ptcIsr_2023111101899_23
...
040 (1973326.000.000) 2023-12-14 02:30:21 Finished transferring input files
...
001 (1973326.000.000) 2023-12-14 02:30:21 Job executing on host: <172.24.33.124:39661?CCBID=172.24.33.225:9618%3faddrs%3d172.24.33.225-9618%26alias%3dsdfrome001.sdf.slac.stanford.edu#6220018&PrivNet=sdfrome059.sdf.slac.stanford.edu&addrs=172.24.33.124-39661&alias=sdfrome059.sdf.slac.stanford.edu>
	SlotName: slot_abrought_25802_1_22@sdfrome059.sdf.slac.stanford.edu
...
006 (1973326.000.000) 2023-12-14 02:30:30 Image size of job updated: 342712
	128  -  MemoryUsage of job (MB)
	130728  -  ResidentSetSize of job (KB)
...
006 (1973326.000.000) 2023-12-14 02:31:07 Image size of job updated: 2089036
	1282  -  MemoryUsage of job (MB)
	1311996  -  ResidentSetSize of job (KB)
...
040 (1973326.000.000) 2023-12-14 02:31:07 Started transferring output files
...
040 (1973326.000.000) 2023-12-14 02:31:07 Finished transferring output files
...
005 (1973326.000.000) 2023-12-14 02:31:07 Job terminated.
	(1) Normal termination (return value 0)
		Usr 0 00:00:19, Sys 0 00:00:04  -  Run Remote Usage
		Usr 0 00:00:00, Sys 0 00:00:00  -  Run Local Usage
		Usr 0 00:00:19, Sys 0 00:00:04  -  Total Remote Usage
		Usr 0 00:00:00, Sys 0 00:00:00  -  Total Local Usage
	19073  -  Run Bytes Sent By Job
	0  -  Run Bytes Received By Job
	19073  -  Total Bytes Sent By Job
	0  -  Total Bytes Received By Job
	Partitionable Resources :    Usage  Request Allocated 
	   Cpus                 :                 1         1 
	   Disk (KB)            :       91        2    312194 
	   Memory (MB)          :     1282     2048      2048 

	Job terminated of its own accord at 2023-12-14T10:31:07Z with exit-code 0.
...
