000 (1973596.000.000) 2023-12-14 15:57:13 Job submitted from host: <172.24.33.226:11547?addrs=172.24.33.226-11547&alias=sdfrome002.sdf.slac.stanford.edu>
    DAG Node: 5112a78d-ed36-491d-8aea-b0972bd26d13_ptcSolve_23
...
040 (1973596.000.000) 2023-12-14 15:57:13 Finished transferring input files
...
001 (1973596.000.000) 2023-12-14 15:57:13 Job executing on host: <172.24.33.148:44217?CCBID=172.24.33.225:9618%3faddrs%3d172.24.33.225-9618%26alias%3dsdfrome001.sdf.slac.stanford.edu#6369302&PrivNet=sdfrome083.sdf.slac.stanford.edu&addrs=172.24.33.148-44217&alias=sdfrome083.sdf.slac.stanford.edu>
	SlotName: slot_abrought_29039_1_1@sdfrome083.sdf.slac.stanford.edu
...
006 (1973596.000.000) 2023-12-14 15:57:22 Image size of job updated: 1409560
	357  -  MemoryUsage of job (MB)
	365432  -  ResidentSetSize of job (KB)
...
006 (1973596.000.000) 2023-12-14 16:02:23 Image size of job updated: 2264296
	1199  -  MemoryUsage of job (MB)
	1227044  -  ResidentSetSize of job (KB)
...
006 (1973596.000.000) 2023-12-14 16:12:23 Image size of job updated: 2290616
	1205  -  MemoryUsage of job (MB)
	1233208  -  ResidentSetSize of job (KB)
...
040 (1973596.000.000) 2023-12-14 16:19:36 Started transferring output files
...
040 (1973596.000.000) 2023-12-14 16:19:36 Finished transferring output files
...
005 (1973596.000.000) 2023-12-14 16:19:36 Job terminated.
	(1) Normal termination (return value 0)
		Usr 0 00:21:32, Sys 0 00:00:02  -  Run Remote Usage
		Usr 0 00:00:00, Sys 0 00:00:00  -  Run Local Usage
		Usr 0 00:21:32, Sys 0 00:00:02  -  Total Remote Usage
		Usr 0 00:00:00, Sys 0 00:00:00  -  Total Local Usage
	7718  -  Run Bytes Sent By Job
	0  -  Run Bytes Received By Job
	7718  -  Total Bytes Sent By Job
	0  -  Total Bytes Received By Job
	Partitionable Resources :    Usage  Request Allocated 
	   Cpus                 :     1.00        1         1 
	   Disk (KB)            :    86           2    312192 
	   Memory (MB)          :  1205        2048      2048 

	Job terminated of its own accord at 2023-12-15T00:19:36Z with exit-code 0.
...
