000 (1973234.000.000) 2023-12-14 02:17:54 Job submitted from host: <172.24.33.226:11547?addrs=172.24.33.226-11547&alias=sdfrome002.sdf.slac.stanford.edu>
    DAG Node: 9875219d-846c-4a27-839c-f1f339101e1b_ptcIsr_2023111300441_23
...
040 (1973234.000.000) 2023-12-14 02:30:07 Finished transferring input files
...
001 (1973234.000.000) 2023-12-14 02:30:07 Job executing on host: <172.24.33.213:41467?CCBID=172.24.33.225:9618%3faddrs%3d172.24.33.225-9618%26alias%3dsdfrome001.sdf.slac.stanford.edu#6220037&PrivNet=sdfrome022.sdf.slac.stanford.edu&addrs=172.24.33.213-41467&alias=sdfrome022.sdf.slac.stanford.edu>
	SlotName: slot_abrought_435_1_3@sdfrome022.sdf.slac.stanford.edu
...
006 (1973234.000.000) 2023-12-14 02:30:17 Image size of job updated: 271120
	66  -  MemoryUsage of job (MB)
	66760  -  ResidentSetSize of job (KB)
...
006 (1973234.000.000) 2023-12-14 02:31:02 Image size of job updated: 2134688
	66  -  MemoryUsage of job (MB)
	66760  -  ResidentSetSize of job (KB)
...
040 (1973234.000.000) 2023-12-14 02:31:03 Started transferring output files
...
040 (1973234.000.000) 2023-12-14 02:31:03 Finished transferring output files
...
005 (1973234.000.000) 2023-12-14 02:31:03 Job terminated.
	(1) Normal termination (return value 0)
		Usr 0 00:00:23, Sys 0 00:00:03  -  Run Remote Usage
		Usr 0 00:00:00, Sys 0 00:00:00  -  Run Local Usage
		Usr 0 00:00:23, Sys 0 00:00:03  -  Total Remote Usage
		Usr 0 00:00:00, Sys 0 00:00:00  -  Total Local Usage
	19072  -  Run Bytes Sent By Job
	0  -  Run Bytes Received By Job
	19072  -  Total Bytes Sent By Job
	0  -  Total Bytes Received By Job
	Partitionable Resources :    Usage  Request Allocated 
	   Cpus                 :                 1         1 
	   Disk (KB)            :       91        2    312194 
	   Memory (MB)          :       66     2048      2048 

	Job terminated of its own accord at 2023-12-14T10:31:02Z with exit-code 0.
...
