000 (1971457.000.000) 2023-12-14 02:17:31 Job submitted from host: <172.24.33.226:11547?addrs=172.24.33.226-11547&alias=sdfrome002.sdf.slac.stanford.edu>
    DAG Node: fe1e63ab-aa6f-4d6c-86e3-4524c326e8c6_ptcIsr_2023111201130_23
...
040 (1971457.000.000) 2023-12-14 02:25:11 Finished transferring input files
...
001 (1971457.000.000) 2023-12-14 02:25:12 Job executing on host: <172.24.48.197:44589?CCBID=172.24.33.225:9618%3faddrs%3d172.24.33.225-9618%26alias%3dsdfrome001.sdf.slac.stanford.edu#6220121&PrivNet=sdfmilan125.sdf.slac.stanford.edu&addrs=172.24.48.197-44589&alias=sdfmilan125.sdf.slac.stanford.edu>
	SlotName: slot_abrought_7640_1_1@sdfmilan125.sdf.slac.stanford.edu
...
006 (1971457.000.000) 2023-12-14 02:25:22 Image size of job updated: 285544
	78  -  MemoryUsage of job (MB)
	79524  -  ResidentSetSize of job (KB)
...
006 (1971457.000.000) 2023-12-14 02:29:24 Image size of job updated: 2087340
	78  -  MemoryUsage of job (MB)
	79524  -  ResidentSetSize of job (KB)
...
040 (1971457.000.000) 2023-12-14 02:29:25 Started transferring output files
...
040 (1971457.000.000) 2023-12-14 02:29:25 Finished transferring output files
...
005 (1971457.000.000) 2023-12-14 02:29:25 Job terminated.
	(1) Normal termination (return value 0)
		Usr 0 00:00:21, Sys 0 00:00:02  -  Run Remote Usage
		Usr 0 00:00:00, Sys 0 00:00:00  -  Run Local Usage
		Usr 0 00:00:21, Sys 0 00:00:02  -  Total Remote Usage
		Usr 0 00:00:00, Sys 0 00:00:00  -  Total Local Usage
	18804  -  Run Bytes Sent By Job
	0  -  Run Bytes Received By Job
	18804  -  Total Bytes Sent By Job
	0  -  Total Bytes Received By Job
	Partitionable Resources :    Usage  Request Allocated 
	   Cpus                 :                 1         1 
	   Disk (KB)            :       90        2    305890 
	   Memory (MB)          :       78     2048      2048 

	Job terminated of its own accord at 2023-12-14T10:29:24Z with exit-code 0.
...
