000 (1972170.000.000) 2023-12-14 02:17:42 Job submitted from host: <172.24.33.226:11547?addrs=172.24.33.226-11547&alias=sdfrome002.sdf.slac.stanford.edu>
    DAG Node: 504a69e2-8841-4292-9329-6b92f68bc8ea_ptcIsr_2023111202921_23
...
040 (1972170.000.000) 2023-12-14 02:27:07 Finished transferring input files
...
001 (1972170.000.000) 2023-12-14 02:27:07 Job executing on host: <172.24.33.213:43829?CCBID=172.24.33.225:9618%3faddrs%3d172.24.33.225-9618%26alias%3dsdfrome001.sdf.slac.stanford.edu#6220038&PrivNet=sdfrome022.sdf.slac.stanford.edu&addrs=172.24.33.213-43829&alias=sdfrome022.sdf.slac.stanford.edu>
	SlotName: slot_abrought_31850_1_11@sdfrome022.sdf.slac.stanford.edu
...
006 (1972170.000.000) 2023-12-14 02:27:16 Image size of job updated: 315240
	105  -  MemoryUsage of job (MB)
	107512  -  ResidentSetSize of job (KB)
...
006 (1972170.000.000) 2023-12-14 02:27:57 Image size of job updated: 2209516
	660  -  MemoryUsage of job (MB)
	675404  -  ResidentSetSize of job (KB)
...
040 (1972170.000.000) 2023-12-14 02:27:57 Started transferring output files
...
040 (1972170.000.000) 2023-12-14 02:27:57 Finished transferring output files
...
005 (1972170.000.000) 2023-12-14 02:27:57 Job terminated.
	(1) Normal termination (return value 0)
		Usr 0 00:00:24, Sys 0 00:00:03  -  Run Remote Usage
		Usr 0 00:00:00, Sys 0 00:00:00  -  Run Local Usage
		Usr 0 00:00:24, Sys 0 00:00:03  -  Total Remote Usage
		Usr 0 00:00:00, Sys 0 00:00:00  -  Total Local Usage
	19073  -  Run Bytes Sent By Job
	0  -  Run Bytes Received By Job
	19073  -  Total Bytes Sent By Job
	0  -  Total Bytes Received By Job
	Partitionable Resources :    Usage  Request Allocated 
	   Cpus                 :                 1         1 
	   Disk (KB)            :       91        2    312194 
	   Memory (MB)          :      660     2048      2048 

	Job terminated of its own accord at 2023-12-14T10:27:57Z with exit-code 0.
...
