000 (1969984.000.000) 2023-12-14 02:17:13 Job submitted from host: <172.24.33.226:11547?addrs=172.24.33.226-11547&alias=sdfrome002.sdf.slac.stanford.edu>
    DAG Node: f98dfd7d-5dca-4394-9664-33c7be88fce4_ptcIsr_2023111200459_23
...
040 (1969984.000.000) 2023-12-14 02:20:13 Finished transferring input files
...
001 (1969984.000.000) 2023-12-14 02:20:13 Job executing on host: <172.24.33.124:39697?CCBID=172.24.33.225:9618%3faddrs%3d172.24.33.225-9618%26alias%3dsdfrome001.sdf.slac.stanford.edu#6220015&PrivNet=sdfrome059.sdf.slac.stanford.edu&addrs=172.24.33.124-39697&alias=sdfrome059.sdf.slac.stanford.edu>
	SlotName: slot_abrought_7836_1_23@sdfrome059.sdf.slac.stanford.edu
...
006 (1969984.000.000) 2023-12-14 02:20:22 Image size of job updated: 2
	5  -  MemoryUsage of job (MB)
	4932  -  ResidentSetSize of job (KB)
...
006 (1969984.000.000) 2023-12-14 02:21:28 Image size of job updated: 2318744
	646  -  MemoryUsage of job (MB)
	660952  -  ResidentSetSize of job (KB)
...
040 (1969984.000.000) 2023-12-14 02:21:28 Started transferring output files
...
040 (1969984.000.000) 2023-12-14 02:21:28 Finished transferring output files
...
005 (1969984.000.000) 2023-12-14 02:21:28 Job terminated.
	(1) Normal termination (return value 0)
		Usr 0 00:00:21, Sys 0 00:00:08  -  Run Remote Usage
		Usr 0 00:00:00, Sys 0 00:00:00  -  Run Local Usage
		Usr 0 00:00:21, Sys 0 00:00:08  -  Total Remote Usage
		Usr 0 00:00:00, Sys 0 00:00:00  -  Total Local Usage
	18804  -  Run Bytes Sent By Job
	0  -  Run Bytes Received By Job
	18804  -  Total Bytes Sent By Job
	0  -  Total Bytes Received By Job
	Partitionable Resources :    Usage  Request Allocated 
	   Cpus                 :                 1         1 
	   Disk (KB)            :       90        2    312194 
	   Memory (MB)          :      646     2048      2048 

	Job terminated of its own accord at 2023-12-14T10:21:28Z with exit-code 0.
...
