000 (1969903.000.000) 2023-12-14 02:17:13 Job submitted from host: <172.24.33.226:11547?addrs=172.24.33.226-11547&alias=sdfrome002.sdf.slac.stanford.edu>
    DAG Node: 0ce7cd35-cd4b-4bf2-a525-47d66bcf998d_ptcIsr_2023111200684_23
...
040 (1969903.000.000) 2023-12-14 02:20:12 Finished transferring input files
...
001 (1969903.000.000) 2023-12-14 02:20:12 Job executing on host: <172.24.33.147:42953?CCBID=172.24.33.225:9618%3faddrs%3d172.24.33.225-9618%26alias%3dsdfrome001.sdf.slac.stanford.edu#6219703&PrivNet=sdfrome082.sdf.slac.stanford.edu&addrs=172.24.33.147-42953&alias=sdfrome082.sdf.slac.stanford.edu>
	SlotName: slot_abrought_48_1_7@sdfrome082.sdf.slac.stanford.edu
...
006 (1969903.000.000) 2023-12-14 02:20:21 Image size of job updated: 280760
	74  -  MemoryUsage of job (MB)
	75212  -  ResidentSetSize of job (KB)
...
006 (1969903.000.000) 2023-12-14 02:21:03 Image size of job updated: 2050092
	618  -  MemoryUsage of job (MB)
	631896  -  ResidentSetSize of job (KB)
...
040 (1969903.000.000) 2023-12-14 02:21:03 Started transferring output files
...
040 (1969903.000.000) 2023-12-14 02:21:03 Finished transferring output files
...
005 (1969903.000.000) 2023-12-14 02:21:03 Job terminated.
	(1) Normal termination (return value 0)
		Usr 0 00:00:21, Sys 0 00:00:03  -  Run Remote Usage
		Usr 0 00:00:00, Sys 0 00:00:00  -  Run Local Usage
		Usr 0 00:00:21, Sys 0 00:00:03  -  Total Remote Usage
		Usr 0 00:00:00, Sys 0 00:00:00  -  Total Local Usage
	18805  -  Run Bytes Sent By Job
	0  -  Run Bytes Received By Job
	18805  -  Total Bytes Sent By Job
	0  -  Total Bytes Received By Job
	Partitionable Resources :    Usage  Request Allocated 
	   Cpus                 :                 1         1 
	   Disk (KB)            :       90        2    312116 
	   Memory (MB)          :      618     2048      2048 

	Job terminated of its own accord at 2023-12-14T10:21:03Z with exit-code 0.
...
