000 (1973383.000.000) 2023-12-14 02:17:55 Job submitted from host: <172.24.33.226:11547?addrs=172.24.33.226-11547&alias=sdfrome002.sdf.slac.stanford.edu>
    DAG Node: 7f30e0f9-5bea-4870-b30d-228bcfa03be2_ptcIsr_2023111101950_23
...
040 (1973383.000.000) 2023-12-14 02:30:32 Finished transferring input files
...
001 (1973383.000.000) 2023-12-14 02:30:32 Job executing on host: <172.24.33.143:42517?CCBID=172.24.33.225:9618%3faddrs%3d172.24.33.225-9618%26alias%3dsdfrome001.sdf.slac.stanford.edu#6220496&PrivNet=sdfrome078.sdf.slac.stanford.edu&addrs=172.24.33.143-42517&alias=sdfrome078.sdf.slac.stanford.edu>
	SlotName: slot_abrought_19079_1_5@sdfrome078.sdf.slac.stanford.edu
...
006 (1973383.000.000) 2023-12-14 02:30:40 Image size of job updated: 323176
	111  -  MemoryUsage of job (MB)
	113108  -  ResidentSetSize of job (KB)
...
006 (1973383.000.000) 2023-12-14 02:31:14 Image size of job updated: 2068252
	1306  -  MemoryUsage of job (MB)
	1337156  -  ResidentSetSize of job (KB)
...
040 (1973383.000.000) 2023-12-14 02:31:14 Started transferring output files
...
040 (1973383.000.000) 2023-12-14 02:31:14 Finished transferring output files
...
005 (1973383.000.000) 2023-12-14 02:31:14 Job terminated.
	(1) Normal termination (return value 0)
		Usr 0 00:00:21, Sys 0 00:00:03  -  Run Remote Usage
		Usr 0 00:00:00, Sys 0 00:00:00  -  Run Local Usage
		Usr 0 00:00:21, Sys 0 00:00:03  -  Total Remote Usage
		Usr 0 00:00:00, Sys 0 00:00:00  -  Total Local Usage
	18801  -  Run Bytes Sent By Job
	0  -  Run Bytes Received By Job
	18801  -  Total Bytes Sent By Job
	0  -  Total Bytes Received By Job
	Partitionable Resources :    Usage  Request Allocated 
	   Cpus                 :     0.21        1         1 
	   Disk (KB)            :    97           2    312194 
	   Memory (MB)          :  1306        2048      2048 

	Job terminated of its own accord at 2023-12-14T10:31:14Z with exit-code 0.
...
