000 (1970771.000.000) 2023-12-14 02:17:24 Job submitted from host: <172.24.33.226:11547?addrs=172.24.33.226-11547&alias=sdfrome002.sdf.slac.stanford.edu>
    DAG Node: c97e93b0-d443-493c-beb6-10457c9fb80b_ptcIsr_2023111101923_23
...
040 (1970771.000.000) 2023-12-14 02:23:05 Finished transferring input files
...
001 (1970771.000.000) 2023-12-14 02:23:05 Job executing on host: <172.24.33.213:33037?CCBID=172.24.33.225:9618%3faddrs%3d172.24.33.225-9618%26alias%3dsdfrome001.sdf.slac.stanford.edu#6220039&PrivNet=sdfrome022.sdf.slac.stanford.edu&addrs=172.24.33.213-33037&alias=sdfrome022.sdf.slac.stanford.edu>
	SlotName: slot_abrought_15721_1_5@sdfrome022.sdf.slac.stanford.edu
...
006 (1970771.000.000) 2023-12-14 02:23:14 Image size of job updated: 281536
	75  -  MemoryUsage of job (MB)
	76260  -  ResidentSetSize of job (KB)
...
006 (1970771.000.000) 2023-12-14 02:24:15 Image size of job updated: 2131076
	662  -  MemoryUsage of job (MB)
	677844  -  ResidentSetSize of job (KB)
...
040 (1970771.000.000) 2023-12-14 02:24:16 Started transferring output files
...
040 (1970771.000.000) 2023-12-14 02:24:16 Finished transferring output files
...
005 (1970771.000.000) 2023-12-14 02:24:17 Job terminated.
	(1) Normal termination (return value 0)
		Usr 0 00:00:21, Sys 0 00:00:03  -  Run Remote Usage
		Usr 0 00:00:00, Sys 0 00:00:00  -  Run Local Usage
		Usr 0 00:00:21, Sys 0 00:00:03  -  Total Remote Usage
		Usr 0 00:00:00, Sys 0 00:00:00  -  Total Local Usage
	18804  -  Run Bytes Sent By Job
	0  -  Run Bytes Received By Job
	18804  -  Total Bytes Sent By Job
	0  -  Total Bytes Received By Job
	Partitionable Resources :    Usage  Request Allocated 
	   Cpus                 :     0.80        1         1 
	   Disk (KB)            :    97           2    312194 
	   Memory (MB)          :   662        2048      2048 

	Job terminated of its own accord at 2023-12-14T10:24:15Z with exit-code 0.
...
