000 (1969928.000.000) 2023-12-14 02:17:13 Job submitted from host: <172.24.33.226:11547?addrs=172.24.33.226-11547&alias=sdfrome002.sdf.slac.stanford.edu>
    DAG Node: 7abc7c81-bfe7-4349-9293-78e62faf26ea_ptcIsr_2023111200626_23
...
040 (1969928.000.000) 2023-12-14 02:20:14 Finished transferring input files
...
001 (1969928.000.000) 2023-12-14 02:20:14 Job executing on host: <172.24.33.213:34935?CCBID=172.24.33.225:9618%3faddrs%3d172.24.33.225-9618%26alias%3dsdfrome001.sdf.slac.stanford.edu#6220035&PrivNet=sdfrome022.sdf.slac.stanford.edu&addrs=172.24.33.213-34935&alias=sdfrome022.sdf.slac.stanford.edu>
	SlotName: slot_abrought_12392_1_16@sdfrome022.sdf.slac.stanford.edu
...
006 (1969928.000.000) 2023-12-14 02:20:22 Image size of job updated: 6300
	1  -  MemoryUsage of job (MB)
	60  -  ResidentSetSize of job (KB)
...
006 (1969928.000.000) 2023-12-14 02:25:23 Image size of job updated: 2118780
	1284  -  MemoryUsage of job (MB)
	1313832  -  ResidentSetSize of job (KB)
...
040 (1969928.000.000) 2023-12-14 02:25:43 Started transferring output files
...
040 (1969928.000.000) 2023-12-14 02:25:43 Finished transferring output files
...
005 (1969928.000.000) 2023-12-14 02:25:43 Job terminated.
	(1) Normal termination (return value 0)
		Usr 0 00:00:20, Sys 0 00:00:04  -  Run Remote Usage
		Usr 0 00:00:00, Sys 0 00:00:00  -  Run Local Usage
		Usr 0 00:00:20, Sys 0 00:00:04  -  Total Remote Usage
		Usr 0 00:00:00, Sys 0 00:00:00  -  Total Local Usage
	19074  -  Run Bytes Sent By Job
	0  -  Run Bytes Received By Job
	19074  -  Total Bytes Sent By Job
	0  -  Total Bytes Received By Job
	Partitionable Resources :    Usage  Request Allocated 
	   Cpus                 :     0.08        1         1 
	   Disk (KB)            : 25557           2    312194 
	   Memory (MB)          :  1284        2048      2048 

	Job terminated of its own accord at 2023-12-14T10:25:42Z with exit-code 0.
...
