000 (1973243.000.000) 2023-12-14 02:17:54 Job submitted from host: <172.24.33.226:11547?addrs=172.24.33.226-11547&alias=sdfrome002.sdf.slac.stanford.edu>
    DAG Node: ac6afa4c-9dae-4c70-86e3-d40de9d78be0_ptcIsr_2023111301038_23
...
040 (1973243.000.000) 2023-12-14 02:30:08 Finished transferring input files
...
001 (1973243.000.000) 2023-12-14 02:30:08 Job executing on host: <172.24.33.143:42517?CCBID=172.24.33.225:9618%3faddrs%3d172.24.33.225-9618%26alias%3dsdfrome001.sdf.slac.stanford.edu#6220496&PrivNet=sdfrome078.sdf.slac.stanford.edu&addrs=172.24.33.143-42517&alias=sdfrome078.sdf.slac.stanford.edu>
	SlotName: slot_abrought_19079_1_22@sdfrome078.sdf.slac.stanford.edu
...
006 (1973243.000.000) 2023-12-14 02:30:17 Image size of job updated: 392656
	156  -  MemoryUsage of job (MB)
	159528  -  ResidentSetSize of job (KB)
...
006 (1973243.000.000) 2023-12-14 02:30:49 Image size of job updated: 2161500
	156  -  MemoryUsage of job (MB)
	159528  -  ResidentSetSize of job (KB)
...
040 (1973243.000.000) 2023-12-14 02:30:49 Started transferring output files
...
040 (1973243.000.000) 2023-12-14 02:30:49 Finished transferring output files
...
005 (1973243.000.000) 2023-12-14 02:30:49 Job terminated.
	(1) Normal termination (return value 0)
		Usr 0 00:00:25, Sys 0 00:00:04  -  Run Remote Usage
		Usr 0 00:00:00, Sys 0 00:00:00  -  Run Local Usage
		Usr 0 00:00:25, Sys 0 00:00:04  -  Total Remote Usage
		Usr 0 00:00:00, Sys 0 00:00:00  -  Total Local Usage
	19074  -  Run Bytes Sent By Job
	0  -  Run Bytes Received By Job
	19074  -  Total Bytes Sent By Job
	0  -  Total Bytes Received By Job
	Partitionable Resources :    Usage  Request Allocated 
	   Cpus                 :     0.94        1         1 
	   Disk (KB)            :    97           2    312194 
	   Memory (MB)          :   156        2048      2048 

	Job terminated of its own accord at 2023-12-14T10:30:49Z with exit-code 0.
...
