000 (1970048.000.000) 2023-12-14 02:17:17 Job submitted from host: <172.24.33.226:11547?addrs=172.24.33.226-11547&alias=sdfrome002.sdf.slac.stanford.edu>
    DAG Node: 292d5e00-ba91-4301-b388-8e8c860e894d_ptcIsr_2023111202468_23
...
040 (1970048.000.000) 2023-12-14 02:20:31 Finished transferring input files
...
001 (1970048.000.000) 2023-12-14 02:20:31 Job executing on host: <172.24.48.193:46283?CCBID=172.24.33.225:9618%3faddrs%3d172.24.33.225-9618%26alias%3dsdfrome001.sdf.slac.stanford.edu#6219697&PrivNet=sdfmilan121.sdf.slac.stanford.edu&addrs=172.24.48.193-46283&alias=sdfmilan121.sdf.slac.stanford.edu>
	SlotName: slot_abrought_10210_1_21@sdfmilan121.sdf.slac.stanford.edu
...
006 (1970048.000.000) 2023-12-14 02:20:39 Image size of job updated: 2
	6  -  MemoryUsage of job (MB)
	5324  -  ResidentSetSize of job (KB)
...
006 (1970048.000.000) 2023-12-14 02:21:31 Image size of job updated: 2115172
	6  -  MemoryUsage of job (MB)
	5324  -  ResidentSetSize of job (KB)
...
040 (1970048.000.000) 2023-12-14 02:21:31 Started transferring output files
...
040 (1970048.000.000) 2023-12-14 02:21:31 Finished transferring output files
...
005 (1970048.000.000) 2023-12-14 02:21:31 Job terminated.
	(1) Normal termination (return value 0)
		Usr 0 00:00:22, Sys 0 00:00:03  -  Run Remote Usage
		Usr 0 00:00:00, Sys 0 00:00:00  -  Run Local Usage
		Usr 0 00:00:22, Sys 0 00:00:03  -  Total Remote Usage
		Usr 0 00:00:00, Sys 0 00:00:00  -  Total Local Usage
	19073  -  Run Bytes Sent By Job
	0  -  Run Bytes Received By Job
	19073  -  Total Bytes Sent By Job
	0  -  Total Bytes Received By Job
	Partitionable Resources :    Usage  Request Allocated 
	   Cpus                 :                 1         1 
	   Disk (KB)            :       91        2    311595 
	   Memory (MB)          :        6     2048      2048 

	Job terminated of its own accord at 2023-12-14T10:21:31Z with exit-code 0.
...
