000 (1973433.000.000) 2023-12-14 02:17:57 Job submitted from host: <172.24.33.226:11547?addrs=172.24.33.226-11547&alias=sdfrome002.sdf.slac.stanford.edu>
    DAG Node: a6f296b6-fbd9-4089-a07a-5924a98bf381_ptcIsr_2023111201737_23
...
040 (1973433.000.000) 2023-12-14 02:30:40 Finished transferring input files
...
001 (1973433.000.000) 2023-12-14 02:30:40 Job executing on host: <172.24.33.213:41467?CCBID=172.24.33.225:9618%3faddrs%3d172.24.33.225-9618%26alias%3dsdfrome001.sdf.slac.stanford.edu#6220037&PrivNet=sdfrome022.sdf.slac.stanford.edu&addrs=172.24.33.213-41467&alias=sdfrome022.sdf.slac.stanford.edu>
	SlotName: slot_abrought_435_1_19@sdfrome022.sdf.slac.stanford.edu
...
006 (1973433.000.000) 2023-12-14 02:30:48 Image size of job updated: 279736
	73  -  MemoryUsage of job (MB)
	74504  -  ResidentSetSize of job (KB)
...
006 (1973433.000.000) 2023-12-14 02:31:33 Image size of job updated: 2130916
	659  -  MemoryUsage of job (MB)
	674084  -  ResidentSetSize of job (KB)
...
040 (1973433.000.000) 2023-12-14 02:31:33 Started transferring output files
...
040 (1973433.000.000) 2023-12-14 02:31:33 Finished transferring output files
...
005 (1973433.000.000) 2023-12-14 02:31:33 Job terminated.
	(1) Normal termination (return value 0)
		Usr 0 00:00:26, Sys 0 00:00:03  -  Run Remote Usage
		Usr 0 00:00:00, Sys 0 00:00:00  -  Run Local Usage
		Usr 0 00:00:26, Sys 0 00:00:03  -  Total Remote Usage
		Usr 0 00:00:00, Sys 0 00:00:00  -  Total Local Usage
	18802  -  Run Bytes Sent By Job
	0  -  Run Bytes Received By Job
	18802  -  Total Bytes Sent By Job
	0  -  Total Bytes Received By Job
	Partitionable Resources :    Usage  Request Allocated 
	   Cpus                 :                 1         1 
	   Disk (KB)            :       90        2    312194 
	   Memory (MB)          :      659     2048      2048 

	Job terminated of its own accord at 2023-12-14T10:31:33Z with exit-code 0.
...
