000 (1970611.000.000) 2023-12-14 02:17:24 Job submitted from host: <172.24.33.226:11547?addrs=172.24.33.226-11547&alias=sdfrome002.sdf.slac.stanford.edu>
    DAG Node: 9521b480-8c0b-47ea-87c9-e99ec5a8a2a2_ptcIsr_2023111202963_23
...
040 (1970611.000.000) 2023-12-14 02:22:31 Finished transferring input files
...
001 (1970611.000.000) 2023-12-14 02:22:31 Job executing on host: <172.24.33.124:44469?CCBID=172.24.33.225:9618%3faddrs%3d172.24.33.225-9618%26alias%3dsdfrome001.sdf.slac.stanford.edu#6220017&PrivNet=sdfrome059.sdf.slac.stanford.edu&addrs=172.24.33.124-44469&alias=sdfrome059.sdf.slac.stanford.edu>
	SlotName: slot_abrought_2668_1_11@sdfrome059.sdf.slac.stanford.edu
...
006 (1970611.000.000) 2023-12-14 02:22:40 Image size of job updated: 53424
	25  -  MemoryUsage of job (MB)
	24580  -  ResidentSetSize of job (KB)
...
006 (1970611.000.000) 2023-12-14 02:23:45 Image size of job updated: 2143656
	623  -  MemoryUsage of job (MB)
	637720  -  ResidentSetSize of job (KB)
...
040 (1970611.000.000) 2023-12-14 02:23:45 Started transferring output files
...
040 (1970611.000.000) 2023-12-14 02:23:45 Finished transferring output files
...
005 (1970611.000.000) 2023-12-14 02:23:45 Job terminated.
	(1) Normal termination (return value 0)
		Usr 0 00:00:20, Sys 0 00:00:05  -  Run Remote Usage
		Usr 0 00:00:00, Sys 0 00:00:00  -  Run Local Usage
		Usr 0 00:00:20, Sys 0 00:00:05  -  Total Remote Usage
		Usr 0 00:00:00, Sys 0 00:00:00  -  Total Local Usage
	18802  -  Run Bytes Sent By Job
	0  -  Run Bytes Received By Job
	18802  -  Total Bytes Sent By Job
	0  -  Total Bytes Received By Job
	Partitionable Resources :    Usage  Request Allocated 
	   Cpus                 :                 1         1 
	   Disk (KB)            :       90        2    312194 
	   Memory (MB)          :      623     2048      2048 

	Job terminated of its own accord at 2023-12-14T10:23:45Z with exit-code 0.
...
