000 (1971935.000.000) 2023-12-14 02:17:38 Job submitted from host: <172.24.33.226:11547?addrs=172.24.33.226-11547&alias=sdfrome002.sdf.slac.stanford.edu>
    DAG Node: ed26c334-8c57-4221-852b-37f8f6599c10_ptcIsr_2023111200291_23
...
040 (1971935.000.000) 2023-12-14 02:26:22 Finished transferring input files
...
001 (1971935.000.000) 2023-12-14 02:26:22 Job executing on host: <172.24.33.124:39697?CCBID=172.24.33.225:9618%3faddrs%3d172.24.33.225-9618%26alias%3dsdfrome001.sdf.slac.stanford.edu#6220015&PrivNet=sdfrome059.sdf.slac.stanford.edu&addrs=172.24.33.124-39697&alias=sdfrome059.sdf.slac.stanford.edu>
	SlotName: slot_abrought_7836_1_22@sdfrome059.sdf.slac.stanford.edu
...
006 (1971935.000.000) 2023-12-14 02:26:31 Image size of job updated: 337040
	124  -  MemoryUsage of job (MB)
	126752  -  ResidentSetSize of job (KB)
...
006 (1971935.000.000) 2023-12-14 02:27:18 Image size of job updated: 2104344
	621  -  MemoryUsage of job (MB)
	635464  -  ResidentSetSize of job (KB)
...
040 (1971935.000.000) 2023-12-14 02:27:18 Started transferring output files
...
040 (1971935.000.000) 2023-12-14 02:27:18 Finished transferring output files
...
005 (1971935.000.000) 2023-12-14 02:27:18 Job terminated.
	(1) Normal termination (return value 0)
		Usr 0 00:00:22, Sys 0 00:00:04  -  Run Remote Usage
		Usr 0 00:00:00, Sys 0 00:00:00  -  Run Local Usage
		Usr 0 00:00:22, Sys 0 00:00:04  -  Total Remote Usage
		Usr 0 00:00:00, Sys 0 00:00:00  -  Total Local Usage
	19073  -  Run Bytes Sent By Job
	0  -  Run Bytes Received By Job
	19073  -  Total Bytes Sent By Job
	0  -  Total Bytes Received By Job
	Partitionable Resources :    Usage  Request Allocated 
	   Cpus                 :                 1         1 
	   Disk (KB)            :       91        2    312194 
	   Memory (MB)          :      621     2048      2048 

	Job terminated of its own accord at 2023-12-14T10:27:18Z with exit-code 0.
...
