000 (1970845.000.000) 2023-12-14 02:17:25 Job submitted from host: <172.24.33.226:11547?addrs=172.24.33.226-11547&alias=sdfrome002.sdf.slac.stanford.edu>
    DAG Node: b0a05098-4324-4c25-a9cc-a1fe799701a3_ptcIsr_2023111203588_23
...
040 (1970845.000.000) 2023-12-14 02:23:15 Finished transferring input files
...
001 (1970845.000.000) 2023-12-14 02:23:15 Job executing on host: <172.24.48.185:41489?CCBID=172.24.33.225:9618%3faddrs%3d172.24.33.225-9618%26alias%3dsdfrome001.sdf.slac.stanford.edu#6219699&PrivNet=sdfmilan113.sdf.slac.stanford.edu&addrs=172.24.48.185-41489&alias=sdfmilan113.sdf.slac.stanford.edu>
	SlotName: slot_abrought_18623_1_20@sdfmilan113.sdf.slac.stanford.edu
...
006 (1970845.000.000) 2023-12-14 02:23:23 Image size of job updated: 280756
	74  -  MemoryUsage of job (MB)
	75108  -  ResidentSetSize of job (KB)
...
006 (1970845.000.000) 2023-12-14 02:24:23 Image size of job updated: 2164376
	612  -  MemoryUsage of job (MB)
	626220  -  ResidentSetSize of job (KB)
...
040 (1970845.000.000) 2023-12-14 02:24:23 Started transferring output files
...
040 (1970845.000.000) 2023-12-14 02:24:23 Finished transferring output files
...
005 (1970845.000.000) 2023-12-14 02:24:23 Job terminated.
	(1) Normal termination (return value 0)
		Usr 0 00:00:21, Sys 0 00:00:03  -  Run Remote Usage
		Usr 0 00:00:00, Sys 0 00:00:00  -  Run Local Usage
		Usr 0 00:00:21, Sys 0 00:00:03  -  Total Remote Usage
		Usr 0 00:00:00, Sys 0 00:00:00  -  Total Local Usage
	19073  -  Run Bytes Sent By Job
	0  -  Run Bytes Received By Job
	19073  -  Total Bytes Sent By Job
	0  -  Total Bytes Received By Job
	Partitionable Resources :    Usage  Request Allocated 
	   Cpus                 :                 1         1 
	   Disk (KB)            :       91        2    312194 
	   Memory (MB)          :      612     2048      2048 

	Job terminated of its own accord at 2023-12-14T10:24:23Z with exit-code 0.
...
