000 (1969744.000.000) 2023-12-14 02:17:12 Job submitted from host: <172.24.33.226:11547?addrs=172.24.33.226-11547&alias=sdfrome002.sdf.slac.stanford.edu>
    DAG Node: e953ef5e-b77a-4c1c-8008-be16e9ef879e_ptcIsr_2023111202741_23
...
040 (1969744.000.000) 2023-12-14 02:20:09 Finished transferring input files
...
001 (1969744.000.000) 2023-12-14 02:20:09 Job executing on host: <172.24.33.124:45647?CCBID=172.24.33.225:9618%3faddrs%3d172.24.33.225-9618%26alias%3dsdfrome001.sdf.slac.stanford.edu#6220016&PrivNet=sdfrome059.sdf.slac.stanford.edu&addrs=172.24.33.124-45647&alias=sdfrome059.sdf.slac.stanford.edu>
	SlotName: slot_abrought_13532_1_1@sdfrome059.sdf.slac.stanford.edu
...
006 (1969744.000.000) 2023-12-14 02:20:17 Image size of job updated: 283164
	75  -  MemoryUsage of job (MB)
	76792  -  ResidentSetSize of job (KB)
...
006 (1969744.000.000) 2023-12-14 02:23:04 Image size of job updated: 2081396
	621  -  MemoryUsage of job (MB)
	635380  -  ResidentSetSize of job (KB)
...
040 (1969744.000.000) 2023-12-14 02:23:04 Started transferring output files
...
040 (1969744.000.000) 2023-12-14 02:23:04 Finished transferring output files
...
005 (1969744.000.000) 2023-12-14 02:23:04 Job terminated.
	(1) Normal termination (return value 0)
		Usr 0 00:00:18, Sys 0 00:00:06  -  Run Remote Usage
		Usr 0 00:00:00, Sys 0 00:00:00  -  Run Local Usage
		Usr 0 00:00:18, Sys 0 00:00:06  -  Total Remote Usage
		Usr 0 00:00:00, Sys 0 00:00:00  -  Total Local Usage
	18806  -  Run Bytes Sent By Job
	0  -  Run Bytes Received By Job
	18806  -  Total Bytes Sent By Job
	0  -  Total Bytes Received By Job
	Partitionable Resources :    Usage  Request Allocated 
	   Cpus                 :                 1         1 
	   Disk (KB)            :       90        2    312194 
	   Memory (MB)          :      621     2048      2048 

	Job terminated of its own accord at 2023-12-14T10:23:04Z with exit-code 0.
...
