000 (1970645.000.000) 2023-12-14 02:17:24 Job submitted from host: <172.24.33.226:11547?addrs=172.24.33.226-11547&alias=sdfrome002.sdf.slac.stanford.edu>
    DAG Node: dbd3a48b-817c-492e-b564-301f1c9e9934_ptcIsr_2023111201998_23
...
040 (1970645.000.000) 2023-12-14 02:22:37 Finished transferring input files
...
001 (1970645.000.000) 2023-12-14 02:22:37 Job executing on host: <172.24.48.149:38613?CCBID=172.24.33.225:9618%3faddrs%3d172.24.33.225-9618%26alias%3dsdfrome001.sdf.slac.stanford.edu#6219698&PrivNet=sdfmilan049.sdf.slac.stanford.edu&addrs=172.24.48.149-38613&alias=sdfmilan049.sdf.slac.stanford.edu>
	SlotName: slot_abrought_1727_1_6@sdfmilan049.sdf.slac.stanford.edu
...
006 (1970645.000.000) 2023-12-14 02:22:45 Image size of job updated: 271120
	66  -  MemoryUsage of job (MB)
	66796  -  ResidentSetSize of job (KB)
...
006 (1970645.000.000) 2023-12-14 02:23:42 Image size of job updated: 2050672
	626  -  MemoryUsage of job (MB)
	640812  -  ResidentSetSize of job (KB)
...
040 (1970645.000.000) 2023-12-14 02:23:42 Started transferring output files
...
040 (1970645.000.000) 2023-12-14 02:23:42 Finished transferring output files
...
005 (1970645.000.000) 2023-12-14 02:23:42 Job terminated.
	(1) Normal termination (return value 0)
		Usr 0 00:00:20, Sys 0 00:00:02  -  Run Remote Usage
		Usr 0 00:00:00, Sys 0 00:00:00  -  Run Local Usage
		Usr 0 00:00:20, Sys 0 00:00:02  -  Total Remote Usage
		Usr 0 00:00:00, Sys 0 00:00:00  -  Total Local Usage
	18804  -  Run Bytes Sent By Job
	0  -  Run Bytes Received By Job
	18804  -  Total Bytes Sent By Job
	0  -  Total Bytes Received By Job
	Partitionable Resources :    Usage  Request Allocated 
	   Cpus                 :                 1         1 
	   Disk (KB)            :       90        2    312194 
	   Memory (MB)          :      626     2048      2048 

	Job terminated of its own accord at 2023-12-14T10:23:42Z with exit-code 0.
...
