000 (1970004.000.000) 2023-12-14 02:17:17 Job submitted from host: <172.24.33.226:11547?addrs=172.24.33.226-11547&alias=sdfrome002.sdf.slac.stanford.edu>
    DAG Node: 1dfe4cc6-4f5a-4f28-9949-d87e62600fef_ptcIsr_2023111202010_23
...
040 (1970004.000.000) 2023-12-14 02:20:14 Finished transferring input files
...
001 (1970004.000.000) 2023-12-14 02:20:14 Job executing on host: <172.24.48.185:41489?CCBID=172.24.33.225:9618%3faddrs%3d172.24.33.225-9618%26alias%3dsdfrome001.sdf.slac.stanford.edu#6219699&PrivNet=sdfmilan113.sdf.slac.stanford.edu&addrs=172.24.48.185-41489&alias=sdfmilan113.sdf.slac.stanford.edu>
	SlotName: slot_abrought_18623_1_18@sdfmilan113.sdf.slac.stanford.edu
...
006 (1970004.000.000) 2023-12-14 02:20:23 Image size of job updated: 323792
	111  -  MemoryUsage of job (MB)
	113484  -  ResidentSetSize of job (KB)
...
006 (1970004.000.000) 2023-12-14 02:21:15 Image size of job updated: 2034224
	111  -  MemoryUsage of job (MB)
	113484  -  ResidentSetSize of job (KB)
...
040 (1970004.000.000) 2023-12-14 02:21:16 Started transferring output files
...
040 (1970004.000.000) 2023-12-14 02:21:16 Finished transferring output files
...
005 (1970004.000.000) 2023-12-14 02:21:16 Job terminated.
	(1) Normal termination (return value 0)
		Usr 0 00:00:22, Sys 0 00:00:03  -  Run Remote Usage
		Usr 0 00:00:00, Sys 0 00:00:00  -  Run Local Usage
		Usr 0 00:00:22, Sys 0 00:00:03  -  Total Remote Usage
		Usr 0 00:00:00, Sys 0 00:00:00  -  Total Local Usage
	18533  -  Run Bytes Sent By Job
	0  -  Run Bytes Received By Job
	18533  -  Total Bytes Sent By Job
	0  -  Total Bytes Received By Job
	Partitionable Resources :    Usage  Request Allocated 
	   Cpus                 :                 1         1 
	   Disk (KB)            :       90        2    312194 
	   Memory (MB)          :      111     2048      2048 

	Job terminated of its own accord at 2023-12-14T10:21:15Z with exit-code 0.
...
