000 (1969349.000.000) 2023-12-14 02:17:07 Job submitted from host: <172.24.33.226:11547?addrs=172.24.33.226-11547&alias=sdfrome002.sdf.slac.stanford.edu>
    DAG Node: 85635443-328d-493e-ad18-50d4ab2e4638_ptcIsr_2023111200498_23
...
040 (1969349.000.000) 2023-12-14 02:17:09 Finished transferring input files
...
001 (1969349.000.000) 2023-12-14 02:17:09 Job executing on host: <172.24.48.185:41489?CCBID=172.24.33.225:9618%3faddrs%3d172.24.33.225-9618%26alias%3dsdfrome001.sdf.slac.stanford.edu#6219699&PrivNet=sdfmilan113.sdf.slac.stanford.edu&addrs=172.24.48.185-41489&alias=sdfmilan113.sdf.slac.stanford.edu>
	SlotName: slot_abrought_18623_1_5@sdfmilan113.sdf.slac.stanford.edu
...
006 (1969349.000.000) 2023-12-14 02:17:17 Image size of job updated: 349828
	136  -  MemoryUsage of job (MB)
	138512  -  ResidentSetSize of job (KB)
...
006 (1969349.000.000) 2023-12-14 02:17:56 Image size of job updated: 2048748
	136  -  MemoryUsage of job (MB)
	138512  -  ResidentSetSize of job (KB)
...
040 (1969349.000.000) 2023-12-14 02:17:57 Started transferring output files
...
040 (1969349.000.000) 2023-12-14 02:17:57 Finished transferring output files
...
005 (1969349.000.000) 2023-12-14 02:17:59 Job terminated.
	(1) Normal termination (return value 0)
		Usr 0 00:00:20, Sys 0 00:00:03  -  Run Remote Usage
		Usr 0 00:00:00, Sys 0 00:00:00  -  Run Local Usage
		Usr 0 00:00:20, Sys 0 00:00:03  -  Total Remote Usage
		Usr 0 00:00:00, Sys 0 00:00:00  -  Total Local Usage
	18804  -  Run Bytes Sent By Job
	0  -  Run Bytes Received By Job
	18804  -  Total Bytes Sent By Job
	0  -  Total Bytes Received By Job
	Partitionable Resources :    Usage  Request Allocated 
	   Cpus                 :                 1         1 
	   Disk (KB)            :       90        2    312194 
	   Memory (MB)          :      136     2048      2048 

	Job terminated of its own accord at 2023-12-14T10:17:56Z with exit-code 0.
...
