000 (1972099.000.000) 2023-12-14 02:17:42 Job submitted from host: <172.24.33.226:11547?addrs=172.24.33.226-11547&alias=sdfrome002.sdf.slac.stanford.edu>
    DAG Node: a694be53-a0f1-4b36-adc4-cb807a4d7b09_ptcIsr_2023111203062_23
...
040 (1972099.000.000) 2023-12-14 02:26:53 Finished transferring input files
...
001 (1972099.000.000) 2023-12-14 02:26:53 Job executing on host: <172.24.33.147:42953?CCBID=172.24.33.225:9618%3faddrs%3d172.24.33.225-9618%26alias%3dsdfrome001.sdf.slac.stanford.edu#6219703&PrivNet=sdfrome082.sdf.slac.stanford.edu&addrs=172.24.33.147-42953&alias=sdfrome082.sdf.slac.stanford.edu>
	SlotName: slot_abrought_48_1_3@sdfrome082.sdf.slac.stanford.edu
...
006 (1972099.000.000) 2023-12-14 02:27:02 Image size of job updated: 69764
	8  -  MemoryUsage of job (MB)
	7408  -  ResidentSetSize of job (KB)
...
006 (1972099.000.000) 2023-12-14 02:27:53 Image size of job updated: 2168856
	1318  -  MemoryUsage of job (MB)
	1349224  -  ResidentSetSize of job (KB)
...
040 (1972099.000.000) 2023-12-14 02:27:53 Started transferring output files
...
040 (1972099.000.000) 2023-12-14 02:27:53 Finished transferring output files
...
005 (1972099.000.000) 2023-12-14 02:27:53 Job terminated.
	(1) Normal termination (return value 0)
		Usr 0 00:00:17, Sys 0 00:00:02  -  Run Remote Usage
		Usr 0 00:00:00, Sys 0 00:00:00  -  Run Local Usage
		Usr 0 00:00:17, Sys 0 00:00:02  -  Total Remote Usage
		Usr 0 00:00:00, Sys 0 00:00:00  -  Total Local Usage
	19073  -  Run Bytes Sent By Job
	0  -  Run Bytes Received By Job
	19073  -  Total Bytes Sent By Job
	0  -  Total Bytes Received By Job
	Partitionable Resources :    Usage  Request Allocated 
	   Cpus                 :                 1         1 
	   Disk (KB)            :       91        2    312116 
	   Memory (MB)          :     1318     2048      2048 

	Job terminated of its own accord at 2023-12-14T10:27:53Z with exit-code 0.
...
