000 (1970331.000.000) 2023-12-14 02:17:18 Job submitted from host: <172.24.33.226:11547?addrs=172.24.33.226-11547&alias=sdfrome002.sdf.slac.stanford.edu>
    DAG Node: 1a9c5e0f-a221-4982-a8a6-542fb89e7d57_ptcIsr_2023111100864_23
...
040 (1970331.000.000) 2023-12-14 02:21:28 Finished transferring input files
...
001 (1970331.000.000) 2023-12-14 02:21:28 Job executing on host: <172.24.33.213:43829?CCBID=172.24.33.225:9618%3faddrs%3d172.24.33.225-9618%26alias%3dsdfrome001.sdf.slac.stanford.edu#6220038&PrivNet=sdfrome022.sdf.slac.stanford.edu&addrs=172.24.33.213-43829&alias=sdfrome022.sdf.slac.stanford.edu>
	SlotName: slot_abrought_31850_1_12@sdfrome022.sdf.slac.stanford.edu
...
006 (1970331.000.000) 2023-12-14 02:21:38 Image size of job updated: 289240
	81  -  MemoryUsage of job (MB)
	82664  -  ResidentSetSize of job (KB)
...
006 (1970331.000.000) 2023-12-14 02:22:30 Image size of job updated: 2105788
	1329  -  MemoryUsage of job (MB)
	1360288  -  ResidentSetSize of job (KB)
...
040 (1970331.000.000) 2023-12-14 02:22:30 Started transferring output files
...
040 (1970331.000.000) 2023-12-14 02:22:30 Finished transferring output files
...
005 (1970331.000.000) 2023-12-14 02:22:31 Job terminated.
	(1) Normal termination (return value 0)
		Usr 0 00:00:16, Sys 0 00:00:04  -  Run Remote Usage
		Usr 0 00:00:00, Sys 0 00:00:00  -  Run Local Usage
		Usr 0 00:00:16, Sys 0 00:00:04  -  Total Remote Usage
		Usr 0 00:00:00, Sys 0 00:00:00  -  Total Local Usage
	18803  -  Run Bytes Sent By Job
	0  -  Run Bytes Received By Job
	18803  -  Total Bytes Sent By Job
	0  -  Total Bytes Received By Job
	Partitionable Resources :    Usage  Request Allocated 
	   Cpus                 :                 1         1 
	   Disk (KB)            :       90        2    312194 
	   Memory (MB)          :     1329     2048      2048 

	Job terminated of its own accord at 2023-12-14T10:22:30Z with exit-code 0.
...
