000 (1970027.000.000) 2023-12-14 02:17:17 Job submitted from host: <172.24.33.226:11547?addrs=172.24.33.226-11547&alias=sdfrome002.sdf.slac.stanford.edu>
    DAG Node: 89f5ca82-a385-4dc7-941b-1d7668c1daf1_ptcIsr_2023111201749_23
...
040 (1970027.000.000) 2023-12-14 02:20:24 Finished transferring input files
...
001 (1970027.000.000) 2023-12-14 02:20:24 Job executing on host: <172.24.48.186:33679?CCBID=172.24.33.225:9618%3faddrs%3d172.24.33.225-9618%26alias%3dsdfrome001.sdf.slac.stanford.edu#6219700&PrivNet=sdfmilan114.sdf.slac.stanford.edu&addrs=172.24.48.186-33679&alias=sdfmilan114.sdf.slac.stanford.edu>
	SlotName: slot_abrought_14493_1_16@sdfmilan114.sdf.slac.stanford.edu
...
006 (1970027.000.000) 2023-12-14 02:20:33 Image size of job updated: 280756
	74  -  MemoryUsage of job (MB)
	75288  -  ResidentSetSize of job (KB)
...
006 (1970027.000.000) 2023-12-14 02:21:17 Image size of job updated: 2092460
	616  -  MemoryUsage of job (MB)
	630388  -  ResidentSetSize of job (KB)
...
040 (1970027.000.000) 2023-12-14 02:21:17 Started transferring output files
...
040 (1970027.000.000) 2023-12-14 02:21:17 Finished transferring output files
...
005 (1970027.000.000) 2023-12-14 02:21:17 Job terminated.
	(1) Normal termination (return value 0)
		Usr 0 00:00:19, Sys 0 00:00:03  -  Run Remote Usage
		Usr 0 00:00:00, Sys 0 00:00:00  -  Run Local Usage
		Usr 0 00:00:19, Sys 0 00:00:03  -  Total Remote Usage
		Usr 0 00:00:00, Sys 0 00:00:00  -  Total Local Usage
	18802  -  Run Bytes Sent By Job
	0  -  Run Bytes Received By Job
	18802  -  Total Bytes Sent By Job
	0  -  Total Bytes Received By Job
	Partitionable Resources :    Usage  Request Allocated 
	   Cpus                 :                 1         1 
	   Disk (KB)            :       90        2    312193 
	   Memory (MB)          :      616     2048      2048 

	Job terminated of its own accord at 2023-12-14T10:21:17Z with exit-code 0.
...
