000 (1972401.000.000) 2023-12-14 02:17:43 Job submitted from host: <172.24.33.226:11547?addrs=172.24.33.226-11547&alias=sdfrome002.sdf.slac.stanford.edu>
    DAG Node: 040400a4-7760-44cc-985a-043eb0775fce_ptcIsr_2023111200597_23
...
040 (1972401.000.000) 2023-12-14 02:27:46 Finished transferring input files
...
001 (1972401.000.000) 2023-12-14 02:27:46 Job executing on host: <172.24.33.213:43829?CCBID=172.24.33.225:9618%3faddrs%3d172.24.33.225-9618%26alias%3dsdfrome001.sdf.slac.stanford.edu#6220038&PrivNet=sdfrome022.sdf.slac.stanford.edu&addrs=172.24.33.213-43829&alias=sdfrome022.sdf.slac.stanford.edu>
	SlotName: slot_abrought_31850_1_9@sdfrome022.sdf.slac.stanford.edu
...
006 (1972401.000.000) 2023-12-14 02:27:55 Image size of job updated: 337060
	124  -  MemoryUsage of job (MB)
	126424  -  ResidentSetSize of job (KB)
...
006 (1972401.000.000) 2023-12-14 02:28:37 Image size of job updated: 2075308
	605  -  MemoryUsage of job (MB)
	618532  -  ResidentSetSize of job (KB)
...
040 (1972401.000.000) 2023-12-14 02:28:37 Started transferring output files
...
040 (1972401.000.000) 2023-12-14 02:28:37 Finished transferring output files
...
005 (1972401.000.000) 2023-12-14 02:28:37 Job terminated.
	(1) Normal termination (return value 0)
		Usr 0 00:00:24, Sys 0 00:00:04  -  Run Remote Usage
		Usr 0 00:00:00, Sys 0 00:00:00  -  Run Local Usage
		Usr 0 00:00:24, Sys 0 00:00:04  -  Total Remote Usage
		Usr 0 00:00:00, Sys 0 00:00:00  -  Total Local Usage
	19073  -  Run Bytes Sent By Job
	0  -  Run Bytes Received By Job
	19073  -  Total Bytes Sent By Job
	0  -  Total Bytes Received By Job
	Partitionable Resources :    Usage  Request Allocated 
	   Cpus                 :                 1         1 
	   Disk (KB)            :       91        2    312194 
	   Memory (MB)          :      605     2048      2048 

	Job terminated of its own accord at 2023-12-14T10:28:37Z with exit-code 0.
...
