000 (1973126.000.000) 2023-12-14 02:17:53 Job submitted from host: <172.24.33.226:11547?addrs=172.24.33.226-11547&alias=sdfrome002.sdf.slac.stanford.edu>
    DAG Node: 9e9d66aa-d30f-4d40-98b1-761ed96d2cde_ptcIsr_2023111203555_23
...
040 (1973126.000.000) 2023-12-14 02:29:54 Finished transferring input files
...
001 (1973126.000.000) 2023-12-14 02:29:54 Job executing on host: <172.24.33.213:43829?CCBID=172.24.33.225:9618%3faddrs%3d172.24.33.225-9618%26alias%3dsdfrome001.sdf.slac.stanford.edu#6220038&PrivNet=sdfrome022.sdf.slac.stanford.edu&addrs=172.24.33.213-43829&alias=sdfrome022.sdf.slac.stanford.edu>
	SlotName: slot_abrought_31850_1_12@sdfrome022.sdf.slac.stanford.edu
...
006 (1973126.000.000) 2023-12-14 02:30:02 Image size of job updated: 286940
	79  -  MemoryUsage of job (MB)
	80184  -  ResidentSetSize of job (KB)
...
006 (1973126.000.000) 2023-12-14 02:30:40 Image size of job updated: 2198504
	79  -  MemoryUsage of job (MB)
	80184  -  ResidentSetSize of job (KB)
...
040 (1973126.000.000) 2023-12-14 02:30:40 Started transferring output files
...
040 (1973126.000.000) 2023-12-14 02:30:40 Finished transferring output files
...
005 (1973126.000.000) 2023-12-14 02:30:40 Job terminated.
	(1) Normal termination (return value 0)
		Usr 0 00:00:23, Sys 0 00:00:04  -  Run Remote Usage
		Usr 0 00:00:00, Sys 0 00:00:00  -  Run Local Usage
		Usr 0 00:00:23, Sys 0 00:00:04  -  Total Remote Usage
		Usr 0 00:00:00, Sys 0 00:00:00  -  Total Local Usage
	19073  -  Run Bytes Sent By Job
	0  -  Run Bytes Received By Job
	19073  -  Total Bytes Sent By Job
	0  -  Total Bytes Received By Job
	Partitionable Resources :    Usage  Request Allocated 
	   Cpus                 :                 1         1 
	   Disk (KB)            :       91        2    312194 
	   Memory (MB)          :       79     2048      2048 

	Job terminated of its own accord at 2023-12-14T10:30:40Z with exit-code 0.
...
