000 (1970506.000.000) 2023-12-14 02:17:23 Job submitted from host: <172.24.33.226:11547?addrs=172.24.33.226-11547&alias=sdfrome002.sdf.slac.stanford.edu>
    DAG Node: ee989e1c-4fab-4744-a212-e10d865c67c5_ptcIsr_2023111201674_23
...
040 (1970506.000.000) 2023-12-14 02:22:10 Finished transferring input files
...
001 (1970506.000.000) 2023-12-14 02:22:10 Job executing on host: <172.24.33.124:39661?CCBID=172.24.33.225:9618%3faddrs%3d172.24.33.225-9618%26alias%3dsdfrome001.sdf.slac.stanford.edu#6220018&PrivNet=sdfrome059.sdf.slac.stanford.edu&addrs=172.24.33.124-39661&alias=sdfrome059.sdf.slac.stanford.edu>
	SlotName: slot_abrought_25802_1_23@sdfrome059.sdf.slac.stanford.edu
...
006 (1970506.000.000) 2023-12-14 02:22:19 Image size of job updated: 403680
	164  -  MemoryUsage of job (MB)
	166980  -  ResidentSetSize of job (KB)
...
006 (1970506.000.000) 2023-12-14 02:22:56 Image size of job updated: 2096584
	608  -  MemoryUsage of job (MB)
	622580  -  ResidentSetSize of job (KB)
...
040 (1970506.000.000) 2023-12-14 02:22:56 Started transferring output files
...
040 (1970506.000.000) 2023-12-14 02:22:56 Finished transferring output files
...
005 (1970506.000.000) 2023-12-14 02:22:56 Job terminated.
	(1) Normal termination (return value 0)
		Usr 0 00:00:23, Sys 0 00:00:06  -  Run Remote Usage
		Usr 0 00:00:00, Sys 0 00:00:00  -  Run Local Usage
		Usr 0 00:00:23, Sys 0 00:00:06  -  Total Remote Usage
		Usr 0 00:00:00, Sys 0 00:00:00  -  Total Local Usage
	18806  -  Run Bytes Sent By Job
	0  -  Run Bytes Received By Job
	18806  -  Total Bytes Sent By Job
	0  -  Total Bytes Received By Job
	Partitionable Resources :    Usage  Request Allocated 
	   Cpus                 :                 1         1 
	   Disk (KB)            :       90        2    312194 
	   Memory (MB)          :      608     2048      2048 

	Job terminated of its own accord at 2023-12-14T10:22:56Z with exit-code 0.
...
