000 (1972415.000.000) 2023-12-14 02:17:43 Job submitted from host: <172.24.33.226:11547?addrs=172.24.33.226-11547&alias=sdfrome002.sdf.slac.stanford.edu>
    DAG Node: 110c7ae0-762b-4119-b48d-1763f5a9d56d_ptcIsr_2023111200117_23
...
040 (1972415.000.000) 2023-12-14 02:27:49 Finished transferring input files
...
001 (1972415.000.000) 2023-12-14 02:27:49 Job executing on host: <172.24.33.213:43829?CCBID=172.24.33.225:9618%3faddrs%3d172.24.33.225-9618%26alias%3dsdfrome001.sdf.slac.stanford.edu#6220038&PrivNet=sdfrome022.sdf.slac.stanford.edu&addrs=172.24.33.213-43829&alias=sdfrome022.sdf.slac.stanford.edu>
	SlotName: slot_abrought_31850_1_23@sdfrome022.sdf.slac.stanford.edu
...
006 (1972415.000.000) 2023-12-14 02:27:57 Image size of job updated: 325984
	113  -  MemoryUsage of job (MB)
	115248  -  ResidentSetSize of job (KB)
...
006 (1972415.000.000) 2023-12-14 02:28:34 Image size of job updated: 2186444
	637  -  MemoryUsage of job (MB)
	651576  -  ResidentSetSize of job (KB)
...
040 (1972415.000.000) 2023-12-14 02:28:34 Started transferring output files
...
040 (1972415.000.000) 2023-12-14 02:28:34 Finished transferring output files
...
005 (1972415.000.000) 2023-12-14 02:28:34 Job terminated.
	(1) Normal termination (return value 0)
		Usr 0 00:00:21, Sys 0 00:00:03  -  Run Remote Usage
		Usr 0 00:00:00, Sys 0 00:00:00  -  Run Local Usage
		Usr 0 00:00:21, Sys 0 00:00:03  -  Total Remote Usage
		Usr 0 00:00:00, Sys 0 00:00:00  -  Total Local Usage
	19074  -  Run Bytes Sent By Job
	0  -  Run Bytes Received By Job
	19074  -  Total Bytes Sent By Job
	0  -  Total Bytes Received By Job
	Partitionable Resources :    Usage  Request Allocated 
	   Cpus                 :                 1         1 
	   Disk (KB)            :       91        2    312194 
	   Memory (MB)          :      637     2048      2048 

	Job terminated of its own accord at 2023-12-14T10:28:33Z with exit-code 0.
...
