000 (1970578.000.000) 2023-12-14 02:17:23 Job submitted from host: <172.24.33.226:11547?addrs=172.24.33.226-11547&alias=sdfrome002.sdf.slac.stanford.edu>
    DAG Node: 1f902f4f-31fa-4118-84a7-565f7c650138_ptcIsr_2023111203680_23
...
040 (1970578.000.000) 2023-12-14 02:22:22 Finished transferring input files
...
001 (1970578.000.000) 2023-12-14 02:22:22 Job executing on host: <172.24.48.185:41489?CCBID=172.24.33.225:9618%3faddrs%3d172.24.33.225-9618%26alias%3dsdfrome001.sdf.slac.stanford.edu#6219699&PrivNet=sdfmilan113.sdf.slac.stanford.edu&addrs=172.24.48.185-41489&alias=sdfmilan113.sdf.slac.stanford.edu>
	SlotName: slot_abrought_18623_1_13@sdfmilan113.sdf.slac.stanford.edu
...
006 (1970578.000.000) 2023-12-14 02:22:30 Image size of job updated: 330680
	118  -  MemoryUsage of job (MB)
	120072  -  ResidentSetSize of job (KB)
...
006 (1970578.000.000) 2023-12-14 02:23:33 Image size of job updated: 2130164
	118  -  MemoryUsage of job (MB)
	120072  -  ResidentSetSize of job (KB)
...
040 (1970578.000.000) 2023-12-14 02:23:33 Started transferring output files
...
040 (1970578.000.000) 2023-12-14 02:23:33 Finished transferring output files
...
005 (1970578.000.000) 2023-12-14 02:23:33 Job terminated.
	(1) Normal termination (return value 0)
		Usr 0 00:00:21, Sys 0 00:00:02  -  Run Remote Usage
		Usr 0 00:00:00, Sys 0 00:00:00  -  Run Local Usage
		Usr 0 00:00:21, Sys 0 00:00:02  -  Total Remote Usage
		Usr 0 00:00:00, Sys 0 00:00:00  -  Total Local Usage
	18803  -  Run Bytes Sent By Job
	0  -  Run Bytes Received By Job
	18803  -  Total Bytes Sent By Job
	0  -  Total Bytes Received By Job
	Partitionable Resources :    Usage  Request Allocated 
	   Cpus                 :                 1         1 
	   Disk (KB)            :       90        2    312194 
	   Memory (MB)          :      118     2048      2048 

	Job terminated of its own accord at 2023-12-14T10:23:33Z with exit-code 0.
...
