000 (1973088.000.000) 2023-12-14 02:17:52 Job submitted from host: <172.24.33.226:11547?addrs=172.24.33.226-11547&alias=sdfrome002.sdf.slac.stanford.edu>
    DAG Node: aed8fe8e-2ee5-4dcd-8d78-d688a8f0c115_ptcIsr_2023111202259_23
...
040 (1973088.000.000) 2023-12-14 02:29:48 Finished transferring input files
...
001 (1973088.000.000) 2023-12-14 02:29:48 Job executing on host: <172.24.48.193:46283?CCBID=172.24.33.225:9618%3faddrs%3d172.24.33.225-9618%26alias%3dsdfrome001.sdf.slac.stanford.edu#6219697&PrivNet=sdfmilan121.sdf.slac.stanford.edu&addrs=172.24.48.193-46283&alias=sdfmilan121.sdf.slac.stanford.edu>
	SlotName: slot_abrought_10210_1_15@sdfmilan121.sdf.slac.stanford.edu
...
006 (1973088.000.000) 2023-12-14 02:29:57 Image size of job updated: 275888
	70  -  MemoryUsage of job (MB)
	71048  -  ResidentSetSize of job (KB)
...
006 (1973088.000.000) 2023-12-14 02:30:38 Image size of job updated: 2069072
	70  -  MemoryUsage of job (MB)
	71048  -  ResidentSetSize of job (KB)
...
040 (1973088.000.000) 2023-12-14 02:30:38 Started transferring output files
...
040 (1973088.000.000) 2023-12-14 02:30:38 Finished transferring output files
...
005 (1973088.000.000) 2023-12-14 02:30:38 Job terminated.
	(1) Normal termination (return value 0)
		Usr 0 00:00:17, Sys 0 00:00:03  -  Run Remote Usage
		Usr 0 00:00:00, Sys 0 00:00:00  -  Run Local Usage
		Usr 0 00:00:17, Sys 0 00:00:03  -  Total Remote Usage
		Usr 0 00:00:00, Sys 0 00:00:00  -  Total Local Usage
	18975  -  Run Bytes Sent By Job
	0  -  Run Bytes Received By Job
	18975  -  Total Bytes Sent By Job
	0  -  Total Bytes Received By Job
	Partitionable Resources :    Usage  Request Allocated 
	   Cpus                 :                 1         1 
	   Disk (KB)            :       91        2    311595 
	   Memory (MB)          :       70     2048      2048 

	Job terminated of its own accord at 2023-12-14T10:30:38Z with exit-code 0.
...
