000 (1971228.000.000) 2023-12-14 02:17:30 Job submitted from host: <172.24.33.226:11547?addrs=172.24.33.226-11547&alias=sdfrome002.sdf.slac.stanford.edu>
    DAG Node: 1ab9e3ae-657c-429d-92e0-fd90a8d4e6cc_ptcIsr_2023111201079_23
...
040 (1971228.000.000) 2023-12-14 02:24:28 Finished transferring input files
...
001 (1971228.000.000) 2023-12-14 02:24:28 Job executing on host: <172.24.33.143:37205?CCBID=172.24.33.225:9618%3faddrs%3d172.24.33.225-9618%26alias%3dsdfrome001.sdf.slac.stanford.edu#6220499&PrivNet=sdfrome078.sdf.slac.stanford.edu&addrs=172.24.33.143-37205&alias=sdfrome078.sdf.slac.stanford.edu>
	SlotName: slot_abrought_7348_1_17@sdfrome078.sdf.slac.stanford.edu
...
006 (1971228.000.000) 2023-12-14 02:24:38 Image size of job updated: 283920
	77  -  MemoryUsage of job (MB)
	78164  -  ResidentSetSize of job (KB)
...
006 (1971228.000.000) 2023-12-14 02:25:40 Image size of job updated: 2088268
	77  -  MemoryUsage of job (MB)
	78164  -  ResidentSetSize of job (KB)
...
040 (1971228.000.000) 2023-12-14 02:25:41 Started transferring output files
...
040 (1971228.000.000) 2023-12-14 02:25:41 Finished transferring output files
...
005 (1971228.000.000) 2023-12-14 02:25:41 Job terminated.
	(1) Normal termination (return value 0)
		Usr 0 00:00:22, Sys 0 00:00:03  -  Run Remote Usage
		Usr 0 00:00:00, Sys 0 00:00:00  -  Run Local Usage
		Usr 0 00:00:22, Sys 0 00:00:03  -  Total Remote Usage
		Usr 0 00:00:00, Sys 0 00:00:00  -  Total Local Usage
	19073  -  Run Bytes Sent By Job
	0  -  Run Bytes Received By Job
	19073  -  Total Bytes Sent By Job
	0  -  Total Bytes Received By Job
	Partitionable Resources :    Usage  Request Allocated 
	   Cpus                 :                 1         1 
	   Disk (KB)            :       91        2    312194 
	   Memory (MB)          :       77     2048      2048 

	Job terminated of its own accord at 2023-12-14T10:25:40Z with exit-code 0.
...
