000 (1972785.000.000) 2023-12-14 02:17:49 Job submitted from host: <172.24.33.226:11547?addrs=172.24.33.226-11547&alias=sdfrome002.sdf.slac.stanford.edu>
    DAG Node: c9af8cbc-e508-41ca-8c66-decfa2ae1885_ptcIsr_2023111300429_23
...
040 (1972785.000.000) 2023-12-14 02:28:57 Finished transferring input files
...
001 (1972785.000.000) 2023-12-14 02:28:57 Job executing on host: <172.24.33.143:42517?CCBID=172.24.33.225:9618%3faddrs%3d172.24.33.225-9618%26alias%3dsdfrome001.sdf.slac.stanford.edu#6220496&PrivNet=sdfrome078.sdf.slac.stanford.edu&addrs=172.24.33.143-42517&alias=sdfrome078.sdf.slac.stanford.edu>
	SlotName: slot_abrought_19079_1_10@sdfrome078.sdf.slac.stanford.edu
...
006 (1972785.000.000) 2023-12-14 02:29:06 Image size of job updated: 401432
	163  -  MemoryUsage of job (MB)
	166260  -  ResidentSetSize of job (KB)
...
006 (1972785.000.000) 2023-12-14 02:29:37 Image size of job updated: 2322056
	609  -  MemoryUsage of job (MB)
	622596  -  ResidentSetSize of job (KB)
...
040 (1972785.000.000) 2023-12-14 02:29:38 Started transferring output files
...
040 (1972785.000.000) 2023-12-14 02:29:38 Finished transferring output files
...
005 (1972785.000.000) 2023-12-14 02:29:38 Job terminated.
	(1) Normal termination (return value 0)
		Usr 0 00:00:24, Sys 0 00:00:03  -  Run Remote Usage
		Usr 0 00:00:00, Sys 0 00:00:00  -  Run Local Usage
		Usr 0 00:00:24, Sys 0 00:00:03  -  Total Remote Usage
		Usr 0 00:00:00, Sys 0 00:00:00  -  Total Local Usage
	18801  -  Run Bytes Sent By Job
	0  -  Run Bytes Received By Job
	18801  -  Total Bytes Sent By Job
	0  -  Total Bytes Received By Job
	Partitionable Resources :    Usage  Request Allocated 
	   Cpus                 :                 1         1 
	   Disk (KB)            :       90        2    312194 
	   Memory (MB)          :      609     2048      2048 

	Job terminated of its own accord at 2023-12-14T10:29:37Z with exit-code 0.
...
