000 (1969735.000.000) 2023-12-14 02:17:12 Job submitted from host: <172.24.33.226:11547?addrs=172.24.33.226-11547&alias=sdfrome002.sdf.slac.stanford.edu>
    DAG Node: 140237c0-4d81-43f3-ad3f-e0854628a112_ptcIsr_2023111202709_23
...
040 (1969735.000.000) 2023-12-14 02:20:01 Finished transferring input files
...
001 (1969735.000.000) 2023-12-14 02:20:01 Job executing on host: <172.24.48.186:33679?CCBID=172.24.33.225:9618%3faddrs%3d172.24.33.225-9618%26alias%3dsdfrome001.sdf.slac.stanford.edu#6219700&PrivNet=sdfmilan114.sdf.slac.stanford.edu&addrs=172.24.48.186-33679&alias=sdfmilan114.sdf.slac.stanford.edu>
	SlotName: slot_abrought_14493_1_20@sdfmilan114.sdf.slac.stanford.edu
...
006 (1969735.000.000) 2023-12-14 02:20:10 Image size of job updated: 352816
	139  -  MemoryUsage of job (MB)
	141608  -  ResidentSetSize of job (KB)
...
006 (1969735.000.000) 2023-12-14 02:20:58 Image size of job updated: 2165548
	636  -  MemoryUsage of job (MB)
	650736  -  ResidentSetSize of job (KB)
...
040 (1969735.000.000) 2023-12-14 02:20:58 Started transferring output files
...
040 (1969735.000.000) 2023-12-14 02:20:58 Finished transferring output files
...
005 (1969735.000.000) 2023-12-14 02:20:58 Job terminated.
	(1) Normal termination (return value 0)
		Usr 0 00:00:20, Sys 0 00:00:03  -  Run Remote Usage
		Usr 0 00:00:00, Sys 0 00:00:00  -  Run Local Usage
		Usr 0 00:00:20, Sys 0 00:00:03  -  Total Remote Usage
		Usr 0 00:00:00, Sys 0 00:00:00  -  Total Local Usage
	19073  -  Run Bytes Sent By Job
	0  -  Run Bytes Received By Job
	19073  -  Total Bytes Sent By Job
	0  -  Total Bytes Received By Job
	Partitionable Resources :    Usage  Request Allocated 
	   Cpus                 :                 1         1 
	   Disk (KB)            :       91        2    312193 
	   Memory (MB)          :      636     2048      2048 

	Job terminated of its own accord at 2023-12-14T10:20:58Z with exit-code 0.
...
