000 (1971008.000.000) 2023-12-14 02:17:29 Job submitted from host: <172.24.33.226:11547?addrs=172.24.33.226-11547&alias=sdfrome002.sdf.slac.stanford.edu>
    DAG Node: a8b0131a-6599-497f-9fbc-a0772b154eed_ptcIsr_2023111201511_23
...
040 (1971008.000.000) 2023-12-14 02:23:47 Finished transferring input files
...
001 (1971008.000.000) 2023-12-14 02:23:47 Job executing on host: <172.24.33.124:39697?CCBID=172.24.33.225:9618%3faddrs%3d172.24.33.225-9618%26alias%3dsdfrome001.sdf.slac.stanford.edu#6220015&PrivNet=sdfrome059.sdf.slac.stanford.edu&addrs=172.24.33.124-39697&alias=sdfrome059.sdf.slac.stanford.edu>
	SlotName: slot_abrought_7836_1_2@sdfrome059.sdf.slac.stanford.edu
...
006 (1971008.000.000) 2023-12-14 02:23:55 Image size of job updated: 321036
	111  -  MemoryUsage of job (MB)
	113072  -  ResidentSetSize of job (KB)
...
006 (1971008.000.000) 2023-12-14 02:24:39 Image size of job updated: 2123788
	1398  -  MemoryUsage of job (MB)
	1430576  -  ResidentSetSize of job (KB)
...
040 (1971008.000.000) 2023-12-14 02:24:39 Started transferring output files
...
040 (1971008.000.000) 2023-12-14 02:24:39 Finished transferring output files
...
005 (1971008.000.000) 2023-12-14 02:24:39 Job terminated.
	(1) Normal termination (return value 0)
		Usr 0 00:00:22, Sys 0 00:00:05  -  Run Remote Usage
		Usr 0 00:00:00, Sys 0 00:00:00  -  Run Local Usage
		Usr 0 00:00:22, Sys 0 00:00:05  -  Total Remote Usage
		Usr 0 00:00:00, Sys 0 00:00:00  -  Total Local Usage
	18533  -  Run Bytes Sent By Job
	0  -  Run Bytes Received By Job
	18533  -  Total Bytes Sent By Job
	0  -  Total Bytes Received By Job
	Partitionable Resources :    Usage  Request Allocated 
	   Cpus                 :     0.67        1         1 
	   Disk (KB)            :    97           2    312194 
	   Memory (MB)          :  1398        2048      2048 

	Job terminated of its own accord at 2023-12-14T10:24:39Z with exit-code 0.
...
