000 (1972537.000.000) 2023-12-14 02:17:46 Job submitted from host: <172.24.33.226:11547?addrs=172.24.33.226-11547&alias=sdfrome002.sdf.slac.stanford.edu>
    DAG Node: b5175cfe-dcff-45ad-8b88-eb8c4ca0a89e_ptcIsr_2023111202184_23
...
040 (1972537.000.000) 2023-12-14 02:28:10 Finished transferring input files
...
001 (1972537.000.000) 2023-12-14 02:28:10 Job executing on host: <172.24.33.143:42517?CCBID=172.24.33.225:9618%3faddrs%3d172.24.33.225-9618%26alias%3dsdfrome001.sdf.slac.stanford.edu#6220496&PrivNet=sdfrome078.sdf.slac.stanford.edu&addrs=172.24.33.143-42517&alias=sdfrome078.sdf.slac.stanford.edu>
	SlotName: slot_abrought_19079_1_4@sdfrome078.sdf.slac.stanford.edu
...
006 (1972537.000.000) 2023-12-14 02:28:19 Image size of job updated: 355176
	140  -  MemoryUsage of job (MB)
	143312  -  ResidentSetSize of job (KB)
...
006 (1972537.000.000) 2023-12-14 02:28:55 Image size of job updated: 2119964
	140  -  MemoryUsage of job (MB)
	143312  -  ResidentSetSize of job (KB)
...
040 (1972537.000.000) 2023-12-14 02:28:55 Started transferring output files
...
040 (1972537.000.000) 2023-12-14 02:28:55 Finished transferring output files
...
005 (1972537.000.000) 2023-12-14 02:28:55 Job terminated.
	(1) Normal termination (return value 0)
		Usr 0 00:00:28, Sys 0 00:00:04  -  Run Remote Usage
		Usr 0 00:00:00, Sys 0 00:00:00  -  Run Local Usage
		Usr 0 00:00:28, Sys 0 00:00:04  -  Total Remote Usage
		Usr 0 00:00:00, Sys 0 00:00:00  -  Total Local Usage
	18802  -  Run Bytes Sent By Job
	0  -  Run Bytes Received By Job
	18802  -  Total Bytes Sent By Job
	0  -  Total Bytes Received By Job
	Partitionable Resources :    Usage  Request Allocated 
	   Cpus                 :                 1         1 
	   Disk (KB)            :       90        2    312194 
	   Memory (MB)          :      140     2048      2048 

	Job terminated of its own accord at 2023-12-14T10:28:55Z with exit-code 0.
...
