000 (1970003.000.000) 2023-12-14 02:17:17 Job submitted from host: <172.24.33.226:11547?addrs=172.24.33.226-11547&alias=sdfrome002.sdf.slac.stanford.edu>
    DAG Node: 5e1d060b-5c2d-4972-83fc-b33eeefda58e_ptcIsr_2023111201691_23
...
040 (1970003.000.000) 2023-12-14 02:20:14 Finished transferring input files
...
001 (1970003.000.000) 2023-12-14 02:20:14 Job executing on host: <172.24.48.186:33679?CCBID=172.24.33.225:9618%3faddrs%3d172.24.33.225-9618%26alias%3dsdfrome001.sdf.slac.stanford.edu#6219700&PrivNet=sdfmilan114.sdf.slac.stanford.edu&addrs=172.24.48.186-33679&alias=sdfmilan114.sdf.slac.stanford.edu>
	SlotName: slot_abrought_14493_1_15@sdfmilan114.sdf.slac.stanford.edu
...
006 (1970003.000.000) 2023-12-14 02:20:23 Image size of job updated: 27348
	11  -  MemoryUsage of job (MB)
	10864  -  ResidentSetSize of job (KB)
...
006 (1970003.000.000) 2023-12-14 02:21:08 Image size of job updated: 2100800
	1327  -  MemoryUsage of job (MB)
	1358380  -  ResidentSetSize of job (KB)
...
040 (1970003.000.000) 2023-12-14 02:21:08 Started transferring output files
...
040 (1970003.000.000) 2023-12-14 02:21:09 Finished transferring output files
...
005 (1970003.000.000) 2023-12-14 02:21:09 Job terminated.
	(1) Normal termination (return value 0)
		Usr 0 00:00:19, Sys 0 00:00:02  -  Run Remote Usage
		Usr 0 00:00:00, Sys 0 00:00:00  -  Run Local Usage
		Usr 0 00:00:19, Sys 0 00:00:02  -  Total Remote Usage
		Usr 0 00:00:00, Sys 0 00:00:00  -  Total Local Usage
	18803  -  Run Bytes Sent By Job
	0  -  Run Bytes Received By Job
	18803  -  Total Bytes Sent By Job
	0  -  Total Bytes Received By Job
	Partitionable Resources :    Usage  Request Allocated 
	   Cpus                 :                 1         1 
	   Disk (KB)            :       90        2    312193 
	   Memory (MB)          :     1327     2048      2048 

	Job terminated of its own accord at 2023-12-14T10:21:08Z with exit-code 0.
...
