000 (1970720.000.000) 2023-12-14 02:17:24 Job submitted from host: <172.24.33.226:11547?addrs=172.24.33.226-11547&alias=sdfrome002.sdf.slac.stanford.edu>
    DAG Node: b86756d9-57be-4116-ac3c-1e06f61a01bb_ptcIsr_2023111301040_23
...
040 (1970720.000.000) 2023-12-14 02:22:55 Finished transferring input files
...
001 (1970720.000.000) 2023-12-14 02:22:55 Job executing on host: <172.24.48.186:33679?CCBID=172.24.33.225:9618%3faddrs%3d172.24.33.225-9618%26alias%3dsdfrome001.sdf.slac.stanford.edu#6219700&PrivNet=sdfmilan114.sdf.slac.stanford.edu&addrs=172.24.48.186-33679&alias=sdfmilan114.sdf.slac.stanford.edu>
	SlotName: slot_abrought_14493_1_13@sdfmilan114.sdf.slac.stanford.edu
...
006 (1970720.000.000) 2023-12-14 02:23:03 Image size of job updated: 330576
	117  -  MemoryUsage of job (MB)
	119584  -  ResidentSetSize of job (KB)
...
006 (1970720.000.000) 2023-12-14 02:23:45 Image size of job updated: 2074616
	117  -  MemoryUsage of job (MB)
	119584  -  ResidentSetSize of job (KB)
...
040 (1970720.000.000) 2023-12-14 02:23:45 Started transferring output files
...
040 (1970720.000.000) 2023-12-14 02:23:45 Finished transferring output files
...
005 (1970720.000.000) 2023-12-14 02:23:45 Job terminated.
	(1) Normal termination (return value 0)
		Usr 0 00:00:23, Sys 0 00:00:03  -  Run Remote Usage
		Usr 0 00:00:00, Sys 0 00:00:00  -  Run Local Usage
		Usr 0 00:00:23, Sys 0 00:00:03  -  Total Remote Usage
		Usr 0 00:00:00, Sys 0 00:00:00  -  Total Local Usage
	18531  -  Run Bytes Sent By Job
	0  -  Run Bytes Received By Job
	18531  -  Total Bytes Sent By Job
	0  -  Total Bytes Received By Job
	Partitionable Resources :    Usage  Request Allocated 
	   Cpus                 :                 1         1 
	   Disk (KB)            :       90        2    312193 
	   Memory (MB)          :      117     2048      2048 

	Job terminated of its own accord at 2023-12-14T10:23:45Z with exit-code 0.
...
