000 (1972463.000.000) 2023-12-14 02:17:44 Job submitted from host: <172.24.33.226:11547?addrs=172.24.33.226-11547&alias=sdfrome002.sdf.slac.stanford.edu>
    DAG Node: c6b0633d-c8c7-4d2e-9b09-7ae14386ecd1_ptcIsr_2023111201226_23
...
040 (1972463.000.000) 2023-12-14 02:27:58 Finished transferring input files
...
001 (1972463.000.000) 2023-12-14 02:27:58 Job executing on host: <172.24.33.213:41467?CCBID=172.24.33.225:9618%3faddrs%3d172.24.33.225-9618%26alias%3dsdfrome001.sdf.slac.stanford.edu#6220037&PrivNet=sdfrome022.sdf.slac.stanford.edu&addrs=172.24.33.213-41467&alias=sdfrome022.sdf.slac.stanford.edu>
	SlotName: slot_abrought_435_1_14@sdfrome022.sdf.slac.stanford.edu
...
006 (1972463.000.000) 2023-12-14 02:28:06 Image size of job updated: 289780
	82  -  MemoryUsage of job (MB)
	83740  -  ResidentSetSize of job (KB)
...
006 (1972463.000.000) 2023-12-14 02:28:53 Image size of job updated: 2198868
	658  -  MemoryUsage of job (MB)
	673200  -  ResidentSetSize of job (KB)
...
040 (1972463.000.000) 2023-12-14 02:28:53 Started transferring output files
...
040 (1972463.000.000) 2023-12-14 02:28:53 Finished transferring output files
...
005 (1972463.000.000) 2023-12-14 02:28:53 Job terminated.
	(1) Normal termination (return value 0)
		Usr 0 00:00:22, Sys 0 00:00:02  -  Run Remote Usage
		Usr 0 00:00:00, Sys 0 00:00:00  -  Run Local Usage
		Usr 0 00:00:22, Sys 0 00:00:02  -  Total Remote Usage
		Usr 0 00:00:00, Sys 0 00:00:00  -  Total Local Usage
	19075  -  Run Bytes Sent By Job
	0  -  Run Bytes Received By Job
	19075  -  Total Bytes Sent By Job
	0  -  Total Bytes Received By Job
	Partitionable Resources :    Usage  Request Allocated 
	   Cpus                 :                 1         1 
	   Disk (KB)            :       91        2    312194 
	   Memory (MB)          :      658     2048      2048 

	Job terminated of its own accord at 2023-12-14T10:28:53Z with exit-code 0.
...
