000 (1973373.000.000) 2023-12-14 02:17:55 Job submitted from host: <172.24.33.226:11547?addrs=172.24.33.226-11547&alias=sdfrome002.sdf.slac.stanford.edu>
    DAG Node: 43816ab5-59b2-4d9d-b4ee-af1f4fd1fa63_ptcIsr_2023111101579_23
...
040 (1973373.000.000) 2023-12-14 02:30:32 Finished transferring input files
...
001 (1973373.000.000) 2023-12-14 02:30:32 Job executing on host: <172.24.33.213:34935?CCBID=172.24.33.225:9618%3faddrs%3d172.24.33.225-9618%26alias%3dsdfrome001.sdf.slac.stanford.edu#6220035&PrivNet=sdfrome022.sdf.slac.stanford.edu&addrs=172.24.33.213-34935&alias=sdfrome022.sdf.slac.stanford.edu>
	SlotName: slot_abrought_12392_1_17@sdfrome022.sdf.slac.stanford.edu
...
006 (1973373.000.000) 2023-12-14 02:30:41 Image size of job updated: 6300
	1  -  MemoryUsage of job (MB)
	60  -  ResidentSetSize of job (KB)
...
006 (1973373.000.000) 2023-12-14 02:34:23 Image size of job updated: 2066656
	648  -  MemoryUsage of job (MB)
	662584  -  ResidentSetSize of job (KB)
...
040 (1973373.000.000) 2023-12-14 02:34:23 Started transferring output files
...
040 (1973373.000.000) 2023-12-14 02:34:23 Finished transferring output files
...
005 (1973373.000.000) 2023-12-14 02:34:23 Job terminated.
	(1) Normal termination (return value 0)
		Usr 0 00:00:17, Sys 0 00:00:02  -  Run Remote Usage
		Usr 0 00:00:00, Sys 0 00:00:00  -  Run Local Usage
		Usr 0 00:00:17, Sys 0 00:00:02  -  Total Remote Usage
		Usr 0 00:00:00, Sys 0 00:00:00  -  Total Local Usage
	18807  -  Run Bytes Sent By Job
	0  -  Run Bytes Received By Job
	18807  -  Total Bytes Sent By Job
	0  -  Total Bytes Received By Job
	Partitionable Resources :    Usage  Request Allocated 
	   Cpus                 :     0.18        1         1 
	   Disk (KB)            :    97           2    312194 
	   Memory (MB)          :   648        2048      2048 

	Job terminated of its own accord at 2023-12-14T10:34:23Z with exit-code 0.
...
