000 (1969667.000.000) 2023-12-14 02:17:11 Job submitted from host: <172.24.33.226:11547?addrs=172.24.33.226-11547&alias=sdfrome002.sdf.slac.stanford.edu>
    DAG Node: ab6c805b-701c-4bf8-86dc-bbcfad05b096_ptcIsr_2023111301128_23
...
040 (1969667.000.000) 2023-12-14 02:19:27 Finished transferring input files
...
001 (1969667.000.000) 2023-12-14 02:19:27 Job executing on host: <172.24.48.193:46283?CCBID=172.24.33.225:9618%3faddrs%3d172.24.33.225-9618%26alias%3dsdfrome001.sdf.slac.stanford.edu#6219697&PrivNet=sdfmilan121.sdf.slac.stanford.edu&addrs=172.24.48.193-46283&alias=sdfmilan121.sdf.slac.stanford.edu>
	SlotName: slot_abrought_10210_1_22@sdfmilan121.sdf.slac.stanford.edu
...
006 (1969667.000.000) 2023-12-14 02:19:36 Image size of job updated: 69764
	16  -  MemoryUsage of job (MB)
	16332  -  ResidentSetSize of job (KB)
...
006 (1969667.000.000) 2023-12-14 02:20:27 Image size of job updated: 2169448
	637  -  MemoryUsage of job (MB)
	652060  -  ResidentSetSize of job (KB)
...
040 (1969667.000.000) 2023-12-14 02:20:27 Started transferring output files
...
040 (1969667.000.000) 2023-12-14 02:20:27 Finished transferring output files
...
005 (1969667.000.000) 2023-12-14 02:20:27 Job terminated.
	(1) Normal termination (return value 0)
		Usr 0 00:00:25, Sys 0 00:00:04  -  Run Remote Usage
		Usr 0 00:00:00, Sys 0 00:00:00  -  Run Local Usage
		Usr 0 00:00:25, Sys 0 00:00:04  -  Total Remote Usage
		Usr 0 00:00:00, Sys 0 00:00:00  -  Total Local Usage
	18532  -  Run Bytes Sent By Job
	0  -  Run Bytes Received By Job
	18532  -  Total Bytes Sent By Job
	0  -  Total Bytes Received By Job
	Partitionable Resources :    Usage  Request Allocated 
	   Cpus                 :                 1         1 
	   Disk (KB)            :       90        2    311595 
	   Memory (MB)          :      637     2048      2048 

	Job terminated of its own accord at 2023-12-14T10:20:27Z with exit-code 0.
...
