000 (1973327.000.000) 2023-12-14 02:17:55 Job submitted from host: <172.24.33.226:11547?addrs=172.24.33.226-11547&alias=sdfrome002.sdf.slac.stanford.edu>
    DAG Node: f6eb456c-b651-4961-9cc5-5a15cc754c91_ptcIsr_2023111200479_23
...
040 (1973327.000.000) 2023-12-14 02:30:23 Finished transferring input files
...
001 (1973327.000.000) 2023-12-14 02:30:24 Job executing on host: <172.24.48.185:41489?CCBID=172.24.33.225:9618%3faddrs%3d172.24.33.225-9618%26alias%3dsdfrome001.sdf.slac.stanford.edu#6219699&PrivNet=sdfmilan113.sdf.slac.stanford.edu&addrs=172.24.48.185-41489&alias=sdfmilan113.sdf.slac.stanford.edu>
	SlotName: slot_abrought_18623_1_18@sdfmilan113.sdf.slac.stanford.edu
...
006 (1973327.000.000) 2023-12-14 02:30:33 Image size of job updated: 53424
	24  -  MemoryUsage of job (MB)
	24396  -  ResidentSetSize of job (KB)
...
006 (1973327.000.000) 2023-12-14 02:31:27 Image size of job updated: 2076120
	626  -  MemoryUsage of job (MB)
	640996  -  ResidentSetSize of job (KB)
...
040 (1973327.000.000) 2023-12-14 02:31:27 Started transferring output files
...
040 (1973327.000.000) 2023-12-14 02:31:27 Finished transferring output files
...
005 (1973327.000.000) 2023-12-14 02:31:27 Job terminated.
	(1) Normal termination (return value 0)
		Usr 0 00:00:20, Sys 0 00:00:03  -  Run Remote Usage
		Usr 0 00:00:00, Sys 0 00:00:00  -  Run Local Usage
		Usr 0 00:00:20, Sys 0 00:00:03  -  Total Remote Usage
		Usr 0 00:00:00, Sys 0 00:00:00  -  Total Local Usage
	19075  -  Run Bytes Sent By Job
	0  -  Run Bytes Received By Job
	19075  -  Total Bytes Sent By Job
	0  -  Total Bytes Received By Job
	Partitionable Resources :    Usage  Request Allocated 
	   Cpus                 :                 1         1 
	   Disk (KB)            :       91        2    312194 
	   Memory (MB)          :      626     2048      2048 

	Job terminated of its own accord at 2023-12-14T10:31:27Z with exit-code 0.
...
