000 (1970958.000.000) 2023-12-14 02:17:25 Job submitted from host: <172.24.33.226:11547?addrs=172.24.33.226-11547&alias=sdfrome002.sdf.slac.stanford.edu>
    DAG Node: 325ac7fd-3ed8-4246-a6c2-c6965229b087_ptcIsr_2023111101620_23
...
040 (1970958.000.000) 2023-12-14 02:23:40 Finished transferring input files
...
001 (1970958.000.000) 2023-12-14 02:23:40 Job executing on host: <172.24.33.213:43829?CCBID=172.24.33.225:9618%3faddrs%3d172.24.33.225-9618%26alias%3dsdfrome001.sdf.slac.stanford.edu#6220038&PrivNet=sdfrome022.sdf.slac.stanford.edu&addrs=172.24.33.213-43829&alias=sdfrome022.sdf.slac.stanford.edu>
	SlotName: slot_abrought_31850_1_17@sdfrome022.sdf.slac.stanford.edu
...
006 (1970958.000.000) 2023-12-14 02:23:50 Image size of job updated: 69764
	26  -  MemoryUsage of job (MB)
	26440  -  ResidentSetSize of job (KB)
...
006 (1970958.000.000) 2023-12-14 02:24:29 Image size of job updated: 2000872
	611  -  MemoryUsage of job (MB)
	625492  -  ResidentSetSize of job (KB)
...
040 (1970958.000.000) 2023-12-14 02:24:30 Started transferring output files
...
040 (1970958.000.000) 2023-12-14 02:24:30 Finished transferring output files
...
005 (1970958.000.000) 2023-12-14 02:24:30 Job terminated.
	(1) Normal termination (return value 0)
		Usr 0 00:00:24, Sys 0 00:00:04  -  Run Remote Usage
		Usr 0 00:00:00, Sys 0 00:00:00  -  Run Local Usage
		Usr 0 00:00:24, Sys 0 00:00:04  -  Total Remote Usage
		Usr 0 00:00:00, Sys 0 00:00:00  -  Total Local Usage
	18532  -  Run Bytes Sent By Job
	0  -  Run Bytes Received By Job
	18532  -  Total Bytes Sent By Job
	0  -  Total Bytes Received By Job
	Partitionable Resources :    Usage  Request Allocated 
	   Cpus                 :     0.97        1         1 
	   Disk (KB)            :    97           2    312194 
	   Memory (MB)          :   611        2048      2048 

	Job terminated of its own accord at 2023-12-14T10:24:29Z with exit-code 0.
...
