000 (1973395.000.000) 2023-12-14 02:17:55 Job submitted from host: <172.24.33.226:11547?addrs=172.24.33.226-11547&alias=sdfrome002.sdf.slac.stanford.edu>
    DAG Node: 3db889d9-4067-4eb2-84d4-d89bc7b299fd_ptcIsr_2023111102047_23
...
040 (1973395.000.000) 2023-12-14 02:30:35 Finished transferring input files
...
001 (1973395.000.000) 2023-12-14 02:30:35 Job executing on host: <172.24.48.186:33679?CCBID=172.24.33.225:9618%3faddrs%3d172.24.33.225-9618%26alias%3dsdfrome001.sdf.slac.stanford.edu#6219700&PrivNet=sdfmilan114.sdf.slac.stanford.edu&addrs=172.24.48.186-33679&alias=sdfmilan114.sdf.slac.stanford.edu>
	SlotName: slot_abrought_14493_1_10@sdfmilan114.sdf.slac.stanford.edu
...
006 (1973395.000.000) 2023-12-14 02:30:44 Image size of job updated: 325976
	113  -  MemoryUsage of job (MB)
	115456  -  ResidentSetSize of job (KB)
...
006 (1973395.000.000) 2023-12-14 02:31:29 Image size of job updated: 2117128
	875  -  MemoryUsage of job (MB)
	895128  -  ResidentSetSize of job (KB)
...
040 (1973395.000.000) 2023-12-14 02:31:29 Started transferring output files
...
040 (1973395.000.000) 2023-12-14 02:31:29 Finished transferring output files
...
005 (1973395.000.000) 2023-12-14 02:31:29 Job terminated.
	(1) Normal termination (return value 0)
		Usr 0 00:00:22, Sys 0 00:00:03  -  Run Remote Usage
		Usr 0 00:00:00, Sys 0 00:00:00  -  Run Local Usage
		Usr 0 00:00:22, Sys 0 00:00:03  -  Total Remote Usage
		Usr 0 00:00:00, Sys 0 00:00:00  -  Total Local Usage
	19075  -  Run Bytes Sent By Job
	0  -  Run Bytes Received By Job
	19075  -  Total Bytes Sent By Job
	0  -  Total Bytes Received By Job
	Partitionable Resources :    Usage  Request Allocated 
	   Cpus                 :                 1         1 
	   Disk (KB)            :       91        2    312193 
	   Memory (MB)          :      875     2048      2048 

	Job terminated of its own accord at 2023-12-14T10:31:29Z with exit-code 0.
...
