000 (1973306.000.000) 2023-12-14 02:17:55 Job submitted from host: <172.24.33.226:11547?addrs=172.24.33.226-11547&alias=sdfrome002.sdf.slac.stanford.edu>
    DAG Node: f6d577eb-2e46-49fb-9a66-dc293a9e76d7_ptcIsr_2023111101524_23
...
040 (1973306.000.000) 2023-12-14 02:30:18 Finished transferring input files
...
001 (1973306.000.000) 2023-12-14 02:30:18 Job executing on host: <172.24.33.147:42953?CCBID=172.24.33.225:9618%3faddrs%3d172.24.33.225-9618%26alias%3dsdfrome001.sdf.slac.stanford.edu#6219703&PrivNet=sdfrome082.sdf.slac.stanford.edu&addrs=172.24.33.147-42953&alias=sdfrome082.sdf.slac.stanford.edu>
	SlotName: slot_abrought_48_1_7@sdfrome082.sdf.slac.stanford.edu
...
006 (1973306.000.000) 2023-12-14 02:30:27 Image size of job updated: 344776
	130  -  MemoryUsage of job (MB)
	133108  -  ResidentSetSize of job (KB)
...
006 (1973306.000.000) 2023-12-14 02:31:08 Image size of job updated: 2032668
	616  -  MemoryUsage of job (MB)
	630116  -  ResidentSetSize of job (KB)
...
040 (1973306.000.000) 2023-12-14 02:31:08 Started transferring output files
...
040 (1973306.000.000) 2023-12-14 02:31:08 Finished transferring output files
...
005 (1973306.000.000) 2023-12-14 02:31:08 Job terminated.
	(1) Normal termination (return value 0)
		Usr 0 00:00:20, Sys 0 00:00:03  -  Run Remote Usage
		Usr 0 00:00:00, Sys 0 00:00:00  -  Run Local Usage
		Usr 0 00:00:20, Sys 0 00:00:03  -  Total Remote Usage
		Usr 0 00:00:00, Sys 0 00:00:00  -  Total Local Usage
	18805  -  Run Bytes Sent By Job
	0  -  Run Bytes Received By Job
	18805  -  Total Bytes Sent By Job
	0  -  Total Bytes Received By Job
	Partitionable Resources :    Usage  Request Allocated 
	   Cpus                 :                 1         1 
	   Disk (KB)            :       90        2    312116 
	   Memory (MB)          :      616     2048      2048 

	Job terminated of its own accord at 2023-12-14T10:31:08Z with exit-code 0.
...
