000 (1970282.000.000) 2023-12-14 02:17:18 Job submitted from host: <172.24.33.226:11547?addrs=172.24.33.226-11547&alias=sdfrome002.sdf.slac.stanford.edu>
    DAG Node: a0157f93-2333-449d-8f26-b284f20b0c34_ptcIsr_2023111101665_23
...
040 (1970282.000.000) 2023-12-14 02:21:22 Finished transferring input files
...
001 (1970282.000.000) 2023-12-14 02:21:22 Job executing on host: <172.24.48.185:41489?CCBID=172.24.33.225:9618%3faddrs%3d172.24.33.225-9618%26alias%3dsdfrome001.sdf.slac.stanford.edu#6219699&PrivNet=sdfmilan113.sdf.slac.stanford.edu&addrs=172.24.48.185-41489&alias=sdfmilan113.sdf.slac.stanford.edu>
	SlotName: slot_abrought_18623_1_16@sdfmilan113.sdf.slac.stanford.edu
...
006 (1970282.000.000) 2023-12-14 02:21:30 Image size of job updated: 280760
	73  -  MemoryUsage of job (MB)
	74588  -  ResidentSetSize of job (KB)
...
006 (1970282.000.000) 2023-12-14 02:22:41 Image size of job updated: 1874124
	1087  -  MemoryUsage of job (MB)
	1112464  -  ResidentSetSize of job (KB)
...
040 (1970282.000.000) 2023-12-14 02:22:41 Started transferring output files
...
040 (1970282.000.000) 2023-12-14 02:22:41 Finished transferring output files
...
005 (1970282.000.000) 2023-12-14 02:22:41 Job terminated.
	(1) Normal termination (return value 0)
		Usr 0 00:00:13, Sys 0 00:00:02  -  Run Remote Usage
		Usr 0 00:00:00, Sys 0 00:00:00  -  Run Local Usage
		Usr 0 00:00:13, Sys 0 00:00:02  -  Total Remote Usage
		Usr 0 00:00:00, Sys 0 00:00:00  -  Total Local Usage
	19073  -  Run Bytes Sent By Job
	0  -  Run Bytes Received By Job
	19073  -  Total Bytes Sent By Job
	0  -  Total Bytes Received By Job
	Partitionable Resources :    Usage  Request Allocated 
	   Cpus                 :     0.11        1         1 
	   Disk (KB)            :    97           2    312194 
	   Memory (MB)          :  1087        2048      2048 

	Job terminated of its own accord at 2023-12-14T10:22:41Z with exit-code 0.
...
