000 (1972733.000.000) 2023-12-14 02:17:48 Job submitted from host: <172.24.33.226:11547?addrs=172.24.33.226-11547&alias=sdfrome002.sdf.slac.stanford.edu>
    DAG Node: dcd55b3e-5762-4f2a-bd52-e0bff7c9b4e9_ptcIsr_2023111300594_23
...
040 (1972733.000.000) 2023-12-14 02:28:53 Finished transferring input files
...
001 (1972733.000.000) 2023-12-14 02:28:53 Job executing on host: <172.24.33.124:39697?CCBID=172.24.33.225:9618%3faddrs%3d172.24.33.225-9618%26alias%3dsdfrome001.sdf.slac.stanford.edu#6220015&PrivNet=sdfrome059.sdf.slac.stanford.edu&addrs=172.24.33.124-39697&alias=sdfrome059.sdf.slac.stanford.edu>
	SlotName: slot_abrought_7836_1_17@sdfrome059.sdf.slac.stanford.edu
...
006 (1972733.000.000) 2023-12-14 02:29:02 Image size of job updated: 6300
	1  -  MemoryUsage of job (MB)
	60  -  ResidentSetSize of job (KB)
...
006 (1972733.000.000) 2023-12-14 02:29:49 Image size of job updated: 2287140
	1  -  MemoryUsage of job (MB)
	60  -  ResidentSetSize of job (KB)
...
040 (1972733.000.000) 2023-12-14 02:29:49 Started transferring output files
...
040 (1972733.000.000) 2023-12-14 02:29:49 Finished transferring output files
...
005 (1972733.000.000) 2023-12-14 02:29:49 Job terminated.
	(1) Normal termination (return value 0)
		Usr 0 00:00:22, Sys 0 00:00:04  -  Run Remote Usage
		Usr 0 00:00:00, Sys 0 00:00:00  -  Run Local Usage
		Usr 0 00:00:22, Sys 0 00:00:04  -  Total Remote Usage
		Usr 0 00:00:00, Sys 0 00:00:00  -  Total Local Usage
	19072  -  Run Bytes Sent By Job
	0  -  Run Bytes Received By Job
	19072  -  Total Bytes Sent By Job
	0  -  Total Bytes Received By Job
	Partitionable Resources :    Usage  Request Allocated 
	   Cpus                 :     0.18        1         1 
	   Disk (KB)            :    97           2    312194 
	   Memory (MB)          :     1        2048      2048 

	Job terminated of its own accord at 2023-12-14T10:29:49Z with exit-code 0.
...
