000 (1970211.000.000) 2023-12-14 02:17:18 Job submitted from host: <172.24.33.226:11547?addrs=172.24.33.226-11547&alias=sdfrome002.sdf.slac.stanford.edu>
    DAG Node: 8847fded-a582-4531-b8e4-1444f2293010_ptcIsr_2023111300455_23
...
040 (1970211.000.000) 2023-12-14 02:21:11 Finished transferring input files
...
001 (1970211.000.000) 2023-12-14 02:21:11 Job executing on host: <172.24.33.147:42953?CCBID=172.24.33.225:9618%3faddrs%3d172.24.33.225-9618%26alias%3dsdfrome001.sdf.slac.stanford.edu#6219703&PrivNet=sdfrome082.sdf.slac.stanford.edu&addrs=172.24.33.147-42953&alias=sdfrome082.sdf.slac.stanford.edu>
	SlotName: slot_abrought_48_1_11@sdfrome082.sdf.slac.stanford.edu
...
006 (1970211.000.000) 2023-12-14 02:21:20 Image size of job updated: 337036
	125  -  MemoryUsage of job (MB)
	127208  -  ResidentSetSize of job (KB)
...
006 (1970211.000.000) 2023-12-14 02:22:01 Image size of job updated: 2068580
	667  -  MemoryUsage of job (MB)
	682572  -  ResidentSetSize of job (KB)
...
040 (1970211.000.000) 2023-12-14 02:22:01 Started transferring output files
...
040 (1970211.000.000) 2023-12-14 02:22:01 Finished transferring output files
...
005 (1970211.000.000) 2023-12-14 02:22:01 Job terminated.
	(1) Normal termination (return value 0)
		Usr 0 00:00:18, Sys 0 00:00:03  -  Run Remote Usage
		Usr 0 00:00:00, Sys 0 00:00:00  -  Run Local Usage
		Usr 0 00:00:18, Sys 0 00:00:03  -  Total Remote Usage
		Usr 0 00:00:00, Sys 0 00:00:00  -  Total Local Usage
	18805  -  Run Bytes Sent By Job
	0  -  Run Bytes Received By Job
	18805  -  Total Bytes Sent By Job
	0  -  Total Bytes Received By Job
	Partitionable Resources :    Usage  Request Allocated 
	   Cpus                 :     0.14        1         1 
	   Disk (KB)            :    97           2    312116 
	   Memory (MB)          :   667        2048      2048 

	Job terminated of its own accord at 2023-12-14T10:22:01Z with exit-code 0.
...
