000 (1969995.000.000) 2023-12-14 02:17:17 Job submitted from host: <172.24.33.226:11547?addrs=172.24.33.226-11547&alias=sdfrome002.sdf.slac.stanford.edu>
    DAG Node: 8bf77c40-3e3b-447f-aded-3dcaabf64500_ptcIsr_2023111201686_23
...
040 (1969995.000.000) 2023-12-14 02:20:15 Finished transferring input files
...
001 (1969995.000.000) 2023-12-14 02:20:15 Job executing on host: <172.24.33.213:34935?CCBID=172.24.33.225:9618%3faddrs%3d172.24.33.225-9618%26alias%3dsdfrome001.sdf.slac.stanford.edu#6220035&PrivNet=sdfrome022.sdf.slac.stanford.edu&addrs=172.24.33.213-34935&alias=sdfrome022.sdf.slac.stanford.edu>
	SlotName: slot_abrought_12392_1_22@sdfrome022.sdf.slac.stanford.edu
...
006 (1969995.000.000) 2023-12-14 02:20:24 Image size of job updated: 460
	1  -  MemoryUsage of job (MB)
	60  -  ResidentSetSize of job (KB)
...
006 (1969995.000.000) 2023-12-14 02:25:25 Image size of job updated: 2122040
	1291  -  MemoryUsage of job (MB)
	1321852  -  ResidentSetSize of job (KB)
...
040 (1969995.000.000) 2023-12-14 02:25:36 Started transferring output files
...
040 (1969995.000.000) 2023-12-14 02:25:36 Finished transferring output files
...
005 (1969995.000.000) 2023-12-14 02:25:36 Job terminated.
	(1) Normal termination (return value 0)
		Usr 0 00:00:20, Sys 0 00:00:04  -  Run Remote Usage
		Usr 0 00:00:00, Sys 0 00:00:00  -  Run Local Usage
		Usr 0 00:00:20, Sys 0 00:00:04  -  Total Remote Usage
		Usr 0 00:00:00, Sys 0 00:00:00  -  Total Local Usage
	19074  -  Run Bytes Sent By Job
	0  -  Run Bytes Received By Job
	19074  -  Total Bytes Sent By Job
	0  -  Total Bytes Received By Job
	Partitionable Resources :    Usage  Request Allocated 
	   Cpus                 :     0.10        1         1 
	   Disk (KB)            : 25689           2    312194 
	   Memory (MB)          :  1291        2048      2048 

	Job terminated of its own accord at 2023-12-14T10:25:35Z with exit-code 0.
...
