000 (1971873.000.000) 2023-12-14 02:17:37 Job submitted from host: <172.24.33.226:11547?addrs=172.24.33.226-11547&alias=sdfrome002.sdf.slac.stanford.edu>
    DAG Node: 927a9b14-c86f-45ad-9ac5-95640dc4c6d0_ptcIsr_2023111101509_23
...
040 (1971873.000.000) 2023-12-14 02:26:12 Finished transferring input files
...
001 (1971873.000.000) 2023-12-14 02:26:12 Job executing on host: <172.24.48.185:41489?CCBID=172.24.33.225:9618%3faddrs%3d172.24.33.225-9618%26alias%3dsdfrome001.sdf.slac.stanford.edu#6219699&PrivNet=sdfmilan113.sdf.slac.stanford.edu&addrs=172.24.48.185-41489&alias=sdfmilan113.sdf.slac.stanford.edu>
	SlotName: slot_abrought_18623_1_10@sdfmilan113.sdf.slac.stanford.edu
...
006 (1971873.000.000) 2023-12-14 02:26:21 Image size of job updated: 264500
	58  -  MemoryUsage of job (MB)
	59252  -  ResidentSetSize of job (KB)
...
006 (1971873.000.000) 2023-12-14 02:27:29 Image size of job updated: 1995288
	614  -  MemoryUsage of job (MB)
	627936  -  ResidentSetSize of job (KB)
...
040 (1971873.000.000) 2023-12-14 02:27:29 Started transferring output files
...
040 (1971873.000.000) 2023-12-14 02:27:29 Finished transferring output files
...
005 (1971873.000.000) 2023-12-14 02:27:29 Job terminated.
	(1) Normal termination (return value 0)
		Usr 0 00:00:23, Sys 0 00:00:03  -  Run Remote Usage
		Usr 0 00:00:00, Sys 0 00:00:00  -  Run Local Usage
		Usr 0 00:00:23, Sys 0 00:00:03  -  Total Remote Usage
		Usr 0 00:00:00, Sys 0 00:00:00  -  Total Local Usage
	18532  -  Run Bytes Sent By Job
	0  -  Run Bytes Received By Job
	18532  -  Total Bytes Sent By Job
	0  -  Total Bytes Received By Job
	Partitionable Resources :    Usage  Request Allocated 
	   Cpus                 :     0.19        1         1 
	   Disk (KB)            :    97           2    312194 
	   Memory (MB)          :   614        2048      2048 

	Job terminated of its own accord at 2023-12-14T10:27:29Z with exit-code 0.
...
