000 (1972660.000.000) 2023-12-14 02:17:47 Job submitted from host: <172.24.33.226:11547?addrs=172.24.33.226-11547&alias=sdfrome002.sdf.slac.stanford.edu>
    DAG Node: b08ad769-0756-4217-8dba-c6672229159c_ptcIsr_2023111203297_23
...
040 (1972660.000.000) 2023-12-14 02:28:35 Finished transferring input files
...
001 (1972660.000.000) 2023-12-14 02:28:35 Job executing on host: <172.24.48.149:38613?CCBID=172.24.33.225:9618%3faddrs%3d172.24.33.225-9618%26alias%3dsdfrome001.sdf.slac.stanford.edu#6219698&PrivNet=sdfmilan049.sdf.slac.stanford.edu&addrs=172.24.48.149-38613&alias=sdfmilan049.sdf.slac.stanford.edu>
	SlotName: slot_abrought_1727_1_9@sdfmilan049.sdf.slac.stanford.edu
...
006 (1972660.000.000) 2023-12-14 02:28:43 Image size of job updated: 281024
	74  -  MemoryUsage of job (MB)
	75636  -  ResidentSetSize of job (KB)
...
006 (1972660.000.000) 2023-12-14 02:29:42 Image size of job updated: 2062416
	610  -  MemoryUsage of job (MB)
	624564  -  ResidentSetSize of job (KB)
...
040 (1972660.000.000) 2023-12-14 02:29:42 Started transferring output files
...
040 (1972660.000.000) 2023-12-14 02:29:42 Finished transferring output files
...
005 (1972660.000.000) 2023-12-14 02:29:42 Job terminated.
	(1) Normal termination (return value 0)
		Usr 0 00:00:23, Sys 0 00:00:02  -  Run Remote Usage
		Usr 0 00:00:00, Sys 0 00:00:00  -  Run Local Usage
		Usr 0 00:00:23, Sys 0 00:00:02  -  Total Remote Usage
		Usr 0 00:00:00, Sys 0 00:00:00  -  Total Local Usage
	18532  -  Run Bytes Sent By Job
	0  -  Run Bytes Received By Job
	18532  -  Total Bytes Sent By Job
	0  -  Total Bytes Received By Job
	Partitionable Resources :    Usage  Request Allocated 
	   Cpus                 :                 1         1 
	   Disk (KB)            :       90        2    312194 
	   Memory (MB)          :      610     2048      2048 

	Job terminated of its own accord at 2023-12-14T10:29:42Z with exit-code 0.
...
