000 (1972448.000.000) 2023-12-14 02:17:44 Job submitted from host: <172.24.33.226:11547?addrs=172.24.33.226-11547&alias=sdfrome002.sdf.slac.stanford.edu>
    DAG Node: b6d5a020-9870-4ab3-8746-84659f2c27e6_ptcIsr_2023111101173_23
...
040 (1972448.000.000) 2023-12-14 02:27:57 Finished transferring input files
...
001 (1972448.000.000) 2023-12-14 02:27:57 Job executing on host: <172.24.48.193:46283?CCBID=172.24.33.225:9618%3faddrs%3d172.24.33.225-9618%26alias%3dsdfrome001.sdf.slac.stanford.edu#6219697&PrivNet=sdfmilan121.sdf.slac.stanford.edu&addrs=172.24.48.193-46283&alias=sdfmilan121.sdf.slac.stanford.edu>
	SlotName: slot_abrought_10210_1_16@sdfmilan121.sdf.slac.stanford.edu
...
006 (1972448.000.000) 2023-12-14 02:28:06 Image size of job updated: 280748
	74  -  MemoryUsage of job (MB)
	75304  -  ResidentSetSize of job (KB)
...
006 (1972448.000.000) 2023-12-14 02:28:52 Image size of job updated: 2135108
	619  -  MemoryUsage of job (MB)
	633500  -  ResidentSetSize of job (KB)
...
040 (1972448.000.000) 2023-12-14 02:28:52 Started transferring output files
...
040 (1972448.000.000) 2023-12-14 02:28:52 Finished transferring output files
...
005 (1972448.000.000) 2023-12-14 02:28:52 Job terminated.
	(1) Normal termination (return value 0)
		Usr 0 00:00:24, Sys 0 00:00:04  -  Run Remote Usage
		Usr 0 00:00:00, Sys 0 00:00:00  -  Run Local Usage
		Usr 0 00:00:24, Sys 0 00:00:04  -  Total Remote Usage
		Usr 0 00:00:00, Sys 0 00:00:00  -  Total Local Usage
	19073  -  Run Bytes Sent By Job
	0  -  Run Bytes Received By Job
	19073  -  Total Bytes Sent By Job
	0  -  Total Bytes Received By Job
	Partitionable Resources :    Usage  Request Allocated 
	   Cpus                 :                 1         1 
	   Disk (KB)            :       91        2    311595 
	   Memory (MB)          :      619     2048      2048 

	Job terminated of its own accord at 2023-12-14T10:28:52Z with exit-code 0.
...
