000 (1969414.000.000) 2023-12-14 02:17:08 Job submitted from host: <172.24.33.226:11547?addrs=172.24.33.226-11547&alias=sdfrome002.sdf.slac.stanford.edu>
    DAG Node: 9911d7b2-953d-403c-8eac-7d684f53c6e5_ptcIsr_2023111200543_23
...
040 (1969414.000.000) 2023-12-14 02:17:10 Finished transferring input files
...
001 (1969414.000.000) 2023-12-14 02:17:10 Job executing on host: <172.24.48.193:46283?CCBID=172.24.33.225:9618%3faddrs%3d172.24.33.225-9618%26alias%3dsdfrome001.sdf.slac.stanford.edu#6219697&PrivNet=sdfmilan121.sdf.slac.stanford.edu&addrs=172.24.48.193-46283&alias=sdfmilan121.sdf.slac.stanford.edu>
	SlotName: slot_abrought_10210_1_16@sdfmilan121.sdf.slac.stanford.edu
...
006 (1969414.000.000) 2023-12-14 02:17:19 Image size of job updated: 265896
	60  -  MemoryUsage of job (MB)
	61348  -  ResidentSetSize of job (KB)
...
006 (1969414.000.000) 2023-12-14 02:18:08 Image size of job updated: 2176232
	633  -  MemoryUsage of job (MB)
	647416  -  ResidentSetSize of job (KB)
...
040 (1969414.000.000) 2023-12-14 02:18:08 Started transferring output files
...
040 (1969414.000.000) 2023-12-14 02:18:08 Finished transferring output files
...
005 (1969414.000.000) 2023-12-14 02:18:08 Job terminated.
	(1) Normal termination (return value 0)
		Usr 0 00:00:22, Sys 0 00:00:03  -  Run Remote Usage
		Usr 0 00:00:00, Sys 0 00:00:00  -  Run Local Usage
		Usr 0 00:00:22, Sys 0 00:00:03  -  Total Remote Usage
		Usr 0 00:00:00, Sys 0 00:00:00  -  Total Local Usage
	19076  -  Run Bytes Sent By Job
	0  -  Run Bytes Received By Job
	19076  -  Total Bytes Sent By Job
	0  -  Total Bytes Received By Job
	Partitionable Resources :    Usage  Request Allocated 
	   Cpus                 :                 1         1 
	   Disk (KB)            :       90        2    311595 
	   Memory (MB)          :      633     2048      2048 

	Job terminated of its own accord at 2023-12-14T10:18:08Z with exit-code 0.
...
