000 (1969653.000.000) 2023-12-14 02:17:11 Job submitted from host: <172.24.33.226:11547?addrs=172.24.33.226-11547&alias=sdfrome002.sdf.slac.stanford.edu>
    DAG Node: d104a854-1c8d-4541-a690-8586abe30ca3_ptcIsr_2023110800514_23
...
040 (1969653.000.000) 2023-12-14 02:19:19 Finished transferring input files
...
001 (1969653.000.000) 2023-12-14 02:19:19 Job executing on host: <172.24.33.147:42953?CCBID=172.24.33.225:9618%3faddrs%3d172.24.33.225-9618%26alias%3dsdfrome001.sdf.slac.stanford.edu#6219703&PrivNet=sdfrome082.sdf.slac.stanford.edu&addrs=172.24.33.147-42953&alias=sdfrome082.sdf.slac.stanford.edu>
	SlotName: slot_abrought_48_1_21@sdfrome082.sdf.slac.stanford.edu
...
006 (1969653.000.000) 2023-12-14 02:19:28 Image size of job updated: 34560
	18  -  MemoryUsage of job (MB)
	18408  -  ResidentSetSize of job (KB)
...
006 (1969653.000.000) 2023-12-14 02:20:19 Image size of job updated: 1999376
	624  -  MemoryUsage of job (MB)
	638528  -  ResidentSetSize of job (KB)
...
040 (1969653.000.000) 2023-12-14 02:20:19 Started transferring output files
...
040 (1969653.000.000) 2023-12-14 02:20:19 Finished transferring output files
...
005 (1969653.000.000) 2023-12-14 02:20:19 Job terminated.
	(1) Normal termination (return value 0)
		Usr 0 00:00:22, Sys 0 00:00:03  -  Run Remote Usage
		Usr 0 00:00:00, Sys 0 00:00:00  -  Run Local Usage
		Usr 0 00:00:22, Sys 0 00:00:03  -  Total Remote Usage
		Usr 0 00:00:00, Sys 0 00:00:00  -  Total Local Usage
	18532  -  Run Bytes Sent By Job
	0  -  Run Bytes Received By Job
	18532  -  Total Bytes Sent By Job
	0  -  Total Bytes Received By Job
	Partitionable Resources :    Usage  Request Allocated 
	   Cpus                 :                 1         1 
	   Disk (KB)            :       90        2    312116 
	   Memory (MB)          :      624     2048      2048 

	Job terminated of its own accord at 2023-12-14T10:20:19Z with exit-code 0.
...
