000 (1971204.000.000) 2023-12-14 02:17:30 Job submitted from host: <172.24.33.226:11547?addrs=172.24.33.226-11547&alias=sdfrome002.sdf.slac.stanford.edu>
    DAG Node: 807abe69-f018-4064-b70c-dd139e472846_ptcIsr_2023111300333_23
...
040 (1971204.000.000) 2023-12-14 02:24:21 Finished transferring input files
...
001 (1971204.000.000) 2023-12-14 02:24:21 Job executing on host: <172.24.48.149:38613?CCBID=172.24.33.225:9618%3faddrs%3d172.24.33.225-9618%26alias%3dsdfrome001.sdf.slac.stanford.edu#6219698&PrivNet=sdfmilan049.sdf.slac.stanford.edu&addrs=172.24.48.149-38613&alias=sdfmilan049.sdf.slac.stanford.edu>
	SlotName: slot_abrought_1727_1_16@sdfmilan049.sdf.slac.stanford.edu
...
006 (1971204.000.000) 2023-12-14 02:24:30 Image size of job updated: 58004
	30  -  MemoryUsage of job (MB)
	29956  -  ResidentSetSize of job (KB)
...
006 (1971204.000.000) 2023-12-14 02:25:36 Image size of job updated: 2130972
	659  -  MemoryUsage of job (MB)
	674244  -  ResidentSetSize of job (KB)
...
040 (1971204.000.000) 2023-12-14 02:25:36 Started transferring output files
...
040 (1971204.000.000) 2023-12-14 02:25:36 Finished transferring output files
...
005 (1971204.000.000) 2023-12-14 02:25:37 Job terminated.
	(1) Normal termination (return value 0)
		Usr 0 00:00:24, Sys 0 00:00:02  -  Run Remote Usage
		Usr 0 00:00:00, Sys 0 00:00:00  -  Run Local Usage
		Usr 0 00:00:24, Sys 0 00:00:02  -  Total Remote Usage
		Usr 0 00:00:00, Sys 0 00:00:00  -  Total Local Usage
	18802  -  Run Bytes Sent By Job
	0  -  Run Bytes Received By Job
	18802  -  Total Bytes Sent By Job
	0  -  Total Bytes Received By Job
	Partitionable Resources :    Usage  Request Allocated 
	   Cpus                 :                 1         1 
	   Disk (KB)            :       90        2    312194 
	   Memory (MB)          :      659     2048      2048 

	Job terminated of its own accord at 2023-12-14T10:25:36Z with exit-code 0.
...
