000 (1970199.000.000) 2023-12-14 02:17:18 Job submitted from host: <172.24.33.226:11547?addrs=172.24.33.226-11547&alias=sdfrome002.sdf.slac.stanford.edu>
    DAG Node: 8b9bc946-e1eb-4a91-bad7-bc81d0209506_ptcIsr_2023111300335_23
...
040 (1970199.000.000) 2023-12-14 02:21:07 Finished transferring input files
...
001 (1970199.000.000) 2023-12-14 02:21:07 Job executing on host: <172.24.48.186:33679?CCBID=172.24.33.225:9618%3faddrs%3d172.24.33.225-9618%26alias%3dsdfrome001.sdf.slac.stanford.edu#6219700&PrivNet=sdfmilan114.sdf.slac.stanford.edu&addrs=172.24.48.186-33679&alias=sdfmilan114.sdf.slac.stanford.edu>
	SlotName: slot_abrought_14493_1_22@sdfmilan114.sdf.slac.stanford.edu
...
006 (1970199.000.000) 2023-12-14 02:21:15 Image size of job updated: 268100
	62  -  MemoryUsage of job (MB)
	62644  -  ResidentSetSize of job (KB)
...
006 (1970199.000.000) 2023-12-14 02:22:13 Image size of job updated: 2165424
	1317  -  MemoryUsage of job (MB)
	1348048  -  ResidentSetSize of job (KB)
...
040 (1970199.000.000) 2023-12-14 02:22:13 Started transferring output files
...
040 (1970199.000.000) 2023-12-14 02:22:13 Finished transferring output files
...
005 (1970199.000.000) 2023-12-14 02:22:13 Job terminated.
	(1) Normal termination (return value 0)
		Usr 0 00:00:19, Sys 0 00:00:03  -  Run Remote Usage
		Usr 0 00:00:00, Sys 0 00:00:00  -  Run Local Usage
		Usr 0 00:00:19, Sys 0 00:00:03  -  Total Remote Usage
		Usr 0 00:00:00, Sys 0 00:00:00  -  Total Local Usage
	19074  -  Run Bytes Sent By Job
	0  -  Run Bytes Received By Job
	19074  -  Total Bytes Sent By Job
	0  -  Total Bytes Received By Job
	Partitionable Resources :    Usage  Request Allocated 
	   Cpus                 :     0.36        1         1 
	   Disk (KB)            :    97           2    312193 
	   Memory (MB)          :  1317        2048      2048 

	Job terminated of its own accord at 2023-12-14T10:22:13Z with exit-code 0.
...
