000 (1969800.000.000) 2023-12-14 02:17:12 Job submitted from host: <172.24.33.226:11547?addrs=172.24.33.226-11547&alias=sdfrome002.sdf.slac.stanford.edu>
    DAG Node: d3d204d8-9329-4e0c-94be-93c789d7877b_ptcIsr_2023111101839_23
...
040 (1969800.000.000) 2023-12-14 02:20:10 Finished transferring input files
...
001 (1969800.000.000) 2023-12-14 02:20:10 Job executing on host: <172.24.33.213:41587?CCBID=172.24.33.225:9618%3faddrs%3d172.24.33.225-9618%26alias%3dsdfrome001.sdf.slac.stanford.edu#6220036&PrivNet=sdfrome022.sdf.slac.stanford.edu&addrs=172.24.33.213-41587&alias=sdfrome022.sdf.slac.stanford.edu>
	SlotName: slot_abrought_5117_1_6@sdfrome022.sdf.slac.stanford.edu
...
006 (1969800.000.000) 2023-12-14 02:20:19 Image size of job updated: 30064
	14  -  MemoryUsage of job (MB)
	13692  -  ResidentSetSize of job (KB)
...
006 (1969800.000.000) 2023-12-14 02:23:19 Image size of job updated: 2103188
	14  -  MemoryUsage of job (MB)
	13692  -  ResidentSetSize of job (KB)
...
040 (1969800.000.000) 2023-12-14 02:23:19 Started transferring output files
...
040 (1969800.000.000) 2023-12-14 02:23:19 Finished transferring output files
...
005 (1969800.000.000) 2023-12-14 02:23:19 Job terminated.
	(1) Normal termination (return value 0)
		Usr 0 00:00:18, Sys 0 00:00:04  -  Run Remote Usage
		Usr 0 00:00:00, Sys 0 00:00:00  -  Run Local Usage
		Usr 0 00:00:18, Sys 0 00:00:04  -  Total Remote Usage
		Usr 0 00:00:00, Sys 0 00:00:00  -  Total Local Usage
	18805  -  Run Bytes Sent By Job
	0  -  Run Bytes Received By Job
	18805  -  Total Bytes Sent By Job
	0  -  Total Bytes Received By Job
	Partitionable Resources :    Usage  Request Allocated 
	   Cpus                 :                 1         1 
	   Disk (KB)            :       90        2    312194 
	   Memory (MB)          :       14     2048      2048 

	Job terminated of its own accord at 2023-12-14T10:23:19Z with exit-code 0.
...
