000 (1970158.000.000) 2023-12-14 02:17:18 Job submitted from host: <172.24.33.226:11547?addrs=172.24.33.226-11547&alias=sdfrome002.sdf.slac.stanford.edu>
    DAG Node: 3add5a65-d93d-483d-95c3-9c9d6889778a_ptcIsr_2023111300179_23
...
040 (1970158.000.000) 2023-12-14 02:20:54 Finished transferring input files
...
001 (1970158.000.000) 2023-12-14 02:20:54 Job executing on host: <172.24.33.143:37205?CCBID=172.24.33.225:9618%3faddrs%3d172.24.33.225-9618%26alias%3dsdfrome001.sdf.slac.stanford.edu#6220499&PrivNet=sdfrome078.sdf.slac.stanford.edu&addrs=172.24.33.143-37205&alias=sdfrome078.sdf.slac.stanford.edu>
	SlotName: slot_abrought_7348_1_18@sdfrome078.sdf.slac.stanford.edu
...
006 (1970158.000.000) 2023-12-14 02:21:03 Image size of job updated: 69764
	1  -  MemoryUsage of job (MB)
	556  -  ResidentSetSize of job (KB)
...
006 (1970158.000.000) 2023-12-14 02:22:07 Image size of job updated: 2075380
	616  -  MemoryUsage of job (MB)
	630552  -  ResidentSetSize of job (KB)
...
040 (1970158.000.000) 2023-12-14 02:22:07 Started transferring output files
...
040 (1970158.000.000) 2023-12-14 02:22:07 Finished transferring output files
...
005 (1970158.000.000) 2023-12-14 02:22:08 Job terminated.
	(1) Normal termination (return value 0)
		Usr 0 00:00:26, Sys 0 00:00:06  -  Run Remote Usage
		Usr 0 00:00:00, Sys 0 00:00:00  -  Run Local Usage
		Usr 0 00:00:26, Sys 0 00:00:06  -  Total Remote Usage
		Usr 0 00:00:00, Sys 0 00:00:00  -  Total Local Usage
	18803  -  Run Bytes Sent By Job
	0  -  Run Bytes Received By Job
	18803  -  Total Bytes Sent By Job
	0  -  Total Bytes Received By Job
	Partitionable Resources :    Usage  Request Allocated 
	   Cpus                 :                 1         1 
	   Disk (KB)            :       90        2    312194 
	   Memory (MB)          :      616     2048      2048 

	Job terminated of its own accord at 2023-12-14T10:22:07Z with exit-code 0.
...
