000 (1970487.000.000) 2023-12-14 02:17:19 Job submitted from host: <172.24.33.226:11547?addrs=172.24.33.226-11547&alias=sdfrome002.sdf.slac.stanford.edu>
    DAG Node: 74c34d07-fc62-4b1f-9a3f-fd19eab109ad_ptcIsr_2023111200549_23
...
040 (1970487.000.000) 2023-12-14 02:22:08 Finished transferring input files
...
001 (1970487.000.000) 2023-12-14 02:22:08 Job executing on host: <172.24.33.124:39697?CCBID=172.24.33.225:9618%3faddrs%3d172.24.33.225-9618%26alias%3dsdfrome001.sdf.slac.stanford.edu#6220015&PrivNet=sdfrome059.sdf.slac.stanford.edu&addrs=172.24.33.124-39697&alias=sdfrome059.sdf.slac.stanford.edu>
	SlotName: slot_abrought_7836_1_12@sdfrome059.sdf.slac.stanford.edu
...
006 (1970487.000.000) 2023-12-14 02:22:17 Image size of job updated: 294196
	86  -  MemoryUsage of job (MB)
	87928  -  ResidentSetSize of job (KB)
...
006 (1970487.000.000) 2023-12-14 02:22:54 Image size of job updated: 2146948
	86  -  MemoryUsage of job (MB)
	87928  -  ResidentSetSize of job (KB)
...
040 (1970487.000.000) 2023-12-14 02:22:55 Started transferring output files
...
040 (1970487.000.000) 2023-12-14 02:22:55 Finished transferring output files
...
005 (1970487.000.000) 2023-12-14 02:22:55 Job terminated.
	(1) Normal termination (return value 0)
		Usr 0 00:00:23, Sys 0 00:00:05  -  Run Remote Usage
		Usr 0 00:00:00, Sys 0 00:00:00  -  Run Local Usage
		Usr 0 00:00:23, Sys 0 00:00:05  -  Total Remote Usage
		Usr 0 00:00:00, Sys 0 00:00:00  -  Total Local Usage
	18802  -  Run Bytes Sent By Job
	0  -  Run Bytes Received By Job
	18802  -  Total Bytes Sent By Job
	0  -  Total Bytes Received By Job
	Partitionable Resources :    Usage  Request Allocated 
	   Cpus                 :                 1         1 
	   Disk (KB)            :       90        2    312194 
	   Memory (MB)          :       86     2048      2048 

	Job terminated of its own accord at 2023-12-14T10:22:54Z with exit-code 0.
...
