000 (1972678.000.000) 2023-12-14 02:17:48 Job submitted from host: <172.24.33.226:11547?addrs=172.24.33.226-11547&alias=sdfrome002.sdf.slac.stanford.edu>
    DAG Node: 9ebb1b0e-6d3b-491e-a0cf-2ed7188bcd7e_ptcIsr_2023111203626_23
...
040 (1972678.000.000) 2023-12-14 02:28:40 Finished transferring input files
...
001 (1972678.000.000) 2023-12-14 02:28:40 Job executing on host: <172.24.33.143:37205?CCBID=172.24.33.225:9618%3faddrs%3d172.24.33.225-9618%26alias%3dsdfrome001.sdf.slac.stanford.edu#6220499&PrivNet=sdfrome078.sdf.slac.stanford.edu&addrs=172.24.33.143-37205&alias=sdfrome078.sdf.slac.stanford.edu>
	SlotName: slot_abrought_7348_1_2@sdfrome078.sdf.slac.stanford.edu
...
006 (1972678.000.000) 2023-12-14 02:28:49 Image size of job updated: 27348
	11  -  MemoryUsage of job (MB)
	10804  -  ResidentSetSize of job (KB)
...
006 (1972678.000.000) 2023-12-14 02:29:54 Image size of job updated: 1999084
	631  -  MemoryUsage of job (MB)
	645664  -  ResidentSetSize of job (KB)
...
040 (1972678.000.000) 2023-12-14 02:29:54 Started transferring output files
...
040 (1972678.000.000) 2023-12-14 02:29:54 Finished transferring output files
...
005 (1972678.000.000) 2023-12-14 02:29:54 Job terminated.
	(1) Normal termination (return value 0)
		Usr 0 00:00:22, Sys 0 00:00:03  -  Run Remote Usage
		Usr 0 00:00:00, Sys 0 00:00:00  -  Run Local Usage
		Usr 0 00:00:22, Sys 0 00:00:03  -  Total Remote Usage
		Usr 0 00:00:00, Sys 0 00:00:00  -  Total Local Usage
	18532  -  Run Bytes Sent By Job
	0  -  Run Bytes Received By Job
	18532  -  Total Bytes Sent By Job
	0  -  Total Bytes Received By Job
	Partitionable Resources :    Usage  Request Allocated 
	   Cpus                 :                 1         1 
	   Disk (KB)            :       90        2    312194 
	   Memory (MB)          :      631     2048      2048 

	Job terminated of its own accord at 2023-12-14T10:29:54Z with exit-code 0.
...
