000 (1972668.000.000) 2023-12-14 02:17:47 Job submitted from host: <172.24.33.226:11547?addrs=172.24.33.226-11547&alias=sdfrome002.sdf.slac.stanford.edu>
    DAG Node: e202ea36-4a1c-43eb-8ffc-5f0823ee9efc_ptcIsr_2023111203185_23
...
040 (1972668.000.000) 2023-12-14 02:28:36 Finished transferring input files
...
001 (1972668.000.000) 2023-12-14 02:28:36 Job executing on host: <172.24.33.124:39661?CCBID=172.24.33.225:9618%3faddrs%3d172.24.33.225-9618%26alias%3dsdfrome001.sdf.slac.stanford.edu#6220018&PrivNet=sdfrome059.sdf.slac.stanford.edu&addrs=172.24.33.124-39661&alias=sdfrome059.sdf.slac.stanford.edu>
	SlotName: slot_abrought_25802_1_7@sdfrome059.sdf.slac.stanford.edu
...
006 (1972668.000.000) 2023-12-14 02:28:45 Image size of job updated: 343740
	130  -  MemoryUsage of job (MB)
	132848  -  ResidentSetSize of job (KB)
...
006 (1972668.000.000) 2023-12-14 02:29:15 Image size of job updated: 2095684
	613  -  MemoryUsage of job (MB)
	627204  -  ResidentSetSize of job (KB)
...
040 (1972668.000.000) 2023-12-14 02:29:15 Started transferring output files
...
040 (1972668.000.000) 2023-12-14 02:29:15 Finished transferring output files
...
005 (1972668.000.000) 2023-12-14 02:29:15 Job terminated.
	(1) Normal termination (return value 0)
		Usr 0 00:00:20, Sys 0 00:00:05  -  Run Remote Usage
		Usr 0 00:00:00, Sys 0 00:00:00  -  Run Local Usage
		Usr 0 00:00:20, Sys 0 00:00:05  -  Total Remote Usage
		Usr 0 00:00:00, Sys 0 00:00:00  -  Total Local Usage
	18975  -  Run Bytes Sent By Job
	0  -  Run Bytes Received By Job
	18975  -  Total Bytes Sent By Job
	0  -  Total Bytes Received By Job
	Partitionable Resources :    Usage  Request Allocated 
	   Cpus                 :     0.95        1         1 
	   Disk (KB)            :    97           2    312194 
	   Memory (MB)          :   613        2048      2048 

	Job terminated of its own accord at 2023-12-14T10:29:15Z with exit-code 0.
...
