000 (1971959.000.000) 2023-12-14 02:17:38 Job submitted from host: <172.24.33.226:11547?addrs=172.24.33.226-11547&alias=sdfrome002.sdf.slac.stanford.edu>
    DAG Node: 7ae63418-d69f-4883-b74e-41e670600140_ptcIsr_2023111201061_23
...
040 (1971959.000.000) 2023-12-14 02:26:28 Finished transferring input files
...
001 (1971959.000.000) 2023-12-14 02:26:28 Job executing on host: <172.24.48.186:33679?CCBID=172.24.33.225:9618%3faddrs%3d172.24.33.225-9618%26alias%3dsdfrome001.sdf.slac.stanford.edu#6219700&PrivNet=sdfmilan114.sdf.slac.stanford.edu&addrs=172.24.48.186-33679&alias=sdfmilan114.sdf.slac.stanford.edu>
	SlotName: slot_abrought_14493_1_2@sdfmilan114.sdf.slac.stanford.edu
...
006 (1971959.000.000) 2023-12-14 02:26:37 Image size of job updated: 268100
	62  -  MemoryUsage of job (MB)
	62896  -  ResidentSetSize of job (KB)
...
006 (1971959.000.000) 2023-12-14 02:27:28 Image size of job updated: 2144680
	635  -  MemoryUsage of job (MB)
	649648  -  ResidentSetSize of job (KB)
...
040 (1971959.000.000) 2023-12-14 02:27:28 Started transferring output files
...
040 (1971959.000.000) 2023-12-14 02:27:28 Finished transferring output files
...
005 (1971959.000.000) 2023-12-14 02:27:28 Job terminated.
	(1) Normal termination (return value 0)
		Usr 0 00:00:20, Sys 0 00:00:03  -  Run Remote Usage
		Usr 0 00:00:00, Sys 0 00:00:00  -  Run Local Usage
		Usr 0 00:00:20, Sys 0 00:00:03  -  Total Remote Usage
		Usr 0 00:00:00, Sys 0 00:00:00  -  Total Local Usage
	19074  -  Run Bytes Sent By Job
	0  -  Run Bytes Received By Job
	19074  -  Total Bytes Sent By Job
	0  -  Total Bytes Received By Job
	Partitionable Resources :    Usage  Request Allocated 
	   Cpus                 :     0.11        1         1 
	   Disk (KB)            :    97           2    312193 
	   Memory (MB)          :   635        2048      2048 

	Job terminated of its own accord at 2023-12-14T10:27:28Z with exit-code 0.
...
