000 (1973086.000.000) 2023-12-14 02:17:52 Job submitted from host: <172.24.33.226:11547?addrs=172.24.33.226-11547&alias=sdfrome002.sdf.slac.stanford.edu>
    DAG Node: 129a5dc3-884b-47b1-99f5-e772fbca5218_ptcIsr_2023111201265_23
...
040 (1973086.000.000) 2023-12-14 02:29:48 Finished transferring input files
...
001 (1973086.000.000) 2023-12-14 02:29:48 Job executing on host: <172.24.33.213:43829?CCBID=172.24.33.225:9618%3faddrs%3d172.24.33.225-9618%26alias%3dsdfrome001.sdf.slac.stanford.edu#6220038&PrivNet=sdfrome022.sdf.slac.stanford.edu&addrs=172.24.33.213-43829&alias=sdfrome022.sdf.slac.stanford.edu>
	SlotName: slot_abrought_31850_1_11@sdfrome022.sdf.slac.stanford.edu
...
006 (1973086.000.000) 2023-12-14 02:29:57 Image size of job updated: 262880
	57  -  MemoryUsage of job (MB)
	58000  -  ResidentSetSize of job (KB)
...
006 (1973086.000.000) 2023-12-14 02:30:41 Image size of job updated: 2147532
	634  -  MemoryUsage of job (MB)
	649152  -  ResidentSetSize of job (KB)
...
040 (1973086.000.000) 2023-12-14 02:30:41 Started transferring output files
...
040 (1973086.000.000) 2023-12-14 02:30:41 Finished transferring output files
...
005 (1973086.000.000) 2023-12-14 02:30:41 Job terminated.
	(1) Normal termination (return value 0)
		Usr 0 00:00:23, Sys 0 00:00:04  -  Run Remote Usage
		Usr 0 00:00:00, Sys 0 00:00:00  -  Run Local Usage
		Usr 0 00:00:23, Sys 0 00:00:04  -  Total Remote Usage
		Usr 0 00:00:00, Sys 0 00:00:00  -  Total Local Usage
	19073  -  Run Bytes Sent By Job
	0  -  Run Bytes Received By Job
	19073  -  Total Bytes Sent By Job
	0  -  Total Bytes Received By Job
	Partitionable Resources :    Usage  Request Allocated 
	   Cpus                 :                 1         1 
	   Disk (KB)            :       91        2    312194 
	   Memory (MB)          :      634     2048      2048 

	Job terminated of its own accord at 2023-12-14T10:30:41Z with exit-code 0.
...
