000 (1969687.000.000) 2023-12-14 02:17:11 Job submitted from host: <172.24.33.226:11547?addrs=172.24.33.226-11547&alias=sdfrome002.sdf.slac.stanford.edu>
    DAG Node: fc052a26-4f0c-4912-8f8f-14a3321157c1_ptcIsr_2023111202496_23
...
040 (1969687.000.000) 2023-12-14 02:19:38 Finished transferring input files
...
001 (1969687.000.000) 2023-12-14 02:19:38 Job executing on host: <172.24.48.186:33679?CCBID=172.24.33.225:9618%3faddrs%3d172.24.33.225-9618%26alias%3dsdfrome001.sdf.slac.stanford.edu#6219700&PrivNet=sdfmilan114.sdf.slac.stanford.edu&addrs=172.24.48.186-33679&alias=sdfmilan114.sdf.slac.stanford.edu>
	SlotName: slot_abrought_14493_1_5@sdfmilan114.sdf.slac.stanford.edu
...
006 (1969687.000.000) 2023-12-14 02:19:47 Image size of job updated: 346596
	132  -  MemoryUsage of job (MB)
	135088  -  ResidentSetSize of job (KB)
...
006 (1969687.000.000) 2023-12-14 02:20:29 Image size of job updated: 2112044
	639  -  MemoryUsage of job (MB)
	654048  -  ResidentSetSize of job (KB)
...
040 (1969687.000.000) 2023-12-14 02:20:29 Started transferring output files
...
040 (1969687.000.000) 2023-12-14 02:20:29 Finished transferring output files
...
005 (1969687.000.000) 2023-12-14 02:20:29 Job terminated.
	(1) Normal termination (return value 0)
		Usr 0 00:00:19, Sys 0 00:00:03  -  Run Remote Usage
		Usr 0 00:00:00, Sys 0 00:00:00  -  Run Local Usage
		Usr 0 00:00:19, Sys 0 00:00:03  -  Total Remote Usage
		Usr 0 00:00:00, Sys 0 00:00:00  -  Total Local Usage
	19075  -  Run Bytes Sent By Job
	0  -  Run Bytes Received By Job
	19075  -  Total Bytes Sent By Job
	0  -  Total Bytes Received By Job
	Partitionable Resources :    Usage  Request Allocated 
	   Cpus                 :                 1         1 
	   Disk (KB)            :       91        2    312193 
	   Memory (MB)          :      639     2048      2048 

	Job terminated of its own accord at 2023-12-14T10:20:29Z with exit-code 0.
...
