000 (1969501.000.000) 2023-12-14 02:17:10 Job submitted from host: <172.24.33.226:11547?addrs=172.24.33.226-11547&alias=sdfrome002.sdf.slac.stanford.edu>
    DAG Node: 7e43b777-60e0-4988-b305-43e10ae823e6_ptcIsr_2023111202357_23
...
040 (1969501.000.000) 2023-12-14 02:18:05 Finished transferring input files
...
001 (1969501.000.000) 2023-12-14 02:18:05 Job executing on host: <172.24.33.147:42953?CCBID=172.24.33.225:9618%3faddrs%3d172.24.33.225-9618%26alias%3dsdfrome001.sdf.slac.stanford.edu#6219703&PrivNet=sdfrome082.sdf.slac.stanford.edu&addrs=172.24.33.147-42953&alias=sdfrome082.sdf.slac.stanford.edu>
	SlotName: slot_abrought_48_1_6@sdfrome082.sdf.slac.stanford.edu
...
006 (1969501.000.000) 2023-12-14 02:18:14 Image size of job updated: 344720
	130  -  MemoryUsage of job (MB)
	132664  -  ResidentSetSize of job (KB)
...
006 (1969501.000.000) 2023-12-14 02:18:49 Image size of job updated: 2051244
	130  -  MemoryUsage of job (MB)
	132664  -  ResidentSetSize of job (KB)
...
040 (1969501.000.000) 2023-12-14 02:18:49 Started transferring output files
...
040 (1969501.000.000) 2023-12-14 02:18:49 Finished transferring output files
...
005 (1969501.000.000) 2023-12-14 02:18:49 Job terminated.
	(1) Normal termination (return value 0)
		Usr 0 00:00:22, Sys 0 00:00:04  -  Run Remote Usage
		Usr 0 00:00:00, Sys 0 00:00:00  -  Run Local Usage
		Usr 0 00:00:22, Sys 0 00:00:04  -  Total Remote Usage
		Usr 0 00:00:00, Sys 0 00:00:00  -  Total Local Usage
	19073  -  Run Bytes Sent By Job
	0  -  Run Bytes Received By Job
	19073  -  Total Bytes Sent By Job
	0  -  Total Bytes Received By Job
	Partitionable Resources :    Usage  Request Allocated 
	   Cpus                 :                 1         1 
	   Disk (KB)            :       91        2    312116 
	   Memory (MB)          :      130     2048      2048 

	Job terminated of its own accord at 2023-12-14T10:18:49Z with exit-code 0.
...
