000 (1972268.000.000) 2023-12-14 02:17:43 Job submitted from host: <172.24.33.226:11547?addrs=172.24.33.226-11547&alias=sdfrome002.sdf.slac.stanford.edu>
    DAG Node: e2b2b147-e267-4559-a723-25458691b2af_ptcIsr_2023111300131_23
...
040 (1972268.000.000) 2023-12-14 02:27:22 Finished transferring input files
...
001 (1972268.000.000) 2023-12-14 02:27:22 Job executing on host: <172.24.33.213:41467?CCBID=172.24.33.225:9618%3faddrs%3d172.24.33.225-9618%26alias%3dsdfrome001.sdf.slac.stanford.edu#6220037&PrivNet=sdfrome022.sdf.slac.stanford.edu&addrs=172.24.33.213-41467&alias=sdfrome022.sdf.slac.stanford.edu>
	SlotName: slot_abrought_435_1_11@sdfrome022.sdf.slac.stanford.edu
...
006 (1972268.000.000) 2023-12-14 02:27:31 Image size of job updated: 280760
	74  -  MemoryUsage of job (MB)
	75132  -  ResidentSetSize of job (KB)
...
006 (1972268.000.000) 2023-12-14 02:28:18 Image size of job updated: 2102996
	617  -  MemoryUsage of job (MB)
	631368  -  ResidentSetSize of job (KB)
...
040 (1972268.000.000) 2023-12-14 02:28:18 Started transferring output files
...
040 (1972268.000.000) 2023-12-14 02:28:18 Finished transferring output files
...
005 (1972268.000.000) 2023-12-14 02:28:18 Job terminated.
	(1) Normal termination (return value 0)
		Usr 0 00:00:21, Sys 0 00:00:03  -  Run Remote Usage
		Usr 0 00:00:00, Sys 0 00:00:00  -  Run Local Usage
		Usr 0 00:00:21, Sys 0 00:00:03  -  Total Remote Usage
		Usr 0 00:00:00, Sys 0 00:00:00  -  Total Local Usage
	18802  -  Run Bytes Sent By Job
	0  -  Run Bytes Received By Job
	18802  -  Total Bytes Sent By Job
	0  -  Total Bytes Received By Job
	Partitionable Resources :    Usage  Request Allocated 
	   Cpus                 :                 1         1 
	   Disk (KB)            :       90        2    312194 
	   Memory (MB)          :      617     2048      2048 

	Job terminated of its own accord at 2023-12-14T10:28:18Z with exit-code 0.
...
