000 (1971078.000.000) 2023-12-14 02:17:29 Job submitted from host: <172.24.33.226:11547?addrs=172.24.33.226-11547&alias=sdfrome002.sdf.slac.stanford.edu>
    DAG Node: a770bc75-3949-4d47-bf08-228c1969e150_ptcIsr_2023111202042_23
...
040 (1971078.000.000) 2023-12-14 02:23:59 Finished transferring input files
...
001 (1971078.000.000) 2023-12-14 02:23:59 Job executing on host: <172.24.48.185:41489?CCBID=172.24.33.225:9618%3faddrs%3d172.24.33.225-9618%26alias%3dsdfrome001.sdf.slac.stanford.edu#6219699&PrivNet=sdfmilan113.sdf.slac.stanford.edu&addrs=172.24.48.185-41489&alias=sdfmilan113.sdf.slac.stanford.edu>
	SlotName: slot_abrought_18623_1_3@sdfmilan113.sdf.slac.stanford.edu
...
006 (1971078.000.000) 2023-12-14 02:24:08 Image size of job updated: 295264
	88  -  MemoryUsage of job (MB)
	89476  -  ResidentSetSize of job (KB)
...
006 (1971078.000.000) 2023-12-14 02:24:59 Image size of job updated: 2151728
	620  -  MemoryUsage of job (MB)
	633904  -  ResidentSetSize of job (KB)
...
040 (1971078.000.000) 2023-12-14 02:24:59 Started transferring output files
...
040 (1971078.000.000) 2023-12-14 02:24:59 Finished transferring output files
...
005 (1971078.000.000) 2023-12-14 02:24:59 Job terminated.
	(1) Normal termination (return value 0)
		Usr 0 00:00:21, Sys 0 00:00:03  -  Run Remote Usage
		Usr 0 00:00:00, Sys 0 00:00:00  -  Run Local Usage
		Usr 0 00:00:21, Sys 0 00:00:03  -  Total Remote Usage
		Usr 0 00:00:00, Sys 0 00:00:00  -  Total Local Usage
	19073  -  Run Bytes Sent By Job
	0  -  Run Bytes Received By Job
	19073  -  Total Bytes Sent By Job
	0  -  Total Bytes Received By Job
	Partitionable Resources :    Usage  Request Allocated 
	   Cpus                 :                 1         1 
	   Disk (KB)            :       91        2    312194 
	   Memory (MB)          :      620     2048      2048 

	Job terminated of its own accord at 2023-12-14T10:24:59Z with exit-code 0.
...
