000 (1973177.000.000) 2023-12-14 02:17:53 Job submitted from host: <172.24.33.226:11547?addrs=172.24.33.226-11547&alias=sdfrome002.sdf.slac.stanford.edu>
    DAG Node: 033fa9be-e7e2-41db-a593-88dc8cd7f0bb_ptcIsr_2023111203702_23
...
040 (1973177.000.000) 2023-12-14 02:30:00 Finished transferring input files
...
001 (1973177.000.000) 2023-12-14 02:30:00 Job executing on host: <172.24.48.197:44589?CCBID=172.24.33.225:9618%3faddrs%3d172.24.33.225-9618%26alias%3dsdfrome001.sdf.slac.stanford.edu#6220121&PrivNet=sdfmilan125.sdf.slac.stanford.edu&addrs=172.24.48.197-44589&alias=sdfmilan125.sdf.slac.stanford.edu>
	SlotName: slot_abrought_7640_1_20@sdfmilan125.sdf.slac.stanford.edu
...
006 (1973177.000.000) 2023-12-14 02:30:09 Image size of job updated: 262880
	57  -  MemoryUsage of job (MB)
	58232  -  ResidentSetSize of job (KB)
...
006 (1973177.000.000) 2023-12-14 02:34:04 Image size of job updated: 2198288
	668  -  MemoryUsage of job (MB)
	683144  -  ResidentSetSize of job (KB)
...
040 (1973177.000.000) 2023-12-14 02:34:04 Started transferring output files
...
040 (1973177.000.000) 2023-12-14 02:34:04 Finished transferring output files
...
005 (1973177.000.000) 2023-12-14 02:34:04 Job terminated.
	(1) Normal termination (return value 0)
		Usr 0 00:00:19, Sys 0 00:00:02  -  Run Remote Usage
		Usr 0 00:00:00, Sys 0 00:00:00  -  Run Local Usage
		Usr 0 00:00:19, Sys 0 00:00:02  -  Total Remote Usage
		Usr 0 00:00:00, Sys 0 00:00:00  -  Total Local Usage
	19075  -  Run Bytes Sent By Job
	0  -  Run Bytes Received By Job
	19075  -  Total Bytes Sent By Job
	0  -  Total Bytes Received By Job
	Partitionable Resources :    Usage  Request Allocated 
	   Cpus                 :                 1         1 
	   Disk (KB)            :       91        2    305890 
	   Memory (MB)          :      668     2048      2048 

	Job terminated of its own accord at 2023-12-14T10:34:04Z with exit-code 0.
...
