000 (1972711.000.000) 2023-12-14 02:17:48 Job submitted from host: <172.24.33.226:11547?addrs=172.24.33.226-11547&alias=sdfrome002.sdf.slac.stanford.edu>
    DAG Node: e0fde088-4815-4d70-83d6-e955c167ca76_ptcIsr_2023111300705_23
...
040 (1972711.000.000) 2023-12-14 02:28:47 Finished transferring input files
...
001 (1972711.000.000) 2023-12-14 02:28:47 Job executing on host: <172.24.33.124:44469?CCBID=172.24.33.225:9618%3faddrs%3d172.24.33.225-9618%26alias%3dsdfrome001.sdf.slac.stanford.edu#6220017&PrivNet=sdfrome059.sdf.slac.stanford.edu&addrs=172.24.33.124-44469&alias=sdfrome059.sdf.slac.stanford.edu>
	SlotName: slot_abrought_2668_1_7@sdfrome059.sdf.slac.stanford.edu
...
006 (1972711.000.000) 2023-12-14 02:28:55 Image size of job updated: 2
	5  -  MemoryUsage of job (MB)
	4964  -  ResidentSetSize of job (KB)
...
006 (1972711.000.000) 2023-12-14 02:29:58 Image size of job updated: 2108924
	652  -  MemoryUsage of job (MB)
	667048  -  ResidentSetSize of job (KB)
...
040 (1972711.000.000) 2023-12-14 02:29:58 Started transferring output files
...
040 (1972711.000.000) 2023-12-14 02:29:58 Finished transferring output files
...
005 (1972711.000.000) 2023-12-14 02:29:58 Job terminated.
	(1) Normal termination (return value 0)
		Usr 0 00:00:20, Sys 0 00:00:03  -  Run Remote Usage
		Usr 0 00:00:00, Sys 0 00:00:00  -  Run Local Usage
		Usr 0 00:00:20, Sys 0 00:00:03  -  Total Remote Usage
		Usr 0 00:00:00, Sys 0 00:00:00  -  Total Local Usage
	18802  -  Run Bytes Sent By Job
	0  -  Run Bytes Received By Job
	18802  -  Total Bytes Sent By Job
	0  -  Total Bytes Received By Job
	Partitionable Resources :    Usage  Request Allocated 
	   Cpus                 :     0.10        1         1 
	   Disk (KB)            :    97           2    312194 
	   Memory (MB)          :   652        2048      2048 

	Job terminated of its own accord at 2023-12-14T10:29:58Z with exit-code 0.
...
