000 (1970093.000.000) 2023-12-14 02:17:17 Job submitted from host: <172.24.33.226:11547?addrs=172.24.33.226-11547&alias=sdfrome002.sdf.slac.stanford.edu>
    DAG Node: 746d9497-4358-44c8-b6f0-9b767876c32f_ptcIsr_2023111202409_23
...
040 (1970093.000.000) 2023-12-14 02:20:49 Finished transferring input files
...
001 (1970093.000.000) 2023-12-14 02:20:49 Job executing on host: <172.24.48.193:46283?CCBID=172.24.33.225:9618%3faddrs%3d172.24.33.225-9618%26alias%3dsdfrome001.sdf.slac.stanford.edu#6219697&PrivNet=sdfmilan121.sdf.slac.stanford.edu&addrs=172.24.48.193-46283&alias=sdfmilan121.sdf.slac.stanford.edu>
	SlotName: slot_abrought_10210_1_7@sdfmilan121.sdf.slac.stanford.edu
...
006 (1970093.000.000) 2023-12-14 02:20:57 Image size of job updated: 283916
	77  -  MemoryUsage of job (MB)
	78032  -  ResidentSetSize of job (KB)
...
006 (1970093.000.000) 2023-12-14 02:21:48 Image size of job updated: 2123520
	610  -  MemoryUsage of job (MB)
	623788  -  ResidentSetSize of job (KB)
...
040 (1970093.000.000) 2023-12-14 02:21:49 Started transferring output files
...
040 (1970093.000.000) 2023-12-14 02:21:49 Finished transferring output files
...
005 (1970093.000.000) 2023-12-14 02:21:49 Job terminated.
	(1) Normal termination (return value 0)
		Usr 0 00:00:23, Sys 0 00:00:04  -  Run Remote Usage
		Usr 0 00:00:00, Sys 0 00:00:00  -  Run Local Usage
		Usr 0 00:00:23, Sys 0 00:00:04  -  Total Remote Usage
		Usr 0 00:00:00, Sys 0 00:00:00  -  Total Local Usage
	19073  -  Run Bytes Sent By Job
	0  -  Run Bytes Received By Job
	19073  -  Total Bytes Sent By Job
	0  -  Total Bytes Received By Job
	Partitionable Resources :    Usage  Request Allocated 
	   Cpus                 :     0.88        1         1 
	   Disk (KB)            :    97           2    311595 
	   Memory (MB)          :   610        2048      2048 

	Job terminated of its own accord at 2023-12-14T10:21:48Z with exit-code 0.
...
