000 (1970068.000.000) 2023-12-14 02:17:17 Job submitted from host: <172.24.33.226:11547?addrs=172.24.33.226-11547&alias=sdfrome002.sdf.slac.stanford.edu>
    DAG Node: d307156e-4aee-4580-8f39-50b044bb2d0c_ptcIsr_2023111300026_23
...
040 (1970068.000.000) 2023-12-14 02:20:37 Finished transferring input files
...
001 (1970068.000.000) 2023-12-14 02:20:37 Job executing on host: <172.24.48.186:33679?CCBID=172.24.33.225:9618%3faddrs%3d172.24.33.225-9618%26alias%3dsdfrome001.sdf.slac.stanford.edu#6219700&PrivNet=sdfmilan114.sdf.slac.stanford.edu&addrs=172.24.48.186-33679&alias=sdfmilan114.sdf.slac.stanford.edu>
	SlotName: slot_abrought_14493_1_1@sdfmilan114.sdf.slac.stanford.edu
...
006 (1970068.000.000) 2023-12-14 02:20:46 Image size of job updated: 292292
	84  -  MemoryUsage of job (MB)
	85988  -  ResidentSetSize of job (KB)
...
006 (1970068.000.000) 2023-12-14 02:21:43 Image size of job updated: 2163672
	84  -  MemoryUsage of job (MB)
	85988  -  ResidentSetSize of job (KB)
...
040 (1970068.000.000) 2023-12-14 02:21:43 Started transferring output files
...
040 (1970068.000.000) 2023-12-14 02:21:43 Finished transferring output files
...
005 (1970068.000.000) 2023-12-14 02:21:43 Job terminated.
	(1) Normal termination (return value 0)
		Usr 0 00:00:22, Sys 0 00:00:03  -  Run Remote Usage
		Usr 0 00:00:00, Sys 0 00:00:00  -  Run Local Usage
		Usr 0 00:00:22, Sys 0 00:00:03  -  Total Remote Usage
		Usr 0 00:00:00, Sys 0 00:00:00  -  Total Local Usage
	19072  -  Run Bytes Sent By Job
	0  -  Run Bytes Received By Job
	19072  -  Total Bytes Sent By Job
	0  -  Total Bytes Received By Job
	Partitionable Resources :    Usage  Request Allocated 
	   Cpus                 :     0.64        1         1 
	   Disk (KB)            :    97           2    312193 
	   Memory (MB)          :    84        2048      2048 

	Job terminated of its own accord at 2023-12-14T10:21:43Z with exit-code 0.
...
