000 (1970077.000.000) 2023-12-14 02:17:17 Job submitted from host: <172.24.33.226:11547?addrs=172.24.33.226-11547&alias=sdfrome002.sdf.slac.stanford.edu>
    DAG Node: 38994822-dc24-49f7-8e3d-24a9c14c897b_ptcIsr_2023111300581_23
...
040 (1970077.000.000) 2023-12-14 02:20:40 Finished transferring input files
...
001 (1970077.000.000) 2023-12-14 02:20:40 Job executing on host: <172.24.33.147:42953?CCBID=172.24.33.225:9618%3faddrs%3d172.24.33.225-9618%26alias%3dsdfrome001.sdf.slac.stanford.edu#6219703&PrivNet=sdfrome082.sdf.slac.stanford.edu&addrs=172.24.33.147-42953&alias=sdfrome082.sdf.slac.stanford.edu>
	SlotName: slot_abrought_48_1_15@sdfrome082.sdf.slac.stanford.edu
...
006 (1970077.000.000) 2023-12-14 02:20:49 Image size of job updated: 281020
	74  -  MemoryUsage of job (MB)
	75464  -  ResidentSetSize of job (KB)
...
006 (1970077.000.000) 2023-12-14 02:21:34 Image size of job updated: 2020004
	74  -  MemoryUsage of job (MB)
	75464  -  ResidentSetSize of job (KB)
...
040 (1970077.000.000) 2023-12-14 02:21:34 Started transferring output files
...
040 (1970077.000.000) 2023-12-14 02:21:34 Finished transferring output files
...
005 (1970077.000.000) 2023-12-14 02:21:34 Job terminated.
	(1) Normal termination (return value 0)
		Usr 0 00:00:21, Sys 0 00:00:03  -  Run Remote Usage
		Usr 0 00:00:00, Sys 0 00:00:00  -  Run Local Usage
		Usr 0 00:00:21, Sys 0 00:00:03  -  Total Remote Usage
		Usr 0 00:00:00, Sys 0 00:00:00  -  Total Local Usage
	18804  -  Run Bytes Sent By Job
	0  -  Run Bytes Received By Job
	18804  -  Total Bytes Sent By Job
	0  -  Total Bytes Received By Job
	Partitionable Resources :    Usage  Request Allocated 
	   Cpus                 :                 1         1 
	   Disk (KB)            :       90        2    312116 
	   Memory (MB)          :       74     2048      2048 

	Job terminated of its own accord at 2023-12-14T10:21:34Z with exit-code 0.
...
