000 (1969390.000.000) 2023-12-14 02:17:08 Job submitted from host: <172.24.33.226:11547?addrs=172.24.33.226-11547&alias=sdfrome002.sdf.slac.stanford.edu>
    DAG Node: 53b8d17e-a9a1-4461-9dd3-69d4ceb24d94_ptcIsr_2023111201016_23
...
040 (1969390.000.000) 2023-12-14 02:17:10 Finished transferring input files
...
001 (1969390.000.000) 2023-12-14 02:17:10 Job executing on host: <172.24.48.159:36013?CCBID=172.24.33.225:9618%3faddrs%3d172.24.33.225-9618%26alias%3dsdfrome001.sdf.slac.stanford.edu#6219701&PrivNet=sdfmilan059.sdf.slac.stanford.edu&addrs=172.24.48.159-36013&alias=sdfmilan059.sdf.slac.stanford.edu>
	SlotName: slot_abrought_18206_1_11@sdfmilan059.sdf.slac.stanford.edu
...
006 (1969390.000.000) 2023-12-14 02:17:18 Image size of job updated: 261776
	57  -  MemoryUsage of job (MB)
	58220  -  ResidentSetSize of job (KB)
...
006 (1969390.000.000) 2023-12-14 02:20:29 Image size of job updated: 2188424
	626  -  MemoryUsage of job (MB)
	640432  -  ResidentSetSize of job (KB)
...
040 (1969390.000.000) 2023-12-14 02:20:29 Started transferring output files
...
040 (1969390.000.000) 2023-12-14 02:20:29 Finished transferring output files
...
005 (1969390.000.000) 2023-12-14 02:20:29 Job terminated.
	(1) Normal termination (return value 0)
		Usr 0 00:00:21, Sys 0 00:00:02  -  Run Remote Usage
		Usr 0 00:00:00, Sys 0 00:00:00  -  Run Local Usage
		Usr 0 00:00:21, Sys 0 00:00:02  -  Total Remote Usage
		Usr 0 00:00:00, Sys 0 00:00:00  -  Total Local Usage
	19075  -  Run Bytes Sent By Job
	0  -  Run Bytes Received By Job
	19075  -  Total Bytes Sent By Job
	0  -  Total Bytes Received By Job
	Partitionable Resources :    Usage  Request Allocated 
	   Cpus                 :                 1         1 
	   Disk (KB)            :       90        2    312194 
	   Memory (MB)          :      626     2048      2048 

	Job terminated of its own accord at 2023-12-14T10:20:29Z with exit-code 0.
...
