000 (1972515.000.000) 2023-12-14 02:17:46 Job submitted from host: <172.24.33.226:11547?addrs=172.24.33.226-11547&alias=sdfrome002.sdf.slac.stanford.edu>
    DAG Node: 91a11061-36ba-48b2-ad37-5a61dea1983f_ptcIsr_2023111201776_23
...
040 (1972515.000.000) 2023-12-14 02:28:07 Finished transferring input files
...
001 (1972515.000.000) 2023-12-14 02:28:07 Job executing on host: <172.24.48.149:38613?CCBID=172.24.33.225:9618%3faddrs%3d172.24.33.225-9618%26alias%3dsdfrome001.sdf.slac.stanford.edu#6219698&PrivNet=sdfmilan049.sdf.slac.stanford.edu&addrs=172.24.48.149-38613&alias=sdfmilan049.sdf.slac.stanford.edu>
	SlotName: slot_abrought_1727_1_7@sdfmilan049.sdf.slac.stanford.edu
...
006 (1972515.000.000) 2023-12-14 02:28:16 Image size of job updated: 35264
	19  -  MemoryUsage of job (MB)
	18848  -  ResidentSetSize of job (KB)
...
006 (1972515.000.000) 2023-12-14 02:29:32 Image size of job updated: 2039396
	1331  -  MemoryUsage of job (MB)
	1362004  -  ResidentSetSize of job (KB)
...
040 (1972515.000.000) 2023-12-14 02:29:32 Started transferring output files
...
040 (1972515.000.000) 2023-12-14 02:29:32 Finished transferring output files
...
005 (1972515.000.000) 2023-12-14 02:29:33 Job terminated.
	(1) Normal termination (return value 0)
		Usr 0 00:00:22, Sys 0 00:00:02  -  Run Remote Usage
		Usr 0 00:00:00, Sys 0 00:00:00  -  Run Local Usage
		Usr 0 00:00:22, Sys 0 00:00:02  -  Total Remote Usage
		Usr 0 00:00:00, Sys 0 00:00:00  -  Total Local Usage
	18533  -  Run Bytes Sent By Job
	0  -  Run Bytes Received By Job
	18533  -  Total Bytes Sent By Job
	0  -  Total Bytes Received By Job
	Partitionable Resources :    Usage  Request Allocated 
	   Cpus                 :                 1         1 
	   Disk (KB)            :       90        2    312194 
	   Memory (MB)          :     1331     2048      2048 

	Job terminated of its own accord at 2023-12-14T10:29:32Z with exit-code 0.
...
