000 (1970599.000.000) 2023-12-14 02:17:24 Job submitted from host: <172.24.33.226:11547?addrs=172.24.33.226-11547&alias=sdfrome002.sdf.slac.stanford.edu>
    DAG Node: 9b42d981-ecb6-4111-9a5d-b5a6f0185968_ptcIsr_2023111203275_23
...
040 (1970599.000.000) 2023-12-14 02:22:30 Finished transferring input files
...
001 (1970599.000.000) 2023-12-14 02:22:30 Job executing on host: <172.24.33.124:44469?CCBID=172.24.33.225:9618%3faddrs%3d172.24.33.225-9618%26alias%3dsdfrome001.sdf.slac.stanford.edu#6220017&PrivNet=sdfrome059.sdf.slac.stanford.edu&addrs=172.24.33.124-44469&alias=sdfrome059.sdf.slac.stanford.edu>
	SlotName: slot_abrought_2668_1_3@sdfrome059.sdf.slac.stanford.edu
...
006 (1970599.000.000) 2023-12-14 02:22:39 Image size of job updated: 261740
	57  -  MemoryUsage of job (MB)
	58076  -  ResidentSetSize of job (KB)
...
006 (1970599.000.000) 2023-12-14 02:23:46 Image size of job updated: 2013584
	614  -  MemoryUsage of job (MB)
	628556  -  ResidentSetSize of job (KB)
...
040 (1970599.000.000) 2023-12-14 02:23:46 Started transferring output files
...
040 (1970599.000.000) 2023-12-14 02:23:46 Finished transferring output files
...
005 (1970599.000.000) 2023-12-14 02:23:46 Job terminated.
	(1) Normal termination (return value 0)
		Usr 0 00:00:24, Sys 0 00:00:06  -  Run Remote Usage
		Usr 0 00:00:00, Sys 0 00:00:00  -  Run Local Usage
		Usr 0 00:00:24, Sys 0 00:00:06  -  Total Remote Usage
		Usr 0 00:00:00, Sys 0 00:00:00  -  Total Local Usage
	18532  -  Run Bytes Sent By Job
	0  -  Run Bytes Received By Job
	18532  -  Total Bytes Sent By Job
	0  -  Total Bytes Received By Job
	Partitionable Resources :    Usage  Request Allocated 
	   Cpus                 :                 1         1 
	   Disk (KB)            :       90        2    312194 
	   Memory (MB)          :      614     2048      2048 

	Job terminated of its own accord at 2023-12-14T10:23:46Z with exit-code 0.
...
