000 (1971901.000.000) 2023-12-14 02:17:37 Job submitted from host: <172.24.33.226:11547?addrs=172.24.33.226-11547&alias=sdfrome002.sdf.slac.stanford.edu>
    DAG Node: f63a571e-fafd-472e-acbe-35aa2f440b79_ptcIsr_2023111200777_23
...
040 (1971901.000.000) 2023-12-14 02:26:17 Finished transferring input files
...
001 (1971901.000.000) 2023-12-14 02:26:17 Job executing on host: <172.24.33.143:42517?CCBID=172.24.33.225:9618%3faddrs%3d172.24.33.225-9618%26alias%3dsdfrome001.sdf.slac.stanford.edu#6220496&PrivNet=sdfrome078.sdf.slac.stanford.edu&addrs=172.24.33.143-42517&alias=sdfrome078.sdf.slac.stanford.edu>
	SlotName: slot_abrought_19079_1_14@sdfrome078.sdf.slac.stanford.edu
...
006 (1971901.000.000) 2023-12-14 02:26:26 Image size of job updated: 463444
	208  -  MemoryUsage of job (MB)
	211972  -  ResidentSetSize of job (KB)
...
006 (1971901.000.000) 2023-12-14 02:27:02 Image size of job updated: 2259248
	649  -  MemoryUsage of job (MB)
	663920  -  ResidentSetSize of job (KB)
...
040 (1971901.000.000) 2023-12-14 02:27:02 Started transferring output files
...
040 (1971901.000.000) 2023-12-14 02:27:02 Finished transferring output files
...
005 (1971901.000.000) 2023-12-14 02:27:02 Job terminated.
	(1) Normal termination (return value 0)
		Usr 0 00:00:24, Sys 0 00:00:03  -  Run Remote Usage
		Usr 0 00:00:00, Sys 0 00:00:00  -  Run Local Usage
		Usr 0 00:00:24, Sys 0 00:00:03  -  Total Remote Usage
		Usr 0 00:00:00, Sys 0 00:00:00  -  Total Local Usage
	19073  -  Run Bytes Sent By Job
	0  -  Run Bytes Received By Job
	19073  -  Total Bytes Sent By Job
	0  -  Total Bytes Received By Job
	Partitionable Resources :    Usage  Request Allocated 
	   Cpus                 :                 1         1 
	   Disk (KB)            :       91        2    312194 
	   Memory (MB)          :      649     2048      2048 

	Job terminated of its own accord at 2023-12-14T10:27:02Z with exit-code 0.
...
