000 (1973145.000.000) 2023-12-14 02:17:53 Job submitted from host: <172.24.33.226:11547?addrs=172.24.33.226-11547&alias=sdfrome002.sdf.slac.stanford.edu>
    DAG Node: d4af1b58-dd2e-485a-8f44-35aa8da1a44d_ptcIsr_2023111203417_23
...
040 (1973145.000.000) 2023-12-14 02:29:57 Finished transferring input files
...
001 (1973145.000.000) 2023-12-14 02:29:57 Job executing on host: <172.24.33.147:42953?CCBID=172.24.33.225:9618%3faddrs%3d172.24.33.225-9618%26alias%3dsdfrome001.sdf.slac.stanford.edu#6219703&PrivNet=sdfrome082.sdf.slac.stanford.edu&addrs=172.24.33.147-42953&alias=sdfrome082.sdf.slac.stanford.edu>
	SlotName: slot_abrought_48_1_12@sdfrome082.sdf.slac.stanford.edu
...
006 (1973145.000.000) 2023-12-14 02:30:05 Image size of job updated: 287436
	80  -  MemoryUsage of job (MB)
	81252  -  ResidentSetSize of job (KB)
...
006 (1973145.000.000) 2023-12-14 02:30:47 Image size of job updated: 2127884
	80  -  MemoryUsage of job (MB)
	81252  -  ResidentSetSize of job (KB)
...
040 (1973145.000.000) 2023-12-14 02:30:47 Started transferring output files
...
040 (1973145.000.000) 2023-12-14 02:30:47 Finished transferring output files
...
005 (1973145.000.000) 2023-12-14 02:30:47 Job terminated.
	(1) Normal termination (return value 0)
		Usr 0 00:00:20, Sys 0 00:00:03  -  Run Remote Usage
		Usr 0 00:00:00, Sys 0 00:00:00  -  Run Local Usage
		Usr 0 00:00:20, Sys 0 00:00:03  -  Total Remote Usage
		Usr 0 00:00:00, Sys 0 00:00:00  -  Total Local Usage
	18804  -  Run Bytes Sent By Job
	0  -  Run Bytes Received By Job
	18804  -  Total Bytes Sent By Job
	0  -  Total Bytes Received By Job
	Partitionable Resources :    Usage  Request Allocated 
	   Cpus                 :                 1         1 
	   Disk (KB)            :       90        2    312116 
	   Memory (MB)          :       80     2048      2048 

	Job terminated of its own accord at 2023-12-14T10:30:47Z with exit-code 0.
...
