000 (1971805.000.000) 2023-12-14 02:17:37 Job submitted from host: <172.24.33.226:11547?addrs=172.24.33.226-11547&alias=sdfrome002.sdf.slac.stanford.edu>
    DAG Node: 37c3ee22-eef8-45a0-a078-17f2a576e7a4_ptcIsr_2023111300774_23
...
040 (1971805.000.000) 2023-12-14 02:26:03 Finished transferring input files
...
001 (1971805.000.000) 2023-12-14 02:26:03 Job executing on host: <172.24.48.185:41489?CCBID=172.24.33.225:9618%3faddrs%3d172.24.33.225-9618%26alias%3dsdfrome001.sdf.slac.stanford.edu#6219699&PrivNet=sdfmilan113.sdf.slac.stanford.edu&addrs=172.24.48.185-41489&alias=sdfmilan113.sdf.slac.stanford.edu>
	SlotName: slot_abrought_18623_1_6@sdfmilan113.sdf.slac.stanford.edu
...
006 (1971805.000.000) 2023-12-14 02:26:12 Image size of job updated: 330596
	117  -  MemoryUsage of job (MB)
	119652  -  ResidentSetSize of job (KB)
...
006 (1971805.000.000) 2023-12-14 02:27:00 Image size of job updated: 2092284
	661  -  MemoryUsage of job (MB)
	676104  -  ResidentSetSize of job (KB)
...
040 (1971805.000.000) 2023-12-14 02:27:00 Started transferring output files
...
040 (1971805.000.000) 2023-12-14 02:27:00 Finished transferring output files
...
005 (1971805.000.000) 2023-12-14 02:27:00 Job terminated.
	(1) Normal termination (return value 0)
		Usr 0 00:00:15, Sys 0 00:00:02  -  Run Remote Usage
		Usr 0 00:00:00, Sys 0 00:00:00  -  Run Local Usage
		Usr 0 00:00:15, Sys 0 00:00:02  -  Total Remote Usage
		Usr 0 00:00:00, Sys 0 00:00:00  -  Total Local Usage
	18974  -  Run Bytes Sent By Job
	0  -  Run Bytes Received By Job
	18974  -  Total Bytes Sent By Job
	0  -  Total Bytes Received By Job
	Partitionable Resources :    Usage  Request Allocated 
	   Cpus                 :     0.24        1         1 
	   Disk (KB)            :    97           2    312194 
	   Memory (MB)          :   661        2048      2048 

	Job terminated of its own accord at 2023-12-14T10:27:00Z with exit-code 0.
...
