000 (1970795.000.000) 2023-12-14 02:17:24 Job submitted from host: <172.24.33.226:11547?addrs=172.24.33.226-11547&alias=sdfrome002.sdf.slac.stanford.edu>
    DAG Node: 7ccbd095-927f-463f-b1e8-2dbecb02381b_ptcIsr_2023111102016_23
...
040 (1970795.000.000) 2023-12-14 02:23:08 Finished transferring input files
...
001 (1970795.000.000) 2023-12-14 02:23:08 Job executing on host: <172.24.33.213:41587?CCBID=172.24.33.225:9618%3faddrs%3d172.24.33.225-9618%26alias%3dsdfrome001.sdf.slac.stanford.edu#6220036&PrivNet=sdfrome022.sdf.slac.stanford.edu&addrs=172.24.33.213-41587&alias=sdfrome022.sdf.slac.stanford.edu>
	SlotName: slot_abrought_5117_1_4@sdfrome022.sdf.slac.stanford.edu
...
006 (1970795.000.000) 2023-12-14 02:23:17 Image size of job updated: 29700
	14  -  MemoryUsage of job (MB)
	13360  -  ResidentSetSize of job (KB)
...
006 (1970795.000.000) 2023-12-14 02:25:37 Image size of job updated: 2059440
	1407  -  MemoryUsage of job (MB)
	1440280  -  ResidentSetSize of job (KB)
...
040 (1970795.000.000) 2023-12-14 02:25:38 Started transferring output files
...
040 (1970795.000.000) 2023-12-14 02:25:38 Finished transferring output files
...
005 (1970795.000.000) 2023-12-14 02:25:38 Job terminated.
	(1) Normal termination (return value 0)
		Usr 0 00:00:19, Sys 0 00:00:02  -  Run Remote Usage
		Usr 0 00:00:00, Sys 0 00:00:00  -  Run Local Usage
		Usr 0 00:00:19, Sys 0 00:00:02  -  Total Remote Usage
		Usr 0 00:00:00, Sys 0 00:00:00  -  Total Local Usage
	18533  -  Run Bytes Sent By Job
	0  -  Run Bytes Received By Job
	18533  -  Total Bytes Sent By Job
	0  -  Total Bytes Received By Job
	Partitionable Resources :    Usage  Request Allocated 
	   Cpus                 :     0.14        1         1 
	   Disk (KB)            :    96           2    312194 
	   Memory (MB)          :  1407        2048      2048 

	Job terminated of its own accord at 2023-12-14T10:25:37Z with exit-code 0.
...
