000 (1969526.000.000) 2023-12-14 02:17:11 Job submitted from host: <172.24.33.226:11547?addrs=172.24.33.226-11547&alias=sdfrome002.sdf.slac.stanford.edu>
    DAG Node: 2543acec-60f5-45a2-943d-481d9f18d323_ptcIsr_2023111202789_23
...
040 (1969526.000.000) 2023-12-14 02:18:10 Finished transferring input files
...
001 (1969526.000.000) 2023-12-14 02:18:10 Job executing on host: <172.24.48.186:33679?CCBID=172.24.33.225:9618%3faddrs%3d172.24.33.225-9618%26alias%3dsdfrome001.sdf.slac.stanford.edu#6219700&PrivNet=sdfmilan114.sdf.slac.stanford.edu&addrs=172.24.48.186-33679&alias=sdfmilan114.sdf.slac.stanford.edu>
	SlotName: slot_abrought_14493_1_22@sdfmilan114.sdf.slac.stanford.edu
...
006 (1969526.000.000) 2023-12-14 02:18:18 Image size of job updated: 289616
	82  -  MemoryUsage of job (MB)
	83632  -  ResidentSetSize of job (KB)
...
006 (1969526.000.000) 2023-12-14 02:19:08 Image size of job updated: 2102396
	1311  -  MemoryUsage of job (MB)
	1342340  -  ResidentSetSize of job (KB)
...
040 (1969526.000.000) 2023-12-14 02:19:08 Started transferring output files
...
040 (1969526.000.000) 2023-12-14 02:19:08 Finished transferring output files
...
005 (1969526.000.000) 2023-12-14 02:19:08 Job terminated.
	(1) Normal termination (return value 0)
		Usr 0 00:00:19, Sys 0 00:00:02  -  Run Remote Usage
		Usr 0 00:00:00, Sys 0 00:00:00  -  Run Local Usage
		Usr 0 00:00:19, Sys 0 00:00:02  -  Total Remote Usage
		Usr 0 00:00:00, Sys 0 00:00:00  -  Total Local Usage
	18805  -  Run Bytes Sent By Job
	0  -  Run Bytes Received By Job
	18805  -  Total Bytes Sent By Job
	0  -  Total Bytes Received By Job
	Partitionable Resources :    Usage  Request Allocated 
	   Cpus                 :                 1         1 
	   Disk (KB)            :       90        2    312193 
	   Memory (MB)          :     1311     2048      2048 

	Job terminated of its own accord at 2023-12-14T10:19:08Z with exit-code 0.
...
