000 (1972451.000.000) 2023-12-14 02:17:44 Job submitted from host: <172.24.33.226:11547?addrs=172.24.33.226-11547&alias=sdfrome002.sdf.slac.stanford.edu>
    DAG Node: 2b34589f-5381-465d-b66f-4787ac19836d_ptcIsr_2023111200620_23
...
040 (1972451.000.000) 2023-12-14 02:27:57 Finished transferring input files
...
001 (1972451.000.000) 2023-12-14 02:27:57 Job executing on host: <172.24.33.147:42953?CCBID=172.24.33.225:9618%3faddrs%3d172.24.33.225-9618%26alias%3dsdfrome001.sdf.slac.stanford.edu#6219703&PrivNet=sdfrome082.sdf.slac.stanford.edu&addrs=172.24.33.147-42953&alias=sdfrome082.sdf.slac.stanford.edu>
	SlotName: slot_abrought_48_1_3@sdfrome082.sdf.slac.stanford.edu
...
006 (1972451.000.000) 2023-12-14 02:28:05 Image size of job updated: 280748
	74  -  MemoryUsage of job (MB)
	74880  -  ResidentSetSize of job (KB)
...
006 (1972451.000.000) 2023-12-14 02:28:52 Image size of job updated: 2062192
	645  -  MemoryUsage of job (MB)
	660368  -  ResidentSetSize of job (KB)
...
040 (1972451.000.000) 2023-12-14 02:28:52 Started transferring output files
...
040 (1972451.000.000) 2023-12-14 02:28:52 Finished transferring output files
...
005 (1972451.000.000) 2023-12-14 02:28:52 Job terminated.
	(1) Normal termination (return value 0)
		Usr 0 00:00:23, Sys 0 00:00:03  -  Run Remote Usage
		Usr 0 00:00:00, Sys 0 00:00:00  -  Run Local Usage
		Usr 0 00:00:23, Sys 0 00:00:03  -  Total Remote Usage
		Usr 0 00:00:00, Sys 0 00:00:00  -  Total Local Usage
	18532  -  Run Bytes Sent By Job
	0  -  Run Bytes Received By Job
	18532  -  Total Bytes Sent By Job
	0  -  Total Bytes Received By Job
	Partitionable Resources :    Usage  Request Allocated 
	   Cpus                 :                 1         1 
	   Disk (KB)            :       90        2    312116 
	   Memory (MB)          :      645     2048      2048 

	Job terminated of its own accord at 2023-12-14T10:28:52Z with exit-code 0.
...
