000 (1972719.000.000) 2023-12-14 02:17:48 Job submitted from host: <172.24.33.226:11547?addrs=172.24.33.226-11547&alias=sdfrome002.sdf.slac.stanford.edu>
    DAG Node: bb5c24f0-0ce7-487b-901e-93ffcec62a3a_ptcIsr_2023111300519_23
...
040 (1972719.000.000) 2023-12-14 02:28:47 Finished transferring input files
...
001 (1972719.000.000) 2023-12-14 02:28:47 Job executing on host: <172.24.33.213:43829?CCBID=172.24.33.225:9618%3faddrs%3d172.24.33.225-9618%26alias%3dsdfrome001.sdf.slac.stanford.edu#6220038&PrivNet=sdfrome022.sdf.slac.stanford.edu&addrs=172.24.33.213-43829&alias=sdfrome022.sdf.slac.stanford.edu>
	SlotName: slot_abrought_31850_1_11@sdfrome022.sdf.slac.stanford.edu
...
006 (1972719.000.000) 2023-12-14 02:28:55 Image size of job updated: 330624
	118  -  MemoryUsage of job (MB)
	120184  -  ResidentSetSize of job (KB)
...
006 (1972719.000.000) 2023-12-14 02:29:45 Image size of job updated: 2092252
	1316  -  MemoryUsage of job (MB)
	1346964  -  ResidentSetSize of job (KB)
...
040 (1972719.000.000) 2023-12-14 02:29:46 Started transferring output files
...
040 (1972719.000.000) 2023-12-14 02:29:46 Finished transferring output files
...
005 (1972719.000.000) 2023-12-14 02:29:46 Job terminated.
	(1) Normal termination (return value 0)
		Usr 0 00:00:20, Sys 0 00:00:03  -  Run Remote Usage
		Usr 0 00:00:00, Sys 0 00:00:00  -  Run Local Usage
		Usr 0 00:00:20, Sys 0 00:00:03  -  Total Remote Usage
		Usr 0 00:00:00, Sys 0 00:00:00  -  Total Local Usage
	18802  -  Run Bytes Sent By Job
	0  -  Run Bytes Received By Job
	18802  -  Total Bytes Sent By Job
	0  -  Total Bytes Received By Job
	Partitionable Resources :    Usage  Request Allocated 
	   Cpus                 :     0.17        1         1 
	   Disk (KB)            :    97           2    312194 
	   Memory (MB)          :  1316        2048      2048 

	Job terminated of its own accord at 2023-12-14T10:29:45Z with exit-code 0.
...
