000 (1971489.000.000) 2023-12-14 02:17:32 Job submitted from host: <172.24.33.226:11547?addrs=172.24.33.226-11547&alias=sdfrome002.sdf.slac.stanford.edu>
    DAG Node: 6fbc7c73-4e37-421b-8a32-22ac9155db93_ptcIsr_2023111200422_23
...
040 (1971489.000.000) 2023-12-14 02:25:11 Finished transferring input files
...
001 (1971489.000.000) 2023-12-14 02:25:11 Job executing on host: <172.24.33.124:39661?CCBID=172.24.33.225:9618%3faddrs%3d172.24.33.225-9618%26alias%3dsdfrome001.sdf.slac.stanford.edu#6220018&PrivNet=sdfrome059.sdf.slac.stanford.edu&addrs=172.24.33.124-39661&alias=sdfrome059.sdf.slac.stanford.edu>
	SlotName: slot_abrought_25802_1_12@sdfrome059.sdf.slac.stanford.edu
...
006 (1971489.000.000) 2023-12-14 02:25:20 Image size of job updated: 399712
	161  -  MemoryUsage of job (MB)
	163964  -  ResidentSetSize of job (KB)
...
006 (1971489.000.000) 2023-12-14 02:25:54 Image size of job updated: 2031124
	620  -  MemoryUsage of job (MB)
	633964  -  ResidentSetSize of job (KB)
...
040 (1971489.000.000) 2023-12-14 02:25:54 Started transferring output files
...
040 (1971489.000.000) 2023-12-14 02:25:54 Finished transferring output files
...
005 (1971489.000.000) 2023-12-14 02:25:54 Job terminated.
	(1) Normal termination (return value 0)
		Usr 0 00:00:24, Sys 0 00:00:06  -  Run Remote Usage
		Usr 0 00:00:00, Sys 0 00:00:00  -  Run Local Usage
		Usr 0 00:00:24, Sys 0 00:00:06  -  Total Remote Usage
		Usr 0 00:00:00, Sys 0 00:00:00  -  Total Local Usage
	18802  -  Run Bytes Sent By Job
	0  -  Run Bytes Received By Job
	18802  -  Total Bytes Sent By Job
	0  -  Total Bytes Received By Job
	Partitionable Resources :    Usage  Request Allocated 
	   Cpus                 :                 1         1 
	   Disk (KB)            :       90        2    312194 
	   Memory (MB)          :      620     2048      2048 

	Job terminated of its own accord at 2023-12-14T10:25:54Z with exit-code 0.
...
