000 (1971019.000.000) 2023-12-14 02:17:29 Job submitted from host: <172.24.33.226:11547?addrs=172.24.33.226-11547&alias=sdfrome002.sdf.slac.stanford.edu>
    DAG Node: 0be2007b-2453-4954-a022-f467c8a01885_ptcIsr_2023111201992_23
...
040 (1971019.000.000) 2023-12-14 02:23:51 Finished transferring input files
...
001 (1971019.000.000) 2023-12-14 02:23:51 Job executing on host: <172.24.48.149:38613?CCBID=172.24.33.225:9618%3faddrs%3d172.24.33.225-9618%26alias%3dsdfrome001.sdf.slac.stanford.edu#6219698&PrivNet=sdfmilan049.sdf.slac.stanford.edu&addrs=172.24.48.149-38613&alias=sdfmilan049.sdf.slac.stanford.edu>
	SlotName: slot_abrought_1727_1_5@sdfmilan049.sdf.slac.stanford.edu
...
006 (1971019.000.000) 2023-12-14 02:23:59 Image size of job updated: 69764
	6  -  MemoryUsage of job (MB)
	5264  -  ResidentSetSize of job (KB)
...
006 (1971019.000.000) 2023-12-14 02:25:10 Image size of job updated: 2127716
	6  -  MemoryUsage of job (MB)
	5264  -  ResidentSetSize of job (KB)
...
040 (1971019.000.000) 2023-12-14 02:25:11 Started transferring output files
...
040 (1971019.000.000) 2023-12-14 02:25:11 Finished transferring output files
...
005 (1971019.000.000) 2023-12-14 02:25:11 Job terminated.
	(1) Normal termination (return value 0)
		Usr 0 00:00:21, Sys 0 00:00:02  -  Run Remote Usage
		Usr 0 00:00:00, Sys 0 00:00:00  -  Run Local Usage
		Usr 0 00:00:21, Sys 0 00:00:02  -  Total Remote Usage
		Usr 0 00:00:00, Sys 0 00:00:00  -  Total Local Usage
	18804  -  Run Bytes Sent By Job
	0  -  Run Bytes Received By Job
	18804  -  Total Bytes Sent By Job
	0  -  Total Bytes Received By Job
	Partitionable Resources :    Usage  Request Allocated 
	   Cpus                 :                 1         1 
	   Disk (KB)            :       90        2    312194 
	   Memory (MB)          :        6     2048      2048 

	Job terminated of its own accord at 2023-12-14T10:25:10Z with exit-code 0.
...
