000 (1971601.000.000) 2023-12-14 02:17:36 Job submitted from host: <172.24.33.226:11547?addrs=172.24.33.226-11547&alias=sdfrome002.sdf.slac.stanford.edu>
    DAG Node: fd3ef978-d4b9-4c37-a0b1-bb299b826222_ptcIsr_2023111202850_23
...
040 (1971601.000.000) 2023-12-14 02:25:29 Finished transferring input files
...
001 (1971601.000.000) 2023-12-14 02:25:29 Job executing on host: <172.24.33.143:42517?CCBID=172.24.33.225:9618%3faddrs%3d172.24.33.225-9618%26alias%3dsdfrome001.sdf.slac.stanford.edu#6220496&PrivNet=sdfrome078.sdf.slac.stanford.edu&addrs=172.24.33.143-42517&alias=sdfrome078.sdf.slac.stanford.edu>
	SlotName: slot_abrought_19079_1_3@sdfrome078.sdf.slac.stanford.edu
...
006 (1971601.000.000) 2023-12-14 02:25:37 Image size of job updated: 425720
	183  -  MemoryUsage of job (MB)
	187020  -  ResidentSetSize of job (KB)
...
006 (1971601.000.000) 2023-12-14 02:26:09 Image size of job updated: 2052176
	183  -  MemoryUsage of job (MB)
	187020  -  ResidentSetSize of job (KB)
...
040 (1971601.000.000) 2023-12-14 02:26:09 Started transferring output files
...
040 (1971601.000.000) 2023-12-14 02:26:09 Finished transferring output files
...
005 (1971601.000.000) 2023-12-14 02:26:09 Job terminated.
	(1) Normal termination (return value 0)
		Usr 0 00:00:25, Sys 0 00:00:04  -  Run Remote Usage
		Usr 0 00:00:00, Sys 0 00:00:00  -  Run Local Usage
		Usr 0 00:00:25, Sys 0 00:00:04  -  Total Remote Usage
		Usr 0 00:00:00, Sys 0 00:00:00  -  Total Local Usage
	18533  -  Run Bytes Sent By Job
	0  -  Run Bytes Received By Job
	18533  -  Total Bytes Sent By Job
	0  -  Total Bytes Received By Job
	Partitionable Resources :    Usage  Request Allocated 
	   Cpus                 :     0.99        1         1 
	   Disk (KB)            :    97           2    312194 
	   Memory (MB)          :   183        2048      2048 

	Job terminated of its own accord at 2023-12-14T10:26:09Z with exit-code 0.
...
