000 (1969361.000.000) 2023-12-14 02:17:07 Job submitted from host: <172.24.33.226:11547?addrs=172.24.33.226-11547&alias=sdfrome002.sdf.slac.stanford.edu>
    DAG Node: 3df534cb-c937-412f-bdab-4594c027fedb_ptcIsr_2023111201166_23
...
040 (1969361.000.000) 2023-12-14 02:17:09 Finished transferring input files
...
001 (1969361.000.000) 2023-12-14 02:17:09 Job executing on host: <172.24.48.185:41489?CCBID=172.24.33.225:9618%3faddrs%3d172.24.33.225-9618%26alias%3dsdfrome001.sdf.slac.stanford.edu#6219699&PrivNet=sdfmilan113.sdf.slac.stanford.edu&addrs=172.24.48.185-41489&alias=sdfmilan113.sdf.slac.stanford.edu>
	SlotName: slot_abrought_18623_1_7@sdfmilan113.sdf.slac.stanford.edu
...
006 (1969361.000.000) 2023-12-14 02:17:17 Image size of job updated: 339548
	126  -  MemoryUsage of job (MB)
	128100  -  ResidentSetSize of job (KB)
...
006 (1969361.000.000) 2023-12-14 02:17:51 Image size of job updated: 2063056
	1281  -  MemoryUsage of job (MB)
	1311112  -  ResidentSetSize of job (KB)
...
040 (1969361.000.000) 2023-12-14 02:17:51 Started transferring output files
...
040 (1969361.000.000) 2023-12-14 02:17:51 Finished transferring output files
...
005 (1969361.000.000) 2023-12-14 02:17:52 Job terminated.
	(1) Normal termination (return value 0)
		Usr 0 00:00:16, Sys 0 00:00:02  -  Run Remote Usage
		Usr 0 00:00:00, Sys 0 00:00:00  -  Run Local Usage
		Usr 0 00:00:16, Sys 0 00:00:02  -  Total Remote Usage
		Usr 0 00:00:00, Sys 0 00:00:00  -  Total Local Usage
	19073  -  Run Bytes Sent By Job
	0  -  Run Bytes Received By Job
	19073  -  Total Bytes Sent By Job
	0  -  Total Bytes Received By Job
	Partitionable Resources :    Usage  Request Allocated 
	   Cpus                 :                 1         1 
	   Disk (KB)            :       90        2    312194 
	   Memory (MB)          :     1281     2048      2048 

	Job terminated of its own accord at 2023-12-14T10:17:51Z with exit-code 0.
...
