000 (1969971.000.000) 2023-12-14 02:17:13 Job submitted from host: <172.24.33.226:11547?addrs=172.24.33.226-11547&alias=sdfrome002.sdf.slac.stanford.edu>
    DAG Node: 32f6b21e-4bed-423d-94ce-951cd61077b0_ptcIsr_2023111200849_23
...
040 (1969971.000.000) 2023-12-14 02:20:13 Finished transferring input files
...
001 (1969971.000.000) 2023-12-14 02:20:13 Job executing on host: <172.24.33.124:44469?CCBID=172.24.33.225:9618%3faddrs%3d172.24.33.225-9618%26alias%3dsdfrome001.sdf.slac.stanford.edu#6220017&PrivNet=sdfrome059.sdf.slac.stanford.edu&addrs=172.24.33.124-44469&alias=sdfrome059.sdf.slac.stanford.edu>
	SlotName: slot_abrought_2668_1_21@sdfrome059.sdf.slac.stanford.edu
...
006 (1969971.000.000) 2023-12-14 02:20:22 Image size of job updated: 460
	1  -  MemoryUsage of job (MB)
	60  -  ResidentSetSize of job (KB)
...
006 (1969971.000.000) 2023-12-14 02:21:41 Image size of job updated: 2322032
	1  -  MemoryUsage of job (MB)
	60  -  ResidentSetSize of job (KB)
...
040 (1969971.000.000) 2023-12-14 02:21:41 Started transferring output files
...
040 (1969971.000.000) 2023-12-14 02:21:41 Finished transferring output files
...
005 (1969971.000.000) 2023-12-14 02:21:41 Job terminated.
	(1) Normal termination (return value 0)
		Usr 0 00:00:21, Sys 0 00:00:07  -  Run Remote Usage
		Usr 0 00:00:00, Sys 0 00:00:00  -  Run Local Usage
		Usr 0 00:00:21, Sys 0 00:00:07  -  Total Remote Usage
		Usr 0 00:00:00, Sys 0 00:00:00  -  Total Local Usage
	18802  -  Run Bytes Sent By Job
	0  -  Run Bytes Received By Job
	18802  -  Total Bytes Sent By Job
	0  -  Total Bytes Received By Job
	Partitionable Resources :    Usage  Request Allocated 
	   Cpus                 :                 1         1 
	   Disk (KB)            :       90        2    312194 
	   Memory (MB)          :        1     2048      2048 

	Job terminated of its own accord at 2023-12-14T10:21:41Z with exit-code 0.
...
