000 (1973032.000.000) 2023-12-14 02:17:51 Job submitted from host: <172.24.33.226:11547?addrs=172.24.33.226-11547&alias=sdfrome002.sdf.slac.stanford.edu>
    DAG Node: 43c1977c-f2fa-45a8-9892-bec768f639cd_ptcIsr_2023111201364_23
...
040 (1973032.000.000) 2023-12-14 02:29:40 Finished transferring input files
...
001 (1973032.000.000) 2023-12-14 02:29:40 Job executing on host: <172.24.33.143:42517?CCBID=172.24.33.225:9618%3faddrs%3d172.24.33.225-9618%26alias%3dsdfrome001.sdf.slac.stanford.edu#6220496&PrivNet=sdfrome078.sdf.slac.stanford.edu&addrs=172.24.33.143-42517&alias=sdfrome078.sdf.slac.stanford.edu>
	SlotName: slot_abrought_19079_1_18@sdfrome078.sdf.slac.stanford.edu
...
006 (1973032.000.000) 2023-12-14 02:29:48 Image size of job updated: 290804
	83  -  MemoryUsage of job (MB)
	84348  -  ResidentSetSize of job (KB)
...
006 (1973032.000.000) 2023-12-14 02:30:19 Image size of job updated: 2019084
	617  -  MemoryUsage of job (MB)
	631132  -  ResidentSetSize of job (KB)
...
040 (1973032.000.000) 2023-12-14 02:30:19 Started transferring output files
...
040 (1973032.000.000) 2023-12-14 02:30:19 Finished transferring output files
...
005 (1973032.000.000) 2023-12-14 02:30:19 Job terminated.
	(1) Normal termination (return value 0)
		Usr 0 00:00:20, Sys 0 00:00:04  -  Run Remote Usage
		Usr 0 00:00:00, Sys 0 00:00:00  -  Run Local Usage
		Usr 0 00:00:20, Sys 0 00:00:04  -  Total Remote Usage
		Usr 0 00:00:00, Sys 0 00:00:00  -  Total Local Usage
	18975  -  Run Bytes Sent By Job
	0  -  Run Bytes Received By Job
	18975  -  Total Bytes Sent By Job
	0  -  Total Bytes Received By Job
	Partitionable Resources :    Usage  Request Allocated 
	   Cpus                 :                 1         1 
	   Disk (KB)            :       91        2    312194 
	   Memory (MB)          :      617     2048      2048 

	Job terminated of its own accord at 2023-12-14T10:30:19Z with exit-code 0.
...
