000 (1969841.000.000) 2023-12-14 02:17:12 Job submitted from host: <172.24.33.226:11547?addrs=172.24.33.226-11547&alias=sdfrome002.sdf.slac.stanford.edu>
    DAG Node: 4bfafef7-c6a9-4b6a-a95f-b05bf2a30520_ptcIsr_2023111101342_23
...
040 (1969841.000.000) 2023-12-14 02:20:12 Finished transferring input files
...
001 (1969841.000.000) 2023-12-14 02:20:12 Job executing on host: <172.24.33.124:45647?CCBID=172.24.33.225:9618%3faddrs%3d172.24.33.225-9618%26alias%3dsdfrome001.sdf.slac.stanford.edu#6220016&PrivNet=sdfrome059.sdf.slac.stanford.edu&addrs=172.24.33.124-45647&alias=sdfrome059.sdf.slac.stanford.edu>
	SlotName: slot_abrought_13532_1_9@sdfrome059.sdf.slac.stanford.edu
...
006 (1969841.000.000) 2023-12-14 02:20:20 Image size of job updated: 24496
	8  -  MemoryUsage of job (MB)
	7368  -  ResidentSetSize of job (KB)
...
006 (1969841.000.000) 2023-12-14 02:23:40 Image size of job updated: 2076420
	8  -  MemoryUsage of job (MB)
	7368  -  ResidentSetSize of job (KB)
...
040 (1969841.000.000) 2023-12-14 02:23:40 Started transferring output files
...
040 (1969841.000.000) 2023-12-14 02:23:40 Finished transferring output files
...
005 (1969841.000.000) 2023-12-14 02:23:40 Job terminated.
	(1) Normal termination (return value 0)
		Usr 0 00:00:21, Sys 0 00:00:05  -  Run Remote Usage
		Usr 0 00:00:00, Sys 0 00:00:00  -  Run Local Usage
		Usr 0 00:00:21, Sys 0 00:00:05  -  Total Remote Usage
		Usr 0 00:00:00, Sys 0 00:00:00  -  Total Local Usage
	18533  -  Run Bytes Sent By Job
	0  -  Run Bytes Received By Job
	18533  -  Total Bytes Sent By Job
	0  -  Total Bytes Received By Job
	Partitionable Resources :    Usage  Request Allocated 
	   Cpus                 :                 1         1 
	   Disk (KB)            :       90        2    312194 
	   Memory (MB)          :        8     2048      2048 

	Job terminated of its own accord at 2023-12-14T10:23:40Z with exit-code 0.
...
