000 (1972604.000.000) 2023-12-14 02:17:47 Job submitted from host: <172.24.33.226:11547?addrs=172.24.33.226-11547&alias=sdfrome002.sdf.slac.stanford.edu>
    DAG Node: af3501b4-c60b-4f44-b451-de19ee331b8d_ptcIsr_2023111202999_23
...
040 (1972604.000.000) 2023-12-14 02:28:23 Finished transferring input files
...
001 (1972604.000.000) 2023-12-14 02:28:23 Job executing on host: <172.24.48.159:36013?CCBID=172.24.33.225:9618%3faddrs%3d172.24.33.225-9618%26alias%3dsdfrome001.sdf.slac.stanford.edu#6219701&PrivNet=sdfmilan059.sdf.slac.stanford.edu&addrs=172.24.48.159-36013&alias=sdfmilan059.sdf.slac.stanford.edu>
	SlotName: slot_abrought_18206_1_7@sdfmilan059.sdf.slac.stanford.edu
...
006 (1972604.000.000) 2023-12-14 02:28:32 Image size of job updated: 27348
	11  -  MemoryUsage of job (MB)
	10708  -  ResidentSetSize of job (KB)
...
006 (1972604.000.000) 2023-12-14 02:31:55 Image size of job updated: 2101904
	635  -  MemoryUsage of job (MB)
	649424  -  ResidentSetSize of job (KB)
...
040 (1972604.000.000) 2023-12-14 02:31:55 Started transferring output files
...
040 (1972604.000.000) 2023-12-14 02:31:55 Finished transferring output files
...
005 (1972604.000.000) 2023-12-14 02:31:55 Job terminated.
	(1) Normal termination (return value 0)
		Usr 0 00:00:26, Sys 0 00:00:04  -  Run Remote Usage
		Usr 0 00:00:00, Sys 0 00:00:00  -  Run Local Usage
		Usr 0 00:00:26, Sys 0 00:00:04  -  Total Remote Usage
		Usr 0 00:00:00, Sys 0 00:00:00  -  Total Local Usage
	18806  -  Run Bytes Sent By Job
	0  -  Run Bytes Received By Job
	18806  -  Total Bytes Sent By Job
	0  -  Total Bytes Received By Job
	Partitionable Resources :    Usage  Request Allocated 
	   Cpus                 :     0.24        1         1 
	   Disk (KB)            :    97           2    312194 
	   Memory (MB)          :   635        2048      2048 

	Job terminated of its own accord at 2023-12-14T10:31:55Z with exit-code 0.
...
