000 (1971599.000.000) 2023-12-14 02:17:36 Job submitted from host: <172.24.33.226:11547?addrs=172.24.33.226-11547&alias=sdfrome002.sdf.slac.stanford.edu>
    DAG Node: 332aa932-d133-4fe7-b36c-f7d8b63bccc2_ptcIsr_2023111203036_23
...
040 (1971599.000.000) 2023-12-14 02:25:28 Finished transferring input files
...
001 (1971599.000.000) 2023-12-14 02:25:28 Job executing on host: <172.24.33.143:42517?CCBID=172.24.33.225:9618%3faddrs%3d172.24.33.225-9618%26alias%3dsdfrome001.sdf.slac.stanford.edu#6220496&PrivNet=sdfrome078.sdf.slac.stanford.edu&addrs=172.24.33.143-42517&alias=sdfrome078.sdf.slac.stanford.edu>
	SlotName: slot_abrought_19079_1_9@sdfrome078.sdf.slac.stanford.edu
...
006 (1971599.000.000) 2023-12-14 02:25:37 Image size of job updated: 466336
	212  -  MemoryUsage of job (MB)
	217044  -  ResidentSetSize of job (KB)
...
006 (1971599.000.000) 2023-12-14 02:26:07 Image size of job updated: 2102724
	613  -  MemoryUsage of job (MB)
	627328  -  ResidentSetSize of job (KB)
...
040 (1971599.000.000) 2023-12-14 02:26:07 Started transferring output files
...
040 (1971599.000.000) 2023-12-14 02:26:07 Finished transferring output files
...
005 (1971599.000.000) 2023-12-14 02:26:07 Job terminated.
	(1) Normal termination (return value 0)
		Usr 0 00:00:24, Sys 0 00:00:05  -  Run Remote Usage
		Usr 0 00:00:00, Sys 0 00:00:00  -  Run Local Usage
		Usr 0 00:00:24, Sys 0 00:00:05  -  Total Remote Usage
		Usr 0 00:00:00, Sys 0 00:00:00  -  Total Local Usage
	18803  -  Run Bytes Sent By Job
	0  -  Run Bytes Received By Job
	18803  -  Total Bytes Sent By Job
	0  -  Total Bytes Received By Job
	Partitionable Resources :    Usage  Request Allocated 
	   Cpus                 :     0.95        1         1 
	   Disk (KB)            :    97           2    312194 
	   Memory (MB)          :   613        2048      2048 

	Job terminated of its own accord at 2023-12-14T10:26:07Z with exit-code 0.
...
