000 (1973116.000.000) 2023-12-14 02:17:53 Job submitted from host: <172.24.33.226:11547?addrs=172.24.33.226-11547&alias=sdfrome002.sdf.slac.stanford.edu>
    DAG Node: 0cfed17b-f8aa-41a9-aa25-4ea906a6e1a5_ptcIsr_2023111202624_23
...
040 (1973116.000.000) 2023-12-14 02:29:54 Finished transferring input files
...
001 (1973116.000.000) 2023-12-14 02:29:54 Job executing on host: <172.24.48.186:33679?CCBID=172.24.33.225:9618%3faddrs%3d172.24.33.225-9618%26alias%3dsdfrome001.sdf.slac.stanford.edu#6219700&PrivNet=sdfmilan114.sdf.slac.stanford.edu&addrs=172.24.48.186-33679&alias=sdfmilan114.sdf.slac.stanford.edu>
	SlotName: slot_abrought_14493_1_9@sdfmilan114.sdf.slac.stanford.edu
...
006 (1973116.000.000) 2023-12-14 02:30:03 Image size of job updated: 315228
	106  -  MemoryUsage of job (MB)
	107624  -  ResidentSetSize of job (KB)
...
006 (1973116.000.000) 2023-12-14 02:30:42 Image size of job updated: 2068044
	614  -  MemoryUsage of job (MB)
	628164  -  ResidentSetSize of job (KB)
...
040 (1973116.000.000) 2023-12-14 02:30:43 Started transferring output files
...
040 (1973116.000.000) 2023-12-14 02:30:43 Finished transferring output files
...
005 (1973116.000.000) 2023-12-14 02:30:43 Job terminated.
	(1) Normal termination (return value 0)
		Usr 0 00:00:21, Sys 0 00:00:03  -  Run Remote Usage
		Usr 0 00:00:00, Sys 0 00:00:00  -  Run Local Usage
		Usr 0 00:00:21, Sys 0 00:00:03  -  Total Remote Usage
		Usr 0 00:00:00, Sys 0 00:00:00  -  Total Local Usage
	18805  -  Run Bytes Sent By Job
	0  -  Run Bytes Received By Job
	18805  -  Total Bytes Sent By Job
	0  -  Total Bytes Received By Job
	Partitionable Resources :    Usage  Request Allocated 
	   Cpus                 :                 1         1 
	   Disk (KB)            :       90        2    312193 
	   Memory (MB)          :      614     2048      2048 

	Job terminated of its own accord at 2023-12-14T10:30:42Z with exit-code 0.
...
