000 (1970838.000.000) 2023-12-14 02:17:25 Job submitted from host: <172.24.33.226:11547?addrs=172.24.33.226-11547&alias=sdfrome002.sdf.slac.stanford.edu>
    DAG Node: 9544d6ff-3076-4791-9c39-1ddc89fb4e5c_ptcIsr_2023111200881_23
...
040 (1970838.000.000) 2023-12-14 02:23:12 Finished transferring input files
...
001 (1970838.000.000) 2023-12-14 02:23:12 Job executing on host: <172.24.33.213:43829?CCBID=172.24.33.225:9618%3faddrs%3d172.24.33.225-9618%26alias%3dsdfrome001.sdf.slac.stanford.edu#6220038&PrivNet=sdfrome022.sdf.slac.stanford.edu&addrs=172.24.33.213-43829&alias=sdfrome022.sdf.slac.stanford.edu>
	SlotName: slot_abrought_31850_1_2@sdfrome022.sdf.slac.stanford.edu
...
006 (1970838.000.000) 2023-12-14 02:23:21 Image size of job updated: 339600
	125  -  MemoryUsage of job (MB)
	127888  -  ResidentSetSize of job (KB)
...
006 (1970838.000.000) 2023-12-14 02:24:09 Image size of job updated: 2090948
	1351  -  MemoryUsage of job (MB)
	1383084  -  ResidentSetSize of job (KB)
...
040 (1970838.000.000) 2023-12-14 02:24:10 Started transferring output files
...
040 (1970838.000.000) 2023-12-14 02:24:10 Finished transferring output files
...
005 (1970838.000.000) 2023-12-14 02:24:10 Job terminated.
	(1) Normal termination (return value 0)
		Usr 0 00:00:21, Sys 0 00:00:03  -  Run Remote Usage
		Usr 0 00:00:00, Sys 0 00:00:00  -  Run Local Usage
		Usr 0 00:00:21, Sys 0 00:00:03  -  Total Remote Usage
		Usr 0 00:00:00, Sys 0 00:00:00  -  Total Local Usage
	18803  -  Run Bytes Sent By Job
	0  -  Run Bytes Received By Job
	18803  -  Total Bytes Sent By Job
	0  -  Total Bytes Received By Job
	Partitionable Resources :    Usage  Request Allocated 
	   Cpus                 :                 1         1 
	   Disk (KB)            :       90        2    312194 
	   Memory (MB)          :     1351     2048      2048 

	Job terminated of its own accord at 2023-12-14T10:24:09Z with exit-code 0.
...
