000 (1972214.000.000) 2023-12-14 02:17:42 Job submitted from host: <172.24.33.226:11547?addrs=172.24.33.226-11547&alias=sdfrome002.sdf.slac.stanford.edu>
    DAG Node: 9c2fc95f-7f42-45ca-98e9-b1b3af169ebe_ptcIsr_2023111300909_23
...
040 (1972214.000.000) 2023-12-14 02:27:12 Finished transferring input files
...
001 (1972214.000.000) 2023-12-14 02:27:12 Job executing on host: <172.24.33.124:39697?CCBID=172.24.33.225:9618%3faddrs%3d172.24.33.225-9618%26alias%3dsdfrome001.sdf.slac.stanford.edu#6220015&PrivNet=sdfrome059.sdf.slac.stanford.edu&addrs=172.24.33.124-39697&alias=sdfrome059.sdf.slac.stanford.edu>
	SlotName: slot_abrought_7836_1_7@sdfrome059.sdf.slac.stanford.edu
...
006 (1972214.000.000) 2023-12-14 02:27:21 Image size of job updated: 280760
	74  -  MemoryUsage of job (MB)
	75176  -  ResidentSetSize of job (KB)
...
006 (1972214.000.000) 2023-12-14 02:28:07 Image size of job updated: 2068288
	612  -  MemoryUsage of job (MB)
	626512  -  ResidentSetSize of job (KB)
...
040 (1972214.000.000) 2023-12-14 02:28:07 Started transferring output files
...
040 (1972214.000.000) 2023-12-14 02:28:07 Finished transferring output files
...
005 (1972214.000.000) 2023-12-14 02:28:07 Job terminated.
	(1) Normal termination (return value 0)
		Usr 0 00:00:19, Sys 0 00:00:04  -  Run Remote Usage
		Usr 0 00:00:00, Sys 0 00:00:00  -  Run Local Usage
		Usr 0 00:00:19, Sys 0 00:00:04  -  Total Remote Usage
		Usr 0 00:00:00, Sys 0 00:00:00  -  Total Local Usage
	18803  -  Run Bytes Sent By Job
	0  -  Run Bytes Received By Job
	18803  -  Total Bytes Sent By Job
	0  -  Total Bytes Received By Job
	Partitionable Resources :    Usage  Request Allocated 
	   Cpus                 :                 1         1 
	   Disk (KB)            :       90        2    312194 
	   Memory (MB)          :      612     2048      2048 

	Job terminated of its own accord at 2023-12-14T10:28:07Z with exit-code 0.
...
