000 (1969965.000.000) 2023-12-14 02:17:13 Job submitted from host: <172.24.33.226:11547?addrs=172.24.33.226-11547&alias=sdfrome002.sdf.slac.stanford.edu>
    DAG Node: a87a6d15-f2c1-44b1-a3e0-928526f503e2_ptcIsr_2023111200333_23
...
040 (1969965.000.000) 2023-12-14 02:20:14 Finished transferring input files
...
001 (1969965.000.000) 2023-12-14 02:20:14 Job executing on host: <172.24.33.124:45647?CCBID=172.24.33.225:9618%3faddrs%3d172.24.33.225-9618%26alias%3dsdfrome001.sdf.slac.stanford.edu#6220016&PrivNet=sdfrome059.sdf.slac.stanford.edu&addrs=172.24.33.124-45647&alias=sdfrome059.sdf.slac.stanford.edu>
	SlotName: slot_abrought_13532_1_20@sdfrome059.sdf.slac.stanford.edu
...
006 (1969965.000.000) 2023-12-14 02:20:23 Image size of job updated: 69764
	1  -  MemoryUsage of job (MB)
	60  -  ResidentSetSize of job (KB)
...
006 (1969965.000.000) 2023-12-14 02:23:37 Image size of job updated: 2126952
	1  -  MemoryUsage of job (MB)
	60  -  ResidentSetSize of job (KB)
...
040 (1969965.000.000) 2023-12-14 02:23:38 Started transferring output files
...
040 (1969965.000.000) 2023-12-14 02:23:38 Finished transferring output files
...
005 (1969965.000.000) 2023-12-14 02:23:38 Job terminated.
	(1) Normal termination (return value 0)
		Usr 0 00:00:19, Sys 0 00:00:05  -  Run Remote Usage
		Usr 0 00:00:00, Sys 0 00:00:00  -  Run Local Usage
		Usr 0 00:00:19, Sys 0 00:00:05  -  Total Remote Usage
		Usr 0 00:00:00, Sys 0 00:00:00  -  Total Local Usage
	19076  -  Run Bytes Sent By Job
	0  -  Run Bytes Received By Job
	19076  -  Total Bytes Sent By Job
	0  -  Total Bytes Received By Job
	Partitionable Resources :    Usage  Request Allocated 
	   Cpus                 :                 1         1 
	   Disk (KB)            :       90        2    312194 
	   Memory (MB)          :        1     2048      2048 

	Job terminated of its own accord at 2023-12-14T10:23:37Z with exit-code 0.
...
