000 (1969574.000.000) 2023-12-14 02:17:11 Job submitted from host: <172.24.33.226:11547?addrs=172.24.33.226-11547&alias=sdfrome002.sdf.slac.stanford.edu>
    DAG Node: 11895d0e-c1dd-454c-8e91-68419030bdf5_ptcIsr_2023111202796_23
...
040 (1969574.000.000) 2023-12-14 02:18:33 Finished transferring input files
...
001 (1969574.000.000) 2023-12-14 02:18:33 Job executing on host: <172.24.48.149:38613?CCBID=172.24.33.225:9618%3faddrs%3d172.24.33.225-9618%26alias%3dsdfrome001.sdf.slac.stanford.edu#6219698&PrivNet=sdfmilan049.sdf.slac.stanford.edu&addrs=172.24.48.149-38613&alias=sdfmilan049.sdf.slac.stanford.edu>
	SlotName: slot_abrought_1727_1_23@sdfmilan049.sdf.slac.stanford.edu
...
006 (1969574.000.000) 2023-12-14 02:18:42 Image size of job updated: 2
	5  -  MemoryUsage of job (MB)
	5100  -  ResidentSetSize of job (KB)
...
006 (1969574.000.000) 2023-12-14 02:20:05 Image size of job updated: 2142640
	1363  -  MemoryUsage of job (MB)
	1395220  -  ResidentSetSize of job (KB)
...
040 (1969574.000.000) 2023-12-14 02:20:05 Started transferring output files
...
040 (1969574.000.000) 2023-12-14 02:20:05 Finished transferring output files
...
005 (1969574.000.000) 2023-12-14 02:20:05 Job terminated.
	(1) Normal termination (return value 0)
		Usr 0 00:00:15, Sys 0 00:00:01  -  Run Remote Usage
		Usr 0 00:00:00, Sys 0 00:00:00  -  Run Local Usage
		Usr 0 00:00:15, Sys 0 00:00:01  -  Total Remote Usage
		Usr 0 00:00:00, Sys 0 00:00:00  -  Total Local Usage
	19073  -  Run Bytes Sent By Job
	0  -  Run Bytes Received By Job
	19073  -  Total Bytes Sent By Job
	0  -  Total Bytes Received By Job
	Partitionable Resources :    Usage  Request Allocated 
	   Cpus                 :                 1         1 
	   Disk (KB)            :       91        2    312194 
	   Memory (MB)          :     1363     2048      2048 

	Job terminated of its own accord at 2023-12-14T10:20:05Z with exit-code 0.
...
