000 (1972582.000.000) 2023-12-14 02:17:46 Job submitted from host: <172.24.33.226:11547?addrs=172.24.33.226-11547&alias=sdfrome002.sdf.slac.stanford.edu>
    DAG Node: 255f2f72-0b8d-42cb-9aec-bc42dac18839_ptcIsr_2023111201758_23
...
040 (1972582.000.000) 2023-12-14 02:28:19 Finished transferring input files
...
001 (1972582.000.000) 2023-12-14 02:28:19 Job executing on host: <172.24.33.213:41467?CCBID=172.24.33.225:9618%3faddrs%3d172.24.33.225-9618%26alias%3dsdfrome001.sdf.slac.stanford.edu#6220037&PrivNet=sdfrome022.sdf.slac.stanford.edu&addrs=172.24.33.213-41467&alias=sdfrome022.sdf.slac.stanford.edu>
	SlotName: slot_abrought_435_1_2@sdfrome022.sdf.slac.stanford.edu
...
006 (1972582.000.000) 2023-12-14 02:28:28 Image size of job updated: 290808
	83  -  MemoryUsage of job (MB)
	84212  -  ResidentSetSize of job (KB)
...
006 (1972582.000.000) 2023-12-14 02:29:11 Image size of job updated: 2056664
	624  -  MemoryUsage of job (MB)
	638464  -  ResidentSetSize of job (KB)
...
040 (1972582.000.000) 2023-12-14 02:29:12 Started transferring output files
...
040 (1972582.000.000) 2023-12-14 02:29:12 Finished transferring output files
...
005 (1972582.000.000) 2023-12-14 02:29:12 Job terminated.
	(1) Normal termination (return value 0)
		Usr 0 00:00:21, Sys 0 00:00:03  -  Run Remote Usage
		Usr 0 00:00:00, Sys 0 00:00:00  -  Run Local Usage
		Usr 0 00:00:21, Sys 0 00:00:03  -  Total Remote Usage
		Usr 0 00:00:00, Sys 0 00:00:00  -  Total Local Usage
	19073  -  Run Bytes Sent By Job
	0  -  Run Bytes Received By Job
	19073  -  Total Bytes Sent By Job
	0  -  Total Bytes Received By Job
	Partitionable Resources :    Usage  Request Allocated 
	   Cpus                 :                 1         1 
	   Disk (KB)            :       91        2    312194 
	   Memory (MB)          :      624     2048      2048 

	Job terminated of its own accord at 2023-12-14T10:29:11Z with exit-code 0.
...
