000 (1969315.000.000) 2023-12-14 02:07:44 Job submitted from host: <172.24.33.226:11547?addrs=172.24.33.226-11547&alias=sdfrome002.sdf.slac.stanford.edu>
    DAG Node: pipetaskInit
...
040 (1969315.000.000) 2023-12-14 02:16:49 Finished transferring input files
...
001 (1969315.000.000) 2023-12-14 02:16:49 Job executing on host: <172.24.48.193:46283?CCBID=172.24.33.225:9618%3faddrs%3d172.24.33.225-9618%26alias%3dsdfrome001.sdf.slac.stanford.edu#6219697&PrivNet=sdfmilan121.sdf.slac.stanford.edu&addrs=172.24.48.193-46283&alias=sdfmilan121.sdf.slac.stanford.edu>
	SlotName: slot_abrought_10210_1_1@sdfmilan121.sdf.slac.stanford.edu
...
006 (1969315.000.000) 2023-12-14 02:16:57 Image size of job updated: 2
	5  -  MemoryUsage of job (MB)
	4920  -  ResidentSetSize of job (KB)
...
040 (1969315.000.000) 2023-12-14 02:17:01 Started transferring output files
...
040 (1969315.000.000) 2023-12-14 02:17:01 Finished transferring output files
...
005 (1969315.000.000) 2023-12-14 02:17:01 Job terminated.
	(1) Normal termination (return value 0)
		Usr 0 00:00:00, Sys 0 00:00:00  -  Run Remote Usage
		Usr 0 00:00:00, Sys 0 00:00:00  -  Run Local Usage
		Usr 0 00:00:00, Sys 0 00:00:00  -  Total Remote Usage
		Usr 0 00:00:00, Sys 0 00:00:00  -  Total Local Usage
	0  -  Run Bytes Sent By Job
	0  -  Run Bytes Received By Job
	0  -  Total Bytes Sent By Job
	0  -  Total Bytes Received By Job
	Partitionable Resources :    Usage  Request Allocated 
	   Cpus                 :                 1         1 
	   Disk (KB)            :       71        2    311595 
	   Memory (MB)          :        5     2048      2048 

	Job terminated of its own accord at 2023-12-14T10:17:01Z with exit-code 0.
...
