000 (1971440.000.000) 2023-12-14 02:17:31 Job submitted from host: <172.24.33.226:11547?addrs=172.24.33.226-11547&alias=sdfrome002.sdf.slac.stanford.edu>
    DAG Node: 15dc78e4-f43f-4649-8f35-b7a1f97ec95b_ptcIsr_2023111102058_23
...
040 (1971440.000.000) 2023-12-14 02:25:04 Finished transferring input files
...
001 (1971440.000.000) 2023-12-14 02:25:04 Job executing on host: <172.24.33.124:44469?CCBID=172.24.33.225:9618%3faddrs%3d172.24.33.225-9618%26alias%3dsdfrome001.sdf.slac.stanford.edu#6220017&PrivNet=sdfrome059.sdf.slac.stanford.edu&addrs=172.24.33.124-44469&alias=sdfrome059.sdf.slac.stanford.edu>
	SlotName: slot_abrought_2668_1_1@sdfrome059.sdf.slac.stanford.edu
...
006 (1971440.000.000) 2023-12-14 02:25:12 Image size of job updated: 57080
	27  -  MemoryUsage of job (MB)
	27520  -  ResidentSetSize of job (KB)
...
006 (1971440.000.000) 2023-12-14 02:26:01 Image size of job updated: 2006356
	623  -  MemoryUsage of job (MB)
	636936  -  ResidentSetSize of job (KB)
...
040 (1971440.000.000) 2023-12-14 02:26:02 Started transferring output files
...
040 (1971440.000.000) 2023-12-14 02:26:02 Finished transferring output files
...
005 (1971440.000.000) 2023-12-14 02:26:02 Job terminated.
	(1) Normal termination (return value 0)
		Usr 0 00:00:20, Sys 0 00:00:05  -  Run Remote Usage
		Usr 0 00:00:00, Sys 0 00:00:00  -  Run Local Usage
		Usr 0 00:00:20, Sys 0 00:00:05  -  Total Remote Usage
		Usr 0 00:00:00, Sys 0 00:00:00  -  Total Local Usage
	18806  -  Run Bytes Sent By Job
	0  -  Run Bytes Received By Job
	18806  -  Total Bytes Sent By Job
	0  -  Total Bytes Received By Job
	Partitionable Resources :    Usage  Request Allocated 
	   Cpus                 :                 1         1 
	   Disk (KB)            :       91        2    312194 
	   Memory (MB)          :      623     2048      2048 

	Job terminated of its own accord at 2023-12-14T10:26:01Z with exit-code 0.
...
