000 (1970935.000.000) 2023-12-14 02:17:25 Job submitted from host: <172.24.33.226:11547?addrs=172.24.33.226-11547&alias=sdfrome002.sdf.slac.stanford.edu>
    DAG Node: b962b3a9-d2c4-475f-b356-eed9dd5f9829_ptcIsr_2023111200587_23
...
040 (1970935.000.000) 2023-12-14 02:23:35 Finished transferring input files
...
001 (1970935.000.000) 2023-12-14 02:23:35 Job executing on host: <172.24.48.193:46283?CCBID=172.24.33.225:9618%3faddrs%3d172.24.33.225-9618%26alias%3dsdfrome001.sdf.slac.stanford.edu#6219697&PrivNet=sdfmilan121.sdf.slac.stanford.edu&addrs=172.24.48.193-46283&alias=sdfmilan121.sdf.slac.stanford.edu>
	SlotName: slot_abrought_10210_1_21@sdfmilan121.sdf.slac.stanford.edu
...
006 (1970935.000.000) 2023-12-14 02:23:44 Image size of job updated: 293340
	85  -  MemoryUsage of job (MB)
	86816  -  ResidentSetSize of job (KB)
...
006 (1970935.000.000) 2023-12-14 02:24:34 Image size of job updated: 2122800
	85  -  MemoryUsage of job (MB)
	86816  -  ResidentSetSize of job (KB)
...
040 (1970935.000.000) 2023-12-14 02:24:34 Started transferring output files
...
040 (1970935.000.000) 2023-12-14 02:24:34 Finished transferring output files
...
005 (1970935.000.000) 2023-12-14 02:24:35 Job terminated.
	(1) Normal termination (return value 0)
		Usr 0 00:00:23, Sys 0 00:00:04  -  Run Remote Usage
		Usr 0 00:00:00, Sys 0 00:00:00  -  Run Local Usage
		Usr 0 00:00:23, Sys 0 00:00:04  -  Total Remote Usage
		Usr 0 00:00:00, Sys 0 00:00:00  -  Total Local Usage
	19075  -  Run Bytes Sent By Job
	0  -  Run Bytes Received By Job
	19075  -  Total Bytes Sent By Job
	0  -  Total Bytes Received By Job
	Partitionable Resources :    Usage  Request Allocated 
	   Cpus                 :                 1         1 
	   Disk (KB)            :       91        2    311595 
	   Memory (MB)          :       85     2048      2048 

	Job terminated of its own accord at 2023-12-14T10:24:34Z with exit-code 0.
...
