000 (1972361.000.000) 2023-12-14 02:17:43 Job submitted from host: <172.24.33.226:11547?addrs=172.24.33.226-11547&alias=sdfrome002.sdf.slac.stanford.edu>
    DAG Node: 023eb806-2fc4-4986-83b3-ef9ec69669c6_ptcIsr_2023111201181_23
...
040 (1972361.000.000) 2023-12-14 02:27:41 Finished transferring input files
...
001 (1972361.000.000) 2023-12-14 02:27:41 Job executing on host: <172.24.48.186:33679?CCBID=172.24.33.225:9618%3faddrs%3d172.24.33.225-9618%26alias%3dsdfrome001.sdf.slac.stanford.edu#6219700&PrivNet=sdfmilan114.sdf.slac.stanford.edu&addrs=172.24.48.186-33679&alias=sdfmilan114.sdf.slac.stanford.edu>
	SlotName: slot_abrought_14493_1_12@sdfmilan114.sdf.slac.stanford.edu
...
006 (1972361.000.000) 2023-12-14 02:27:50 Image size of job updated: 341656
	128  -  MemoryUsage of job (MB)
	130344  -  ResidentSetSize of job (KB)
...
006 (1972361.000.000) 2023-12-14 02:28:34 Image size of job updated: 2062048
	648  -  MemoryUsage of job (MB)
	663504  -  ResidentSetSize of job (KB)
...
040 (1972361.000.000) 2023-12-14 02:28:34 Started transferring output files
...
040 (1972361.000.000) 2023-12-14 02:28:34 Finished transferring output files
...
005 (1972361.000.000) 2023-12-14 02:28:34 Job terminated.
	(1) Normal termination (return value 0)
		Usr 0 00:00:22, Sys 0 00:00:02  -  Run Remote Usage
		Usr 0 00:00:00, Sys 0 00:00:00  -  Run Local Usage
		Usr 0 00:00:22, Sys 0 00:00:02  -  Total Remote Usage
		Usr 0 00:00:00, Sys 0 00:00:00  -  Total Local Usage
	18533  -  Run Bytes Sent By Job
	0  -  Run Bytes Received By Job
	18533  -  Total Bytes Sent By Job
	0  -  Total Bytes Received By Job
	Partitionable Resources :    Usage  Request Allocated 
	   Cpus                 :                 1         1 
	   Disk (KB)            :       90        2    312193 
	   Memory (MB)          :      648     2048      2048 

	Job terminated of its own accord at 2023-12-14T10:28:34Z with exit-code 0.
...
