000 (1970084.000.000) 2023-12-14 02:17:17 Job submitted from host: <172.24.33.226:11547?addrs=172.24.33.226-11547&alias=sdfrome002.sdf.slac.stanford.edu>
    DAG Node: 431129e2-1e2c-4d0a-aaf4-e709b90e9124_ptcIsr_2023111202085_23
...
040 (1970084.000.000) 2023-12-14 02:20:43 Finished transferring input files
...
001 (1970084.000.000) 2023-12-14 02:20:43 Job executing on host: <172.24.48.193:46283?CCBID=172.24.33.225:9618%3faddrs%3d172.24.33.225-9618%26alias%3dsdfrome001.sdf.slac.stanford.edu#6219697&PrivNet=sdfmilan121.sdf.slac.stanford.edu&addrs=172.24.48.193-46283&alias=sdfmilan121.sdf.slac.stanford.edu>
	SlotName: slot_abrought_10210_1_12@sdfmilan121.sdf.slac.stanford.edu
...
006 (1970084.000.000) 2023-12-14 02:20:51 Image size of job updated: 337072
	124  -  MemoryUsage of job (MB)
	126832  -  ResidentSetSize of job (KB)
...
006 (1970084.000.000) 2023-12-14 02:21:38 Image size of job updated: 2067316
	1311  -  MemoryUsage of job (MB)
	1342084  -  ResidentSetSize of job (KB)
...
040 (1970084.000.000) 2023-12-14 02:21:38 Started transferring output files
...
040 (1970084.000.000) 2023-12-14 02:21:38 Finished transferring output files
...
005 (1970084.000.000) 2023-12-14 02:21:38 Job terminated.
	(1) Normal termination (return value 0)
		Usr 0 00:00:20, Sys 0 00:00:03  -  Run Remote Usage
		Usr 0 00:00:00, Sys 0 00:00:00  -  Run Local Usage
		Usr 0 00:00:20, Sys 0 00:00:03  -  Total Remote Usage
		Usr 0 00:00:00, Sys 0 00:00:00  -  Total Local Usage
	18802  -  Run Bytes Sent By Job
	0  -  Run Bytes Received By Job
	18802  -  Total Bytes Sent By Job
	0  -  Total Bytes Received By Job
	Partitionable Resources :    Usage  Request Allocated 
	   Cpus                 :     0.70        1         1 
	   Disk (KB)            :    97           2    311595 
	   Memory (MB)          :  1311        2048      2048 

	Job terminated of its own accord at 2023-12-14T10:21:38Z with exit-code 0.
...
