000 (1971314.000.000) 2023-12-14 02:17:31 Job submitted from host: <172.24.33.226:11547?addrs=172.24.33.226-11547&alias=sdfrome002.sdf.slac.stanford.edu>
    DAG Node: e2f400a1-2ef4-4f08-84a4-7a3875164b86_ptcIsr_2023111202574_23
...
040 (1971314.000.000) 2023-12-14 02:24:41 Finished transferring input files
...
001 (1971314.000.000) 2023-12-14 02:24:41 Job executing on host: <172.24.33.124:39697?CCBID=172.24.33.225:9618%3faddrs%3d172.24.33.225-9618%26alias%3dsdfrome001.sdf.slac.stanford.edu#6220015&PrivNet=sdfrome059.sdf.slac.stanford.edu&addrs=172.24.33.124-39697&alias=sdfrome059.sdf.slac.stanford.edu>
	SlotName: slot_abrought_7836_1_10@sdfrome059.sdf.slac.stanford.edu
...
006 (1971314.000.000) 2023-12-14 02:24:50 Image size of job updated: 349916
	136  -  MemoryUsage of job (MB)
	138764  -  ResidentSetSize of job (KB)
...
006 (1971314.000.000) 2023-12-14 02:25:32 Image size of job updated: 2170520
	620  -  MemoryUsage of job (MB)
	634288  -  ResidentSetSize of job (KB)
...
040 (1971314.000.000) 2023-12-14 02:25:32 Started transferring output files
...
040 (1971314.000.000) 2023-12-14 02:25:32 Finished transferring output files
...
005 (1971314.000.000) 2023-12-14 02:25:33 Job terminated.
	(1) Normal termination (return value 0)
		Usr 0 00:00:23, Sys 0 00:00:04  -  Run Remote Usage
		Usr 0 00:00:00, Sys 0 00:00:00  -  Run Local Usage
		Usr 0 00:00:23, Sys 0 00:00:04  -  Total Remote Usage
		Usr 0 00:00:00, Sys 0 00:00:00  -  Total Local Usage
	19073  -  Run Bytes Sent By Job
	0  -  Run Bytes Received By Job
	19073  -  Total Bytes Sent By Job
	0  -  Total Bytes Received By Job
	Partitionable Resources :    Usage  Request Allocated 
	   Cpus                 :                 1         1 
	   Disk (KB)            :       91        2    312194 
	   Memory (MB)          :      620     2048      2048 

	Job terminated of its own accord at 2023-12-14T10:25:32Z with exit-code 0.
...
