000 (1971961.000.000) 2023-12-14 02:17:38 Job submitted from host: <172.24.33.226:11547?addrs=172.24.33.226-11547&alias=sdfrome002.sdf.slac.stanford.edu>
    DAG Node: 32039c2e-7f61-464b-aba8-23d725277316_ptcIsr_2023111200762_23
...
040 (1971961.000.000) 2023-12-14 02:26:26 Finished transferring input files
...
001 (1971961.000.000) 2023-12-14 02:26:26 Job executing on host: <172.24.33.213:43829?CCBID=172.24.33.225:9618%3faddrs%3d172.24.33.225-9618%26alias%3dsdfrome001.sdf.slac.stanford.edu#6220038&PrivNet=sdfrome022.sdf.slac.stanford.edu&addrs=172.24.33.213-43829&alias=sdfrome022.sdf.slac.stanford.edu>
	SlotName: slot_abrought_31850_1_16@sdfrome022.sdf.slac.stanford.edu
...
006 (1971961.000.000) 2023-12-14 02:26:36 Image size of job updated: 69764
	10  -  MemoryUsage of job (MB)
	9232  -  ResidentSetSize of job (KB)
...
006 (1971961.000.000) 2023-12-14 02:27:22 Image size of job updated: 2013384
	616  -  MemoryUsage of job (MB)
	630264  -  ResidentSetSize of job (KB)
...
040 (1971961.000.000) 2023-12-14 02:27:23 Started transferring output files
...
040 (1971961.000.000) 2023-12-14 02:27:23 Finished transferring output files
...
005 (1971961.000.000) 2023-12-14 02:27:23 Job terminated.
	(1) Normal termination (return value 0)
		Usr 0 00:00:25, Sys 0 00:00:04  -  Run Remote Usage
		Usr 0 00:00:00, Sys 0 00:00:00  -  Run Local Usage
		Usr 0 00:00:25, Sys 0 00:00:04  -  Total Remote Usage
		Usr 0 00:00:00, Sys 0 00:00:00  -  Total Local Usage
	18533  -  Run Bytes Sent By Job
	0  -  Run Bytes Received By Job
	18533  -  Total Bytes Sent By Job
	0  -  Total Bytes Received By Job
	Partitionable Resources :    Usage  Request Allocated 
	   Cpus                 :                 1         1 
	   Disk (KB)            :       90        2    312194 
	   Memory (MB)          :      616     2048      2048 

	Job terminated of its own accord at 2023-12-14T10:27:22Z with exit-code 0.
...
