000 (1970242.000.000) 2023-12-14 02:17:18 Job submitted from host: <172.24.33.226:11547?addrs=172.24.33.226-11547&alias=sdfrome002.sdf.slac.stanford.edu>
    DAG Node: 57db91a8-c787-4505-b614-5fd9acca58f2_ptcIsr_2023111102029_23
...
040 (1970242.000.000) 2023-12-14 02:21:16 Finished transferring input files
...
001 (1970242.000.000) 2023-12-14 02:21:17 Job executing on host: <172.24.33.124:39661?CCBID=172.24.33.225:9618%3faddrs%3d172.24.33.225-9618%26alias%3dsdfrome001.sdf.slac.stanford.edu#6220018&PrivNet=sdfrome059.sdf.slac.stanford.edu&addrs=172.24.33.124-39661&alias=sdfrome059.sdf.slac.stanford.edu>
	SlotName: slot_abrought_25802_1_2@sdfrome059.sdf.slac.stanford.edu
...
006 (1970242.000.000) 2023-12-14 02:21:25 Image size of job updated: 420728
	181  -  MemoryUsage of job (MB)
	184608  -  ResidentSetSize of job (KB)
...
006 (1970242.000.000) 2023-12-14 02:22:05 Image size of job updated: 2261964
	614  -  MemoryUsage of job (MB)
	627812  -  ResidentSetSize of job (KB)
...
040 (1970242.000.000) 2023-12-14 02:22:05 Started transferring output files
...
040 (1970242.000.000) 2023-12-14 02:22:05 Finished transferring output files
...
005 (1970242.000.000) 2023-12-14 02:22:05 Job terminated.
	(1) Normal termination (return value 0)
		Usr 0 00:00:26, Sys 0 00:00:06  -  Run Remote Usage
		Usr 0 00:00:00, Sys 0 00:00:00  -  Run Local Usage
		Usr 0 00:00:26, Sys 0 00:00:06  -  Total Remote Usage
		Usr 0 00:00:00, Sys 0 00:00:00  -  Total Local Usage
	19074  -  Run Bytes Sent By Job
	0  -  Run Bytes Received By Job
	19074  -  Total Bytes Sent By Job
	0  -  Total Bytes Received By Job
	Partitionable Resources :    Usage  Request Allocated 
	   Cpus                 :                 1         1 
	   Disk (KB)            :       91        2    312194 
	   Memory (MB)          :      614     2048      2048 

	Job terminated of its own accord at 2023-12-14T10:22:05Z with exit-code 0.
...
