000 (1971277.000.000) 2023-12-14 02:17:31 Job submitted from host: <172.24.33.226:11547?addrs=172.24.33.226-11547&alias=sdfrome002.sdf.slac.stanford.edu>
    DAG Node: 69554270-c3c8-4296-a843-187cb81736d6_ptcIsr_2023111300744_23
...
040 (1971277.000.000) 2023-12-14 02:24:36 Finished transferring input files
...
001 (1971277.000.000) 2023-12-14 02:24:36 Job executing on host: <172.24.33.124:39697?CCBID=172.24.33.225:9618%3faddrs%3d172.24.33.225-9618%26alias%3dsdfrome001.sdf.slac.stanford.edu#6220015&PrivNet=sdfrome059.sdf.slac.stanford.edu&addrs=172.24.33.124-39697&alias=sdfrome059.sdf.slac.stanford.edu>
	SlotName: slot_abrought_7836_1_9@sdfrome059.sdf.slac.stanford.edu
...
006 (1971277.000.000) 2023-12-14 02:24:44 Image size of job updated: 301156
	92  -  MemoryUsage of job (MB)
	93804  -  ResidentSetSize of job (KB)
...
006 (1971277.000.000) 2023-12-14 02:25:30 Image size of job updated: 2303244
	638  -  MemoryUsage of job (MB)
	652836  -  ResidentSetSize of job (KB)
...
040 (1971277.000.000) 2023-12-14 02:25:30 Started transferring output files
...
040 (1971277.000.000) 2023-12-14 02:25:30 Finished transferring output files
...
005 (1971277.000.000) 2023-12-14 02:25:30 Job terminated.
	(1) Normal termination (return value 0)
		Usr 0 00:00:23, Sys 0 00:00:04  -  Run Remote Usage
		Usr 0 00:00:00, Sys 0 00:00:00  -  Run Local Usage
		Usr 0 00:00:23, Sys 0 00:00:04  -  Total Remote Usage
		Usr 0 00:00:00, Sys 0 00:00:00  -  Total Local Usage
	19072  -  Run Bytes Sent By Job
	0  -  Run Bytes Received By Job
	19072  -  Total Bytes Sent By Job
	0  -  Total Bytes Received By Job
	Partitionable Resources :    Usage  Request Allocated 
	   Cpus                 :                 1         1 
	   Disk (KB)            :       91        2    312194 
	   Memory (MB)          :      638     2048      2048 

	Job terminated of its own accord at 2023-12-14T10:25:30Z with exit-code 0.
...
