000 (1972519.000.000) 2023-12-14 02:17:46 Job submitted from host: <172.24.33.226:11547?addrs=172.24.33.226-11547&alias=sdfrome002.sdf.slac.stanford.edu>
    DAG Node: dd3bbd83-cd42-4a77-ad03-97a3b4f8aa0f_ptcIsr_2023111202337_23
...
040 (1972519.000.000) 2023-12-14 02:28:11 Finished transferring input files
...
001 (1972519.000.000) 2023-12-14 02:28:12 Job executing on host: <172.24.48.186:33679?CCBID=172.24.33.225:9618%3faddrs%3d172.24.33.225-9618%26alias%3dsdfrome001.sdf.slac.stanford.edu#6219700&PrivNet=sdfmilan114.sdf.slac.stanford.edu&addrs=172.24.48.186-33679&alias=sdfmilan114.sdf.slac.stanford.edu>
	SlotName: slot_abrought_14493_1_16@sdfmilan114.sdf.slac.stanford.edu
...
006 (1972519.000.000) 2023-12-14 02:28:20 Image size of job updated: 285920
	79  -  MemoryUsage of job (MB)
	80360  -  ResidentSetSize of job (KB)
...
006 (1972519.000.000) 2023-12-14 02:28:55 Image size of job updated: 2076040
	1310  -  MemoryUsage of job (MB)
	1341032  -  ResidentSetSize of job (KB)
...
040 (1972519.000.000) 2023-12-14 02:28:55 Started transferring output files
...
040 (1972519.000.000) 2023-12-14 02:28:55 Finished transferring output files
...
005 (1972519.000.000) 2023-12-14 02:28:55 Job terminated.
	(1) Normal termination (return value 0)
		Usr 0 00:00:15, Sys 0 00:00:02  -  Run Remote Usage
		Usr 0 00:00:00, Sys 0 00:00:00  -  Run Local Usage
		Usr 0 00:00:15, Sys 0 00:00:02  -  Total Remote Usage
		Usr 0 00:00:00, Sys 0 00:00:00  -  Total Local Usage
	18975  -  Run Bytes Sent By Job
	0  -  Run Bytes Received By Job
	18975  -  Total Bytes Sent By Job
	0  -  Total Bytes Received By Job
	Partitionable Resources :    Usage  Request Allocated 
	   Cpus                 :                 1         1 
	   Disk (KB)            :       91        2    312193 
	   Memory (MB)          :     1310     2048      2048 

	Job terminated of its own accord at 2023-12-14T10:28:55Z with exit-code 0.
...
