000 (1970914.000.000) 2023-12-14 02:17:25 Job submitted from host: <172.24.33.226:11547?addrs=172.24.33.226-11547&alias=sdfrome002.sdf.slac.stanford.edu>
    DAG Node: 57a46c18-0fa0-480d-8ab5-17426eb7ba06_ptcIsr_2023111101222_23
...
040 (1970914.000.000) 2023-12-14 02:23:38 Finished transferring input files
...
001 (1970914.000.000) 2023-12-14 02:23:38 Job executing on host: <172.24.33.124:39697?CCBID=172.24.33.225:9618%3faddrs%3d172.24.33.225-9618%26alias%3dsdfrome001.sdf.slac.stanford.edu#6220015&PrivNet=sdfrome059.sdf.slac.stanford.edu&addrs=172.24.33.124-39697&alias=sdfrome059.sdf.slac.stanford.edu>
	SlotName: slot_abrought_7836_1_11@sdfrome059.sdf.slac.stanford.edu
...
006 (1970914.000.000) 2023-12-14 02:23:47 Image size of job updated: 292296
	85  -  MemoryUsage of job (MB)
	86212  -  ResidentSetSize of job (KB)
...
006 (1970914.000.000) 2023-12-14 02:24:22 Image size of job updated: 2118864
	615  -  MemoryUsage of job (MB)
	629468  -  ResidentSetSize of job (KB)
...
040 (1970914.000.000) 2023-12-14 02:24:22 Started transferring output files
...
040 (1970914.000.000) 2023-12-14 02:24:22 Finished transferring output files
...
005 (1970914.000.000) 2023-12-14 02:24:22 Job terminated.
	(1) Normal termination (return value 0)
		Usr 0 00:00:18, Sys 0 00:00:06  -  Run Remote Usage
		Usr 0 00:00:00, Sys 0 00:00:00  -  Run Local Usage
		Usr 0 00:00:18, Sys 0 00:00:06  -  Total Remote Usage
		Usr 0 00:00:00, Sys 0 00:00:00  -  Total Local Usage
	19075  -  Run Bytes Sent By Job
	0  -  Run Bytes Received By Job
	19075  -  Total Bytes Sent By Job
	0  -  Total Bytes Received By Job
	Partitionable Resources :    Usage  Request Allocated 
	   Cpus                 :     0.97        1         1 
	   Disk (KB)            :    97           2    312194 
	   Memory (MB)          :   615        2048      2048 

	Job terminated of its own accord at 2023-12-14T10:24:22Z with exit-code 0.
...
