000 (1973428.000.000) 2023-12-14 02:17:57 Job submitted from host: <172.24.33.226:11547?addrs=172.24.33.226-11547&alias=sdfrome002.sdf.slac.stanford.edu>
    DAG Node: 2f145594-f77c-4a89-83fc-bea7b7b3cb92_ptcIsr_2023111201736_23
...
040 (1973428.000.000) 2023-12-14 02:30:41 Finished transferring input files
...
001 (1973428.000.000) 2023-12-14 02:30:41 Job executing on host: <172.24.48.197:44589?CCBID=172.24.33.225:9618%3faddrs%3d172.24.33.225-9618%26alias%3dsdfrome001.sdf.slac.stanford.edu#6220121&PrivNet=sdfmilan125.sdf.slac.stanford.edu&addrs=172.24.48.197-44589&alias=sdfmilan125.sdf.slac.stanford.edu>
	SlotName: slot_abrought_7640_1_3@sdfmilan125.sdf.slac.stanford.edu
...
006 (1973428.000.000) 2023-12-14 02:30:50 Image size of job updated: 271356
	66  -  MemoryUsage of job (MB)
	67228  -  ResidentSetSize of job (KB)
...
006 (1973428.000.000) 2023-12-14 02:34:48 Image size of job updated: 2118064
	625  -  MemoryUsage of job (MB)
	639744  -  ResidentSetSize of job (KB)
...
040 (1973428.000.000) 2023-12-14 02:34:48 Started transferring output files
...
040 (1973428.000.000) 2023-12-14 02:34:48 Finished transferring output files
...
005 (1973428.000.000) 2023-12-14 02:34:48 Job terminated.
	(1) Normal termination (return value 0)
		Usr 0 00:00:21, Sys 0 00:00:02  -  Run Remote Usage
		Usr 0 00:00:00, Sys 0 00:00:00  -  Run Local Usage
		Usr 0 00:00:21, Sys 0 00:00:02  -  Total Remote Usage
		Usr 0 00:00:00, Sys 0 00:00:00  -  Total Local Usage
	18805  -  Run Bytes Sent By Job
	0  -  Run Bytes Received By Job
	18805  -  Total Bytes Sent By Job
	0  -  Total Bytes Received By Job
	Partitionable Resources :    Usage  Request Allocated 
	   Cpus                 :                 1         1 
	   Disk (KB)            :       90        2    305890 
	   Memory (MB)          :      625     2048      2048 

	Job terminated of its own accord at 2023-12-14T10:34:48Z with exit-code 0.
...
