000 (1969869.000.000) 2023-12-14 02:17:13 Job submitted from host: <172.24.33.226:11547?addrs=172.24.33.226-11547&alias=sdfrome002.sdf.slac.stanford.edu>
    DAG Node: de3a0db7-2493-48e4-9e81-2a42d4c71982_ptcIsr_2023111101360_23
...
040 (1969869.000.000) 2023-12-14 02:20:12 Finished transferring input files
...
001 (1969869.000.000) 2023-12-14 02:20:12 Job executing on host: <172.24.48.186:33679?CCBID=172.24.33.225:9618%3faddrs%3d172.24.33.225-9618%26alias%3dsdfrome001.sdf.slac.stanford.edu#6219700&PrivNet=sdfmilan114.sdf.slac.stanford.edu&addrs=172.24.48.186-33679&alias=sdfmilan114.sdf.slac.stanford.edu>
	SlotName: slot_abrought_14493_1_22@sdfmilan114.sdf.slac.stanford.edu
...
006 (1969869.000.000) 2023-12-14 02:20:21 Image size of job updated: 55920
	27  -  MemoryUsage of job (MB)
	27504  -  ResidentSetSize of job (KB)
...
006 (1969869.000.000) 2023-12-14 02:21:05 Image size of job updated: 2290516
	626  -  MemoryUsage of job (MB)
	640920  -  ResidentSetSize of job (KB)
...
040 (1969869.000.000) 2023-12-14 02:21:05 Started transferring output files
...
040 (1969869.000.000) 2023-12-14 02:21:05 Finished transferring output files
...
005 (1969869.000.000) 2023-12-14 02:21:05 Job terminated.
	(1) Normal termination (return value 0)
		Usr 0 00:00:22, Sys 0 00:00:03  -  Run Remote Usage
		Usr 0 00:00:00, Sys 0 00:00:00  -  Run Local Usage
		Usr 0 00:00:22, Sys 0 00:00:03  -  Total Remote Usage
		Usr 0 00:00:00, Sys 0 00:00:00  -  Total Local Usage
	19073  -  Run Bytes Sent By Job
	0  -  Run Bytes Received By Job
	19073  -  Total Bytes Sent By Job
	0  -  Total Bytes Received By Job
	Partitionable Resources :    Usage  Request Allocated 
	   Cpus                 :                 1         1 
	   Disk (KB)            :       91        2    312193 
	   Memory (MB)          :      626     2048      2048 

	Job terminated of its own accord at 2023-12-14T10:21:04Z with exit-code 0.
...
