000 (1969553.000.000) 2023-12-14 02:17:11 Job submitted from host: <172.24.33.226:11547?addrs=172.24.33.226-11547&alias=sdfrome002.sdf.slac.stanford.edu>
    DAG Node: 52d0b7eb-ae78-4f4a-89ce-83ea4a5a36d4_ptcIsr_2023110800583_23
...
040 (1969553.000.000) 2023-12-14 02:18:18 Finished transferring input files
...
001 (1969553.000.000) 2023-12-14 02:18:18 Job executing on host: <172.24.48.193:46283?CCBID=172.24.33.225:9618%3faddrs%3d172.24.33.225-9618%26alias%3dsdfrome001.sdf.slac.stanford.edu#6219697&PrivNet=sdfmilan121.sdf.slac.stanford.edu&addrs=172.24.48.193-46283&alias=sdfmilan121.sdf.slac.stanford.edu>
	SlotName: slot_abrought_10210_1_19@sdfmilan121.sdf.slac.stanford.edu
...
006 (1969553.000.000) 2023-12-14 02:18:27 Image size of job updated: 338544
	124  -  MemoryUsage of job (MB)
	126748  -  ResidentSetSize of job (KB)
...
006 (1969553.000.000) 2023-12-14 02:19:26 Image size of job updated: 2032076
	124  -  MemoryUsage of job (MB)
	126748  -  ResidentSetSize of job (KB)
...
040 (1969553.000.000) 2023-12-14 02:19:27 Started transferring output files
...
040 (1969553.000.000) 2023-12-14 02:19:27 Finished transferring output files
...
005 (1969553.000.000) 2023-12-14 02:19:27 Job terminated.
	(1) Normal termination (return value 0)
		Usr 0 00:00:23, Sys 0 00:00:04  -  Run Remote Usage
		Usr 0 00:00:00, Sys 0 00:00:00  -  Run Local Usage
		Usr 0 00:00:23, Sys 0 00:00:04  -  Total Remote Usage
		Usr 0 00:00:00, Sys 0 00:00:00  -  Total Local Usage
	18801  -  Run Bytes Sent By Job
	0  -  Run Bytes Received By Job
	18801  -  Total Bytes Sent By Job
	0  -  Total Bytes Received By Job
	Partitionable Resources :    Usage  Request Allocated 
	   Cpus                 :                 1         1 
	   Disk (KB)            :       90        2    311595 
	   Memory (MB)          :      124     2048      2048 

	Job terminated of its own accord at 2023-12-14T10:19:26Z with exit-code 0.
...
