000 (1969820.000.000) 2023-12-14 02:17:12 Job submitted from host: <172.24.33.226:11547?addrs=172.24.33.226-11547&alias=sdfrome002.sdf.slac.stanford.edu>
    DAG Node: d33a9a99-4cca-4ef4-b4bd-5d667826d872_ptcIsr_2023111101009_23
...
040 (1969820.000.000) 2023-12-14 02:20:11 Finished transferring input files
...
001 (1969820.000.000) 2023-12-14 02:20:11 Job executing on host: <172.24.33.124:45647?CCBID=172.24.33.225:9618%3faddrs%3d172.24.33.225-9618%26alias%3dsdfrome001.sdf.slac.stanford.edu#6220016&PrivNet=sdfrome059.sdf.slac.stanford.edu&addrs=172.24.33.124-45647&alias=sdfrome059.sdf.slac.stanford.edu>
	SlotName: slot_abrought_13532_1_7@sdfrome059.sdf.slac.stanford.edu
...
006 (1969820.000.000) 2023-12-14 02:20:20 Image size of job updated: 69764
	10  -  MemoryUsage of job (MB)
	10148  -  ResidentSetSize of job (KB)
...
006 (1969820.000.000) 2023-12-14 02:23:02 Image size of job updated: 2105664
	635  -  MemoryUsage of job (MB)
	649708  -  ResidentSetSize of job (KB)
...
040 (1969820.000.000) 2023-12-14 02:23:03 Started transferring output files
...
040 (1969820.000.000) 2023-12-14 02:23:03 Finished transferring output files
...
005 (1969820.000.000) 2023-12-14 02:23:03 Job terminated.
	(1) Normal termination (return value 0)
		Usr 0 00:00:15, Sys 0 00:00:05  -  Run Remote Usage
		Usr 0 00:00:00, Sys 0 00:00:00  -  Run Local Usage
		Usr 0 00:00:15, Sys 0 00:00:05  -  Total Remote Usage
		Usr 0 00:00:00, Sys 0 00:00:00  -  Total Local Usage
	18976  -  Run Bytes Sent By Job
	0  -  Run Bytes Received By Job
	18976  -  Total Bytes Sent By Job
	0  -  Total Bytes Received By Job
	Partitionable Resources :    Usage  Request Allocated 
	   Cpus                 :                 1         1 
	   Disk (KB)            :       90        2    312194 
	   Memory (MB)          :      635     2048      2048 

	Job terminated of its own accord at 2023-12-14T10:23:02Z with exit-code 0.
...
