000 (1969598.000.000) 2023-12-14 02:17:11 Job submitted from host: <172.24.33.226:11547?addrs=172.24.33.226-11547&alias=sdfrome002.sdf.slac.stanford.edu>
    DAG Node: be015200-db69-4bef-a68e-b8abf8e260ba_ptcIsr_2023111203536_23
...
040 (1969598.000.000) 2023-12-14 02:18:52 Finished transferring input files
...
001 (1969598.000.000) 2023-12-14 02:18:53 Job executing on host: <172.24.48.193:46283?CCBID=172.24.33.225:9618%3faddrs%3d172.24.33.225-9618%26alias%3dsdfrome001.sdf.slac.stanford.edu#6219697&PrivNet=sdfmilan121.sdf.slac.stanford.edu&addrs=172.24.48.193-46283&alias=sdfmilan121.sdf.slac.stanford.edu>
	SlotName: slot_abrought_10210_1_2@sdfmilan121.sdf.slac.stanford.edu
...
006 (1969598.000.000) 2023-12-14 02:19:01 Image size of job updated: 293484
	86  -  MemoryUsage of job (MB)
	87368  -  ResidentSetSize of job (KB)
...
006 (1969598.000.000) 2023-12-14 02:19:46 Image size of job updated: 2195048
	610  -  MemoryUsage of job (MB)
	623964  -  ResidentSetSize of job (KB)
...
040 (1969598.000.000) 2023-12-14 02:19:46 Started transferring output files
...
040 (1969598.000.000) 2023-12-14 02:19:46 Finished transferring output files
...
005 (1969598.000.000) 2023-12-14 02:19:46 Job terminated.
	(1) Normal termination (return value 0)
		Usr 0 00:00:24, Sys 0 00:00:03  -  Run Remote Usage
		Usr 0 00:00:00, Sys 0 00:00:00  -  Run Local Usage
		Usr 0 00:00:24, Sys 0 00:00:03  -  Total Remote Usage
		Usr 0 00:00:00, Sys 0 00:00:00  -  Total Local Usage
	18805  -  Run Bytes Sent By Job
	0  -  Run Bytes Received By Job
	18805  -  Total Bytes Sent By Job
	0  -  Total Bytes Received By Job
	Partitionable Resources :    Usage  Request Allocated 
	   Cpus                 :                 1         1 
	   Disk (KB)            :       90        2    311595 
	   Memory (MB)          :      610     2048      2048 

	Job terminated of its own accord at 2023-12-14T10:19:46Z with exit-code 0.
...
