000 (1971713.000.000) 2023-12-14 02:17:36 Job submitted from host: <172.24.33.226:11547?addrs=172.24.33.226-11547&alias=sdfrome002.sdf.slac.stanford.edu>
    DAG Node: 7b27fbbc-e704-430d-8dd6-4213bb16e3ba_ptcIsr_2023111300776_23
...
040 (1971713.000.000) 2023-12-14 02:25:43 Finished transferring input files
...
001 (1971713.000.000) 2023-12-14 02:25:43 Job executing on host: <172.24.33.143:42517?CCBID=172.24.33.225:9618%3faddrs%3d172.24.33.225-9618%26alias%3dsdfrome001.sdf.slac.stanford.edu#6220496&PrivNet=sdfrome078.sdf.slac.stanford.edu&addrs=172.24.33.143-42517&alias=sdfrome078.sdf.slac.stanford.edu>
	SlotName: slot_abrought_19079_1_19@sdfrome078.sdf.slac.stanford.edu
...
006 (1971713.000.000) 2023-12-14 02:25:53 Image size of job updated: 34428
	18  -  MemoryUsage of job (MB)
	18200  -  ResidentSetSize of job (KB)
...
006 (1971713.000.000) 2023-12-14 02:26:35 Image size of job updated: 2198432
	612  -  MemoryUsage of job (MB)
	625708  -  ResidentSetSize of job (KB)
...
040 (1971713.000.000) 2023-12-14 02:26:35 Started transferring output files
...
040 (1971713.000.000) 2023-12-14 02:26:35 Finished transferring output files
...
005 (1971713.000.000) 2023-12-14 02:26:35 Job terminated.
	(1) Normal termination (return value 0)
		Usr 0 00:00:25, Sys 0 00:00:03  -  Run Remote Usage
		Usr 0 00:00:00, Sys 0 00:00:00  -  Run Local Usage
		Usr 0 00:00:25, Sys 0 00:00:03  -  Total Remote Usage
		Usr 0 00:00:00, Sys 0 00:00:00  -  Total Local Usage
	19072  -  Run Bytes Sent By Job
	0  -  Run Bytes Received By Job
	19072  -  Total Bytes Sent By Job
	0  -  Total Bytes Received By Job
	Partitionable Resources :    Usage  Request Allocated 
	   Cpus                 :     0.16        1         1 
	   Disk (KB)            :    97           2    312194 
	   Memory (MB)          :   612        2048      2048 

	Job terminated of its own accord at 2023-12-14T10:26:35Z with exit-code 0.
...
