000 (1970880.000.000) 2023-12-14 02:17:25 Job submitted from host: <172.24.33.226:11547?addrs=172.24.33.226-11547&alias=sdfrome002.sdf.slac.stanford.edu>
    DAG Node: 0ac039f7-be61-4b27-8dcf-5c66748901e8_ptcIsr_2023111200776_23
...
040 (1970880.000.000) 2023-12-14 02:23:25 Finished transferring input files
...
001 (1970880.000.000) 2023-12-14 02:23:25 Job executing on host: <172.24.33.213:41467?CCBID=172.24.33.225:9618%3faddrs%3d172.24.33.225-9618%26alias%3dsdfrome001.sdf.slac.stanford.edu#6220037&PrivNet=sdfrome022.sdf.slac.stanford.edu&addrs=172.24.33.213-41467&alias=sdfrome022.sdf.slac.stanford.edu>
	SlotName: slot_abrought_435_1_3@sdfrome022.sdf.slac.stanford.edu
...
006 (1970880.000.000) 2023-12-14 02:23:35 Image size of job updated: 30064
	14  -  MemoryUsage of job (MB)
	13548  -  ResidentSetSize of job (KB)
...
006 (1970880.000.000) 2023-12-14 02:24:28 Image size of job updated: 2135812
	631  -  MemoryUsage of job (MB)
	645888  -  ResidentSetSize of job (KB)
...
040 (1970880.000.000) 2023-12-14 02:24:29 Started transferring output files
...
040 (1970880.000.000) 2023-12-14 02:24:29 Finished transferring output files
...
005 (1970880.000.000) 2023-12-14 02:24:30 Job terminated.
	(1) Normal termination (return value 0)
		Usr 0 00:00:25, Sys 0 00:00:03  -  Run Remote Usage
		Usr 0 00:00:00, Sys 0 00:00:00  -  Run Local Usage
		Usr 0 00:00:25, Sys 0 00:00:03  -  Total Remote Usage
		Usr 0 00:00:00, Sys 0 00:00:00  -  Total Local Usage
	19073  -  Run Bytes Sent By Job
	0  -  Run Bytes Received By Job
	19073  -  Total Bytes Sent By Job
	0  -  Total Bytes Received By Job
	Partitionable Resources :    Usage  Request Allocated 
	   Cpus                 :     0.87        1         1 
	   Disk (KB)            :    97           2    312194 
	   Memory (MB)          :   631        2048      2048 

	Job terminated of its own accord at 2023-12-14T10:24:28Z with exit-code 0.
...
