000 (1969772.000.000) 2023-12-14 02:17:12 Job submitted from host: <172.24.33.226:11547?addrs=172.24.33.226-11547&alias=sdfrome002.sdf.slac.stanford.edu>
    DAG Node: 0f736126-d60a-4a1c-8387-229512cdbfef_ptcIsr_2023111203480_23
...
040 (1969772.000.000) 2023-12-14 02:20:09 Finished transferring input files
...
001 (1969772.000.000) 2023-12-14 02:20:09 Job executing on host: <172.24.33.213:43829?CCBID=172.24.33.225:9618%3faddrs%3d172.24.33.225-9618%26alias%3dsdfrome001.sdf.slac.stanford.edu#6220038&PrivNet=sdfrome022.sdf.slac.stanford.edu&addrs=172.24.33.213-43829&alias=sdfrome022.sdf.slac.stanford.edu>
	SlotName: slot_abrought_31850_1_3@sdfrome022.sdf.slac.stanford.edu
...
006 (1969772.000.000) 2023-12-14 02:20:18 Image size of job updated: 290812
	82  -  MemoryUsage of job (MB)
	83796  -  ResidentSetSize of job (KB)
...
006 (1969772.000.000) 2023-12-14 02:21:21 Image size of job updated: 2069348
	82  -  MemoryUsage of job (MB)
	83796  -  ResidentSetSize of job (KB)
...
040 (1969772.000.000) 2023-12-14 02:21:21 Started transferring output files
...
040 (1969772.000.000) 2023-12-14 02:21:21 Finished transferring output files
...
005 (1969772.000.000) 2023-12-14 02:21:26 Job terminated.
	(1) Normal termination (return value 0)
		Usr 0 00:00:24, Sys 0 00:00:12  -  Run Remote Usage
		Usr 0 00:00:00, Sys 0 00:00:00  -  Run Local Usage
		Usr 0 00:00:24, Sys 0 00:00:12  -  Total Remote Usage
		Usr 0 00:00:00, Sys 0 00:00:00  -  Total Local Usage
	18975  -  Run Bytes Sent By Job
	0  -  Run Bytes Received By Job
	18975  -  Total Bytes Sent By Job
	0  -  Total Bytes Received By Job
	Partitionable Resources :    Usage  Request Allocated 
	   Cpus                 :                 1         1 
	   Disk (KB)            :       90        2    312194 
	   Memory (MB)          :       82     2048      2048 

	Job terminated of its own accord at 2023-12-14T10:21:21Z with exit-code 0.
...
