000 (1972431.000.000) 2023-12-14 02:17:43 Job submitted from host: <172.24.33.226:11547?addrs=172.24.33.226-11547&alias=sdfrome002.sdf.slac.stanford.edu>
    DAG Node: 9cf515dc-2433-4fdc-93fb-8ca483439f51_ptcIsr_2023111200173_23
...
040 (1972431.000.000) 2023-12-14 02:27:52 Finished transferring input files
...
001 (1972431.000.000) 2023-12-14 02:27:52 Job executing on host: <172.24.33.213:43829?CCBID=172.24.33.225:9618%3faddrs%3d172.24.33.225-9618%26alias%3dsdfrome001.sdf.slac.stanford.edu#6220038&PrivNet=sdfrome022.sdf.slac.stanford.edu&addrs=172.24.33.213-43829&alias=sdfrome022.sdf.slac.stanford.edu>
	SlotName: slot_abrought_31850_1_8@sdfrome022.sdf.slac.stanford.edu
...
006 (1972431.000.000) 2023-12-14 02:28:00 Image size of job updated: 326016
	113  -  MemoryUsage of job (MB)
	115376  -  ResidentSetSize of job (KB)
...
006 (1972431.000.000) 2023-12-14 02:28:42 Image size of job updated: 2169992
	1272  -  MemoryUsage of job (MB)
	1301568  -  ResidentSetSize of job (KB)
...
040 (1972431.000.000) 2023-12-14 02:28:42 Started transferring output files
...
040 (1972431.000.000) 2023-12-14 02:28:42 Finished transferring output files
...
005 (1972431.000.000) 2023-12-14 02:28:42 Job terminated.
	(1) Normal termination (return value 0)
		Usr 0 00:00:21, Sys 0 00:00:03  -  Run Remote Usage
		Usr 0 00:00:00, Sys 0 00:00:00  -  Run Local Usage
		Usr 0 00:00:21, Sys 0 00:00:03  -  Total Remote Usage
		Usr 0 00:00:00, Sys 0 00:00:00  -  Total Local Usage
	19073  -  Run Bytes Sent By Job
	0  -  Run Bytes Received By Job
	19073  -  Total Bytes Sent By Job
	0  -  Total Bytes Received By Job
	Partitionable Resources :    Usage  Request Allocated 
	   Cpus                 :                 1         1 
	   Disk (KB)            :       91        2    312194 
	   Memory (MB)          :     1272     2048      2048 

	Job terminated of its own accord at 2023-12-14T10:28:41Z with exit-code 0.
...
