000 (1969446.000.000) 2023-12-14 02:17:09 Job submitted from host: <172.24.33.226:11547?addrs=172.24.33.226-11547&alias=sdfrome002.sdf.slac.stanford.edu>
    DAG Node: 4a7bc310-1742-48b7-abde-921a4368f3c0_ptcIsr_2023110800553_23
...
040 (1969446.000.000) 2023-12-14 02:17:11 Finished transferring input files
...
001 (1969446.000.000) 2023-12-14 02:17:11 Job executing on host: <172.24.48.149:38613?CCBID=172.24.33.225:9618%3faddrs%3d172.24.33.225-9618%26alias%3dsdfrome001.sdf.slac.stanford.edu#6219698&PrivNet=sdfmilan049.sdf.slac.stanford.edu&addrs=172.24.48.149-38613&alias=sdfmilan049.sdf.slac.stanford.edu>
	SlotName: slot_abrought_1727_1_22@sdfmilan049.sdf.slac.stanford.edu
...
006 (1969446.000.000) 2023-12-14 02:17:20 Image size of job updated: 460
	1  -  MemoryUsage of job (MB)
	60  -  ResidentSetSize of job (KB)
...
006 (1969446.000.000) 2023-12-14 02:18:22 Image size of job updated: 2169032
	628  -  MemoryUsage of job (MB)
	642464  -  ResidentSetSize of job (KB)
...
040 (1969446.000.000) 2023-12-14 02:18:22 Started transferring output files
...
040 (1969446.000.000) 2023-12-14 02:18:22 Finished transferring output files
...
005 (1969446.000.000) 2023-12-14 02:18:22 Job terminated.
	(1) Normal termination (return value 0)
		Usr 0 00:00:21, Sys 0 00:00:02  -  Run Remote Usage
		Usr 0 00:00:00, Sys 0 00:00:00  -  Run Local Usage
		Usr 0 00:00:21, Sys 0 00:00:02  -  Total Remote Usage
		Usr 0 00:00:00, Sys 0 00:00:00  -  Total Local Usage
	19072  -  Run Bytes Sent By Job
	0  -  Run Bytes Received By Job
	19072  -  Total Bytes Sent By Job
	0  -  Total Bytes Received By Job
	Partitionable Resources :    Usage  Request Allocated 
	   Cpus                 :                 1         1 
	   Disk (KB)            :       90        2    312194 
	   Memory (MB)          :      628     2048      2048 

	Job terminated of its own accord at 2023-12-14T10:18:22Z with exit-code 0.
...
