000 (1972683.000.000) 2023-12-14 02:17:48 Job submitted from host: <172.24.33.226:11547?addrs=172.24.33.226-11547&alias=sdfrome002.sdf.slac.stanford.edu>
    DAG Node: 01e01f29-cbf8-4f44-b1a0-775d94a30486_ptcIsr_2023111202675_23
...
040 (1972683.000.000) 2023-12-14 02:28:38 Finished transferring input files
...
001 (1972683.000.000) 2023-12-14 02:28:38 Job executing on host: <172.24.33.124:39661?CCBID=172.24.33.225:9618%3faddrs%3d172.24.33.225-9618%26alias%3dsdfrome001.sdf.slac.stanford.edu#6220018&PrivNet=sdfrome059.sdf.slac.stanford.edu&addrs=172.24.33.124-39661&alias=sdfrome059.sdf.slac.stanford.edu>
	SlotName: slot_abrought_25802_1_20@sdfrome059.sdf.slac.stanford.edu
...
006 (1972683.000.000) 2023-12-14 02:28:47 Image size of job updated: 424272
	183  -  MemoryUsage of job (MB)
	186716  -  ResidentSetSize of job (KB)
...
006 (1972683.000.000) 2023-12-14 02:29:19 Image size of job updated: 2070452
	605  -  MemoryUsage of job (MB)
	618584  -  ResidentSetSize of job (KB)
...
040 (1972683.000.000) 2023-12-14 02:29:19 Started transferring output files
...
040 (1972683.000.000) 2023-12-14 02:29:19 Finished transferring output files
...
005 (1972683.000.000) 2023-12-14 02:29:19 Job terminated.
	(1) Normal termination (return value 0)
		Usr 0 00:00:24, Sys 0 00:00:05  -  Run Remote Usage
		Usr 0 00:00:00, Sys 0 00:00:00  -  Run Local Usage
		Usr 0 00:00:24, Sys 0 00:00:05  -  Total Remote Usage
		Usr 0 00:00:00, Sys 0 00:00:00  -  Total Local Usage
	18803  -  Run Bytes Sent By Job
	0  -  Run Bytes Received By Job
	18803  -  Total Bytes Sent By Job
	0  -  Total Bytes Received By Job
	Partitionable Resources :    Usage  Request Allocated 
	   Cpus                 :     0.98        1         1 
	   Disk (KB)            :    97           2    312194 
	   Memory (MB)          :   605        2048      2048 

	Job terminated of its own accord at 2023-12-14T10:29:19Z with exit-code 0.
...
