000 (1971367.000.000) 2023-12-14 02:17:31 Job submitted from host: <172.24.33.226:11547?addrs=172.24.33.226-11547&alias=sdfrome002.sdf.slac.stanford.edu>
    DAG Node: ae5b659a-d396-4677-ad47-15d0e6384832_ptcIsr_2023111200335_23
...
040 (1971367.000.000) 2023-12-14 02:24:52 Finished transferring input files
...
001 (1971367.000.000) 2023-12-14 02:24:52 Job executing on host: <172.24.33.124:39697?CCBID=172.24.33.225:9618%3faddrs%3d172.24.33.225-9618%26alias%3dsdfrome001.sdf.slac.stanford.edu#6220015&PrivNet=sdfrome059.sdf.slac.stanford.edu&addrs=172.24.33.124-39697&alias=sdfrome059.sdf.slac.stanford.edu>
	SlotName: slot_abrought_7836_1_6@sdfrome059.sdf.slac.stanford.edu
...
006 (1971367.000.000) 2023-12-14 02:25:00 Image size of job updated: 264192
	58  -  MemoryUsage of job (MB)
	59152  -  ResidentSetSize of job (KB)
...
006 (1971367.000.000) 2023-12-14 02:25:49 Image size of job updated: 2033504
	616  -  MemoryUsage of job (MB)
	630692  -  ResidentSetSize of job (KB)
...
040 (1971367.000.000) 2023-12-14 02:25:49 Started transferring output files
...
040 (1971367.000.000) 2023-12-14 02:25:49 Finished transferring output files
...
005 (1971367.000.000) 2023-12-14 02:25:49 Job terminated.
	(1) Normal termination (return value 0)
		Usr 0 00:00:21, Sys 0 00:00:04  -  Run Remote Usage
		Usr 0 00:00:00, Sys 0 00:00:00  -  Run Local Usage
		Usr 0 00:00:21, Sys 0 00:00:04  -  Total Remote Usage
		Usr 0 00:00:00, Sys 0 00:00:00  -  Total Local Usage
	18801  -  Run Bytes Sent By Job
	0  -  Run Bytes Received By Job
	18801  -  Total Bytes Sent By Job
	0  -  Total Bytes Received By Job
	Partitionable Resources :    Usage  Request Allocated 
	   Cpus                 :                 1         1 
	   Disk (KB)            :       90        2    312194 
	   Memory (MB)          :      616     2048      2048 

	Job terminated of its own accord at 2023-12-14T10:25:49Z with exit-code 0.
...
