000 (1970174.000.000) 2023-12-14 02:17:18 Job submitted from host: <172.24.33.226:11547?addrs=172.24.33.226-11547&alias=sdfrome002.sdf.slac.stanford.edu>
    DAG Node: 34f99305-6db9-4e3f-a158-de4ea803efc3_ptcIsr_2023111201716_23
...
040 (1970174.000.000) 2023-12-14 02:20:55 Finished transferring input files
...
001 (1970174.000.000) 2023-12-14 02:20:55 Job executing on host: <172.24.33.143:42517?CCBID=172.24.33.225:9618%3faddrs%3d172.24.33.225-9618%26alias%3dsdfrome001.sdf.slac.stanford.edu#6220496&PrivNet=sdfrome078.sdf.slac.stanford.edu&addrs=172.24.33.143-42517&alias=sdfrome078.sdf.slac.stanford.edu>
	SlotName: slot_abrought_19079_1_21@sdfrome078.sdf.slac.stanford.edu
...
006 (1970174.000.000) 2023-12-14 02:21:03 Image size of job updated: 460
	1  -  MemoryUsage of job (MB)
	60  -  ResidentSetSize of job (KB)
...
006 (1970174.000.000) 2023-12-14 02:21:50 Image size of job updated: 1964164
	626  -  MemoryUsage of job (MB)
	640396  -  ResidentSetSize of job (KB)
...
040 (1970174.000.000) 2023-12-14 02:21:50 Started transferring output files
...
040 (1970174.000.000) 2023-12-14 02:21:50 Finished transferring output files
...
005 (1970174.000.000) 2023-12-14 02:21:50 Job terminated.
	(1) Normal termination (return value 0)
		Usr 0 00:00:25, Sys 0 00:00:08  -  Run Remote Usage
		Usr 0 00:00:00, Sys 0 00:00:00  -  Run Local Usage
		Usr 0 00:00:25, Sys 0 00:00:08  -  Total Remote Usage
		Usr 0 00:00:00, Sys 0 00:00:00  -  Total Local Usage
	18803  -  Run Bytes Sent By Job
	0  -  Run Bytes Received By Job
	18803  -  Total Bytes Sent By Job
	0  -  Total Bytes Received By Job
	Partitionable Resources :    Usage  Request Allocated 
	   Cpus                 :                 1         1 
	   Disk (KB)            :       90        2    312194 
	   Memory (MB)          :      626     2048      2048 

	Job terminated of its own accord at 2023-12-14T10:21:50Z with exit-code 0.
...
