000 (1970384.000.000) 2023-12-14 02:17:19 Job submitted from host: <172.24.33.226:11547?addrs=172.24.33.226-11547&alias=sdfrome002.sdf.slac.stanford.edu>
    DAG Node: e51d7e31-d980-4772-83f3-b6d491add5de_ptcIsr_2023111101131_23
...
040 (1970384.000.000) 2023-12-14 02:21:39 Finished transferring input files
...
001 (1970384.000.000) 2023-12-14 02:21:39 Job executing on host: <172.24.33.124:44469?CCBID=172.24.33.225:9618%3faddrs%3d172.24.33.225-9618%26alias%3dsdfrome001.sdf.slac.stanford.edu#6220017&PrivNet=sdfrome059.sdf.slac.stanford.edu&addrs=172.24.33.124-44469&alias=sdfrome059.sdf.slac.stanford.edu>
	SlotName: slot_abrought_2668_1_18@sdfrome059.sdf.slac.stanford.edu
...
006 (1970384.000.000) 2023-12-14 02:21:48 Image size of job updated: 327496
	115  -  MemoryUsage of job (MB)
	117012  -  ResidentSetSize of job (KB)
...
006 (1970384.000.000) 2023-12-14 02:22:29 Image size of job updated: 2123028
	115  -  MemoryUsage of job (MB)
	117012  -  ResidentSetSize of job (KB)
...
040 (1970384.000.000) 2023-12-14 02:22:29 Started transferring output files
...
040 (1970384.000.000) 2023-12-14 02:22:29 Finished transferring output files
...
005 (1970384.000.000) 2023-12-14 02:22:29 Job terminated.
	(1) Normal termination (return value 0)
		Usr 0 00:00:23, Sys 0 00:00:03  -  Run Remote Usage
		Usr 0 00:00:00, Sys 0 00:00:00  -  Run Local Usage
		Usr 0 00:00:23, Sys 0 00:00:03  -  Total Remote Usage
		Usr 0 00:00:00, Sys 0 00:00:00  -  Total Local Usage
	19073  -  Run Bytes Sent By Job
	0  -  Run Bytes Received By Job
	19073  -  Total Bytes Sent By Job
	0  -  Total Bytes Received By Job
	Partitionable Resources :    Usage  Request Allocated 
	   Cpus                 :                 1         1 
	   Disk (KB)            :       91        2    312194 
	   Memory (MB)          :      115     2048      2048 

	Job terminated of its own accord at 2023-12-14T10:22:29Z with exit-code 0.
...
