000 (1973208.000.000) 2023-12-14 02:17:54 Job submitted from host: <172.24.33.226:11547?addrs=172.24.33.226-11547&alias=sdfrome002.sdf.slac.stanford.edu>
    DAG Node: 5a49f52c-d6b7-48fa-9c67-ef98a4c43f5c_ptcIsr_2023111301019_23
...
040 (1973208.000.000) 2023-12-14 02:30:03 Finished transferring input files
...
001 (1973208.000.000) 2023-12-14 02:30:03 Job executing on host: <172.24.48.185:41489?CCBID=172.24.33.225:9618%3faddrs%3d172.24.33.225-9618%26alias%3dsdfrome001.sdf.slac.stanford.edu#6219699&PrivNet=sdfmilan113.sdf.slac.stanford.edu&addrs=172.24.48.185-41489&alias=sdfmilan113.sdf.slac.stanford.edu>
	SlotName: slot_abrought_18623_1_2@sdfmilan113.sdf.slac.stanford.edu
...
006 (1973208.000.000) 2023-12-14 02:30:12 Image size of job updated: 283168
	75  -  MemoryUsage of job (MB)
	76548  -  ResidentSetSize of job (KB)
...
006 (1973208.000.000) 2023-12-14 02:31:19 Image size of job updated: 2108172
	1312  -  MemoryUsage of job (MB)
	1343004  -  ResidentSetSize of job (KB)
...
040 (1973208.000.000) 2023-12-14 02:31:19 Started transferring output files
...
040 (1973208.000.000) 2023-12-14 02:31:19 Finished transferring output files
...
005 (1973208.000.000) 2023-12-14 02:31:19 Job terminated.
	(1) Normal termination (return value 0)
		Usr 0 00:00:10, Sys 0 00:00:01  -  Run Remote Usage
		Usr 0 00:00:00, Sys 0 00:00:00  -  Run Local Usage
		Usr 0 00:00:10, Sys 0 00:00:01  -  Total Remote Usage
		Usr 0 00:00:00, Sys 0 00:00:00  -  Total Local Usage
	18801  -  Run Bytes Sent By Job
	0  -  Run Bytes Received By Job
	18801  -  Total Bytes Sent By Job
	0  -  Total Bytes Received By Job
	Partitionable Resources :    Usage  Request Allocated 
	   Cpus                 :                 1         1 
	   Disk (KB)            :       90        2    312194 
	   Memory (MB)          :     1312     2048      2048 

	Job terminated of its own accord at 2023-12-14T10:31:19Z with exit-code 0.
...
