000 (1972652.000.000) 2023-12-14 02:17:47 Job submitted from host: <172.24.33.226:11547?addrs=172.24.33.226-11547&alias=sdfrome002.sdf.slac.stanford.edu>
    DAG Node: 55a6897c-1471-4dcb-bbcd-a0884b57affe_ptcIsr_2023111203116_23
...
040 (1972652.000.000) 2023-12-14 02:28:34 Finished transferring input files
...
001 (1972652.000.000) 2023-12-14 02:28:34 Job executing on host: <172.24.33.147:42953?CCBID=172.24.33.225:9618%3faddrs%3d172.24.33.225-9618%26alias%3dsdfrome001.sdf.slac.stanford.edu#6219703&PrivNet=sdfrome082.sdf.slac.stanford.edu&addrs=172.24.33.147-42953&alias=sdfrome082.sdf.slac.stanford.edu>
	SlotName: slot_abrought_48_1_18@sdfrome082.sdf.slac.stanford.edu
...
006 (1972652.000.000) 2023-12-14 02:28:43 Image size of job updated: 283780
	76  -  MemoryUsage of job (MB)
	77552  -  ResidentSetSize of job (KB)
...
006 (1972652.000.000) 2023-12-14 02:29:29 Image size of job updated: 2339752
	76  -  MemoryUsage of job (MB)
	77552  -  ResidentSetSize of job (KB)
...
040 (1972652.000.000) 2023-12-14 02:29:29 Started transferring output files
...
040 (1972652.000.000) 2023-12-14 02:29:29 Finished transferring output files
...
005 (1972652.000.000) 2023-12-14 02:29:29 Job terminated.
	(1) Normal termination (return value 0)
		Usr 0 00:00:20, Sys 0 00:00:03  -  Run Remote Usage
		Usr 0 00:00:00, Sys 0 00:00:00  -  Run Local Usage
		Usr 0 00:00:20, Sys 0 00:00:03  -  Total Remote Usage
		Usr 0 00:00:00, Sys 0 00:00:00  -  Total Local Usage
	19073  -  Run Bytes Sent By Job
	0  -  Run Bytes Received By Job
	19073  -  Total Bytes Sent By Job
	0  -  Total Bytes Received By Job
	Partitionable Resources :    Usage  Request Allocated 
	   Cpus                 :                 1         1 
	   Disk (KB)            :       91        2    312116 
	   Memory (MB)          :       76     2048      2048 

	Job terminated of its own accord at 2023-12-14T10:29:29Z with exit-code 0.
...
