000 (1970463.000.000) 2023-12-14 02:17:19 Job submitted from host: <172.24.33.226:11547?addrs=172.24.33.226-11547&alias=sdfrome002.sdf.slac.stanford.edu>
    DAG Node: 217e3f98-4a35-43c6-b36e-70c1a3db4c5d_ptcIsr_2023111201086_23
...
040 (1970463.000.000) 2023-12-14 02:22:00 Finished transferring input files
...
001 (1970463.000.000) 2023-12-14 02:22:00 Job executing on host: <172.24.48.186:33679?CCBID=172.24.33.225:9618%3faddrs%3d172.24.33.225-9618%26alias%3dsdfrome001.sdf.slac.stanford.edu#6219700&PrivNet=sdfmilan114.sdf.slac.stanford.edu&addrs=172.24.48.186-33679&alias=sdfmilan114.sdf.slac.stanford.edu>
	SlotName: slot_abrought_14493_1_17@sdfmilan114.sdf.slac.stanford.edu
...
006 (1970463.000.000) 2023-12-14 02:22:08 Image size of job updated: 287440
	80  -  MemoryUsage of job (MB)
	81304  -  ResidentSetSize of job (KB)
...
006 (1970463.000.000) 2023-12-14 02:22:57 Image size of job updated: 2118528
	617  -  MemoryUsage of job (MB)
	631000  -  ResidentSetSize of job (KB)
...
040 (1970463.000.000) 2023-12-14 02:22:57 Started transferring output files
...
040 (1970463.000.000) 2023-12-14 02:22:57 Finished transferring output files
...
005 (1970463.000.000) 2023-12-14 02:22:58 Job terminated.
	(1) Normal termination (return value 0)
		Usr 0 00:00:22, Sys 0 00:00:03  -  Run Remote Usage
		Usr 0 00:00:00, Sys 0 00:00:00  -  Run Local Usage
		Usr 0 00:00:22, Sys 0 00:00:03  -  Total Remote Usage
		Usr 0 00:00:00, Sys 0 00:00:00  -  Total Local Usage
	19075  -  Run Bytes Sent By Job
	0  -  Run Bytes Received By Job
	19075  -  Total Bytes Sent By Job
	0  -  Total Bytes Received By Job
	Partitionable Resources :    Usage  Request Allocated 
	   Cpus                 :                 1         1 
	   Disk (KB)            :       91        2    312193 
	   Memory (MB)          :      617     2048      2048 

	Job terminated of its own accord at 2023-12-14T10:22:57Z with exit-code 0.
...
