000 (1971996.000.000) 2023-12-14 02:17:40 Job submitted from host: <172.24.33.226:11547?addrs=172.24.33.226-11547&alias=sdfrome002.sdf.slac.stanford.edu>
    DAG Node: b5ad0d5f-44f8-461f-8ca4-fc8be85403ad_ptcIsr_2023111202270_23
...
040 (1971996.000.000) 2023-12-14 02:26:39 Finished transferring input files
...
001 (1971996.000.000) 2023-12-14 02:26:39 Job executing on host: <172.24.33.213:41587?CCBID=172.24.33.225:9618%3faddrs%3d172.24.33.225-9618%26alias%3dsdfrome001.sdf.slac.stanford.edu#6220036&PrivNet=sdfrome022.sdf.slac.stanford.edu&addrs=172.24.33.213-41587&alias=sdfrome022.sdf.slac.stanford.edu>
	SlotName: slot_abrought_5117_1_1@sdfrome022.sdf.slac.stanford.edu
...
006 (1971996.000.000) 2023-12-14 02:26:48 Image size of job updated: 269452
	63  -  MemoryUsage of job (MB)
	64064  -  ResidentSetSize of job (KB)
...
006 (1971996.000.000) 2023-12-14 02:29:25 Image size of job updated: 2020548
	640  -  MemoryUsage of job (MB)
	655336  -  ResidentSetSize of job (KB)
...
040 (1971996.000.000) 2023-12-14 02:29:25 Started transferring output files
...
040 (1971996.000.000) 2023-12-14 02:29:25 Finished transferring output files
...
005 (1971996.000.000) 2023-12-14 02:29:25 Job terminated.
	(1) Normal termination (return value 0)
		Usr 0 00:00:18, Sys 0 00:00:02  -  Run Remote Usage
		Usr 0 00:00:00, Sys 0 00:00:00  -  Run Local Usage
		Usr 0 00:00:18, Sys 0 00:00:02  -  Total Remote Usage
		Usr 0 00:00:00, Sys 0 00:00:00  -  Total Local Usage
	18804  -  Run Bytes Sent By Job
	0  -  Run Bytes Received By Job
	18804  -  Total Bytes Sent By Job
	0  -  Total Bytes Received By Job
	Partitionable Resources :    Usage  Request Allocated 
	   Cpus                 :     0.13        1         1 
	   Disk (KB)            :    97           2    312194 
	   Memory (MB)          :   640        2048      2048 

	Job terminated of its own accord at 2023-12-14T10:29:25Z with exit-code 0.
...
