000 (1972400.000.000) 2023-12-14 02:17:43 Job submitted from host: <172.24.33.226:11547?addrs=172.24.33.226-11547&alias=sdfrome002.sdf.slac.stanford.edu>
    DAG Node: 35b92110-90c7-4f2d-94f6-ce820a850bfe_ptcIsr_2023111101011_23
...
040 (1972400.000.000) 2023-12-14 02:27:46 Finished transferring input files
...
001 (1972400.000.000) 2023-12-14 02:27:46 Job executing on host: <172.24.33.143:42517?CCBID=172.24.33.225:9618%3faddrs%3d172.24.33.225-9618%26alias%3dsdfrome001.sdf.slac.stanford.edu#6220496&PrivNet=sdfrome078.sdf.slac.stanford.edu&addrs=172.24.33.143-42517&alias=sdfrome078.sdf.slac.stanford.edu>
	SlotName: slot_abrought_19079_1_20@sdfrome078.sdf.slac.stanford.edu
...
006 (1972400.000.000) 2023-12-14 02:27:54 Image size of job updated: 305256
	95  -  MemoryUsage of job (MB)
	97276  -  ResidentSetSize of job (KB)
...
006 (1972400.000.000) 2023-12-14 02:28:33 Image size of job updated: 2218420
	658  -  MemoryUsage of job (MB)
	673144  -  ResidentSetSize of job (KB)
...
040 (1972400.000.000) 2023-12-14 02:28:33 Started transferring output files
...
040 (1972400.000.000) 2023-12-14 02:28:33 Finished transferring output files
...
005 (1972400.000.000) 2023-12-14 02:28:33 Job terminated.
	(1) Normal termination (return value 0)
		Usr 0 00:00:23, Sys 0 00:00:03  -  Run Remote Usage
		Usr 0 00:00:00, Sys 0 00:00:00  -  Run Local Usage
		Usr 0 00:00:23, Sys 0 00:00:03  -  Total Remote Usage
		Usr 0 00:00:00, Sys 0 00:00:00  -  Total Local Usage
	19073  -  Run Bytes Sent By Job
	0  -  Run Bytes Received By Job
	19073  -  Total Bytes Sent By Job
	0  -  Total Bytes Received By Job
	Partitionable Resources :    Usage  Request Allocated 
	   Cpus                 :                 1         1 
	   Disk (KB)            :       91        2    312194 
	   Memory (MB)          :      658     2048      2048 

	Job terminated of its own accord at 2023-12-14T10:28:33Z with exit-code 0.
...
