000 (1971866.000.000) 2023-12-14 02:17:37 Job submitted from host: <172.24.33.226:11547?addrs=172.24.33.226-11547&alias=sdfrome002.sdf.slac.stanford.edu>
    DAG Node: 3a39e84c-4554-4f03-92b5-9e3596b50cde_ptcIsr_2023111200713_23
...
040 (1971866.000.000) 2023-12-14 02:26:13 Finished transferring input files
...
001 (1971866.000.000) 2023-12-14 02:26:13 Job executing on host: <172.24.33.213:43829?CCBID=172.24.33.225:9618%3faddrs%3d172.24.33.225-9618%26alias%3dsdfrome001.sdf.slac.stanford.edu#6220038&PrivNet=sdfrome022.sdf.slac.stanford.edu&addrs=172.24.33.213-43829&alias=sdfrome022.sdf.slac.stanford.edu>
	SlotName: slot_abrought_31850_1_8@sdfrome022.sdf.slac.stanford.edu
...
006 (1971866.000.000) 2023-12-14 02:26:21 Image size of job updated: 287436
	80  -  MemoryUsage of job (MB)
	81512  -  ResidentSetSize of job (KB)
...
006 (1971866.000.000) 2023-12-14 02:26:57 Image size of job updated: 2263484
	80  -  MemoryUsage of job (MB)
	81512  -  ResidentSetSize of job (KB)
...
040 (1971866.000.000) 2023-12-14 02:26:58 Started transferring output files
...
040 (1971866.000.000) 2023-12-14 02:26:58 Finished transferring output files
...
005 (1971866.000.000) 2023-12-14 02:26:58 Job terminated.
	(1) Normal termination (return value 0)
		Usr 0 00:00:22, Sys 0 00:00:04  -  Run Remote Usage
		Usr 0 00:00:00, Sys 0 00:00:00  -  Run Local Usage
		Usr 0 00:00:22, Sys 0 00:00:04  -  Total Remote Usage
		Usr 0 00:00:00, Sys 0 00:00:00  -  Total Local Usage
	19073  -  Run Bytes Sent By Job
	0  -  Run Bytes Received By Job
	19073  -  Total Bytes Sent By Job
	0  -  Total Bytes Received By Job
	Partitionable Resources :    Usage  Request Allocated 
	   Cpus                 :                 1         1 
	   Disk (KB)            :       91        2    312194 
	   Memory (MB)          :       80     2048      2048 

	Job terminated of its own accord at 2023-12-14T10:26:57Z with exit-code 0.
...
