000 (1972584.000.000) 2023-12-14 02:17:46 Job submitted from host: <172.24.33.226:11547?addrs=172.24.33.226-11547&alias=sdfrome002.sdf.slac.stanford.edu>
    DAG Node: 047fa044-9e7f-47f1-ab70-a62a5680b719_ptcIsr_2023111202240_23
...
040 (1972584.000.000) 2023-12-14 02:28:20 Finished transferring input files
...
001 (1972584.000.000) 2023-12-14 02:28:20 Job executing on host: <172.24.33.143:42517?CCBID=172.24.33.225:9618%3faddrs%3d172.24.33.225-9618%26alias%3dsdfrome001.sdf.slac.stanford.edu#6220496&PrivNet=sdfrome078.sdf.slac.stanford.edu&addrs=172.24.33.143-42517&alias=sdfrome078.sdf.slac.stanford.edu>
	SlotName: slot_abrought_19079_1_9@sdfrome078.sdf.slac.stanford.edu
...
006 (1972584.000.000) 2023-12-14 02:28:28 Image size of job updated: 357812
	143  -  MemoryUsage of job (MB)
	146020  -  ResidentSetSize of job (KB)
...
006 (1972584.000.000) 2023-12-14 02:29:04 Image size of job updated: 2003632
	620  -  MemoryUsage of job (MB)
	634444  -  ResidentSetSize of job (KB)
...
040 (1972584.000.000) 2023-12-14 02:29:04 Started transferring output files
...
040 (1972584.000.000) 2023-12-14 02:29:04 Finished transferring output files
...
005 (1972584.000.000) 2023-12-14 02:29:04 Job terminated.
	(1) Normal termination (return value 0)
		Usr 0 00:00:25, Sys 0 00:00:04  -  Run Remote Usage
		Usr 0 00:00:00, Sys 0 00:00:00  -  Run Local Usage
		Usr 0 00:00:25, Sys 0 00:00:04  -  Total Remote Usage
		Usr 0 00:00:00, Sys 0 00:00:00  -  Total Local Usage
	18803  -  Run Bytes Sent By Job
	0  -  Run Bytes Received By Job
	18803  -  Total Bytes Sent By Job
	0  -  Total Bytes Received By Job
	Partitionable Resources :    Usage  Request Allocated 
	   Cpus                 :                 1         1 
	   Disk (KB)            :       90        2    312194 
	   Memory (MB)          :      620     2048      2048 

	Job terminated of its own accord at 2023-12-14T10:29:04Z with exit-code 0.
...
