000 (1973299.000.000) 2023-12-14 02:17:55 Job submitted from host: <172.24.33.226:11547?addrs=172.24.33.226-11547&alias=sdfrome002.sdf.slac.stanford.edu>
    DAG Node: e6673040-d3d1-4e22-8422-523dc9969596_ptcIsr_2023111101357_23
...
040 (1973299.000.000) 2023-12-14 02:30:17 Finished transferring input files
...
001 (1973299.000.000) 2023-12-14 02:30:17 Job executing on host: <172.24.48.193:46283?CCBID=172.24.33.225:9618%3faddrs%3d172.24.33.225-9618%26alias%3dsdfrome001.sdf.slac.stanford.edu#6219697&PrivNet=sdfmilan121.sdf.slac.stanford.edu&addrs=172.24.48.193-46283&alias=sdfmilan121.sdf.slac.stanford.edu>
	SlotName: slot_abrought_10210_1_19@sdfmilan121.sdf.slac.stanford.edu
...
006 (1973299.000.000) 2023-12-14 02:30:27 Image size of job updated: 341528
	128  -  MemoryUsage of job (MB)
	130160  -  ResidentSetSize of job (KB)
...
006 (1973299.000.000) 2023-12-14 02:31:08 Image size of job updated: 2080540
	128  -  MemoryUsage of job (MB)
	130160  -  ResidentSetSize of job (KB)
...
040 (1973299.000.000) 2023-12-14 02:31:08 Started transferring output files
...
040 (1973299.000.000) 2023-12-14 02:31:08 Finished transferring output files
...
005 (1973299.000.000) 2023-12-14 02:31:08 Job terminated.
	(1) Normal termination (return value 0)
		Usr 0 00:00:23, Sys 0 00:00:03  -  Run Remote Usage
		Usr 0 00:00:00, Sys 0 00:00:00  -  Run Local Usage
		Usr 0 00:00:23, Sys 0 00:00:03  -  Total Remote Usage
		Usr 0 00:00:00, Sys 0 00:00:00  -  Total Local Usage
	19073  -  Run Bytes Sent By Job
	0  -  Run Bytes Received By Job
	19073  -  Total Bytes Sent By Job
	0  -  Total Bytes Received By Job
	Partitionable Resources :    Usage  Request Allocated 
	   Cpus                 :                 1         1 
	   Disk (KB)            :       91        2    311595 
	   Memory (MB)          :      128     2048      2048 

	Job terminated of its own accord at 2023-12-14T10:31:08Z with exit-code 0.
...
