000 (1971480.000.000) 2023-12-14 02:17:32 Job submitted from host: <172.24.33.226:11547?addrs=172.24.33.226-11547&alias=sdfrome002.sdf.slac.stanford.edu>
    DAG Node: b717938f-187f-43d9-94c6-3c14ace3c4de_ptcIsr_2023111100955_23
...
040 (1971480.000.000) 2023-12-14 02:25:13 Finished transferring input files
...
001 (1971480.000.000) 2023-12-14 02:25:13 Job executing on host: <172.24.33.143:42517?CCBID=172.24.33.225:9618%3faddrs%3d172.24.33.225-9618%26alias%3dsdfrome001.sdf.slac.stanford.edu#6220496&PrivNet=sdfrome078.sdf.slac.stanford.edu&addrs=172.24.33.143-42517&alias=sdfrome078.sdf.slac.stanford.edu>
	SlotName: slot_abrought_19079_1_5@sdfrome078.sdf.slac.stanford.edu
...
006 (1971480.000.000) 2023-12-14 02:25:22 Image size of job updated: 280760
	74  -  MemoryUsage of job (MB)
	74840  -  ResidentSetSize of job (KB)
...
006 (1971480.000.000) 2023-12-14 02:26:02 Image size of job updated: 2032676
	618  -  MemoryUsage of job (MB)
	632236  -  ResidentSetSize of job (KB)
...
040 (1971480.000.000) 2023-12-14 02:26:02 Started transferring output files
...
040 (1971480.000.000) 2023-12-14 02:26:02 Finished transferring output files
...
005 (1971480.000.000) 2023-12-14 02:26:02 Job terminated.
	(1) Normal termination (return value 0)
		Usr 0 00:00:23, Sys 0 00:00:04  -  Run Remote Usage
		Usr 0 00:00:00, Sys 0 00:00:00  -  Run Local Usage
		Usr 0 00:00:23, Sys 0 00:00:04  -  Total Remote Usage
		Usr 0 00:00:00, Sys 0 00:00:00  -  Total Local Usage
	18802  -  Run Bytes Sent By Job
	0  -  Run Bytes Received By Job
	18802  -  Total Bytes Sent By Job
	0  -  Total Bytes Received By Job
	Partitionable Resources :    Usage  Request Allocated 
	   Cpus                 :     0.98        1         1 
	   Disk (KB)            :    97           2    312194 
	   Memory (MB)          :   618        2048      2048 

	Job terminated of its own accord at 2023-12-14T10:26:02Z with exit-code 0.
...
