000 (1970545.000.000) 2023-12-14 02:17:23 Job submitted from host: <172.24.33.226:11547?addrs=172.24.33.226-11547&alias=sdfrome002.sdf.slac.stanford.edu>
    DAG Node: eb51ea16-c1f6-44a0-9a43-815a009cc492_ptcIsr_2023111203182_23
...
040 (1970545.000.000) 2023-12-14 02:22:17 Finished transferring input files
...
001 (1970545.000.000) 2023-12-14 02:22:17 Job executing on host: <172.24.33.213:43829?CCBID=172.24.33.225:9618%3faddrs%3d172.24.33.225-9618%26alias%3dsdfrome001.sdf.slac.stanford.edu#6220038&PrivNet=sdfrome022.sdf.slac.stanford.edu&addrs=172.24.33.213-43829&alias=sdfrome022.sdf.slac.stanford.edu>
	SlotName: slot_abrought_31850_1_10@sdfrome022.sdf.slac.stanford.edu
...
006 (1970545.000.000) 2023-12-14 02:22:26 Image size of job updated: 346592
	132  -  MemoryUsage of job (MB)
	134848  -  ResidentSetSize of job (KB)
...
006 (1970545.000.000) 2023-12-14 02:23:04 Image size of job updated: 2129804
	132  -  MemoryUsage of job (MB)
	134848  -  ResidentSetSize of job (KB)
...
040 (1970545.000.000) 2023-12-14 02:23:04 Started transferring output files
...
040 (1970545.000.000) 2023-12-14 02:23:04 Finished transferring output files
...
005 (1970545.000.000) 2023-12-14 02:23:05 Job terminated.
	(1) Normal termination (return value 0)
		Usr 0 00:00:23, Sys 0 00:00:03  -  Run Remote Usage
		Usr 0 00:00:00, Sys 0 00:00:00  -  Run Local Usage
		Usr 0 00:00:23, Sys 0 00:00:03  -  Total Remote Usage
		Usr 0 00:00:00, Sys 0 00:00:00  -  Total Local Usage
	18802  -  Run Bytes Sent By Job
	0  -  Run Bytes Received By Job
	18802  -  Total Bytes Sent By Job
	0  -  Total Bytes Received By Job
	Partitionable Resources :    Usage  Request Allocated 
	   Cpus                 :                 1         1 
	   Disk (KB)            :       90        2    312194 
	   Memory (MB)          :      132     2048      2048 

	Job terminated of its own accord at 2023-12-14T10:23:04Z with exit-code 0.
...
