000 (1971921.000.000) 2023-12-14 02:17:37 Job submitted from host: <172.24.33.226:11547?addrs=172.24.33.226-11547&alias=sdfrome002.sdf.slac.stanford.edu>
    DAG Node: dc5404cd-39c7-4b7e-8b97-9f836b13491c_ptcIsr_2023111200524_23
...
040 (1971921.000.000) 2023-12-14 02:26:19 Finished transferring input files
...
001 (1971921.000.000) 2023-12-14 02:26:19 Job executing on host: <172.24.33.143:42517?CCBID=172.24.33.225:9618%3faddrs%3d172.24.33.225-9618%26alias%3dsdfrome001.sdf.slac.stanford.edu#6220496&PrivNet=sdfrome078.sdf.slac.stanford.edu&addrs=172.24.33.143-42517&alias=sdfrome078.sdf.slac.stanford.edu>
	SlotName: slot_abrought_19079_1_12@sdfrome078.sdf.slac.stanford.edu
...
006 (1971921.000.000) 2023-12-14 02:26:28 Image size of job updated: 355172
	141  -  MemoryUsage of job (MB)
	143596  -  ResidentSetSize of job (KB)
...
006 (1971921.000.000) 2023-12-14 02:27:07 Image size of job updated: 2172168
	630  -  MemoryUsage of job (MB)
	644468  -  ResidentSetSize of job (KB)
...
040 (1971921.000.000) 2023-12-14 02:27:07 Started transferring output files
...
040 (1971921.000.000) 2023-12-14 02:27:07 Finished transferring output files
...
005 (1971921.000.000) 2023-12-14 02:27:07 Job terminated.
	(1) Normal termination (return value 0)
		Usr 0 00:00:25, Sys 0 00:00:03  -  Run Remote Usage
		Usr 0 00:00:00, Sys 0 00:00:00  -  Run Local Usage
		Usr 0 00:00:25, Sys 0 00:00:03  -  Total Remote Usage
		Usr 0 00:00:00, Sys 0 00:00:00  -  Total Local Usage
	18533  -  Run Bytes Sent By Job
	0  -  Run Bytes Received By Job
	18533  -  Total Bytes Sent By Job
	0  -  Total Bytes Received By Job
	Partitionable Resources :    Usage  Request Allocated 
	   Cpus                 :                 1         1 
	   Disk (KB)            :       90        2    312194 
	   Memory (MB)          :      630     2048      2048 

	Job terminated of its own accord at 2023-12-14T10:27:07Z with exit-code 0.
...
