000 (1972626.000.000) 2023-12-14 02:17:47 Job submitted from host: <172.24.33.226:11547?addrs=172.24.33.226-11547&alias=sdfrome002.sdf.slac.stanford.edu>
    DAG Node: eaa623aa-70a7-4598-9d29-c476f0609129_ptcIsr_2023111203191_23
...
040 (1972626.000.000) 2023-12-14 02:28:27 Finished transferring input files
...
001 (1972626.000.000) 2023-12-14 02:28:27 Job executing on host: <172.24.33.147:42953?CCBID=172.24.33.225:9618%3faddrs%3d172.24.33.225-9618%26alias%3dsdfrome001.sdf.slac.stanford.edu#6219703&PrivNet=sdfrome082.sdf.slac.stanford.edu&addrs=172.24.33.147-42953&alias=sdfrome082.sdf.slac.stanford.edu>
	SlotName: slot_abrought_48_1_4@sdfrome082.sdf.slac.stanford.edu
...
006 (1972626.000.000) 2023-12-14 02:28:36 Image size of job updated: 292288
	84  -  MemoryUsage of job (MB)
	85756  -  ResidentSetSize of job (KB)
...
006 (1972626.000.000) 2023-12-14 02:29:18 Image size of job updated: 2093456
	1372  -  MemoryUsage of job (MB)
	1404564  -  ResidentSetSize of job (KB)
...
040 (1972626.000.000) 2023-12-14 02:29:18 Started transferring output files
...
040 (1972626.000.000) 2023-12-14 02:29:18 Finished transferring output files
...
005 (1972626.000.000) 2023-12-14 02:29:18 Job terminated.
	(1) Normal termination (return value 0)
		Usr 0 00:00:15, Sys 0 00:00:03  -  Run Remote Usage
		Usr 0 00:00:00, Sys 0 00:00:00  -  Run Local Usage
		Usr 0 00:00:15, Sys 0 00:00:03  -  Total Remote Usage
		Usr 0 00:00:00, Sys 0 00:00:00  -  Total Local Usage
	18975  -  Run Bytes Sent By Job
	0  -  Run Bytes Received By Job
	18975  -  Total Bytes Sent By Job
	0  -  Total Bytes Received By Job
	Partitionable Resources :    Usage  Request Allocated 
	   Cpus                 :                 1         1 
	   Disk (KB)            :       91        2    312116 
	   Memory (MB)          :     1372     2048      2048 

	Job terminated of its own accord at 2023-12-14T10:29:18Z with exit-code 0.
...
