000 (1969447.000.000) 2023-12-14 02:17:09 Job submitted from host: <172.24.33.226:11547?addrs=172.24.33.226-11547&alias=sdfrome002.sdf.slac.stanford.edu>
    DAG Node: 448fd4e7-c1e7-4c74-9b38-195623421476_ptcIsr_2023111201836_23
...
040 (1969447.000.000) 2023-12-14 02:17:11 Finished transferring input files
...
001 (1969447.000.000) 2023-12-14 02:17:11 Job executing on host: <172.24.48.186:33679?CCBID=172.24.33.225:9618%3faddrs%3d172.24.33.225-9618%26alias%3dsdfrome001.sdf.slac.stanford.edu#6219700&PrivNet=sdfmilan114.sdf.slac.stanford.edu&addrs=172.24.48.186-33679&alias=sdfmilan114.sdf.slac.stanford.edu>
	SlotName: slot_abrought_14493_1_22@sdfmilan114.sdf.slac.stanford.edu
...
006 (1969447.000.000) 2023-12-14 02:17:19 Image size of job updated: 8520
	1  -  MemoryUsage of job (MB)
	556  -  ResidentSetSize of job (KB)
...
006 (1969447.000.000) 2023-12-14 02:18:09 Image size of job updated: 2049564
	1  -  MemoryUsage of job (MB)
	556  -  ResidentSetSize of job (KB)
...
040 (1969447.000.000) 2023-12-14 02:18:09 Started transferring output files
...
040 (1969447.000.000) 2023-12-14 02:18:09 Finished transferring output files
...
005 (1969447.000.000) 2023-12-14 02:18:09 Job terminated.
	(1) Normal termination (return value 0)
		Usr 0 00:00:20, Sys 0 00:00:03  -  Run Remote Usage
		Usr 0 00:00:00, Sys 0 00:00:00  -  Run Local Usage
		Usr 0 00:00:20, Sys 0 00:00:03  -  Total Remote Usage
		Usr 0 00:00:00, Sys 0 00:00:00  -  Total Local Usage
	18804  -  Run Bytes Sent By Job
	0  -  Run Bytes Received By Job
	18804  -  Total Bytes Sent By Job
	0  -  Total Bytes Received By Job
	Partitionable Resources :    Usage  Request Allocated 
	   Cpus                 :                 1         1 
	   Disk (KB)            :       90        2    312193 
	   Memory (MB)          :        1     2048      2048 

	Job terminated of its own accord at 2023-12-14T10:18:09Z with exit-code 0.
...
