000 (1969842.000.000) 2023-12-14 02:17:12 Job submitted from host: <172.24.33.226:11547?addrs=172.24.33.226-11547&alias=sdfrome002.sdf.slac.stanford.edu>
    DAG Node: 1341290e-d27c-4949-bf9d-5e9b7bb13e37_ptcIsr_2023111101230_23
...
040 (1969842.000.000) 2023-12-14 02:20:12 Finished transferring input files
...
001 (1969842.000.000) 2023-12-14 02:20:12 Job executing on host: <172.24.33.213:34935?CCBID=172.24.33.225:9618%3faddrs%3d172.24.33.225-9618%26alias%3dsdfrome001.sdf.slac.stanford.edu#6220035&PrivNet=sdfrome022.sdf.slac.stanford.edu&addrs=172.24.33.213-34935&alias=sdfrome022.sdf.slac.stanford.edu>
	SlotName: slot_abrought_12392_1_9@sdfrome022.sdf.slac.stanford.edu
...
006 (1969842.000.000) 2023-12-14 02:20:21 Image size of job updated: 25780
	9  -  MemoryUsage of job (MB)
	8548  -  ResidentSetSize of job (KB)
...
006 (1969842.000.000) 2023-12-14 02:25:22 Image size of job updated: 2101792
	1329  -  MemoryUsage of job (MB)
	1360016  -  ResidentSetSize of job (KB)
...
040 (1969842.000.000) 2023-12-14 02:25:32 Started transferring output files
...
040 (1969842.000.000) 2023-12-14 02:25:32 Finished transferring output files
...
005 (1969842.000.000) 2023-12-14 02:25:34 Job terminated.
	(1) Normal termination (return value 0)
		Usr 0 00:00:19, Sys 0 00:00:05  -  Run Remote Usage
		Usr 0 00:00:00, Sys 0 00:00:00  -  Run Local Usage
		Usr 0 00:00:19, Sys 0 00:00:05  -  Total Remote Usage
		Usr 0 00:00:00, Sys 0 00:00:00  -  Total Local Usage
	18804  -  Run Bytes Sent By Job
	0  -  Run Bytes Received By Job
	18804  -  Total Bytes Sent By Job
	0  -  Total Bytes Received By Job
	Partitionable Resources :    Usage  Request Allocated 
	   Cpus                 :     0.10        1         1 
	   Disk (KB)            : 23124           2    312194 
	   Memory (MB)          :  1329        2048      2048 

	Job terminated of its own accord at 2023-12-14T10:25:30Z with exit-code 0.
...
