000 (1972806.000.000) 2023-12-14 02:17:49 Job submitted from host: <172.24.33.226:11547?addrs=172.24.33.226-11547&alias=sdfrome002.sdf.slac.stanford.edu>
    DAG Node: 7401a328-0e10-43e3-a056-40c8840a06bb_ptcIsr_2023111101729_23
...
040 (1972806.000.000) 2023-12-14 02:29:03 Finished transferring input files
...
001 (1972806.000.000) 2023-12-14 02:29:03 Job executing on host: <172.24.48.186:33679?CCBID=172.24.33.225:9618%3faddrs%3d172.24.33.225-9618%26alias%3dsdfrome001.sdf.slac.stanford.edu#6219700&PrivNet=sdfmilan114.sdf.slac.stanford.edu&addrs=172.24.48.186-33679&alias=sdfmilan114.sdf.slac.stanford.edu>
	SlotName: slot_abrought_14493_1_21@sdfmilan114.sdf.slac.stanford.edu
...
006 (1972806.000.000) 2023-12-14 02:29:11 Image size of job updated: 262880
	58  -  MemoryUsage of job (MB)
	58420  -  ResidentSetSize of job (KB)
...
006 (1972806.000.000) 2023-12-14 02:29:55 Image size of job updated: 2146096
	652  -  MemoryUsage of job (MB)
	667484  -  ResidentSetSize of job (KB)
...
040 (1972806.000.000) 2023-12-14 02:29:55 Started transferring output files
...
040 (1972806.000.000) 2023-12-14 02:29:55 Finished transferring output files
...
005 (1972806.000.000) 2023-12-14 02:29:55 Job terminated.
	(1) Normal termination (return value 0)
		Usr 0 00:00:21, Sys 0 00:00:02  -  Run Remote Usage
		Usr 0 00:00:00, Sys 0 00:00:00  -  Run Local Usage
		Usr 0 00:00:21, Sys 0 00:00:02  -  Total Remote Usage
		Usr 0 00:00:00, Sys 0 00:00:00  -  Total Local Usage
	18803  -  Run Bytes Sent By Job
	0  -  Run Bytes Received By Job
	18803  -  Total Bytes Sent By Job
	0  -  Total Bytes Received By Job
	Partitionable Resources :    Usage  Request Allocated 
	   Cpus                 :                 1         1 
	   Disk (KB)            :       90        2    312193 
	   Memory (MB)          :      652     2048      2048 

	Job terminated of its own accord at 2023-12-14T10:29:55Z with exit-code 0.
...
