000 (1971653.000.000) 2023-12-14 02:17:36 Job submitted from host: <172.24.33.226:11547?addrs=172.24.33.226-11547&alias=sdfrome002.sdf.slac.stanford.edu>
    DAG Node: a9d1f8c4-943c-4d5d-867d-580a4f1bb17e_ptcIsr_2023111202523_23
...
040 (1971653.000.000) 2023-12-14 02:25:34 Finished transferring input files
...
001 (1971653.000.000) 2023-12-14 02:25:34 Job executing on host: <172.24.48.149:38613?CCBID=172.24.33.225:9618%3faddrs%3d172.24.33.225-9618%26alias%3dsdfrome001.sdf.slac.stanford.edu#6219698&PrivNet=sdfmilan049.sdf.slac.stanford.edu&addrs=172.24.48.149-38613&alias=sdfmilan049.sdf.slac.stanford.edu>
	SlotName: slot_abrought_1727_1_19@sdfmilan049.sdf.slac.stanford.edu
...
006 (1971653.000.000) 2023-12-14 02:25:43 Image size of job updated: 30544
	15  -  MemoryUsage of job (MB)
	14548  -  ResidentSetSize of job (KB)
...
006 (1971653.000.000) 2023-12-14 02:26:45 Image size of job updated: 2159380
	626  -  MemoryUsage of job (MB)
	640236  -  ResidentSetSize of job (KB)
...
040 (1971653.000.000) 2023-12-14 02:26:45 Started transferring output files
...
040 (1971653.000.000) 2023-12-14 02:26:45 Finished transferring output files
...
005 (1971653.000.000) 2023-12-14 02:26:45 Job terminated.
	(1) Normal termination (return value 0)
		Usr 0 00:00:23, Sys 0 00:00:02  -  Run Remote Usage
		Usr 0 00:00:00, Sys 0 00:00:00  -  Run Local Usage
		Usr 0 00:00:23, Sys 0 00:00:02  -  Total Remote Usage
		Usr 0 00:00:00, Sys 0 00:00:00  -  Total Local Usage
	19075  -  Run Bytes Sent By Job
	0  -  Run Bytes Received By Job
	19075  -  Total Bytes Sent By Job
	0  -  Total Bytes Received By Job
	Partitionable Resources :    Usage  Request Allocated 
	   Cpus                 :     0.79        1         1 
	   Disk (KB)            :    97           2    312194 
	   Memory (MB)          :   626        2048      2048 

	Job terminated of its own accord at 2023-12-14T10:26:45Z with exit-code 0.
...
