000 (1971916.000.000) 2023-12-14 02:17:37 Job submitted from host: <172.24.33.226:11547?addrs=172.24.33.226-11547&alias=sdfrome002.sdf.slac.stanford.edu>
    DAG Node: b8f21938-3cff-4116-9f4a-918e75efdbb2_ptcIsr_2023111101185_23
...
040 (1971916.000.000) 2023-12-14 02:26:19 Finished transferring input files
...
001 (1971916.000.000) 2023-12-14 02:26:19 Job executing on host: <172.24.33.147:42953?CCBID=172.24.33.225:9618%3faddrs%3d172.24.33.225-9618%26alias%3dsdfrome001.sdf.slac.stanford.edu#6219703&PrivNet=sdfrome082.sdf.slac.stanford.edu&addrs=172.24.33.147-42953&alias=sdfrome082.sdf.slac.stanford.edu>
	SlotName: slot_abrought_48_1_8@sdfrome082.sdf.slac.stanford.edu
...
006 (1971916.000.000) 2023-12-14 02:26:28 Image size of job updated: 321024
	111  -  MemoryUsage of job (MB)
	112848  -  ResidentSetSize of job (KB)
...
006 (1971916.000.000) 2023-12-14 02:27:17 Image size of job updated: 2060588
	642  -  MemoryUsage of job (MB)
	657084  -  ResidentSetSize of job (KB)
...
040 (1971916.000.000) 2023-12-14 02:27:17 Started transferring output files
...
040 (1971916.000.000) 2023-12-14 02:27:17 Finished transferring output files
...
005 (1971916.000.000) 2023-12-14 02:27:18 Job terminated.
	(1) Normal termination (return value 0)
		Usr 0 00:00:22, Sys 0 00:00:02  -  Run Remote Usage
		Usr 0 00:00:00, Sys 0 00:00:00  -  Run Local Usage
		Usr 0 00:00:22, Sys 0 00:00:02  -  Total Remote Usage
		Usr 0 00:00:00, Sys 0 00:00:00  -  Total Local Usage
	18533  -  Run Bytes Sent By Job
	0  -  Run Bytes Received By Job
	18533  -  Total Bytes Sent By Job
	0  -  Total Bytes Received By Job
	Partitionable Resources :    Usage  Request Allocated 
	   Cpus                 :     0.13        1         1 
	   Disk (KB)            :    97           2    312116 
	   Memory (MB)          :   642        2048      2048 

	Job terminated of its own accord at 2023-12-14T10:27:17Z with exit-code 0.
...
