000 (1973067.000.000) 2023-12-14 02:17:52 Job submitted from host: <172.24.33.226:11547?addrs=172.24.33.226-11547&alias=sdfrome002.sdf.slac.stanford.edu>
    DAG Node: 8d101ac2-3c92-46df-a3c4-794d140b4057_ptcIsr_2023111202351_23
...
040 (1973067.000.000) 2023-12-14 02:29:46 Finished transferring input files
...
001 (1973067.000.000) 2023-12-14 02:29:46 Job executing on host: <172.24.48.197:44589?CCBID=172.24.33.225:9618%3faddrs%3d172.24.33.225-9618%26alias%3dsdfrome001.sdf.slac.stanford.edu#6220121&PrivNet=sdfmilan125.sdf.slac.stanford.edu&addrs=172.24.48.197-44589&alias=sdfmilan125.sdf.slac.stanford.edu>
	SlotName: slot_abrought_7640_1_9@sdfmilan125.sdf.slac.stanford.edu
...
006 (1973067.000.000) 2023-12-14 02:29:55 Image size of job updated: 32844
	17  -  MemoryUsage of job (MB)
	16976  -  ResidentSetSize of job (KB)
...
006 (1973067.000.000) 2023-12-14 02:34:21 Image size of job updated: 2130880
	660  -  MemoryUsage of job (MB)
	675648  -  ResidentSetSize of job (KB)
...
040 (1973067.000.000) 2023-12-14 02:34:21 Started transferring output files
...
040 (1973067.000.000) 2023-12-14 02:34:21 Finished transferring output files
...
005 (1973067.000.000) 2023-12-14 02:34:21 Job terminated.
	(1) Normal termination (return value 0)
		Usr 0 00:00:20, Sys 0 00:00:02  -  Run Remote Usage
		Usr 0 00:00:00, Sys 0 00:00:00  -  Run Local Usage
		Usr 0 00:00:20, Sys 0 00:00:02  -  Total Remote Usage
		Usr 0 00:00:00, Sys 0 00:00:00  -  Total Local Usage
	18804  -  Run Bytes Sent By Job
	0  -  Run Bytes Received By Job
	18804  -  Total Bytes Sent By Job
	0  -  Total Bytes Received By Job
	Partitionable Resources :    Usage  Request Allocated 
	   Cpus                 :     0.03        1         1 
	   Disk (KB)            :    97           2    305890 
	   Memory (MB)          :   660        2048      2048 

	Job terminated of its own accord at 2023-12-14T10:34:21Z with exit-code 0.
...
