000 (1972601.000.000) 2023-12-14 02:17:47 Job submitted from host: <172.24.33.226:11547?addrs=172.24.33.226-11547&alias=sdfrome002.sdf.slac.stanford.edu>
    DAG Node: bf00acbd-2062-4662-8a87-41a64f0dca8b_ptcIsr_2023111202769_23
...
040 (1972601.000.000) 2023-12-14 02:28:22 Finished transferring input files
...
001 (1972601.000.000) 2023-12-14 02:28:22 Job executing on host: <172.24.33.213:33037?CCBID=172.24.33.225:9618%3faddrs%3d172.24.33.225-9618%26alias%3dsdfrome001.sdf.slac.stanford.edu#6220039&PrivNet=sdfrome022.sdf.slac.stanford.edu&addrs=172.24.33.213-33037&alias=sdfrome022.sdf.slac.stanford.edu>
	SlotName: slot_abrought_15721_1_23@sdfrome022.sdf.slac.stanford.edu
...
006 (1972601.000.000) 2023-12-14 02:28:32 Image size of job updated: 264680
	59  -  MemoryUsage of job (MB)
	60024  -  ResidentSetSize of job (KB)
...
006 (1972601.000.000) 2023-12-14 02:29:28 Image size of job updated: 2044940
	59  -  MemoryUsage of job (MB)
	60024  -  ResidentSetSize of job (KB)
...
040 (1972601.000.000) 2023-12-14 02:29:29 Started transferring output files
...
040 (1972601.000.000) 2023-12-14 02:29:29 Finished transferring output files
...
005 (1972601.000.000) 2023-12-14 02:29:29 Job terminated.
	(1) Normal termination (return value 0)
		Usr 0 00:00:21, Sys 0 00:00:03  -  Run Remote Usage
		Usr 0 00:00:00, Sys 0 00:00:00  -  Run Local Usage
		Usr 0 00:00:21, Sys 0 00:00:03  -  Total Remote Usage
		Usr 0 00:00:00, Sys 0 00:00:00  -  Total Local Usage
	18804  -  Run Bytes Sent By Job
	0  -  Run Bytes Received By Job
	18804  -  Total Bytes Sent By Job
	0  -  Total Bytes Received By Job
	Partitionable Resources :    Usage  Request Allocated 
	   Cpus                 :     0.42        1         1 
	   Disk (KB)            :    97           2    312194 
	   Memory (MB)          :    59        2048      2048 

	Job terminated of its own accord at 2023-12-14T10:29:28Z with exit-code 0.
...
