000 (1973163.000.000) 2023-12-14 02:17:53 Job submitted from host: <172.24.33.226:11547?addrs=172.24.33.226-11547&alias=sdfrome002.sdf.slac.stanford.edu>
    DAG Node: e1c814f9-c93c-4e78-bd84-893c40feb37c_ptcIsr_2023111203287_23
...
040 (1973163.000.000) 2023-12-14 02:29:58 Finished transferring input files
...
001 (1973163.000.000) 2023-12-14 02:29:58 Job executing on host: <172.24.33.143:37205?CCBID=172.24.33.225:9618%3faddrs%3d172.24.33.225-9618%26alias%3dsdfrome001.sdf.slac.stanford.edu#6220499&PrivNet=sdfrome078.sdf.slac.stanford.edu&addrs=172.24.33.143-37205&alias=sdfrome078.sdf.slac.stanford.edu>
	SlotName: slot_abrought_7348_1_3@sdfrome078.sdf.slac.stanford.edu
...
006 (1973163.000.000) 2023-12-14 02:30:07 Image size of job updated: 287436
	80  -  MemoryUsage of job (MB)
	81200  -  ResidentSetSize of job (KB)
...
006 (1973163.000.000) 2023-12-14 02:31:03 Image size of job updated: 2203712
	80  -  MemoryUsage of job (MB)
	81200  -  ResidentSetSize of job (KB)
...
040 (1973163.000.000) 2023-12-14 02:31:03 Started transferring output files
...
040 (1973163.000.000) 2023-12-14 02:31:03 Finished transferring output files
...
005 (1973163.000.000) 2023-12-14 02:31:03 Job terminated.
	(1) Normal termination (return value 0)
		Usr 0 00:00:17, Sys 0 00:00:03  -  Run Remote Usage
		Usr 0 00:00:00, Sys 0 00:00:00  -  Run Local Usage
		Usr 0 00:00:17, Sys 0 00:00:03  -  Total Remote Usage
		Usr 0 00:00:00, Sys 0 00:00:00  -  Total Local Usage
	19073  -  Run Bytes Sent By Job
	0  -  Run Bytes Received By Job
	19073  -  Total Bytes Sent By Job
	0  -  Total Bytes Received By Job
	Partitionable Resources :    Usage  Request Allocated 
	   Cpus                 :     0.67        1         1 
	   Disk (KB)            :    97           2    312194 
	   Memory (MB)          :    80        2048      2048 

	Job terminated of its own accord at 2023-12-14T10:31:03Z with exit-code 0.
...
