000 (1972988.000.000) 2023-12-14 02:17:50 Job submitted from host: <172.24.33.226:11547?addrs=172.24.33.226-11547&alias=sdfrome002.sdf.slac.stanford.edu>
    DAG Node: b7685d45-ea5d-4810-b3e8-abddaae60707_ptcIsr_2023111200656_23
...
040 (1972988.000.000) 2023-12-14 02:29:34 Finished transferring input files
...
001 (1972988.000.000) 2023-12-14 02:29:34 Job executing on host: <172.24.33.213:33037?CCBID=172.24.33.225:9618%3faddrs%3d172.24.33.225-9618%26alias%3dsdfrome001.sdf.slac.stanford.edu#6220039&PrivNet=sdfrome022.sdf.slac.stanford.edu&addrs=172.24.33.213-33037&alias=sdfrome022.sdf.slac.stanford.edu>
	SlotName: slot_abrought_15721_1_18@sdfrome022.sdf.slac.stanford.edu
...
006 (1972988.000.000) 2023-12-14 02:29:44 Image size of job updated: 59028
	30  -  MemoryUsage of job (MB)
	29924  -  ResidentSetSize of job (KB)
...
006 (1972988.000.000) 2023-12-14 02:30:43 Image size of job updated: 2109052
	1376  -  MemoryUsage of job (MB)
	1408116  -  ResidentSetSize of job (KB)
...
040 (1972988.000.000) 2023-12-14 02:30:43 Started transferring output files
...
040 (1972988.000.000) 2023-12-14 02:30:43 Finished transferring output files
...
005 (1972988.000.000) 2023-12-14 02:30:43 Job terminated.
	(1) Normal termination (return value 0)
		Usr 0 00:00:17, Sys 0 00:00:03  -  Run Remote Usage
		Usr 0 00:00:00, Sys 0 00:00:00  -  Run Local Usage
		Usr 0 00:00:17, Sys 0 00:00:03  -  Total Remote Usage
		Usr 0 00:00:00, Sys 0 00:00:00  -  Total Local Usage
	18803  -  Run Bytes Sent By Job
	0  -  Run Bytes Received By Job
	18803  -  Total Bytes Sent By Job
	0  -  Total Bytes Received By Job
	Partitionable Resources :    Usage  Request Allocated 
	   Cpus                 :                 1         1 
	   Disk (KB)            :       90        2    312194 
	   Memory (MB)          :     1376     2048      2048 

	Job terminated of its own accord at 2023-12-14T10:30:43Z with exit-code 0.
...
