000 (1972820.000.000) 2023-12-14 02:17:49 Job submitted from host: <172.24.33.226:11547?addrs=172.24.33.226-11547&alias=sdfrome002.sdf.slac.stanford.edu>
    DAG Node: e9db36d1-2550-4285-838c-cc59c7c29251_ptcIsr_2023111201233_23
...
040 (1972820.000.000) 2023-12-14 02:29:06 Finished transferring input files
...
001 (1972820.000.000) 2023-12-14 02:29:06 Job executing on host: <172.24.33.124:39697?CCBID=172.24.33.225:9618%3faddrs%3d172.24.33.225-9618%26alias%3dsdfrome001.sdf.slac.stanford.edu#6220015&PrivNet=sdfrome059.sdf.slac.stanford.edu&addrs=172.24.33.124-39697&alias=sdfrome059.sdf.slac.stanford.edu>
	SlotName: slot_abrought_7836_1_7@sdfrome059.sdf.slac.stanford.edu
...
006 (1972820.000.000) 2023-12-14 02:29:15 Image size of job updated: 294192
	87  -  MemoryUsage of job (MB)
	88500  -  ResidentSetSize of job (KB)
...
006 (1972820.000.000) 2023-12-14 02:29:55 Image size of job updated: 2077660
	600  -  MemoryUsage of job (MB)
	613400  -  ResidentSetSize of job (KB)
...
040 (1972820.000.000) 2023-12-14 02:29:56 Started transferring output files
...
040 (1972820.000.000) 2023-12-14 02:29:56 Finished transferring output files
...
005 (1972820.000.000) 2023-12-14 02:29:56 Job terminated.
	(1) Normal termination (return value 0)
		Usr 0 00:00:23, Sys 0 00:00:04  -  Run Remote Usage
		Usr 0 00:00:00, Sys 0 00:00:00  -  Run Local Usage
		Usr 0 00:00:23, Sys 0 00:00:04  -  Total Remote Usage
		Usr 0 00:00:00, Sys 0 00:00:00  -  Total Local Usage
	18532  -  Run Bytes Sent By Job
	0  -  Run Bytes Received By Job
	18532  -  Total Bytes Sent By Job
	0  -  Total Bytes Received By Job
	Partitionable Resources :    Usage  Request Allocated 
	   Cpus                 :     0.04        1         1 
	   Disk (KB)            :    97           2    312194 
	   Memory (MB)          :   600        2048      2048 

	Job terminated of its own accord at 2023-12-14T10:29:55Z with exit-code 0.
...
