000 (1973222.000.000) 2023-12-14 02:17:54 Job submitted from host: <172.24.33.226:11547?addrs=172.24.33.226-11547&alias=sdfrome002.sdf.slac.stanford.edu>
    DAG Node: 192d1b92-a9c8-4076-b675-ca3be98453aa_ptcIsr_2023111300924_23
...
040 (1973222.000.000) 2023-12-14 02:30:05 Finished transferring input files
...
001 (1973222.000.000) 2023-12-14 02:30:06 Job executing on host: <172.24.33.143:35625?CCBID=172.24.33.225:9618%3faddrs%3d172.24.33.225-9618%26alias%3dsdfrome001.sdf.slac.stanford.edu#6220497&PrivNet=sdfrome078.sdf.slac.stanford.edu&addrs=172.24.33.143-35625&alias=sdfrome078.sdf.slac.stanford.edu>
	SlotName: slot_abrought_7235_1_7@sdfrome078.sdf.slac.stanford.edu
...
006 (1973222.000.000) 2023-12-14 02:30:14 Image size of job updated: 279736
	73  -  MemoryUsage of job (MB)
	74120  -  ResidentSetSize of job (KB)
...
006 (1973222.000.000) 2023-12-14 02:33:36 Image size of job updated: 2100556
	620  -  MemoryUsage of job (MB)
	633944  -  ResidentSetSize of job (KB)
...
040 (1973222.000.000) 2023-12-14 02:33:36 Started transferring output files
...
040 (1973222.000.000) 2023-12-14 02:33:36 Finished transferring output files
...
005 (1973222.000.000) 2023-12-14 02:33:37 Job terminated.
	(1) Normal termination (return value 0)
		Usr 0 00:00:17, Sys 0 00:00:02  -  Run Remote Usage
		Usr 0 00:00:00, Sys 0 00:00:00  -  Run Local Usage
		Usr 0 00:00:17, Sys 0 00:00:02  -  Total Remote Usage
		Usr 0 00:00:00, Sys 0 00:00:00  -  Total Local Usage
	18806  -  Run Bytes Sent By Job
	0  -  Run Bytes Received By Job
	18806  -  Total Bytes Sent By Job
	0  -  Total Bytes Received By Job
	Partitionable Resources :    Usage  Request Allocated 
	   Cpus                 :     0.07        1         1 
	   Disk (KB)            :    97           2    312194 
	   Memory (MB)          :   620        2048      2048 

	Job terminated of its own accord at 2023-12-14T10:33:36Z with exit-code 0.
...
