000 (1970291.000.000) 2023-12-14 02:17:18 Job submitted from host: <172.24.33.226:11547?addrs=172.24.33.226-11547&alias=sdfrome002.sdf.slac.stanford.edu>
    DAG Node: 948ee735-3fe4-4e96-a0a2-5a3ac4649c7c_ptcIsr_2023111101966_23
...
040 (1970291.000.000) 2023-12-14 02:21:24 Finished transferring input files
...
001 (1970291.000.000) 2023-12-14 02:21:24 Job executing on host: <172.24.48.149:38613?CCBID=172.24.33.225:9618%3faddrs%3d172.24.33.225-9618%26alias%3dsdfrome001.sdf.slac.stanford.edu#6219698&PrivNet=sdfmilan049.sdf.slac.stanford.edu&addrs=172.24.48.149-38613&alias=sdfmilan049.sdf.slac.stanford.edu>
	SlotName: slot_abrought_1727_1_4@sdfmilan049.sdf.slac.stanford.edu
...
006 (1970291.000.000) 2023-12-14 02:21:32 Image size of job updated: 285912
	79  -  MemoryUsage of job (MB)
	80284  -  ResidentSetSize of job (KB)
...
006 (1970291.000.000) 2023-12-14 02:22:31 Image size of job updated: 2078256
	1280  -  MemoryUsage of job (MB)
	1309880  -  ResidentSetSize of job (KB)
...
040 (1970291.000.000) 2023-12-14 02:22:31 Started transferring output files
...
040 (1970291.000.000) 2023-12-14 02:22:31 Finished transferring output files
...
005 (1970291.000.000) 2023-12-14 02:22:31 Job terminated.
	(1) Normal termination (return value 0)
		Usr 0 00:00:20, Sys 0 00:00:02  -  Run Remote Usage
		Usr 0 00:00:00, Sys 0 00:00:00  -  Run Local Usage
		Usr 0 00:00:20, Sys 0 00:00:02  -  Total Remote Usage
		Usr 0 00:00:00, Sys 0 00:00:00  -  Total Local Usage
	18803  -  Run Bytes Sent By Job
	0  -  Run Bytes Received By Job
	18803  -  Total Bytes Sent By Job
	0  -  Total Bytes Received By Job
	Partitionable Resources :    Usage  Request Allocated 
	   Cpus                 :     0.30        1         1 
	   Disk (KB)            :    97           2    312194 
	   Memory (MB)          :  1280        2048      2048 

	Job terminated of its own accord at 2023-12-14T10:22:31Z with exit-code 0.
...
