000 (1971658.000.000) 2023-12-14 02:17:36 Job submitted from host: <172.24.33.226:11547?addrs=172.24.33.226-11547&alias=sdfrome002.sdf.slac.stanford.edu>
    DAG Node: c86b3c88-66f8-4d4a-8d0e-7a56671e1214_ptcIsr_2023111202967_23
...
040 (1971658.000.000) 2023-12-14 02:25:34 Finished transferring input files
...
001 (1971658.000.000) 2023-12-14 02:25:34 Job executing on host: <172.24.33.143:35625?CCBID=172.24.33.225:9618%3faddrs%3d172.24.33.225-9618%26alias%3dsdfrome001.sdf.slac.stanford.edu#6220497&PrivNet=sdfrome078.sdf.slac.stanford.edu&addrs=172.24.33.143-35625&alias=sdfrome078.sdf.slac.stanford.edu>
	SlotName: slot_abrought_7235_1_20@sdfrome078.sdf.slac.stanford.edu
...
006 (1971658.000.000) 2023-12-14 02:25:43 Image size of job updated: 278348
	72  -  MemoryUsage of job (MB)
	72728  -  ResidentSetSize of job (KB)
...
006 (1971658.000.000) 2023-12-14 02:30:00 Image size of job updated: 2289156
	619  -  MemoryUsage of job (MB)
	633032  -  ResidentSetSize of job (KB)
...
040 (1971658.000.000) 2023-12-14 02:30:01 Started transferring output files
...
040 (1971658.000.000) 2023-12-14 02:30:01 Finished transferring output files
...
005 (1971658.000.000) 2023-12-14 02:30:01 Job terminated.
	(1) Normal termination (return value 0)
		Usr 0 00:00:20, Sys 0 00:00:03  -  Run Remote Usage
		Usr 0 00:00:00, Sys 0 00:00:00  -  Run Local Usage
		Usr 0 00:00:20, Sys 0 00:00:03  -  Total Remote Usage
		Usr 0 00:00:00, Sys 0 00:00:00  -  Total Local Usage
	19074  -  Run Bytes Sent By Job
	0  -  Run Bytes Received By Job
	19074  -  Total Bytes Sent By Job
	0  -  Total Bytes Received By Job
	Partitionable Resources :    Usage  Request Allocated 
	   Cpus                 :     0.09        1         1 
	   Disk (KB)            :    97           2    312194 
	   Memory (MB)          :   619        2048      2048 

	Job terminated of its own accord at 2023-12-14T10:30:00Z with exit-code 0.
...
