000 (1969472.000.000) 2023-12-14 02:17:10 Job submitted from host: <172.24.33.226:11547?addrs=172.24.33.226-11547&alias=sdfrome002.sdf.slac.stanford.edu>
    DAG Node: 1baad1be-ca70-43a1-9771-053893f06301_ptcIsr_2023111203272_23
...
040 (1969472.000.000) 2023-12-14 02:17:57 Finished transferring input files
...
001 (1969472.000.000) 2023-12-14 02:17:57 Job executing on host: <172.24.48.193:46283?CCBID=172.24.33.225:9618%3faddrs%3d172.24.33.225-9618%26alias%3dsdfrome001.sdf.slac.stanford.edu#6219697&PrivNet=sdfmilan121.sdf.slac.stanford.edu&addrs=172.24.48.193-46283&alias=sdfmilan121.sdf.slac.stanford.edu>
	SlotName: slot_abrought_10210_1_12@sdfmilan121.sdf.slac.stanford.edu
...
006 (1969472.000.000) 2023-12-14 02:18:06 Image size of job updated: 69764
	14  -  MemoryUsage of job (MB)
	13484  -  ResidentSetSize of job (KB)
...
006 (1969472.000.000) 2023-12-14 02:18:46 Image size of job updated: 2087124
	1199  -  MemoryUsage of job (MB)
	1227076  -  ResidentSetSize of job (KB)
...
040 (1969472.000.000) 2023-12-14 02:18:46 Started transferring output files
...
040 (1969472.000.000) 2023-12-14 02:18:46 Finished transferring output files
...
005 (1969472.000.000) 2023-12-14 02:18:46 Job terminated.
	(1) Normal termination (return value 0)
		Usr 0 00:00:12, Sys 0 00:00:02  -  Run Remote Usage
		Usr 0 00:00:00, Sys 0 00:00:00  -  Run Local Usage
		Usr 0 00:00:12, Sys 0 00:00:02  -  Total Remote Usage
		Usr 0 00:00:00, Sys 0 00:00:00  -  Total Local Usage
	19073  -  Run Bytes Sent By Job
	0  -  Run Bytes Received By Job
	19073  -  Total Bytes Sent By Job
	0  -  Total Bytes Received By Job
	Partitionable Resources :    Usage  Request Allocated 
	   Cpus                 :                 1         1 
	   Disk (KB)            :       91        2    311595 
	   Memory (MB)          :     1199     2048      2048 

	Job terminated of its own accord at 2023-12-14T10:18:46Z with exit-code 0.
...
