000 (1970601.000.000) 2023-12-14 02:17:24 Job submitted from host: <172.24.33.226:11547?addrs=172.24.33.226-11547&alias=sdfrome002.sdf.slac.stanford.edu>
    DAG Node: 28732471-fc25-4ed7-b5f3-ce43035efb76_ptcIsr_2023111300368_23
...
040 (1970601.000.000) 2023-12-14 02:22:27 Finished transferring input files
...
001 (1970601.000.000) 2023-12-14 02:22:27 Job executing on host: <172.24.33.213:41467?CCBID=172.24.33.225:9618%3faddrs%3d172.24.33.225-9618%26alias%3dsdfrome001.sdf.slac.stanford.edu#6220037&PrivNet=sdfrome022.sdf.slac.stanford.edu&addrs=172.24.33.213-41467&alias=sdfrome022.sdf.slac.stanford.edu>
	SlotName: slot_abrought_435_1_10@sdfrome022.sdf.slac.stanford.edu
...
006 (1970601.000.000) 2023-12-14 02:22:37 Image size of job updated: 320996
	110  -  MemoryUsage of job (MB)
	112592  -  ResidentSetSize of job (KB)
...
006 (1970601.000.000) 2023-12-14 02:23:26 Image size of job updated: 2077000
	110  -  MemoryUsage of job (MB)
	112592  -  ResidentSetSize of job (KB)
...
040 (1970601.000.000) 2023-12-14 02:23:27 Started transferring output files
...
040 (1970601.000.000) 2023-12-14 02:23:27 Finished transferring output files
...
005 (1970601.000.000) 2023-12-14 02:23:27 Job terminated.
	(1) Normal termination (return value 0)
		Usr 0 00:00:28, Sys 0 00:00:04  -  Run Remote Usage
		Usr 0 00:00:00, Sys 0 00:00:00  -  Run Local Usage
		Usr 0 00:00:28, Sys 0 00:00:04  -  Total Remote Usage
		Usr 0 00:00:00, Sys 0 00:00:00  -  Total Local Usage
	18532  -  Run Bytes Sent By Job
	0  -  Run Bytes Received By Job
	18532  -  Total Bytes Sent By Job
	0  -  Total Bytes Received By Job
	Partitionable Resources :    Usage  Request Allocated 
	   Cpus                 :                 1         1 
	   Disk (KB)            :       90        2    312194 
	   Memory (MB)          :      110     2048      2048 

	Job terminated of its own accord at 2023-12-14T10:23:26Z with exit-code 0.
...
