000 (1970154.000.000) 2023-12-14 02:17:18 Job submitted from host: <172.24.33.226:11547?addrs=172.24.33.226-11547&alias=sdfrome002.sdf.slac.stanford.edu>
    DAG Node: e5825d0b-d930-4a9c-87c0-6c445b372446_ptcIsr_2023111203203_23
...
040 (1970154.000.000) 2023-12-14 02:20:55 Finished transferring input files
...
001 (1970154.000.000) 2023-12-14 02:20:55 Job executing on host: <172.24.33.143:35625?CCBID=172.24.33.225:9618%3faddrs%3d172.24.33.225-9618%26alias%3dsdfrome001.sdf.slac.stanford.edu#6220497&PrivNet=sdfrome078.sdf.slac.stanford.edu&addrs=172.24.33.143-35625&alias=sdfrome078.sdf.slac.stanford.edu>
	SlotName: slot_abrought_7235_1_15@sdfrome078.sdf.slac.stanford.edu
...
006 (1970154.000.000) 2023-12-14 02:21:03 Image size of job updated: 7392
	1  -  MemoryUsage of job (MB)
	60  -  ResidentSetSize of job (KB)
...
006 (1970154.000.000) 2023-12-14 02:25:28 Image size of job updated: 2205408
	1  -  MemoryUsage of job (MB)
	60  -  ResidentSetSize of job (KB)
...
040 (1970154.000.000) 2023-12-14 02:25:28 Started transferring output files
...
040 (1970154.000.000) 2023-12-14 02:25:28 Finished transferring output files
...
005 (1970154.000.000) 2023-12-14 02:25:30 Job terminated.
	(1) Normal termination (return value 0)
		Usr 0 00:00:21, Sys 0 00:00:03  -  Run Remote Usage
		Usr 0 00:00:00, Sys 0 00:00:00  -  Run Local Usage
		Usr 0 00:00:21, Sys 0 00:00:03  -  Total Remote Usage
		Usr 0 00:00:00, Sys 0 00:00:00  -  Total Local Usage
	18534  -  Run Bytes Sent By Job
	0  -  Run Bytes Received By Job
	18534  -  Total Bytes Sent By Job
	0  -  Total Bytes Received By Job
	Partitionable Resources :    Usage  Request Allocated 
	   Cpus                 :                 1         1 
	   Disk (KB)            :       90        2    312194 
	   Memory (MB)          :        1     2048      2048 

	Job terminated of its own accord at 2023-12-14T10:25:27Z with exit-code 0.
...
