000 (1972073.000.000) 2023-12-14 02:17:41 Job submitted from host: <172.24.33.226:11547?addrs=172.24.33.226-11547&alias=sdfrome002.sdf.slac.stanford.edu>
    DAG Node: accdabb4-4bb6-4f47-b076-88bca78ecb1d_ptcIsr_2023111201260_23
...
040 (1972073.000.000) 2023-12-14 02:26:50 Finished transferring input files
...
001 (1972073.000.000) 2023-12-14 02:26:50 Job executing on host: <172.24.33.147:42953?CCBID=172.24.33.225:9618%3faddrs%3d172.24.33.225-9618%26alias%3dsdfrome001.sdf.slac.stanford.edu#6219703&PrivNet=sdfrome082.sdf.slac.stanford.edu&addrs=172.24.33.147-42953&alias=sdfrome082.sdf.slac.stanford.edu>
	SlotName: slot_abrought_48_1_1@sdfrome082.sdf.slac.stanford.edu
...
006 (1972073.000.000) 2023-12-14 02:26:59 Image size of job updated: 315256
	106  -  MemoryUsage of job (MB)
	107672  -  ResidentSetSize of job (KB)
...
006 (1972073.000.000) 2023-12-14 02:27:42 Image size of job updated: 2130836
	106  -  MemoryUsage of job (MB)
	107672  -  ResidentSetSize of job (KB)
...
040 (1972073.000.000) 2023-12-14 02:27:42 Started transferring output files
...
040 (1972073.000.000) 2023-12-14 02:27:42 Finished transferring output files
...
005 (1972073.000.000) 2023-12-14 02:27:42 Job terminated.
	(1) Normal termination (return value 0)
		Usr 0 00:00:21, Sys 0 00:00:03  -  Run Remote Usage
		Usr 0 00:00:00, Sys 0 00:00:00  -  Run Local Usage
		Usr 0 00:00:21, Sys 0 00:00:03  -  Total Remote Usage
		Usr 0 00:00:00, Sys 0 00:00:00  -  Total Local Usage
	18801  -  Run Bytes Sent By Job
	0  -  Run Bytes Received By Job
	18801  -  Total Bytes Sent By Job
	0  -  Total Bytes Received By Job
	Partitionable Resources :    Usage  Request Allocated 
	   Cpus                 :                 1         1 
	   Disk (KB)            :       90        2    312116 
	   Memory (MB)          :      106     2048      2048 

	Job terminated of its own accord at 2023-12-14T10:27:42Z with exit-code 0.
...
