000 (1973282.000.000) 2023-12-14 02:17:55 Job submitted from host: <172.24.33.226:11547?addrs=172.24.33.226-11547&alias=sdfrome002.sdf.slac.stanford.edu>
    DAG Node: e20402a1-ca8d-489f-bafc-329f582fb985_ptcIsr_2023111101099_23
...
040 (1973282.000.000) 2023-12-14 02:30:15 Finished transferring input files
...
001 (1973282.000.000) 2023-12-14 02:30:15 Job executing on host: <172.24.33.143:42517?CCBID=172.24.33.225:9618%3faddrs%3d172.24.33.225-9618%26alias%3dsdfrome001.sdf.slac.stanford.edu#6220496&PrivNet=sdfrome078.sdf.slac.stanford.edu&addrs=172.24.33.143-42517&alias=sdfrome078.sdf.slac.stanford.edu>
	SlotName: slot_abrought_19079_1_23@sdfrome078.sdf.slac.stanford.edu
...
006 (1973282.000.000) 2023-12-14 02:30:23 Image size of job updated: 413464
	175  -  MemoryUsage of job (MB)
	178936  -  ResidentSetSize of job (KB)
...
006 (1973282.000.000) 2023-12-14 02:30:58 Image size of job updated: 2069084
	1313  -  MemoryUsage of job (MB)
	1344016  -  ResidentSetSize of job (KB)
...
040 (1973282.000.000) 2023-12-14 02:30:59 Started transferring output files
...
040 (1973282.000.000) 2023-12-14 02:30:59 Finished transferring output files
...
005 (1973282.000.000) 2023-12-14 02:30:59 Job terminated.
	(1) Normal termination (return value 0)
		Usr 0 00:00:23, Sys 0 00:00:04  -  Run Remote Usage
		Usr 0 00:00:00, Sys 0 00:00:00  -  Run Local Usage
		Usr 0 00:00:23, Sys 0 00:00:04  -  Total Remote Usage
		Usr 0 00:00:00, Sys 0 00:00:00  -  Total Local Usage
	18803  -  Run Bytes Sent By Job
	0  -  Run Bytes Received By Job
	18803  -  Total Bytes Sent By Job
	0  -  Total Bytes Received By Job
	Partitionable Resources :    Usage  Request Allocated 
	   Cpus                 :     0.98        1         1 
	   Disk (KB)            :    97           2    312194 
	   Memory (MB)          :  1313        2048      2048 

	Job terminated of its own accord at 2023-12-14T10:30:58Z with exit-code 0.
...
