000 (1973218.000.000) 2023-12-14 02:17:54 Job submitted from host: <172.24.33.226:11547?addrs=172.24.33.226-11547&alias=sdfrome002.sdf.slac.stanford.edu>
    DAG Node: f3535494-8604-4617-8be0-2fc020b29665_ptcIsr_2023111300513_23
...
040 (1973218.000.000) 2023-12-14 02:30:05 Finished transferring input files
...
001 (1973218.000.000) 2023-12-14 02:30:05 Job executing on host: <172.24.48.185:41489?CCBID=172.24.33.225:9618%3faddrs%3d172.24.33.225-9618%26alias%3dsdfrome001.sdf.slac.stanford.edu#6219699&PrivNet=sdfmilan113.sdf.slac.stanford.edu&addrs=172.24.48.185-41489&alias=sdfmilan113.sdf.slac.stanford.edu>
	SlotName: slot_abrought_18623_1_23@sdfmilan113.sdf.slac.stanford.edu
...
006 (1973218.000.000) 2023-12-14 02:30:14 Image size of job updated: 263016
	58  -  MemoryUsage of job (MB)
	58736  -  ResidentSetSize of job (KB)
...
006 (1973218.000.000) 2023-12-14 02:31:20 Image size of job updated: 1903900
	646  -  MemoryUsage of job (MB)
	661492  -  ResidentSetSize of job (KB)
...
040 (1973218.000.000) 2023-12-14 02:31:20 Started transferring output files
...
040 (1973218.000.000) 2023-12-14 02:31:20 Finished transferring output files
...
005 (1973218.000.000) 2023-12-14 02:31:20 Job terminated.
	(1) Normal termination (return value 0)
		Usr 0 00:00:19, Sys 0 00:00:03  -  Run Remote Usage
		Usr 0 00:00:00, Sys 0 00:00:00  -  Run Local Usage
		Usr 0 00:00:19, Sys 0 00:00:03  -  Total Remote Usage
		Usr 0 00:00:00, Sys 0 00:00:00  -  Total Local Usage
	19075  -  Run Bytes Sent By Job
	0  -  Run Bytes Received By Job
	19075  -  Total Bytes Sent By Job
	0  -  Total Bytes Received By Job
	Partitionable Resources :    Usage  Request Allocated 
	   Cpus                 :                 1         1 
	   Disk (KB)            :       91        2    312194 
	   Memory (MB)          :      646     2048      2048 

	Job terminated of its own accord at 2023-12-14T10:31:20Z with exit-code 0.
...
