000 (1970567.000.000) 2023-12-14 02:17:23 Job submitted from host: <172.24.33.226:11547?addrs=172.24.33.226-11547&alias=sdfrome002.sdf.slac.stanford.edu>
    DAG Node: 0a9ef65d-4287-448f-a2b5-0a1b4b5e0e28_ptcIsr_2023111201775_23
...
040 (1970567.000.000) 2023-12-14 02:22:20 Finished transferring input files
...
001 (1970567.000.000) 2023-12-14 02:22:20 Job executing on host: <172.24.48.185:41489?CCBID=172.24.33.225:9618%3faddrs%3d172.24.33.225-9618%26alias%3dsdfrome001.sdf.slac.stanford.edu#6219699&PrivNet=sdfmilan113.sdf.slac.stanford.edu&addrs=172.24.48.185-41489&alias=sdfmilan113.sdf.slac.stanford.edu>
	SlotName: slot_abrought_18623_1_6@sdfmilan113.sdf.slac.stanford.edu
...
006 (1970567.000.000) 2023-12-14 02:22:28 Image size of job updated: 35416
	20  -  MemoryUsage of job (MB)
	19684  -  ResidentSetSize of job (KB)
...
006 (1970567.000.000) 2023-12-14 02:23:31 Image size of job updated: 2035180
	613  -  MemoryUsage of job (MB)
	626816  -  ResidentSetSize of job (KB)
...
040 (1970567.000.000) 2023-12-14 02:23:31 Started transferring output files
...
040 (1970567.000.000) 2023-12-14 02:23:31 Finished transferring output files
...
005 (1970567.000.000) 2023-12-14 02:23:31 Job terminated.
	(1) Normal termination (return value 0)
		Usr 0 00:00:22, Sys 0 00:00:03  -  Run Remote Usage
		Usr 0 00:00:00, Sys 0 00:00:00  -  Run Local Usage
		Usr 0 00:00:22, Sys 0 00:00:03  -  Total Remote Usage
		Usr 0 00:00:00, Sys 0 00:00:00  -  Total Local Usage
	18533  -  Run Bytes Sent By Job
	0  -  Run Bytes Received By Job
	18533  -  Total Bytes Sent By Job
	0  -  Total Bytes Received By Job
	Partitionable Resources :    Usage  Request Allocated 
	   Cpus                 :                 1         1 
	   Disk (KB)            :       90        2    312194 
	   Memory (MB)          :      613     2048      2048 

	Job terminated of its own accord at 2023-12-14T10:23:31Z with exit-code 0.
...
