000 (1972977.000.000) 2023-12-14 02:17:50 Job submitted from host: <172.24.33.226:11547?addrs=172.24.33.226-11547&alias=sdfrome002.sdf.slac.stanford.edu>
    DAG Node: 15297c85-9d68-4e23-9c8e-aa2b2e8bfe73_ptcIsr_2023111200432_23
...
040 (1972977.000.000) 2023-12-14 02:29:32 Finished transferring input files
...
001 (1972977.000.000) 2023-12-14 02:29:32 Job executing on host: <172.24.33.213:41467?CCBID=172.24.33.225:9618%3faddrs%3d172.24.33.225-9618%26alias%3dsdfrome001.sdf.slac.stanford.edu#6220037&PrivNet=sdfrome022.sdf.slac.stanford.edu&addrs=172.24.33.213-41467&alias=sdfrome022.sdf.slac.stanford.edu>
	SlotName: slot_abrought_435_1_9@sdfrome022.sdf.slac.stanford.edu
...
006 (1972977.000.000) 2023-12-14 02:29:40 Image size of job updated: 277356
	71  -  MemoryUsage of job (MB)
	71880  -  ResidentSetSize of job (KB)
...
006 (1972977.000.000) 2023-12-14 02:30:26 Image size of job updated: 2011832
	636  -  MemoryUsage of job (MB)
	650688  -  ResidentSetSize of job (KB)
...
040 (1972977.000.000) 2023-12-14 02:30:26 Started transferring output files
...
040 (1972977.000.000) 2023-12-14 02:30:26 Finished transferring output files
...
005 (1972977.000.000) 2023-12-14 02:30:26 Job terminated.
	(1) Normal termination (return value 0)
		Usr 0 00:00:22, Sys 0 00:00:03  -  Run Remote Usage
		Usr 0 00:00:00, Sys 0 00:00:00  -  Run Local Usage
		Usr 0 00:00:22, Sys 0 00:00:03  -  Total Remote Usage
		Usr 0 00:00:00, Sys 0 00:00:00  -  Total Local Usage
	18804  -  Run Bytes Sent By Job
	0  -  Run Bytes Received By Job
	18804  -  Total Bytes Sent By Job
	0  -  Total Bytes Received By Job
	Partitionable Resources :    Usage  Request Allocated 
	   Cpus                 :                 1         1 
	   Disk (KB)            :       90        2    312194 
	   Memory (MB)          :      636     2048      2048 

	Job terminated of its own accord at 2023-12-14T10:30:26Z with exit-code 0.
...
