000 (1972510.000.000) 2023-12-14 02:17:46 Job submitted from host: <172.24.33.226:11547?addrs=172.24.33.226-11547&alias=sdfrome002.sdf.slac.stanford.edu>
    DAG Node: 7591e8e4-06a8-42f2-87a6-a7f99c34363e_ptcIsr_2023111202105_23
...
040 (1972510.000.000) 2023-12-14 02:28:07 Finished transferring input files
...
001 (1972510.000.000) 2023-12-14 02:28:07 Job executing on host: <172.24.33.147:42953?CCBID=172.24.33.225:9618%3faddrs%3d172.24.33.225-9618%26alias%3dsdfrome001.sdf.slac.stanford.edu#6219703&PrivNet=sdfrome082.sdf.slac.stanford.edu&addrs=172.24.33.147-42953&alias=sdfrome082.sdf.slac.stanford.edu>
	SlotName: slot_abrought_48_1_15@sdfrome082.sdf.slac.stanford.edu
...
006 (1972510.000.000) 2023-12-14 02:28:15 Image size of job updated: 338096
	124  -  MemoryUsage of job (MB)
	126436  -  ResidentSetSize of job (KB)
...
006 (1972510.000.000) 2023-12-14 02:29:00 Image size of job updated: 2115556
	610  -  MemoryUsage of job (MB)
	624504  -  ResidentSetSize of job (KB)
...
040 (1972510.000.000) 2023-12-14 02:29:00 Started transferring output files
...
040 (1972510.000.000) 2023-12-14 02:29:00 Finished transferring output files
...
005 (1972510.000.000) 2023-12-14 02:29:00 Job terminated.
	(1) Normal termination (return value 0)
		Usr 0 00:00:22, Sys 0 00:00:03  -  Run Remote Usage
		Usr 0 00:00:00, Sys 0 00:00:00  -  Run Local Usage
		Usr 0 00:00:22, Sys 0 00:00:03  -  Total Remote Usage
		Usr 0 00:00:00, Sys 0 00:00:00  -  Total Local Usage
	19073  -  Run Bytes Sent By Job
	0  -  Run Bytes Received By Job
	19073  -  Total Bytes Sent By Job
	0  -  Total Bytes Received By Job
	Partitionable Resources :    Usage  Request Allocated 
	   Cpus                 :                 1         1 
	   Disk (KB)            :       91        2    312116 
	   Memory (MB)          :      610     2048      2048 

	Job terminated of its own accord at 2023-12-14T10:29:00Z with exit-code 0.
...
