000 (1973059.000.000) 2023-12-14 02:17:52 Job submitted from host: <172.24.33.226:11547?addrs=172.24.33.226-11547&alias=sdfrome002.sdf.slac.stanford.edu>
    DAG Node: 1fa6b38d-6ddb-4d7a-aaef-845aa3cff388_ptcIsr_2023111201778_23
...
040 (1973059.000.000) 2023-12-14 02:29:44 Finished transferring input files
...
001 (1973059.000.000) 2023-12-14 02:29:44 Job executing on host: <172.24.33.124:44469?CCBID=172.24.33.225:9618%3faddrs%3d172.24.33.225-9618%26alias%3dsdfrome001.sdf.slac.stanford.edu#6220017&PrivNet=sdfrome059.sdf.slac.stanford.edu&addrs=172.24.33.124-44469&alias=sdfrome059.sdf.slac.stanford.edu>
	SlotName: slot_abrought_2668_1_10@sdfrome059.sdf.slac.stanford.edu
...
006 (1973059.000.000) 2023-12-14 02:29:52 Image size of job updated: 278140
	71  -  MemoryUsage of job (MB)
	72424  -  ResidentSetSize of job (KB)
...
006 (1973059.000.000) 2023-12-14 02:30:55 Image size of job updated: 2088964
	660  -  MemoryUsage of job (MB)
	675292  -  ResidentSetSize of job (KB)
...
040 (1973059.000.000) 2023-12-14 02:30:55 Started transferring output files
...
040 (1973059.000.000) 2023-12-14 02:30:55 Finished transferring output files
...
005 (1973059.000.000) 2023-12-14 02:30:55 Job terminated.
	(1) Normal termination (return value 0)
		Usr 0 00:00:20, Sys 0 00:00:04  -  Run Remote Usage
		Usr 0 00:00:00, Sys 0 00:00:00  -  Run Local Usage
		Usr 0 00:00:20, Sys 0 00:00:04  -  Total Remote Usage
		Usr 0 00:00:00, Sys 0 00:00:00  -  Total Local Usage
	19073  -  Run Bytes Sent By Job
	0  -  Run Bytes Received By Job
	19073  -  Total Bytes Sent By Job
	0  -  Total Bytes Received By Job
	Partitionable Resources :    Usage  Request Allocated 
	   Cpus                 :                 1         1 
	   Disk (KB)            :       91        2    312194 
	   Memory (MB)          :      660     2048      2048 

	Job terminated of its own accord at 2023-12-14T10:30:55Z with exit-code 0.
...
