000 (1973270.000.000) 2023-12-14 02:17:54 Job submitted from host: <172.24.33.226:11547?addrs=172.24.33.226-11547&alias=sdfrome002.sdf.slac.stanford.edu>
    DAG Node: afc600a4-9820-4cc3-a326-41a65235a190_ptcIsr_2023111300191_23
...
040 (1973270.000.000) 2023-12-14 02:30:13 Finished transferring input files
...
001 (1973270.000.000) 2023-12-14 02:30:13 Job executing on host: <172.24.33.143:35625?CCBID=172.24.33.225:9618%3faddrs%3d172.24.33.225-9618%26alias%3dsdfrome001.sdf.slac.stanford.edu#6220497&PrivNet=sdfrome078.sdf.slac.stanford.edu&addrs=172.24.33.143-35625&alias=sdfrome078.sdf.slac.stanford.edu>
	SlotName: slot_abrought_7235_1_15@sdfrome078.sdf.slac.stanford.edu
...
006 (1973270.000.000) 2023-12-14 02:30:22 Image size of job updated: 278340
	72  -  MemoryUsage of job (MB)
	73248  -  ResidentSetSize of job (KB)
...
006 (1973270.000.000) 2023-12-14 02:33:54 Image size of job updated: 2063860
	650  -  MemoryUsage of job (MB)
	665520  -  ResidentSetSize of job (KB)
...
040 (1973270.000.000) 2023-12-14 02:33:55 Started transferring output files
...
040 (1973270.000.000) 2023-12-14 02:33:55 Finished transferring output files
...
005 (1973270.000.000) 2023-12-14 02:33:55 Job terminated.
	(1) Normal termination (return value 0)
		Usr 0 00:00:21, Sys 0 00:00:02  -  Run Remote Usage
		Usr 0 00:00:00, Sys 0 00:00:00  -  Run Local Usage
		Usr 0 00:00:21, Sys 0 00:00:02  -  Total Remote Usage
		Usr 0 00:00:00, Sys 0 00:00:00  -  Total Local Usage
	18532  -  Run Bytes Sent By Job
	0  -  Run Bytes Received By Job
	18532  -  Total Bytes Sent By Job
	0  -  Total Bytes Received By Job
	Partitionable Resources :    Usage  Request Allocated 
	   Cpus                 :     0.07        1         1 
	   Disk (KB)            :    97           2    312194 
	   Memory (MB)          :   650        2048      2048 

	Job terminated of its own accord at 2023-12-14T10:33:54Z with exit-code 0.
...
