000 (1971451.000.000) 2023-12-14 02:17:31 Job submitted from host: <172.24.33.226:11547?addrs=172.24.33.226-11547&alias=sdfrome002.sdf.slac.stanford.edu>
    DAG Node: 6a20b95c-171b-4031-9ce6-9fdf589e12b6_ptcIsr_2023111200212_23
...
040 (1971451.000.000) 2023-12-14 02:25:10 Finished transferring input files
...
001 (1971451.000.000) 2023-12-14 02:25:11 Job executing on host: <172.24.48.197:44589?CCBID=172.24.33.225:9618%3faddrs%3d172.24.33.225-9618%26alias%3dsdfrome001.sdf.slac.stanford.edu#6220121&PrivNet=sdfmilan125.sdf.slac.stanford.edu&addrs=172.24.48.197-44589&alias=sdfmilan125.sdf.slac.stanford.edu>
	SlotName: slot_abrought_7640_1_21@sdfmilan125.sdf.slac.stanford.edu
...
006 (1971451.000.000) 2023-12-14 02:25:21 Image size of job updated: 280760
	74  -  MemoryUsage of job (MB)
	75452  -  ResidentSetSize of job (KB)
...
006 (1971451.000.000) 2023-12-14 02:29:45 Image size of job updated: 2067984
	613  -  MemoryUsage of job (MB)
	627264  -  ResidentSetSize of job (KB)
...
040 (1971451.000.000) 2023-12-14 02:29:45 Started transferring output files
...
040 (1971451.000.000) 2023-12-14 02:29:45 Finished transferring output files
...
005 (1971451.000.000) 2023-12-14 02:29:45 Job terminated.
	(1) Normal termination (return value 0)
		Usr 0 00:00:20, Sys 0 00:00:03  -  Run Remote Usage
		Usr 0 00:00:00, Sys 0 00:00:00  -  Run Local Usage
		Usr 0 00:00:20, Sys 0 00:00:03  -  Total Remote Usage
		Usr 0 00:00:00, Sys 0 00:00:00  -  Total Local Usage
	18806  -  Run Bytes Sent By Job
	0  -  Run Bytes Received By Job
	18806  -  Total Bytes Sent By Job
	0  -  Total Bytes Received By Job
	Partitionable Resources :    Usage  Request Allocated 
	   Cpus                 :                 1         1 
	   Disk (KB)            :       90        2    305890 
	   Memory (MB)          :      613     2048      2048 

	Job terminated of its own accord at 2023-12-14T10:29:45Z with exit-code 0.
...
