000 (1970321.000.000) 2023-12-14 02:17:18 Job submitted from host: <172.24.33.226:11547?addrs=172.24.33.226-11547&alias=sdfrome002.sdf.slac.stanford.edu>
    DAG Node: 55b86890-a73d-423c-b94c-0004465dd807_ptcIsr_2023111301215_23
...
040 (1970321.000.000) 2023-12-14 02:21:29 Finished transferring input files
...
001 (1970321.000.000) 2023-12-14 02:21:29 Job executing on host: <172.24.33.213:41587?CCBID=172.24.33.225:9618%3faddrs%3d172.24.33.225-9618%26alias%3dsdfrome001.sdf.slac.stanford.edu#6220036&PrivNet=sdfrome022.sdf.slac.stanford.edu&addrs=172.24.33.213-41587&alias=sdfrome022.sdf.slac.stanford.edu>
	SlotName: slot_abrought_5117_1_3@sdfrome022.sdf.slac.stanford.edu
...
006 (1970321.000.000) 2023-12-14 02:21:38 Image size of job updated: 26000
	10  -  MemoryUsage of job (MB)
	9520  -  ResidentSetSize of job (KB)
...
006 (1970321.000.000) 2023-12-14 02:24:06 Image size of job updated: 2165288
	632  -  MemoryUsage of job (MB)
	646628  -  ResidentSetSize of job (KB)
...
040 (1970321.000.000) 2023-12-14 02:24:06 Started transferring output files
...
040 (1970321.000.000) 2023-12-14 02:24:06 Finished transferring output files
...
005 (1970321.000.000) 2023-12-14 02:24:06 Job terminated.
	(1) Normal termination (return value 0)
		Usr 0 00:00:21, Sys 0 00:00:03  -  Run Remote Usage
		Usr 0 00:00:00, Sys 0 00:00:00  -  Run Local Usage
		Usr 0 00:00:21, Sys 0 00:00:03  -  Total Remote Usage
		Usr 0 00:00:00, Sys 0 00:00:00  -  Total Local Usage
	19074  -  Run Bytes Sent By Job
	0  -  Run Bytes Received By Job
	19074  -  Total Bytes Sent By Job
	0  -  Total Bytes Received By Job
	Partitionable Resources :    Usage  Request Allocated 
	   Cpus                 :                 1         1 
	   Disk (KB)            :       91        2    312194 
	   Memory (MB)          :      632     2048      2048 

	Job terminated of its own accord at 2023-12-14T10:24:06Z with exit-code 0.
...
