000 (1969688.000.000) 2023-12-14 02:17:11 Job submitted from host: <172.24.33.226:11547?addrs=172.24.33.226-11547&alias=sdfrome002.sdf.slac.stanford.edu>
    DAG Node: 45f2a691-6851-4542-b7b1-88b544ec2e6a_ptcIsr_2023111300290_23
...
040 (1969688.000.000) 2023-12-14 02:19:39 Finished transferring input files
...
001 (1969688.000.000) 2023-12-14 02:19:39 Job executing on host: <172.24.48.185:41489?CCBID=172.24.33.225:9618%3faddrs%3d172.24.33.225-9618%26alias%3dsdfrome001.sdf.slac.stanford.edu#6219699&PrivNet=sdfmilan113.sdf.slac.stanford.edu&addrs=172.24.48.185-41489&alias=sdfmilan113.sdf.slac.stanford.edu>
	SlotName: slot_abrought_18623_1_17@sdfmilan113.sdf.slac.stanford.edu
...
006 (1969688.000.000) 2023-12-14 02:19:48 Image size of job updated: 304184
	95  -  MemoryUsage of job (MB)
	96496  -  ResidentSetSize of job (KB)
...
006 (1969688.000.000) 2023-12-14 02:20:45 Image size of job updated: 2067048
	1298  -  MemoryUsage of job (MB)
	1328524  -  ResidentSetSize of job (KB)
...
040 (1969688.000.000) 2023-12-14 02:20:45 Started transferring output files
...
040 (1969688.000.000) 2023-12-14 02:20:45 Finished transferring output files
...
005 (1969688.000.000) 2023-12-14 02:20:45 Job terminated.
	(1) Normal termination (return value 0)
		Usr 0 00:00:16, Sys 0 00:00:02  -  Run Remote Usage
		Usr 0 00:00:00, Sys 0 00:00:00  -  Run Local Usage
		Usr 0 00:00:16, Sys 0 00:00:02  -  Total Remote Usage
		Usr 0 00:00:00, Sys 0 00:00:00  -  Total Local Usage
	18802  -  Run Bytes Sent By Job
	0  -  Run Bytes Received By Job
	18802  -  Total Bytes Sent By Job
	0  -  Total Bytes Received By Job
	Partitionable Resources :    Usage  Request Allocated 
	   Cpus                 :                 1         1 
	   Disk (KB)            :       90        2    312194 
	   Memory (MB)          :     1298     2048      2048 

	Job terminated of its own accord at 2023-12-14T10:20:45Z with exit-code 0.
...
