000 (1973043.000.000) 2023-12-14 02:17:51 Job submitted from host: <172.24.33.226:11547?addrs=172.24.33.226-11547&alias=sdfrome002.sdf.slac.stanford.edu>
    DAG Node: b2119cfb-abdd-43be-b4fb-c7463ce06920_ptcIsr_2023111202447_23
...
040 (1973043.000.000) 2023-12-14 02:29:42 Finished transferring input files
...
001 (1973043.000.000) 2023-12-14 02:29:42 Job executing on host: <172.24.48.149:38613?CCBID=172.24.33.225:9618%3faddrs%3d172.24.33.225-9618%26alias%3dsdfrome001.sdf.slac.stanford.edu#6219698&PrivNet=sdfmilan049.sdf.slac.stanford.edu&addrs=172.24.48.149-38613&alias=sdfmilan049.sdf.slac.stanford.edu>
	SlotName: slot_abrought_1727_1_8@sdfmilan049.sdf.slac.stanford.edu
...
006 (1973043.000.000) 2023-12-14 02:29:51 Image size of job updated: 330588
	118  -  MemoryUsage of job (MB)
	120028  -  ResidentSetSize of job (KB)
...
006 (1973043.000.000) 2023-12-14 02:30:41 Image size of job updated: 2185276
	118  -  MemoryUsage of job (MB)
	120028  -  ResidentSetSize of job (KB)
...
040 (1973043.000.000) 2023-12-14 02:30:42 Started transferring output files
...
040 (1973043.000.000) 2023-12-14 02:30:42 Finished transferring output files
...
005 (1973043.000.000) 2023-12-14 02:30:42 Job terminated.
	(1) Normal termination (return value 0)
		Usr 0 00:00:22, Sys 0 00:00:02  -  Run Remote Usage
		Usr 0 00:00:00, Sys 0 00:00:00  -  Run Local Usage
		Usr 0 00:00:22, Sys 0 00:00:02  -  Total Remote Usage
		Usr 0 00:00:00, Sys 0 00:00:00  -  Total Local Usage
	19075  -  Run Bytes Sent By Job
	0  -  Run Bytes Received By Job
	19075  -  Total Bytes Sent By Job
	0  -  Total Bytes Received By Job
	Partitionable Resources :    Usage  Request Allocated 
	   Cpus                 :                 1         1 
	   Disk (KB)            :       91        2    312194 
	   Memory (MB)          :      118     2048      2048 

	Job terminated of its own accord at 2023-12-14T10:30:41Z with exit-code 0.
...
