000 (1973473.000.000) 2023-12-14 02:18:00 Job submitted from host: <172.24.33.226:11547?addrs=172.24.33.226-11547&alias=sdfrome002.sdf.slac.stanford.edu>
    DAG Node: 5479b20c-3d38-4b4d-8988-f8023d8d4557_ptcIsr_2023111101893_23
...
040 (1973473.000.000) 2023-12-14 02:30:49 Finished transferring input files
...
001 (1973473.000.000) 2023-12-14 02:30:49 Job executing on host: <172.24.33.213:41587?CCBID=172.24.33.225:9618%3faddrs%3d172.24.33.225-9618%26alias%3dsdfrome001.sdf.slac.stanford.edu#6220036&PrivNet=sdfrome022.sdf.slac.stanford.edu&addrs=172.24.33.213-41587&alias=sdfrome022.sdf.slac.stanford.edu>
	SlotName: slot_abrought_5117_1_6@sdfrome022.sdf.slac.stanford.edu
...
006 (1973473.000.000) 2023-12-14 02:30:57 Image size of job updated: 2
	5  -  MemoryUsage of job (MB)
	4872  -  ResidentSetSize of job (KB)
...
006 (1973473.000.000) 2023-12-14 02:33:07 Image size of job updated: 2070120
	1283  -  MemoryUsage of job (MB)
	1313660  -  ResidentSetSize of job (KB)
...
040 (1973473.000.000) 2023-12-14 02:33:07 Started transferring output files
...
040 (1973473.000.000) 2023-12-14 02:33:07 Finished transferring output files
...
005 (1973473.000.000) 2023-12-14 02:33:07 Job terminated.
	(1) Normal termination (return value 0)
		Usr 0 00:00:19, Sys 0 00:00:02  -  Run Remote Usage
		Usr 0 00:00:00, Sys 0 00:00:00  -  Run Local Usage
		Usr 0 00:00:19, Sys 0 00:00:02  -  Total Remote Usage
		Usr 0 00:00:00, Sys 0 00:00:00  -  Total Local Usage
	19075  -  Run Bytes Sent By Job
	0  -  Run Bytes Received By Job
	19075  -  Total Bytes Sent By Job
	0  -  Total Bytes Received By Job
	Partitionable Resources :    Usage  Request Allocated 
	   Cpus                 :                 1         1 
	   Disk (KB)            :       91        2    312194 
	   Memory (MB)          :     1283     2048      2048 

	Job terminated of its own accord at 2023-12-14T10:33:07Z with exit-code 0.
...
