000 (1972013.000.000) 2023-12-14 02:17:40 Job submitted from host: <172.24.33.226:11547?addrs=172.24.33.226-11547&alias=sdfrome002.sdf.slac.stanford.edu>
    DAG Node: 3f26d323-cc3f-40a2-bc90-1f4152aa8fd4_ptcIsr_2023111201385_23
...
040 (1972013.000.000) 2023-12-14 02:26:40 Finished transferring input files
...
001 (1972013.000.000) 2023-12-14 02:26:40 Job executing on host: <172.24.33.213:41467?CCBID=172.24.33.225:9618%3faddrs%3d172.24.33.225-9618%26alias%3dsdfrome001.sdf.slac.stanford.edu#6220037&PrivNet=sdfrome022.sdf.slac.stanford.edu&addrs=172.24.33.213-41467&alias=sdfrome022.sdf.slac.stanford.edu>
	SlotName: slot_abrought_435_1_15@sdfrome022.sdf.slac.stanford.edu
...
006 (1972013.000.000) 2023-12-14 02:26:49 Image size of job updated: 265896
	59  -  MemoryUsage of job (MB)
	60276  -  ResidentSetSize of job (KB)
...
006 (1972013.000.000) 2023-12-14 02:27:36 Image size of job updated: 2130992
	611  -  MemoryUsage of job (MB)
	625072  -  ResidentSetSize of job (KB)
...
040 (1972013.000.000) 2023-12-14 02:27:36 Started transferring output files
...
040 (1972013.000.000) 2023-12-14 02:27:36 Finished transferring output files
...
005 (1972013.000.000) 2023-12-14 02:27:36 Job terminated.
	(1) Normal termination (return value 0)
		Usr 0 00:00:22, Sys 0 00:00:02  -  Run Remote Usage
		Usr 0 00:00:00, Sys 0 00:00:00  -  Run Local Usage
		Usr 0 00:00:22, Sys 0 00:00:02  -  Total Remote Usage
		Usr 0 00:00:00, Sys 0 00:00:00  -  Total Local Usage
	18803  -  Run Bytes Sent By Job
	0  -  Run Bytes Received By Job
	18803  -  Total Bytes Sent By Job
	0  -  Total Bytes Received By Job
	Partitionable Resources :    Usage  Request Allocated 
	   Cpus                 :                 1         1 
	   Disk (KB)            :       90        2    312194 
	   Memory (MB)          :      611     2048      2048 

	Job terminated of its own accord at 2023-12-14T10:27:36Z with exit-code 0.
...
