000 (1973284.000.000) 2023-12-14 02:17:55 Job submitted from host: <172.24.33.226:11547?addrs=172.24.33.226-11547&alias=sdfrome002.sdf.slac.stanford.edu>
    DAG Node: a86b6f6e-1821-4b44-91fb-4ca99c492c6f_ptcIsr_2023111101446_23
...
040 (1973284.000.000) 2023-12-14 02:30:17 Finished transferring input files
...
001 (1973284.000.000) 2023-12-14 02:30:18 Job executing on host: <172.24.33.213:34935?CCBID=172.24.33.225:9618%3faddrs%3d172.24.33.225-9618%26alias%3dsdfrome001.sdf.slac.stanford.edu#6220035&PrivNet=sdfrome022.sdf.slac.stanford.edu&addrs=172.24.33.213-34935&alias=sdfrome022.sdf.slac.stanford.edu>
	SlotName: slot_abrought_12392_1_13@sdfrome022.sdf.slac.stanford.edu
...
006 (1973284.000.000) 2023-12-14 02:30:29 Image size of job updated: 271100
	65  -  MemoryUsage of job (MB)
	66556  -  ResidentSetSize of job (KB)
...
006 (1973284.000.000) 2023-12-14 02:34:19 Image size of job updated: 2116380
	635  -  MemoryUsage of job (MB)
	650172  -  ResidentSetSize of job (KB)
...
040 (1973284.000.000) 2023-12-14 02:34:20 Started transferring output files
...
040 (1973284.000.000) 2023-12-14 02:34:20 Finished transferring output files
...
005 (1973284.000.000) 2023-12-14 02:34:20 Job terminated.
	(1) Normal termination (return value 0)
		Usr 0 00:00:19, Sys 0 00:00:02  -  Run Remote Usage
		Usr 0 00:00:00, Sys 0 00:00:00  -  Run Local Usage
		Usr 0 00:00:19, Sys 0 00:00:02  -  Total Remote Usage
		Usr 0 00:00:00, Sys 0 00:00:00  -  Total Local Usage
	19074  -  Run Bytes Sent By Job
	0  -  Run Bytes Received By Job
	19074  -  Total Bytes Sent By Job
	0  -  Total Bytes Received By Job
	Partitionable Resources :    Usage  Request Allocated 
	   Cpus                 :     0.19        1         1 
	   Disk (KB)            :    97           2    312194 
	   Memory (MB)          :   635        2048      2048 

	Job terminated of its own accord at 2023-12-14T10:34:19Z with exit-code 0.
...
