000 (1972296.000.000) 2023-12-14 02:17:43 Job submitted from host: <172.24.33.226:11547?addrs=172.24.33.226-11547&alias=sdfrome002.sdf.slac.stanford.edu>
    DAG Node: 234da161-c703-4f2a-9113-28ba1d0c03c2_ptcIsr_2023111101488_23
...
040 (1972296.000.000) 2023-12-14 02:27:30 Finished transferring input files
...
001 (1972296.000.000) 2023-12-14 02:27:30 Job executing on host: <172.24.33.213:33037?CCBID=172.24.33.225:9618%3faddrs%3d172.24.33.225-9618%26alias%3dsdfrome001.sdf.slac.stanford.edu#6220039&PrivNet=sdfrome022.sdf.slac.stanford.edu&addrs=172.24.33.213-33037&alias=sdfrome022.sdf.slac.stanford.edu>
	SlotName: slot_abrought_15721_1_2@sdfrome022.sdf.slac.stanford.edu
...
006 (1972296.000.000) 2023-12-14 02:27:39 Image size of job updated: 29628
	13  -  MemoryUsage of job (MB)
	13192  -  ResidentSetSize of job (KB)
...
006 (1972296.000.000) 2023-12-14 02:28:39 Image size of job updated: 2116564
	624  -  MemoryUsage of job (MB)
	638648  -  ResidentSetSize of job (KB)
...
040 (1972296.000.000) 2023-12-14 02:28:39 Started transferring output files
...
040 (1972296.000.000) 2023-12-14 02:28:39 Finished transferring output files
...
005 (1972296.000.000) 2023-12-14 02:28:39 Job terminated.
	(1) Normal termination (return value 0)
		Usr 0 00:00:22, Sys 0 00:00:03  -  Run Remote Usage
		Usr 0 00:00:00, Sys 0 00:00:00  -  Run Local Usage
		Usr 0 00:00:22, Sys 0 00:00:03  -  Total Remote Usage
		Usr 0 00:00:00, Sys 0 00:00:00  -  Total Local Usage
	19073  -  Run Bytes Sent By Job
	0  -  Run Bytes Received By Job
	19073  -  Total Bytes Sent By Job
	0  -  Total Bytes Received By Job
	Partitionable Resources :    Usage  Request Allocated 
	   Cpus                 :                 1         1 
	   Disk (KB)            :       91        2    312194 
	   Memory (MB)          :      624     2048      2048 

	Job terminated of its own accord at 2023-12-14T10:28:39Z with exit-code 0.
...
