000 (1973170.000.000) 2023-12-14 02:17:53 Job submitted from host: <172.24.33.226:11547?addrs=172.24.33.226-11547&alias=sdfrome002.sdf.slac.stanford.edu>
    DAG Node: 4a9674b0-e91b-42a4-a6bf-387ada228250_ptcIsr_2023111202972_23
...
040 (1973170.000.000) 2023-12-14 02:29:59 Finished transferring input files
...
001 (1973170.000.000) 2023-12-14 02:29:59 Job executing on host: <172.24.33.143:37205?CCBID=172.24.33.225:9618%3faddrs%3d172.24.33.225-9618%26alias%3dsdfrome001.sdf.slac.stanford.edu#6220499&PrivNet=sdfrome078.sdf.slac.stanford.edu&addrs=172.24.33.143-37205&alias=sdfrome078.sdf.slac.stanford.edu>
	SlotName: slot_abrought_7348_1_18@sdfrome078.sdf.slac.stanford.edu
...
006 (1973170.000.000) 2023-12-14 02:30:07 Image size of job updated: 279732
	73  -  MemoryUsage of job (MB)
	74320  -  ResidentSetSize of job (KB)
...
006 (1973170.000.000) 2023-12-14 02:30:58 Image size of job updated: 2148612
	668  -  MemoryUsage of job (MB)
	683116  -  ResidentSetSize of job (KB)
...
040 (1973170.000.000) 2023-12-14 02:30:58 Started transferring output files
...
040 (1973170.000.000) 2023-12-14 02:30:58 Finished transferring output files
...
005 (1973170.000.000) 2023-12-14 02:30:58 Job terminated.
	(1) Normal termination (return value 0)
		Usr 0 00:00:21, Sys 0 00:00:03  -  Run Remote Usage
		Usr 0 00:00:00, Sys 0 00:00:00  -  Run Local Usage
		Usr 0 00:00:21, Sys 0 00:00:03  -  Total Remote Usage
		Usr 0 00:00:00, Sys 0 00:00:00  -  Total Local Usage
	19073  -  Run Bytes Sent By Job
	0  -  Run Bytes Received By Job
	19073  -  Total Bytes Sent By Job
	0  -  Total Bytes Received By Job
	Partitionable Resources :    Usage  Request Allocated 
	   Cpus                 :     0.97        1         1 
	   Disk (KB)            :    97           2    312194 
	   Memory (MB)          :   668        2048      2048 

	Job terminated of its own accord at 2023-12-14T10:30:58Z with exit-code 0.
...
