000 (1970151.000.000) 2023-12-14 02:17:17 Job submitted from host: <172.24.33.226:11547?addrs=172.24.33.226-11547&alias=sdfrome002.sdf.slac.stanford.edu>
    DAG Node: 1734f8db-04db-4617-a6f6-859e293bc89b_ptcIsr_2023111203099_23
...
040 (1970151.000.000) 2023-12-14 02:20:54 Finished transferring input files
...
001 (1970151.000.000) 2023-12-14 02:20:54 Job executing on host: <172.24.33.143:42517?CCBID=172.24.33.225:9618%3faddrs%3d172.24.33.225-9618%26alias%3dsdfrome001.sdf.slac.stanford.edu#6220496&PrivNet=sdfrome078.sdf.slac.stanford.edu&addrs=172.24.33.143-42517&alias=sdfrome078.sdf.slac.stanford.edu>
	SlotName: slot_abrought_19079_1_13@sdfrome078.sdf.slac.stanford.edu
...
006 (1970151.000.000) 2023-12-14 02:21:02 Image size of job updated: 27348
	11  -  MemoryUsage of job (MB)
	10564  -  ResidentSetSize of job (KB)
...
006 (1970151.000.000) 2023-12-14 02:21:52 Image size of job updated: 2108396
	11  -  MemoryUsage of job (MB)
	10564  -  ResidentSetSize of job (KB)
...
040 (1970151.000.000) 2023-12-14 02:21:53 Started transferring output files
...
040 (1970151.000.000) 2023-12-14 02:21:53 Finished transferring output files
...
005 (1970151.000.000) 2023-12-14 02:21:54 Job terminated.
	(1) Normal termination (return value 0)
		Usr 0 00:00:24, Sys 0 00:00:08  -  Run Remote Usage
		Usr 0 00:00:00, Sys 0 00:00:00  -  Run Local Usage
		Usr 0 00:00:24, Sys 0 00:00:08  -  Total Remote Usage
		Usr 0 00:00:00, Sys 0 00:00:00  -  Total Local Usage
	18803  -  Run Bytes Sent By Job
	0  -  Run Bytes Received By Job
	18803  -  Total Bytes Sent By Job
	0  -  Total Bytes Received By Job
	Partitionable Resources :    Usage  Request Allocated 
	   Cpus                 :                 1         1 
	   Disk (KB)            :       90        2    312194 
	   Memory (MB)          :       11     2048      2048 

	Job terminated of its own accord at 2023-12-14T10:21:52Z with exit-code 0.
...
