000 (1971213.000.000) 2023-12-14 02:17:30 Job submitted from host: <172.24.33.226:11547?addrs=172.24.33.226-11547&alias=sdfrome002.sdf.slac.stanford.edu>
    DAG Node: 59b70efc-8744-4914-849b-a3e90c4a5ad6_ptcIsr_2023111300828_23
...
040 (1971213.000.000) 2023-12-14 02:24:30 Finished transferring input files
...
001 (1971213.000.000) 2023-12-14 02:24:30 Job executing on host: <172.24.33.124:33703?CCBID=172.24.33.225:9618%3faddrs%3d172.24.33.225-9618%26alias%3dsdfrome001.sdf.slac.stanford.edu#6220014&PrivNet=sdfrome059.sdf.slac.stanford.edu&addrs=172.24.33.124-33703&alias=sdfrome059.sdf.slac.stanford.edu>
	SlotName: slot_abrought_11420_1_1@sdfrome059.sdf.slac.stanford.edu
...
006 (1971213.000.000) 2023-12-14 02:24:39 Image size of job updated: 27348
	11  -  MemoryUsage of job (MB)
	10912  -  ResidentSetSize of job (KB)
...
006 (1971213.000.000) 2023-12-14 02:28:55 Image size of job updated: 2080848
	1370  -  MemoryUsage of job (MB)
	1402712  -  ResidentSetSize of job (KB)
...
040 (1971213.000.000) 2023-12-14 02:28:57 Started transferring output files
...
040 (1971213.000.000) 2023-12-14 02:28:57 Finished transferring output files
...
005 (1971213.000.000) 2023-12-14 02:28:57 Job terminated.
	(1) Normal termination (return value 0)
		Usr 0 00:00:18, Sys 0 00:00:03  -  Run Remote Usage
		Usr 0 00:00:00, Sys 0 00:00:00  -  Run Local Usage
		Usr 0 00:00:18, Sys 0 00:00:03  -  Total Remote Usage
		Usr 0 00:00:00, Sys 0 00:00:00  -  Total Local Usage
	18805  -  Run Bytes Sent By Job
	0  -  Run Bytes Received By Job
	18805  -  Total Bytes Sent By Job
	0  -  Total Bytes Received By Job
	Partitionable Resources :    Usage  Request Allocated 
	   Cpus                 :                 1         1 
	   Disk (KB)            :       91        2    312194 
	   Memory (MB)          :     1370     2048      2048 

	Job terminated of its own accord at 2023-12-14T10:28:55Z with exit-code 0.
...
