000 (1971638.000.000) 2023-12-14 02:17:36 Job submitted from host: <172.24.33.226:11547?addrs=172.24.33.226-11547&alias=sdfrome002.sdf.slac.stanford.edu>
    DAG Node: 37901009-32e9-4ee4-8845-b1f2f64fed3a_ptcIsr_2023111203374_23
...
040 (1971638.000.000) 2023-12-14 02:25:32 Finished transferring input files
...
001 (1971638.000.000) 2023-12-14 02:25:32 Job executing on host: <172.24.33.147:42953?CCBID=172.24.33.225:9618%3faddrs%3d172.24.33.225-9618%26alias%3dsdfrome001.sdf.slac.stanford.edu#6219703&PrivNet=sdfrome082.sdf.slac.stanford.edu&addrs=172.24.33.147-42953&alias=sdfrome082.sdf.slac.stanford.edu>
	SlotName: slot_abrought_48_1_16@sdfrome082.sdf.slac.stanford.edu
...
006 (1971638.000.000) 2023-12-14 02:25:41 Image size of job updated: 341676
	128  -  MemoryUsage of job (MB)
	130452  -  ResidentSetSize of job (KB)
...
006 (1971638.000.000) 2023-12-14 02:26:23 Image size of job updated: 2195368
	128  -  MemoryUsage of job (MB)
	130452  -  ResidentSetSize of job (KB)
...
040 (1971638.000.000) 2023-12-14 02:26:23 Started transferring output files
...
040 (1971638.000.000) 2023-12-14 02:26:23 Finished transferring output files
...
005 (1971638.000.000) 2023-12-14 02:26:23 Job terminated.
	(1) Normal termination (return value 0)
		Usr 0 00:00:21, Sys 0 00:00:03  -  Run Remote Usage
		Usr 0 00:00:00, Sys 0 00:00:00  -  Run Local Usage
		Usr 0 00:00:21, Sys 0 00:00:03  -  Total Remote Usage
		Usr 0 00:00:00, Sys 0 00:00:00  -  Total Local Usage
	19073  -  Run Bytes Sent By Job
	0  -  Run Bytes Received By Job
	19073  -  Total Bytes Sent By Job
	0  -  Total Bytes Received By Job
	Partitionable Resources :    Usage  Request Allocated 
	   Cpus                 :                 1         1 
	   Disk (KB)            :       91        2    312116 
	   Memory (MB)          :      128     2048      2048 

	Job terminated of its own accord at 2023-12-14T10:26:23Z with exit-code 0.
...
