000 (1971721.000.000) 2023-12-14 02:17:37 Job submitted from host: <172.24.33.226:11547?addrs=172.24.33.226-11547&alias=sdfrome002.sdf.slac.stanford.edu>
    DAG Node: f571257b-4946-4341-bcf8-e803ecbc7204_ptcIsr_2023111301221_23
...
040 (1971721.000.000) 2023-12-14 02:25:50 Finished transferring input files
...
001 (1971721.000.000) 2023-12-14 02:25:51 Job executing on host: <172.24.33.213:34935?CCBID=172.24.33.225:9618%3faddrs%3d172.24.33.225-9618%26alias%3dsdfrome001.sdf.slac.stanford.edu#6220035&PrivNet=sdfrome022.sdf.slac.stanford.edu&addrs=172.24.33.213-34935&alias=sdfrome022.sdf.slac.stanford.edu>
	SlotName: slot_abrought_12392_1_18@sdfrome022.sdf.slac.stanford.edu
...
006 (1971721.000.000) 2023-12-14 02:26:00 Image size of job updated: 69764
	16  -  MemoryUsage of job (MB)
	16192  -  ResidentSetSize of job (KB)
...
006 (1971721.000.000) 2023-12-14 02:30:13 Image size of job updated: 2194680
	16  -  MemoryUsage of job (MB)
	16192  -  ResidentSetSize of job (KB)
...
040 (1971721.000.000) 2023-12-14 02:30:14 Started transferring output files
...
040 (1971721.000.000) 2023-12-14 02:30:14 Finished transferring output files
...
005 (1971721.000.000) 2023-12-14 02:30:14 Job terminated.
	(1) Normal termination (return value 0)
		Usr 0 00:00:19, Sys 0 00:00:02  -  Run Remote Usage
		Usr 0 00:00:00, Sys 0 00:00:00  -  Run Local Usage
		Usr 0 00:00:19, Sys 0 00:00:02  -  Total Remote Usage
		Usr 0 00:00:00, Sys 0 00:00:00  -  Total Local Usage
	18802  -  Run Bytes Sent By Job
	0  -  Run Bytes Received By Job
	18802  -  Total Bytes Sent By Job
	0  -  Total Bytes Received By Job
	Partitionable Resources :    Usage  Request Allocated 
	   Cpus                 :     0.22        1         1 
	   Disk (KB)            :    97           2    312194 
	   Memory (MB)          :    16        2048      2048 

	Job terminated of its own accord at 2023-12-14T10:30:13Z with exit-code 0.
...
