000 (1969993.000.000) 2023-12-14 02:17:17 Job submitted from host: <172.24.33.226:11547?addrs=172.24.33.226-11547&alias=sdfrome002.sdf.slac.stanford.edu>
    DAG Node: f84450bb-2e41-4d05-8009-e5946bcec0ad_ptcIsr_2023111202309_23
...
040 (1969993.000.000) 2023-12-14 02:20:14 Finished transferring input files
...
001 (1969993.000.000) 2023-12-14 02:20:14 Job executing on host: <172.24.33.213:41587?CCBID=172.24.33.225:9618%3faddrs%3d172.24.33.225-9618%26alias%3dsdfrome001.sdf.slac.stanford.edu#6220036&PrivNet=sdfrome022.sdf.slac.stanford.edu&addrs=172.24.33.213-41587&alias=sdfrome022.sdf.slac.stanford.edu>
	SlotName: slot_abrought_5117_1_23@sdfrome022.sdf.slac.stanford.edu
...
006 (1969993.000.000) 2023-12-14 02:20:23 Image size of job updated: 2
	5  -  MemoryUsage of job (MB)
	4968  -  ResidentSetSize of job (KB)
...
006 (1969993.000.000) 2023-12-14 02:23:48 Image size of job updated: 2116676
	631  -  MemoryUsage of job (MB)
	645840  -  ResidentSetSize of job (KB)
...
040 (1969993.000.000) 2023-12-14 02:23:49 Started transferring output files
...
040 (1969993.000.000) 2023-12-14 02:23:49 Finished transferring output files
...
005 (1969993.000.000) 2023-12-14 02:23:53 Job terminated.
	(1) Normal termination (return value 0)
		Usr 0 00:00:19, Sys 0 00:00:04  -  Run Remote Usage
		Usr 0 00:00:00, Sys 0 00:00:00  -  Run Local Usage
		Usr 0 00:00:19, Sys 0 00:00:04  -  Total Remote Usage
		Usr 0 00:00:00, Sys 0 00:00:00  -  Total Local Usage
	19074  -  Run Bytes Sent By Job
	0  -  Run Bytes Received By Job
	19074  -  Total Bytes Sent By Job
	0  -  Total Bytes Received By Job
	Partitionable Resources :    Usage  Request Allocated 
	   Cpus                 :                 1         1 
	   Disk (KB)            :       90        2    312194 
	   Memory (MB)          :      631     2048      2048 

	Job terminated of its own accord at 2023-12-14T10:23:48Z with exit-code 0.
...
