000 (1973300.000.000) 2023-12-14 02:17:55 Job submitted from host: <172.24.33.226:11547?addrs=172.24.33.226-11547&alias=sdfrome002.sdf.slac.stanford.edu>
    DAG Node: 3eec00f4-6cac-44b0-9bef-535949555154_ptcIsr_2023111101465_23
...
040 (1973300.000.000) 2023-12-14 02:30:17 Finished transferring input files
...
001 (1973300.000.000) 2023-12-14 02:30:17 Job executing on host: <172.24.33.143:42517?CCBID=172.24.33.225:9618%3faddrs%3d172.24.33.225-9618%26alias%3dsdfrome001.sdf.slac.stanford.edu#6220496&PrivNet=sdfrome078.sdf.slac.stanford.edu&addrs=172.24.33.143-42517&alias=sdfrome078.sdf.slac.stanford.edu>
	SlotName: slot_abrought_19079_1_10@sdfrome078.sdf.slac.stanford.edu
...
006 (1973300.000.000) 2023-12-14 02:30:26 Image size of job updated: 428792
	184  -  MemoryUsage of job (MB)
	188040  -  ResidentSetSize of job (KB)
...
006 (1973300.000.000) 2023-12-14 02:31:01 Image size of job updated: 2020708
	1269  -  MemoryUsage of job (MB)
	1298472  -  ResidentSetSize of job (KB)
...
040 (1973300.000.000) 2023-12-14 02:31:01 Started transferring output files
...
040 (1973300.000.000) 2023-12-14 02:31:01 Finished transferring output files
...
005 (1973300.000.000) 2023-12-14 02:31:01 Job terminated.
	(1) Normal termination (return value 0)
		Usr 0 00:00:22, Sys 0 00:00:04  -  Run Remote Usage
		Usr 0 00:00:00, Sys 0 00:00:00  -  Run Local Usage
		Usr 0 00:00:22, Sys 0 00:00:04  -  Total Remote Usage
		Usr 0 00:00:00, Sys 0 00:00:00  -  Total Local Usage
	18802  -  Run Bytes Sent By Job
	0  -  Run Bytes Received By Job
	18802  -  Total Bytes Sent By Job
	0  -  Total Bytes Received By Job
	Partitionable Resources :    Usage  Request Allocated 
	   Cpus                 :     0.97        1         1 
	   Disk (KB)            :    97           2    312194 
	   Memory (MB)          :  1269        2048      2048 

	Job terminated of its own accord at 2023-12-14T10:31:01Z with exit-code 0.
...
