000 (1973444.000.000) 2023-12-14 02:17:58 Job submitted from host: <172.24.33.226:11547?addrs=172.24.33.226-11547&alias=sdfrome002.sdf.slac.stanford.edu>
    DAG Node: c622f5a0-8a12-455a-a709-77a179def4df_ptcIsr_2023111202486_23
...
040 (1973444.000.000) 2023-12-14 02:30:42 Finished transferring input files
...
001 (1973444.000.000) 2023-12-14 02:30:42 Job executing on host: <172.24.33.143:42517?CCBID=172.24.33.225:9618%3faddrs%3d172.24.33.225-9618%26alias%3dsdfrome001.sdf.slac.stanford.edu#6220496&PrivNet=sdfrome078.sdf.slac.stanford.edu&addrs=172.24.33.143-42517&alias=sdfrome078.sdf.slac.stanford.edu>
	SlotName: slot_abrought_19079_1_9@sdfrome078.sdf.slac.stanford.edu
...
006 (1973444.000.000) 2023-12-14 02:30:52 Image size of job updated: 389548
	146  -  MemoryUsage of job (MB)
	149228  -  ResidentSetSize of job (KB)
...
006 (1973444.000.000) 2023-12-14 02:31:19 Image size of job updated: 2197724
	1404  -  MemoryUsage of job (MB)
	1437584  -  ResidentSetSize of job (KB)
...
040 (1973444.000.000) 2023-12-14 02:31:19 Started transferring output files
...
040 (1973444.000.000) 2023-12-14 02:31:19 Finished transferring output files
...
005 (1973444.000.000) 2023-12-14 02:31:19 Job terminated.
	(1) Normal termination (return value 0)
		Usr 0 00:00:23, Sys 0 00:00:03  -  Run Remote Usage
		Usr 0 00:00:00, Sys 0 00:00:00  -  Run Local Usage
		Usr 0 00:00:23, Sys 0 00:00:03  -  Total Remote Usage
		Usr 0 00:00:00, Sys 0 00:00:00  -  Total Local Usage
	19073  -  Run Bytes Sent By Job
	0  -  Run Bytes Received By Job
	19073  -  Total Bytes Sent By Job
	0  -  Total Bytes Received By Job
	Partitionable Resources :    Usage  Request Allocated 
	   Cpus                 :     0.10        1         1 
	   Disk (KB)            :    97           2    312194 
	   Memory (MB)          :  1404        2048      2048 

	Job terminated of its own accord at 2023-12-14T10:31:19Z with exit-code 0.
...
