000 (1970961.000.000) 2023-12-14 02:17:25 Job submitted from host: <172.24.33.226:11547?addrs=172.24.33.226-11547&alias=sdfrome002.sdf.slac.stanford.edu>
    DAG Node: da99c8a3-6eb9-404c-9ea0-334d5e42c8e3_ptcIsr_2023111200645_23
...
040 (1970961.000.000) 2023-12-14 02:23:40 Finished transferring input files
...
001 (1970961.000.000) 2023-12-14 02:23:40 Job executing on host: <172.24.33.124:45647?CCBID=172.24.33.225:9618%3faddrs%3d172.24.33.225-9618%26alias%3dsdfrome001.sdf.slac.stanford.edu#6220016&PrivNet=sdfrome059.sdf.slac.stanford.edu&addrs=172.24.33.124-45647&alias=sdfrome059.sdf.slac.stanford.edu>
	SlotName: slot_abrought_13532_1_19@sdfrome059.sdf.slac.stanford.edu
...
006 (1970961.000.000) 2023-12-14 02:23:49 Image size of job updated: 69764
	15  -  MemoryUsage of job (MB)
	14376  -  ResidentSetSize of job (KB)
...
006 (1970961.000.000) 2023-12-14 02:26:47 Image size of job updated: 2214708
	622  -  MemoryUsage of job (MB)
	636232  -  ResidentSetSize of job (KB)
...
040 (1970961.000.000) 2023-12-14 02:26:48 Started transferring output files
...
040 (1970961.000.000) 2023-12-14 02:26:48 Finished transferring output files
...
005 (1970961.000.000) 2023-12-14 02:26:49 Job terminated.
	(1) Normal termination (return value 0)
		Usr 0 00:00:21, Sys 0 00:00:04  -  Run Remote Usage
		Usr 0 00:00:00, Sys 0 00:00:00  -  Run Local Usage
		Usr 0 00:00:21, Sys 0 00:00:04  -  Total Remote Usage
		Usr 0 00:00:00, Sys 0 00:00:00  -  Total Local Usage
	19074  -  Run Bytes Sent By Job
	0  -  Run Bytes Received By Job
	19074  -  Total Bytes Sent By Job
	0  -  Total Bytes Received By Job
	Partitionable Resources :    Usage  Request Allocated 
	   Cpus                 :     0.12        1         1 
	   Disk (KB)            :    97           2    312194 
	   Memory (MB)          :   622        2048      2048 

	Job terminated of its own accord at 2023-12-14T10:26:47Z with exit-code 0.
...
