000 (1971745.000.000) 2023-12-14 02:17:37 Job submitted from host: <172.24.33.226:11547?addrs=172.24.33.226-11547&alias=sdfrome002.sdf.slac.stanford.edu>
    DAG Node: cd591398-06f1-49dd-a39a-fd2f538874d0_ptcIsr_2023111101005_23
...
040 (1971745.000.000) 2023-12-14 02:25:51 Finished transferring input files
...
001 (1971745.000.000) 2023-12-14 02:25:51 Job executing on host: <172.24.48.193:46283?CCBID=172.24.33.225:9618%3faddrs%3d172.24.33.225-9618%26alias%3dsdfrome001.sdf.slac.stanford.edu#6219697&PrivNet=sdfmilan121.sdf.slac.stanford.edu&addrs=172.24.48.193-46283&alias=sdfmilan121.sdf.slac.stanford.edu>
	SlotName: slot_abrought_10210_1_6@sdfmilan121.sdf.slac.stanford.edu
...
006 (1971745.000.000) 2023-12-14 02:26:00 Image size of job updated: 292284
	85  -  MemoryUsage of job (MB)
	86140  -  ResidentSetSize of job (KB)
...
006 (1971745.000.000) 2023-12-14 02:26:46 Image size of job updated: 2126288
	631  -  MemoryUsage of job (MB)
	645772  -  ResidentSetSize of job (KB)
...
040 (1971745.000.000) 2023-12-14 02:26:46 Started transferring output files
...
040 (1971745.000.000) 2023-12-14 02:26:46 Finished transferring output files
...
005 (1971745.000.000) 2023-12-14 02:26:46 Job terminated.
	(1) Normal termination (return value 0)
		Usr 0 00:00:24, Sys 0 00:00:03  -  Run Remote Usage
		Usr 0 00:00:00, Sys 0 00:00:00  -  Run Local Usage
		Usr 0 00:00:24, Sys 0 00:00:03  -  Total Remote Usage
		Usr 0 00:00:00, Sys 0 00:00:00  -  Total Local Usage
	19073  -  Run Bytes Sent By Job
	0  -  Run Bytes Received By Job
	19073  -  Total Bytes Sent By Job
	0  -  Total Bytes Received By Job
	Partitionable Resources :    Usage  Request Allocated 
	   Cpus                 :     0.92        1         1 
	   Disk (KB)            :    97           2    311595 
	   Memory (MB)          :   631        2048      2048 

	Job terminated of its own accord at 2023-12-14T10:26:46Z with exit-code 0.
...
