000 (1970125.000.000) 2023-12-14 02:17:17 Job submitted from host: <172.24.33.226:11547?addrs=172.24.33.226-11547&alias=sdfrome002.sdf.slac.stanford.edu>
    DAG Node: d0539fbf-38b0-45dd-84ba-4b95c0fd5a50_ptcIsr_2023111300933_23
...
040 (1970125.000.000) 2023-12-14 02:20:53 Finished transferring input files
...
001 (1970125.000.000) 2023-12-14 02:20:53 Job executing on host: <172.24.33.143:35625?CCBID=172.24.33.225:9618%3faddrs%3d172.24.33.225-9618%26alias%3dsdfrome001.sdf.slac.stanford.edu#6220497&PrivNet=sdfrome078.sdf.slac.stanford.edu&addrs=172.24.33.143-35625&alias=sdfrome078.sdf.slac.stanford.edu>
	SlotName: slot_abrought_7235_1_5@sdfrome078.sdf.slac.stanford.edu
...
006 (1970125.000.000) 2023-12-14 02:21:02 Image size of job updated: 69764
	14  -  MemoryUsage of job (MB)
	13500  -  ResidentSetSize of job (KB)
...
006 (1970125.000.000) 2023-12-14 02:25:04 Image size of job updated: 2258888
	1414  -  MemoryUsage of job (MB)
	1447564  -  ResidentSetSize of job (KB)
...
040 (1970125.000.000) 2023-12-14 02:25:05 Started transferring output files
...
040 (1970125.000.000) 2023-12-14 02:25:05 Finished transferring output files
...
005 (1970125.000.000) 2023-12-14 02:25:05 Job terminated.
	(1) Normal termination (return value 0)
		Usr 0 00:00:18, Sys 0 00:00:03  -  Run Remote Usage
		Usr 0 00:00:00, Sys 0 00:00:00  -  Run Local Usage
		Usr 0 00:00:18, Sys 0 00:00:03  -  Total Remote Usage
		Usr 0 00:00:00, Sys 0 00:00:00  -  Total Local Usage
	19073  -  Run Bytes Sent By Job
	0  -  Run Bytes Received By Job
	19073  -  Total Bytes Sent By Job
	0  -  Total Bytes Received By Job
	Partitionable Resources :    Usage  Request Allocated 
	   Cpus                 :                 1         1 
	   Disk (KB)            :       90        2    312194 
	   Memory (MB)          :     1414     2048      2048 

	Job terminated of its own accord at 2023-12-14T10:25:04Z with exit-code 0.
...
