000 (1971386.000.000) 2023-12-14 02:17:31 Job submitted from host: <172.24.33.226:11547?addrs=172.24.33.226-11547&alias=sdfrome002.sdf.slac.stanford.edu>
    DAG Node: 42c586e4-0277-426a-b1b6-cf31df062889_ptcIsr_2023111300396_23
...
040 (1971386.000.000) 2023-12-14 02:24:55 Finished transferring input files
...
001 (1971386.000.000) 2023-12-14 02:24:55 Job executing on host: <172.24.48.186:33679?CCBID=172.24.33.225:9618%3faddrs%3d172.24.33.225-9618%26alias%3dsdfrome001.sdf.slac.stanford.edu#6219700&PrivNet=sdfmilan114.sdf.slac.stanford.edu&addrs=172.24.48.186-33679&alias=sdfmilan114.sdf.slac.stanford.edu>
	SlotName: slot_abrought_14493_1_9@sdfmilan114.sdf.slac.stanford.edu
...
006 (1971386.000.000) 2023-12-14 02:25:04 Image size of job updated: 275892
	70  -  MemoryUsage of job (MB)
	71260  -  ResidentSetSize of job (KB)
...
006 (1971386.000.000) 2023-12-14 02:25:57 Image size of job updated: 2135488
	611  -  MemoryUsage of job (MB)
	624760  -  ResidentSetSize of job (KB)
...
040 (1971386.000.000) 2023-12-14 02:25:57 Started transferring output files
...
040 (1971386.000.000) 2023-12-14 02:25:57 Finished transferring output files
...
005 (1971386.000.000) 2023-12-14 02:25:57 Job terminated.
	(1) Normal termination (return value 0)
		Usr 0 00:00:21, Sys 0 00:00:03  -  Run Remote Usage
		Usr 0 00:00:00, Sys 0 00:00:00  -  Run Local Usage
		Usr 0 00:00:21, Sys 0 00:00:03  -  Total Remote Usage
		Usr 0 00:00:00, Sys 0 00:00:00  -  Total Local Usage
	19072  -  Run Bytes Sent By Job
	0  -  Run Bytes Received By Job
	19072  -  Total Bytes Sent By Job
	0  -  Total Bytes Received By Job
	Partitionable Resources :    Usage  Request Allocated 
	   Cpus                 :                 1         1 
	   Disk (KB)            :       91        2    312193 
	   Memory (MB)          :      611     2048      2048 

	Job terminated of its own accord at 2023-12-14T10:25:57Z with exit-code 0.
...
