000 (1972317.000.000) 2023-12-14 02:17:43 Job submitted from host: <172.24.33.226:11547?addrs=172.24.33.226-11547&alias=sdfrome002.sdf.slac.stanford.edu>
    DAG Node: cb4704b6-da29-4c81-8dfe-358813dfe8f1_ptcIsr_2023111101315_23
...
040 (1972317.000.000) 2023-12-14 02:27:31 Finished transferring input files
...
001 (1972317.000.000) 2023-12-14 02:27:31 Job executing on host: <172.24.33.147:42953?CCBID=172.24.33.225:9618%3faddrs%3d172.24.33.225-9618%26alias%3dsdfrome001.sdf.slac.stanford.edu#6219703&PrivNet=sdfrome082.sdf.slac.stanford.edu&addrs=172.24.33.147-42953&alias=sdfrome082.sdf.slac.stanford.edu>
	SlotName: slot_abrought_48_1_18@sdfrome082.sdf.slac.stanford.edu
...
006 (1972317.000.000) 2023-12-14 02:27:40 Image size of job updated: 283920
	77  -  MemoryUsage of job (MB)
	78152  -  ResidentSetSize of job (KB)
...
006 (1972317.000.000) 2023-12-14 02:28:32 Image size of job updated: 2063036
	1403  -  MemoryUsage of job (MB)
	1436228  -  ResidentSetSize of job (KB)
...
040 (1972317.000.000) 2023-12-14 02:28:32 Started transferring output files
...
040 (1972317.000.000) 2023-12-14 02:28:32 Finished transferring output files
...
005 (1972317.000.000) 2023-12-14 02:28:32 Job terminated.
	(1) Normal termination (return value 0)
		Usr 0 00:00:23, Sys 0 00:00:03  -  Run Remote Usage
		Usr 0 00:00:00, Sys 0 00:00:00  -  Run Local Usage
		Usr 0 00:00:23, Sys 0 00:00:03  -  Total Remote Usage
		Usr 0 00:00:00, Sys 0 00:00:00  -  Total Local Usage
	18532  -  Run Bytes Sent By Job
	0  -  Run Bytes Received By Job
	18532  -  Total Bytes Sent By Job
	0  -  Total Bytes Received By Job
	Partitionable Resources :    Usage  Request Allocated 
	   Cpus                 :                 1         1 
	   Disk (KB)            :       90        2    312116 
	   Memory (MB)          :     1403     2048      2048 

	Job terminated of its own accord at 2023-12-14T10:28:32Z with exit-code 0.
...
