000 (1972566.000.000) 2023-12-14 02:17:46 Job submitted from host: <172.24.33.226:11547?addrs=172.24.33.226-11547&alias=sdfrome002.sdf.slac.stanford.edu>
    DAG Node: 3dd0f55a-1674-4279-b91c-5299de77a29c_ptcIsr_2023111201631_23
...
040 (1972566.000.000) 2023-12-14 02:28:17 Finished transferring input files
...
001 (1972566.000.000) 2023-12-14 02:28:17 Job executing on host: <172.24.33.147:42953?CCBID=172.24.33.225:9618%3faddrs%3d172.24.33.225-9618%26alias%3dsdfrome001.sdf.slac.stanford.edu#6219703&PrivNet=sdfrome082.sdf.slac.stanford.edu&addrs=172.24.33.147-42953&alias=sdfrome082.sdf.slac.stanford.edu>
	SlotName: slot_abrought_48_1_10@sdfrome082.sdf.slac.stanford.edu
...
006 (1972566.000.000) 2023-12-14 02:28:26 Image size of job updated: 57080
	28  -  MemoryUsage of job (MB)
	27688  -  ResidentSetSize of job (KB)
...
006 (1972566.000.000) 2023-12-14 02:29:13 Image size of job updated: 1969560
	1254  -  MemoryUsage of job (MB)
	1283516  -  ResidentSetSize of job (KB)
...
040 (1972566.000.000) 2023-12-14 02:29:13 Started transferring output files
...
040 (1972566.000.000) 2023-12-14 02:29:13 Finished transferring output files
...
005 (1972566.000.000) 2023-12-14 02:29:13 Job terminated.
	(1) Normal termination (return value 0)
		Usr 0 00:00:14, Sys 0 00:00:02  -  Run Remote Usage
		Usr 0 00:00:00, Sys 0 00:00:00  -  Run Local Usage
		Usr 0 00:00:14, Sys 0 00:00:02  -  Total Remote Usage
		Usr 0 00:00:00, Sys 0 00:00:00  -  Total Local Usage
	18975  -  Run Bytes Sent By Job
	0  -  Run Bytes Received By Job
	18975  -  Total Bytes Sent By Job
	0  -  Total Bytes Received By Job
	Partitionable Resources :    Usage  Request Allocated 
	   Cpus                 :                 1         1 
	   Disk (KB)            :       91        2    312116 
	   Memory (MB)          :     1254     2048      2048 

	Job terminated of its own accord at 2023-12-14T10:29:13Z with exit-code 0.
...
