000 (1969576.000.000) 2023-12-14 02:17:11 Job submitted from host: <172.24.33.226:11547?addrs=172.24.33.226-11547&alias=sdfrome002.sdf.slac.stanford.edu>
    DAG Node: 1fc5ff63-1645-4617-baf7-dc2a7a1aefcf_ptcIsr_2023111201617_23
...
040 (1969576.000.000) 2023-12-14 02:18:41 Finished transferring input files
...
001 (1969576.000.000) 2023-12-14 02:18:41 Job executing on host: <172.24.48.186:33679?CCBID=172.24.33.225:9618%3faddrs%3d172.24.33.225-9618%26alias%3dsdfrome001.sdf.slac.stanford.edu#6219700&PrivNet=sdfmilan114.sdf.slac.stanford.edu&addrs=172.24.48.186-33679&alias=sdfmilan114.sdf.slac.stanford.edu>
	SlotName: slot_abrought_14493_1_5@sdfmilan114.sdf.slac.stanford.edu
...
006 (1969576.000.000) 2023-12-14 02:18:50 Image size of job updated: 280760
	74  -  MemoryUsage of job (MB)
	75248  -  ResidentSetSize of job (KB)
...
006 (1969576.000.000) 2023-12-14 02:19:34 Image size of job updated: 2144816
	629  -  MemoryUsage of job (MB)
	643388  -  ResidentSetSize of job (KB)
...
040 (1969576.000.000) 2023-12-14 02:19:34 Started transferring output files
...
040 (1969576.000.000) 2023-12-14 02:19:34 Finished transferring output files
...
005 (1969576.000.000) 2023-12-14 02:19:34 Job terminated.
	(1) Normal termination (return value 0)
		Usr 0 00:00:20, Sys 0 00:00:03  -  Run Remote Usage
		Usr 0 00:00:00, Sys 0 00:00:00  -  Run Local Usage
		Usr 0 00:00:20, Sys 0 00:00:03  -  Total Remote Usage
		Usr 0 00:00:00, Sys 0 00:00:00  -  Total Local Usage
	18802  -  Run Bytes Sent By Job
	0  -  Run Bytes Received By Job
	18802  -  Total Bytes Sent By Job
	0  -  Total Bytes Received By Job
	Partitionable Resources :    Usage  Request Allocated 
	   Cpus                 :                 1         1 
	   Disk (KB)            :       90        2    312193 
	   Memory (MB)          :      629     2048      2048 

	Job terminated of its own accord at 2023-12-14T10:19:34Z with exit-code 0.
...
