000 (1969902.000.000) 2023-12-14 02:17:13 Job submitted from host: <172.24.33.226:11547?addrs=172.24.33.226-11547&alias=sdfrome002.sdf.slac.stanford.edu>
    DAG Node: 94e200ad-95db-402b-b23f-bda56d66079f_ptcIsr_2023111200888_23
...
040 (1969902.000.000) 2023-12-14 02:20:12 Finished transferring input files
...
001 (1969902.000.000) 2023-12-14 02:20:12 Job executing on host: <172.24.48.197:44589?CCBID=172.24.33.225:9618%3faddrs%3d172.24.33.225-9618%26alias%3dsdfrome001.sdf.slac.stanford.edu#6220121&PrivNet=sdfmilan125.sdf.slac.stanford.edu&addrs=172.24.48.197-44589&alias=sdfmilan125.sdf.slac.stanford.edu>
	SlotName: slot_abrought_7640_1_15@sdfmilan125.sdf.slac.stanford.edu
...
006 (1969902.000.000) 2023-12-14 02:20:21 Image size of job updated: 69768
	15  -  MemoryUsage of job (MB)
	14480  -  ResidentSetSize of job (KB)
...
006 (1969902.000.000) 2023-12-14 02:25:22 Image size of job updated: 2149704
	621  -  MemoryUsage of job (MB)
	635000  -  ResidentSetSize of job (KB)
...
040 (1969902.000.000) 2023-12-14 02:25:24 Started transferring output files
...
040 (1969902.000.000) 2023-12-14 02:25:24 Finished transferring output files
...
005 (1969902.000.000) 2023-12-14 02:25:27 Job terminated.
	(1) Normal termination (return value 0)
		Usr 0 00:00:22, Sys 0 00:00:03  -  Run Remote Usage
		Usr 0 00:00:00, Sys 0 00:00:00  -  Run Local Usage
		Usr 0 00:00:22, Sys 0 00:00:03  -  Total Remote Usage
		Usr 0 00:00:00, Sys 0 00:00:00  -  Total Local Usage
	18805  -  Run Bytes Sent By Job
	0  -  Run Bytes Received By Job
	18805  -  Total Bytes Sent By Job
	0  -  Total Bytes Received By Job
	Partitionable Resources :    Usage  Request Allocated 
	   Cpus                 :     0.08        1         1 
	   Disk (KB)            :    97           2    305890 
	   Memory (MB)          :   621        2048      2048 

	Job terminated of its own accord at 2023-12-14T10:25:23Z with exit-code 0.
...
