000 (1970419.000.000) 2023-12-14 02:17:19 Job submitted from host: <172.24.33.226:11547?addrs=172.24.33.226-11547&alias=sdfrome002.sdf.slac.stanford.edu>
    DAG Node: 60a7d35e-0ddd-460e-9070-a655395441c3_ptcIsr_2023111200191_23
...
040 (1970419.000.000) 2023-12-14 02:21:50 Finished transferring input files
...
001 (1970419.000.000) 2023-12-14 02:21:50 Job executing on host: <172.24.48.193:46283?CCBID=172.24.33.225:9618%3faddrs%3d172.24.33.225-9618%26alias%3dsdfrome001.sdf.slac.stanford.edu#6219697&PrivNet=sdfmilan121.sdf.slac.stanford.edu&addrs=172.24.48.193-46283&alias=sdfmilan121.sdf.slac.stanford.edu>
	SlotName: slot_abrought_10210_1_7@sdfmilan121.sdf.slac.stanford.edu
...
006 (1970419.000.000) 2023-12-14 02:21:59 Image size of job updated: 337064
	124  -  MemoryUsage of job (MB)
	126916  -  ResidentSetSize of job (KB)
...
006 (1970419.000.000) 2023-12-14 02:22:38 Image size of job updated: 2297984
	631  -  MemoryUsage of job (MB)
	646092  -  ResidentSetSize of job (KB)
...
040 (1970419.000.000) 2023-12-14 02:22:38 Started transferring output files
...
040 (1970419.000.000) 2023-12-14 02:22:38 Finished transferring output files
...
005 (1970419.000.000) 2023-12-14 02:22:39 Job terminated.
	(1) Normal termination (return value 0)
		Usr 0 00:00:18, Sys 0 00:00:03  -  Run Remote Usage
		Usr 0 00:00:00, Sys 0 00:00:00  -  Run Local Usage
		Usr 0 00:00:18, Sys 0 00:00:03  -  Total Remote Usage
		Usr 0 00:00:00, Sys 0 00:00:00  -  Total Local Usage
	18975  -  Run Bytes Sent By Job
	0  -  Run Bytes Received By Job
	18975  -  Total Bytes Sent By Job
	0  -  Total Bytes Received By Job
	Partitionable Resources :    Usage  Request Allocated 
	   Cpus                 :                 1         1 
	   Disk (KB)            :       91        2    311595 
	   Memory (MB)          :      631     2048      2048 

	Job terminated of its own accord at 2023-12-14T10:22:38Z with exit-code 0.
...
