000 (1969978.000.000) 2023-12-14 02:17:13 Job submitted from host: <172.24.33.226:11547?addrs=172.24.33.226-11547&alias=sdfrome002.sdf.slac.stanford.edu>
    DAG Node: ccf798eb-a209-4e8b-a472-5c745ced3d28_ptcIsr_2023111201026_23
...
040 (1969978.000.000) 2023-12-14 02:20:15 Finished transferring input files
...
001 (1969978.000.000) 2023-12-14 02:20:15 Job executing on host: <172.24.48.197:44589?CCBID=172.24.33.225:9618%3faddrs%3d172.24.33.225-9618%26alias%3dsdfrome001.sdf.slac.stanford.edu#6220121&PrivNet=sdfmilan125.sdf.slac.stanford.edu&addrs=172.24.48.197-44589&alias=sdfmilan125.sdf.slac.stanford.edu>
	SlotName: slot_abrought_7640_1_22@sdfmilan125.sdf.slac.stanford.edu
...
006 (1969978.000.000) 2023-12-14 02:20:24 Image size of job updated: 69768
	6  -  MemoryUsage of job (MB)
	5292  -  ResidentSetSize of job (KB)
...
006 (1969978.000.000) 2023-12-14 02:25:25 Image size of job updated: 2173412
	1377  -  MemoryUsage of job (MB)
	1409256  -  ResidentSetSize of job (KB)
...
006 (1969978.000.000) 2023-12-14 02:25:39 Image size of job updated: 2214852
	1377  -  MemoryUsage of job (MB)
	1409256  -  ResidentSetSize of job (KB)
...
040 (1969978.000.000) 2023-12-14 02:25:39 Started transferring output files
...
040 (1969978.000.000) 2023-12-14 02:25:39 Finished transferring output files
...
005 (1969978.000.000) 2023-12-14 02:25:39 Job terminated.
	(1) Normal termination (return value 0)
		Usr 0 00:00:23, Sys 0 00:00:03  -  Run Remote Usage
		Usr 0 00:00:00, Sys 0 00:00:00  -  Run Local Usage
		Usr 0 00:00:23, Sys 0 00:00:03  -  Total Remote Usage
		Usr 0 00:00:00, Sys 0 00:00:00  -  Total Local Usage
	19074  -  Run Bytes Sent By Job
	0  -  Run Bytes Received By Job
	19074  -  Total Bytes Sent By Job
	0  -  Total Bytes Received By Job
	Partitionable Resources :    Usage  Request Allocated 
	   Cpus                 :     0.09        1         1 
	   Disk (KB)            : 25450           2    305890 
	   Memory (MB)          :  1377        2048      2048 

	Job terminated of its own accord at 2023-12-14T10:25:39Z with exit-code 0.
...
