000 (1971565.000.000) 2023-12-14 02:17:35 Job submitted from host: <172.24.33.226:11547?addrs=172.24.33.226-11547&alias=sdfrome002.sdf.slac.stanford.edu>
    DAG Node: d199c4db-d24f-422a-851e-8009c1e97aff_ptcIsr_2023111201545_23
...
040 (1971565.000.000) 2023-12-14 02:25:27 Finished transferring input files
...
001 (1971565.000.000) 2023-12-14 02:25:27 Job executing on host: <172.24.48.197:44589?CCBID=172.24.33.225:9618%3faddrs%3d172.24.33.225-9618%26alias%3dsdfrome001.sdf.slac.stanford.edu#6220121&PrivNet=sdfmilan125.sdf.slac.stanford.edu&addrs=172.24.48.197-44589&alias=sdfmilan125.sdf.slac.stanford.edu>
	SlotName: slot_abrought_7640_1_20@sdfmilan125.sdf.slac.stanford.edu
...
006 (1971565.000.000) 2023-12-14 02:25:36 Image size of job updated: 273100
	67  -  MemoryUsage of job (MB)
	68240  -  ResidentSetSize of job (KB)
...
006 (1971565.000.000) 2023-12-14 02:29:57 Image size of job updated: 2117768
	67  -  MemoryUsage of job (MB)
	68240  -  ResidentSetSize of job (KB)
...
040 (1971565.000.000) 2023-12-14 02:29:57 Started transferring output files
...
040 (1971565.000.000) 2023-12-14 02:29:57 Finished transferring output files
...
005 (1971565.000.000) 2023-12-14 02:29:57 Job terminated.
	(1) Normal termination (return value 0)
		Usr 0 00:00:21, Sys 0 00:00:02  -  Run Remote Usage
		Usr 0 00:00:00, Sys 0 00:00:00  -  Run Local Usage
		Usr 0 00:00:21, Sys 0 00:00:02  -  Total Remote Usage
		Usr 0 00:00:00, Sys 0 00:00:00  -  Total Local Usage
	18804  -  Run Bytes Sent By Job
	0  -  Run Bytes Received By Job
	18804  -  Total Bytes Sent By Job
	0  -  Total Bytes Received By Job
	Partitionable Resources :    Usage  Request Allocated 
	   Cpus                 :     0.10        1         1 
	   Disk (KB)            :    97           2    305890 
	   Memory (MB)          :    67        2048      2048 

	Job terminated of its own accord at 2023-12-14T10:29:57Z with exit-code 0.
...
