000 (1971822.000.000) 2023-12-14 02:17:37 Job submitted from host: <172.24.33.226:11547?addrs=172.24.33.226-11547&alias=sdfrome002.sdf.slac.stanford.edu>
    DAG Node: a641fac9-6cba-4fd2-a81f-75f9a6add572_ptcIsr_2023111101206_23
...
040 (1971822.000.000) 2023-12-14 02:26:03 Finished transferring input files
...
001 (1971822.000.000) 2023-12-14 02:26:03 Job executing on host: <172.24.33.147:42953?CCBID=172.24.33.225:9618%3faddrs%3d172.24.33.225-9618%26alias%3dsdfrome001.sdf.slac.stanford.edu#6219703&PrivNet=sdfrome082.sdf.slac.stanford.edu&addrs=172.24.33.147-42953&alias=sdfrome082.sdf.slac.stanford.edu>
	SlotName: slot_abrought_48_1_23@sdfrome082.sdf.slac.stanford.edu
...
006 (1971822.000.000) 2023-12-14 02:26:12 Image size of job updated: 321008
	111  -  MemoryUsage of job (MB)
	113040  -  ResidentSetSize of job (KB)
...
006 (1971822.000.000) 2023-12-14 02:26:47 Image size of job updated: 2125420
	111  -  MemoryUsage of job (MB)
	113040  -  ResidentSetSize of job (KB)
...
040 (1971822.000.000) 2023-12-14 02:26:47 Started transferring output files
...
040 (1971822.000.000) 2023-12-14 02:26:47 Finished transferring output files
...
005 (1971822.000.000) 2023-12-14 02:26:47 Job terminated.
	(1) Normal termination (return value 0)
		Usr 0 00:00:19, Sys 0 00:00:03  -  Run Remote Usage
		Usr 0 00:00:00, Sys 0 00:00:00  -  Run Local Usage
		Usr 0 00:00:19, Sys 0 00:00:03  -  Total Remote Usage
		Usr 0 00:00:00, Sys 0 00:00:00  -  Total Local Usage
	19074  -  Run Bytes Sent By Job
	0  -  Run Bytes Received By Job
	19074  -  Total Bytes Sent By Job
	0  -  Total Bytes Received By Job
	Partitionable Resources :    Usage  Request Allocated 
	   Cpus                 :     0.44        1         1 
	   Disk (KB)            :    97           2    312116 
	   Memory (MB)          :   111        2048      2048 

	Job terminated of its own accord at 2023-12-14T10:26:47Z with exit-code 0.
...
