000 (1971986.000.000) 2023-12-14 02:17:38 Job submitted from host: <172.24.33.226:11547?addrs=172.24.33.226-11547&alias=sdfrome002.sdf.slac.stanford.edu>
    DAG Node: d6c6fa71-4bac-46c1-a9e3-a5ec637a06b0_ptcIsr_2023111100964_23
...
040 (1971986.000.000) 2023-12-14 02:26:35 Finished transferring input files
...
001 (1971986.000.000) 2023-12-14 02:26:35 Job executing on host: <172.24.33.124:45647?CCBID=172.24.33.225:9618%3faddrs%3d172.24.33.225-9618%26alias%3dsdfrome001.sdf.slac.stanford.edu#6220016&PrivNet=sdfrome059.sdf.slac.stanford.edu&addrs=172.24.33.124-45647&alias=sdfrome059.sdf.slac.stanford.edu>
	SlotName: slot_abrought_13532_1_11@sdfrome059.sdf.slac.stanford.edu
...
006 (1971986.000.000) 2023-12-14 02:26:44 Image size of job updated: 278316
	72  -  MemoryUsage of job (MB)
	73044  -  ResidentSetSize of job (KB)
...
006 (1971986.000.000) 2023-12-14 02:29:29 Image size of job updated: 2092420
	72  -  MemoryUsage of job (MB)
	73044  -  ResidentSetSize of job (KB)
...
040 (1971986.000.000) 2023-12-14 02:29:29 Started transferring output files
...
040 (1971986.000.000) 2023-12-14 02:29:29 Finished transferring output files
...
005 (1971986.000.000) 2023-12-14 02:29:29 Job terminated.
	(1) Normal termination (return value 0)
		Usr 0 00:00:19, Sys 0 00:00:03  -  Run Remote Usage
		Usr 0 00:00:00, Sys 0 00:00:00  -  Run Local Usage
		Usr 0 00:00:19, Sys 0 00:00:03  -  Total Remote Usage
		Usr 0 00:00:00, Sys 0 00:00:00  -  Total Local Usage
	18806  -  Run Bytes Sent By Job
	0  -  Run Bytes Received By Job
	18806  -  Total Bytes Sent By Job
	0  -  Total Bytes Received By Job
	Partitionable Resources :    Usage  Request Allocated 
	   Cpus                 :     0.14        1         1 
	   Disk (KB)            :    97           2    312194 
	   Memory (MB)          :    72        2048      2048 

	Job terminated of its own accord at 2023-12-14T10:29:29Z with exit-code 0.
...
