000 (1969639.000.000) 2023-12-14 02:17:11 Job submitted from host: <172.24.33.226:11547?addrs=172.24.33.226-11547&alias=sdfrome002.sdf.slac.stanford.edu>
    DAG Node: b9505b03-dbc2-4a2e-bce9-5abab444cec3_ptcIsr_2023111301100_23
...
040 (1969639.000.000) 2023-12-14 02:19:12 Finished transferring input files
...
001 (1969639.000.000) 2023-12-14 02:19:12 Job executing on host: <172.24.48.193:46283?CCBID=172.24.33.225:9618%3faddrs%3d172.24.33.225-9618%26alias%3dsdfrome001.sdf.slac.stanford.edu#6219697&PrivNet=sdfmilan121.sdf.slac.stanford.edu&addrs=172.24.48.193-46283&alias=sdfmilan121.sdf.slac.stanford.edu>
	SlotName: slot_abrought_10210_1_16@sdfmilan121.sdf.slac.stanford.edu
...
006 (1969639.000.000) 2023-12-14 02:19:21 Image size of job updated: 34560
	19  -  MemoryUsage of job (MB)
	18476  -  ResidentSetSize of job (KB)
...
006 (1969639.000.000) 2023-12-14 02:20:17 Image size of job updated: 2111664
	637  -  MemoryUsage of job (MB)
	651552  -  ResidentSetSize of job (KB)
...
040 (1969639.000.000) 2023-12-14 02:20:17 Started transferring output files
...
040 (1969639.000.000) 2023-12-14 02:20:17 Finished transferring output files
...
005 (1969639.000.000) 2023-12-14 02:20:17 Job terminated.
	(1) Normal termination (return value 0)
		Usr 0 00:00:21, Sys 0 00:00:04  -  Run Remote Usage
		Usr 0 00:00:00, Sys 0 00:00:00  -  Run Local Usage
		Usr 0 00:00:21, Sys 0 00:00:04  -  Total Remote Usage
		Usr 0 00:00:00, Sys 0 00:00:00  -  Total Local Usage
	18803  -  Run Bytes Sent By Job
	0  -  Run Bytes Received By Job
	18803  -  Total Bytes Sent By Job
	0  -  Total Bytes Received By Job
	Partitionable Resources :    Usage  Request Allocated 
	   Cpus                 :                 1         1 
	   Disk (KB)            :       90        2    311595 
	   Memory (MB)          :      637     2048      2048 

	Job terminated of its own accord at 2023-12-14T10:20:17Z with exit-code 0.
...
