000 (1969691.000.000) 2023-12-14 02:17:11 Job submitted from host: <172.24.33.226:11547?addrs=172.24.33.226-11547&alias=sdfrome002.sdf.slac.stanford.edu>
    DAG Node: e0abd08b-370f-4e1e-95e0-62cd2efc3f6a_ptcIsr_2023111300263_23
...
040 (1969691.000.000) 2023-12-14 02:19:37 Finished transferring input files
...
001 (1969691.000.000) 2023-12-14 02:19:37 Job executing on host: <172.24.48.149:38613?CCBID=172.24.33.225:9618%3faddrs%3d172.24.33.225-9618%26alias%3dsdfrome001.sdf.slac.stanford.edu#6219698&PrivNet=sdfmilan049.sdf.slac.stanford.edu&addrs=172.24.48.149-38613&alias=sdfmilan049.sdf.slac.stanford.edu>
	SlotName: slot_abrought_1727_1_21@sdfmilan049.sdf.slac.stanford.edu
...
006 (1969691.000.000) 2023-12-14 02:19:46 Image size of job updated: 321024
	111  -  MemoryUsage of job (MB)
	112832  -  ResidentSetSize of job (KB)
...
006 (1969691.000.000) 2023-12-14 02:20:50 Image size of job updated: 2080872
	1369  -  MemoryUsage of job (MB)
	1401712  -  ResidentSetSize of job (KB)
...
040 (1969691.000.000) 2023-12-14 02:20:51 Started transferring output files
...
040 (1969691.000.000) 2023-12-14 02:20:51 Finished transferring output files
...
005 (1969691.000.000) 2023-12-14 02:20:51 Job terminated.
	(1) Normal termination (return value 0)
		Usr 0 00:00:19, Sys 0 00:00:02  -  Run Remote Usage
		Usr 0 00:00:00, Sys 0 00:00:00  -  Run Local Usage
		Usr 0 00:00:19, Sys 0 00:00:02  -  Total Remote Usage
		Usr 0 00:00:00, Sys 0 00:00:00  -  Total Local Usage
	18802  -  Run Bytes Sent By Job
	0  -  Run Bytes Received By Job
	18802  -  Total Bytes Sent By Job
	0  -  Total Bytes Received By Job
	Partitionable Resources :    Usage  Request Allocated 
	   Cpus                 :                 1         1 
	   Disk (KB)            :       90        2    312194 
	   Memory (MB)          :     1369     2048      2048 

	Job terminated of its own accord at 2023-12-14T10:20:50Z with exit-code 0.
...
