000 (1973316.000.000) 2023-12-14 02:17:55 Job submitted from host: <172.24.33.226:11547?addrs=172.24.33.226-11547&alias=sdfrome002.sdf.slac.stanford.edu>
    DAG Node: 9b244afb-ffe7-40fe-bff9-11eece4e76e9_ptcIsr_2023111101810_23
...
040 (1973316.000.000) 2023-12-14 02:30:25 Finished transferring input files
...
001 (1973316.000.000) 2023-12-14 02:30:25 Job executing on host: <172.24.33.213:34935?CCBID=172.24.33.225:9618%3faddrs%3d172.24.33.225-9618%26alias%3dsdfrome001.sdf.slac.stanford.edu#6220035&PrivNet=sdfrome022.sdf.slac.stanford.edu&addrs=172.24.33.213-34935&alias=sdfrome022.sdf.slac.stanford.edu>
	SlotName: slot_abrought_12392_1_14@sdfrome022.sdf.slac.stanford.edu
...
006 (1973316.000.000) 2023-12-14 02:30:34 Image size of job updated: 262880
	57  -  MemoryUsage of job (MB)
	58112  -  ResidentSetSize of job (KB)
...
006 (1973316.000.000) 2023-12-14 02:34:14 Image size of job updated: 2021992
	57  -  MemoryUsage of job (MB)
	58112  -  ResidentSetSize of job (KB)
...
040 (1973316.000.000) 2023-12-14 02:34:15 Started transferring output files
...
040 (1973316.000.000) 2023-12-14 02:34:15 Finished transferring output files
...
005 (1973316.000.000) 2023-12-14 02:34:16 Job terminated.
	(1) Normal termination (return value 0)
		Usr 0 00:00:18, Sys 0 00:00:02  -  Run Remote Usage
		Usr 0 00:00:00, Sys 0 00:00:00  -  Run Local Usage
		Usr 0 00:00:18, Sys 0 00:00:02  -  Total Remote Usage
		Usr 0 00:00:00, Sys 0 00:00:00  -  Total Local Usage
	18805  -  Run Bytes Sent By Job
	0  -  Run Bytes Received By Job
	18805  -  Total Bytes Sent By Job
	0  -  Total Bytes Received By Job
	Partitionable Resources :    Usage  Request Allocated 
	   Cpus                 :                 1         1 
	   Disk (KB)            :       90        2    312194 
	   Memory (MB)          :       57     2048      2048 

	Job terminated of its own accord at 2023-12-14T10:34:14Z with exit-code 0.
...
