000 (1971087.000.000) 2023-12-14 02:17:29 Job submitted from host: <172.24.33.226:11547?addrs=172.24.33.226-11547&alias=sdfrome002.sdf.slac.stanford.edu>
    DAG Node: 521501c3-c096-40bc-b328-e5532a0425dc_ptcIsr_2023111202331_23
...
040 (1971087.000.000) 2023-12-14 02:23:57 Finished transferring input files
...
001 (1971087.000.000) 2023-12-14 02:23:57 Job executing on host: <172.24.33.143:42517?CCBID=172.24.33.225:9618%3faddrs%3d172.24.33.225-9618%26alias%3dsdfrome001.sdf.slac.stanford.edu#6220496&PrivNet=sdfrome078.sdf.slac.stanford.edu&addrs=172.24.33.143-42517&alias=sdfrome078.sdf.slac.stanford.edu>
	SlotName: slot_abrought_19079_1_14@sdfrome078.sdf.slac.stanford.edu
...
006 (1971087.000.000) 2023-12-14 02:24:05 Image size of job updated: 645160
	280  -  MemoryUsage of job (MB)
	286688  -  ResidentSetSize of job (KB)
...
006 (1971087.000.000) 2023-12-14 02:24:46 Image size of job updated: 2092264
	280  -  MemoryUsage of job (MB)
	286688  -  ResidentSetSize of job (KB)
...
040 (1971087.000.000) 2023-12-14 02:24:46 Started transferring output files
...
040 (1971087.000.000) 2023-12-14 02:24:46 Finished transferring output files
...
005 (1971087.000.000) 2023-12-14 02:24:46 Job terminated.
	(1) Normal termination (return value 0)
		Usr 0 00:00:28, Sys 0 00:00:07  -  Run Remote Usage
		Usr 0 00:00:00, Sys 0 00:00:00  -  Run Local Usage
		Usr 0 00:00:28, Sys 0 00:00:07  -  Total Remote Usage
		Usr 0 00:00:00, Sys 0 00:00:00  -  Total Local Usage
	18803  -  Run Bytes Sent By Job
	0  -  Run Bytes Received By Job
	18803  -  Total Bytes Sent By Job
	0  -  Total Bytes Received By Job
	Partitionable Resources :    Usage  Request Allocated 
	   Cpus                 :                 1         1 
	   Disk (KB)            :       90        2    312194 
	   Memory (MB)          :      280     2048      2048 

	Job terminated of its own accord at 2023-12-14T10:24:46Z with exit-code 0.
...
