000 (1970024.000.000) 2023-12-14 02:17:17 Job submitted from host: <172.24.33.226:11547?addrs=172.24.33.226-11547&alias=sdfrome002.sdf.slac.stanford.edu>
    DAG Node: 9429ddd1-1537-41fa-bc35-addabb53d155_ptcIsr_2023111201976_23
...
040 (1970024.000.000) 2023-12-14 02:20:23 Finished transferring input files
...
001 (1970024.000.000) 2023-12-14 02:20:23 Job executing on host: <172.24.48.149:38613?CCBID=172.24.33.225:9618%3faddrs%3d172.24.33.225-9618%26alias%3dsdfrome001.sdf.slac.stanford.edu#6219698&PrivNet=sdfmilan049.sdf.slac.stanford.edu&addrs=172.24.48.149-38613&alias=sdfmilan049.sdf.slac.stanford.edu>
	SlotName: slot_abrought_1727_1_10@sdfmilan049.sdf.slac.stanford.edu
...
006 (1970024.000.000) 2023-12-14 02:20:31 Image size of job updated: 294184
	87  -  MemoryUsage of job (MB)
	88656  -  ResidentSetSize of job (KB)
...
006 (1970024.000.000) 2023-12-14 02:21:19 Image size of job updated: 2028076
	620  -  MemoryUsage of job (MB)
	634532  -  ResidentSetSize of job (KB)
...
040 (1970024.000.000) 2023-12-14 02:21:20 Started transferring output files
...
040 (1970024.000.000) 2023-12-14 02:21:20 Finished transferring output files
...
005 (1970024.000.000) 2023-12-14 02:21:20 Job terminated.
	(1) Normal termination (return value 0)
		Usr 0 00:00:22, Sys 0 00:00:02  -  Run Remote Usage
		Usr 0 00:00:00, Sys 0 00:00:00  -  Run Local Usage
		Usr 0 00:00:22, Sys 0 00:00:02  -  Total Remote Usage
		Usr 0 00:00:00, Sys 0 00:00:00  -  Total Local Usage
	18802  -  Run Bytes Sent By Job
	0  -  Run Bytes Received By Job
	18802  -  Total Bytes Sent By Job
	0  -  Total Bytes Received By Job
	Partitionable Resources :    Usage  Request Allocated 
	   Cpus                 :                 1         1 
	   Disk (KB)            :       90        2    312194 
	   Memory (MB)          :      620     2048      2048 

	Job terminated of its own accord at 2023-12-14T10:21:19Z with exit-code 0.
...
