000 (1970872.000.000) 2023-12-14 02:17:25 Job submitted from host: <172.24.33.226:11547?addrs=172.24.33.226-11547&alias=sdfrome002.sdf.slac.stanford.edu>
    DAG Node: 37302607-86c6-4530-8e3f-932444e8f16f_ptcIsr_2023111300500_23
...
040 (1970872.000.000) 2023-12-14 02:23:23 Finished transferring input files
...
001 (1970872.000.000) 2023-12-14 02:23:23 Job executing on host: <172.24.33.213:41587?CCBID=172.24.33.225:9618%3faddrs%3d172.24.33.225-9618%26alias%3dsdfrome001.sdf.slac.stanford.edu#6220036&PrivNet=sdfrome022.sdf.slac.stanford.edu&addrs=172.24.33.213-41587&alias=sdfrome022.sdf.slac.stanford.edu>
	SlotName: slot_abrought_5117_1_5@sdfrome022.sdf.slac.stanford.edu
...
006 (1970872.000.000) 2023-12-14 02:23:33 Image size of job updated: 69764
	9  -  MemoryUsage of job (MB)
	9056  -  ResidentSetSize of job (KB)
...
006 (1970872.000.000) 2023-12-14 02:26:02 Image size of job updated: 2036160
	628  -  MemoryUsage of job (MB)
	642480  -  ResidentSetSize of job (KB)
...
040 (1970872.000.000) 2023-12-14 02:26:03 Started transferring output files
...
040 (1970872.000.000) 2023-12-14 02:26:03 Finished transferring output files
...
005 (1970872.000.000) 2023-12-14 02:26:03 Job terminated.
	(1) Normal termination (return value 0)
		Usr 0 00:00:18, Sys 0 00:00:02  -  Run Remote Usage
		Usr 0 00:00:00, Sys 0 00:00:00  -  Run Local Usage
		Usr 0 00:00:18, Sys 0 00:00:02  -  Total Remote Usage
		Usr 0 00:00:00, Sys 0 00:00:00  -  Total Local Usage
	18803  -  Run Bytes Sent By Job
	0  -  Run Bytes Received By Job
	18803  -  Total Bytes Sent By Job
	0  -  Total Bytes Received By Job
	Partitionable Resources :    Usage  Request Allocated 
	   Cpus                 :     0.12        1         1 
	   Disk (KB)            :    97           2    312194 
	   Memory (MB)          :   628        2048      2048 

	Job terminated of its own accord at 2023-12-14T10:26:02Z with exit-code 0.
...
