000 (1971237.000.000) 2023-12-14 02:17:30 Job submitted from host: <172.24.33.226:11547?addrs=172.24.33.226-11547&alias=sdfrome002.sdf.slac.stanford.edu>
    DAG Node: edfa3641-be39-4d61-9ee6-fdf7ef9ca051_ptcIsr_2023111301182_23
...
040 (1971237.000.000) 2023-12-14 02:24:28 Finished transferring input files
...
001 (1971237.000.000) 2023-12-14 02:24:28 Job executing on host: <172.24.33.124:39661?CCBID=172.24.33.225:9618%3faddrs%3d172.24.33.225-9618%26alias%3dsdfrome001.sdf.slac.stanford.edu#6220018&PrivNet=sdfrome059.sdf.slac.stanford.edu&addrs=172.24.33.124-39661&alias=sdfrome059.sdf.slac.stanford.edu>
	SlotName: slot_abrought_25802_1_8@sdfrome059.sdf.slac.stanford.edu
...
006 (1971237.000.000) 2023-12-14 02:24:36 Image size of job updated: 391652
	149  -  MemoryUsage of job (MB)
	151780  -  ResidentSetSize of job (KB)
...
006 (1971237.000.000) 2023-12-14 02:25:11 Image size of job updated: 2024860
	149  -  MemoryUsage of job (MB)
	151780  -  ResidentSetSize of job (KB)
...
040 (1971237.000.000) 2023-12-14 02:25:11 Started transferring output files
...
040 (1971237.000.000) 2023-12-14 02:25:11 Finished transferring output files
...
005 (1971237.000.000) 2023-12-14 02:25:11 Job terminated.
	(1) Normal termination (return value 0)
		Usr 0 00:00:26, Sys 0 00:00:05  -  Run Remote Usage
		Usr 0 00:00:00, Sys 0 00:00:00  -  Run Local Usage
		Usr 0 00:00:26, Sys 0 00:00:05  -  Total Remote Usage
		Usr 0 00:00:00, Sys 0 00:00:00  -  Total Local Usage
	18532  -  Run Bytes Sent By Job
	0  -  Run Bytes Received By Job
	18532  -  Total Bytes Sent By Job
	0  -  Total Bytes Received By Job
	Partitionable Resources :    Usage  Request Allocated 
	   Cpus                 :                 1         1 
	   Disk (KB)            :       90        2    312194 
	   Memory (MB)          :      149     2048      2048 

	Job terminated of its own accord at 2023-12-14T10:25:11Z with exit-code 0.
...
