000 (1973320.000.000) 2023-12-14 02:17:55 Job submitted from host: <172.24.33.226:11547?addrs=172.24.33.226-11547&alias=sdfrome002.sdf.slac.stanford.edu>
    DAG Node: 5bd84aa0-d664-434a-b6d6-3b1b910edc9f_ptcIsr_2023111101885_23
...
040 (1973320.000.000) 2023-12-14 02:30:21 Finished transferring input files
...
001 (1973320.000.000) 2023-12-14 02:30:21 Job executing on host: <172.24.33.143:42517?CCBID=172.24.33.225:9618%3faddrs%3d172.24.33.225-9618%26alias%3dsdfrome001.sdf.slac.stanford.edu#6220496&PrivNet=sdfrome078.sdf.slac.stanford.edu&addrs=172.24.33.143-42517&alias=sdfrome078.sdf.slac.stanford.edu>
	SlotName: slot_abrought_19079_1_18@sdfrome078.sdf.slac.stanford.edu
...
006 (1973320.000.000) 2023-12-14 02:30:29 Image size of job updated: 341512
	127  -  MemoryUsage of job (MB)
	129884  -  ResidentSetSize of job (KB)
...
006 (1973320.000.000) 2023-12-14 02:31:04 Image size of job updated: 2176664
	652  -  MemoryUsage of job (MB)
	667500  -  ResidentSetSize of job (KB)
...
040 (1973320.000.000) 2023-12-14 02:31:04 Started transferring output files
...
040 (1973320.000.000) 2023-12-14 02:31:04 Finished transferring output files
...
005 (1973320.000.000) 2023-12-14 02:31:04 Job terminated.
	(1) Normal termination (return value 0)
		Usr 0 00:00:22, Sys 0 00:00:03  -  Run Remote Usage
		Usr 0 00:00:00, Sys 0 00:00:00  -  Run Local Usage
		Usr 0 00:00:22, Sys 0 00:00:03  -  Total Remote Usage
		Usr 0 00:00:00, Sys 0 00:00:00  -  Total Local Usage
	19074  -  Run Bytes Sent By Job
	0  -  Run Bytes Received By Job
	19074  -  Total Bytes Sent By Job
	0  -  Total Bytes Received By Job
	Partitionable Resources :    Usage  Request Allocated 
	   Cpus                 :     0.97        1         1 
	   Disk (KB)            :    97           2    312194 
	   Memory (MB)          :   652        2048      2048 

	Job terminated of its own accord at 2023-12-14T10:31:04Z with exit-code 0.
...
