000 (1970761.000.000) 2023-12-14 02:17:24 Job submitted from host: <172.24.33.226:11547?addrs=172.24.33.226-11547&alias=sdfrome002.sdf.slac.stanford.edu>
    DAG Node: 6be6d88a-8237-4504-94d0-92cc86743a85_ptcIsr_2023111202606_23
...
040 (1970761.000.000) 2023-12-14 02:23:00 Finished transferring input files
...
001 (1970761.000.000) 2023-12-14 02:23:00 Job executing on host: <172.24.33.124:39697?CCBID=172.24.33.225:9618%3faddrs%3d172.24.33.225-9618%26alias%3dsdfrome001.sdf.slac.stanford.edu#6220015&PrivNet=sdfrome059.sdf.slac.stanford.edu&addrs=172.24.33.124-39697&alias=sdfrome059.sdf.slac.stanford.edu>
	SlotName: slot_abrought_7836_1_5@sdfrome059.sdf.slac.stanford.edu
...
006 (1970761.000.000) 2023-12-14 02:23:08 Image size of job updated: 262880
	58  -  MemoryUsage of job (MB)
	58568  -  ResidentSetSize of job (KB)
...
006 (1970761.000.000) 2023-12-14 02:24:02 Image size of job updated: 2104784
	645  -  MemoryUsage of job (MB)
	659968  -  ResidentSetSize of job (KB)
...
040 (1970761.000.000) 2023-12-14 02:24:02 Started transferring output files
...
040 (1970761.000.000) 2023-12-14 02:24:02 Finished transferring output files
...
005 (1970761.000.000) 2023-12-14 02:24:02 Job terminated.
	(1) Normal termination (return value 0)
		Usr 0 00:00:20, Sys 0 00:00:04  -  Run Remote Usage
		Usr 0 00:00:00, Sys 0 00:00:00  -  Run Local Usage
		Usr 0 00:00:20, Sys 0 00:00:04  -  Total Remote Usage
		Usr 0 00:00:00, Sys 0 00:00:00  -  Total Local Usage
	18803  -  Run Bytes Sent By Job
	0  -  Run Bytes Received By Job
	18803  -  Total Bytes Sent By Job
	0  -  Total Bytes Received By Job
	Partitionable Resources :    Usage  Request Allocated 
	   Cpus                 :                 1         1 
	   Disk (KB)            :       90        2    312194 
	   Memory (MB)          :      645     2048      2048 

	Job terminated of its own accord at 2023-12-14T10:24:02Z with exit-code 0.
...
