000 (1969794.000.000) 2023-12-14 02:17:12 Job submitted from host: <172.24.33.226:11547?addrs=172.24.33.226-11547&alias=sdfrome002.sdf.slac.stanford.edu>
    DAG Node: 7b1b83d0-7bfb-43fa-9a03-197515549817_ptcIsr_2023111101039_23
...
040 (1969794.000.000) 2023-12-14 02:20:10 Finished transferring input files
...
001 (1969794.000.000) 2023-12-14 02:20:10 Job executing on host: <172.24.33.124:45647?CCBID=172.24.33.225:9618%3faddrs%3d172.24.33.225-9618%26alias%3dsdfrome001.sdf.slac.stanford.edu#6220016&PrivNet=sdfrome059.sdf.slac.stanford.edu&addrs=172.24.33.124-45647&alias=sdfrome059.sdf.slac.stanford.edu>
	SlotName: slot_abrought_13532_1_5@sdfrome059.sdf.slac.stanford.edu
...
006 (1969794.000.000) 2023-12-14 02:20:18 Image size of job updated: 30064
	14  -  MemoryUsage of job (MB)
	13956  -  ResidentSetSize of job (KB)
...
006 (1969794.000.000) 2023-12-14 02:23:08 Image size of job updated: 2143780
	14  -  MemoryUsage of job (MB)
	13956  -  ResidentSetSize of job (KB)
...
040 (1969794.000.000) 2023-12-14 02:23:08 Started transferring output files
...
040 (1969794.000.000) 2023-12-14 02:23:08 Finished transferring output files
...
005 (1969794.000.000) 2023-12-14 02:23:08 Job terminated.
	(1) Normal termination (return value 0)
		Usr 0 00:00:19, Sys 0 00:00:06  -  Run Remote Usage
		Usr 0 00:00:00, Sys 0 00:00:00  -  Run Local Usage
		Usr 0 00:00:19, Sys 0 00:00:06  -  Total Remote Usage
		Usr 0 00:00:00, Sys 0 00:00:00  -  Total Local Usage
	18803  -  Run Bytes Sent By Job
	0  -  Run Bytes Received By Job
	18803  -  Total Bytes Sent By Job
	0  -  Total Bytes Received By Job
	Partitionable Resources :    Usage  Request Allocated 
	   Cpus                 :                 1         1 
	   Disk (KB)            :       90        2    312194 
	   Memory (MB)          :       14     2048      2048 

	Job terminated of its own accord at 2023-12-14T10:23:08Z with exit-code 0.
...
