000 (1971615.000.000) 2023-12-14 02:17:36 Job submitted from host: <172.24.33.226:11547?addrs=172.24.33.226-11547&alias=sdfrome002.sdf.slac.stanford.edu>
    DAG Node: 036e3d18-20cf-48fa-a384-4fb612acb46f_ptcIsr_2023111203119_23
...
040 (1971615.000.000) 2023-12-14 02:25:30 Finished transferring input files
...
001 (1971615.000.000) 2023-12-14 02:25:30 Job executing on host: <172.24.48.186:33679?CCBID=172.24.33.225:9618%3faddrs%3d172.24.33.225-9618%26alias%3dsdfrome001.sdf.slac.stanford.edu#6219700&PrivNet=sdfmilan114.sdf.slac.stanford.edu&addrs=172.24.48.186-33679&alias=sdfmilan114.sdf.slac.stanford.edu>
	SlotName: slot_abrought_14493_1_8@sdfmilan114.sdf.slac.stanford.edu
...
006 (1971615.000.000) 2023-12-14 02:25:38 Image size of job updated: 327620
	115  -  MemoryUsage of job (MB)
	116908  -  ResidentSetSize of job (KB)
...
006 (1971615.000.000) 2023-12-14 02:26:24 Image size of job updated: 2221232
	667  -  MemoryUsage of job (MB)
	682096  -  ResidentSetSize of job (KB)
...
040 (1971615.000.000) 2023-12-14 02:26:25 Started transferring output files
...
040 (1971615.000.000) 2023-12-14 02:26:25 Finished transferring output files
...
005 (1971615.000.000) 2023-12-14 02:26:25 Job terminated.
	(1) Normal termination (return value 0)
		Usr 0 00:00:19, Sys 0 00:00:03  -  Run Remote Usage
		Usr 0 00:00:00, Sys 0 00:00:00  -  Run Local Usage
		Usr 0 00:00:19, Sys 0 00:00:03  -  Total Remote Usage
		Usr 0 00:00:00, Sys 0 00:00:00  -  Total Local Usage
	18803  -  Run Bytes Sent By Job
	0  -  Run Bytes Received By Job
	18803  -  Total Bytes Sent By Job
	0  -  Total Bytes Received By Job
	Partitionable Resources :    Usage  Request Allocated 
	   Cpus                 :                 1         1 
	   Disk (KB)            :       90        2    312193 
	   Memory (MB)          :      667     2048      2048 

	Job terminated of its own accord at 2023-12-14T10:26:24Z with exit-code 0.
...
