000 (1972607.000.000) 2023-12-14 02:17:47 Job submitted from host: <172.24.33.226:11547?addrs=172.24.33.226-11547&alias=sdfrome002.sdf.slac.stanford.edu>
    DAG Node: bb6346b9-d46e-45b4-b5fb-ba65791f3017_ptcIsr_2023111202736_23
...
040 (1972607.000.000) 2023-12-14 02:28:22 Finished transferring input files
...
001 (1972607.000.000) 2023-12-14 02:28:22 Job executing on host: <172.24.33.213:43829?CCBID=172.24.33.225:9618%3faddrs%3d172.24.33.225-9618%26alias%3dsdfrome001.sdf.slac.stanford.edu#6220038&PrivNet=sdfrome022.sdf.slac.stanford.edu&addrs=172.24.33.213-43829&alias=sdfrome022.sdf.slac.stanford.edu>
	SlotName: slot_abrought_31850_1_22@sdfrome022.sdf.slac.stanford.edu
...
006 (1972607.000.000) 2023-12-14 02:28:31 Image size of job updated: 69764
	11  -  MemoryUsage of job (MB)
	10652  -  ResidentSetSize of job (KB)
...
006 (1972607.000.000) 2023-12-14 02:29:15 Image size of job updated: 2059796
	648  -  MemoryUsage of job (MB)
	663112  -  ResidentSetSize of job (KB)
...
040 (1972607.000.000) 2023-12-14 02:29:15 Started transferring output files
...
040 (1972607.000.000) 2023-12-14 02:29:15 Finished transferring output files
...
005 (1972607.000.000) 2023-12-14 02:29:15 Job terminated.
	(1) Normal termination (return value 0)
		Usr 0 00:00:23, Sys 0 00:00:03  -  Run Remote Usage
		Usr 0 00:00:00, Sys 0 00:00:00  -  Run Local Usage
		Usr 0 00:00:23, Sys 0 00:00:03  -  Total Remote Usage
		Usr 0 00:00:00, Sys 0 00:00:00  -  Total Local Usage
	18533  -  Run Bytes Sent By Job
	0  -  Run Bytes Received By Job
	18533  -  Total Bytes Sent By Job
	0  -  Total Bytes Received By Job
	Partitionable Resources :    Usage  Request Allocated 
	   Cpus                 :     0.93        1         1 
	   Disk (KB)            :    97           2    312194 
	   Memory (MB)          :   648        2048      2048 

	Job terminated of its own accord at 2023-12-14T10:29:15Z with exit-code 0.
...
