000 (1972320.000.000) 2023-12-14 02:17:43 Job submitted from host: <172.24.33.226:11547?addrs=172.24.33.226-11547&alias=sdfrome002.sdf.slac.stanford.edu>
    DAG Node: 126ff194-08af-412e-b48c-47b1e326dbb6_ptcIsr_2023111101525_23
...
040 (1972320.000.000) 2023-12-14 02:27:34 Finished transferring input files
...
001 (1972320.000.000) 2023-12-14 02:27:34 Job executing on host: <172.24.48.159:36013?CCBID=172.24.33.225:9618%3faddrs%3d172.24.33.225-9618%26alias%3dsdfrome001.sdf.slac.stanford.edu#6219701&PrivNet=sdfmilan059.sdf.slac.stanford.edu&addrs=172.24.48.159-36013&alias=sdfmilan059.sdf.slac.stanford.edu>
	SlotName: slot_abrought_18206_1_19@sdfmilan059.sdf.slac.stanford.edu
...
006 (1972320.000.000) 2023-12-14 02:27:43 Image size of job updated: 271120
	66  -  MemoryUsage of job (MB)
	66760  -  ResidentSetSize of job (KB)
...
006 (1972320.000.000) 2023-12-14 02:31:03 Image size of job updated: 2019624
	632  -  MemoryUsage of job (MB)
	646752  -  ResidentSetSize of job (KB)
...
040 (1972320.000.000) 2023-12-14 02:31:04 Started transferring output files
...
040 (1972320.000.000) 2023-12-14 02:31:04 Finished transferring output files
...
005 (1972320.000.000) 2023-12-14 02:31:04 Job terminated.
	(1) Normal termination (return value 0)
		Usr 0 00:00:24, Sys 0 00:00:03  -  Run Remote Usage
		Usr 0 00:00:00, Sys 0 00:00:00  -  Run Local Usage
		Usr 0 00:00:24, Sys 0 00:00:03  -  Total Remote Usage
		Usr 0 00:00:00, Sys 0 00:00:00  -  Total Local Usage
	18804  -  Run Bytes Sent By Job
	0  -  Run Bytes Received By Job
	18804  -  Total Bytes Sent By Job
	0  -  Total Bytes Received By Job
	Partitionable Resources :    Usage  Request Allocated 
	   Cpus                 :                 1         1 
	   Disk (KB)            :       90        2    312194 
	   Memory (MB)          :      632     2048      2048 

	Job terminated of its own accord at 2023-12-14T10:31:03Z with exit-code 0.
...
