000 (1971727.000.000) 2023-12-14 02:17:37 Job submitted from host: <172.24.33.226:11547?addrs=172.24.33.226-11547&alias=sdfrome002.sdf.slac.stanford.edu>
    DAG Node: 09c93f3b-8eac-4a28-8b36-d85c3382931e_ptcIsr_2023111300035_23
...
040 (1971727.000.000) 2023-12-14 02:25:46 Finished transferring input files
...
001 (1971727.000.000) 2023-12-14 02:25:46 Job executing on host: <172.24.48.193:46283?CCBID=172.24.33.225:9618%3faddrs%3d172.24.33.225-9618%26alias%3dsdfrome001.sdf.slac.stanford.edu#6219697&PrivNet=sdfmilan121.sdf.slac.stanford.edu&addrs=172.24.48.193-46283&alias=sdfmilan121.sdf.slac.stanford.edu>
	SlotName: slot_abrought_10210_1_4@sdfmilan121.sdf.slac.stanford.edu
...
006 (1971727.000.000) 2023-12-14 02:25:55 Image size of job updated: 280764
	74  -  MemoryUsage of job (MB)
	75436  -  ResidentSetSize of job (KB)
...
006 (1971727.000.000) 2023-12-14 02:26:40 Image size of job updated: 2322004
	1526  -  MemoryUsage of job (MB)
	1561684  -  ResidentSetSize of job (KB)
...
040 (1971727.000.000) 2023-12-14 02:26:40 Started transferring output files
...
040 (1971727.000.000) 2023-12-14 02:26:40 Finished transferring output files
...
005 (1971727.000.000) 2023-12-14 02:26:40 Job terminated.
	(1) Normal termination (return value 0)
		Usr 0 00:00:20, Sys 0 00:00:03  -  Run Remote Usage
		Usr 0 00:00:00, Sys 0 00:00:00  -  Run Local Usage
		Usr 0 00:00:20, Sys 0 00:00:03  -  Total Remote Usage
		Usr 0 00:00:00, Sys 0 00:00:00  -  Total Local Usage
	18804  -  Run Bytes Sent By Job
	0  -  Run Bytes Received By Job
	18804  -  Total Bytes Sent By Job
	0  -  Total Bytes Received By Job
	Partitionable Resources :    Usage  Request Allocated 
	   Cpus                 :     0.94        1         1 
	   Disk (KB)            :    97           2    311595 
	   Memory (MB)          :  1526        2048      2048 

	Job terminated of its own accord at 2023-12-14T10:26:40Z with exit-code 0.
...
