000 (1973248.000.000) 2023-12-14 02:17:54 Job submitted from host: <172.24.33.226:11547?addrs=172.24.33.226-11547&alias=sdfrome002.sdf.slac.stanford.edu>
    DAG Node: ff056e11-d0eb-4ebc-88b3-630baf44f982_ptcIsr_2023111301184_23
...
040 (1973248.000.000) 2023-12-14 02:30:10 Finished transferring input files
...
001 (1973248.000.000) 2023-12-14 02:30:10 Job executing on host: <172.24.33.213:41467?CCBID=172.24.33.225:9618%3faddrs%3d172.24.33.225-9618%26alias%3dsdfrome001.sdf.slac.stanford.edu#6220037&PrivNet=sdfrome022.sdf.slac.stanford.edu&addrs=172.24.33.213-41467&alias=sdfrome022.sdf.slac.stanford.edu>
	SlotName: slot_abrought_435_1_2@sdfrome022.sdf.slac.stanford.edu
...
006 (1973248.000.000) 2023-12-14 02:30:18 Image size of job updated: 32696
	17  -  MemoryUsage of job (MB)
	16660  -  ResidentSetSize of job (KB)
...
006 (1973248.000.000) 2023-12-14 02:31:06 Image size of job updated: 2013552
	1363  -  MemoryUsage of job (MB)
	1395692  -  ResidentSetSize of job (KB)
...
040 (1973248.000.000) 2023-12-14 02:31:06 Started transferring output files
...
040 (1973248.000.000) 2023-12-14 02:31:06 Finished transferring output files
...
005 (1973248.000.000) 2023-12-14 02:31:06 Job terminated.
	(1) Normal termination (return value 0)
		Usr 0 00:00:21, Sys 0 00:00:03  -  Run Remote Usage
		Usr 0 00:00:00, Sys 0 00:00:00  -  Run Local Usage
		Usr 0 00:00:21, Sys 0 00:00:03  -  Total Remote Usage
		Usr 0 00:00:00, Sys 0 00:00:00  -  Total Local Usage
	18532  -  Run Bytes Sent By Job
	0  -  Run Bytes Received By Job
	18532  -  Total Bytes Sent By Job
	0  -  Total Bytes Received By Job
	Partitionable Resources :    Usage  Request Allocated 
	   Cpus                 :                 1         1 
	   Disk (KB)            :       90        2    312194 
	   Memory (MB)          :     1363     2048      2048 

	Job terminated of its own accord at 2023-12-14T10:31:06Z with exit-code 0.
...
