000 (1971877.000.000) 2023-12-14 02:17:37 Job submitted from host: <172.24.33.226:11547?addrs=172.24.33.226-11547&alias=sdfrome002.sdf.slac.stanford.edu>
    DAG Node: d9e485a5-b90a-4216-9d6c-c7e444eb8c03_ptcIsr_2023111300398_23
...
040 (1971877.000.000) 2023-12-14 02:26:13 Finished transferring input files
...
001 (1971877.000.000) 2023-12-14 02:26:13 Job executing on host: <172.24.48.185:41489?CCBID=172.24.33.225:9618%3faddrs%3d172.24.33.225-9618%26alias%3dsdfrome001.sdf.slac.stanford.edu#6219699&PrivNet=sdfmilan113.sdf.slac.stanford.edu&addrs=172.24.48.185-41489&alias=sdfmilan113.sdf.slac.stanford.edu>
	SlotName: slot_abrought_18623_1_16@sdfmilan113.sdf.slac.stanford.edu
...
006 (1971877.000.000) 2023-12-14 02:26:21 Image size of job updated: 32936
	17  -  MemoryUsage of job (MB)
	17396  -  ResidentSetSize of job (KB)
...
006 (1971877.000.000) 2023-12-14 02:27:28 Image size of job updated: 2000804
	628  -  MemoryUsage of job (MB)
	642064  -  ResidentSetSize of job (KB)
...
040 (1971877.000.000) 2023-12-14 02:27:28 Started transferring output files
...
040 (1971877.000.000) 2023-12-14 02:27:28 Finished transferring output files
...
005 (1971877.000.000) 2023-12-14 02:27:28 Job terminated.
	(1) Normal termination (return value 0)
		Usr 0 00:00:23, Sys 0 00:00:03  -  Run Remote Usage
		Usr 0 00:00:00, Sys 0 00:00:00  -  Run Local Usage
		Usr 0 00:00:23, Sys 0 00:00:03  -  Total Remote Usage
		Usr 0 00:00:00, Sys 0 00:00:00  -  Total Local Usage
	18531  -  Run Bytes Sent By Job
	0  -  Run Bytes Received By Job
	18531  -  Total Bytes Sent By Job
	0  -  Total Bytes Received By Job
	Partitionable Resources :    Usage  Request Allocated 
	   Cpus                 :     0.12        1         1 
	   Disk (KB)            :    97           2    312194 
	   Memory (MB)          :   628        2048      2048 

	Job terminated of its own accord at 2023-12-14T10:27:28Z with exit-code 0.
...
