000 (1971777.000.000) 2023-12-14 02:17:37 Job submitted from host: <172.24.33.226:11547?addrs=172.24.33.226-11547&alias=sdfrome002.sdf.slac.stanford.edu>
    DAG Node: b9fdec86-dc7a-4280-a084-5ce62524f7e1_ptcIsr_2023111101849_23
...
040 (1971777.000.000) 2023-12-14 02:25:58 Finished transferring input files
...
001 (1971777.000.000) 2023-12-14 02:25:59 Job executing on host: <172.24.48.185:41489?CCBID=172.24.33.225:9618%3faddrs%3d172.24.33.225-9618%26alias%3dsdfrome001.sdf.slac.stanford.edu#6219699&PrivNet=sdfmilan113.sdf.slac.stanford.edu&addrs=172.24.48.185-41489&alias=sdfmilan113.sdf.slac.stanford.edu>
	SlotName: slot_abrought_18623_1_19@sdfmilan113.sdf.slac.stanford.edu
...
006 (1971777.000.000) 2023-12-14 02:26:07 Image size of job updated: 295320
	87  -  MemoryUsage of job (MB)
	88612  -  ResidentSetSize of job (KB)
...
006 (1971777.000.000) 2023-12-14 02:26:57 Image size of job updated: 2127496
	87  -  MemoryUsage of job (MB)
	88612  -  ResidentSetSize of job (KB)
...
040 (1971777.000.000) 2023-12-14 02:26:57 Started transferring output files
...
040 (1971777.000.000) 2023-12-14 02:26:57 Finished transferring output files
...
005 (1971777.000.000) 2023-12-14 02:26:57 Job terminated.
	(1) Normal termination (return value 0)
		Usr 0 00:00:21, Sys 0 00:00:02  -  Run Remote Usage
		Usr 0 00:00:00, Sys 0 00:00:00  -  Run Local Usage
		Usr 0 00:00:21, Sys 0 00:00:02  -  Total Remote Usage
		Usr 0 00:00:00, Sys 0 00:00:00  -  Total Local Usage
	18802  -  Run Bytes Sent By Job
	0  -  Run Bytes Received By Job
	18802  -  Total Bytes Sent By Job
	0  -  Total Bytes Received By Job
	Partitionable Resources :    Usage  Request Allocated 
	   Cpus                 :     0.42        1         1 
	   Disk (KB)            :    97           2    312194 
	   Memory (MB)          :    87        2048      2048 

	Job terminated of its own accord at 2023-12-14T10:26:57Z with exit-code 0.
...
