000 (1970739.000.000) 2023-12-14 02:17:24 Job submitted from host: <172.24.33.226:11547?addrs=172.24.33.226-11547&alias=sdfrome002.sdf.slac.stanford.edu>
    DAG Node: ac05eadd-b2c4-452a-aef0-f698993a3098_ptcIsr_2023111100993_23
...
040 (1970739.000.000) 2023-12-14 02:22:56 Finished transferring input files
...
001 (1970739.000.000) 2023-12-14 02:22:56 Job executing on host: <172.24.33.143:42517?CCBID=172.24.33.225:9618%3faddrs%3d172.24.33.225-9618%26alias%3dsdfrome001.sdf.slac.stanford.edu#6220496&PrivNet=sdfrome078.sdf.slac.stanford.edu&addrs=172.24.33.143-42517&alias=sdfrome078.sdf.slac.stanford.edu>
	SlotName: slot_abrought_19079_1_8@sdfrome078.sdf.slac.stanford.edu
...
006 (1970739.000.000) 2023-12-14 02:23:04 Image size of job updated: 298300
	89  -  MemoryUsage of job (MB)
	91072  -  ResidentSetSize of job (KB)
...
006 (1970739.000.000) 2023-12-14 02:24:01 Image size of job updated: 2169748
	89  -  MemoryUsage of job (MB)
	91072  -  ResidentSetSize of job (KB)
...
040 (1970739.000.000) 2023-12-14 02:24:01 Started transferring output files
...
040 (1970739.000.000) 2023-12-14 02:24:01 Finished transferring output files
...
005 (1970739.000.000) 2023-12-14 02:24:01 Job terminated.
	(1) Normal termination (return value 0)
		Usr 0 00:00:33, Sys 0 00:00:08  -  Run Remote Usage
		Usr 0 00:00:00, Sys 0 00:00:00  -  Run Local Usage
		Usr 0 00:00:33, Sys 0 00:00:08  -  Total Remote Usage
		Usr 0 00:00:00, Sys 0 00:00:00  -  Total Local Usage
	19073  -  Run Bytes Sent By Job
	0  -  Run Bytes Received By Job
	19073  -  Total Bytes Sent By Job
	0  -  Total Bytes Received By Job
	Partitionable Resources :    Usage  Request Allocated 
	   Cpus                 :                 1         1 
	   Disk (KB)            :       91        2    312194 
	   Memory (MB)          :       89     2048      2048 

	Job terminated of its own accord at 2023-12-14T10:24:01Z with exit-code 0.
...
