000 (1973416.000.000) 2023-12-14 02:17:57 Job submitted from host: <172.24.33.226:11547?addrs=172.24.33.226-11547&alias=sdfrome002.sdf.slac.stanford.edu>
    DAG Node: 6a2713e5-6738-4f41-89d8-956dbfc155a7_ptcIsr_2023111202063_23
...
040 (1973416.000.000) 2023-12-14 02:30:41 Finished transferring input files
...
001 (1973416.000.000) 2023-12-14 02:30:41 Job executing on host: <172.24.48.159:36013?CCBID=172.24.33.225:9618%3faddrs%3d172.24.33.225-9618%26alias%3dsdfrome001.sdf.slac.stanford.edu#6219701&PrivNet=sdfmilan059.sdf.slac.stanford.edu&addrs=172.24.48.159-36013&alias=sdfmilan059.sdf.slac.stanford.edu>
	SlotName: slot_abrought_18206_1_1@sdfmilan059.sdf.slac.stanford.edu
...
006 (1973416.000.000) 2023-12-14 02:30:50 Image size of job updated: 30064
	14  -  MemoryUsage of job (MB)
	13748  -  ResidentSetSize of job (KB)
...
006 (1973416.000.000) 2023-12-14 02:32:19 Image size of job updated: 1966916
	1308  -  MemoryUsage of job (MB)
	1338700  -  ResidentSetSize of job (KB)
...
040 (1973416.000.000) 2023-12-14 02:32:19 Started transferring output files
...
040 (1973416.000.000) 2023-12-14 02:32:19 Finished transferring output files
...
005 (1973416.000.000) 2023-12-14 02:32:19 Job terminated.
	(1) Normal termination (return value 0)
		Usr 0 00:00:22, Sys 0 00:00:03  -  Run Remote Usage
		Usr 0 00:00:00, Sys 0 00:00:00  -  Run Local Usage
		Usr 0 00:00:22, Sys 0 00:00:03  -  Total Remote Usage
		Usr 0 00:00:00, Sys 0 00:00:00  -  Total Local Usage
	18532  -  Run Bytes Sent By Job
	0  -  Run Bytes Received By Job
	18532  -  Total Bytes Sent By Job
	0  -  Total Bytes Received By Job
	Partitionable Resources :    Usage  Request Allocated 
	   Cpus                 :     0.04        1         1 
	   Disk (KB)            :    97           2    312194 
	   Memory (MB)          :  1308        2048      2048 

	Job terminated of its own accord at 2023-12-14T10:32:18Z with exit-code 0.
...
