000 (1972208.000.000) 2023-12-14 02:17:42 Job submitted from host: <172.24.33.226:11547?addrs=172.24.33.226-11547&alias=sdfrome002.sdf.slac.stanford.edu>
    DAG Node: 05184eb9-1946-45b5-840c-664d1e18c77e_ptcIsr_2023111300465_23
...
040 (1972208.000.000) 2023-12-14 02:27:11 Finished transferring input files
...
001 (1972208.000.000) 2023-12-14 02:27:11 Job executing on host: <172.24.33.213:43829?CCBID=172.24.33.225:9618%3faddrs%3d172.24.33.225-9618%26alias%3dsdfrome001.sdf.slac.stanford.edu#6220038&PrivNet=sdfrome022.sdf.slac.stanford.edu&addrs=172.24.33.213-43829&alias=sdfrome022.sdf.slac.stanford.edu>
	SlotName: slot_abrought_31850_1_20@sdfrome022.sdf.slac.stanford.edu
...
006 (1972208.000.000) 2023-12-14 02:27:20 Image size of job updated: 337044
	125  -  MemoryUsage of job (MB)
	127100  -  ResidentSetSize of job (KB)
...
006 (1972208.000.000) 2023-12-14 02:27:56 Image size of job updated: 2130860
	644  -  MemoryUsage of job (MB)
	658724  -  ResidentSetSize of job (KB)
...
040 (1972208.000.000) 2023-12-14 02:27:56 Started transferring output files
...
040 (1972208.000.000) 2023-12-14 02:27:56 Finished transferring output files
...
005 (1972208.000.000) 2023-12-14 02:27:56 Job terminated.
	(1) Normal termination (return value 0)
		Usr 0 00:00:23, Sys 0 00:00:03  -  Run Remote Usage
		Usr 0 00:00:00, Sys 0 00:00:00  -  Run Local Usage
		Usr 0 00:00:23, Sys 0 00:00:03  -  Total Remote Usage
		Usr 0 00:00:00, Sys 0 00:00:00  -  Total Local Usage
	18801  -  Run Bytes Sent By Job
	0  -  Run Bytes Received By Job
	18801  -  Total Bytes Sent By Job
	0  -  Total Bytes Received By Job
	Partitionable Resources :    Usage  Request Allocated 
	   Cpus                 :                 1         1 
	   Disk (KB)            :       90        2    312194 
	   Memory (MB)          :      644     2048      2048 

	Job terminated of its own accord at 2023-12-14T10:27:56Z with exit-code 0.
...
