000 (1973220.000.000) 2023-12-14 02:17:54 Job submitted from host: <172.24.33.226:11547?addrs=172.24.33.226-11547&alias=sdfrome002.sdf.slac.stanford.edu>
    DAG Node: e8a8c04b-0609-4399-847f-7cc49728ba5c_ptcIsr_2023111300042_23
...
040 (1973220.000.000) 2023-12-14 02:30:05 Finished transferring input files
...
001 (1973220.000.000) 2023-12-14 02:30:05 Job executing on host: <172.24.33.213:41467?CCBID=172.24.33.225:9618%3faddrs%3d172.24.33.225-9618%26alias%3dsdfrome001.sdf.slac.stanford.edu#6220037&PrivNet=sdfrome022.sdf.slac.stanford.edu&addrs=172.24.33.213-41467&alias=sdfrome022.sdf.slac.stanford.edu>
	SlotName: slot_abrought_435_1_5@sdfrome022.sdf.slac.stanford.edu
...
006 (1973220.000.000) 2023-12-14 02:30:14 Image size of job updated: 289616
	82  -  MemoryUsage of job (MB)
	83420  -  ResidentSetSize of job (KB)
...
006 (1973220.000.000) 2023-12-14 02:31:02 Image size of job updated: 2136804
	1329  -  MemoryUsage of job (MB)
	1359916  -  ResidentSetSize of job (KB)
...
040 (1973220.000.000) 2023-12-14 02:31:02 Started transferring output files
...
040 (1973220.000.000) 2023-12-14 02:31:02 Finished transferring output files
...
005 (1973220.000.000) 2023-12-14 02:31:02 Job terminated.
	(1) Normal termination (return value 0)
		Usr 0 00:00:18, Sys 0 00:00:03  -  Run Remote Usage
		Usr 0 00:00:00, Sys 0 00:00:00  -  Run Local Usage
		Usr 0 00:00:18, Sys 0 00:00:03  -  Total Remote Usage
		Usr 0 00:00:00, Sys 0 00:00:00  -  Total Local Usage
	19072  -  Run Bytes Sent By Job
	0  -  Run Bytes Received By Job
	19072  -  Total Bytes Sent By Job
	0  -  Total Bytes Received By Job
	Partitionable Resources :    Usage  Request Allocated 
	   Cpus                 :                 1         1 
	   Disk (KB)            :       91        2    312194 
	   Memory (MB)          :     1329     2048      2048 

	Job terminated of its own accord at 2023-12-14T10:31:02Z with exit-code 0.
...
