000 (1969791.000.000) 2023-12-14 02:17:12 Job submitted from host: <172.24.33.226:11547?addrs=172.24.33.226-11547&alias=sdfrome002.sdf.slac.stanford.edu>
    DAG Node: dac5b2f4-30b6-48a5-a901-99bbef1e83a2_ptcIsr_2023111300944_23
...
040 (1969791.000.000) 2023-12-14 02:20:10 Finished transferring input files
...
001 (1969791.000.000) 2023-12-14 02:20:10 Job executing on host: <172.24.33.124:39697?CCBID=172.24.33.225:9618%3faddrs%3d172.24.33.225-9618%26alias%3dsdfrome001.sdf.slac.stanford.edu#6220015&PrivNet=sdfrome059.sdf.slac.stanford.edu&addrs=172.24.33.124-39697&alias=sdfrome059.sdf.slac.stanford.edu>
	SlotName: slot_abrought_7836_1_5@sdfrome059.sdf.slac.stanford.edu
...
006 (1969791.000.000) 2023-12-14 02:20:18 Image size of job updated: 264500
	58  -  MemoryUsage of job (MB)
	59292  -  ResidentSetSize of job (KB)
...
006 (1969791.000.000) 2023-12-14 02:21:16 Image size of job updated: 2260996
	58  -  MemoryUsage of job (MB)
	59292  -  ResidentSetSize of job (KB)
...
040 (1969791.000.000) 2023-12-14 02:21:16 Started transferring output files
...
040 (1969791.000.000) 2023-12-14 02:21:16 Finished transferring output files
...
005 (1969791.000.000) 2023-12-14 02:21:17 Job terminated.
	(1) Normal termination (return value 0)
		Usr 0 00:00:23, Sys 0 00:00:11  -  Run Remote Usage
		Usr 0 00:00:00, Sys 0 00:00:00  -  Run Local Usage
		Usr 0 00:00:23, Sys 0 00:00:11  -  Total Remote Usage
		Usr 0 00:00:00, Sys 0 00:00:00  -  Total Local Usage
	19072  -  Run Bytes Sent By Job
	0  -  Run Bytes Received By Job
	19072  -  Total Bytes Sent By Job
	0  -  Total Bytes Received By Job
	Partitionable Resources :    Usage  Request Allocated 
	   Cpus                 :                 1         1 
	   Disk (KB)            :       90        2    312194 
	   Memory (MB)          :       58     2048      2048 

	Job terminated of its own accord at 2023-12-14T10:21:16Z with exit-code 0.
...
