000 (1972204.000.000) 2023-12-14 02:17:42 Job submitted from host: <172.24.33.226:11547?addrs=172.24.33.226-11547&alias=sdfrome002.sdf.slac.stanford.edu>
    DAG Node: 5a9a1caf-a286-4720-9e63-a7feda9debff_ptcIsr_2023111300476_23
...
040 (1972204.000.000) 2023-12-14 02:27:13 Finished transferring input files
...
001 (1972204.000.000) 2023-12-14 02:27:13 Job executing on host: <172.24.48.186:33679?CCBID=172.24.33.225:9618%3faddrs%3d172.24.33.225-9618%26alias%3dsdfrome001.sdf.slac.stanford.edu#6219700&PrivNet=sdfmilan114.sdf.slac.stanford.edu&addrs=172.24.48.186-33679&alias=sdfmilan114.sdf.slac.stanford.edu>
	SlotName: slot_abrought_14493_1_5@sdfmilan114.sdf.slac.stanford.edu
...
006 (1972204.000.000) 2023-12-14 02:27:21 Image size of job updated: 69764
	28  -  MemoryUsage of job (MB)
	27736  -  ResidentSetSize of job (KB)
...
006 (1972204.000.000) 2023-12-14 02:28:13 Image size of job updated: 2134764
	635  -  MemoryUsage of job (MB)
	649916  -  ResidentSetSize of job (KB)
...
040 (1972204.000.000) 2023-12-14 02:28:13 Started transferring output files
...
040 (1972204.000.000) 2023-12-14 02:28:13 Finished transferring output files
...
005 (1972204.000.000) 2023-12-14 02:28:13 Job terminated.
	(1) Normal termination (return value 0)
		Usr 0 00:00:21, Sys 0 00:00:03  -  Run Remote Usage
		Usr 0 00:00:00, Sys 0 00:00:00  -  Run Local Usage
		Usr 0 00:00:21, Sys 0 00:00:03  -  Total Remote Usage
		Usr 0 00:00:00, Sys 0 00:00:00  -  Total Local Usage
	19072  -  Run Bytes Sent By Job
	0  -  Run Bytes Received By Job
	19072  -  Total Bytes Sent By Job
	0  -  Total Bytes Received By Job
	Partitionable Resources :    Usage  Request Allocated 
	   Cpus                 :                 1         1 
	   Disk (KB)            :       91        2    312193 
	   Memory (MB)          :      635     2048      2048 

	Job terminated of its own accord at 2023-12-14T10:28:13Z with exit-code 0.
...
