000 (1972953.000.000) 2023-12-14 02:17:50 Job submitted from host: <172.24.33.226:11547?addrs=172.24.33.226-11547&alias=sdfrome002.sdf.slac.stanford.edu>
    DAG Node: 36e3a29b-6f0d-44cc-aaac-ae4d718ba028_ptcIsr_2023111101332_23
...
040 (1972953.000.000) 2023-12-14 02:29:28 Finished transferring input files
...
001 (1972953.000.000) 2023-12-14 02:29:28 Job executing on host: <172.24.33.213:33037?CCBID=172.24.33.225:9618%3faddrs%3d172.24.33.225-9618%26alias%3dsdfrome001.sdf.slac.stanford.edu#6220039&PrivNet=sdfrome022.sdf.slac.stanford.edu&addrs=172.24.33.213-33037&alias=sdfrome022.sdf.slac.stanford.edu>
	SlotName: slot_abrought_15721_1_22@sdfrome022.sdf.slac.stanford.edu
...
006 (1972953.000.000) 2023-12-14 02:29:38 Image size of job updated: 280760
	74  -  MemoryUsage of job (MB)
	74932  -  ResidentSetSize of job (KB)
...
006 (1972953.000.000) 2023-12-14 02:30:30 Image size of job updated: 2053724
	74  -  MemoryUsage of job (MB)
	74932  -  ResidentSetSize of job (KB)
...
040 (1972953.000.000) 2023-12-14 02:30:31 Started transferring output files
...
040 (1972953.000.000) 2023-12-14 02:30:31 Finished transferring output files
...
005 (1972953.000.000) 2023-12-14 02:30:31 Job terminated.
	(1) Normal termination (return value 0)
		Usr 0 00:00:20, Sys 0 00:00:04  -  Run Remote Usage
		Usr 0 00:00:00, Sys 0 00:00:00  -  Run Local Usage
		Usr 0 00:00:20, Sys 0 00:00:04  -  Total Remote Usage
		Usr 0 00:00:00, Sys 0 00:00:00  -  Total Local Usage
	19073  -  Run Bytes Sent By Job
	0  -  Run Bytes Received By Job
	19073  -  Total Bytes Sent By Job
	0  -  Total Bytes Received By Job
	Partitionable Resources :    Usage  Request Allocated 
	   Cpus                 :                 1         1 
	   Disk (KB)            :       91        2    312194 
	   Memory (MB)          :       74     2048      2048 

	Job terminated of its own accord at 2023-12-14T10:30:30Z with exit-code 0.
...
