000 (1971509.000.000) 2023-12-14 02:17:35 Job submitted from host: <172.24.33.226:11547?addrs=172.24.33.226-11547&alias=sdfrome002.sdf.slac.stanford.edu>
    DAG Node: c5b9c6f8-ed7e-4ccc-8c43-7a2786af8d74_ptcIsr_2023111201743_23
...
040 (1971509.000.000) 2023-12-14 02:25:14 Finished transferring input files
...
001 (1971509.000.000) 2023-12-14 02:25:14 Job executing on host: <172.24.48.186:33679?CCBID=172.24.33.225:9618%3faddrs%3d172.24.33.225-9618%26alias%3dsdfrome001.sdf.slac.stanford.edu#6219700&PrivNet=sdfmilan114.sdf.slac.stanford.edu&addrs=172.24.48.186-33679&alias=sdfmilan114.sdf.slac.stanford.edu>
	SlotName: slot_abrought_14493_1_5@sdfmilan114.sdf.slac.stanford.edu
...
006 (1971509.000.000) 2023-12-14 02:25:23 Image size of job updated: 277232
	71  -  MemoryUsage of job (MB)
	71740  -  ResidentSetSize of job (KB)
...
006 (1971509.000.000) 2023-12-14 02:26:08 Image size of job updated: 2024500
	71  -  MemoryUsage of job (MB)
	71740  -  ResidentSetSize of job (KB)
...
040 (1971509.000.000) 2023-12-14 02:26:08 Started transferring output files
...
040 (1971509.000.000) 2023-12-14 02:26:08 Finished transferring output files
...
005 (1971509.000.000) 2023-12-14 02:26:08 Job terminated.
	(1) Normal termination (return value 0)
		Usr 0 00:00:23, Sys 0 00:00:03  -  Run Remote Usage
		Usr 0 00:00:00, Sys 0 00:00:00  -  Run Local Usage
		Usr 0 00:00:23, Sys 0 00:00:03  -  Total Remote Usage
		Usr 0 00:00:00, Sys 0 00:00:00  -  Total Local Usage
	18532  -  Run Bytes Sent By Job
	0  -  Run Bytes Received By Job
	18532  -  Total Bytes Sent By Job
	0  -  Total Bytes Received By Job
	Partitionable Resources :    Usage  Request Allocated 
	   Cpus                 :                 1         1 
	   Disk (KB)            :       90        2    312193 
	   Memory (MB)          :       71     2048      2048 

	Job terminated of its own accord at 2023-12-14T10:26:08Z with exit-code 0.
...
