000 (1971339.000.000) 2023-12-14 02:17:31 Job submitted from host: <172.24.33.226:11547?addrs=172.24.33.226-11547&alias=sdfrome002.sdf.slac.stanford.edu>
    DAG Node: 67c77320-48f4-4957-ac6e-99c2b4202863_ptcIsr_2023111101551_23
...
040 (1971339.000.000) 2023-12-14 02:24:46 Finished transferring input files
...
001 (1971339.000.000) 2023-12-14 02:24:46 Job executing on host: <172.24.33.213:33037?CCBID=172.24.33.225:9618%3faddrs%3d172.24.33.225-9618%26alias%3dsdfrome001.sdf.slac.stanford.edu#6220039&PrivNet=sdfrome022.sdf.slac.stanford.edu&addrs=172.24.33.213-33037&alias=sdfrome022.sdf.slac.stanford.edu>
	SlotName: slot_abrought_15721_1_19@sdfrome022.sdf.slac.stanford.edu
...
006 (1971339.000.000) 2023-12-14 02:24:55 Image size of job updated: 283200
	75  -  MemoryUsage of job (MB)
	76556  -  ResidentSetSize of job (KB)
...
006 (1971339.000.000) 2023-12-14 02:26:00 Image size of job updated: 2099244
	622  -  MemoryUsage of job (MB)
	636712  -  ResidentSetSize of job (KB)
...
040 (1971339.000.000) 2023-12-14 02:26:00 Started transferring output files
...
040 (1971339.000.000) 2023-12-14 02:26:00 Finished transferring output files
...
005 (1971339.000.000) 2023-12-14 02:26:01 Job terminated.
	(1) Normal termination (return value 0)
		Usr 0 00:00:21, Sys 0 00:00:03  -  Run Remote Usage
		Usr 0 00:00:00, Sys 0 00:00:00  -  Run Local Usage
		Usr 0 00:00:21, Sys 0 00:00:03  -  Total Remote Usage
		Usr 0 00:00:00, Sys 0 00:00:00  -  Total Local Usage
	19075  -  Run Bytes Sent By Job
	0  -  Run Bytes Received By Job
	19075  -  Total Bytes Sent By Job
	0  -  Total Bytes Received By Job
	Partitionable Resources :    Usage  Request Allocated 
	   Cpus                 :                 1         1 
	   Disk (KB)            :       91        2    312194 
	   Memory (MB)          :      622     2048      2048 

	Job terminated of its own accord at 2023-12-14T10:26:00Z with exit-code 0.
...
