000 (1972895.000.000) 2023-12-14 02:17:49 Job submitted from host: <172.24.33.226:11547?addrs=172.24.33.226-11547&alias=sdfrome002.sdf.slac.stanford.edu>
    DAG Node: 95f78dff-b600-42ed-9399-dc741c11a6d8_ptcIsr_2023111101171_23
...
040 (1972895.000.000) 2023-12-14 02:29:24 Finished transferring input files
...
001 (1972895.000.000) 2023-12-14 02:29:24 Job executing on host: <172.24.33.124:33703?CCBID=172.24.33.225:9618%3faddrs%3d172.24.33.225-9618%26alias%3dsdfrome001.sdf.slac.stanford.edu#6220014&PrivNet=sdfrome059.sdf.slac.stanford.edu&addrs=172.24.33.124-33703&alias=sdfrome059.sdf.slac.stanford.edu>
	SlotName: slot_abrought_11420_1_16@sdfrome059.sdf.slac.stanford.edu
...
006 (1972895.000.000) 2023-12-14 02:29:34 Image size of job updated: 69764
	25  -  MemoryUsage of job (MB)
	25264  -  ResidentSetSize of job (KB)
...
006 (1972895.000.000) 2023-12-14 02:33:55 Image size of job updated: 2034844
	615  -  MemoryUsage of job (MB)
	628760  -  ResidentSetSize of job (KB)
...
040 (1972895.000.000) 2023-12-14 02:33:55 Started transferring output files
...
040 (1972895.000.000) 2023-12-14 02:33:55 Finished transferring output files
...
005 (1972895.000.000) 2023-12-14 02:33:56 Job terminated.
	(1) Normal termination (return value 0)
		Usr 0 00:00:20, Sys 0 00:00:04  -  Run Remote Usage
		Usr 0 00:00:00, Sys 0 00:00:00  -  Run Local Usage
		Usr 0 00:00:20, Sys 0 00:00:04  -  Total Remote Usage
		Usr 0 00:00:00, Sys 0 00:00:00  -  Total Local Usage
	18533  -  Run Bytes Sent By Job
	0  -  Run Bytes Received By Job
	18533  -  Total Bytes Sent By Job
	0  -  Total Bytes Received By Job
	Partitionable Resources :    Usage  Request Allocated 
	   Cpus                 :                 1         1 
	   Disk (KB)            :       90        2    312194 
	   Memory (MB)          :      615     2048      2048 

	Job terminated of its own accord at 2023-12-14T10:33:55Z with exit-code 0.
...
