000 (1972912.000.000) 2023-12-14 02:17:49 Job submitted from host: <172.24.33.226:11547?addrs=172.24.33.226-11547&alias=sdfrome002.sdf.slac.stanford.edu>
    DAG Node: 543d627d-5a3d-48e5-a227-6797e7ec3015_ptcIsr_2023111200099_23
...
040 (1972912.000.000) 2023-12-14 02:29:22 Finished transferring input files
...
001 (1972912.000.000) 2023-12-14 02:29:22 Job executing on host: <172.24.33.147:42953?CCBID=172.24.33.225:9618%3faddrs%3d172.24.33.225-9618%26alias%3dsdfrome001.sdf.slac.stanford.edu#6219703&PrivNet=sdfrome082.sdf.slac.stanford.edu&addrs=172.24.33.147-42953&alias=sdfrome082.sdf.slac.stanford.edu>
	SlotName: slot_abrought_48_1_19@sdfrome082.sdf.slac.stanford.edu
...
006 (1972912.000.000) 2023-12-14 02:29:31 Image size of job updated: 289780
	83  -  MemoryUsage of job (MB)
	84204  -  ResidentSetSize of job (KB)
...
006 (1972912.000.000) 2023-12-14 02:30:15 Image size of job updated: 2057196
	83  -  MemoryUsage of job (MB)
	84204  -  ResidentSetSize of job (KB)
...
040 (1972912.000.000) 2023-12-14 02:30:15 Started transferring output files
...
040 (1972912.000.000) 2023-12-14 02:30:15 Finished transferring output files
...
005 (1972912.000.000) 2023-12-14 02:30:15 Job terminated.
	(1) Normal termination (return value 0)
		Usr 0 00:00:21, Sys 0 00:00:03  -  Run Remote Usage
		Usr 0 00:00:00, Sys 0 00:00:00  -  Run Local Usage
		Usr 0 00:00:21, Sys 0 00:00:03  -  Total Remote Usage
		Usr 0 00:00:00, Sys 0 00:00:00  -  Total Local Usage
	19073  -  Run Bytes Sent By Job
	0  -  Run Bytes Received By Job
	19073  -  Total Bytes Sent By Job
	0  -  Total Bytes Received By Job
	Partitionable Resources :    Usage  Request Allocated 
	   Cpus                 :                 1         1 
	   Disk (KB)            :       91        2    312116 
	   Memory (MB)          :       83     2048      2048 

	Job terminated of its own accord at 2023-12-14T10:30:15Z with exit-code 0.
...
