000 (1973264.000.000) 2023-12-14 02:17:54 Job submitted from host: <172.24.33.226:11547?addrs=172.24.33.226-11547&alias=sdfrome002.sdf.slac.stanford.edu>
    DAG Node: 6aec236c-fbf0-44af-bdd0-70a376cf722f_ptcIsr_2023111300221_23
...
040 (1973264.000.000) 2023-12-14 02:30:12 Finished transferring input files
...
001 (1973264.000.000) 2023-12-14 02:30:12 Job executing on host: <172.24.33.213:33037?CCBID=172.24.33.225:9618%3faddrs%3d172.24.33.225-9618%26alias%3dsdfrome001.sdf.slac.stanford.edu#6220039&PrivNet=sdfrome022.sdf.slac.stanford.edu&addrs=172.24.33.213-33037&alias=sdfrome022.sdf.slac.stanford.edu>
	SlotName: slot_abrought_15721_1_8@sdfrome022.sdf.slac.stanford.edu
...
006 (1973264.000.000) 2023-12-14 02:30:21 Image size of job updated: 271100
	66  -  MemoryUsage of job (MB)
	66672  -  ResidentSetSize of job (KB)
...
006 (1973264.000.000) 2023-12-14 02:31:23 Image size of job updated: 2037656
	1309  -  MemoryUsage of job (MB)
	1340076  -  ResidentSetSize of job (KB)
...
040 (1973264.000.000) 2023-12-14 02:31:23 Started transferring output files
...
040 (1973264.000.000) 2023-12-14 02:31:23 Finished transferring output files
...
005 (1973264.000.000) 2023-12-14 02:31:23 Job terminated.
	(1) Normal termination (return value 0)
		Usr 0 00:00:14, Sys 0 00:00:02  -  Run Remote Usage
		Usr 0 00:00:00, Sys 0 00:00:00  -  Run Local Usage
		Usr 0 00:00:14, Sys 0 00:00:02  -  Total Remote Usage
		Usr 0 00:00:00, Sys 0 00:00:00  -  Total Local Usage
	18800  -  Run Bytes Sent By Job
	0  -  Run Bytes Received By Job
	18800  -  Total Bytes Sent By Job
	0  -  Total Bytes Received By Job
	Partitionable Resources :    Usage  Request Allocated 
	   Cpus                 :                 1         1 
	   Disk (KB)            :       90        2    312194 
	   Memory (MB)          :     1309     2048      2048 

	Job terminated of its own accord at 2023-12-14T10:31:23Z with exit-code 0.
...
