000 (1972187.000.000) 2023-12-14 02:17:42 Job submitted from host: <172.24.33.226:11547?addrs=172.24.33.226-11547&alias=sdfrome002.sdf.slac.stanford.edu>
    DAG Node: ff3c14d6-08e4-45bb-a25b-1f5da74b6f94_ptcIsr_2023111202801_23
...
040 (1972187.000.000) 2023-12-14 02:27:08 Finished transferring input files
...
001 (1972187.000.000) 2023-12-14 02:27:08 Job executing on host: <172.24.33.143:42517?CCBID=172.24.33.225:9618%3faddrs%3d172.24.33.225-9618%26alias%3dsdfrome001.sdf.slac.stanford.edu#6220496&PrivNet=sdfrome078.sdf.slac.stanford.edu&addrs=172.24.33.143-42517&alias=sdfrome078.sdf.slac.stanford.edu>
	SlotName: slot_abrought_19079_1_13@sdfrome078.sdf.slac.stanford.edu
...
006 (1972187.000.000) 2023-12-14 02:27:17 Image size of job updated: 292296
	85  -  MemoryUsage of job (MB)
	86576  -  ResidentSetSize of job (KB)
...
006 (1972187.000.000) 2023-12-14 02:27:53 Image size of job updated: 2020364
	623  -  MemoryUsage of job (MB)
	636988  -  ResidentSetSize of job (KB)
...
040 (1972187.000.000) 2023-12-14 02:27:54 Started transferring output files
...
040 (1972187.000.000) 2023-12-14 02:27:54 Finished transferring output files
...
005 (1972187.000.000) 2023-12-14 02:27:54 Job terminated.
	(1) Normal termination (return value 0)
		Usr 0 00:00:20, Sys 0 00:00:04  -  Run Remote Usage
		Usr 0 00:00:00, Sys 0 00:00:00  -  Run Local Usage
		Usr 0 00:00:20, Sys 0 00:00:04  -  Total Remote Usage
		Usr 0 00:00:00, Sys 0 00:00:00  -  Total Local Usage
	18975  -  Run Bytes Sent By Job
	0  -  Run Bytes Received By Job
	18975  -  Total Bytes Sent By Job
	0  -  Total Bytes Received By Job
	Partitionable Resources :    Usage  Request Allocated 
	   Cpus                 :                 1         1 
	   Disk (KB)            :       91        2    312194 
	   Memory (MB)          :      623     2048      2048 

	Job terminated of its own accord at 2023-12-14T10:27:53Z with exit-code 0.
...
