000 (1971784.000.000) 2023-12-14 02:17:37 Job submitted from host: <172.24.33.226:11547?addrs=172.24.33.226-11547&alias=sdfrome002.sdf.slac.stanford.edu>
    DAG Node: 4b0f1135-f968-401a-a452-46d831c1c3c7_ptcIsr_2023111300264_23
...
040 (1971784.000.000) 2023-12-14 02:25:58 Finished transferring input files
...
001 (1971784.000.000) 2023-12-14 02:25:58 Job executing on host: <172.24.33.124:39661?CCBID=172.24.33.225:9618%3faddrs%3d172.24.33.225-9618%26alias%3dsdfrome001.sdf.slac.stanford.edu#6220018&PrivNet=sdfrome059.sdf.slac.stanford.edu&addrs=172.24.33.124-39661&alias=sdfrome059.sdf.slac.stanford.edu>
	SlotName: slot_abrought_25802_1_8@sdfrome059.sdf.slac.stanford.edu
...
006 (1971784.000.000) 2023-12-14 02:26:07 Image size of job updated: 463412
	208  -  MemoryUsage of job (MB)
	212212  -  ResidentSetSize of job (KB)
...
006 (1971784.000.000) 2023-12-14 02:26:43 Image size of job updated: 2194328
	616  -  MemoryUsage of job (MB)
	630152  -  ResidentSetSize of job (KB)
...
040 (1971784.000.000) 2023-12-14 02:26:43 Started transferring output files
...
040 (1971784.000.000) 2023-12-14 02:26:43 Finished transferring output files
...
005 (1971784.000.000) 2023-12-14 02:26:43 Job terminated.
	(1) Normal termination (return value 0)
		Usr 0 00:00:24, Sys 0 00:00:04  -  Run Remote Usage
		Usr 0 00:00:00, Sys 0 00:00:00  -  Run Local Usage
		Usr 0 00:00:24, Sys 0 00:00:04  -  Total Remote Usage
		Usr 0 00:00:00, Sys 0 00:00:00  -  Total Local Usage
	18802  -  Run Bytes Sent By Job
	0  -  Run Bytes Received By Job
	18802  -  Total Bytes Sent By Job
	0  -  Total Bytes Received By Job
	Partitionable Resources :    Usage  Request Allocated 
	   Cpus                 :                 1         1 
	   Disk (KB)            :       90        2    312194 
	   Memory (MB)          :      616     2048      2048 

	Job terminated of its own accord at 2023-12-14T10:26:43Z with exit-code 0.
...
