000 (1969483.000.000) 2023-12-14 02:17:10 Job submitted from host: <172.24.33.226:11547?addrs=172.24.33.226-11547&alias=sdfrome002.sdf.slac.stanford.edu>
    DAG Node: b343cfab-ef74-4214-8ed1-906db3276f50_ptcIsr_2023111202639_23
...
040 (1969483.000.000) 2023-12-14 02:18:00 Finished transferring input files
...
001 (1969483.000.000) 2023-12-14 02:18:00 Job executing on host: <172.24.48.193:46283?CCBID=172.24.33.225:9618%3faddrs%3d172.24.33.225-9618%26alias%3dsdfrome001.sdf.slac.stanford.edu#6219697&PrivNet=sdfmilan121.sdf.slac.stanford.edu&addrs=172.24.48.193-46283&alias=sdfmilan121.sdf.slac.stanford.edu>
	SlotName: slot_abrought_10210_1_8@sdfmilan121.sdf.slac.stanford.edu
...
006 (1969483.000.000) 2023-12-14 02:18:10 Image size of job updated: 292288
	84  -  MemoryUsage of job (MB)
	85672  -  ResidentSetSize of job (KB)
...
006 (1969483.000.000) 2023-12-14 02:18:55 Image size of job updated: 2238576
	650  -  MemoryUsage of job (MB)
	664672  -  ResidentSetSize of job (KB)
...
040 (1969483.000.000) 2023-12-14 02:18:55 Started transferring output files
...
040 (1969483.000.000) 2023-12-14 02:18:55 Finished transferring output files
...
005 (1969483.000.000) 2023-12-14 02:18:55 Job terminated.
	(1) Normal termination (return value 0)
		Usr 0 00:00:23, Sys 0 00:00:04  -  Run Remote Usage
		Usr 0 00:00:00, Sys 0 00:00:00  -  Run Local Usage
		Usr 0 00:00:23, Sys 0 00:00:04  -  Total Remote Usage
		Usr 0 00:00:00, Sys 0 00:00:00  -  Total Local Usage
	18803  -  Run Bytes Sent By Job
	0  -  Run Bytes Received By Job
	18803  -  Total Bytes Sent By Job
	0  -  Total Bytes Received By Job
	Partitionable Resources :    Usage  Request Allocated 
	   Cpus                 :                 1         1 
	   Disk (KB)            :       90        2    311595 
	   Memory (MB)          :      650     2048      2048 

	Job terminated of its own accord at 2023-12-14T10:18:55Z with exit-code 0.
...
