000 (1971835.000.000) 2023-12-14 02:17:37 Job submitted from host: <172.24.33.226:11547?addrs=172.24.33.226-11547&alias=sdfrome002.sdf.slac.stanford.edu>
    DAG Node: eb4bacd1-5990-40cb-82dd-4406bf046e3b_ptcIsr_2023111300983_23
...
040 (1971835.000.000) 2023-12-14 02:26:08 Finished transferring input files
...
001 (1971835.000.000) 2023-12-14 02:26:08 Job executing on host: <172.24.33.143:37205?CCBID=172.24.33.225:9618%3faddrs%3d172.24.33.225-9618%26alias%3dsdfrome001.sdf.slac.stanford.edu#6220499&PrivNet=sdfrome078.sdf.slac.stanford.edu&addrs=172.24.33.143-37205&alias=sdfrome078.sdf.slac.stanford.edu>
	SlotName: slot_abrought_7348_1_5@sdfrome078.sdf.slac.stanford.edu
...
006 (1971835.000.000) 2023-12-14 02:26:16 Image size of job updated: 308840
	99  -  MemoryUsage of job (MB)
	100796  -  ResidentSetSize of job (KB)
...
006 (1971835.000.000) 2023-12-14 02:27:07 Image size of job updated: 2154408
	105  -  MemoryUsage of job (MB)
	106840  -  ResidentSetSize of job (KB)
...
040 (1971835.000.000) 2023-12-14 02:27:07 Started transferring output files
...
040 (1971835.000.000) 2023-12-14 02:27:07 Finished transferring output files
...
005 (1971835.000.000) 2023-12-14 02:27:07 Job terminated.
	(1) Normal termination (return value 0)
		Usr 0 00:00:23, Sys 0 00:00:03  -  Run Remote Usage
		Usr 0 00:00:00, Sys 0 00:00:00  -  Run Local Usage
		Usr 0 00:00:23, Sys 0 00:00:03  -  Total Remote Usage
		Usr 0 00:00:00, Sys 0 00:00:00  -  Total Local Usage
	19072  -  Run Bytes Sent By Job
	0  -  Run Bytes Received By Job
	19072  -  Total Bytes Sent By Job
	0  -  Total Bytes Received By Job
	Partitionable Resources :    Usage  Request Allocated 
	   Cpus                 :                 1         1 
	   Disk (KB)            :       91        2    312194 
	   Memory (MB)          :      105     2048      2048 

	Job terminated of its own accord at 2023-12-14T10:27:07Z with exit-code 0.
...
