000 (1970157.000.000) 2023-12-14 02:17:18 Job submitted from host: <172.24.33.226:11547?addrs=172.24.33.226-11547&alias=sdfrome002.sdf.slac.stanford.edu>
    DAG Node: adfeb868-400a-4026-bb63-790ab1e12809_ptcIsr_2023111203419_23
...
040 (1970157.000.000) 2023-12-14 02:20:54 Finished transferring input files
...
001 (1970157.000.000) 2023-12-14 02:20:54 Job executing on host: <172.24.33.143:37205?CCBID=172.24.33.225:9618%3faddrs%3d172.24.33.225-9618%26alias%3dsdfrome001.sdf.slac.stanford.edu#6220499&PrivNet=sdfrome078.sdf.slac.stanford.edu&addrs=172.24.33.143-37205&alias=sdfrome078.sdf.slac.stanford.edu>
	SlotName: slot_abrought_7348_1_17@sdfrome078.sdf.slac.stanford.edu
...
006 (1970157.000.000) 2023-12-14 02:21:03 Image size of job updated: 24220
	6  -  MemoryUsage of job (MB)
	5788  -  ResidentSetSize of job (KB)
...
006 (1970157.000.000) 2023-12-14 02:22:18 Image size of job updated: 2292296
	6  -  MemoryUsage of job (MB)
	5788  -  ResidentSetSize of job (KB)
...
040 (1970157.000.000) 2023-12-14 02:22:18 Started transferring output files
...
040 (1970157.000.000) 2023-12-14 02:22:18 Finished transferring output files
...
005 (1970157.000.000) 2023-12-14 02:22:18 Job terminated.
	(1) Normal termination (return value 0)
		Usr 0 00:00:22, Sys 0 00:00:05  -  Run Remote Usage
		Usr 0 00:00:00, Sys 0 00:00:00  -  Run Local Usage
		Usr 0 00:00:22, Sys 0 00:00:05  -  Total Remote Usage
		Usr 0 00:00:00, Sys 0 00:00:00  -  Total Local Usage
	19074  -  Run Bytes Sent By Job
	0  -  Run Bytes Received By Job
	19074  -  Total Bytes Sent By Job
	0  -  Total Bytes Received By Job
	Partitionable Resources :    Usage  Request Allocated 
	   Cpus                 :                 1         1 
	   Disk (KB)            :       90        2    312194 
	   Memory (MB)          :        6     2048      2048 

	Job terminated of its own accord at 2023-12-14T10:22:18Z with exit-code 0.
...
