000 (1970320.000.000) 2023-12-14 02:17:18 Job submitted from host: <172.24.33.226:11547?addrs=172.24.33.226-11547&alias=sdfrome002.sdf.slac.stanford.edu>
    DAG Node: b2aa8022-17d9-4f55-b8b8-4ca70e3e9704_ptcIsr_2023111200128_23
...
040 (1970320.000.000) 2023-12-14 02:21:27 Finished transferring input files
...
001 (1970320.000.000) 2023-12-14 02:21:27 Job executing on host: <172.24.33.213:43829?CCBID=172.24.33.225:9618%3faddrs%3d172.24.33.225-9618%26alias%3dsdfrome001.sdf.slac.stanford.edu#6220038&PrivNet=sdfrome022.sdf.slac.stanford.edu&addrs=172.24.33.213-43829&alias=sdfrome022.sdf.slac.stanford.edu>
	SlotName: slot_abrought_31850_1_3@sdfrome022.sdf.slac.stanford.edu
...
006 (1970320.000.000) 2023-12-14 02:21:36 Image size of job updated: 330588
	117  -  MemoryUsage of job (MB)
	119528  -  ResidentSetSize of job (KB)
...
006 (1970320.000.000) 2023-12-14 02:22:14 Image size of job updated: 2130028
	1418  -  MemoryUsage of job (MB)
	1451136  -  ResidentSetSize of job (KB)
...
040 (1970320.000.000) 2023-12-14 02:22:14 Started transferring output files
...
040 (1970320.000.000) 2023-12-14 02:22:14 Finished transferring output files
...
005 (1970320.000.000) 2023-12-14 02:22:15 Job terminated.
	(1) Normal termination (return value 0)
		Usr 0 00:00:24, Sys 0 00:00:06  -  Run Remote Usage
		Usr 0 00:00:00, Sys 0 00:00:00  -  Run Local Usage
		Usr 0 00:00:24, Sys 0 00:00:06  -  Total Remote Usage
		Usr 0 00:00:00, Sys 0 00:00:00  -  Total Local Usage
	18802  -  Run Bytes Sent By Job
	0  -  Run Bytes Received By Job
	18802  -  Total Bytes Sent By Job
	0  -  Total Bytes Received By Job
	Partitionable Resources :    Usage  Request Allocated 
	   Cpus                 :                 1         1 
	   Disk (KB)            :       90        2    312194 
	   Memory (MB)          :     1418     2048      2048 

	Job terminated of its own accord at 2023-12-14T10:22:13Z with exit-code 0.
...
