000 (1971419.000.000) 2023-12-14 02:17:31 Job submitted from host: <172.24.33.226:11547?addrs=172.24.33.226-11547&alias=sdfrome002.sdf.slac.stanford.edu>
    DAG Node: 61a7e948-0e2c-4b6e-bb3b-64b4440f50ac_ptcIsr_2023111201164_23
...
040 (1971419.000.000) 2023-12-14 02:25:01 Finished transferring input files
...
001 (1971419.000.000) 2023-12-14 02:25:01 Job executing on host: <172.24.48.185:41489?CCBID=172.24.33.225:9618%3faddrs%3d172.24.33.225-9618%26alias%3dsdfrome001.sdf.slac.stanford.edu#6219699&PrivNet=sdfmilan113.sdf.slac.stanford.edu&addrs=172.24.48.185-41489&alias=sdfmilan113.sdf.slac.stanford.edu>
	SlotName: slot_abrought_18623_1_7@sdfmilan113.sdf.slac.stanford.edu
...
006 (1971419.000.000) 2023-12-14 02:25:10 Image size of job updated: 6300
	1  -  MemoryUsage of job (MB)
	60  -  ResidentSetSize of job (KB)
...
006 (1971419.000.000) 2023-12-14 02:26:14 Image size of job updated: 2000768
	1309  -  MemoryUsage of job (MB)
	1340196  -  ResidentSetSize of job (KB)
...
040 (1971419.000.000) 2023-12-14 02:26:14 Started transferring output files
...
040 (1971419.000.000) 2023-12-14 02:26:14 Finished transferring output files
...
005 (1971419.000.000) 2023-12-14 02:26:14 Job terminated.
	(1) Normal termination (return value 0)
		Usr 0 00:00:22, Sys 0 00:00:03  -  Run Remote Usage
		Usr 0 00:00:00, Sys 0 00:00:00  -  Run Local Usage
		Usr 0 00:00:22, Sys 0 00:00:03  -  Total Remote Usage
		Usr 0 00:00:00, Sys 0 00:00:00  -  Total Local Usage
	18532  -  Run Bytes Sent By Job
	0  -  Run Bytes Received By Job
	18532  -  Total Bytes Sent By Job
	0  -  Total Bytes Received By Job
	Partitionable Resources :    Usage  Request Allocated 
	   Cpus                 :                 1         1 
	   Disk (KB)            :       90        2    312194 
	   Memory (MB)          :     1309     2048      2048 

	Job terminated of its own accord at 2023-12-14T10:26:14Z with exit-code 0.
...
