000 (1971392.000.000) 2023-12-14 02:17:31 Job submitted from host: <172.24.33.226:11547?addrs=172.24.33.226-11547&alias=sdfrome002.sdf.slac.stanford.edu>
    DAG Node: 24de1083-12ee-47cc-a739-76616412d586_ptcIsr_2023111300044_23
...
040 (1971392.000.000) 2023-12-14 02:24:54 Finished transferring input files
...
001 (1971392.000.000) 2023-12-14 02:24:54 Job executing on host: <172.24.33.143:42517?CCBID=172.24.33.225:9618%3faddrs%3d172.24.33.225-9618%26alias%3dsdfrome001.sdf.slac.stanford.edu#6220496&PrivNet=sdfrome078.sdf.slac.stanford.edu&addrs=172.24.33.143-42517&alias=sdfrome078.sdf.slac.stanford.edu>
	SlotName: slot_abrought_19079_1_1@sdfrome078.sdf.slac.stanford.edu
...
006 (1971392.000.000) 2023-12-14 02:25:03 Image size of job updated: 279736
	73  -  MemoryUsage of job (MB)
	74328  -  ResidentSetSize of job (KB)
...
006 (1971392.000.000) 2023-12-14 02:25:39 Image size of job updated: 2194796
	1413  -  MemoryUsage of job (MB)
	1446724  -  ResidentSetSize of job (KB)
...
040 (1971392.000.000) 2023-12-14 02:25:39 Started transferring output files
...
040 (1971392.000.000) 2023-12-14 02:25:39 Finished transferring output files
...
005 (1971392.000.000) 2023-12-14 02:25:39 Job terminated.
	(1) Normal termination (return value 0)
		Usr 0 00:00:22, Sys 0 00:00:02  -  Run Remote Usage
		Usr 0 00:00:00, Sys 0 00:00:00  -  Run Local Usage
		Usr 0 00:00:22, Sys 0 00:00:02  -  Total Remote Usage
		Usr 0 00:00:00, Sys 0 00:00:00  -  Total Local Usage
	19072  -  Run Bytes Sent By Job
	0  -  Run Bytes Received By Job
	19072  -  Total Bytes Sent By Job
	0  -  Total Bytes Received By Job
	Partitionable Resources :    Usage  Request Allocated 
	   Cpus                 :                 1         1 
	   Disk (KB)            :       91        2    312194 
	   Memory (MB)          :     1413     2048      2048 

	Job terminated of its own accord at 2023-12-14T10:25:39Z with exit-code 0.
...
