000 (1971955.000.000) 2023-12-14 02:17:38 Job submitted from host: <172.24.33.226:11547?addrs=172.24.33.226-11547&alias=sdfrome002.sdf.slac.stanford.edu>
    DAG Node: f7f79bdd-9032-4daa-aad0-cd0c5b81cfde_ptcIsr_2023111200708_23
...
040 (1971955.000.000) 2023-12-14 02:26:25 Finished transferring input files
...
001 (1971955.000.000) 2023-12-14 02:26:25 Job executing on host: <172.24.33.124:39661?CCBID=172.24.33.225:9618%3faddrs%3d172.24.33.225-9618%26alias%3dsdfrome001.sdf.slac.stanford.edu#6220018&PrivNet=sdfrome059.sdf.slac.stanford.edu&addrs=172.24.33.124-39661&alias=sdfrome059.sdf.slac.stanford.edu>
	SlotName: slot_abrought_25802_1_11@sdfrome059.sdf.slac.stanford.edu
...
006 (1971955.000.000) 2023-12-14 02:26:33 Image size of job updated: 289780
	83  -  MemoryUsage of job (MB)
	84072  -  ResidentSetSize of job (KB)
...
006 (1971955.000.000) 2023-12-14 02:27:08 Image size of job updated: 2176748
	83  -  MemoryUsage of job (MB)
	84072  -  ResidentSetSize of job (KB)
...
040 (1971955.000.000) 2023-12-14 02:27:08 Started transferring output files
...
040 (1971955.000.000) 2023-12-14 02:27:08 Finished transferring output files
...
005 (1971955.000.000) 2023-12-14 02:27:08 Job terminated.
	(1) Normal termination (return value 0)
		Usr 0 00:00:25, Sys 0 00:00:04  -  Run Remote Usage
		Usr 0 00:00:00, Sys 0 00:00:00  -  Run Local Usage
		Usr 0 00:00:25, Sys 0 00:00:04  -  Total Remote Usage
		Usr 0 00:00:00, Sys 0 00:00:00  -  Total Local Usage
	19073  -  Run Bytes Sent By Job
	0  -  Run Bytes Received By Job
	19073  -  Total Bytes Sent By Job
	0  -  Total Bytes Received By Job
	Partitionable Resources :    Usage  Request Allocated 
	   Cpus                 :                 1         1 
	   Disk (KB)            :       91        2    312194 
	   Memory (MB)          :       83     2048      2048 

	Job terminated of its own accord at 2023-12-14T10:27:08Z with exit-code 0.
...
