000 (1971577.000.000) 2023-12-14 02:17:35 Job submitted from host: <172.24.33.226:11547?addrs=172.24.33.226-11547&alias=sdfrome002.sdf.slac.stanford.edu>
    DAG Node: 90aeac9f-7adb-43f3-a687-a18649fb64e6_ptcIsr_2023111202369_23
...
040 (1971577.000.000) 2023-12-14 02:25:26 Finished transferring input files
...
001 (1971577.000.000) 2023-12-14 02:25:26 Job executing on host: <172.24.33.213:41467?CCBID=172.24.33.225:9618%3faddrs%3d172.24.33.225-9618%26alias%3dsdfrome001.sdf.slac.stanford.edu#6220037&PrivNet=sdfrome022.sdf.slac.stanford.edu&addrs=172.24.33.213-41467&alias=sdfrome022.sdf.slac.stanford.edu>
	SlotName: slot_abrought_435_1_11@sdfrome022.sdf.slac.stanford.edu
...
006 (1971577.000.000) 2023-12-14 02:25:35 Image size of job updated: 290936
	83  -  MemoryUsage of job (MB)
	84676  -  ResidentSetSize of job (KB)
...
006 (1971577.000.000) 2023-12-14 02:26:20 Image size of job updated: 2194732
	654  -  MemoryUsage of job (MB)
	669268  -  ResidentSetSize of job (KB)
...
040 (1971577.000.000) 2023-12-14 02:26:20 Started transferring output files
...
040 (1971577.000.000) 2023-12-14 02:26:20 Finished transferring output files
...
005 (1971577.000.000) 2023-12-14 02:26:20 Job terminated.
	(1) Normal termination (return value 0)
		Usr 0 00:00:24, Sys 0 00:00:03  -  Run Remote Usage
		Usr 0 00:00:00, Sys 0 00:00:00  -  Run Local Usage
		Usr 0 00:00:24, Sys 0 00:00:03  -  Total Remote Usage
		Usr 0 00:00:00, Sys 0 00:00:00  -  Total Local Usage
	18801  -  Run Bytes Sent By Job
	0  -  Run Bytes Received By Job
	18801  -  Total Bytes Sent By Job
	0  -  Total Bytes Received By Job
	Partitionable Resources :    Usage  Request Allocated 
	   Cpus                 :                 1         1 
	   Disk (KB)            :       90        2    312194 
	   Memory (MB)          :      654     2048      2048 

	Job terminated of its own accord at 2023-12-14T10:26:20Z with exit-code 0.
...
