000 (1970261.000.000) 2023-12-14 02:17:18 Job submitted from host: <172.24.33.226:11547?addrs=172.24.33.226-11547&alias=sdfrome002.sdf.slac.stanford.edu>
    DAG Node: d997595d-82c7-4f0a-85aa-0a3a31d2d120_ptcIsr_2023111202688_23
...
040 (1970261.000.000) 2023-12-14 02:21:19 Finished transferring input files
...
001 (1970261.000.000) 2023-12-14 02:21:19 Job executing on host: <172.24.33.124:39697?CCBID=172.24.33.225:9618%3faddrs%3d172.24.33.225-9618%26alias%3dsdfrome001.sdf.slac.stanford.edu#6220015&PrivNet=sdfrome059.sdf.slac.stanford.edu&addrs=172.24.33.124-39697&alias=sdfrome059.sdf.slac.stanford.edu>
	SlotName: slot_abrought_7836_1_18@sdfrome059.sdf.slac.stanford.edu
...
006 (1970261.000.000) 2023-12-14 02:21:28 Image size of job updated: 341512
	127  -  MemoryUsage of job (MB)
	129868  -  ResidentSetSize of job (KB)
...
006 (1970261.000.000) 2023-12-14 02:22:10 Image size of job updated: 2063572
	647  -  MemoryUsage of job (MB)
	662264  -  ResidentSetSize of job (KB)
...
040 (1970261.000.000) 2023-12-14 02:22:10 Started transferring output files
...
040 (1970261.000.000) 2023-12-14 02:22:10 Finished transferring output files
...
005 (1970261.000.000) 2023-12-14 02:22:10 Job terminated.
	(1) Normal termination (return value 0)
		Usr 0 00:00:23, Sys 0 00:00:05  -  Run Remote Usage
		Usr 0 00:00:00, Sys 0 00:00:00  -  Run Local Usage
		Usr 0 00:00:23, Sys 0 00:00:05  -  Total Remote Usage
		Usr 0 00:00:00, Sys 0 00:00:00  -  Total Local Usage
	18533  -  Run Bytes Sent By Job
	0  -  Run Bytes Received By Job
	18533  -  Total Bytes Sent By Job
	0  -  Total Bytes Received By Job
	Partitionable Resources :    Usage  Request Allocated 
	   Cpus                 :                 1         1 
	   Disk (KB)            :       90        2    312194 
	   Memory (MB)          :      647     2048      2048 

	Job terminated of its own accord at 2023-12-14T10:22:10Z with exit-code 0.
...
