000 (1970750.000.000) 2023-12-14 02:17:24 Job submitted from host: <172.24.33.226:11547?addrs=172.24.33.226-11547&alias=sdfrome002.sdf.slac.stanford.edu>
    DAG Node: 6f9f9c2e-b9c7-49d7-9411-df879d72ac0c_ptcIsr_2023111200509_23
...
040 (1970750.000.000) 2023-12-14 02:22:58 Finished transferring input files
...
001 (1970750.000.000) 2023-12-14 02:22:58 Job executing on host: <172.24.33.143:42517?CCBID=172.24.33.225:9618%3faddrs%3d172.24.33.225-9618%26alias%3dsdfrome001.sdf.slac.stanford.edu#6220496&PrivNet=sdfrome078.sdf.slac.stanford.edu&addrs=172.24.33.143-42517&alias=sdfrome078.sdf.slac.stanford.edu>
	SlotName: slot_abrought_19079_1_7@sdfrome078.sdf.slac.stanford.edu
...
006 (1970750.000.000) 2023-12-14 02:23:06 Image size of job updated: 25744
	9  -  MemoryUsage of job (MB)
	8536  -  ResidentSetSize of job (KB)
...
006 (1970750.000.000) 2023-12-14 02:24:00 Image size of job updated: 2133356
	627  -  MemoryUsage of job (MB)
	641432  -  ResidentSetSize of job (KB)
...
040 (1970750.000.000) 2023-12-14 02:24:00 Started transferring output files
...
040 (1970750.000.000) 2023-12-14 02:24:00 Finished transferring output files
...
005 (1970750.000.000) 2023-12-14 02:24:00 Job terminated.
	(1) Normal termination (return value 0)
		Usr 0 00:00:32, Sys 0 00:00:08  -  Run Remote Usage
		Usr 0 00:00:00, Sys 0 00:00:00  -  Run Local Usage
		Usr 0 00:00:32, Sys 0 00:00:08  -  Total Remote Usage
		Usr 0 00:00:00, Sys 0 00:00:00  -  Total Local Usage
	19073  -  Run Bytes Sent By Job
	0  -  Run Bytes Received By Job
	19073  -  Total Bytes Sent By Job
	0  -  Total Bytes Received By Job
	Partitionable Resources :    Usage  Request Allocated 
	   Cpus                 :                 1         1 
	   Disk (KB)            :       91        2    312194 
	   Memory (MB)          :      627     2048      2048 

	Job terminated of its own accord at 2023-12-14T10:24:00Z with exit-code 0.
...
