000 (1970288.000.000) 2023-12-14 02:17:18 Job submitted from host: <172.24.33.226:11547?addrs=172.24.33.226-11547&alias=sdfrome002.sdf.slac.stanford.edu>
    DAG Node: e11b1909-1735-4bf0-a3fd-0287e8789198_ptcIsr_2023111102071_23
...
040 (1970288.000.000) 2023-12-14 02:21:23 Finished transferring input files
...
001 (1970288.000.000) 2023-12-14 02:21:23 Job executing on host: <172.24.48.149:38613?CCBID=172.24.33.225:9618%3faddrs%3d172.24.33.225-9618%26alias%3dsdfrome001.sdf.slac.stanford.edu#6219698&PrivNet=sdfmilan049.sdf.slac.stanford.edu&addrs=172.24.48.149-38613&alias=sdfmilan049.sdf.slac.stanford.edu>
	SlotName: slot_abrought_1727_1_7@sdfmilan049.sdf.slac.stanford.edu
...
006 (1970288.000.000) 2023-12-14 02:21:32 Image size of job updated: 287436
	80  -  MemoryUsage of job (MB)
	81724  -  ResidentSetSize of job (KB)
...
006 (1970288.000.000) 2023-12-14 02:22:26 Image size of job updated: 2144516
	618  -  MemoryUsage of job (MB)
	632452  -  ResidentSetSize of job (KB)
...
040 (1970288.000.000) 2023-12-14 02:22:26 Started transferring output files
...
040 (1970288.000.000) 2023-12-14 02:22:26 Finished transferring output files
...
005 (1970288.000.000) 2023-12-14 02:22:26 Job terminated.
	(1) Normal termination (return value 0)
		Usr 0 00:00:21, Sys 0 00:00:02  -  Run Remote Usage
		Usr 0 00:00:00, Sys 0 00:00:00  -  Run Local Usage
		Usr 0 00:00:21, Sys 0 00:00:02  -  Total Remote Usage
		Usr 0 00:00:00, Sys 0 00:00:00  -  Total Local Usage
	18803  -  Run Bytes Sent By Job
	0  -  Run Bytes Received By Job
	18803  -  Total Bytes Sent By Job
	0  -  Total Bytes Received By Job
	Partitionable Resources :    Usage  Request Allocated 
	   Cpus                 :     0.29        1         1 
	   Disk (KB)            :    97           2    312194 
	   Memory (MB)          :   618        2048      2048 

	Job terminated of its own accord at 2023-12-14T10:22:26Z with exit-code 0.
...
