000 (1971682.000.000) 2023-12-14 02:17:36 Job submitted from host: <172.24.33.226:11547?addrs=172.24.33.226-11547&alias=sdfrome002.sdf.slac.stanford.edu>
    DAG Node: defa9b24-ba6e-430e-9126-1a0cca2f0c12_ptcIsr_2023111203629_23
...
040 (1971682.000.000) 2023-12-14 02:25:38 Finished transferring input files
...
001 (1971682.000.000) 2023-12-14 02:25:38 Job executing on host: <172.24.33.143:35625?CCBID=172.24.33.225:9618%3faddrs%3d172.24.33.225-9618%26alias%3dsdfrome001.sdf.slac.stanford.edu#6220497&PrivNet=sdfrome078.sdf.slac.stanford.edu&addrs=172.24.33.143-35625&alias=sdfrome078.sdf.slac.stanford.edu>
	SlotName: slot_abrought_7235_1_10@sdfrome078.sdf.slac.stanford.edu
...
006 (1971682.000.000) 2023-12-14 02:25:48 Image size of job updated: 34412
	18  -  MemoryUsage of job (MB)
	18356  -  ResidentSetSize of job (KB)
...
006 (1971682.000.000) 2023-12-14 02:29:44 Image size of job updated: 2131188
	18  -  MemoryUsage of job (MB)
	18356  -  ResidentSetSize of job (KB)
...
040 (1971682.000.000) 2023-12-14 02:29:44 Started transferring output files
...
040 (1971682.000.000) 2023-12-14 02:29:44 Finished transferring output files
...
005 (1971682.000.000) 2023-12-14 02:29:46 Job terminated.
	(1) Normal termination (return value 0)
		Usr 0 00:00:18, Sys 0 00:00:02  -  Run Remote Usage
		Usr 0 00:00:00, Sys 0 00:00:00  -  Run Local Usage
		Usr 0 00:00:18, Sys 0 00:00:02  -  Total Remote Usage
		Usr 0 00:00:00, Sys 0 00:00:00  -  Total Local Usage
	18804  -  Run Bytes Sent By Job
	0  -  Run Bytes Received By Job
	18804  -  Total Bytes Sent By Job
	0  -  Total Bytes Received By Job
	Partitionable Resources :    Usage  Request Allocated 
	   Cpus                 :     0.07        1         1 
	   Disk (KB)            :    97           2    312194 
	   Memory (MB)          :    18        2048      2048 

	Job terminated of its own accord at 2023-12-14T10:29:44Z with exit-code 0.
...
