000 (1971549.000.000) 2023-12-14 02:17:35 Job submitted from host: <172.24.33.226:11547?addrs=172.24.33.226-11547&alias=sdfrome002.sdf.slac.stanford.edu>
    DAG Node: f50417e5-5a17-4eac-adc9-18b1c399d6c4_ptcIsr_2023111201523_23
...
040 (1971549.000.000) 2023-12-14 02:25:21 Finished transferring input files
...
001 (1971549.000.000) 2023-12-14 02:25:21 Job executing on host: <172.24.48.193:46283?CCBID=172.24.33.225:9618%3faddrs%3d172.24.33.225-9618%26alias%3dsdfrome001.sdf.slac.stanford.edu#6219697&PrivNet=sdfmilan121.sdf.slac.stanford.edu&addrs=172.24.48.193-46283&alias=sdfmilan121.sdf.slac.stanford.edu>
	SlotName: slot_abrought_10210_1_12@sdfmilan121.sdf.slac.stanford.edu
...
006 (1971549.000.000) 2023-12-14 02:25:30 Image size of job updated: 323764
	112  -  MemoryUsage of job (MB)
	113676  -  ResidentSetSize of job (KB)
...
006 (1971549.000.000) 2023-12-14 02:26:16 Image size of job updated: 2123940
	619  -  MemoryUsage of job (MB)
	633000  -  ResidentSetSize of job (KB)
...
040 (1971549.000.000) 2023-12-14 02:26:17 Started transferring output files
...
040 (1971549.000.000) 2023-12-14 02:26:17 Finished transferring output files
...
005 (1971549.000.000) 2023-12-14 02:26:17 Job terminated.
	(1) Normal termination (return value 0)
		Usr 0 00:00:23, Sys 0 00:00:03  -  Run Remote Usage
		Usr 0 00:00:00, Sys 0 00:00:00  -  Run Local Usage
		Usr 0 00:00:23, Sys 0 00:00:03  -  Total Remote Usage
		Usr 0 00:00:00, Sys 0 00:00:00  -  Total Local Usage
	19074  -  Run Bytes Sent By Job
	0  -  Run Bytes Received By Job
	19074  -  Total Bytes Sent By Job
	0  -  Total Bytes Received By Job
	Partitionable Resources :    Usage  Request Allocated 
	   Cpus                 :                 1         1 
	   Disk (KB)            :       91        2    311595 
	   Memory (MB)          :      619     2048      2048 

	Job terminated of its own accord at 2023-12-14T10:26:16Z with exit-code 0.
...
