000 (1971296.000.000) 2023-12-14 02:17:31 Job submitted from host: <172.24.33.226:11547?addrs=172.24.33.226-11547&alias=sdfrome002.sdf.slac.stanford.edu>
    DAG Node: d904b0a3-d002-4a47-9f5d-5e6ec20fe171_ptcIsr_2023111200969_23
...
040 (1971296.000.000) 2023-12-14 02:24:38 Finished transferring input files
...
001 (1971296.000.000) 2023-12-14 02:24:38 Job executing on host: <172.24.33.213:33037?CCBID=172.24.33.225:9618%3faddrs%3d172.24.33.225-9618%26alias%3dsdfrome001.sdf.slac.stanford.edu#6220039&PrivNet=sdfrome022.sdf.slac.stanford.edu&addrs=172.24.33.213-33037&alias=sdfrome022.sdf.slac.stanford.edu>
	SlotName: slot_abrought_15721_1_22@sdfrome022.sdf.slac.stanford.edu
...
006 (1971296.000.000) 2023-12-14 02:24:47 Image size of job updated: 290804
	83  -  MemoryUsage of job (MB)
	84196  -  ResidentSetSize of job (KB)
...
006 (1971296.000.000) 2023-12-14 02:25:49 Image size of job updated: 2175960
	1373  -  MemoryUsage of job (MB)
	1405400  -  ResidentSetSize of job (KB)
...
040 (1971296.000.000) 2023-12-14 02:25:50 Started transferring output files
...
040 (1971296.000.000) 2023-12-14 02:25:50 Finished transferring output files
...
005 (1971296.000.000) 2023-12-14 02:25:50 Job terminated.
	(1) Normal termination (return value 0)
		Usr 0 00:00:17, Sys 0 00:00:02  -  Run Remote Usage
		Usr 0 00:00:00, Sys 0 00:00:00  -  Run Local Usage
		Usr 0 00:00:17, Sys 0 00:00:02  -  Total Remote Usage
		Usr 0 00:00:00, Sys 0 00:00:00  -  Total Local Usage
	19074  -  Run Bytes Sent By Job
	0  -  Run Bytes Received By Job
	19074  -  Total Bytes Sent By Job
	0  -  Total Bytes Received By Job
	Partitionable Resources :    Usage  Request Allocated 
	   Cpus                 :                 1         1 
	   Disk (KB)            :       91        2    312194 
	   Memory (MB)          :     1373     2048      2048 

	Job terminated of its own accord at 2023-12-14T10:25:49Z with exit-code 0.
...
