000 (1971265.000.000) 2023-12-14 02:17:31 Job submitted from host: <172.24.33.226:11547?addrs=172.24.33.226-11547&alias=sdfrome002.sdf.slac.stanford.edu>
    DAG Node: dc11616b-dce9-4eb6-8f92-c0607c3ca5b5_ptcIsr_2023111300329_23
...
040 (1971265.000.000) 2023-12-14 02:24:33 Finished transferring input files
...
001 (1971265.000.000) 2023-12-14 02:24:33 Job executing on host: <172.24.33.147:42953?CCBID=172.24.33.225:9618%3faddrs%3d172.24.33.225-9618%26alias%3dsdfrome001.sdf.slac.stanford.edu#6219703&PrivNet=sdfrome082.sdf.slac.stanford.edu&addrs=172.24.33.147-42953&alias=sdfrome082.sdf.slac.stanford.edu>
	SlotName: slot_abrought_48_1_20@sdfrome082.sdf.slac.stanford.edu
...
006 (1971265.000.000) 2023-12-14 02:24:42 Image size of job updated: 330672
	117  -  MemoryUsage of job (MB)
	119660  -  ResidentSetSize of job (KB)
...
006 (1971265.000.000) 2023-12-14 02:25:27 Image size of job updated: 2261384
	1415  -  MemoryUsage of job (MB)
	1448112  -  ResidentSetSize of job (KB)
...
040 (1971265.000.000) 2023-12-14 02:25:27 Started transferring output files
...
040 (1971265.000.000) 2023-12-14 02:25:27 Finished transferring output files
...
005 (1971265.000.000) 2023-12-14 02:25:27 Job terminated.
	(1) Normal termination (return value 0)
		Usr 0 00:00:21, Sys 0 00:00:03  -  Run Remote Usage
		Usr 0 00:00:00, Sys 0 00:00:00  -  Run Local Usage
		Usr 0 00:00:21, Sys 0 00:00:03  -  Total Remote Usage
		Usr 0 00:00:00, Sys 0 00:00:00  -  Total Local Usage
	19072  -  Run Bytes Sent By Job
	0  -  Run Bytes Received By Job
	19072  -  Total Bytes Sent By Job
	0  -  Total Bytes Received By Job
	Partitionable Resources :    Usage  Request Allocated 
	   Cpus                 :                 1         1 
	   Disk (KB)            :       91        2    312116 
	   Memory (MB)          :     1415     2048      2048 

	Job terminated of its own accord at 2023-12-14T10:25:27Z with exit-code 0.
...
