000 (1972651.000.000) 2023-12-14 02:17:47 Job submitted from host: <172.24.33.226:11547?addrs=172.24.33.226-11547&alias=sdfrome002.sdf.slac.stanford.edu>
    DAG Node: 18dffe6f-159d-4cbf-8cb1-5d7fb516286d_ptcIsr_2023111202541_23
...
040 (1972651.000.000) 2023-12-14 02:28:35 Finished transferring input files
...
001 (1972651.000.000) 2023-12-14 02:28:35 Job executing on host: <172.24.33.124:44469?CCBID=172.24.33.225:9618%3faddrs%3d172.24.33.225-9618%26alias%3dsdfrome001.sdf.slac.stanford.edu#6220017&PrivNet=sdfrome059.sdf.slac.stanford.edu&addrs=172.24.33.124-44469&alias=sdfrome059.sdf.slac.stanford.edu>
	SlotName: slot_abrought_2668_1_10@sdfrome059.sdf.slac.stanford.edu
...
006 (1972651.000.000) 2023-12-14 02:28:43 Image size of job updated: 318548
	109  -  MemoryUsage of job (MB)
	110696  -  ResidentSetSize of job (KB)
...
006 (1972651.000.000) 2023-12-14 02:29:41 Image size of job updated: 2068628
	618  -  MemoryUsage of job (MB)
	632708  -  ResidentSetSize of job (KB)
...
040 (1972651.000.000) 2023-12-14 02:29:42 Started transferring output files
...
040 (1972651.000.000) 2023-12-14 02:29:42 Finished transferring output files
...
005 (1972651.000.000) 2023-12-14 02:29:42 Job terminated.
	(1) Normal termination (return value 0)
		Usr 0 00:00:20, Sys 0 00:00:04  -  Run Remote Usage
		Usr 0 00:00:00, Sys 0 00:00:00  -  Run Local Usage
		Usr 0 00:00:20, Sys 0 00:00:04  -  Total Remote Usage
		Usr 0 00:00:00, Sys 0 00:00:00  -  Total Local Usage
	18803  -  Run Bytes Sent By Job
	0  -  Run Bytes Received By Job
	18803  -  Total Bytes Sent By Job
	0  -  Total Bytes Received By Job
	Partitionable Resources :    Usage  Request Allocated 
	   Cpus                 :     0.14        1         1 
	   Disk (KB)            :    97           2    312194 
	   Memory (MB)          :   618        2048      2048 

	Job terminated of its own accord at 2023-12-14T10:29:41Z with exit-code 0.
...
