000 (1972192.000.000) 2023-12-14 02:17:42 Job submitted from host: <172.24.33.226:11547?addrs=172.24.33.226-11547&alias=sdfrome002.sdf.slac.stanford.edu>
    DAG Node: a1934954-b016-406f-bb0e-63232cdce217_ptcIsr_2023111203414_23
...
040 (1972192.000.000) 2023-12-14 02:27:08 Finished transferring input files
...
001 (1972192.000.000) 2023-12-14 02:27:08 Job executing on host: <172.24.33.143:37205?CCBID=172.24.33.225:9618%3faddrs%3d172.24.33.225-9618%26alias%3dsdfrome001.sdf.slac.stanford.edu#6220499&PrivNet=sdfrome078.sdf.slac.stanford.edu&addrs=172.24.33.143-37205&alias=sdfrome078.sdf.slac.stanford.edu>
	SlotName: slot_abrought_7348_1_23@sdfrome078.sdf.slac.stanford.edu
...
006 (1972192.000.000) 2023-12-14 02:27:16 Image size of job updated: 292300
	85  -  MemoryUsage of job (MB)
	86256  -  ResidentSetSize of job (KB)
...
006 (1972192.000.000) 2023-12-14 02:28:09 Image size of job updated: 2038984
	611  -  MemoryUsage of job (MB)
	625088  -  ResidentSetSize of job (KB)
...
040 (1972192.000.000) 2023-12-14 02:28:09 Started transferring output files
...
040 (1972192.000.000) 2023-12-14 02:28:09 Finished transferring output files
...
005 (1972192.000.000) 2023-12-14 02:28:09 Job terminated.
	(1) Normal termination (return value 0)
		Usr 0 00:00:21, Sys 0 00:00:03  -  Run Remote Usage
		Usr 0 00:00:00, Sys 0 00:00:00  -  Run Local Usage
		Usr 0 00:00:21, Sys 0 00:00:03  -  Total Remote Usage
		Usr 0 00:00:00, Sys 0 00:00:00  -  Total Local Usage
	18804  -  Run Bytes Sent By Job
	0  -  Run Bytes Received By Job
	18804  -  Total Bytes Sent By Job
	0  -  Total Bytes Received By Job
	Partitionable Resources :    Usage  Request Allocated 
	   Cpus                 :                 1         1 
	   Disk (KB)            :       90        2    312194 
	   Memory (MB)          :      611     2048      2048 

	Job terminated of its own accord at 2023-12-14T10:28:09Z with exit-code 0.
...
