000 (1969651.000.000) 2023-12-14 02:17:11 Job submitted from host: <172.24.33.226:11547?addrs=172.24.33.226-11547&alias=sdfrome002.sdf.slac.stanford.edu>
    DAG Node: 54c17274-25f1-401a-82c7-7915aba80f8c_ptcIsr_2023111300209_23
...
040 (1969651.000.000) 2023-12-14 02:19:18 Finished transferring input files
...
001 (1969651.000.000) 2023-12-14 02:19:18 Job executing on host: <172.24.48.185:41489?CCBID=172.24.33.225:9618%3faddrs%3d172.24.33.225-9618%26alias%3dsdfrome001.sdf.slac.stanford.edu#6219699&PrivNet=sdfmilan113.sdf.slac.stanford.edu&addrs=172.24.48.185-41489&alias=sdfmilan113.sdf.slac.stanford.edu>
	SlotName: slot_abrought_18623_1_10@sdfmilan113.sdf.slac.stanford.edu
...
006 (1969651.000.000) 2023-12-14 02:19:26 Image size of job updated: 280756
	74  -  MemoryUsage of job (MB)
	75316  -  ResidentSetSize of job (KB)
...
006 (1969651.000.000) 2023-12-14 02:20:31 Image size of job updated: 2034184
	1358  -  MemoryUsage of job (MB)
	1390192  -  ResidentSetSize of job (KB)
...
040 (1969651.000.000) 2023-12-14 02:20:32 Started transferring output files
...
040 (1969651.000.000) 2023-12-14 02:20:32 Finished transferring output files
...
005 (1969651.000.000) 2023-12-14 02:20:32 Job terminated.
	(1) Normal termination (return value 0)
		Usr 0 00:00:20, Sys 0 00:00:02  -  Run Remote Usage
		Usr 0 00:00:00, Sys 0 00:00:00  -  Run Local Usage
		Usr 0 00:00:20, Sys 0 00:00:02  -  Total Remote Usage
		Usr 0 00:00:00, Sys 0 00:00:00  -  Total Local Usage
	18531  -  Run Bytes Sent By Job
	0  -  Run Bytes Received By Job
	18531  -  Total Bytes Sent By Job
	0  -  Total Bytes Received By Job
	Partitionable Resources :    Usage  Request Allocated 
	   Cpus                 :                 1         1 
	   Disk (KB)            :       90        2    312194 
	   Memory (MB)          :     1358     2048      2048 

	Job terminated of its own accord at 2023-12-14T10:20:31Z with exit-code 0.
...
