000 (1969347.000.000) 2023-12-14 02:17:07 Job submitted from host: <172.24.33.226:11547?addrs=172.24.33.226-11547&alias=sdfrome002.sdf.slac.stanford.edu>
    DAG Node: 62454c0d-8071-4ae5-a593-05a02e7170fc_ptcIsr_2023111200089_23
...
040 (1969347.000.000) 2023-12-14 02:17:08 Finished transferring input files
...
001 (1969347.000.000) 2023-12-14 02:17:08 Job executing on host: <172.24.48.186:33679?CCBID=172.24.33.225:9618%3faddrs%3d172.24.33.225-9618%26alias%3dsdfrome001.sdf.slac.stanford.edu#6219700&PrivNet=sdfmilan114.sdf.slac.stanford.edu&addrs=172.24.48.186-33679&alias=sdfmilan114.sdf.slac.stanford.edu>
	SlotName: slot_abrought_14493_1_5@sdfmilan114.sdf.slac.stanford.edu
...
006 (1969347.000.000) 2023-12-14 02:17:17 Image size of job updated: 353852
	140  -  MemoryUsage of job (MB)
	142540  -  ResidentSetSize of job (KB)
...
006 (1969347.000.000) 2023-12-14 02:17:49 Image size of job updated: 2111788
	626  -  MemoryUsage of job (MB)
	640920  -  ResidentSetSize of job (KB)
...
040 (1969347.000.000) 2023-12-14 02:17:49 Started transferring output files
...
040 (1969347.000.000) 2023-12-14 02:17:49 Finished transferring output files
...
005 (1969347.000.000) 2023-12-14 02:17:49 Job terminated.
	(1) Normal termination (return value 0)
		Usr 0 00:00:20, Sys 0 00:00:04  -  Run Remote Usage
		Usr 0 00:00:00, Sys 0 00:00:00  -  Run Local Usage
		Usr 0 00:00:20, Sys 0 00:00:04  -  Total Remote Usage
		Usr 0 00:00:00, Sys 0 00:00:00  -  Total Local Usage
	19073  -  Run Bytes Sent By Job
	0  -  Run Bytes Received By Job
	19073  -  Total Bytes Sent By Job
	0  -  Total Bytes Received By Job
	Partitionable Resources :    Usage  Request Allocated 
	   Cpus                 :                 1         1 
	   Disk (KB)            :       90        2    312193 
	   Memory (MB)          :      626     2048      2048 

	Job terminated of its own accord at 2023-12-14T10:17:49Z with exit-code 0.
...
