000 (1969370.000.000) 2023-12-14 02:17:07 Job submitted from host: <172.24.33.226:11547?addrs=172.24.33.226-11547&alias=sdfrome002.sdf.slac.stanford.edu>
    DAG Node: 0f1a206c-0d26-4ada-a89b-1c795232119f_ptcIsr_2023111200419_23
...
040 (1969370.000.000) 2023-12-14 02:17:09 Finished transferring input files
...
001 (1969370.000.000) 2023-12-14 02:17:09 Job executing on host: <172.24.33.147:42953?CCBID=172.24.33.225:9618%3faddrs%3d172.24.33.225-9618%26alias%3dsdfrome001.sdf.slac.stanford.edu#6219703&PrivNet=sdfrome082.sdf.slac.stanford.edu&addrs=172.24.33.147-42953&alias=sdfrome082.sdf.slac.stanford.edu>
	SlotName: slot_abrought_48_1_9@sdfrome082.sdf.slac.stanford.edu
...
006 (1969370.000.000) 2023-12-14 02:17:18 Image size of job updated: 288656
	81  -  MemoryUsage of job (MB)
	81972  -  ResidentSetSize of job (KB)
...
006 (1969370.000.000) 2023-12-14 02:17:59 Image size of job updated: 2095880
	630  -  MemoryUsage of job (MB)
	644212  -  ResidentSetSize of job (KB)
...
040 (1969370.000.000) 2023-12-14 02:17:59 Started transferring output files
...
040 (1969370.000.000) 2023-12-14 02:17:59 Finished transferring output files
...
005 (1969370.000.000) 2023-12-14 02:17:59 Job terminated.
	(1) Normal termination (return value 0)
		Usr 0 00:00:22, Sys 0 00:00:05  -  Run Remote Usage
		Usr 0 00:00:00, Sys 0 00:00:00  -  Run Local Usage
		Usr 0 00:00:22, Sys 0 00:00:05  -  Total Remote Usage
		Usr 0 00:00:00, Sys 0 00:00:00  -  Total Local Usage
	18802  -  Run Bytes Sent By Job
	0  -  Run Bytes Received By Job
	18802  -  Total Bytes Sent By Job
	0  -  Total Bytes Received By Job
	Partitionable Resources :    Usage  Request Allocated 
	   Cpus                 :                 1         1 
	   Disk (KB)            :       90        2    312116 
	   Memory (MB)          :      630     2048      2048 

	Job terminated of its own accord at 2023-12-14T10:17:59Z with exit-code 0.
...
