000 (1980820.000.000) 2023-12-15 09:59:01 Job submitted from host: <172.24.33.226:11547?addrs=172.24.33.226-11547&alias=sdfrome002.sdf.slac.stanford.edu>
    DAG Node: 45217043-741e-428c-b937-9734284a9448_ptcPlot_23
...
040 (1980820.000.000) 2023-12-15 09:59:01 Finished transferring input files
...
001 (1980820.000.000) 2023-12-15 09:59:02 Job executing on host: <172.24.48.232:41165?CCBID=172.24.33.225:9618%3faddrs%3d172.24.33.225-9618%26alias%3dsdfrome001.sdf.slac.stanford.edu#6454289&PrivNet=sdfmilan228.sdf.slac.stanford.edu&addrs=172.24.48.232-41165&alias=sdfmilan228.sdf.slac.stanford.edu>
	SlotName: slot_abrought_6550_1_1@sdfmilan228.sdf.slac.stanford.edu
...
006 (1980820.000.000) 2023-12-15 09:59:10 Image size of job updated: 2
	5  -  MemoryUsage of job (MB)
	5112  -  ResidentSetSize of job (KB)
...
040 (1980820.000.000) 2023-12-15 09:59:10 Started transferring output files
...
040 (1980820.000.000) 2023-12-15 09:59:10 Finished transferring output files
...
005 (1980820.000.000) 2023-12-15 09:59:10 Job terminated.
	(1) Normal termination (return value 1)
		Usr 0 00:00:00, Sys 0 00:00:00  -  Run Remote Usage
		Usr 0 00:00:00, Sys 0 00:00:00  -  Run Local Usage
		Usr 0 00:00:00, Sys 0 00:00:00  -  Total Remote Usage
		Usr 0 00:00:00, Sys 0 00:00:00  -  Total Local Usage
	5889  -  Run Bytes Sent By Job
	0  -  Run Bytes Received By Job
	5889  -  Total Bytes Sent By Job
	0  -  Total Bytes Received By Job
	Partitionable Resources :    Usage  Request Allocated 
	   Cpus                 :                 1         1 
	   Disk (KB)            :       78        2    288334 
	   Memory (MB)          :        5     2048      2048 

	Job terminated of its own accord at 2023-12-15T17:59:10Z with exit-code 1.
...
