000 (1972281.000.000) 2023-12-14 02:17:43 Job submitted from host: <172.24.33.226:11547?addrs=172.24.33.226-11547&alias=sdfrome002.sdf.slac.stanford.edu>
    DAG Node: a35d38f5-aa5e-4de4-9ec4-adf65089b682_ptcIsr_2023111300477_23
...
040 (1972281.000.000) 2023-12-14 02:27:27 Finished transferring input files
...
001 (1972281.000.000) 2023-12-14 02:27:27 Job executing on host: <172.24.48.149:38613?CCBID=172.24.33.225:9618%3faddrs%3d172.24.33.225-9618%26alias%3dsdfrome001.sdf.slac.stanford.edu#6219698&PrivNet=sdfmilan049.sdf.slac.stanford.edu&addrs=172.24.48.149-38613&alias=sdfmilan049.sdf.slac.stanford.edu>
	SlotName: slot_abrought_1727_1_6@sdfmilan049.sdf.slac.stanford.edu
...
006 (1972281.000.000) 2023-12-14 02:27:36 Image size of job updated: 327616
	115  -  MemoryUsage of job (MB)
	117252  -  ResidentSetSize of job (KB)
...
006 (1972281.000.000) 2023-12-14 02:28:31 Image size of job updated: 2168016
	1328  -  MemoryUsage of job (MB)
	1359824  -  ResidentSetSize of job (KB)
...
040 (1972281.000.000) 2023-12-14 02:28:31 Started transferring output files
...
040 (1972281.000.000) 2023-12-14 02:28:31 Finished transferring output files
...
005 (1972281.000.000) 2023-12-14 02:28:31 Job terminated.
	(1) Normal termination (return value 0)
		Usr 0 00:00:21, Sys 0 00:00:02  -  Run Remote Usage
		Usr 0 00:00:00, Sys 0 00:00:00  -  Run Local Usage
		Usr 0 00:00:21, Sys 0 00:00:02  -  Total Remote Usage
		Usr 0 00:00:00, Sys 0 00:00:00  -  Total Local Usage
	19072  -  Run Bytes Sent By Job
	0  -  Run Bytes Received By Job
	19072  -  Total Bytes Sent By Job
	0  -  Total Bytes Received By Job
	Partitionable Resources :    Usage  Request Allocated 
	   Cpus                 :                 1         1 
	   Disk (KB)            :       91        2    312194 
	   Memory (MB)          :     1328     2048      2048 

	Job terminated of its own accord at 2023-12-14T10:28:31Z with exit-code 0.
...
