000 (1973122.000.000) 2023-12-14 02:17:53 Job submitted from host: <172.24.33.226:11547?addrs=172.24.33.226-11547&alias=sdfrome002.sdf.slac.stanford.edu>
    DAG Node: 442244ea-8f9a-4086-901e-e6c694d67ab6_ptcIsr_2023111203483_23
...
040 (1973122.000.000) 2023-12-14 02:29:52 Finished transferring input files
...
001 (1973122.000.000) 2023-12-14 02:29:52 Job executing on host: <172.24.33.124:44469?CCBID=172.24.33.225:9618%3faddrs%3d172.24.33.225-9618%26alias%3dsdfrome001.sdf.slac.stanford.edu#6220017&PrivNet=sdfrome059.sdf.slac.stanford.edu&addrs=172.24.33.124-44469&alias=sdfrome059.sdf.slac.stanford.edu>
	SlotName: slot_abrought_2668_1_15@sdfrome059.sdf.slac.stanford.edu
...
006 (1973122.000.000) 2023-12-14 02:30:01 Image size of job updated: 262880
	57  -  MemoryUsage of job (MB)
	57848  -  ResidentSetSize of job (KB)
...
006 (1973122.000.000) 2023-12-14 02:31:03 Image size of job updated: 2127332
	1410  -  MemoryUsage of job (MB)
	1443112  -  ResidentSetSize of job (KB)
...
040 (1973122.000.000) 2023-12-14 02:31:03 Started transferring output files
...
040 (1973122.000.000) 2023-12-14 02:31:03 Finished transferring output files
...
005 (1973122.000.000) 2023-12-14 02:31:03 Job terminated.
	(1) Normal termination (return value 0)
		Usr 0 00:00:18, Sys 0 00:00:03  -  Run Remote Usage
		Usr 0 00:00:00, Sys 0 00:00:00  -  Run Local Usage
		Usr 0 00:00:18, Sys 0 00:00:03  -  Total Remote Usage
		Usr 0 00:00:00, Sys 0 00:00:00  -  Total Local Usage
	18803  -  Run Bytes Sent By Job
	0  -  Run Bytes Received By Job
	18803  -  Total Bytes Sent By Job
	0  -  Total Bytes Received By Job
	Partitionable Resources :    Usage  Request Allocated 
	   Cpus                 :                 1         1 
	   Disk (KB)            :       90        2    312194 
	   Memory (MB)          :     1410     2048      2048 

	Job terminated of its own accord at 2023-12-14T10:31:03Z with exit-code 0.
...
