000 (1970195.000.000) 2023-12-14 02:17:18 Job submitted from host: <172.24.33.226:11547?addrs=172.24.33.226-11547&alias=sdfrome002.sdf.slac.stanford.edu>
    DAG Node: 96fd41aa-3c89-4eee-b710-0b20f48ca21a_ptcIsr_2023111300591_23
...
040 (1970195.000.000) 2023-12-14 02:21:09 Finished transferring input files
...
001 (1970195.000.000) 2023-12-14 02:21:09 Job executing on host: <172.24.48.185:41489?CCBID=172.24.33.225:9618%3faddrs%3d172.24.33.225-9618%26alias%3dsdfrome001.sdf.slac.stanford.edu#6219699&PrivNet=sdfmilan113.sdf.slac.stanford.edu&addrs=172.24.48.185-41489&alias=sdfmilan113.sdf.slac.stanford.edu>
	SlotName: slot_abrought_18623_1_21@sdfmilan113.sdf.slac.stanford.edu
...
006 (1970195.000.000) 2023-12-14 02:21:18 Image size of job updated: 293488
	86  -  MemoryUsage of job (MB)
	87564  -  ResidentSetSize of job (KB)
...
006 (1970195.000.000) 2023-12-14 02:22:14 Image size of job updated: 2126892
	692  -  MemoryUsage of job (MB)
	708260  -  ResidentSetSize of job (KB)
...
040 (1970195.000.000) 2023-12-14 02:22:15 Started transferring output files
...
040 (1970195.000.000) 2023-12-14 02:22:15 Finished transferring output files
...
005 (1970195.000.000) 2023-12-14 02:22:15 Job terminated.
	(1) Normal termination (return value 0)
		Usr 0 00:00:21, Sys 0 00:00:02  -  Run Remote Usage
		Usr 0 00:00:00, Sys 0 00:00:00  -  Run Local Usage
		Usr 0 00:00:21, Sys 0 00:00:02  -  Total Remote Usage
		Usr 0 00:00:00, Sys 0 00:00:00  -  Total Local Usage
	18532  -  Run Bytes Sent By Job
	0  -  Run Bytes Received By Job
	18532  -  Total Bytes Sent By Job
	0  -  Total Bytes Received By Job
	Partitionable Resources :    Usage  Request Allocated 
	   Cpus                 :     0.18        1         1 
	   Disk (KB)            :    97           2    312194 
	   Memory (MB)          :   692        2048      2048 

	Job terminated of its own accord at 2023-12-14T10:22:14Z with exit-code 0.
...
