000 (1973007.000.000) 2023-12-14 02:17:51 Job submitted from host: <172.24.33.226:11547?addrs=172.24.33.226-11547&alias=sdfrome002.sdf.slac.stanford.edu>
    DAG Node: 69dbd975-c7dd-4598-ad28-98160d39f1fb_ptcIsr_2023111201550_23
...
040 (1973007.000.000) 2023-12-14 02:29:37 Finished transferring input files
...
001 (1973007.000.000) 2023-12-14 02:29:37 Job executing on host: <172.24.33.124:45647?CCBID=172.24.33.225:9618%3faddrs%3d172.24.33.225-9618%26alias%3dsdfrome001.sdf.slac.stanford.edu#6220016&PrivNet=sdfrome059.sdf.slac.stanford.edu&addrs=172.24.33.124-45647&alias=sdfrome059.sdf.slac.stanford.edu>
	SlotName: slot_abrought_13532_1_17@sdfrome059.sdf.slac.stanford.edu
...
006 (1973007.000.000) 2023-12-14 02:29:46 Image size of job updated: 272900
	67  -  MemoryUsage of job (MB)
	68204  -  ResidentSetSize of job (KB)
...
006 (1973007.000.000) 2023-12-14 02:32:36 Image size of job updated: 2136700
	67  -  MemoryUsage of job (MB)
	68204  -  ResidentSetSize of job (KB)
...
040 (1973007.000.000) 2023-12-14 02:32:36 Started transferring output files
...
040 (1973007.000.000) 2023-12-14 02:32:36 Finished transferring output files
...
005 (1973007.000.000) 2023-12-14 02:32:37 Job terminated.
	(1) Normal termination (return value 0)
		Usr 0 00:00:19, Sys 0 00:00:04  -  Run Remote Usage
		Usr 0 00:00:00, Sys 0 00:00:00  -  Run Local Usage
		Usr 0 00:00:19, Sys 0 00:00:04  -  Total Remote Usage
		Usr 0 00:00:00, Sys 0 00:00:00  -  Total Local Usage
	19074  -  Run Bytes Sent By Job
	0  -  Run Bytes Received By Job
	19074  -  Total Bytes Sent By Job
	0  -  Total Bytes Received By Job
	Partitionable Resources :    Usage  Request Allocated 
	   Cpus                 :                 1         1 
	   Disk (KB)            :       91        2    312194 
	   Memory (MB)          :       67     2048      2048 

	Job terminated of its own accord at 2023-12-14T10:32:36Z with exit-code 0.
...
