000 (1971566.000.000) 2023-12-14 02:17:35 Job submitted from host: <172.24.33.226:11547?addrs=172.24.33.226-11547&alias=sdfrome002.sdf.slac.stanford.edu>
    DAG Node: ed95dc06-8eca-46a1-bf30-698072152743_ptcIsr_2023111202439_23
...
040 (1971566.000.000) 2023-12-14 02:25:22 Finished transferring input files
...
001 (1971566.000.000) 2023-12-14 02:25:22 Job executing on host: <172.24.33.124:39661?CCBID=172.24.33.225:9618%3faddrs%3d172.24.33.225-9618%26alias%3dsdfrome001.sdf.slac.stanford.edu#6220018&PrivNet=sdfrome059.sdf.slac.stanford.edu&addrs=172.24.33.124-39661&alias=sdfrome059.sdf.slac.stanford.edu>
	SlotName: slot_abrought_25802_1_20@sdfrome059.sdf.slac.stanford.edu
...
006 (1971566.000.000) 2023-12-14 02:25:31 Image size of job updated: 304072
	95  -  MemoryUsage of job (MB)
	96864  -  ResidentSetSize of job (KB)
...
006 (1971566.000.000) 2023-12-14 02:26:14 Image size of job updated: 2058736
	1322  -  MemoryUsage of job (MB)
	1353536  -  ResidentSetSize of job (KB)
...
040 (1971566.000.000) 2023-12-14 02:26:14 Started transferring output files
...
040 (1971566.000.000) 2023-12-14 02:26:14 Finished transferring output files
...
005 (1971566.000.000) 2023-12-14 02:26:14 Job terminated.
	(1) Normal termination (return value 0)
		Usr 0 00:00:20, Sys 0 00:00:04  -  Run Remote Usage
		Usr 0 00:00:00, Sys 0 00:00:00  -  Run Local Usage
		Usr 0 00:00:20, Sys 0 00:00:04  -  Total Remote Usage
		Usr 0 00:00:00, Sys 0 00:00:00  -  Total Local Usage
	18803  -  Run Bytes Sent By Job
	0  -  Run Bytes Received By Job
	18803  -  Total Bytes Sent By Job
	0  -  Total Bytes Received By Job
	Partitionable Resources :    Usage  Request Allocated 
	   Cpus                 :                 1         1 
	   Disk (KB)            :       90        2    312194 
	   Memory (MB)          :     1322     2048      2048 

	Job terminated of its own accord at 2023-12-14T10:26:14Z with exit-code 0.
...
