000 (1969886.000.000) 2023-12-14 02:17:13 Job submitted from host: <172.24.33.226:11547?addrs=172.24.33.226-11547&alias=sdfrome002.sdf.slac.stanford.edu>
    DAG Node: 4c879dfd-89af-40fc-ab49-12ac4440e10b_ptcIsr_2023111101972_23
...
040 (1969886.000.000) 2023-12-14 02:20:15 Finished transferring input files
...
001 (1969886.000.000) 2023-12-14 02:20:15 Job executing on host: <172.24.48.159:36013?CCBID=172.24.33.225:9618%3faddrs%3d172.24.33.225-9618%26alias%3dsdfrome001.sdf.slac.stanford.edu#6219701&PrivNet=sdfmilan059.sdf.slac.stanford.edu&addrs=172.24.48.159-36013&alias=sdfmilan059.sdf.slac.stanford.edu>
	SlotName: slot_abrought_18206_1_20@sdfmilan059.sdf.slac.stanford.edu
...
006 (1969886.000.000) 2023-12-14 02:20:24 Image size of job updated: 27348
	11  -  MemoryUsage of job (MB)
	10640  -  ResidentSetSize of job (KB)
...
006 (1969886.000.000) 2023-12-14 02:24:14 Image size of job updated: 2102708
	11  -  MemoryUsage of job (MB)
	10640  -  ResidentSetSize of job (KB)
...
040 (1969886.000.000) 2023-12-14 02:24:14 Started transferring output files
...
040 (1969886.000.000) 2023-12-14 02:24:14 Finished transferring output files
...
005 (1969886.000.000) 2023-12-14 02:24:15 Job terminated.
	(1) Normal termination (return value 0)
		Usr 0 00:00:25, Sys 0 00:00:04  -  Run Remote Usage
		Usr 0 00:00:00, Sys 0 00:00:00  -  Run Local Usage
		Usr 0 00:00:25, Sys 0 00:00:04  -  Total Remote Usage
		Usr 0 00:00:00, Sys 0 00:00:00  -  Total Local Usage
	18806  -  Run Bytes Sent By Job
	0  -  Run Bytes Received By Job
	18806  -  Total Bytes Sent By Job
	0  -  Total Bytes Received By Job
	Partitionable Resources :    Usage  Request Allocated 
	   Cpus                 :     0.06        1         1 
	   Disk (KB)            :    97           2    312194 
	   Memory (MB)          :    11        2048      2048 

	Job terminated of its own accord at 2023-12-14T10:24:14Z with exit-code 0.
...
