000 (1973567.000.000) 2023-12-14 09:12:35 Job submitted from host: <172.24.33.226:11547?addrs=172.24.33.226-11547&alias=sdfrome002.sdf.slac.stanford.edu>
    DAG Node: 0ebd3691-ca07-4379-af51-4ba2429ab85d_ptcSolve_23
...
040 (1973567.000.000) 2023-12-14 09:12:56 Finished transferring input files
...
001 (1973567.000.000) 2023-12-14 09:12:56 Job executing on host: <172.24.48.197:44589?CCBID=172.24.33.225:9618%3faddrs%3d172.24.33.225-9618%26alias%3dsdfrome001.sdf.slac.stanford.edu#6220121&PrivNet=sdfmilan125.sdf.slac.stanford.edu&addrs=172.24.48.197-44589&alias=sdfmilan125.sdf.slac.stanford.edu>
	SlotName: slot_abrought_7640_1_22@sdfmilan125.sdf.slac.stanford.edu
...
006 (1973567.000.000) 2023-12-14 09:13:05 Image size of job updated: 2
	6  -  MemoryUsage of job (MB)
	5452  -  ResidentSetSize of job (KB)
...
006 (1973567.000.000) 2023-12-14 09:18:05 Image size of job updated: 30544
	15  -  MemoryUsage of job (MB)
	14568  -  ResidentSetSize of job (KB)
...
006 (1973567.000.000) 2023-12-14 09:23:05 Image size of job updated: 60764
	32  -  MemoryUsage of job (MB)
	31784  -  ResidentSetSize of job (KB)
...
006 (1973567.000.000) 2023-12-14 09:28:05 Image size of job updated: 287436
	80  -  MemoryUsage of job (MB)
	81400  -  ResidentSetSize of job (KB)
...
006 (1973567.000.000) 2023-12-14 09:33:05 Image size of job updated: 328628
	115  -  MemoryUsage of job (MB)
	117676  -  ResidentSetSize of job (KB)
...
006 (1973567.000.000) 2023-12-14 09:38:05 Image size of job updated: 465560
	211  -  MemoryUsage of job (MB)
	215076  -  ResidentSetSize of job (KB)
...
006 (1973567.000.000) 2023-12-14 09:43:05 Image size of job updated: 690780
	317  -  MemoryUsage of job (MB)
	324364  -  ResidentSetSize of job (KB)
...
006 (1973567.000.000) 2023-12-14 09:48:05 Image size of job updated: 2191840
	1129  -  MemoryUsage of job (MB)
	1155420  -  ResidentSetSize of job (KB)
...
006 (1973567.000.000) 2023-12-14 10:18:08 Image size of job updated: 2203668
	1140  -  MemoryUsage of job (MB)
	1167248  -  ResidentSetSize of job (KB)
...
006 (1973567.000.000) 2023-12-14 10:33:10 Image size of job updated: 2206588
	1143  -  MemoryUsage of job (MB)
	1170168  -  ResidentSetSize of job (KB)
...
006 (1973567.000.000) 2023-12-14 10:53:14 Image size of job updated: 2211348
	1148  -  MemoryUsage of job (MB)
	1174928  -  ResidentSetSize of job (KB)
...
006 (1973567.000.000) 2023-12-14 10:58:15 Image size of job updated: 2213724
	1150  -  MemoryUsage of job (MB)
	1177384  -  ResidentSetSize of job (KB)
...
022 (1973567.000.000) 2023-12-14 11:00:59 Job disconnected, attempting to reconnect
    Socket between submit and execute hosts closed unexpectedly
    Trying to reconnect to slot_abrought_7640_1_22@sdfmilan125.sdf.slac.stanford.edu <172.24.48.197:44589?CCBID=172.24.33.225:9618%3faddrs%3d172.24.33.225-9618%26alias%3dsdfrome001.sdf.slac.stanford.edu#6220121&PrivNet=sdfmilan125.sdf.slac.stanford.edu&addrs=172.24.48.197-44589&alias=sdfmilan125.sdf.slac.stanford.edu>
...
024 (1973567.000.000) 2023-12-14 11:40:59 Job reconnection failed
    Job disconnected too long: JobLeaseDuration (2400 seconds) expired
    Can not reconnect to slot_abrought_7640_1_22@sdfmilan125.sdf.slac.stanford.edu, rescheduling job
...
