000 (1971051.000.000) 2023-12-14 02:17:29 Job submitted from host: <172.24.33.226:11547?addrs=172.24.33.226-11547&alias=sdfrome002.sdf.slac.stanford.edu>
    DAG Node: 522b8238-cca5-48d6-ae0b-4605fdbceca7_ptcIsr_2023111201740_23
...
040 (1971051.000.000) 2023-12-14 02:23:53 Finished transferring input files
...
001 (1971051.000.000) 2023-12-14 02:23:53 Job executing on host: <172.24.33.213:43829?CCBID=172.24.33.225:9618%3faddrs%3d172.24.33.225-9618%26alias%3dsdfrome001.sdf.slac.stanford.edu#6220038&PrivNet=sdfrome022.sdf.slac.stanford.edu&addrs=172.24.33.213-43829&alias=sdfrome022.sdf.slac.stanford.edu>
	SlotName: slot_abrought_31850_1_18@sdfrome022.sdf.slac.stanford.edu
...
006 (1971051.000.000) 2023-12-14 02:24:01 Image size of job updated: 289620
	82  -  MemoryUsage of job (MB)
	83400  -  ResidentSetSize of job (KB)
...
006 (1971051.000.000) 2023-12-14 02:24:38 Image size of job updated: 2197564
	622  -  MemoryUsage of job (MB)
	636588  -  ResidentSetSize of job (KB)
...
040 (1971051.000.000) 2023-12-14 02:24:38 Started transferring output files
...
040 (1971051.000.000) 2023-12-14 02:24:38 Finished transferring output files
...
005 (1971051.000.000) 2023-12-14 02:24:38 Job terminated.
	(1) Normal termination (return value 0)
		Usr 0 00:00:25, Sys 0 00:00:04  -  Run Remote Usage
		Usr 0 00:00:00, Sys 0 00:00:00  -  Run Local Usage
		Usr 0 00:00:25, Sys 0 00:00:04  -  Total Remote Usage
		Usr 0 00:00:00, Sys 0 00:00:00  -  Total Local Usage
	19075  -  Run Bytes Sent By Job
	0  -  Run Bytes Received By Job
	19075  -  Total Bytes Sent By Job
	0  -  Total Bytes Received By Job
	Partitionable Resources :    Usage  Request Allocated 
	   Cpus                 :     0.47        1         1 
	   Disk (KB)            :    97           2    312194 
	   Memory (MB)          :   622        2048      2048 

	Job terminated of its own accord at 2023-12-14T10:24:38Z with exit-code 0.
...
