000 (1971033.000.000) 2023-12-14 02:17:29 Job submitted from host: <172.24.33.226:11547?addrs=172.24.33.226-11547&alias=sdfrome002.sdf.slac.stanford.edu>
    DAG Node: 7d1ba5bd-1fa5-4dad-b98e-b41ace8485c8_ptcIsr_2023111202345_23
...
040 (1971033.000.000) 2023-12-14 02:23:51 Finished transferring input files
...
001 (1971033.000.000) 2023-12-14 02:23:51 Job executing on host: <172.24.33.143:37205?CCBID=172.24.33.225:9618%3faddrs%3d172.24.33.225-9618%26alias%3dsdfrome001.sdf.slac.stanford.edu#6220499&PrivNet=sdfrome078.sdf.slac.stanford.edu&addrs=172.24.33.143-37205&alias=sdfrome078.sdf.slac.stanford.edu>
	SlotName: slot_abrought_7348_1_22@sdfrome078.sdf.slac.stanford.edu
...
006 (1971033.000.000) 2023-12-14 02:24:00 Image size of job updated: 294332
	87  -  MemoryUsage of job (MB)
	88744  -  ResidentSetSize of job (KB)
...
006 (1971033.000.000) 2023-12-14 02:25:02 Image size of job updated: 2052188
	621  -  MemoryUsage of job (MB)
	635008  -  ResidentSetSize of job (KB)
...
040 (1971033.000.000) 2023-12-14 02:25:02 Started transferring output files
...
040 (1971033.000.000) 2023-12-14 02:25:02 Finished transferring output files
...
005 (1971033.000.000) 2023-12-14 02:25:02 Job terminated.
	(1) Normal termination (return value 0)
		Usr 0 00:00:24, Sys 0 00:00:03  -  Run Remote Usage
		Usr 0 00:00:00, Sys 0 00:00:00  -  Run Local Usage
		Usr 0 00:00:24, Sys 0 00:00:03  -  Total Remote Usage
		Usr 0 00:00:00, Sys 0 00:00:00  -  Total Local Usage
	19073  -  Run Bytes Sent By Job
	0  -  Run Bytes Received By Job
	19073  -  Total Bytes Sent By Job
	0  -  Total Bytes Received By Job
	Partitionable Resources :    Usage  Request Allocated 
	   Cpus                 :                 1         1 
	   Disk (KB)            :       91        2    312194 
	   Memory (MB)          :      621     2048      2048 

	Job terminated of its own accord at 2023-12-14T10:25:02Z with exit-code 0.
...
