000 (1970908.000.000) 2023-12-14 02:17:25 Job submitted from host: <172.24.33.226:11547?addrs=172.24.33.226-11547&alias=sdfrome002.sdf.slac.stanford.edu>
    DAG Node: 0d5cf689-c0a2-438f-9fcc-5cbc88f93e03_ptcIsr_2023111101363_23
...
040 (1970908.000.000) 2023-12-14 02:23:29 Finished transferring input files
...
001 (1970908.000.000) 2023-12-14 02:23:29 Job executing on host: <172.24.33.213:41467?CCBID=172.24.33.225:9618%3faddrs%3d172.24.33.225-9618%26alias%3dsdfrome001.sdf.slac.stanford.edu#6220037&PrivNet=sdfrome022.sdf.slac.stanford.edu&addrs=172.24.33.213-41467&alias=sdfrome022.sdf.slac.stanford.edu>
	SlotName: slot_abrought_435_1_9@sdfrome022.sdf.slac.stanford.edu
...
006 (1970908.000.000) 2023-12-14 02:23:39 Image size of job updated: 271484
	66  -  MemoryUsage of job (MB)
	66952  -  ResidentSetSize of job (KB)
...
006 (1970908.000.000) 2023-12-14 02:24:32 Image size of job updated: 2129732
	632  -  MemoryUsage of job (MB)
	646828  -  ResidentSetSize of job (KB)
...
040 (1970908.000.000) 2023-12-14 02:24:32 Started transferring output files
...
040 (1970908.000.000) 2023-12-14 02:24:33 Finished transferring output files
...
005 (1970908.000.000) 2023-12-14 02:24:33 Job terminated.
	(1) Normal termination (return value 0)
		Usr 0 00:00:22, Sys 0 00:00:03  -  Run Remote Usage
		Usr 0 00:00:00, Sys 0 00:00:00  -  Run Local Usage
		Usr 0 00:00:22, Sys 0 00:00:03  -  Total Remote Usage
		Usr 0 00:00:00, Sys 0 00:00:00  -  Total Local Usage
	19074  -  Run Bytes Sent By Job
	0  -  Run Bytes Received By Job
	19074  -  Total Bytes Sent By Job
	0  -  Total Bytes Received By Job
	Partitionable Resources :    Usage  Request Allocated 
	   Cpus                 :     0.62        1         1 
	   Disk (KB)            :    97           2    312194 
	   Memory (MB)          :   632        2048      2048 

	Job terminated of its own accord at 2023-12-14T10:24:32Z with exit-code 0.
...
