000 (1972661.000.000) 2023-12-14 02:17:47 Job submitted from host: <172.24.33.226:11547?addrs=172.24.33.226-11547&alias=sdfrome002.sdf.slac.stanford.edu>
    DAG Node: 4c9ca0e9-4c69-42ce-9ff7-d7038a52f7fc_ptcIsr_2023111203324_23
...
040 (1972661.000.000) 2023-12-14 02:28:36 Finished transferring input files
...
001 (1972661.000.000) 2023-12-14 02:28:36 Job executing on host: <172.24.33.143:42517?CCBID=172.24.33.225:9618%3faddrs%3d172.24.33.225-9618%26alias%3dsdfrome001.sdf.slac.stanford.edu#6220496&PrivNet=sdfrome078.sdf.slac.stanford.edu&addrs=172.24.33.143-42517&alias=sdfrome078.sdf.slac.stanford.edu>
	SlotName: slot_abrought_19079_1_20@sdfrome078.sdf.slac.stanford.edu
...
006 (1972661.000.000) 2023-12-14 02:28:44 Image size of job updated: 287492
	80  -  MemoryUsage of job (MB)
	81880  -  ResidentSetSize of job (KB)
...
006 (1972661.000.000) 2023-12-14 02:29:22 Image size of job updated: 2101784
	611  -  MemoryUsage of job (MB)
	624804  -  ResidentSetSize of job (KB)
...
040 (1972661.000.000) 2023-12-14 02:29:22 Started transferring output files
...
040 (1972661.000.000) 2023-12-14 02:29:22 Finished transferring output files
...
005 (1972661.000.000) 2023-12-14 02:29:22 Job terminated.
	(1) Normal termination (return value 0)
		Usr 0 00:00:24, Sys 0 00:00:04  -  Run Remote Usage
		Usr 0 00:00:00, Sys 0 00:00:00  -  Run Local Usage
		Usr 0 00:00:24, Sys 0 00:00:04  -  Total Remote Usage
		Usr 0 00:00:00, Sys 0 00:00:00  -  Total Local Usage
	18804  -  Run Bytes Sent By Job
	0  -  Run Bytes Received By Job
	18804  -  Total Bytes Sent By Job
	0  -  Total Bytes Received By Job
	Partitionable Resources :    Usage  Request Allocated 
	   Cpus                 :                 1         1 
	   Disk (KB)            :       90        2    312194 
	   Memory (MB)          :      611     2048      2048 

	Job terminated of its own accord at 2023-12-14T10:29:22Z with exit-code 0.
...
