000 (1972500.000.000) 2023-12-14 02:17:46 Job submitted from host: <172.24.33.226:11547?addrs=172.24.33.226-11547&alias=sdfrome002.sdf.slac.stanford.edu>
    DAG Node: 558e031b-9aea-4ea1-98fa-c6c15fc468ae_ptcIsr_2023111202418_23
...
040 (1972500.000.000) 2023-12-14 02:28:05 Finished transferring input files
...
001 (1972500.000.000) 2023-12-14 02:28:05 Job executing on host: <172.24.33.124:39661?CCBID=172.24.33.225:9618%3faddrs%3d172.24.33.225-9618%26alias%3dsdfrome001.sdf.slac.stanford.edu#6220018&PrivNet=sdfrome059.sdf.slac.stanford.edu&addrs=172.24.33.124-39661&alias=sdfrome059.sdf.slac.stanford.edu>
	SlotName: slot_abrought_25802_1_15@sdfrome059.sdf.slac.stanford.edu
...
006 (1972500.000.000) 2023-12-14 02:28:14 Image size of job updated: 281024
	74  -  MemoryUsage of job (MB)
	75596  -  ResidentSetSize of job (KB)
...
006 (1972500.000.000) 2023-12-14 02:28:46 Image size of job updated: 2066212
	74  -  MemoryUsage of job (MB)
	75596  -  ResidentSetSize of job (KB)
...
040 (1972500.000.000) 2023-12-14 02:28:46 Started transferring output files
...
040 (1972500.000.000) 2023-12-14 02:28:46 Finished transferring output files
...
005 (1972500.000.000) 2023-12-14 02:28:46 Job terminated.
	(1) Normal termination (return value 0)
		Usr 0 00:00:22, Sys 0 00:00:03  -  Run Remote Usage
		Usr 0 00:00:00, Sys 0 00:00:00  -  Run Local Usage
		Usr 0 00:00:22, Sys 0 00:00:03  -  Total Remote Usage
		Usr 0 00:00:00, Sys 0 00:00:00  -  Total Local Usage
	18806  -  Run Bytes Sent By Job
	0  -  Run Bytes Received By Job
	18806  -  Total Bytes Sent By Job
	0  -  Total Bytes Received By Job
	Partitionable Resources :    Usage  Request Allocated 
	   Cpus                 :                 1         1 
	   Disk (KB)            :       90        2    312194 
	   Memory (MB)          :       74     2048      2048 

	Job terminated of its own accord at 2023-12-14T10:28:46Z with exit-code 0.
...
