000 (1971825.000.000) 2023-12-14 02:17:37 Job submitted from host: <172.24.33.226:11547?addrs=172.24.33.226-11547&alias=sdfrome002.sdf.slac.stanford.edu>
    DAG Node: d656c04a-2150-4725-ae4d-2520eccc72cd_ptcIsr_2023111101368_23
...
040 (1971825.000.000) 2023-12-14 02:26:09 Finished transferring input files
...
001 (1971825.000.000) 2023-12-14 02:26:09 Job executing on host: <172.24.33.213:41587?CCBID=172.24.33.225:9618%3faddrs%3d172.24.33.225-9618%26alias%3dsdfrome001.sdf.slac.stanford.edu#6220036&PrivNet=sdfrome022.sdf.slac.stanford.edu&addrs=172.24.33.213-41587&alias=sdfrome022.sdf.slac.stanford.edu>
	SlotName: slot_abrought_5117_1_5@sdfrome022.sdf.slac.stanford.edu
...
006 (1971825.000.000) 2023-12-14 02:26:18 Image size of job updated: 2
	5  -  MemoryUsage of job (MB)
	4876  -  ResidentSetSize of job (KB)
...
006 (1971825.000.000) 2023-12-14 02:28:38 Image size of job updated: 2080864
	620  -  MemoryUsage of job (MB)
	634300  -  ResidentSetSize of job (KB)
...
040 (1971825.000.000) 2023-12-14 02:28:38 Started transferring output files
...
040 (1971825.000.000) 2023-12-14 02:28:38 Finished transferring output files
...
005 (1971825.000.000) 2023-12-14 02:28:38 Job terminated.
	(1) Normal termination (return value 0)
		Usr 0 00:00:19, Sys 0 00:00:02  -  Run Remote Usage
		Usr 0 00:00:00, Sys 0 00:00:00  -  Run Local Usage
		Usr 0 00:00:19, Sys 0 00:00:02  -  Total Remote Usage
		Usr 0 00:00:00, Sys 0 00:00:00  -  Total Local Usage
	18804  -  Run Bytes Sent By Job
	0  -  Run Bytes Received By Job
	18804  -  Total Bytes Sent By Job
	0  -  Total Bytes Received By Job
	Partitionable Resources :    Usage  Request Allocated 
	   Cpus                 :                 1         1 
	   Disk (KB)            :       90        2    312194 
	   Memory (MB)          :      620     2048      2048 

	Job terminated of its own accord at 2023-12-14T10:28:38Z with exit-code 0.
...
