000 (1969825.000.000) 2023-12-14 02:17:12 Job submitted from host: <172.24.33.226:11547?addrs=172.24.33.226-11547&alias=sdfrome002.sdf.slac.stanford.edu>
    DAG Node: af8adfc7-1796-4231-93c1-8ff8d7d686aa_ptcIsr_2023111101702_23
...
040 (1969825.000.000) 2023-12-14 02:20:12 Finished transferring input files
...
001 (1969825.000.000) 2023-12-14 02:20:12 Job executing on host: <172.24.33.124:33703?CCBID=172.24.33.225:9618%3faddrs%3d172.24.33.225-9618%26alias%3dsdfrome001.sdf.slac.stanford.edu#6220014&PrivNet=sdfrome059.sdf.slac.stanford.edu&addrs=172.24.33.124-33703&alias=sdfrome059.sdf.slac.stanford.edu>
	SlotName: slot_abrought_11420_1_8@sdfrome059.sdf.slac.stanford.edu
...
006 (1969825.000.000) 2023-12-14 02:20:21 Image size of job updated: 24496
	8  -  MemoryUsage of job (MB)
	7212  -  ResidentSetSize of job (KB)
...
006 (1969825.000.000) 2023-12-14 02:25:07 Image size of job updated: 2244800
	8  -  MemoryUsage of job (MB)
	7212  -  ResidentSetSize of job (KB)
...
040 (1969825.000.000) 2023-12-14 02:25:07 Started transferring output files
...
040 (1969825.000.000) 2023-12-14 02:25:07 Finished transferring output files
...
005 (1969825.000.000) 2023-12-14 02:25:08 Job terminated.
	(1) Normal termination (return value 0)
		Usr 0 00:00:20, Sys 0 00:00:05  -  Run Remote Usage
		Usr 0 00:00:00, Sys 0 00:00:00  -  Run Local Usage
		Usr 0 00:00:20, Sys 0 00:00:05  -  Total Remote Usage
		Usr 0 00:00:00, Sys 0 00:00:00  -  Total Local Usage
	19074  -  Run Bytes Sent By Job
	0  -  Run Bytes Received By Job
	19074  -  Total Bytes Sent By Job
	0  -  Total Bytes Received By Job
	Partitionable Resources :    Usage  Request Allocated 
	   Cpus                 :     0.08        1         1 
	   Disk (KB)            :    97           2    312194 
	   Memory (MB)          :     8        2048      2048 

	Job terminated of its own accord at 2023-12-14T10:25:06Z with exit-code 0.
...
