000 (1969607.000.000) 2023-12-14 02:17:11 Job submitted from host: <172.24.33.226:11547?addrs=172.24.33.226-11547&alias=sdfrome002.sdf.slac.stanford.edu>
    DAG Node: 58af8906-6c14-48ba-9e9e-b206a4d9ea65_ptcIsr_2023111300468_23
...
040 (1969607.000.000) 2023-12-14 02:18:56 Finished transferring input files
...
001 (1969607.000.000) 2023-12-14 02:18:56 Job executing on host: <172.24.33.147:42953?CCBID=172.24.33.225:9618%3faddrs%3d172.24.33.225-9618%26alias%3dsdfrome001.sdf.slac.stanford.edu#6219703&PrivNet=sdfrome082.sdf.slac.stanford.edu&addrs=172.24.33.147-42953&alias=sdfrome082.sdf.slac.stanford.edu>
	SlotName: slot_abrought_48_1_15@sdfrome082.sdf.slac.stanford.edu
...
006 (1969607.000.000) 2023-12-14 02:19:05 Image size of job updated: 415260
	175  -  MemoryUsage of job (MB)
	178996  -  ResidentSetSize of job (KB)
...
006 (1969607.000.000) 2023-12-14 02:19:43 Image size of job updated: 2068056
	175  -  MemoryUsage of job (MB)
	178996  -  ResidentSetSize of job (KB)
...
040 (1969607.000.000) 2023-12-14 02:19:43 Started transferring output files
...
040 (1969607.000.000) 2023-12-14 02:19:43 Finished transferring output files
...
005 (1969607.000.000) 2023-12-14 02:19:43 Job terminated.
	(1) Normal termination (return value 0)
		Usr 0 00:00:21, Sys 0 00:00:03  -  Run Remote Usage
		Usr 0 00:00:00, Sys 0 00:00:00  -  Run Local Usage
		Usr 0 00:00:21, Sys 0 00:00:03  -  Total Remote Usage
		Usr 0 00:00:00, Sys 0 00:00:00  -  Total Local Usage
	18802  -  Run Bytes Sent By Job
	0  -  Run Bytes Received By Job
	18802  -  Total Bytes Sent By Job
	0  -  Total Bytes Received By Job
	Partitionable Resources :    Usage  Request Allocated 
	   Cpus                 :                 1         1 
	   Disk (KB)            :       90        2    312116 
	   Memory (MB)          :      175     2048      2048 

	Job terminated of its own accord at 2023-12-14T10:19:43Z with exit-code 0.
...
