000 (1973213.000.000) 2023-12-14 02:17:54 Job submitted from host: <172.24.33.226:11547?addrs=172.24.33.226-11547&alias=sdfrome002.sdf.slac.stanford.edu>
    DAG Node: 00a7cf1c-2a25-4320-8219-1d25207c964c_ptcIsr_2023111300125_23
...
040 (1973213.000.000) 2023-12-14 02:30:06 Finished transferring input files
...
001 (1973213.000.000) 2023-12-14 02:30:06 Job executing on host: <172.24.33.143:37205?CCBID=172.24.33.225:9618%3faddrs%3d172.24.33.225-9618%26alias%3dsdfrome001.sdf.slac.stanford.edu#6220499&PrivNet=sdfrome078.sdf.slac.stanford.edu&addrs=172.24.33.143-37205&alias=sdfrome078.sdf.slac.stanford.edu>
	SlotName: slot_abrought_7348_1_13@sdfrome078.sdf.slac.stanford.edu
...
006 (1973213.000.000) 2023-12-14 02:30:14 Image size of job updated: 27348
	11  -  MemoryUsage of job (MB)
	10724  -  ResidentSetSize of job (KB)
...
006 (1973213.000.000) 2023-12-14 02:31:15 Image size of job updated: 2130740
	657  -  MemoryUsage of job (MB)
	672604  -  ResidentSetSize of job (KB)
...
040 (1973213.000.000) 2023-12-14 02:31:15 Started transferring output files
...
040 (1973213.000.000) 2023-12-14 02:31:15 Finished transferring output files
...
005 (1973213.000.000) 2023-12-14 02:31:15 Job terminated.
	(1) Normal termination (return value 0)
		Usr 0 00:00:19, Sys 0 00:00:03  -  Run Remote Usage
		Usr 0 00:00:00, Sys 0 00:00:00  -  Run Local Usage
		Usr 0 00:00:19, Sys 0 00:00:03  -  Total Remote Usage
		Usr 0 00:00:00, Sys 0 00:00:00  -  Total Local Usage
	18803  -  Run Bytes Sent By Job
	0  -  Run Bytes Received By Job
	18803  -  Total Bytes Sent By Job
	0  -  Total Bytes Received By Job
	Partitionable Resources :    Usage  Request Allocated 
	   Cpus                 :     0.20        1         1 
	   Disk (KB)            :    97           2    312194 
	   Memory (MB)          :   657        2048      2048 

	Job terminated of its own accord at 2023-12-14T10:31:15Z with exit-code 0.
...
