000 (1973030.000.000) 2023-12-14 02:17:51 Job submitted from host: <172.24.33.226:11547?addrs=172.24.33.226-11547&alias=sdfrome002.sdf.slac.stanford.edu>
    DAG Node: 180db6cb-2420-4d1b-abcd-1d30d86e4639_ptcIsr_2023111202039_23
...
040 (1973030.000.000) 2023-12-14 02:29:40 Finished transferring input files
...
001 (1973030.000.000) 2023-12-14 02:29:40 Job executing on host: <172.24.33.147:42953?CCBID=172.24.33.225:9618%3faddrs%3d172.24.33.225-9618%26alias%3dsdfrome001.sdf.slac.stanford.edu#6219703&PrivNet=sdfrome082.sdf.slac.stanford.edu&addrs=172.24.33.147-42953&alias=sdfrome082.sdf.slac.stanford.edu>
	SlotName: slot_abrought_48_1_6@sdfrome082.sdf.slac.stanford.edu
...
006 (1973030.000.000) 2023-12-14 02:29:49 Image size of job updated: 290800
	83  -  MemoryUsage of job (MB)
	84456  -  ResidentSetSize of job (KB)
...
006 (1973030.000.000) 2023-12-14 02:30:34 Image size of job updated: 2069508
	1328  -  MemoryUsage of job (MB)
	1358876  -  ResidentSetSize of job (KB)
...
040 (1973030.000.000) 2023-12-14 02:30:34 Started transferring output files
...
040 (1973030.000.000) 2023-12-14 02:30:34 Finished transferring output files
...
005 (1973030.000.000) 2023-12-14 02:30:34 Job terminated.
	(1) Normal termination (return value 0)
		Usr 0 00:00:17, Sys 0 00:00:03  -  Run Remote Usage
		Usr 0 00:00:00, Sys 0 00:00:00  -  Run Local Usage
		Usr 0 00:00:17, Sys 0 00:00:03  -  Total Remote Usage
		Usr 0 00:00:00, Sys 0 00:00:00  -  Total Local Usage
	18802  -  Run Bytes Sent By Job
	0  -  Run Bytes Received By Job
	18802  -  Total Bytes Sent By Job
	0  -  Total Bytes Received By Job
	Partitionable Resources :    Usage  Request Allocated 
	   Cpus                 :                 1         1 
	   Disk (KB)            :       90        2    312116 
	   Memory (MB)          :     1328     2048      2048 

	Job terminated of its own accord at 2023-12-14T10:30:34Z with exit-code 0.
...
