000 (1971374.000.000) 2023-12-14 02:17:31 Job submitted from host: <172.24.33.226:11547?addrs=172.24.33.226-11547&alias=sdfrome002.sdf.slac.stanford.edu>
    DAG Node: e4eadb79-ab50-4ef6-a281-d96c8d21cbf7_ptcIsr_2023111300353_23
...
040 (1971374.000.000) 2023-12-14 02:24:52 Finished transferring input files
...
001 (1971374.000.000) 2023-12-14 02:24:52 Job executing on host: <172.24.48.185:41489?CCBID=172.24.33.225:9618%3faddrs%3d172.24.33.225-9618%26alias%3dsdfrome001.sdf.slac.stanford.edu#6219699&PrivNet=sdfmilan113.sdf.slac.stanford.edu&addrs=172.24.48.185-41489&alias=sdfmilan113.sdf.slac.stanford.edu>
	SlotName: slot_abrought_18623_1_18@sdfmilan113.sdf.slac.stanford.edu
...
006 (1971374.000.000) 2023-12-14 02:25:01 Image size of job updated: 316516
	107  -  MemoryUsage of job (MB)
	108576  -  ResidentSetSize of job (KB)
...
006 (1971374.000.000) 2023-12-14 02:25:55 Image size of job updated: 2176100
	107  -  MemoryUsage of job (MB)
	108576  -  ResidentSetSize of job (KB)
...
040 (1971374.000.000) 2023-12-14 02:25:56 Started transferring output files
...
040 (1971374.000.000) 2023-12-14 02:25:56 Finished transferring output files
...
005 (1971374.000.000) 2023-12-14 02:25:56 Job terminated.
	(1) Normal termination (return value 0)
		Usr 0 00:00:19, Sys 0 00:00:03  -  Run Remote Usage
		Usr 0 00:00:00, Sys 0 00:00:00  -  Run Local Usage
		Usr 0 00:00:19, Sys 0 00:00:03  -  Total Remote Usage
		Usr 0 00:00:00, Sys 0 00:00:00  -  Total Local Usage
	19072  -  Run Bytes Sent By Job
	0  -  Run Bytes Received By Job
	19072  -  Total Bytes Sent By Job
	0  -  Total Bytes Received By Job
	Partitionable Resources :    Usage  Request Allocated 
	   Cpus                 :                 1         1 
	   Disk (KB)            :       91        2    312194 
	   Memory (MB)          :      107     2048      2048 

	Job terminated of its own accord at 2023-12-14T10:25:55Z with exit-code 0.
...
