000 (1972894.000.000) 2023-12-14 02:17:49 Job submitted from host: <172.24.33.226:11547?addrs=172.24.33.226-11547&alias=sdfrome002.sdf.slac.stanford.edu>
    DAG Node: f50e93a6-20a2-41ff-bbb6-6a60f2db5f00_ptcIsr_2023111200450_23
...
040 (1972894.000.000) 2023-12-14 02:29:19 Finished transferring input files
...
001 (1972894.000.000) 2023-12-14 02:29:19 Job executing on host: <172.24.33.213:33037?CCBID=172.24.33.225:9618%3faddrs%3d172.24.33.225-9618%26alias%3dsdfrome001.sdf.slac.stanford.edu#6220039&PrivNet=sdfrome022.sdf.slac.stanford.edu&addrs=172.24.33.213-33037&alias=sdfrome022.sdf.slac.stanford.edu>
	SlotName: slot_abrought_15721_1_16@sdfrome022.sdf.slac.stanford.edu
...
006 (1972894.000.000) 2023-12-14 02:29:28 Image size of job updated: 277240
	71  -  MemoryUsage of job (MB)
	72364  -  ResidentSetSize of job (KB)
...
006 (1972894.000.000) 2023-12-14 02:30:29 Image size of job updated: 2038952
	71  -  MemoryUsage of job (MB)
	72364  -  ResidentSetSize of job (KB)
...
040 (1972894.000.000) 2023-12-14 02:30:29 Started transferring output files
...
040 (1972894.000.000) 2023-12-14 02:30:29 Finished transferring output files
...
005 (1972894.000.000) 2023-12-14 02:30:29 Job terminated.
	(1) Normal termination (return value 0)
		Usr 0 00:00:19, Sys 0 00:00:04  -  Run Remote Usage
		Usr 0 00:00:00, Sys 0 00:00:00  -  Run Local Usage
		Usr 0 00:00:19, Sys 0 00:00:04  -  Total Remote Usage
		Usr 0 00:00:00, Sys 0 00:00:00  -  Total Local Usage
	18806  -  Run Bytes Sent By Job
	0  -  Run Bytes Received By Job
	18806  -  Total Bytes Sent By Job
	0  -  Total Bytes Received By Job
	Partitionable Resources :    Usage  Request Allocated 
	   Cpus                 :                 1         1 
	   Disk (KB)            :       90        2    312194 
	   Memory (MB)          :       71     2048      2048 

	Job terminated of its own accord at 2023-12-14T10:30:29Z with exit-code 0.
...
