000 (1971249.000.000) 2023-12-14 02:17:31 Job submitted from host: <172.24.33.226:11547?addrs=172.24.33.226-11547&alias=sdfrome002.sdf.slac.stanford.edu>
    DAG Node: 9518f234-f6e8-4441-bd20-45244e6da16a_ptcIsr_2023111300554_23
...
040 (1971249.000.000) 2023-12-14 02:24:32 Finished transferring input files
...
001 (1971249.000.000) 2023-12-14 02:24:32 Job executing on host: <172.24.33.124:39697?CCBID=172.24.33.225:9618%3faddrs%3d172.24.33.225-9618%26alias%3dsdfrome001.sdf.slac.stanford.edu#6220015&PrivNet=sdfrome059.sdf.slac.stanford.edu&addrs=172.24.33.124-39697&alias=sdfrome059.sdf.slac.stanford.edu>
	SlotName: slot_abrought_7836_1_16@sdfrome059.sdf.slac.stanford.edu
...
006 (1971249.000.000) 2023-12-14 02:24:41 Image size of job updated: 337068
	124  -  MemoryUsage of job (MB)
	126888  -  ResidentSetSize of job (KB)
...
006 (1971249.000.000) 2023-12-14 02:25:18 Image size of job updated: 2067800
	665  -  MemoryUsage of job (MB)
	680272  -  ResidentSetSize of job (KB)
...
040 (1971249.000.000) 2023-12-14 02:25:18 Started transferring output files
...
040 (1971249.000.000) 2023-12-14 02:25:18 Finished transferring output files
...
005 (1971249.000.000) 2023-12-14 02:25:18 Job terminated.
	(1) Normal termination (return value 0)
		Usr 0 00:00:21, Sys 0 00:00:05  -  Run Remote Usage
		Usr 0 00:00:00, Sys 0 00:00:00  -  Run Local Usage
		Usr 0 00:00:21, Sys 0 00:00:05  -  Total Remote Usage
		Usr 0 00:00:00, Sys 0 00:00:00  -  Total Local Usage
	18802  -  Run Bytes Sent By Job
	0  -  Run Bytes Received By Job
	18802  -  Total Bytes Sent By Job
	0  -  Total Bytes Received By Job
	Partitionable Resources :    Usage  Request Allocated 
	   Cpus                 :                 1         1 
	   Disk (KB)            :       90        2    312194 
	   Memory (MB)          :      665     2048      2048 

	Job terminated of its own accord at 2023-12-14T10:25:18Z with exit-code 0.
...
