000 (1971652.000.000) 2023-12-14 02:17:36 Job submitted from host: <172.24.33.226:11547?addrs=172.24.33.226-11547&alias=sdfrome002.sdf.slac.stanford.edu>
    DAG Node: f38e906e-7eb0-4776-aa17-e17aa52230a0_ptcIsr_2023111203473_23
...
040 (1971652.000.000) 2023-12-14 02:25:33 Finished transferring input files
...
001 (1971652.000.000) 2023-12-14 02:25:33 Job executing on host: <172.24.48.186:33679?CCBID=172.24.33.225:9618%3faddrs%3d172.24.33.225-9618%26alias%3dsdfrome001.sdf.slac.stanford.edu#6219700&PrivNet=sdfmilan114.sdf.slac.stanford.edu&addrs=172.24.48.186-33679&alias=sdfmilan114.sdf.slac.stanford.edu>
	SlotName: slot_abrought_14493_1_6@sdfmilan114.sdf.slac.stanford.edu
...
006 (1971652.000.000) 2023-12-14 02:25:42 Image size of job updated: 316388
	106  -  MemoryUsage of job (MB)
	107960  -  ResidentSetSize of job (KB)
...
006 (1971652.000.000) 2023-12-14 02:26:21 Image size of job updated: 2109112
	1283  -  MemoryUsage of job (MB)
	1313196  -  ResidentSetSize of job (KB)
...
040 (1971652.000.000) 2023-12-14 02:26:21 Started transferring output files
...
040 (1971652.000.000) 2023-12-14 02:26:21 Finished transferring output files
...
005 (1971652.000.000) 2023-12-14 02:26:21 Job terminated.
	(1) Normal termination (return value 0)
		Usr 0 00:00:12, Sys 0 00:00:01  -  Run Remote Usage
		Usr 0 00:00:00, Sys 0 00:00:00  -  Run Local Usage
		Usr 0 00:00:12, Sys 0 00:00:01  -  Total Remote Usage
		Usr 0 00:00:00, Sys 0 00:00:00  -  Total Local Usage
	18975  -  Run Bytes Sent By Job
	0  -  Run Bytes Received By Job
	18975  -  Total Bytes Sent By Job
	0  -  Total Bytes Received By Job
	Partitionable Resources :    Usage  Request Allocated 
	   Cpus                 :                 1         1 
	   Disk (KB)            :       91        2    312193 
	   Memory (MB)          :     1283     2048      2048 

	Job terminated of its own accord at 2023-12-14T10:26:20Z with exit-code 0.
...
