000 (1970531.000.000) 2023-12-14 02:17:23 Job submitted from host: <172.24.33.226:11547?addrs=172.24.33.226-11547&alias=sdfrome002.sdf.slac.stanford.edu>
    DAG Node: ffb9f4a9-501e-48d4-a2f1-0aaedb11037b_ptcIsr_2023111201698_23
...
040 (1970531.000.000) 2023-12-14 02:22:16 Finished transferring input files
...
001 (1970531.000.000) 2023-12-14 02:22:16 Job executing on host: <172.24.48.193:46283?CCBID=172.24.33.225:9618%3faddrs%3d172.24.33.225-9618%26alias%3dsdfrome001.sdf.slac.stanford.edu#6219697&PrivNet=sdfmilan121.sdf.slac.stanford.edu&addrs=172.24.48.193-46283&alias=sdfmilan121.sdf.slac.stanford.edu>
	SlotName: slot_abrought_10210_1_23@sdfmilan121.sdf.slac.stanford.edu
...
006 (1970531.000.000) 2023-12-14 02:22:24 Image size of job updated: 339588
	126  -  MemoryUsage of job (MB)
	128096  -  ResidentSetSize of job (KB)
...
006 (1970531.000.000) 2023-12-14 02:23:10 Image size of job updated: 2144048
	622  -  MemoryUsage of job (MB)
	636392  -  ResidentSetSize of job (KB)
...
040 (1970531.000.000) 2023-12-14 02:23:10 Started transferring output files
...
040 (1970531.000.000) 2023-12-14 02:23:10 Finished transferring output files
...
005 (1970531.000.000) 2023-12-14 02:23:10 Job terminated.
	(1) Normal termination (return value 0)
		Usr 0 00:00:23, Sys 0 00:00:04  -  Run Remote Usage
		Usr 0 00:00:00, Sys 0 00:00:00  -  Run Local Usage
		Usr 0 00:00:23, Sys 0 00:00:04  -  Total Remote Usage
		Usr 0 00:00:00, Sys 0 00:00:00  -  Total Local Usage
	19073  -  Run Bytes Sent By Job
	0  -  Run Bytes Received By Job
	19073  -  Total Bytes Sent By Job
	0  -  Total Bytes Received By Job
	Partitionable Resources :    Usage  Request Allocated 
	   Cpus                 :                 1         1 
	   Disk (KB)            :       91        2    311595 
	   Memory (MB)          :      622     2048      2048 

	Job terminated of its own accord at 2023-12-14T10:23:10Z with exit-code 0.
...
