000 (1970675.000.000) 2023-12-14 02:17:24 Job submitted from host: <172.24.33.226:11547?addrs=172.24.33.226-11547&alias=sdfrome002.sdf.slac.stanford.edu>
    DAG Node: 011adf57-9306-4594-8f82-00cf889fb5ba_ptcIsr_2023111203398_23
...
040 (1970675.000.000) 2023-12-14 02:22:48 Finished transferring input files
...
001 (1970675.000.000) 2023-12-14 02:22:48 Job executing on host: <172.24.33.147:42953?CCBID=172.24.33.225:9618%3faddrs%3d172.24.33.225-9618%26alias%3dsdfrome001.sdf.slac.stanford.edu#6219703&PrivNet=sdfrome082.sdf.slac.stanford.edu&addrs=172.24.33.147-42953&alias=sdfrome082.sdf.slac.stanford.edu>
	SlotName: slot_abrought_48_1_10@sdfrome082.sdf.slac.stanford.edu
...
006 (1970675.000.000) 2023-12-14 02:22:57 Image size of job updated: 290804
	83  -  MemoryUsage of job (MB)
	84608  -  ResidentSetSize of job (KB)
...
006 (1970675.000.000) 2023-12-14 02:23:44 Image size of job updated: 2109264
	1339  -  MemoryUsage of job (MB)
	1370960  -  ResidentSetSize of job (KB)
...
040 (1970675.000.000) 2023-12-14 02:23:44 Started transferring output files
...
040 (1970675.000.000) 2023-12-14 02:23:44 Finished transferring output files
...
005 (1970675.000.000) 2023-12-14 02:23:45 Job terminated.
	(1) Normal termination (return value 0)
		Usr 0 00:00:17, Sys 0 00:00:02  -  Run Remote Usage
		Usr 0 00:00:00, Sys 0 00:00:00  -  Run Local Usage
		Usr 0 00:00:17, Sys 0 00:00:02  -  Total Remote Usage
		Usr 0 00:00:00, Sys 0 00:00:00  -  Total Local Usage
	18802  -  Run Bytes Sent By Job
	0  -  Run Bytes Received By Job
	18802  -  Total Bytes Sent By Job
	0  -  Total Bytes Received By Job
	Partitionable Resources :    Usage  Request Allocated 
	   Cpus                 :                 1         1 
	   Disk (KB)            :       90        2    312116 
	   Memory (MB)          :     1339     2048      2048 

	Job terminated of its own accord at 2023-12-14T10:23:44Z with exit-code 0.
...
