000 (1969683.000.000) 2023-12-14 02:17:11 Job submitted from host: <172.24.33.226:11547?addrs=172.24.33.226-11547&alias=sdfrome002.sdf.slac.stanford.edu>
    DAG Node: b6940683-0cb0-4bad-ba92-566577888b35_ptcIsr_2023111202103_23
...
040 (1969683.000.000) 2023-12-14 02:19:37 Finished transferring input files
...
001 (1969683.000.000) 2023-12-14 02:19:37 Job executing on host: <172.24.48.186:33679?CCBID=172.24.33.225:9618%3faddrs%3d172.24.33.225-9618%26alias%3dsdfrome001.sdf.slac.stanford.edu#6219700&PrivNet=sdfmilan114.sdf.slac.stanford.edu&addrs=172.24.48.186-33679&alias=sdfmilan114.sdf.slac.stanford.edu>
	SlotName: slot_abrought_14493_1_2@sdfmilan114.sdf.slac.stanford.edu
...
006 (1969683.000.000) 2023-12-14 02:19:46 Image size of job updated: 346584
	132  -  MemoryUsage of job (MB)
	134548  -  ResidentSetSize of job (KB)
...
006 (1969683.000.000) 2023-12-14 02:20:27 Image size of job updated: 2118908
	627  -  MemoryUsage of job (MB)
	641096  -  ResidentSetSize of job (KB)
...
040 (1969683.000.000) 2023-12-14 02:20:27 Started transferring output files
...
040 (1969683.000.000) 2023-12-14 02:20:27 Finished transferring output files
...
005 (1969683.000.000) 2023-12-14 02:20:27 Job terminated.
	(1) Normal termination (return value 0)
		Usr 0 00:00:22, Sys 0 00:00:02  -  Run Remote Usage
		Usr 0 00:00:00, Sys 0 00:00:00  -  Run Local Usage
		Usr 0 00:00:22, Sys 0 00:00:02  -  Total Remote Usage
		Usr 0 00:00:00, Sys 0 00:00:00  -  Total Local Usage
	18805  -  Run Bytes Sent By Job
	0  -  Run Bytes Received By Job
	18805  -  Total Bytes Sent By Job
	0  -  Total Bytes Received By Job
	Partitionable Resources :    Usage  Request Allocated 
	   Cpus                 :                 1         1 
	   Disk (KB)            :       90        2    312193 
	   Memory (MB)          :      627     2048      2048 

	Job terminated of its own accord at 2023-12-14T10:20:27Z with exit-code 0.
...
