000 (1971299.000.000) 2023-12-14 02:17:31 Job submitted from host: <172.24.33.226:11547?addrs=172.24.33.226-11547&alias=sdfrome002.sdf.slac.stanford.edu>
    DAG Node: da4bea6d-6f3b-49fc-8560-51e405c74b06_ptcIsr_2023111100966_23
...
040 (1971299.000.000) 2023-12-14 02:24:38 Finished transferring input files
...
001 (1971299.000.000) 2023-12-14 02:24:38 Job executing on host: <172.24.33.213:43829?CCBID=172.24.33.225:9618%3faddrs%3d172.24.33.225-9618%26alias%3dsdfrome001.sdf.slac.stanford.edu#6220038&PrivNet=sdfrome022.sdf.slac.stanford.edu&addrs=172.24.33.213-43829&alias=sdfrome022.sdf.slac.stanford.edu>
	SlotName: slot_abrought_31850_1_16@sdfrome022.sdf.slac.stanford.edu
...
006 (1971299.000.000) 2023-12-14 02:24:47 Image size of job updated: 277232
	71  -  MemoryUsage of job (MB)
	72344  -  ResidentSetSize of job (KB)
...
006 (1971299.000.000) 2023-12-14 02:25:29 Image size of job updated: 2121200
	71  -  MemoryUsage of job (MB)
	72344  -  ResidentSetSize of job (KB)
...
040 (1971299.000.000) 2023-12-14 02:25:30 Started transferring output files
...
040 (1971299.000.000) 2023-12-14 02:25:30 Finished transferring output files
...
005 (1971299.000.000) 2023-12-14 02:25:30 Job terminated.
	(1) Normal termination (return value 0)
		Usr 0 00:00:24, Sys 0 00:00:04  -  Run Remote Usage
		Usr 0 00:00:00, Sys 0 00:00:00  -  Run Local Usage
		Usr 0 00:00:24, Sys 0 00:00:04  -  Total Remote Usage
		Usr 0 00:00:00, Sys 0 00:00:00  -  Total Local Usage
	18803  -  Run Bytes Sent By Job
	0  -  Run Bytes Received By Job
	18803  -  Total Bytes Sent By Job
	0  -  Total Bytes Received By Job
	Partitionable Resources :    Usage  Request Allocated 
	   Cpus                 :                 1         1 
	   Disk (KB)            :       90        2    312194 
	   Memory (MB)          :       71     2048      2048 

	Job terminated of its own accord at 2023-12-14T10:25:29Z with exit-code 0.
...
