000 (1971458.000.000) 2023-12-14 02:17:31 Job submitted from host: <172.24.33.226:11547?addrs=172.24.33.226-11547&alias=sdfrome002.sdf.slac.stanford.edu>
    DAG Node: 986ac329-3b02-48a3-84e7-ba72e1163676_ptcIsr_2023111101452_23
...
040 (1971458.000.000) 2023-12-14 02:25:07 Finished transferring input files
...
001 (1971458.000.000) 2023-12-14 02:25:07 Job executing on host: <172.24.33.147:42953?CCBID=172.24.33.225:9618%3faddrs%3d172.24.33.225-9618%26alias%3dsdfrome001.sdf.slac.stanford.edu#6219703&PrivNet=sdfrome082.sdf.slac.stanford.edu&addrs=172.24.33.147-42953&alias=sdfrome082.sdf.slac.stanford.edu>
	SlotName: slot_abrought_48_1_1@sdfrome082.sdf.slac.stanford.edu
...
006 (1971458.000.000) 2023-12-14 02:25:16 Image size of job updated: 295220
	87  -  MemoryUsage of job (MB)
	89044  -  ResidentSetSize of job (KB)
...
006 (1971458.000.000) 2023-12-14 02:26:01 Image size of job updated: 2128068
	613  -  MemoryUsage of job (MB)
	626924  -  ResidentSetSize of job (KB)
...
040 (1971458.000.000) 2023-12-14 02:26:01 Started transferring output files
...
040 (1971458.000.000) 2023-12-14 02:26:01 Finished transferring output files
...
005 (1971458.000.000) 2023-12-14 02:26:01 Job terminated.
	(1) Normal termination (return value 0)
		Usr 0 00:00:22, Sys 0 00:00:03  -  Run Remote Usage
		Usr 0 00:00:00, Sys 0 00:00:00  -  Run Local Usage
		Usr 0 00:00:22, Sys 0 00:00:03  -  Total Remote Usage
		Usr 0 00:00:00, Sys 0 00:00:00  -  Total Local Usage
	18802  -  Run Bytes Sent By Job
	0  -  Run Bytes Received By Job
	18802  -  Total Bytes Sent By Job
	0  -  Total Bytes Received By Job
	Partitionable Resources :    Usage  Request Allocated 
	   Cpus                 :                 1         1 
	   Disk (KB)            :       90        2    312116 
	   Memory (MB)          :      613     2048      2048 

	Job terminated of its own accord at 2023-12-14T10:26:01Z with exit-code 0.
...
