000 (1972700.000.000) 2023-12-14 02:17:48 Job submitted from host: <172.24.33.226:11547?addrs=172.24.33.226-11547&alias=sdfrome002.sdf.slac.stanford.edu>
    DAG Node: bb83b74d-0c04-4f15-a0a5-e3a2639ecd34_ptcIsr_2023111301109_23
...
040 (1972700.000.000) 2023-12-14 02:28:43 Finished transferring input files
...
001 (1972700.000.000) 2023-12-14 02:28:43 Job executing on host: <172.24.33.124:39697?CCBID=172.24.33.225:9618%3faddrs%3d172.24.33.225-9618%26alias%3dsdfrome001.sdf.slac.stanford.edu#6220015&PrivNet=sdfrome059.sdf.slac.stanford.edu&addrs=172.24.33.124-39697&alias=sdfrome059.sdf.slac.stanford.edu>
	SlotName: slot_abrought_7836_1_14@sdfrome059.sdf.slac.stanford.edu
...
006 (1972700.000.000) 2023-12-14 02:28:52 Image size of job updated: 283772
	76  -  MemoryUsage of job (MB)
	77716  -  ResidentSetSize of job (KB)
...
006 (1972700.000.000) 2023-12-14 02:29:44 Image size of job updated: 2087864
	1296  -  MemoryUsage of job (MB)
	1326188  -  ResidentSetSize of job (KB)
...
040 (1972700.000.000) 2023-12-14 02:29:44 Started transferring output files
...
040 (1972700.000.000) 2023-12-14 02:29:44 Finished transferring output files
...
005 (1972700.000.000) 2023-12-14 02:29:44 Job terminated.
	(1) Normal termination (return value 0)
		Usr 0 00:00:16, Sys 0 00:00:03  -  Run Remote Usage
		Usr 0 00:00:00, Sys 0 00:00:00  -  Run Local Usage
		Usr 0 00:00:16, Sys 0 00:00:03  -  Total Remote Usage
		Usr 0 00:00:00, Sys 0 00:00:00  -  Total Local Usage
	19072  -  Run Bytes Sent By Job
	0  -  Run Bytes Received By Job
	19072  -  Total Bytes Sent By Job
	0  -  Total Bytes Received By Job
	Partitionable Resources :    Usage  Request Allocated 
	   Cpus                 :     0.21        1         1 
	   Disk (KB)            :    97           2    312194 
	   Memory (MB)          :  1296        2048      2048 

	Job terminated of its own accord at 2023-12-14T10:29:44Z with exit-code 0.
...
