000 (1970196.000.000) 2023-12-14 02:17:18 Job submitted from host: <172.24.33.226:11547?addrs=172.24.33.226-11547&alias=sdfrome002.sdf.slac.stanford.edu>
    DAG Node: 6677085a-148f-4035-926e-7e9528f7801c_ptcIsr_2023111201370_23
...
040 (1970196.000.000) 2023-12-14 02:21:13 Finished transferring input files
...
001 (1970196.000.000) 2023-12-14 02:21:13 Job executing on host: <172.24.33.124:39697?CCBID=172.24.33.225:9618%3faddrs%3d172.24.33.225-9618%26alias%3dsdfrome001.sdf.slac.stanford.edu#6220015&PrivNet=sdfrome059.sdf.slac.stanford.edu&addrs=172.24.33.124-39697&alias=sdfrome059.sdf.slac.stanford.edu>
	SlotName: slot_abrought_7836_1_3@sdfrome059.sdf.slac.stanford.edu
...
006 (1970196.000.000) 2023-12-14 02:21:23 Image size of job updated: 343760
	129  -  MemoryUsage of job (MB)
	131764  -  ResidentSetSize of job (KB)
...
006 (1970196.000.000) 2023-12-14 02:22:03 Image size of job updated: 2030756
	611  -  MemoryUsage of job (MB)
	625040  -  ResidentSetSize of job (KB)
...
040 (1970196.000.000) 2023-12-14 02:22:03 Started transferring output files
...
040 (1970196.000.000) 2023-12-14 02:22:03 Finished transferring output files
...
005 (1970196.000.000) 2023-12-14 02:22:03 Job terminated.
	(1) Normal termination (return value 0)
		Usr 0 00:00:22, Sys 0 00:00:07  -  Run Remote Usage
		Usr 0 00:00:00, Sys 0 00:00:00  -  Run Local Usage
		Usr 0 00:00:22, Sys 0 00:00:07  -  Total Remote Usage
		Usr 0 00:00:00, Sys 0 00:00:00  -  Total Local Usage
	18801  -  Run Bytes Sent By Job
	0  -  Run Bytes Received By Job
	18801  -  Total Bytes Sent By Job
	0  -  Total Bytes Received By Job
	Partitionable Resources :    Usage  Request Allocated 
	   Cpus                 :                 1         1 
	   Disk (KB)            :       90        2    312194 
	   Memory (MB)          :      611     2048      2048 

	Job terminated of its own accord at 2023-12-14T10:22:03Z with exit-code 0.
...
