000 (1971716.000.000) 2023-12-14 02:17:36 Job submitted from host: <172.24.33.226:11547?addrs=172.24.33.226-11547&alias=sdfrome002.sdf.slac.stanford.edu>
    DAG Node: a119c2f3-8317-46dd-8d6b-d049b8f69dc3_ptcIsr_2023111202588_23
...
040 (1971716.000.000) 2023-12-14 02:25:47 Finished transferring input files
...
001 (1971716.000.000) 2023-12-14 02:25:48 Job executing on host: <172.24.33.213:34935?CCBID=172.24.33.225:9618%3faddrs%3d172.24.33.225-9618%26alias%3dsdfrome001.sdf.slac.stanford.edu#6220035&PrivNet=sdfrome022.sdf.slac.stanford.edu&addrs=172.24.33.213-34935&alias=sdfrome022.sdf.slac.stanford.edu>
	SlotName: slot_abrought_12392_1_20@sdfrome022.sdf.slac.stanford.edu
...
006 (1971716.000.000) 2023-12-14 02:25:57 Image size of job updated: 69764
	10  -  MemoryUsage of job (MB)
	10128  -  ResidentSetSize of job (KB)
...
006 (1971716.000.000) 2023-12-14 02:30:20 Image size of job updated: 2144452
	10  -  MemoryUsage of job (MB)
	10128  -  ResidentSetSize of job (KB)
...
040 (1971716.000.000) 2023-12-14 02:30:21 Started transferring output files
...
040 (1971716.000.000) 2023-12-14 02:30:21 Finished transferring output files
...
005 (1971716.000.000) 2023-12-14 02:30:24 Job terminated.
	(1) Normal termination (return value 0)
		Usr 0 00:00:19, Sys 0 00:00:03  -  Run Remote Usage
		Usr 0 00:00:00, Sys 0 00:00:00  -  Run Local Usage
		Usr 0 00:00:19, Sys 0 00:00:03  -  Total Remote Usage
		Usr 0 00:00:00, Sys 0 00:00:00  -  Total Local Usage
	18805  -  Run Bytes Sent By Job
	0  -  Run Bytes Received By Job
	18805  -  Total Bytes Sent By Job
	0  -  Total Bytes Received By Job
	Partitionable Resources :    Usage  Request Allocated 
	   Cpus                 :     0.06        1         1 
	   Disk (KB)            :    97           2    312194 
	   Memory (MB)          :    10        2048      2048 

	Job terminated of its own accord at 2023-12-14T10:30:19Z with exit-code 0.
...
