000 (1970657.000.000) 2023-12-14 02:17:24 Job submitted from host: <172.24.33.226:11547?addrs=172.24.33.226-11547&alias=sdfrome002.sdf.slac.stanford.edu>
    DAG Node: 6137f765-f8c0-452a-950f-641d7111f17b_ptcIsr_2023111201518_23
...
040 (1970657.000.000) 2023-12-14 02:22:40 Finished transferring input files
...
001 (1970657.000.000) 2023-12-14 02:22:40 Job executing on host: <172.24.33.147:42953?CCBID=172.24.33.225:9618%3faddrs%3d172.24.33.225-9618%26alias%3dsdfrome001.sdf.slac.stanford.edu#6219703&PrivNet=sdfrome082.sdf.slac.stanford.edu&addrs=172.24.33.147-42953&alias=sdfrome082.sdf.slac.stanford.edu>
	SlotName: slot_abrought_48_1_8@sdfrome082.sdf.slac.stanford.edu
...
006 (1970657.000.000) 2023-12-14 02:22:48 Image size of job updated: 308584
	99  -  MemoryUsage of job (MB)
	100680  -  ResidentSetSize of job (KB)
...
006 (1970657.000.000) 2023-12-14 02:23:27 Image size of job updated: 2176368
	656  -  MemoryUsage of job (MB)
	671576  -  ResidentSetSize of job (KB)
...
040 (1970657.000.000) 2023-12-14 02:23:27 Started transferring output files
...
040 (1970657.000.000) 2023-12-14 02:23:27 Finished transferring output files
...
005 (1970657.000.000) 2023-12-14 02:23:27 Job terminated.
	(1) Normal termination (return value 0)
		Usr 0 00:00:22, Sys 0 00:00:02  -  Run Remote Usage
		Usr 0 00:00:00, Sys 0 00:00:00  -  Run Local Usage
		Usr 0 00:00:22, Sys 0 00:00:02  -  Total Remote Usage
		Usr 0 00:00:00, Sys 0 00:00:00  -  Total Local Usage
	19073  -  Run Bytes Sent By Job
	0  -  Run Bytes Received By Job
	19073  -  Total Bytes Sent By Job
	0  -  Total Bytes Received By Job
	Partitionable Resources :    Usage  Request Allocated 
	   Cpus                 :                 1         1 
	   Disk (KB)            :       91        2    312116 
	   Memory (MB)          :      656     2048      2048 

	Job terminated of its own accord at 2023-12-14T10:23:27Z with exit-code 0.
...
