000 (1969605.000.000) 2023-12-14 02:17:11 Job submitted from host: <172.24.33.226:11547?addrs=172.24.33.226-11547&alias=sdfrome002.sdf.slac.stanford.edu>
    DAG Node: 1c063765-e7e3-45ce-a593-a0da18796250_ptcIsr_2023110800490_23
...
040 (1969605.000.000) 2023-12-14 02:18:56 Finished transferring input files
...
001 (1969605.000.000) 2023-12-14 02:18:56 Job executing on host: <172.24.48.186:33679?CCBID=172.24.33.225:9618%3faddrs%3d172.24.33.225-9618%26alias%3dsdfrome001.sdf.slac.stanford.edu#6219700&PrivNet=sdfmilan114.sdf.slac.stanford.edu&addrs=172.24.48.186-33679&alias=sdfmilan114.sdf.slac.stanford.edu>
	SlotName: slot_abrought_14493_1_10@sdfmilan114.sdf.slac.stanford.edu
...
006 (1969605.000.000) 2023-12-14 02:19:04 Image size of job updated: 340480
	127  -  MemoryUsage of job (MB)
	129148  -  ResidentSetSize of job (KB)
...
006 (1969605.000.000) 2023-12-14 02:19:42 Image size of job updated: 2126724
	655  -  MemoryUsage of job (MB)
	670536  -  ResidentSetSize of job (KB)
...
040 (1969605.000.000) 2023-12-14 02:19:42 Started transferring output files
...
040 (1969605.000.000) 2023-12-14 02:19:42 Finished transferring output files
...
005 (1969605.000.000) 2023-12-14 02:19:42 Job terminated.
	(1) Normal termination (return value 0)
		Usr 0 00:00:23, Sys 0 00:00:02  -  Run Remote Usage
		Usr 0 00:00:00, Sys 0 00:00:00  -  Run Local Usage
		Usr 0 00:00:23, Sys 0 00:00:02  -  Total Remote Usage
		Usr 0 00:00:00, Sys 0 00:00:00  -  Total Local Usage
	18532  -  Run Bytes Sent By Job
	0  -  Run Bytes Received By Job
	18532  -  Total Bytes Sent By Job
	0  -  Total Bytes Received By Job
	Partitionable Resources :    Usage  Request Allocated 
	   Cpus                 :                 1         1 
	   Disk (KB)            :       90        2    312193 
	   Memory (MB)          :      655     2048      2048 

	Job terminated of its own accord at 2023-12-14T10:19:42Z with exit-code 0.
...
