000 (1972338.000.000) 2023-12-14 02:17:43 Job submitted from host: <172.24.33.226:11547?addrs=172.24.33.226-11547&alias=sdfrome002.sdf.slac.stanford.edu>
    DAG Node: 35f60a8a-778e-4448-936b-9d5de30b82e8_ptcIsr_2023111101993_23
...
040 (1972338.000.000) 2023-12-14 02:27:34 Finished transferring input files
...
001 (1972338.000.000) 2023-12-14 02:27:34 Job executing on host: <172.24.48.149:38613?CCBID=172.24.33.225:9618%3faddrs%3d172.24.33.225-9618%26alias%3dsdfrome001.sdf.slac.stanford.edu#6219698&PrivNet=sdfmilan049.sdf.slac.stanford.edu&addrs=172.24.48.149-38613&alias=sdfmilan049.sdf.slac.stanford.edu>
	SlotName: slot_abrought_1727_1_4@sdfmilan049.sdf.slac.stanford.edu
...
006 (1972338.000.000) 2023-12-14 02:27:43 Image size of job updated: 69764
	11  -  MemoryUsage of job (MB)
	10328  -  ResidentSetSize of job (KB)
...
006 (1972338.000.000) 2023-12-14 02:28:38 Image size of job updated: 2077120
	617  -  MemoryUsage of job (MB)
	631420  -  ResidentSetSize of job (KB)
...
040 (1972338.000.000) 2023-12-14 02:28:38 Started transferring output files
...
040 (1972338.000.000) 2023-12-14 02:28:38 Finished transferring output files
...
005 (1972338.000.000) 2023-12-14 02:28:38 Job terminated.
	(1) Normal termination (return value 0)
		Usr 0 00:00:25, Sys 0 00:00:02  -  Run Remote Usage
		Usr 0 00:00:00, Sys 0 00:00:00  -  Run Local Usage
		Usr 0 00:00:25, Sys 0 00:00:02  -  Total Remote Usage
		Usr 0 00:00:00, Sys 0 00:00:00  -  Total Local Usage
	18532  -  Run Bytes Sent By Job
	0  -  Run Bytes Received By Job
	18532  -  Total Bytes Sent By Job
	0  -  Total Bytes Received By Job
	Partitionable Resources :    Usage  Request Allocated 
	   Cpus                 :                 1         1 
	   Disk (KB)            :       90        2    312194 
	   Memory (MB)          :      617     2048      2048 

	Job terminated of its own accord at 2023-12-14T10:28:38Z with exit-code 0.
...
