000 (1969348.000.000) 2023-12-14 02:17:07 Job submitted from host: <172.24.33.226:11547?addrs=172.24.33.226-11547&alias=sdfrome002.sdf.slac.stanford.edu>
    DAG Node: 8a55d97a-b9dc-4e6b-acd7-5d9499cea4c7_ptcIsr_2023111201170_23
...
040 (1969348.000.000) 2023-12-14 02:17:08 Finished transferring input files
...
001 (1969348.000.000) 2023-12-14 02:17:09 Job executing on host: <172.24.33.147:42953?CCBID=172.24.33.225:9618%3faddrs%3d172.24.33.225-9618%26alias%3dsdfrome001.sdf.slac.stanford.edu#6219703&PrivNet=sdfrome082.sdf.slac.stanford.edu&addrs=172.24.33.147-42953&alias=sdfrome082.sdf.slac.stanford.edu>
	SlotName: slot_abrought_48_1_5@sdfrome082.sdf.slac.stanford.edu
...
006 (1969348.000.000) 2023-12-14 02:17:17 Image size of job updated: 329580
	117  -  MemoryUsage of job (MB)
	119172  -  ResidentSetSize of job (KB)
...
006 (1969348.000.000) 2023-12-14 02:17:58 Image size of job updated: 2121700
	630  -  MemoryUsage of job (MB)
	645020  -  ResidentSetSize of job (KB)
...
040 (1969348.000.000) 2023-12-14 02:17:58 Started transferring output files
...
040 (1969348.000.000) 2023-12-14 02:17:58 Finished transferring output files
...
005 (1969348.000.000) 2023-12-14 02:17:58 Job terminated.
	(1) Normal termination (return value 0)
		Usr 0 00:00:21, Sys 0 00:00:03  -  Run Remote Usage
		Usr 0 00:00:00, Sys 0 00:00:00  -  Run Local Usage
		Usr 0 00:00:21, Sys 0 00:00:03  -  Total Remote Usage
		Usr 0 00:00:00, Sys 0 00:00:00  -  Total Local Usage
	19076  -  Run Bytes Sent By Job
	0  -  Run Bytes Received By Job
	19076  -  Total Bytes Sent By Job
	0  -  Total Bytes Received By Job
	Partitionable Resources :    Usage  Request Allocated 
	   Cpus                 :                 1         1 
	   Disk (KB)            :       90        2    312116 
	   Memory (MB)          :      630     2048      2048 

	Job terminated of its own accord at 2023-12-14T10:17:58Z with exit-code 0.
...
