000 (1970869.000.000) 2023-12-14 02:17:25 Job submitted from host: <172.24.33.226:11547?addrs=172.24.33.226-11547&alias=sdfrome002.sdf.slac.stanford.edu>
    DAG Node: 3cbea23e-8391-4546-959e-56203e2a10ca_ptcIsr_2023111203117_23
...
040 (1970869.000.000) 2023-12-14 02:23:23 Finished transferring input files
...
001 (1970869.000.000) 2023-12-14 02:23:23 Job executing on host: <172.24.33.143:37205?CCBID=172.24.33.225:9618%3faddrs%3d172.24.33.225-9618%26alias%3dsdfrome001.sdf.slac.stanford.edu#6220499&PrivNet=sdfrome078.sdf.slac.stanford.edu&addrs=172.24.33.143-37205&alias=sdfrome078.sdf.slac.stanford.edu>
	SlotName: slot_abrought_7348_1_13@sdfrome078.sdf.slac.stanford.edu
...
006 (1970869.000.000) 2023-12-14 02:23:31 Image size of job updated: 277096
	70  -  MemoryUsage of job (MB)
	71636  -  ResidentSetSize of job (KB)
...
006 (1970869.000.000) 2023-12-14 02:24:24 Image size of job updated: 2088032
	70  -  MemoryUsage of job (MB)
	71636  -  ResidentSetSize of job (KB)
...
040 (1970869.000.000) 2023-12-14 02:24:24 Started transferring output files
...
040 (1970869.000.000) 2023-12-14 02:24:24 Finished transferring output files
...
005 (1970869.000.000) 2023-12-14 02:24:24 Job terminated.
	(1) Normal termination (return value 0)
		Usr 0 00:00:24, Sys 0 00:00:04  -  Run Remote Usage
		Usr 0 00:00:00, Sys 0 00:00:00  -  Run Local Usage
		Usr 0 00:00:24, Sys 0 00:00:04  -  Total Remote Usage
		Usr 0 00:00:00, Sys 0 00:00:00  -  Total Local Usage
	19075  -  Run Bytes Sent By Job
	0  -  Run Bytes Received By Job
	19075  -  Total Bytes Sent By Job
	0  -  Total Bytes Received By Job
	Partitionable Resources :    Usage  Request Allocated 
	   Cpus                 :                 1         1 
	   Disk (KB)            :       91        2    312194 
	   Memory (MB)          :       70     2048      2048 

	Job terminated of its own accord at 2023-12-14T10:24:24Z with exit-code 0.
...
