000 (1970104.000.000) 2023-12-14 02:17:17 Job submitted from host: <172.24.33.226:11547?addrs=172.24.33.226-11547&alias=sdfrome002.sdf.slac.stanford.edu>
    DAG Node: 797582e5-0be0-4906-9878-eec8cd0ba108_ptcIsr_2023111300959_23
...
040 (1970104.000.000) 2023-12-14 02:20:53 Finished transferring input files
...
001 (1970104.000.000) 2023-12-14 02:20:53 Job executing on host: <172.24.33.147:42953?CCBID=172.24.33.225:9618%3faddrs%3d172.24.33.225-9618%26alias%3dsdfrome001.sdf.slac.stanford.edu#6219703&PrivNet=sdfrome082.sdf.slac.stanford.edu&addrs=172.24.33.147-42953&alias=sdfrome082.sdf.slac.stanford.edu>
	SlotName: slot_abrought_48_1_8@sdfrome082.sdf.slac.stanford.edu
...
006 (1970104.000.000) 2023-12-14 02:21:02 Image size of job updated: 293484
	86  -  MemoryUsage of job (MB)
	87476  -  ResidentSetSize of job (KB)
...
006 (1970104.000.000) 2023-12-14 02:21:46 Image size of job updated: 2163596
	622  -  MemoryUsage of job (MB)
	636296  -  ResidentSetSize of job (KB)
...
040 (1970104.000.000) 2023-12-14 02:21:46 Started transferring output files
...
040 (1970104.000.000) 2023-12-14 02:21:46 Finished transferring output files
...
005 (1970104.000.000) 2023-12-14 02:21:46 Job terminated.
	(1) Normal termination (return value 0)
		Usr 0 00:00:20, Sys 0 00:00:03  -  Run Remote Usage
		Usr 0 00:00:00, Sys 0 00:00:00  -  Run Local Usage
		Usr 0 00:00:20, Sys 0 00:00:03  -  Total Remote Usage
		Usr 0 00:00:00, Sys 0 00:00:00  -  Total Local Usage
	19073  -  Run Bytes Sent By Job
	0  -  Run Bytes Received By Job
	19073  -  Total Bytes Sent By Job
	0  -  Total Bytes Received By Job
	Partitionable Resources :    Usage  Request Allocated 
	   Cpus                 :     0.97        1         1 
	   Disk (KB)            :    97           2    312116 
	   Memory (MB)          :   622        2048      2048 

	Job terminated of its own accord at 2023-12-14T10:21:46Z with exit-code 0.
...
