000 (1971220.000.000) 2023-12-14 02:17:30 Job submitted from host: <172.24.33.226:11547?addrs=172.24.33.226-11547&alias=sdfrome002.sdf.slac.stanford.edu>
    DAG Node: 6643cbae-6a57-4162-9f7e-682cb58d308f_ptcIsr_2023111200017_23
...
040 (1971220.000.000) 2023-12-14 02:24:25 Finished transferring input files
...
001 (1971220.000.000) 2023-12-14 02:24:25 Job executing on host: <172.24.48.185:41489?CCBID=172.24.33.225:9618%3faddrs%3d172.24.33.225-9618%26alias%3dsdfrome001.sdf.slac.stanford.edu#6219699&PrivNet=sdfmilan113.sdf.slac.stanford.edu&addrs=172.24.48.185-41489&alias=sdfmilan113.sdf.slac.stanford.edu>
	SlotName: slot_abrought_18623_1_9@sdfmilan113.sdf.slac.stanford.edu
...
006 (1971220.000.000) 2023-12-14 02:24:34 Image size of job updated: 290800
	84  -  MemoryUsage of job (MB)
	85128  -  ResidentSetSize of job (KB)
...
006 (1971220.000.000) 2023-12-14 02:25:32 Image size of job updated: 2068296
	84  -  MemoryUsage of job (MB)
	85128  -  ResidentSetSize of job (KB)
...
040 (1971220.000.000) 2023-12-14 02:25:32 Started transferring output files
...
040 (1971220.000.000) 2023-12-14 02:25:32 Finished transferring output files
...
005 (1971220.000.000) 2023-12-14 02:25:32 Job terminated.
	(1) Normal termination (return value 0)
		Usr 0 00:00:18, Sys 0 00:00:03  -  Run Remote Usage
		Usr 0 00:00:00, Sys 0 00:00:00  -  Run Local Usage
		Usr 0 00:00:18, Sys 0 00:00:03  -  Total Remote Usage
		Usr 0 00:00:00, Sys 0 00:00:00  -  Total Local Usage
	18801  -  Run Bytes Sent By Job
	0  -  Run Bytes Received By Job
	18801  -  Total Bytes Sent By Job
	0  -  Total Bytes Received By Job
	Partitionable Resources :    Usage  Request Allocated 
	   Cpus                 :                 1         1 
	   Disk (KB)            :       90        2    312194 
	   Memory (MB)          :       84     2048      2048 

	Job terminated of its own accord at 2023-12-14T10:25:31Z with exit-code 0.
...
