000 (1971556.000.000) 2023-12-14 02:17:35 Job submitted from host: <172.24.33.226:11547?addrs=172.24.33.226-11547&alias=sdfrome002.sdf.slac.stanford.edu>
    DAG Node: de3fd107-3427-40a8-8fe6-85800a0caef9_ptcIsr_2023111202469_23
...
040 (1971556.000.000) 2023-12-14 02:25:25 Finished transferring input files
...
001 (1971556.000.000) 2023-12-14 02:25:25 Job executing on host: <172.24.33.143:35625?CCBID=172.24.33.225:9618%3faddrs%3d172.24.33.225-9618%26alias%3dsdfrome001.sdf.slac.stanford.edu#6220497&PrivNet=sdfrome078.sdf.slac.stanford.edu&addrs=172.24.33.143-35625&alias=sdfrome078.sdf.slac.stanford.edu>
	SlotName: slot_abrought_7235_1_8@sdfrome078.sdf.slac.stanford.edu
...
006 (1971556.000.000) 2023-12-14 02:25:35 Image size of job updated: 280760
	74  -  MemoryUsage of job (MB)
	75392  -  ResidentSetSize of job (KB)
...
006 (1971556.000.000) 2023-12-14 02:30:01 Image size of job updated: 2243032
	74  -  MemoryUsage of job (MB)
	75392  -  ResidentSetSize of job (KB)
...
040 (1971556.000.000) 2023-12-14 02:30:03 Started transferring output files
...
040 (1971556.000.000) 2023-12-14 02:30:03 Finished transferring output files
...
005 (1971556.000.000) 2023-12-14 02:30:03 Job terminated.
	(1) Normal termination (return value 0)
		Usr 0 00:00:20, Sys 0 00:00:03  -  Run Remote Usage
		Usr 0 00:00:00, Sys 0 00:00:00  -  Run Local Usage
		Usr 0 00:00:20, Sys 0 00:00:03  -  Total Remote Usage
		Usr 0 00:00:00, Sys 0 00:00:00  -  Total Local Usage
	19074  -  Run Bytes Sent By Job
	0  -  Run Bytes Received By Job
	19074  -  Total Bytes Sent By Job
	0  -  Total Bytes Received By Job
	Partitionable Resources :    Usage  Request Allocated 
	   Cpus                 :     0.09        1         1 
	   Disk (KB)            :    97           2    312194 
	   Memory (MB)          :    74        2048      2048 

	Job terminated of its own accord at 2023-12-14T10:30:01Z with exit-code 0.
...
