000 (1972887.000.000) 2023-12-14 02:17:49 Job submitted from host: <172.24.33.226:11547?addrs=172.24.33.226-11547&alias=sdfrome002.sdf.slac.stanford.edu>
    DAG Node: cb4dc7aa-1eaf-4ad8-8d66-e55b5a456f69_ptcIsr_2023111101255_23
...
040 (1972887.000.000) 2023-12-14 02:29:18 Finished transferring input files
...
001 (1972887.000.000) 2023-12-14 02:29:19 Job executing on host: <172.24.33.213:41467?CCBID=172.24.33.225:9618%3faddrs%3d172.24.33.225-9618%26alias%3dsdfrome001.sdf.slac.stanford.edu#6220037&PrivNet=sdfrome022.sdf.slac.stanford.edu&addrs=172.24.33.213-41467&alias=sdfrome022.sdf.slac.stanford.edu>
	SlotName: slot_abrought_435_1_11@sdfrome022.sdf.slac.stanford.edu
...
006 (1972887.000.000) 2023-12-14 02:29:27 Image size of job updated: 138764
	40  -  MemoryUsage of job (MB)
	40744  -  ResidentSetSize of job (KB)
...
006 (1972887.000.000) 2023-12-14 02:30:19 Image size of job updated: 2108708
	1350  -  MemoryUsage of job (MB)
	1382020  -  ResidentSetSize of job (KB)
...
040 (1972887.000.000) 2023-12-14 02:30:20 Started transferring output files
...
040 (1972887.000.000) 2023-12-14 02:30:20 Finished transferring output files
...
005 (1972887.000.000) 2023-12-14 02:30:20 Job terminated.
	(1) Normal termination (return value 0)
		Usr 0 00:00:16, Sys 0 00:00:02  -  Run Remote Usage
		Usr 0 00:00:00, Sys 0 00:00:00  -  Run Local Usage
		Usr 0 00:00:16, Sys 0 00:00:02  -  Total Remote Usage
		Usr 0 00:00:00, Sys 0 00:00:00  -  Total Local Usage
	18804  -  Run Bytes Sent By Job
	0  -  Run Bytes Received By Job
	18804  -  Total Bytes Sent By Job
	0  -  Total Bytes Received By Job
	Partitionable Resources :    Usage  Request Allocated 
	   Cpus                 :                 1         1 
	   Disk (KB)            :       90        2    312194 
	   Memory (MB)          :     1350     2048      2048 

	Job terminated of its own accord at 2023-12-14T10:30:19Z with exit-code 0.
...
