000 (1972130.000.000) 2023-12-14 02:17:42 Job submitted from host: <172.24.33.226:11547?addrs=172.24.33.226-11547&alias=sdfrome002.sdf.slac.stanford.edu>
    DAG Node: e184b22b-4e19-4485-af98-77b9be99a8be_ptcIsr_2023111202492_23
...
040 (1972130.000.000) 2023-12-14 02:26:58 Finished transferring input files
...
001 (1972130.000.000) 2023-12-14 02:26:58 Job executing on host: <172.24.33.124:39661?CCBID=172.24.33.225:9618%3faddrs%3d172.24.33.225-9618%26alias%3dsdfrome001.sdf.slac.stanford.edu#6220018&PrivNet=sdfrome059.sdf.slac.stanford.edu&addrs=172.24.33.124-39661&alias=sdfrome059.sdf.slac.stanford.edu>
	SlotName: slot_abrought_25802_1_17@sdfrome059.sdf.slac.stanford.edu
...
006 (1972130.000.000) 2023-12-14 02:27:07 Image size of job updated: 298312
	90  -  MemoryUsage of job (MB)
	91328  -  ResidentSetSize of job (KB)
...
006 (1972130.000.000) 2023-12-14 02:27:42 Image size of job updated: 2093612
	603  -  MemoryUsage of job (MB)
	616936  -  ResidentSetSize of job (KB)
...
040 (1972130.000.000) 2023-12-14 02:27:43 Started transferring output files
...
040 (1972130.000.000) 2023-12-14 02:27:43 Finished transferring output files
...
005 (1972130.000.000) 2023-12-14 02:27:43 Job terminated.
	(1) Normal termination (return value 0)
		Usr 0 00:00:23, Sys 0 00:00:05  -  Run Remote Usage
		Usr 0 00:00:00, Sys 0 00:00:00  -  Run Local Usage
		Usr 0 00:00:23, Sys 0 00:00:05  -  Total Remote Usage
		Usr 0 00:00:00, Sys 0 00:00:00  -  Total Local Usage
	18801  -  Run Bytes Sent By Job
	0  -  Run Bytes Received By Job
	18801  -  Total Bytes Sent By Job
	0  -  Total Bytes Received By Job
	Partitionable Resources :    Usage  Request Allocated 
	   Cpus                 :                 1         1 
	   Disk (KB)            :       90        2    312194 
	   Memory (MB)          :      603     2048      2048 

	Job terminated of its own accord at 2023-12-14T10:27:42Z with exit-code 0.
...
