000 (1971593.000.000) 2023-12-14 02:17:36 Job submitted from host: <172.24.33.226:11547?addrs=172.24.33.226-11547&alias=sdfrome002.sdf.slac.stanford.edu>
    DAG Node: 5d61e111-b31f-49e2-94bd-b93a1287ccdb_ptcIsr_2023111203662_23
...
040 (1971593.000.000) 2023-12-14 02:25:27 Finished transferring input files
...
001 (1971593.000.000) 2023-12-14 02:25:27 Job executing on host: <172.24.48.193:46283?CCBID=172.24.33.225:9618%3faddrs%3d172.24.33.225-9618%26alias%3dsdfrome001.sdf.slac.stanford.edu#6219697&PrivNet=sdfmilan121.sdf.slac.stanford.edu&addrs=172.24.48.193-46283&alias=sdfmilan121.sdf.slac.stanford.edu>
	SlotName: slot_abrought_10210_1_19@sdfmilan121.sdf.slac.stanford.edu
...
006 (1971593.000.000) 2023-12-14 02:25:36 Image size of job updated: 290800
	83  -  MemoryUsage of job (MB)
	84936  -  ResidentSetSize of job (KB)
...
006 (1971593.000.000) 2023-12-14 02:26:31 Image size of job updated: 2029396
	655  -  MemoryUsage of job (MB)
	670076  -  ResidentSetSize of job (KB)
...
040 (1971593.000.000) 2023-12-14 02:26:31 Started transferring output files
...
040 (1971593.000.000) 2023-12-14 02:26:31 Finished transferring output files
...
005 (1971593.000.000) 2023-12-14 02:26:31 Job terminated.
	(1) Normal termination (return value 0)
		Usr 0 00:00:22, Sys 0 00:00:04  -  Run Remote Usage
		Usr 0 00:00:00, Sys 0 00:00:00  -  Run Local Usage
		Usr 0 00:00:22, Sys 0 00:00:04  -  Total Remote Usage
		Usr 0 00:00:00, Sys 0 00:00:00  -  Total Local Usage
	18804  -  Run Bytes Sent By Job
	0  -  Run Bytes Received By Job
	18804  -  Total Bytes Sent By Job
	0  -  Total Bytes Received By Job
	Partitionable Resources :    Usage  Request Allocated 
	   Cpus                 :                 1         1 
	   Disk (KB)            :       90        2    311595 
	   Memory (MB)          :      655     2048      2048 

	Job terminated of its own accord at 2023-12-14T10:26:31Z with exit-code 0.
...
