000 (1971353.000.000) 2023-12-14 02:17:31 Job submitted from host: <172.24.33.226:11547?addrs=172.24.33.226-11547&alias=sdfrome002.sdf.slac.stanford.edu>
    DAG Node: e1477e43-72f0-4494-9186-647e873ef6fe_ptcIsr_2023111300029_23
...
040 (1971353.000.000) 2023-12-14 02:24:47 Finished transferring input files
...
001 (1971353.000.000) 2023-12-14 02:24:47 Job executing on host: <172.24.33.143:42517?CCBID=172.24.33.225:9618%3faddrs%3d172.24.33.225-9618%26alias%3dsdfrome001.sdf.slac.stanford.edu#6220496&PrivNet=sdfrome078.sdf.slac.stanford.edu&addrs=172.24.33.143-42517&alias=sdfrome078.sdf.slac.stanford.edu>
	SlotName: slot_abrought_19079_1_14@sdfrome078.sdf.slac.stanford.edu
...
006 (1971353.000.000) 2023-12-14 02:24:56 Image size of job updated: 631272
	268  -  MemoryUsage of job (MB)
	274180  -  ResidentSetSize of job (KB)
...
006 (1971353.000.000) 2023-12-14 02:25:30 Image size of job updated: 2250172
	268  -  MemoryUsage of job (MB)
	274180  -  ResidentSetSize of job (KB)
...
040 (1971353.000.000) 2023-12-14 02:25:30 Started transferring output files
...
040 (1971353.000.000) 2023-12-14 02:25:30 Finished transferring output files
...
005 (1971353.000.000) 2023-12-14 02:25:30 Job terminated.
	(1) Normal termination (return value 0)
		Usr 0 00:00:28, Sys 0 00:00:04  -  Run Remote Usage
		Usr 0 00:00:00, Sys 0 00:00:00  -  Run Local Usage
		Usr 0 00:00:28, Sys 0 00:00:04  -  Total Remote Usage
		Usr 0 00:00:00, Sys 0 00:00:00  -  Total Local Usage
	18531  -  Run Bytes Sent By Job
	0  -  Run Bytes Received By Job
	18531  -  Total Bytes Sent By Job
	0  -  Total Bytes Received By Job
	Partitionable Resources :    Usage  Request Allocated 
	   Cpus                 :                 1         1 
	   Disk (KB)            :       90        2    312194 
	   Memory (MB)          :      268     2048      2048 

	Job terminated of its own accord at 2023-12-14T10:25:30Z with exit-code 0.
...
