000 (1971493.000.000) 2023-12-14 02:17:35 Job submitted from host: <172.24.33.226:11547?addrs=172.24.33.226-11547&alias=sdfrome002.sdf.slac.stanford.edu>
    DAG Node: 6a27cb36-a408-4be5-8502-27cf2abc3c9c_ptcIsr_2023111201403_23
...
040 (1971493.000.000) 2023-12-14 02:25:11 Finished transferring input files
...
001 (1971493.000.000) 2023-12-14 02:25:11 Job executing on host: <172.24.33.124:39661?CCBID=172.24.33.225:9618%3faddrs%3d172.24.33.225-9618%26alias%3dsdfrome001.sdf.slac.stanford.edu#6220018&PrivNet=sdfrome059.sdf.slac.stanford.edu&addrs=172.24.33.124-39661&alias=sdfrome059.sdf.slac.stanford.edu>
	SlotName: slot_abrought_25802_1_14@sdfrome059.sdf.slac.stanford.edu
...
006 (1971493.000.000) 2023-12-14 02:25:20 Image size of job updated: 399816
	161  -  MemoryUsage of job (MB)
	164140  -  ResidentSetSize of job (KB)
...
006 (1971493.000.000) 2023-12-14 02:25:55 Image size of job updated: 2029244
	614  -  MemoryUsage of job (MB)
	628512  -  ResidentSetSize of job (KB)
...
040 (1971493.000.000) 2023-12-14 02:25:55 Started transferring output files
...
040 (1971493.000.000) 2023-12-14 02:25:55 Finished transferring output files
...
005 (1971493.000.000) 2023-12-14 02:25:55 Job terminated.
	(1) Normal termination (return value 0)
		Usr 0 00:00:24, Sys 0 00:00:06  -  Run Remote Usage
		Usr 0 00:00:00, Sys 0 00:00:00  -  Run Local Usage
		Usr 0 00:00:24, Sys 0 00:00:06  -  Total Remote Usage
		Usr 0 00:00:00, Sys 0 00:00:00  -  Total Local Usage
	18805  -  Run Bytes Sent By Job
	0  -  Run Bytes Received By Job
	18805  -  Total Bytes Sent By Job
	0  -  Total Bytes Received By Job
	Partitionable Resources :    Usage  Request Allocated 
	   Cpus                 :                 1         1 
	   Disk (KB)            :       90        2    312194 
	   Memory (MB)          :      614     2048      2048 

	Job terminated of its own accord at 2023-12-14T10:25:55Z with exit-code 0.
...
