000 (1970755.000.000) 2023-12-14 02:17:24 Job submitted from host: <172.24.33.226:11547?addrs=172.24.33.226-11547&alias=sdfrome002.sdf.slac.stanford.edu>
    DAG Node: 4df00236-0358-40ef-b385-efb54b455a8e_ptcIsr_2023111101066_23
...
040 (1970755.000.000) 2023-12-14 02:23:00 Finished transferring input files
...
001 (1970755.000.000) 2023-12-14 02:23:00 Job executing on host: <172.24.48.186:33679?CCBID=172.24.33.225:9618%3faddrs%3d172.24.33.225-9618%26alias%3dsdfrome001.sdf.slac.stanford.edu#6219700&PrivNet=sdfmilan114.sdf.slac.stanford.edu&addrs=172.24.48.186-33679&alias=sdfmilan114.sdf.slac.stanford.edu>
	SlotName: slot_abrought_14493_1_21@sdfmilan114.sdf.slac.stanford.edu
...
006 (1970755.000.000) 2023-12-14 02:23:08 Image size of job updated: 321004
	111  -  MemoryUsage of job (MB)
	113192  -  ResidentSetSize of job (KB)
...
006 (1970755.000.000) 2023-12-14 02:23:50 Image size of job updated: 2066788
	1285  -  MemoryUsage of job (MB)
	1315796  -  ResidentSetSize of job (KB)
...
040 (1970755.000.000) 2023-12-14 02:23:50 Started transferring output files
...
040 (1970755.000.000) 2023-12-14 02:23:50 Finished transferring output files
...
005 (1970755.000.000) 2023-12-14 02:23:50 Job terminated.
	(1) Normal termination (return value 0)
		Usr 0 00:00:18, Sys 0 00:00:03  -  Run Remote Usage
		Usr 0 00:00:00, Sys 0 00:00:00  -  Run Local Usage
		Usr 0 00:00:18, Sys 0 00:00:03  -  Total Remote Usage
		Usr 0 00:00:00, Sys 0 00:00:00  -  Total Local Usage
	18804  -  Run Bytes Sent By Job
	0  -  Run Bytes Received By Job
	18804  -  Total Bytes Sent By Job
	0  -  Total Bytes Received By Job
	Partitionable Resources :    Usage  Request Allocated 
	   Cpus                 :                 1         1 
	   Disk (KB)            :       90        2    312193 
	   Memory (MB)          :     1285     2048      2048 

	Job terminated of its own accord at 2023-12-14T10:23:50Z with exit-code 0.
...
