000 (1970401.000.000) 2023-12-14 02:17:19 Job submitted from host: <172.24.33.226:11547?addrs=172.24.33.226-11547&alias=sdfrome002.sdf.slac.stanford.edu>
    DAG Node: ba85498f-de71-4283-906f-7140e0acd5f0_ptcIsr_2023111200996_23
...
040 (1970401.000.000) 2023-12-14 02:21:43 Finished transferring input files
...
001 (1970401.000.000) 2023-12-14 02:21:43 Job executing on host: <172.24.33.213:41467?CCBID=172.24.33.225:9618%3faddrs%3d172.24.33.225-9618%26alias%3dsdfrome001.sdf.slac.stanford.edu#6220037&PrivNet=sdfrome022.sdf.slac.stanford.edu&addrs=172.24.33.213-41467&alias=sdfrome022.sdf.slac.stanford.edu>
	SlotName: slot_abrought_435_1_22@sdfrome022.sdf.slac.stanford.edu
...
006 (1970401.000.000) 2023-12-14 02:21:52 Image size of job updated: 281532
	75  -  MemoryUsage of job (MB)
	76024  -  ResidentSetSize of job (KB)
...
006 (1970401.000.000) 2023-12-14 02:22:51 Image size of job updated: 1835124
	1053  -  MemoryUsage of job (MB)
	1078100  -  ResidentSetSize of job (KB)
...
040 (1970401.000.000) 2023-12-14 02:22:51 Started transferring output files
...
040 (1970401.000.000) 2023-12-14 02:22:51 Finished transferring output files
...
005 (1970401.000.000) 2023-12-14 02:22:52 Job terminated.
	(1) Normal termination (return value 0)
		Usr 0 00:00:07, Sys 0 00:00:02  -  Run Remote Usage
		Usr 0 00:00:00, Sys 0 00:00:00  -  Run Local Usage
		Usr 0 00:00:07, Sys 0 00:00:02  -  Total Remote Usage
		Usr 0 00:00:00, Sys 0 00:00:00  -  Total Local Usage
	19073  -  Run Bytes Sent By Job
	0  -  Run Bytes Received By Job
	19073  -  Total Bytes Sent By Job
	0  -  Total Bytes Received By Job
	Partitionable Resources :    Usage  Request Allocated 
	   Cpus                 :                 1         1 
	   Disk (KB)            :       91        2    312194 
	   Memory (MB)          :     1053     2048      2048 

	Job terminated of its own accord at 2023-12-14T10:22:50Z with exit-code 0.
...
