000 (1970917.000.000) 2023-12-14 02:17:25 Job submitted from host: <172.24.33.226:11547?addrs=172.24.33.226-11547&alias=sdfrome002.sdf.slac.stanford.edu>
    DAG Node: 14e678b8-dfa3-46e0-b014-90d735355c36_ptcIsr_2023111200296_23
...
040 (1970917.000.000) 2023-12-14 02:23:31 Finished transferring input files
...
001 (1970917.000.000) 2023-12-14 02:23:31 Job executing on host: <172.24.48.193:46283?CCBID=172.24.33.225:9618%3faddrs%3d172.24.33.225-9618%26alias%3dsdfrome001.sdf.slac.stanford.edu#6219697&PrivNet=sdfmilan121.sdf.slac.stanford.edu&addrs=172.24.48.193-46283&alias=sdfmilan121.sdf.slac.stanford.edu>
	SlotName: slot_abrought_10210_1_12@sdfmilan121.sdf.slac.stanford.edu
...
006 (1970917.000.000) 2023-12-14 02:23:40 Image size of job updated: 307436
	98  -  MemoryUsage of job (MB)
	99544  -  ResidentSetSize of job (KB)
...
006 (1970917.000.000) 2023-12-14 02:24:29 Image size of job updated: 2203308
	628  -  MemoryUsage of job (MB)
	642112  -  ResidentSetSize of job (KB)
...
040 (1970917.000.000) 2023-12-14 02:24:29 Started transferring output files
...
040 (1970917.000.000) 2023-12-14 02:24:29 Finished transferring output files
...
005 (1970917.000.000) 2023-12-14 02:24:29 Job terminated.
	(1) Normal termination (return value 0)
		Usr 0 00:00:24, Sys 0 00:00:04  -  Run Remote Usage
		Usr 0 00:00:00, Sys 0 00:00:00  -  Run Local Usage
		Usr 0 00:00:24, Sys 0 00:00:04  -  Total Remote Usage
		Usr 0 00:00:00, Sys 0 00:00:00  -  Total Local Usage
	18533  -  Run Bytes Sent By Job
	0  -  Run Bytes Received By Job
	18533  -  Total Bytes Sent By Job
	0  -  Total Bytes Received By Job
	Partitionable Resources :    Usage  Request Allocated 
	   Cpus                 :                 1         1 
	   Disk (KB)            :       90        2    311595 
	   Memory (MB)          :      628     2048      2048 

	Job terminated of its own accord at 2023-12-14T10:24:29Z with exit-code 0.
...
