000 (1972712.000.000) 2023-12-14 02:17:48 Job submitted from host: <172.24.33.226:11547?addrs=172.24.33.226-11547&alias=sdfrome002.sdf.slac.stanford.edu>
    DAG Node: f2a8154e-686f-42e4-bda0-cbf3a72e2ed1_ptcIsr_2023111301197_23
...
040 (1972712.000.000) 2023-12-14 02:28:48 Finished transferring input files
...
001 (1972712.000.000) 2023-12-14 02:28:48 Job executing on host: <172.24.33.213:33037?CCBID=172.24.33.225:9618%3faddrs%3d172.24.33.225-9618%26alias%3dsdfrome001.sdf.slac.stanford.edu#6220039&PrivNet=sdfrome022.sdf.slac.stanford.edu&addrs=172.24.33.213-33037&alias=sdfrome022.sdf.slac.stanford.edu>
	SlotName: slot_abrought_15721_1_4@sdfrome022.sdf.slac.stanford.edu
...
006 (1972712.000.000) 2023-12-14 02:28:57 Image size of job updated: 272904
	68  -  MemoryUsage of job (MB)
	68672  -  ResidentSetSize of job (KB)
...
006 (1972712.000.000) 2023-12-14 02:30:01 Image size of job updated: 2069164
	68  -  MemoryUsage of job (MB)
	68672  -  ResidentSetSize of job (KB)
...
040 (1972712.000.000) 2023-12-14 02:30:01 Started transferring output files
...
040 (1972712.000.000) 2023-12-14 02:30:01 Finished transferring output files
...
005 (1972712.000.000) 2023-12-14 02:30:01 Job terminated.
	(1) Normal termination (return value 0)
		Usr 0 00:00:21, Sys 0 00:00:04  -  Run Remote Usage
		Usr 0 00:00:00, Sys 0 00:00:00  -  Run Local Usage
		Usr 0 00:00:21, Sys 0 00:00:04  -  Total Remote Usage
		Usr 0 00:00:00, Sys 0 00:00:00  -  Total Local Usage
	18802  -  Run Bytes Sent By Job
	0  -  Run Bytes Received By Job
	18802  -  Total Bytes Sent By Job
	0  -  Total Bytes Received By Job
	Partitionable Resources :    Usage  Request Allocated 
	   Cpus                 :     0.13        1         1 
	   Disk (KB)            :    97           2    312194 
	   Memory (MB)          :    68        2048      2048 

	Job terminated of its own accord at 2023-12-14T10:30:01Z with exit-code 0.
...
