000 (1969542.000.000) 2023-12-14 02:17:11 Job submitted from host: <172.24.33.226:11547?addrs=172.24.33.226-11547&alias=sdfrome002.sdf.slac.stanford.edu>
    DAG Node: fa348716-08b3-4dcc-810b-d146ad4db9ae_ptcIsr_2023111202646_23
...
040 (1969542.000.000) 2023-12-14 02:18:19 Finished transferring input files
...
001 (1969542.000.000) 2023-12-14 02:18:19 Job executing on host: <172.24.48.149:38613?CCBID=172.24.33.225:9618%3faddrs%3d172.24.33.225-9618%26alias%3dsdfrome001.sdf.slac.stanford.edu#6219698&PrivNet=sdfmilan049.sdf.slac.stanford.edu&addrs=172.24.48.149-38613&alias=sdfmilan049.sdf.slac.stanford.edu>
	SlotName: slot_abrought_1727_1_9@sdfmilan049.sdf.slac.stanford.edu
...
006 (1969542.000.000) 2023-12-14 02:18:28 Image size of job updated: 341552
	127  -  MemoryUsage of job (MB)
	130020  -  ResidentSetSize of job (KB)
...
006 (1969542.000.000) 2023-12-14 02:19:14 Image size of job updated: 2144480
	628  -  MemoryUsage of job (MB)
	642480  -  ResidentSetSize of job (KB)
...
040 (1969542.000.000) 2023-12-14 02:19:14 Started transferring output files
...
040 (1969542.000.000) 2023-12-14 02:19:14 Finished transferring output files
...
005 (1969542.000.000) 2023-12-14 02:19:15 Job terminated.
	(1) Normal termination (return value 0)
		Usr 0 00:00:23, Sys 0 00:00:03  -  Run Remote Usage
		Usr 0 00:00:00, Sys 0 00:00:00  -  Run Local Usage
		Usr 0 00:00:23, Sys 0 00:00:03  -  Total Remote Usage
		Usr 0 00:00:00, Sys 0 00:00:00  -  Total Local Usage
	18802  -  Run Bytes Sent By Job
	0  -  Run Bytes Received By Job
	18802  -  Total Bytes Sent By Job
	0  -  Total Bytes Received By Job
	Partitionable Resources :    Usage  Request Allocated 
	   Cpus                 :                 1         1 
	   Disk (KB)            :       90        2    312194 
	   Memory (MB)          :      628     2048      2048 

	Job terminated of its own accord at 2023-12-14T10:19:14Z with exit-code 0.
...
