000 (1969546.000.000) 2023-12-14 02:17:11 Job submitted from host: <172.24.33.226:11547?addrs=172.24.33.226-11547&alias=sdfrome002.sdf.slac.stanford.edu>
    DAG Node: 30c4edff-04ce-468a-8467-1ecdc7a24bf1_ptcIsr_2023111202702_23
...
040 (1969546.000.000) 2023-12-14 02:18:17 Finished transferring input files
...
001 (1969546.000.000) 2023-12-14 02:18:17 Job executing on host: <172.24.48.185:41489?CCBID=172.24.33.225:9618%3faddrs%3d172.24.33.225-9618%26alias%3dsdfrome001.sdf.slac.stanford.edu#6219699&PrivNet=sdfmilan113.sdf.slac.stanford.edu&addrs=172.24.48.185-41489&alias=sdfmilan113.sdf.slac.stanford.edu>
	SlotName: slot_abrought_18623_1_16@sdfmilan113.sdf.slac.stanford.edu
...
006 (1969546.000.000) 2023-12-14 02:18:26 Image size of job updated: 355076
	140  -  MemoryUsage of job (MB)
	143128  -  ResidentSetSize of job (KB)
...
006 (1969546.000.000) 2023-12-14 02:19:10 Image size of job updated: 2194508
	659  -  MemoryUsage of job (MB)
	674240  -  ResidentSetSize of job (KB)
...
040 (1969546.000.000) 2023-12-14 02:19:11 Started transferring output files
...
040 (1969546.000.000) 2023-12-14 02:19:11 Finished transferring output files
...
005 (1969546.000.000) 2023-12-14 02:19:12 Job terminated.
	(1) Normal termination (return value 0)
		Usr 0 00:00:21, Sys 0 00:00:03  -  Run Remote Usage
		Usr 0 00:00:00, Sys 0 00:00:00  -  Run Local Usage
		Usr 0 00:00:21, Sys 0 00:00:03  -  Total Remote Usage
		Usr 0 00:00:00, Sys 0 00:00:00  -  Total Local Usage
	18803  -  Run Bytes Sent By Job
	0  -  Run Bytes Received By Job
	18803  -  Total Bytes Sent By Job
	0  -  Total Bytes Received By Job
	Partitionable Resources :    Usage  Request Allocated 
	   Cpus                 :                 1         1 
	   Disk (KB)            :       90        2    312194 
	   Memory (MB)          :      659     2048      2048 

	Job terminated of its own accord at 2023-12-14T10:19:10Z with exit-code 0.
...
