000 (1970045.000.000) 2023-12-14 02:17:17 Job submitted from host: <172.24.33.226:11547?addrs=172.24.33.226-11547&alias=sdfrome002.sdf.slac.stanford.edu>
    DAG Node: 7a8e65b7-f4c9-420c-a1c9-11b8cc0338dc_ptcIsr_2023111201490_23
...
040 (1970045.000.000) 2023-12-14 02:20:30 Finished transferring input files
...
001 (1970045.000.000) 2023-12-14 02:20:30 Job executing on host: <172.24.48.186:33679?CCBID=172.24.33.225:9618%3faddrs%3d172.24.33.225-9618%26alias%3dsdfrome001.sdf.slac.stanford.edu#6219700&PrivNet=sdfmilan114.sdf.slac.stanford.edu&addrs=172.24.48.186-33679&alias=sdfmilan114.sdf.slac.stanford.edu>
	SlotName: slot_abrought_14493_1_2@sdfmilan114.sdf.slac.stanford.edu
...
006 (1970045.000.000) 2023-12-14 02:20:39 Image size of job updated: 350036
	136  -  MemoryUsage of job (MB)
	138468  -  ResidentSetSize of job (KB)
...
006 (1970045.000.000) 2023-12-14 02:21:27 Image size of job updated: 2013376
	617  -  MemoryUsage of job (MB)
	631216  -  ResidentSetSize of job (KB)
...
040 (1970045.000.000) 2023-12-14 02:21:27 Started transferring output files
...
040 (1970045.000.000) 2023-12-14 02:21:27 Finished transferring output files
...
005 (1970045.000.000) 2023-12-14 02:21:27 Job terminated.
	(1) Normal termination (return value 0)
		Usr 0 00:00:21, Sys 0 00:00:03  -  Run Remote Usage
		Usr 0 00:00:00, Sys 0 00:00:00  -  Run Local Usage
		Usr 0 00:00:21, Sys 0 00:00:03  -  Total Remote Usage
		Usr 0 00:00:00, Sys 0 00:00:00  -  Total Local Usage
	18533  -  Run Bytes Sent By Job
	0  -  Run Bytes Received By Job
	18533  -  Total Bytes Sent By Job
	0  -  Total Bytes Received By Job
	Partitionable Resources :    Usage  Request Allocated 
	   Cpus                 :                 1         1 
	   Disk (KB)            :       90        2    312193 
	   Memory (MB)          :      617     2048      2048 

	Job terminated of its own accord at 2023-12-14T10:21:27Z with exit-code 0.
...
