000 (1971735.000.000) 2023-12-14 02:17:37 Job submitted from host: <172.24.33.226:11547?addrs=172.24.33.226-11547&alias=sdfrome002.sdf.slac.stanford.edu>
    DAG Node: 87a74ad0-3f9f-4e31-849c-db5736211ad1_ptcIsr_2023111300930_23
...
040 (1971735.000.000) 2023-12-14 02:25:49 Finished transferring input files
...
001 (1971735.000.000) 2023-12-14 02:25:49 Job executing on host: <172.24.33.124:39697?CCBID=172.24.33.225:9618%3faddrs%3d172.24.33.225-9618%26alias%3dsdfrome001.sdf.slac.stanford.edu#6220015&PrivNet=sdfrome059.sdf.slac.stanford.edu&addrs=172.24.33.124-39697&alias=sdfrome059.sdf.slac.stanford.edu>
	SlotName: slot_abrought_7836_1_3@sdfrome059.sdf.slac.stanford.edu
...
006 (1971735.000.000) 2023-12-14 02:25:58 Image size of job updated: 30064
	14  -  MemoryUsage of job (MB)
	13808  -  ResidentSetSize of job (KB)
...
006 (1971735.000.000) 2023-12-14 02:26:43 Image size of job updated: 2173804
	697  -  MemoryUsage of job (MB)
	712752  -  ResidentSetSize of job (KB)
...
040 (1971735.000.000) 2023-12-14 02:26:43 Started transferring output files
...
040 (1971735.000.000) 2023-12-14 02:26:43 Finished transferring output files
...
005 (1971735.000.000) 2023-12-14 02:26:43 Job terminated.
	(1) Normal termination (return value 0)
		Usr 0 00:00:20, Sys 0 00:00:04  -  Run Remote Usage
		Usr 0 00:00:00, Sys 0 00:00:00  -  Run Local Usage
		Usr 0 00:00:20, Sys 0 00:00:04  -  Total Remote Usage
		Usr 0 00:00:00, Sys 0 00:00:00  -  Total Local Usage
	19072  -  Run Bytes Sent By Job
	0  -  Run Bytes Received By Job
	19072  -  Total Bytes Sent By Job
	0  -  Total Bytes Received By Job
	Partitionable Resources :    Usage  Request Allocated 
	   Cpus                 :                 1         1 
	   Disk (KB)            :       91        2    312194 
	   Memory (MB)          :      697     2048      2048 

	Job terminated of its own accord at 2023-12-14T10:26:43Z with exit-code 0.
...
