000 (1973175.000.000) 2023-12-14 02:17:53 Job submitted from host: <172.24.33.226:11547?addrs=172.24.33.226-11547&alias=sdfrome002.sdf.slac.stanford.edu>
    DAG Node: 38916f32-8a8a-4b7f-836d-46dd3c89338a_ptcIsr_2023111202924_23
...
040 (1973175.000.000) 2023-12-14 02:29:59 Finished transferring input files
...
001 (1973175.000.000) 2023-12-14 02:29:59 Job executing on host: <172.24.48.185:41489?CCBID=172.24.33.225:9618%3faddrs%3d172.24.33.225-9618%26alias%3dsdfrome001.sdf.slac.stanford.edu#6219699&PrivNet=sdfmilan113.sdf.slac.stanford.edu&addrs=172.24.48.185-41489&alias=sdfmilan113.sdf.slac.stanford.edu>
	SlotName: slot_abrought_18623_1_17@sdfmilan113.sdf.slac.stanford.edu
...
006 (1973175.000.000) 2023-12-14 02:30:07 Image size of job updated: 307576
	98  -  MemoryUsage of job (MB)
	100316  -  ResidentSetSize of job (KB)
...
006 (1973175.000.000) 2023-12-14 02:31:04 Image size of job updated: 2000540
	617  -  MemoryUsage of job (MB)
	630836  -  ResidentSetSize of job (KB)
...
040 (1973175.000.000) 2023-12-14 02:31:04 Started transferring output files
...
040 (1973175.000.000) 2023-12-14 02:31:04 Finished transferring output files
...
005 (1973175.000.000) 2023-12-14 02:31:04 Job terminated.
	(1) Normal termination (return value 0)
		Usr 0 00:00:21, Sys 0 00:00:03  -  Run Remote Usage
		Usr 0 00:00:00, Sys 0 00:00:00  -  Run Local Usage
		Usr 0 00:00:21, Sys 0 00:00:03  -  Total Remote Usage
		Usr 0 00:00:00, Sys 0 00:00:00  -  Total Local Usage
	18533  -  Run Bytes Sent By Job
	0  -  Run Bytes Received By Job
	18533  -  Total Bytes Sent By Job
	0  -  Total Bytes Received By Job
	Partitionable Resources :    Usage  Request Allocated 
	   Cpus                 :                 1         1 
	   Disk (KB)            :       90        2    312194 
	   Memory (MB)          :      617     2048      2048 

	Job terminated of its own accord at 2023-12-14T10:31:04Z with exit-code 0.
...
