000 (1971953.000.000) 2023-12-14 02:17:38 Job submitted from host: <172.24.33.226:11547?addrs=172.24.33.226-11547&alias=sdfrome002.sdf.slac.stanford.edu>
    DAG Node: e30fbc3d-15a7-4fcb-8132-ac69385c36dc_ptcIsr_2023111200369_23
...
040 (1971953.000.000) 2023-12-14 02:26:26 Finished transferring input files
...
001 (1971953.000.000) 2023-12-14 02:26:26 Job executing on host: <172.24.33.147:42953?CCBID=172.24.33.225:9618%3faddrs%3d172.24.33.225-9618%26alias%3dsdfrome001.sdf.slac.stanford.edu#6219703&PrivNet=sdfrome082.sdf.slac.stanford.edu&addrs=172.24.33.147-42953&alias=sdfrome082.sdf.slac.stanford.edu>
	SlotName: slot_abrought_48_1_19@sdfrome082.sdf.slac.stanford.edu
...
006 (1971953.000.000) 2023-12-14 02:26:34 Image size of job updated: 69764
	1  -  MemoryUsage of job (MB)
	60  -  ResidentSetSize of job (KB)
...
006 (1971953.000.000) 2023-12-14 02:27:19 Image size of job updated: 2109016
	1  -  MemoryUsage of job (MB)
	60  -  ResidentSetSize of job (KB)
...
040 (1971953.000.000) 2023-12-14 02:27:19 Started transferring output files
...
040 (1971953.000.000) 2023-12-14 02:27:19 Finished transferring output files
...
005 (1971953.000.000) 2023-12-14 02:27:19 Job terminated.
	(1) Normal termination (return value 0)
		Usr 0 00:00:22, Sys 0 00:00:03  -  Run Remote Usage
		Usr 0 00:00:00, Sys 0 00:00:00  -  Run Local Usage
		Usr 0 00:00:22, Sys 0 00:00:03  -  Total Remote Usage
		Usr 0 00:00:00, Sys 0 00:00:00  -  Total Local Usage
	18803  -  Run Bytes Sent By Job
	0  -  Run Bytes Received By Job
	18803  -  Total Bytes Sent By Job
	0  -  Total Bytes Received By Job
	Partitionable Resources :    Usage  Request Allocated 
	   Cpus                 :     0.10        1         1 
	   Disk (KB)            :    97           2    312116 
	   Memory (MB)          :     1        2048      2048 

	Job terminated of its own accord at 2023-12-14T10:27:19Z with exit-code 0.
...
