000 (1971700.000.000) 2023-12-14 02:17:36 Job submitted from host: <172.24.33.226:11547?addrs=172.24.33.226-11547&alias=sdfrome002.sdf.slac.stanford.edu>
    DAG Node: 533aa553-e345-48d5-8815-5b2ca0d6560c_ptcIsr_2023111203458_23
...
040 (1971700.000.000) 2023-12-14 02:25:42 Finished transferring input files
...
001 (1971700.000.000) 2023-12-14 02:25:42 Job executing on host: <172.24.48.193:46283?CCBID=172.24.33.225:9618%3faddrs%3d172.24.33.225-9618%26alias%3dsdfrome001.sdf.slac.stanford.edu#6219697&PrivNet=sdfmilan121.sdf.slac.stanford.edu&addrs=172.24.48.193-46283&alias=sdfmilan121.sdf.slac.stanford.edu>
	SlotName: slot_abrought_10210_1_7@sdfmilan121.sdf.slac.stanford.edu
...
006 (1971700.000.000) 2023-12-14 02:25:51 Image size of job updated: 302296
	93  -  MemoryUsage of job (MB)
	95228  -  ResidentSetSize of job (KB)
...
006 (1971700.000.000) 2023-12-14 02:26:33 Image size of job updated: 2194572
	93  -  MemoryUsage of job (MB)
	95228  -  ResidentSetSize of job (KB)
...
040 (1971700.000.000) 2023-12-14 02:26:33 Started transferring output files
...
040 (1971700.000.000) 2023-12-14 02:26:33 Finished transferring output files
...
005 (1971700.000.000) 2023-12-14 02:26:33 Job terminated.
	(1) Normal termination (return value 0)
		Usr 0 00:00:23, Sys 0 00:00:03  -  Run Remote Usage
		Usr 0 00:00:00, Sys 0 00:00:00  -  Run Local Usage
		Usr 0 00:00:23, Sys 0 00:00:03  -  Total Remote Usage
		Usr 0 00:00:00, Sys 0 00:00:00  -  Total Local Usage
	18803  -  Run Bytes Sent By Job
	0  -  Run Bytes Received By Job
	18803  -  Total Bytes Sent By Job
	0  -  Total Bytes Received By Job
	Partitionable Resources :    Usage  Request Allocated 
	   Cpus                 :                 1         1 
	   Disk (KB)            :       90        2    311595 
	   Memory (MB)          :       93     2048      2048 

	Job terminated of its own accord at 2023-12-14T10:26:33Z with exit-code 0.
...
