000 (1970107.000.000) 2023-12-14 02:17:17 Job submitted from host: <172.24.33.226:11547?addrs=172.24.33.226-11547&alias=sdfrome002.sdf.slac.stanford.edu>
    DAG Node: 02b09395-02d4-4e76-ba09-0ccc91c22da5_ptcIsr_2023111300138_23
...
040 (1970107.000.000) 2023-12-14 02:20:53 Finished transferring input files
...
001 (1970107.000.000) 2023-12-14 02:20:53 Job executing on host: <172.24.48.149:38613?CCBID=172.24.33.225:9618%3faddrs%3d172.24.33.225-9618%26alias%3dsdfrome001.sdf.slac.stanford.edu#6219698&PrivNet=sdfmilan049.sdf.slac.stanford.edu&addrs=172.24.48.149-38613&alias=sdfmilan049.sdf.slac.stanford.edu>
	SlotName: slot_abrought_1727_1_17@sdfmilan049.sdf.slac.stanford.edu
...
006 (1970107.000.000) 2023-12-14 02:21:02 Image size of job updated: 69764
	11  -  MemoryUsage of job (MB)
	10404  -  ResidentSetSize of job (KB)
...
006 (1970107.000.000) 2023-12-14 02:22:08 Image size of job updated: 2094340
	620  -  MemoryUsage of job (MB)
	633908  -  ResidentSetSize of job (KB)
...
040 (1970107.000.000) 2023-12-14 02:22:08 Started transferring output files
...
040 (1970107.000.000) 2023-12-14 02:22:08 Finished transferring output files
...
005 (1970107.000.000) 2023-12-14 02:22:08 Job terminated.
	(1) Normal termination (return value 0)
		Usr 0 00:00:21, Sys 0 00:00:02  -  Run Remote Usage
		Usr 0 00:00:00, Sys 0 00:00:00  -  Run Local Usage
		Usr 0 00:00:21, Sys 0 00:00:02  -  Total Remote Usage
		Usr 0 00:00:00, Sys 0 00:00:00  -  Total Local Usage
	18801  -  Run Bytes Sent By Job
	0  -  Run Bytes Received By Job
	18801  -  Total Bytes Sent By Job
	0  -  Total Bytes Received By Job
	Partitionable Resources :    Usage  Request Allocated 
	   Cpus                 :     0.33        1         1 
	   Disk (KB)            :    97           2    312194 
	   Memory (MB)          :   620        2048      2048 

	Job terminated of its own accord at 2023-12-14T10:22:08Z with exit-code 0.
...
