000 (1969985.000.000) 2023-12-14 02:17:13 Job submitted from host: <172.24.33.226:11547?addrs=172.24.33.226-11547&alias=sdfrome002.sdf.slac.stanford.edu>
    DAG Node: d0392037-5f82-4c2d-9413-0db34932a825_ptcIsr_2023111200831_23
...
040 (1969985.000.000) 2023-12-14 02:20:15 Finished transferring input files
...
001 (1969985.000.000) 2023-12-14 02:20:15 Job executing on host: <172.24.33.213:34935?CCBID=172.24.33.225:9618%3faddrs%3d172.24.33.225-9618%26alias%3dsdfrome001.sdf.slac.stanford.edu#6220035&PrivNet=sdfrome022.sdf.slac.stanford.edu&addrs=172.24.33.213-34935&alias=sdfrome022.sdf.slac.stanford.edu>
	SlotName: slot_abrought_12392_1_21@sdfrome022.sdf.slac.stanford.edu
...
006 (1969985.000.000) 2023-12-14 02:20:24 Image size of job updated: 69764
	1  -  MemoryUsage of job (MB)
	60  -  ResidentSetSize of job (KB)
...
006 (1969985.000.000) 2023-12-14 02:24:42 Image size of job updated: 2019280
	625  -  MemoryUsage of job (MB)
	639892  -  ResidentSetSize of job (KB)
...
040 (1969985.000.000) 2023-12-14 02:24:43 Started transferring output files
...
040 (1969985.000.000) 2023-12-14 02:24:43 Finished transferring output files
...
005 (1969985.000.000) 2023-12-14 02:24:43 Job terminated.
	(1) Normal termination (return value 0)
		Usr 0 00:00:14, Sys 0 00:00:04  -  Run Remote Usage
		Usr 0 00:00:00, Sys 0 00:00:00  -  Run Local Usage
		Usr 0 00:00:14, Sys 0 00:00:04  -  Total Remote Usage
		Usr 0 00:00:00, Sys 0 00:00:00  -  Total Local Usage
	18976  -  Run Bytes Sent By Job
	0  -  Run Bytes Received By Job
	18976  -  Total Bytes Sent By Job
	0  -  Total Bytes Received By Job
	Partitionable Resources :    Usage  Request Allocated 
	   Cpus                 :     0.10        1         1 
	   Disk (KB)            :    97           2    312194 
	   Memory (MB)          :   625        2048      2048 

	Job terminated of its own accord at 2023-12-14T10:24:42Z with exit-code 0.
...
