000 (1973217.000.000) 2023-12-14 02:17:54 Job submitted from host: <172.24.33.226:11547?addrs=172.24.33.226-11547&alias=sdfrome002.sdf.slac.stanford.edu>
    DAG Node: e3e849e9-04f6-47e4-8b2b-5737e2dd37ff_ptcIsr_2023111300780_23
...
040 (1973217.000.000) 2023-12-14 02:30:05 Finished transferring input files
...
001 (1973217.000.000) 2023-12-14 02:30:05 Job executing on host: <172.24.33.213:43829?CCBID=172.24.33.225:9618%3faddrs%3d172.24.33.225-9618%26alias%3dsdfrome001.sdf.slac.stanford.edu#6220038&PrivNet=sdfrome022.sdf.slac.stanford.edu&addrs=172.24.33.213-43829&alias=sdfrome022.sdf.slac.stanford.edu>
	SlotName: slot_abrought_31850_1_1@sdfrome022.sdf.slac.stanford.edu
...
006 (1973217.000.000) 2023-12-14 02:30:13 Image size of job updated: 307440
	97  -  MemoryUsage of job (MB)
	99080  -  ResidentSetSize of job (KB)
...
006 (1973217.000.000) 2023-12-14 02:30:58 Image size of job updated: 2170400
	1377  -  MemoryUsage of job (MB)
	1409844  -  ResidentSetSize of job (KB)
...
040 (1973217.000.000) 2023-12-14 02:30:58 Started transferring output files
...
040 (1973217.000.000) 2023-12-14 02:30:58 Finished transferring output files
...
005 (1973217.000.000) 2023-12-14 02:30:58 Job terminated.
	(1) Normal termination (return value 0)
		Usr 0 00:00:17, Sys 0 00:00:04  -  Run Remote Usage
		Usr 0 00:00:00, Sys 0 00:00:00  -  Run Local Usage
		Usr 0 00:00:17, Sys 0 00:00:04  -  Total Remote Usage
		Usr 0 00:00:00, Sys 0 00:00:00  -  Total Local Usage
	19072  -  Run Bytes Sent By Job
	0  -  Run Bytes Received By Job
	19072  -  Total Bytes Sent By Job
	0  -  Total Bytes Received By Job
	Partitionable Resources :    Usage  Request Allocated 
	   Cpus                 :                 1         1 
	   Disk (KB)            :       91        2    312194 
	   Memory (MB)          :     1377     2048      2048 

	Job terminated of its own accord at 2023-12-14T10:30:58Z with exit-code 0.
...
