000 (1970893.000.000) 2023-12-14 02:17:25 Job submitted from host: <172.24.33.226:11547?addrs=172.24.33.226-11547&alias=sdfrome002.sdf.slac.stanford.edu>
    DAG Node: 1dc00602-6e86-4eec-bb54-41419a53730e_ptcIsr_2023111101399_23
...
040 (1970893.000.000) 2023-12-14 02:23:27 Finished transferring input files
...
001 (1970893.000.000) 2023-12-14 02:23:27 Job executing on host: <172.24.33.147:42953?CCBID=172.24.33.225:9618%3faddrs%3d172.24.33.225-9618%26alias%3dsdfrome001.sdf.slac.stanford.edu#6219703&PrivNet=sdfrome082.sdf.slac.stanford.edu&addrs=172.24.33.147-42953&alias=sdfrome082.sdf.slac.stanford.edu>
	SlotName: slot_abrought_48_1_17@sdfrome082.sdf.slac.stanford.edu
...
006 (1970893.000.000) 2023-12-14 02:23:36 Image size of job updated: 328556
	115  -  MemoryUsage of job (MB)
	117512  -  ResidentSetSize of job (KB)
...
006 (1970893.000.000) 2023-12-14 02:24:16 Image size of job updated: 2321700
	648  -  MemoryUsage of job (MB)
	662740  -  ResidentSetSize of job (KB)
...
040 (1970893.000.000) 2023-12-14 02:24:16 Started transferring output files
...
040 (1970893.000.000) 2023-12-14 02:24:17 Finished transferring output files
...
005 (1970893.000.000) 2023-12-14 02:24:17 Job terminated.
	(1) Normal termination (return value 0)
		Usr 0 00:00:20, Sys 0 00:00:02  -  Run Remote Usage
		Usr 0 00:00:00, Sys 0 00:00:00  -  Run Local Usage
		Usr 0 00:00:20, Sys 0 00:00:02  -  Total Remote Usage
		Usr 0 00:00:00, Sys 0 00:00:00  -  Total Local Usage
	18801  -  Run Bytes Sent By Job
	0  -  Run Bytes Received By Job
	18801  -  Total Bytes Sent By Job
	0  -  Total Bytes Received By Job
	Partitionable Resources :    Usage  Request Allocated 
	   Cpus                 :                 1         1 
	   Disk (KB)            :       90        2    312116 
	   Memory (MB)          :      648     2048      2048 

	Job terminated of its own accord at 2023-12-14T10:24:16Z with exit-code 0.
...
