000 (1969568.000.000) 2023-12-14 02:17:11 Job submitted from host: <172.24.33.226:11547?addrs=172.24.33.226-11547&alias=sdfrome002.sdf.slac.stanford.edu>
    DAG Node: 8f9a128b-16a8-4fb4-80c7-97e8179ddac7_ptcIsr_2023111202378_23
...
040 (1969568.000.000) 2023-12-14 02:18:25 Finished transferring input files
...
001 (1969568.000.000) 2023-12-14 02:18:25 Job executing on host: <172.24.48.185:41489?CCBID=172.24.33.225:9618%3faddrs%3d172.24.33.225-9618%26alias%3dsdfrome001.sdf.slac.stanford.edu#6219699&PrivNet=sdfmilan113.sdf.slac.stanford.edu&addrs=172.24.48.185-41489&alias=sdfmilan113.sdf.slac.stanford.edu>
	SlotName: slot_abrought_18623_1_23@sdfmilan113.sdf.slac.stanford.edu
...
006 (1969568.000.000) 2023-12-14 02:18:34 Image size of job updated: 313492
	103  -  MemoryUsage of job (MB)
	105436  -  ResidentSetSize of job (KB)
...
006 (1969568.000.000) 2023-12-14 02:19:39 Image size of job updated: 2105808
	659  -  MemoryUsage of job (MB)
	674704  -  ResidentSetSize of job (KB)
...
040 (1969568.000.000) 2023-12-14 02:19:39 Started transferring output files
...
040 (1969568.000.000) 2023-12-14 02:19:39 Finished transferring output files
...
005 (1969568.000.000) 2023-12-14 02:19:39 Job terminated.
	(1) Normal termination (return value 0)
		Usr 0 00:00:20, Sys 0 00:00:02  -  Run Remote Usage
		Usr 0 00:00:00, Sys 0 00:00:00  -  Run Local Usage
		Usr 0 00:00:20, Sys 0 00:00:02  -  Total Remote Usage
		Usr 0 00:00:00, Sys 0 00:00:00  -  Total Local Usage
	18803  -  Run Bytes Sent By Job
	0  -  Run Bytes Received By Job
	18803  -  Total Bytes Sent By Job
	0  -  Total Bytes Received By Job
	Partitionable Resources :    Usage  Request Allocated 
	   Cpus                 :                 1         1 
	   Disk (KB)            :       90        2    312194 
	   Memory (MB)          :      659     2048      2048 

	Job terminated of its own accord at 2023-12-14T10:19:39Z with exit-code 0.
...
