000 (1972482.000.000) 2023-12-14 02:17:44 Job submitted from host: <172.24.33.226:11547?addrs=172.24.33.226-11547&alias=sdfrome002.sdf.slac.stanford.edu>
    DAG Node: fcc3110c-d381-4241-846d-5a90b251e391_ptcIsr_2023111101593_23
...
040 (1972482.000.000) 2023-12-14 02:28:03 Finished transferring input files
...
001 (1972482.000.000) 2023-12-14 02:28:03 Job executing on host: <172.24.48.193:46283?CCBID=172.24.33.225:9618%3faddrs%3d172.24.33.225-9618%26alias%3dsdfrome001.sdf.slac.stanford.edu#6219697&PrivNet=sdfmilan121.sdf.slac.stanford.edu&addrs=172.24.48.193-46283&alias=sdfmilan121.sdf.slac.stanford.edu>
	SlotName: slot_abrought_10210_1_13@sdfmilan121.sdf.slac.stanford.edu
...
006 (1972482.000.000) 2023-12-14 02:28:11 Image size of job updated: 294292
	87  -  MemoryUsage of job (MB)
	88528  -  ResidentSetSize of job (KB)
...
006 (1972482.000.000) 2023-12-14 02:28:58 Image size of job updated: 2063384
	1411  -  MemoryUsage of job (MB)
	1444788  -  ResidentSetSize of job (KB)
...
040 (1972482.000.000) 2023-12-14 02:28:58 Started transferring output files
...
040 (1972482.000.000) 2023-12-14 02:28:58 Finished transferring output files
...
005 (1972482.000.000) 2023-12-14 02:28:58 Job terminated.
	(1) Normal termination (return value 0)
		Usr 0 00:00:22, Sys 0 00:00:03  -  Run Remote Usage
		Usr 0 00:00:00, Sys 0 00:00:00  -  Run Local Usage
		Usr 0 00:00:22, Sys 0 00:00:03  -  Total Remote Usage
		Usr 0 00:00:00, Sys 0 00:00:00  -  Total Local Usage
	18533  -  Run Bytes Sent By Job
	0  -  Run Bytes Received By Job
	18533  -  Total Bytes Sent By Job
	0  -  Total Bytes Received By Job
	Partitionable Resources :    Usage  Request Allocated 
	   Cpus                 :                 1         1 
	   Disk (KB)            :       90        2    311595 
	   Memory (MB)          :     1411     2048      2048 

	Job terminated of its own accord at 2023-12-14T10:28:58Z with exit-code 0.
...
