000 (1970832.000.000) 2023-12-14 02:17:25 Job submitted from host: <172.24.33.226:11547?addrs=172.24.33.226-11547&alias=sdfrome002.sdf.slac.stanford.edu>
    DAG Node: 08133e8f-2ca7-4cc0-b757-9db8cd1624e1_ptcIsr_2023111300948_23
...
040 (1970832.000.000) 2023-12-14 02:23:12 Finished transferring input files
...
001 (1970832.000.000) 2023-12-14 02:23:12 Job executing on host: <172.24.48.193:46283?CCBID=172.24.33.225:9618%3faddrs%3d172.24.33.225-9618%26alias%3dsdfrome001.sdf.slac.stanford.edu#6219697&PrivNet=sdfmilan121.sdf.slac.stanford.edu&addrs=172.24.48.193-46283&alias=sdfmilan121.sdf.slac.stanford.edu>
	SlotName: slot_abrought_10210_1_23@sdfmilan121.sdf.slac.stanford.edu
...
006 (1970832.000.000) 2023-12-14 02:23:21 Image size of job updated: 321004
	111  -  MemoryUsage of job (MB)
	112764  -  ResidentSetSize of job (KB)
...
006 (1970832.000.000) 2023-12-14 02:24:13 Image size of job updated: 2134940
	621  -  MemoryUsage of job (MB)
	635420  -  ResidentSetSize of job (KB)
...
040 (1970832.000.000) 2023-12-14 02:24:13 Started transferring output files
...
040 (1970832.000.000) 2023-12-14 02:24:13 Finished transferring output files
...
005 (1970832.000.000) 2023-12-14 02:24:13 Job terminated.
	(1) Normal termination (return value 0)
		Usr 0 00:00:25, Sys 0 00:00:04  -  Run Remote Usage
		Usr 0 00:00:00, Sys 0 00:00:00  -  Run Local Usage
		Usr 0 00:00:25, Sys 0 00:00:04  -  Total Remote Usage
		Usr 0 00:00:00, Sys 0 00:00:00  -  Total Local Usage
	19072  -  Run Bytes Sent By Job
	0  -  Run Bytes Received By Job
	19072  -  Total Bytes Sent By Job
	0  -  Total Bytes Received By Job
	Partitionable Resources :    Usage  Request Allocated 
	   Cpus                 :                 1         1 
	   Disk (KB)            :       91        2    311595 
	   Memory (MB)          :      621     2048      2048 

	Job terminated of its own accord at 2023-12-14T10:24:13Z with exit-code 0.
...
