000 (1970848.000.000) 2023-12-14 02:17:25 Job submitted from host: <172.24.33.226:11547?addrs=172.24.33.226-11547&alias=sdfrome002.sdf.slac.stanford.edu>
    DAG Node: 77914cf8-43e9-4c02-aad4-586e55f3eabc_ptcIsr_2023111300489_23
...
040 (1970848.000.000) 2023-12-14 02:23:14 Finished transferring input files
...
001 (1970848.000.000) 2023-12-14 02:23:14 Job executing on host: <172.24.48.193:46283?CCBID=172.24.33.225:9618%3faddrs%3d172.24.33.225-9618%26alias%3dsdfrome001.sdf.slac.stanford.edu#6219697&PrivNet=sdfmilan121.sdf.slac.stanford.edu&addrs=172.24.48.193-46283&alias=sdfmilan121.sdf.slac.stanford.edu>
	SlotName: slot_abrought_10210_1_11@sdfmilan121.sdf.slac.stanford.edu
...
006 (1970848.000.000) 2023-12-14 02:23:23 Image size of job updated: 280756
	74  -  MemoryUsage of job (MB)
	74940  -  ResidentSetSize of job (KB)
...
006 (1970848.000.000) 2023-12-14 02:24:10 Image size of job updated: 2102780
	620  -  MemoryUsage of job (MB)
	634280  -  ResidentSetSize of job (KB)
...
040 (1970848.000.000) 2023-12-14 02:24:10 Started transferring output files
...
040 (1970848.000.000) 2023-12-14 02:24:10 Finished transferring output files
...
005 (1970848.000.000) 2023-12-14 02:24:10 Job terminated.
	(1) Normal termination (return value 0)
		Usr 0 00:00:23, Sys 0 00:00:04  -  Run Remote Usage
		Usr 0 00:00:00, Sys 0 00:00:00  -  Run Local Usage
		Usr 0 00:00:23, Sys 0 00:00:04  -  Total Remote Usage
		Usr 0 00:00:00, Sys 0 00:00:00  -  Total Local Usage
	18801  -  Run Bytes Sent By Job
	0  -  Run Bytes Received By Job
	18801  -  Total Bytes Sent By Job
	0  -  Total Bytes Received By Job
	Partitionable Resources :    Usage  Request Allocated 
	   Cpus                 :                 1         1 
	   Disk (KB)            :       90        2    311595 
	   Memory (MB)          :      620     2048      2048 

	Job terminated of its own accord at 2023-12-14T10:24:10Z with exit-code 0.
...
