000 (1972266.000.000) 2023-12-14 02:17:43 Job submitted from host: <172.24.33.226:11547?addrs=172.24.33.226-11547&alias=sdfrome002.sdf.slac.stanford.edu>
    DAG Node: b4fdf45b-2224-4d93-9e47-77730c9620e7_ptcIsr_2023111300906_23
...
040 (1972266.000.000) 2023-12-14 02:27:22 Finished transferring input files
...
001 (1972266.000.000) 2023-12-14 02:27:22 Job executing on host: <172.24.33.124:39661?CCBID=172.24.33.225:9618%3faddrs%3d172.24.33.225-9618%26alias%3dsdfrome001.sdf.slac.stanford.edu#6220018&PrivNet=sdfrome059.sdf.slac.stanford.edu&addrs=172.24.33.124-39661&alias=sdfrome059.sdf.slac.stanford.edu>
	SlotName: slot_abrought_25802_1_12@sdfrome059.sdf.slac.stanford.edu
...
006 (1972266.000.000) 2023-12-14 02:27:30 Image size of job updated: 329560
	117  -  MemoryUsage of job (MB)
	119368  -  ResidentSetSize of job (KB)
...
006 (1972266.000.000) 2023-12-14 02:28:07 Image size of job updated: 2224808
	626  -  MemoryUsage of job (MB)
	640408  -  ResidentSetSize of job (KB)
...
040 (1972266.000.000) 2023-12-14 02:28:08 Started transferring output files
...
040 (1972266.000.000) 2023-12-14 02:28:08 Finished transferring output files
...
005 (1972266.000.000) 2023-12-14 02:28:08 Job terminated.
	(1) Normal termination (return value 0)
		Usr 0 00:00:25, Sys 0 00:00:04  -  Run Remote Usage
		Usr 0 00:00:00, Sys 0 00:00:00  -  Run Local Usage
		Usr 0 00:00:25, Sys 0 00:00:04  -  Total Remote Usage
		Usr 0 00:00:00, Sys 0 00:00:00  -  Total Local Usage
	18802  -  Run Bytes Sent By Job
	0  -  Run Bytes Received By Job
	18802  -  Total Bytes Sent By Job
	0  -  Total Bytes Received By Job
	Partitionable Resources :    Usage  Request Allocated 
	   Cpus                 :                 1         1 
	   Disk (KB)            :       90        2    312194 
	   Memory (MB)          :      626     2048      2048 

	Job terminated of its own accord at 2023-12-14T10:28:07Z with exit-code 0.
...
