000 (1971362.000.000) 2023-12-14 02:17:31 Job submitted from host: <172.24.33.226:11547?addrs=172.24.33.226-11547&alias=sdfrome002.sdf.slac.stanford.edu>
    DAG Node: cbb9e0fb-3f9e-4f90-bd44-605445385f29_ptcIsr_2023111300563_23
...
040 (1971362.000.000) 2023-12-14 02:24:49 Finished transferring input files
...
001 (1971362.000.000) 2023-12-14 02:24:49 Job executing on host: <172.24.33.143:42517?CCBID=172.24.33.225:9618%3faddrs%3d172.24.33.225-9618%26alias%3dsdfrome001.sdf.slac.stanford.edu#6220496&PrivNet=sdfrome078.sdf.slac.stanford.edu&addrs=172.24.33.143-42517&alias=sdfrome078.sdf.slac.stanford.edu>
	SlotName: slot_abrought_19079_1_13@sdfrome078.sdf.slac.stanford.edu
...
006 (1971362.000.000) 2023-12-14 02:24:58 Image size of job updated: 465168
	209  -  MemoryUsage of job (MB)
	213908  -  ResidentSetSize of job (KB)
...
006 (1971362.000.000) 2023-12-14 02:25:34 Image size of job updated: 2206396
	209  -  MemoryUsage of job (MB)
	213908  -  ResidentSetSize of job (KB)
...
040 (1971362.000.000) 2023-12-14 02:25:34 Started transferring output files
...
040 (1971362.000.000) 2023-12-14 02:25:34 Finished transferring output files
...
005 (1971362.000.000) 2023-12-14 02:25:34 Job terminated.
	(1) Normal termination (return value 0)
		Usr 0 00:00:27, Sys 0 00:00:03  -  Run Remote Usage
		Usr 0 00:00:00, Sys 0 00:00:00  -  Run Local Usage
		Usr 0 00:00:27, Sys 0 00:00:03  -  Total Remote Usage
		Usr 0 00:00:00, Sys 0 00:00:00  -  Total Local Usage
	19072  -  Run Bytes Sent By Job
	0  -  Run Bytes Received By Job
	19072  -  Total Bytes Sent By Job
	0  -  Total Bytes Received By Job
	Partitionable Resources :    Usage  Request Allocated 
	   Cpus                 :                 1         1 
	   Disk (KB)            :       91        2    312194 
	   Memory (MB)          :      209     2048      2048 

	Job terminated of its own accord at 2023-12-14T10:25:34Z with exit-code 0.
...
