000 (1971233.000.000) 2023-12-14 02:17:30 Job submitted from host: <172.24.33.226:11547?addrs=172.24.33.226-11547&alias=sdfrome002.sdf.slac.stanford.edu>
    DAG Node: f14b26ef-a195-420b-a0d7-a8d85b598aff_ptcIsr_2023111300359_23
...
040 (1971233.000.000) 2023-12-14 02:24:27 Finished transferring input files
...
001 (1971233.000.000) 2023-12-14 02:24:27 Job executing on host: <172.24.48.193:46283?CCBID=172.24.33.225:9618%3faddrs%3d172.24.33.225-9618%26alias%3dsdfrome001.sdf.slac.stanford.edu#6219697&PrivNet=sdfmilan121.sdf.slac.stanford.edu&addrs=172.24.48.193-46283&alias=sdfmilan121.sdf.slac.stanford.edu>
	SlotName: slot_abrought_10210_1_9@sdfmilan121.sdf.slac.stanford.edu
...
006 (1971233.000.000) 2023-12-14 02:24:35 Image size of job updated: 287420
	80  -  MemoryUsage of job (MB)
	81236  -  ResidentSetSize of job (KB)
...
006 (1971233.000.000) 2023-12-14 02:25:20 Image size of job updated: 2188080
	638  -  MemoryUsage of job (MB)
	652980  -  ResidentSetSize of job (KB)
...
040 (1971233.000.000) 2023-12-14 02:25:20 Started transferring output files
...
040 (1971233.000.000) 2023-12-14 02:25:20 Finished transferring output files
...
005 (1971233.000.000) 2023-12-14 02:25:20 Job terminated.
	(1) Normal termination (return value 0)
		Usr 0 00:00:22, Sys 0 00:00:04  -  Run Remote Usage
		Usr 0 00:00:00, Sys 0 00:00:00  -  Run Local Usage
		Usr 0 00:00:22, Sys 0 00:00:04  -  Total Remote Usage
		Usr 0 00:00:00, Sys 0 00:00:00  -  Total Local Usage
	19072  -  Run Bytes Sent By Job
	0  -  Run Bytes Received By Job
	19072  -  Total Bytes Sent By Job
	0  -  Total Bytes Received By Job
	Partitionable Resources :    Usage  Request Allocated 
	   Cpus                 :                 1         1 
	   Disk (KB)            :       91        2    311595 
	   Memory (MB)          :      638     2048      2048 

	Job terminated of its own accord at 2023-12-14T10:25:20Z with exit-code 0.
...
