000 (1970299.000.000) 2023-12-14 02:17:18 Job submitted from host: <172.24.33.226:11547?addrs=172.24.33.226-11547&alias=sdfrome002.sdf.slac.stanford.edu>
    DAG Node: 3667a2a0-401b-4b30-8068-e4fb81d8002e_ptcIsr_2023111202651_23
...
040 (1970299.000.000) 2023-12-14 02:21:24 Finished transferring input files
...
001 (1970299.000.000) 2023-12-14 02:21:24 Job executing on host: <172.24.33.124:39661?CCBID=172.24.33.225:9618%3faddrs%3d172.24.33.225-9618%26alias%3dsdfrome001.sdf.slac.stanford.edu#6220018&PrivNet=sdfrome059.sdf.slac.stanford.edu&addrs=172.24.33.124-39661&alias=sdfrome059.sdf.slac.stanford.edu>
	SlotName: slot_abrought_25802_1_22@sdfrome059.sdf.slac.stanford.edu
...
006 (1970299.000.000) 2023-12-14 02:21:32 Image size of job updated: 2
	5  -  MemoryUsage of job (MB)
	5024  -  ResidentSetSize of job (KB)
...
006 (1970299.000.000) 2023-12-14 02:22:23 Image size of job updated: 1999724
	655  -  MemoryUsage of job (MB)
	670512  -  ResidentSetSize of job (KB)
...
040 (1970299.000.000) 2023-12-14 02:22:23 Started transferring output files
...
040 (1970299.000.000) 2023-12-14 02:22:23 Finished transferring output files
...
005 (1970299.000.000) 2023-12-14 02:22:23 Job terminated.
	(1) Normal termination (return value 0)
		Usr 0 00:00:20, Sys 0 00:00:04  -  Run Remote Usage
		Usr 0 00:00:00, Sys 0 00:00:00  -  Run Local Usage
		Usr 0 00:00:20, Sys 0 00:00:04  -  Total Remote Usage
		Usr 0 00:00:00, Sys 0 00:00:00  -  Total Local Usage
	18533  -  Run Bytes Sent By Job
	0  -  Run Bytes Received By Job
	18533  -  Total Bytes Sent By Job
	0  -  Total Bytes Received By Job
	Partitionable Resources :    Usage  Request Allocated 
	   Cpus                 :                 1         1 
	   Disk (KB)            :       90        2    312194 
	   Memory (MB)          :      655     2048      2048 

	Job terminated of its own accord at 2023-12-14T10:22:23Z with exit-code 0.
...
