000 (1969935.000.000) 2023-12-14 02:17:13 Job submitted from host: <172.24.33.226:11547?addrs=172.24.33.226-11547&alias=sdfrome002.sdf.slac.stanford.edu>
    DAG Node: e4c1c15c-68f0-4b7e-8ad7-875a6bc7852f_ptcIsr_2023111201215_23
...
040 (1969935.000.000) 2023-12-14 02:20:13 Finished transferring input files
...
001 (1969935.000.000) 2023-12-14 02:20:13 Job executing on host: <172.24.33.124:45647?CCBID=172.24.33.225:9618%3faddrs%3d172.24.33.225-9618%26alias%3dsdfrome001.sdf.slac.stanford.edu#6220016&PrivNet=sdfrome059.sdf.slac.stanford.edu&addrs=172.24.33.124-45647&alias=sdfrome059.sdf.slac.stanford.edu>
	SlotName: slot_abrought_13532_1_18@sdfrome059.sdf.slac.stanford.edu
...
006 (1969935.000.000) 2023-12-14 02:20:22 Image size of job updated: 6300
	1  -  MemoryUsage of job (MB)
	60  -  ResidentSetSize of job (KB)
...
006 (1969935.000.000) 2023-12-14 02:23:37 Image size of job updated: 2215356
	1  -  MemoryUsage of job (MB)
	60  -  ResidentSetSize of job (KB)
...
040 (1969935.000.000) 2023-12-14 02:23:37 Started transferring output files
...
040 (1969935.000.000) 2023-12-14 02:23:37 Finished transferring output files
...
005 (1969935.000.000) 2023-12-14 02:23:37 Job terminated.
	(1) Normal termination (return value 0)
		Usr 0 00:00:20, Sys 0 00:00:05  -  Run Remote Usage
		Usr 0 00:00:00, Sys 0 00:00:00  -  Run Local Usage
		Usr 0 00:00:20, Sys 0 00:00:05  -  Total Remote Usage
		Usr 0 00:00:00, Sys 0 00:00:00  -  Total Local Usage
	19074  -  Run Bytes Sent By Job
	0  -  Run Bytes Received By Job
	19074  -  Total Bytes Sent By Job
	0  -  Total Bytes Received By Job
	Partitionable Resources :    Usage  Request Allocated 
	   Cpus                 :                 1         1 
	   Disk (KB)            :       90        2    312194 
	   Memory (MB)          :        1     2048      2048 

	Job terminated of its own accord at 2023-12-14T10:23:36Z with exit-code 0.
...
