000 (1972892.000.000) 2023-12-14 02:17:49 Job submitted from host: <172.24.33.226:11547?addrs=172.24.33.226-11547&alias=sdfrome002.sdf.slac.stanford.edu>
    DAG Node: d63597b8-a90a-4abc-ab1a-1270f5798920_ptcIsr_2023111200396_23
...
040 (1972892.000.000) 2023-12-14 02:29:19 Finished transferring input files
...
001 (1972892.000.000) 2023-12-14 02:29:19 Job executing on host: <172.24.33.143:37205?CCBID=172.24.33.225:9618%3faddrs%3d172.24.33.225-9618%26alias%3dsdfrome001.sdf.slac.stanford.edu#6220499&PrivNet=sdfrome078.sdf.slac.stanford.edu&addrs=172.24.33.143-37205&alias=sdfrome078.sdf.slac.stanford.edu>
	SlotName: slot_abrought_7348_1_7@sdfrome078.sdf.slac.stanford.edu
...
006 (1972892.000.000) 2023-12-14 02:29:27 Image size of job updated: 290940
	83  -  MemoryUsage of job (MB)
	84740  -  ResidentSetSize of job (KB)
...
006 (1972892.000.000) 2023-12-14 02:30:18 Image size of job updated: 2064556
	1403  -  MemoryUsage of job (MB)
	1436464  -  ResidentSetSize of job (KB)
...
040 (1972892.000.000) 2023-12-14 02:30:19 Started transferring output files
...
040 (1972892.000.000) 2023-12-14 02:30:19 Finished transferring output files
...
005 (1972892.000.000) 2023-12-14 02:30:19 Job terminated.
	(1) Normal termination (return value 0)
		Usr 0 00:00:23, Sys 0 00:00:03  -  Run Remote Usage
		Usr 0 00:00:00, Sys 0 00:00:00  -  Run Local Usage
		Usr 0 00:00:23, Sys 0 00:00:03  -  Total Remote Usage
		Usr 0 00:00:00, Sys 0 00:00:00  -  Total Local Usage
	18532  -  Run Bytes Sent By Job
	0  -  Run Bytes Received By Job
	18532  -  Total Bytes Sent By Job
	0  -  Total Bytes Received By Job
	Partitionable Resources :    Usage  Request Allocated 
	   Cpus                 :                 1         1 
	   Disk (KB)            :       90        2    312194 
	   Memory (MB)          :     1403     2048      2048 

	Job terminated of its own accord at 2023-12-14T10:30:18Z with exit-code 0.
...
