000 (1973266.000.000) 2023-12-14 02:17:54 Job submitted from host: <172.24.33.226:11547?addrs=172.24.33.226-11547&alias=sdfrome002.sdf.slac.stanford.edu>
    DAG Node: e4ca4c0e-b825-42e1-af16-c7bc61510885_ptcIsr_2023111300584_23
...
040 (1973266.000.000) 2023-12-14 02:30:15 Finished transferring input files
...
001 (1973266.000.000) 2023-12-14 02:30:15 Job executing on host: <172.24.33.213:41587?CCBID=172.24.33.225:9618%3faddrs%3d172.24.33.225-9618%26alias%3dsdfrome001.sdf.slac.stanford.edu#6220036&PrivNet=sdfrome022.sdf.slac.stanford.edu&addrs=172.24.33.213-41587&alias=sdfrome022.sdf.slac.stanford.edu>
	SlotName: slot_abrought_5117_1_13@sdfrome022.sdf.slac.stanford.edu
...
006 (1973266.000.000) 2023-12-14 02:30:25 Image size of job updated: 69764
	1  -  MemoryUsage of job (MB)
	648  -  ResidentSetSize of job (KB)
...
006 (1973266.000.000) 2023-12-14 02:33:00 Image size of job updated: 2160108
	633  -  MemoryUsage of job (MB)
	647260  -  ResidentSetSize of job (KB)
...
040 (1973266.000.000) 2023-12-14 02:33:00 Started transferring output files
...
040 (1973266.000.000) 2023-12-14 02:33:00 Finished transferring output files
...
005 (1973266.000.000) 2023-12-14 02:33:00 Job terminated.
	(1) Normal termination (return value 0)
		Usr 0 00:00:18, Sys 0 00:00:02  -  Run Remote Usage
		Usr 0 00:00:00, Sys 0 00:00:00  -  Run Local Usage
		Usr 0 00:00:18, Sys 0 00:00:02  -  Total Remote Usage
		Usr 0 00:00:00, Sys 0 00:00:00  -  Total Local Usage
	19075  -  Run Bytes Sent By Job
	0  -  Run Bytes Received By Job
	19075  -  Total Bytes Sent By Job
	0  -  Total Bytes Received By Job
	Partitionable Resources :    Usage  Request Allocated 
	   Cpus                 :                 1         1 
	   Disk (KB)            :       91        2    312194 
	   Memory (MB)          :      633     2048      2048 

	Job terminated of its own accord at 2023-12-14T10:33:00Z with exit-code 0.
...
