000 (1970882.000.000) 2023-12-14 02:17:25 Job submitted from host: <172.24.33.226:11547?addrs=172.24.33.226-11547&alias=sdfrome002.sdf.slac.stanford.edu>
    DAG Node: 130d074b-1340-4df4-8124-703eed849361_ptcIsr_2023111301013_23
...
040 (1970882.000.000) 2023-12-14 02:23:24 Finished transferring input files
...
001 (1970882.000.000) 2023-12-14 02:23:24 Job executing on host: <172.24.48.185:41489?CCBID=172.24.33.225:9618%3faddrs%3d172.24.33.225-9618%26alias%3dsdfrome001.sdf.slac.stanford.edu#6219699&PrivNet=sdfmilan113.sdf.slac.stanford.edu&addrs=172.24.48.185-41489&alias=sdfmilan113.sdf.slac.stanford.edu>
	SlotName: slot_abrought_18623_1_21@sdfmilan113.sdf.slac.stanford.edu
...
006 (1970882.000.000) 2023-12-14 02:23:33 Image size of job updated: 339548
	126  -  MemoryUsage of job (MB)
	128208  -  ResidentSetSize of job (KB)
...
006 (1970882.000.000) 2023-12-14 02:24:29 Image size of job updated: 2069028
	1311  -  MemoryUsage of job (MB)
	1342300  -  ResidentSetSize of job (KB)
...
040 (1970882.000.000) 2023-12-14 02:24:29 Started transferring output files
...
040 (1970882.000.000) 2023-12-14 02:24:29 Finished transferring output files
...
005 (1970882.000.000) 2023-12-14 02:24:29 Job terminated.
	(1) Normal termination (return value 0)
		Usr 0 00:00:18, Sys 0 00:00:02  -  Run Remote Usage
		Usr 0 00:00:00, Sys 0 00:00:00  -  Run Local Usage
		Usr 0 00:00:18, Sys 0 00:00:02  -  Total Remote Usage
		Usr 0 00:00:00, Sys 0 00:00:00  -  Total Local Usage
	18801  -  Run Bytes Sent By Job
	0  -  Run Bytes Received By Job
	18801  -  Total Bytes Sent By Job
	0  -  Total Bytes Received By Job
	Partitionable Resources :    Usage  Request Allocated 
	   Cpus                 :                 1         1 
	   Disk (KB)            :       90        2    312194 
	   Memory (MB)          :     1311     2048      2048 

	Job terminated of its own accord at 2023-12-14T10:24:29Z with exit-code 0.
...
