000 (1971710.000.000) 2023-12-14 02:17:36 Job submitted from host: <172.24.33.226:11547?addrs=172.24.33.226-11547&alias=sdfrome002.sdf.slac.stanford.edu>
    DAG Node: accfaa94-5825-4579-9067-5680223a30dd_ptcIsr_2023111203020_23
...
040 (1971710.000.000) 2023-12-14 02:25:43 Finished transferring input files
...
001 (1971710.000.000) 2023-12-14 02:25:43 Job executing on host: <172.24.33.143:37205?CCBID=172.24.33.225:9618%3faddrs%3d172.24.33.225-9618%26alias%3dsdfrome001.sdf.slac.stanford.edu#6220499&PrivNet=sdfrome078.sdf.slac.stanford.edu&addrs=172.24.33.143-37205&alias=sdfrome078.sdf.slac.stanford.edu>
	SlotName: slot_abrought_7348_1_17@sdfrome078.sdf.slac.stanford.edu
...
006 (1971710.000.000) 2023-12-14 02:25:52 Image size of job updated: 268100
	62  -  MemoryUsage of job (MB)
	62564  -  ResidentSetSize of job (KB)
...
006 (1971710.000.000) 2023-12-14 02:26:44 Image size of job updated: 2130128
	1417  -  MemoryUsage of job (MB)
	1450424  -  ResidentSetSize of job (KB)
...
040 (1971710.000.000) 2023-12-14 02:26:45 Started transferring output files
...
040 (1971710.000.000) 2023-12-14 02:26:45 Finished transferring output files
...
005 (1971710.000.000) 2023-12-14 02:26:45 Job terminated.
	(1) Normal termination (return value 0)
		Usr 0 00:00:19, Sys 0 00:00:02  -  Run Remote Usage
		Usr 0 00:00:00, Sys 0 00:00:00  -  Run Local Usage
		Usr 0 00:00:19, Sys 0 00:00:02  -  Total Remote Usage
		Usr 0 00:00:00, Sys 0 00:00:00  -  Total Local Usage
	18806  -  Run Bytes Sent By Job
	0  -  Run Bytes Received By Job
	18806  -  Total Bytes Sent By Job
	0  -  Total Bytes Received By Job
	Partitionable Resources :    Usage  Request Allocated 
	   Cpus                 :     0.01        1         1 
	   Disk (KB)            :    97           2    312194 
	   Memory (MB)          :  1417        2048      2048 

	Job terminated of its own accord at 2023-12-14T10:26:44Z with exit-code 0.
...
