000 (1970768.000.000) 2023-12-14 02:17:24 Job submitted from host: <172.24.33.226:11547?addrs=172.24.33.226-11547&alias=sdfrome002.sdf.slac.stanford.edu>
    DAG Node: 54a70280-1015-4bff-9c21-ab630eee2aaa_ptcIsr_2023111301062_23
...
040 (1970768.000.000) 2023-12-14 02:23:00 Finished transferring input files
...
001 (1970768.000.000) 2023-12-14 02:23:00 Job executing on host: <172.24.33.124:39661?CCBID=172.24.33.225:9618%3faddrs%3d172.24.33.225-9618%26alias%3dsdfrome001.sdf.slac.stanford.edu#6220018&PrivNet=sdfrome059.sdf.slac.stanford.edu&addrs=172.24.33.124-39661&alias=sdfrome059.sdf.slac.stanford.edu>
	SlotName: slot_abrought_25802_1_13@sdfrome059.sdf.slac.stanford.edu
...
006 (1970768.000.000) 2023-12-14 02:23:09 Image size of job updated: 347596
	133  -  MemoryUsage of job (MB)
	135804  -  ResidentSetSize of job (KB)
...
006 (1970768.000.000) 2023-12-14 02:23:48 Image size of job updated: 2170412
	617  -  MemoryUsage of job (MB)
	631060  -  ResidentSetSize of job (KB)
...
040 (1970768.000.000) 2023-12-14 02:23:48 Started transferring output files
...
040 (1970768.000.000) 2023-12-14 02:23:48 Finished transferring output files
...
005 (1970768.000.000) 2023-12-14 02:23:48 Job terminated.
	(1) Normal termination (return value 0)
		Usr 0 00:00:24, Sys 0 00:00:07  -  Run Remote Usage
		Usr 0 00:00:00, Sys 0 00:00:00  -  Run Local Usage
		Usr 0 00:00:24, Sys 0 00:00:07  -  Total Remote Usage
		Usr 0 00:00:00, Sys 0 00:00:00  -  Total Local Usage
	19072  -  Run Bytes Sent By Job
	0  -  Run Bytes Received By Job
	19072  -  Total Bytes Sent By Job
	0  -  Total Bytes Received By Job
	Partitionable Resources :    Usage  Request Allocated 
	   Cpus                 :                 1         1 
	   Disk (KB)            :       91        2    312194 
	   Memory (MB)          :      617     2048      2048 

	Job terminated of its own accord at 2023-12-14T10:23:48Z with exit-code 0.
...
