000 (1972931.000.000) 2023-12-14 02:17:50 Job submitted from host: <172.24.33.226:11547?addrs=172.24.33.226-11547&alias=sdfrome002.sdf.slac.stanford.edu>
    DAG Node: 5234d8da-f013-428f-a0d6-1ebe11f169ff_ptcIsr_2023111101872_23
...
040 (1972931.000.000) 2023-12-14 02:29:24 Finished transferring input files
...
001 (1972931.000.000) 2023-12-14 02:29:24 Job executing on host: <172.24.33.143:42517?CCBID=172.24.33.225:9618%3faddrs%3d172.24.33.225-9618%26alias%3dsdfrome001.sdf.slac.stanford.edu#6220496&PrivNet=sdfrome078.sdf.slac.stanford.edu&addrs=172.24.33.143-42517&alias=sdfrome078.sdf.slac.stanford.edu>
	SlotName: slot_abrought_19079_1_20@sdfrome078.sdf.slac.stanford.edu
...
006 (1972931.000.000) 2023-12-14 02:29:33 Image size of job updated: 351316
	137  -  MemoryUsage of job (MB)
	139784  -  ResidentSetSize of job (KB)
...
006 (1972931.000.000) 2023-12-14 02:30:06 Image size of job updated: 2088260
	137  -  MemoryUsage of job (MB)
	139784  -  ResidentSetSize of job (KB)
...
040 (1972931.000.000) 2023-12-14 02:30:06 Started transferring output files
...
040 (1972931.000.000) 2023-12-14 02:30:06 Finished transferring output files
...
005 (1972931.000.000) 2023-12-14 02:30:06 Job terminated.
	(1) Normal termination (return value 0)
		Usr 0 00:00:24, Sys 0 00:00:04  -  Run Remote Usage
		Usr 0 00:00:00, Sys 0 00:00:00  -  Run Local Usage
		Usr 0 00:00:24, Sys 0 00:00:04  -  Total Remote Usage
		Usr 0 00:00:00, Sys 0 00:00:00  -  Total Local Usage
	19073  -  Run Bytes Sent By Job
	0  -  Run Bytes Received By Job
	19073  -  Total Bytes Sent By Job
	0  -  Total Bytes Received By Job
	Partitionable Resources :    Usage  Request Allocated 
	   Cpus                 :                 1         1 
	   Disk (KB)            :       91        2    312194 
	   Memory (MB)          :      137     2048      2048 

	Job terminated of its own accord at 2023-12-14T10:30:06Z with exit-code 0.
...
