000 (1971984.000.000) 2023-12-14 02:17:38 Job submitted from host: <172.24.33.226:11547?addrs=172.24.33.226-11547&alias=sdfrome002.sdf.slac.stanford.edu>
    DAG Node: aff6abac-b096-4652-9df0-a201f4c4a22f_ptcIsr_2023111101335_23
...
040 (1971984.000.000) 2023-12-14 02:26:33 Finished transferring input files
...
001 (1971984.000.000) 2023-12-14 02:26:33 Job executing on host: <172.24.33.213:33037?CCBID=172.24.33.225:9618%3faddrs%3d172.24.33.225-9618%26alias%3dsdfrome001.sdf.slac.stanford.edu#6220039&PrivNet=sdfrome022.sdf.slac.stanford.edu&addrs=172.24.33.213-33037&alias=sdfrome022.sdf.slac.stanford.edu>
	SlotName: slot_abrought_15721_1_1@sdfrome022.sdf.slac.stanford.edu
...
006 (1971984.000.000) 2023-12-14 02:26:42 Image size of job updated: 278348
	72  -  MemoryUsage of job (MB)
	73304  -  ResidentSetSize of job (KB)
...
006 (1971984.000.000) 2023-12-14 02:27:41 Image size of job updated: 2130752
	652  -  MemoryUsage of job (MB)
	667576  -  ResidentSetSize of job (KB)
...
040 (1971984.000.000) 2023-12-14 02:27:41 Started transferring output files
...
040 (1971984.000.000) 2023-12-14 02:27:41 Finished transferring output files
...
005 (1971984.000.000) 2023-12-14 02:27:42 Job terminated.
	(1) Normal termination (return value 0)
		Usr 0 00:00:22, Sys 0 00:00:03  -  Run Remote Usage
		Usr 0 00:00:00, Sys 0 00:00:00  -  Run Local Usage
		Usr 0 00:00:22, Sys 0 00:00:03  -  Total Remote Usage
		Usr 0 00:00:00, Sys 0 00:00:00  -  Total Local Usage
	18803  -  Run Bytes Sent By Job
	0  -  Run Bytes Received By Job
	18803  -  Total Bytes Sent By Job
	0  -  Total Bytes Received By Job
	Partitionable Resources :    Usage  Request Allocated 
	   Cpus                 :                 1         1 
	   Disk (KB)            :       90        2    312194 
	   Memory (MB)          :      652     2048      2048 

	Job terminated of its own accord at 2023-12-14T10:27:41Z with exit-code 0.
...
