000 (1971895.000.000) 2023-12-14 02:17:37 Job submitted from host: <172.24.33.226:11547?addrs=172.24.33.226-11547&alias=sdfrome002.sdf.slac.stanford.edu>
    DAG Node: 161c5ed1-2e71-4c38-98d1-d6070ee88b37_ptcIsr_2023111300993_23
...
040 (1971895.000.000) 2023-12-14 02:26:17 Finished transferring input files
...
001 (1971895.000.000) 2023-12-14 02:26:17 Job executing on host: <172.24.33.143:37205?CCBID=172.24.33.225:9618%3faddrs%3d172.24.33.225-9618%26alias%3dsdfrome001.sdf.slac.stanford.edu#6220499&PrivNet=sdfrome078.sdf.slac.stanford.edu&addrs=172.24.33.143-37205&alias=sdfrome078.sdf.slac.stanford.edu>
	SlotName: slot_abrought_7348_1_2@sdfrome078.sdf.slac.stanford.edu
...
006 (1971895.000.000) 2023-12-14 02:26:25 Image size of job updated: 279864
	73  -  MemoryUsage of job (MB)
	74360  -  ResidentSetSize of job (KB)
...
006 (1971895.000.000) 2023-12-14 02:27:27 Image size of job updated: 2135980
	618  -  MemoryUsage of job (MB)
	632244  -  ResidentSetSize of job (KB)
...
040 (1971895.000.000) 2023-12-14 02:27:27 Started transferring output files
...
040 (1971895.000.000) 2023-12-14 02:27:27 Finished transferring output files
...
005 (1971895.000.000) 2023-12-14 02:27:27 Job terminated.
	(1) Normal termination (return value 0)
		Usr 0 00:00:21, Sys 0 00:00:03  -  Run Remote Usage
		Usr 0 00:00:00, Sys 0 00:00:00  -  Run Local Usage
		Usr 0 00:00:21, Sys 0 00:00:03  -  Total Remote Usage
		Usr 0 00:00:00, Sys 0 00:00:00  -  Total Local Usage
	19072  -  Run Bytes Sent By Job
	0  -  Run Bytes Received By Job
	19072  -  Total Bytes Sent By Job
	0  -  Total Bytes Received By Job
	Partitionable Resources :    Usage  Request Allocated 
	   Cpus                 :                 1         1 
	   Disk (KB)            :       91        2    312194 
	   Memory (MB)          :      618     2048      2048 

	Job terminated of its own accord at 2023-12-14T10:27:27Z with exit-code 0.
...
