000 (1973031.000.000) 2023-12-14 02:17:51 Job submitted from host: <172.24.33.226:11547?addrs=172.24.33.226-11547&alias=sdfrome002.sdf.slac.stanford.edu>
    DAG Node: 4f222c69-5566-4eaf-8e33-a70f068e818e_ptcIsr_2023111201664_23
...
040 (1973031.000.000) 2023-12-14 02:29:41 Finished transferring input files
...
001 (1973031.000.000) 2023-12-14 02:29:41 Job executing on host: <172.24.33.147:42953?CCBID=172.24.33.225:9618%3faddrs%3d172.24.33.225-9618%26alias%3dsdfrome001.sdf.slac.stanford.edu#6219703&PrivNet=sdfrome082.sdf.slac.stanford.edu&addrs=172.24.33.147-42953&alias=sdfrome082.sdf.slac.stanford.edu>
	SlotName: slot_abrought_48_1_2@sdfrome082.sdf.slac.stanford.edu
...
006 (1973031.000.000) 2023-12-14 02:29:49 Image size of job updated: 290800
	82  -  MemoryUsage of job (MB)
	83560  -  ResidentSetSize of job (KB)
...
006 (1973031.000.000) 2023-12-14 02:30:37 Image size of job updated: 2080068
	618  -  MemoryUsage of job (MB)
	632308  -  ResidentSetSize of job (KB)
...
040 (1973031.000.000) 2023-12-14 02:30:37 Started transferring output files
...
040 (1973031.000.000) 2023-12-14 02:30:37 Finished transferring output files
...
005 (1973031.000.000) 2023-12-14 02:30:38 Job terminated.
	(1) Normal termination (return value 0)
		Usr 0 00:00:21, Sys 0 00:00:03  -  Run Remote Usage
		Usr 0 00:00:00, Sys 0 00:00:00  -  Run Local Usage
		Usr 0 00:00:21, Sys 0 00:00:03  -  Total Remote Usage
		Usr 0 00:00:00, Sys 0 00:00:00  -  Total Local Usage
	18802  -  Run Bytes Sent By Job
	0  -  Run Bytes Received By Job
	18802  -  Total Bytes Sent By Job
	0  -  Total Bytes Received By Job
	Partitionable Resources :    Usage  Request Allocated 
	   Cpus                 :                 1         1 
	   Disk (KB)            :       90        2    312116 
	   Memory (MB)          :      618     2048      2048 

	Job terminated of its own accord at 2023-12-14T10:30:37Z with exit-code 0.
...
