000 (1973246.000.000) 2023-12-14 02:17:54 Job submitted from host: <172.24.33.226:11547?addrs=172.24.33.226-11547&alias=sdfrome002.sdf.slac.stanford.edu>
    DAG Node: 4ab3ea62-852f-48bf-b402-509781e4118f_ptcIsr_2023111300962_23
...
040 (1973246.000.000) 2023-12-14 02:30:11 Finished transferring input files
...
001 (1973246.000.000) 2023-12-14 02:30:11 Job executing on host: <172.24.48.193:46283?CCBID=172.24.33.225:9618%3faddrs%3d172.24.33.225-9618%26alias%3dsdfrome001.sdf.slac.stanford.edu#6219697&PrivNet=sdfmilan121.sdf.slac.stanford.edu&addrs=172.24.48.193-46283&alias=sdfmilan121.sdf.slac.stanford.edu>
	SlotName: slot_abrought_10210_1_13@sdfmilan121.sdf.slac.stanford.edu
...
006 (1973246.000.000) 2023-12-14 02:30:20 Image size of job updated: 298288
	90  -  MemoryUsage of job (MB)
	91368  -  ResidentSetSize of job (KB)
...
006 (1973246.000.000) 2023-12-14 02:31:02 Image size of job updated: 2037328
	620  -  MemoryUsage of job (MB)
	633880  -  ResidentSetSize of job (KB)
...
040 (1973246.000.000) 2023-12-14 02:31:02 Started transferring output files
...
040 (1973246.000.000) 2023-12-14 02:31:02 Finished transferring output files
...
005 (1973246.000.000) 2023-12-14 02:31:02 Job terminated.
	(1) Normal termination (return value 0)
		Usr 0 00:00:21, Sys 0 00:00:04  -  Run Remote Usage
		Usr 0 00:00:00, Sys 0 00:00:00  -  Run Local Usage
		Usr 0 00:00:21, Sys 0 00:00:04  -  Total Remote Usage
		Usr 0 00:00:00, Sys 0 00:00:00  -  Total Local Usage
	18802  -  Run Bytes Sent By Job
	0  -  Run Bytes Received By Job
	18802  -  Total Bytes Sent By Job
	0  -  Total Bytes Received By Job
	Partitionable Resources :    Usage  Request Allocated 
	   Cpus                 :                 1         1 
	   Disk (KB)            :       90        2    311595 
	   Memory (MB)          :      620     2048      2048 

	Job terminated of its own accord at 2023-12-14T10:31:02Z with exit-code 0.
...
