000 (1969343.000.000) 2023-12-14 02:17:07 Job submitted from host: <172.24.33.226:11547?addrs=172.24.33.226-11547&alias=sdfrome002.sdf.slac.stanford.edu>
    DAG Node: 60fc3b7a-f04e-4543-8aa1-cb12bdf9460a_ptcIsr_2023111200084_23
...
040 (1969343.000.000) 2023-12-14 02:17:08 Finished transferring input files
...
001 (1969343.000.000) 2023-12-14 02:17:08 Job executing on host: <172.24.48.193:46283?CCBID=172.24.33.225:9618%3faddrs%3d172.24.33.225-9618%26alias%3dsdfrome001.sdf.slac.stanford.edu#6219697&PrivNet=sdfmilan121.sdf.slac.stanford.edu&addrs=172.24.48.193-46283&alias=sdfmilan121.sdf.slac.stanford.edu>
	SlotName: slot_abrought_10210_1_4@sdfmilan121.sdf.slac.stanford.edu
...
006 (1969343.000.000) 2023-12-14 02:17:17 Image size of job updated: 353840
	139  -  MemoryUsage of job (MB)
	142328  -  ResidentSetSize of job (KB)
...
006 (1969343.000.000) 2023-12-14 02:17:49 Image size of job updated: 2080424
	649  -  MemoryUsage of job (MB)
	663608  -  ResidentSetSize of job (KB)
...
040 (1969343.000.000) 2023-12-14 02:17:49 Started transferring output files
...
040 (1969343.000.000) 2023-12-14 02:17:49 Finished transferring output files
...
005 (1969343.000.000) 2023-12-14 02:17:49 Job terminated.
	(1) Normal termination (return value 0)
		Usr 0 00:00:23, Sys 0 00:00:06  -  Run Remote Usage
		Usr 0 00:00:00, Sys 0 00:00:00  -  Run Local Usage
		Usr 0 00:00:23, Sys 0 00:00:06  -  Total Remote Usage
		Usr 0 00:00:00, Sys 0 00:00:00  -  Total Local Usage
	19076  -  Run Bytes Sent By Job
	0  -  Run Bytes Received By Job
	19076  -  Total Bytes Sent By Job
	0  -  Total Bytes Received By Job
	Partitionable Resources :    Usage  Request Allocated 
	   Cpus                 :                 1         1 
	   Disk (KB)            :       90        2    311595 
	   Memory (MB)          :      649     2048      2048 

	Job terminated of its own accord at 2023-12-14T10:17:49Z with exit-code 0.
...
