000 (1972938.000.000) 2023-12-14 02:17:50 Job submitted from host: <172.24.33.226:11547?addrs=172.24.33.226-11547&alias=sdfrome002.sdf.slac.stanford.edu>
    DAG Node: 2799f679-66c0-4858-a6a9-aca78c43f4a1_ptcIsr_2023111200905_23
...
040 (1972938.000.000) 2023-12-14 02:29:25 Finished transferring input files
...
001 (1972938.000.000) 2023-12-14 02:29:25 Job executing on host: <172.24.33.124:44469?CCBID=172.24.33.225:9618%3faddrs%3d172.24.33.225-9618%26alias%3dsdfrome001.sdf.slac.stanford.edu#6220017&PrivNet=sdfrome059.sdf.slac.stanford.edu&addrs=172.24.33.124-44469&alias=sdfrome059.sdf.slac.stanford.edu>
	SlotName: slot_abrought_2668_1_20@sdfrome059.sdf.slac.stanford.edu
...
006 (1972938.000.000) 2023-12-14 02:29:34 Image size of job updated: 290804
	83  -  MemoryUsage of job (MB)
	84300  -  ResidentSetSize of job (KB)
...
006 (1972938.000.000) 2023-12-14 02:30:32 Image size of job updated: 2102880
	617  -  MemoryUsage of job (MB)
	631000  -  ResidentSetSize of job (KB)
...
040 (1972938.000.000) 2023-12-14 02:30:32 Started transferring output files
...
040 (1972938.000.000) 2023-12-14 02:30:32 Finished transferring output files
...
005 (1972938.000.000) 2023-12-14 02:30:32 Job terminated.
	(1) Normal termination (return value 0)
		Usr 0 00:00:20, Sys 0 00:00:04  -  Run Remote Usage
		Usr 0 00:00:00, Sys 0 00:00:00  -  Run Local Usage
		Usr 0 00:00:20, Sys 0 00:00:04  -  Total Remote Usage
		Usr 0 00:00:00, Sys 0 00:00:00  -  Total Local Usage
	18803  -  Run Bytes Sent By Job
	0  -  Run Bytes Received By Job
	18803  -  Total Bytes Sent By Job
	0  -  Total Bytes Received By Job
	Partitionable Resources :    Usage  Request Allocated 
	   Cpus                 :                 1         1 
	   Disk (KB)            :       90        2    312194 
	   Memory (MB)          :      617     2048      2048 

	Job terminated of its own accord at 2023-12-14T10:30:32Z with exit-code 0.
...
