000 (1972165.000.000) 2023-12-14 02:17:42 Job submitted from host: <172.24.33.226:11547?addrs=172.24.33.226-11547&alias=sdfrome002.sdf.slac.stanford.edu>
    DAG Node: e5eec7ca-b15f-4ebd-bbc9-192bccd62f5f_ptcIsr_2023111203585_23
...
040 (1972165.000.000) 2023-12-14 02:27:04 Finished transferring input files
...
001 (1972165.000.000) 2023-12-14 02:27:04 Job executing on host: <172.24.33.124:44469?CCBID=172.24.33.225:9618%3faddrs%3d172.24.33.225-9618%26alias%3dsdfrome001.sdf.slac.stanford.edu#6220017&PrivNet=sdfrome059.sdf.slac.stanford.edu&addrs=172.24.33.124-44469&alias=sdfrome059.sdf.slac.stanford.edu>
	SlotName: slot_abrought_2668_1_12@sdfrome059.sdf.slac.stanford.edu
...
006 (1972165.000.000) 2023-12-14 02:27:14 Image size of job updated: 295216
	87  -  MemoryUsage of job (MB)
	89060  -  ResidentSetSize of job (KB)
...
006 (1972165.000.000) 2023-12-14 02:28:02 Image size of job updated: 2194660
	1395  -  MemoryUsage of job (MB)
	1427744  -  ResidentSetSize of job (KB)
...
040 (1972165.000.000) 2023-12-14 02:28:02 Started transferring output files
...
040 (1972165.000.000) 2023-12-14 02:28:02 Finished transferring output files
...
005 (1972165.000.000) 2023-12-14 02:28:02 Job terminated.
	(1) Normal termination (return value 0)
		Usr 0 00:00:18, Sys 0 00:00:03  -  Run Remote Usage
		Usr 0 00:00:00, Sys 0 00:00:00  -  Run Local Usage
		Usr 0 00:00:18, Sys 0 00:00:03  -  Total Remote Usage
		Usr 0 00:00:00, Sys 0 00:00:00  -  Total Local Usage
	18804  -  Run Bytes Sent By Job
	0  -  Run Bytes Received By Job
	18804  -  Total Bytes Sent By Job
	0  -  Total Bytes Received By Job
	Partitionable Resources :    Usage  Request Allocated 
	   Cpus                 :                 1         1 
	   Disk (KB)            :       90        2    312194 
	   Memory (MB)          :     1395     2048      2048 

	Job terminated of its own accord at 2023-12-14T10:28:02Z with exit-code 0.
...
