000 (1969569.000.000) 2023-12-14 02:17:11 Job submitted from host: <172.24.33.226:11547?addrs=172.24.33.226-11547&alias=sdfrome002.sdf.slac.stanford.edu>
    DAG Node: b895b89c-3723-4d91-baed-ec0e5e5e6989_ptcIsr_2023110800532_23
...
040 (1969569.000.000) 2023-12-14 02:18:25 Finished transferring input files
...
001 (1969569.000.000) 2023-12-14 02:18:25 Job executing on host: <172.24.48.185:41489?CCBID=172.24.33.225:9618%3faddrs%3d172.24.33.225-9618%26alias%3dsdfrome001.sdf.slac.stanford.edu#6219699&PrivNet=sdfmilan113.sdf.slac.stanford.edu&addrs=172.24.48.185-41489&alias=sdfmilan113.sdf.slac.stanford.edu>
	SlotName: slot_abrought_18623_1_22@sdfmilan113.sdf.slac.stanford.edu
...
006 (1969569.000.000) 2023-12-14 02:18:34 Image size of job updated: 313500
	104  -  MemoryUsage of job (MB)
	105844  -  ResidentSetSize of job (KB)
...
006 (1969569.000.000) 2023-12-14 02:19:39 Image size of job updated: 2130572
	657  -  MemoryUsage of job (MB)
	671924  -  ResidentSetSize of job (KB)
...
040 (1969569.000.000) 2023-12-14 02:19:39 Started transferring output files
...
040 (1969569.000.000) 2023-12-14 02:19:39 Finished transferring output files
...
005 (1969569.000.000) 2023-12-14 02:19:39 Job terminated.
	(1) Normal termination (return value 0)
		Usr 0 00:00:19, Sys 0 00:00:02  -  Run Remote Usage
		Usr 0 00:00:00, Sys 0 00:00:00  -  Run Local Usage
		Usr 0 00:00:19, Sys 0 00:00:02  -  Total Remote Usage
		Usr 0 00:00:00, Sys 0 00:00:00  -  Total Local Usage
	18800  -  Run Bytes Sent By Job
	0  -  Run Bytes Received By Job
	18800  -  Total Bytes Sent By Job
	0  -  Total Bytes Received By Job
	Partitionable Resources :    Usage  Request Allocated 
	   Cpus                 :                 1         1 
	   Disk (KB)            :       90        2    312194 
	   Memory (MB)          :      657     2048      2048 

	Job terminated of its own accord at 2023-12-14T10:19:39Z with exit-code 0.
...
