000 (1970356.000.000) 2023-12-14 02:17:18 Job submitted from host: <172.24.33.226:11547?addrs=172.24.33.226-11547&alias=sdfrome002.sdf.slac.stanford.edu>
    DAG Node: be768e03-f944-404c-b017-5309912006f0_ptcIsr_2023111101170_23
...
040 (1970356.000.000) 2023-12-14 02:21:32 Finished transferring input files
...
001 (1970356.000.000) 2023-12-14 02:21:32 Job executing on host: <172.24.33.213:43829?CCBID=172.24.33.225:9618%3faddrs%3d172.24.33.225-9618%26alias%3dsdfrome001.sdf.slac.stanford.edu#6220038&PrivNet=sdfrome022.sdf.slac.stanford.edu&addrs=172.24.33.213-43829&alias=sdfrome022.sdf.slac.stanford.edu>
	SlotName: slot_abrought_31850_1_16@sdfrome022.sdf.slac.stanford.edu
...
006 (1970356.000.000) 2023-12-14 02:21:41 Image size of job updated: 25780
	9  -  MemoryUsage of job (MB)
	8412  -  ResidentSetSize of job (KB)
...
006 (1970356.000.000) 2023-12-14 02:22:40 Image size of job updated: 2077160
	602  -  MemoryUsage of job (MB)
	615692  -  ResidentSetSize of job (KB)
...
040 (1970356.000.000) 2023-12-14 02:22:41 Started transferring output files
...
040 (1970356.000.000) 2023-12-14 02:22:41 Finished transferring output files
...
005 (1970356.000.000) 2023-12-14 02:22:42 Job terminated.
	(1) Normal termination (return value 0)
		Usr 0 00:00:22, Sys 0 00:00:05  -  Run Remote Usage
		Usr 0 00:00:00, Sys 0 00:00:00  -  Run Local Usage
		Usr 0 00:00:22, Sys 0 00:00:05  -  Total Remote Usage
		Usr 0 00:00:00, Sys 0 00:00:00  -  Total Local Usage
	18532  -  Run Bytes Sent By Job
	0  -  Run Bytes Received By Job
	18532  -  Total Bytes Sent By Job
	0  -  Total Bytes Received By Job
	Partitionable Resources :    Usage  Request Allocated 
	   Cpus                 :                 1         1 
	   Disk (KB)            :       90        2    312194 
	   Memory (MB)          :      602     2048      2048 

	Job terminated of its own accord at 2023-12-14T10:22:40Z with exit-code 0.
...
