000 (1969454.000.000) 2023-12-14 02:17:10 Job submitted from host: <172.24.33.226:11547?addrs=172.24.33.226-11547&alias=sdfrome002.sdf.slac.stanford.edu>
    DAG Node: 4f18451e-f1b3-457f-9a4c-81bdc00343f8_ptcIsr_2023111202910_23
...
040 (1969454.000.000) 2023-12-14 02:17:11 Finished transferring input files
...
001 (1969454.000.000) 2023-12-14 02:17:11 Job executing on host: <172.24.33.147:42953?CCBID=172.24.33.225:9618%3faddrs%3d172.24.33.225-9618%26alias%3dsdfrome001.sdf.slac.stanford.edu#6219703&PrivNet=sdfrome082.sdf.slac.stanford.edu&addrs=172.24.33.147-42953&alias=sdfrome082.sdf.slac.stanford.edu>
	SlotName: slot_abrought_48_1_23@sdfrome082.sdf.slac.stanford.edu
...
006 (1969454.000.000) 2023-12-14 02:17:20 Image size of job updated: 468188
	215  -  MemoryUsage of job (MB)
	219308  -  ResidentSetSize of job (KB)
...
006 (1969454.000.000) 2023-12-14 02:18:06 Image size of job updated: 2204252
	615  -  MemoryUsage of job (MB)
	629256  -  ResidentSetSize of job (KB)
...
040 (1969454.000.000) 2023-12-14 02:18:06 Started transferring output files
...
040 (1969454.000.000) 2023-12-14 02:18:06 Finished transferring output files
...
005 (1969454.000.000) 2023-12-14 02:18:07 Job terminated.
	(1) Normal termination (return value 0)
		Usr 0 00:00:23, Sys 0 00:00:04  -  Run Remote Usage
		Usr 0 00:00:00, Sys 0 00:00:00  -  Run Local Usage
		Usr 0 00:00:23, Sys 0 00:00:04  -  Total Remote Usage
		Usr 0 00:00:00, Sys 0 00:00:00  -  Total Local Usage
	18532  -  Run Bytes Sent By Job
	0  -  Run Bytes Received By Job
	18532  -  Total Bytes Sent By Job
	0  -  Total Bytes Received By Job
	Partitionable Resources :    Usage  Request Allocated 
	   Cpus                 :                 1         1 
	   Disk (KB)            :       90        2    312116 
	   Memory (MB)          :      615     2048      2048 

	Job terminated of its own accord at 2023-12-14T10:18:06Z with exit-code 0.
...
