000 (1971691.000.000) 2023-12-14 02:17:36 Job submitted from host: <172.24.33.226:11547?addrs=172.24.33.226-11547&alias=sdfrome002.sdf.slac.stanford.edu>
    DAG Node: 410c9509-aabf-4deb-8476-ae3785465ccd_ptcIsr_2023111300309_23
...
040 (1971691.000.000) 2023-12-14 02:25:42 Finished transferring input files
...
001 (1971691.000.000) 2023-12-14 02:25:42 Job executing on host: <172.24.48.185:41489?CCBID=172.24.33.225:9618%3faddrs%3d172.24.33.225-9618%26alias%3dsdfrome001.sdf.slac.stanford.edu#6219699&PrivNet=sdfmilan113.sdf.slac.stanford.edu&addrs=172.24.48.185-41489&alias=sdfmilan113.sdf.slac.stanford.edu>
	SlotName: slot_abrought_18623_1_22@sdfmilan113.sdf.slac.stanford.edu
...
006 (1971691.000.000) 2023-12-14 02:25:51 Image size of job updated: 262880
	57  -  MemoryUsage of job (MB)
	58352  -  ResidentSetSize of job (KB)
...
006 (1971691.000.000) 2023-12-14 02:26:54 Image size of job updated: 2130844
	57  -  MemoryUsage of job (MB)
	58352  -  ResidentSetSize of job (KB)
...
040 (1971691.000.000) 2023-12-14 02:26:54 Started transferring output files
...
040 (1971691.000.000) 2023-12-14 02:26:54 Finished transferring output files
...
005 (1971691.000.000) 2023-12-14 02:26:54 Job terminated.
	(1) Normal termination (return value 0)
		Usr 0 00:00:22, Sys 0 00:00:02  -  Run Remote Usage
		Usr 0 00:00:00, Sys 0 00:00:00  -  Run Local Usage
		Usr 0 00:00:22, Sys 0 00:00:02  -  Total Remote Usage
		Usr 0 00:00:00, Sys 0 00:00:00  -  Total Local Usage
	18802  -  Run Bytes Sent By Job
	0  -  Run Bytes Received By Job
	18802  -  Total Bytes Sent By Job
	0  -  Total Bytes Received By Job
	Partitionable Resources :    Usage  Request Allocated 
	   Cpus                 :     0.45        1         1 
	   Disk (KB)            :    97           2    312194 
	   Memory (MB)          :    57        2048      2048 

	Job terminated of its own accord at 2023-12-14T10:26:54Z with exit-code 0.
...
