000 (1970658.000.000) 2023-12-14 02:17:24 Job submitted from host: <172.24.33.226:11547?addrs=172.24.33.226-11547&alias=sdfrome002.sdf.slac.stanford.edu>
    DAG Node: bebedfdc-06e2-41c7-bb0d-cac38c9183fd_ptcIsr_2023111300318_23
...
040 (1970658.000.000) 2023-12-14 02:22:39 Finished transferring input files
...
001 (1970658.000.000) 2023-12-14 02:22:39 Job executing on host: <172.24.33.213:43829?CCBID=172.24.33.225:9618%3faddrs%3d172.24.33.225-9618%26alias%3dsdfrome001.sdf.slac.stanford.edu#6220038&PrivNet=sdfrome022.sdf.slac.stanford.edu&addrs=172.24.33.213-43829&alias=sdfrome022.sdf.slac.stanford.edu>
	SlotName: slot_abrought_31850_1_21@sdfrome022.sdf.slac.stanford.edu
...
006 (1970658.000.000) 2023-12-14 02:22:49 Image size of job updated: 31568
	16  -  MemoryUsage of job (MB)
	15636  -  ResidentSetSize of job (KB)
...
006 (1970658.000.000) 2023-12-14 02:23:38 Image size of job updated: 2096796
	620  -  MemoryUsage of job (MB)
	633980  -  ResidentSetSize of job (KB)
...
040 (1970658.000.000) 2023-12-14 02:23:39 Started transferring output files
...
040 (1970658.000.000) 2023-12-14 02:23:39 Finished transferring output files
...
005 (1970658.000.000) 2023-12-14 02:23:39 Job terminated.
	(1) Normal termination (return value 0)
		Usr 0 00:00:22, Sys 0 00:00:04  -  Run Remote Usage
		Usr 0 00:00:00, Sys 0 00:00:00  -  Run Local Usage
		Usr 0 00:00:22, Sys 0 00:00:04  -  Total Remote Usage
		Usr 0 00:00:00, Sys 0 00:00:00  -  Total Local Usage
	18803  -  Run Bytes Sent By Job
	0  -  Run Bytes Received By Job
	18803  -  Total Bytes Sent By Job
	0  -  Total Bytes Received By Job
	Partitionable Resources :    Usage  Request Allocated 
	   Cpus                 :                 1         1 
	   Disk (KB)            :       90        2    312194 
	   Memory (MB)          :      620     2048      2048 

	Job terminated of its own accord at 2023-12-14T10:23:38Z with exit-code 0.
...
