000 (1973203.000.000) 2023-12-14 02:17:54 Job submitted from host: <172.24.33.226:11547?addrs=172.24.33.226-11547&alias=sdfrome002.sdf.slac.stanford.edu>
    DAG Node: bd05d4fc-9272-485c-9978-54085231e426_ptcIsr_2023111300969_23
...
040 (1973203.000.000) 2023-12-14 02:30:06 Finished transferring input files
...
001 (1973203.000.000) 2023-12-14 02:30:06 Job executing on host: <172.24.33.124:44469?CCBID=172.24.33.225:9618%3faddrs%3d172.24.33.225-9618%26alias%3dsdfrome001.sdf.slac.stanford.edu#6220017&PrivNet=sdfrome059.sdf.slac.stanford.edu&addrs=172.24.33.124-44469&alias=sdfrome059.sdf.slac.stanford.edu>
	SlotName: slot_abrought_2668_1_4@sdfrome059.sdf.slac.stanford.edu
...
006 (1973203.000.000) 2023-12-14 02:30:15 Image size of job updated: 27348
	11  -  MemoryUsage of job (MB)
	10784  -  ResidentSetSize of job (KB)
...
006 (1973203.000.000) 2023-12-14 02:31:09 Image size of job updated: 2017600
	666  -  MemoryUsage of job (MB)
	681928  -  ResidentSetSize of job (KB)
...
040 (1973203.000.000) 2023-12-14 02:31:09 Started transferring output files
...
040 (1973203.000.000) 2023-12-14 02:31:09 Finished transferring output files
...
005 (1973203.000.000) 2023-12-14 02:31:09 Job terminated.
	(1) Normal termination (return value 0)
		Usr 0 00:00:18, Sys 0 00:00:04  -  Run Remote Usage
		Usr 0 00:00:00, Sys 0 00:00:00  -  Run Local Usage
		Usr 0 00:00:18, Sys 0 00:00:04  -  Total Remote Usage
		Usr 0 00:00:00, Sys 0 00:00:00  -  Total Local Usage
	18805  -  Run Bytes Sent By Job
	0  -  Run Bytes Received By Job
	18805  -  Total Bytes Sent By Job
	0  -  Total Bytes Received By Job
	Partitionable Resources :    Usage  Request Allocated 
	   Cpus                 :                 1         1 
	   Disk (KB)            :       90        2    312194 
	   Memory (MB)          :      666     2048      2048 

	Job terminated of its own accord at 2023-12-14T10:31:09Z with exit-code 0.
...
