000 (1970677.000.000) 2023-12-14 02:17:24 Job submitted from host: <172.24.33.226:11547?addrs=172.24.33.226-11547&alias=sdfrome002.sdf.slac.stanford.edu>
    DAG Node: 69839279-6d0d-4b2a-af80-861879663883_ptcIsr_2023111101095_23
...
040 (1970677.000.000) 2023-12-14 02:22:48 Finished transferring input files
...
001 (1970677.000.000) 2023-12-14 02:22:48 Job executing on host: <172.24.48.193:46283?CCBID=172.24.33.225:9618%3faddrs%3d172.24.33.225-9618%26alias%3dsdfrome001.sdf.slac.stanford.edu#6219697&PrivNet=sdfmilan121.sdf.slac.stanford.edu&addrs=172.24.48.193-46283&alias=sdfmilan121.sdf.slac.stanford.edu>
	SlotName: slot_abrought_10210_1_5@sdfmilan121.sdf.slac.stanford.edu
...
006 (1970677.000.000) 2023-12-14 02:22:56 Image size of job updated: 265896
	60  -  MemoryUsage of job (MB)
	60912  -  ResidentSetSize of job (KB)
...
006 (1970677.000.000) 2023-12-14 02:23:46 Image size of job updated: 2167436
	627  -  MemoryUsage of job (MB)
	641204  -  ResidentSetSize of job (KB)
...
040 (1970677.000.000) 2023-12-14 02:23:46 Started transferring output files
...
040 (1970677.000.000) 2023-12-14 02:23:46 Finished transferring output files
...
005 (1970677.000.000) 2023-12-14 02:23:46 Job terminated.
	(1) Normal termination (return value 0)
		Usr 0 00:00:23, Sys 0 00:00:03  -  Run Remote Usage
		Usr 0 00:00:00, Sys 0 00:00:00  -  Run Local Usage
		Usr 0 00:00:23, Sys 0 00:00:03  -  Total Remote Usage
		Usr 0 00:00:00, Sys 0 00:00:00  -  Total Local Usage
	19073  -  Run Bytes Sent By Job
	0  -  Run Bytes Received By Job
	19073  -  Total Bytes Sent By Job
	0  -  Total Bytes Received By Job
	Partitionable Resources :    Usage  Request Allocated 
	   Cpus                 :                 1         1 
	   Disk (KB)            :       91        2    311595 
	   Memory (MB)          :      627     2048      2048 

	Job terminated of its own accord at 2023-12-14T10:23:46Z with exit-code 0.
...
