000 (1973269.000.000) 2023-12-14 02:17:54 Job submitted from host: <172.24.33.226:11547?addrs=172.24.33.226-11547&alias=sdfrome002.sdf.slac.stanford.edu>
    DAG Node: ec7b7c1f-fa6f-4238-8298-a3182444d5da_ptcIsr_2023111300704_23
...
040 (1973269.000.000) 2023-12-14 02:30:12 Finished transferring input files
...
001 (1973269.000.000) 2023-12-14 02:30:12 Job executing on host: <172.24.48.186:33679?CCBID=172.24.33.225:9618%3faddrs%3d172.24.33.225-9618%26alias%3dsdfrome001.sdf.slac.stanford.edu#6219700&PrivNet=sdfmilan114.sdf.slac.stanford.edu&addrs=172.24.48.186-33679&alias=sdfmilan114.sdf.slac.stanford.edu>
	SlotName: slot_abrought_14493_1_8@sdfmilan114.sdf.slac.stanford.edu
...
006 (1973269.000.000) 2023-12-14 02:30:21 Image size of job updated: 275144
	69  -  MemoryUsage of job (MB)
	69916  -  ResidentSetSize of job (KB)
...
006 (1973269.000.000) 2023-12-14 02:31:11 Image size of job updated: 2130912
	623  -  MemoryUsage of job (MB)
	636996  -  ResidentSetSize of job (KB)
...
040 (1973269.000.000) 2023-12-14 02:31:11 Started transferring output files
...
040 (1973269.000.000) 2023-12-14 02:31:11 Finished transferring output files
...
005 (1973269.000.000) 2023-12-14 02:31:11 Job terminated.
	(1) Normal termination (return value 0)
		Usr 0 00:00:22, Sys 0 00:00:02  -  Run Remote Usage
		Usr 0 00:00:00, Sys 0 00:00:00  -  Run Local Usage
		Usr 0 00:00:22, Sys 0 00:00:02  -  Total Remote Usage
		Usr 0 00:00:00, Sys 0 00:00:00  -  Total Local Usage
	18804  -  Run Bytes Sent By Job
	0  -  Run Bytes Received By Job
	18804  -  Total Bytes Sent By Job
	0  -  Total Bytes Received By Job
	Partitionable Resources :    Usage  Request Allocated 
	   Cpus                 :                 1         1 
	   Disk (KB)            :       90        2    312193 
	   Memory (MB)          :      623     2048      2048 

	Job terminated of its own accord at 2023-12-14T10:31:11Z with exit-code 0.
...
