000 (1972254.000.000) 2023-12-14 02:17:43 Job submitted from host: <172.24.33.226:11547?addrs=172.24.33.226-11547&alias=sdfrome002.sdf.slac.stanford.edu>
    DAG Node: 33e9d737-dc62-47c3-a199-141be1446f70_ptcIsr_2023111300852_23
...
040 (1972254.000.000) 2023-12-14 02:27:19 Finished transferring input files
...
001 (1972254.000.000) 2023-12-14 02:27:19 Job executing on host: <172.24.33.147:42953?CCBID=172.24.33.225:9618%3faddrs%3d172.24.33.225-9618%26alias%3dsdfrome001.sdf.slac.stanford.edu#6219703&PrivNet=sdfrome082.sdf.slac.stanford.edu&addrs=172.24.33.147-42953&alias=sdfrome082.sdf.slac.stanford.edu>
	SlotName: slot_abrought_48_1_8@sdfrome082.sdf.slac.stanford.edu
...
006 (1972254.000.000) 2023-12-14 02:27:28 Image size of job updated: 307436
	98  -  MemoryUsage of job (MB)
	99864  -  ResidentSetSize of job (KB)
...
006 (1972254.000.000) 2023-12-14 02:28:05 Image size of job updated: 2081016
	609  -  MemoryUsage of job (MB)
	623464  -  ResidentSetSize of job (KB)
...
040 (1972254.000.000) 2023-12-14 02:28:05 Started transferring output files
...
040 (1972254.000.000) 2023-12-14 02:28:05 Finished transferring output files
...
005 (1972254.000.000) 2023-12-14 02:28:05 Job terminated.
	(1) Normal termination (return value 0)
		Usr 0 00:00:21, Sys 0 00:00:03  -  Run Remote Usage
		Usr 0 00:00:00, Sys 0 00:00:00  -  Run Local Usage
		Usr 0 00:00:21, Sys 0 00:00:03  -  Total Remote Usage
		Usr 0 00:00:00, Sys 0 00:00:00  -  Total Local Usage
	18802  -  Run Bytes Sent By Job
	0  -  Run Bytes Received By Job
	18802  -  Total Bytes Sent By Job
	0  -  Total Bytes Received By Job
	Partitionable Resources :    Usage  Request Allocated 
	   Cpus                 :                 1         1 
	   Disk (KB)            :       90        2    312116 
	   Memory (MB)          :      609     2048      2048 

	Job terminated of its own accord at 2023-12-14T10:28:05Z with exit-code 0.
...
