000 (1969448.000.000) 2023-12-14 02:17:09 Job submitted from host: <172.24.33.226:11547?addrs=172.24.33.226-11547&alias=sdfrome002.sdf.slac.stanford.edu>
    DAG Node: e95c41bd-cdc5-4c73-876b-b0565ab6842e_ptcIsr_2023111202522_23
...
040 (1969448.000.000) 2023-12-14 02:17:11 Finished transferring input files
...
001 (1969448.000.000) 2023-12-14 02:17:11 Job executing on host: <172.24.33.147:42953?CCBID=172.24.33.225:9618%3faddrs%3d172.24.33.225-9618%26alias%3dsdfrome001.sdf.slac.stanford.edu#6219703&PrivNet=sdfrome082.sdf.slac.stanford.edu&addrs=172.24.33.147-42953&alias=sdfrome082.sdf.slac.stanford.edu>
	SlotName: slot_abrought_48_1_22@sdfrome082.sdf.slac.stanford.edu
...
006 (1969448.000.000) 2023-12-14 02:17:20 Image size of job updated: 460
	1  -  MemoryUsage of job (MB)
	60  -  ResidentSetSize of job (KB)
...
006 (1969448.000.000) 2023-12-14 02:18:20 Image size of job updated: 2087936
	1201  -  MemoryUsage of job (MB)
	1228988  -  ResidentSetSize of job (KB)
...
040 (1969448.000.000) 2023-12-14 02:18:20 Started transferring output files
...
040 (1969448.000.000) 2023-12-14 02:18:20 Finished transferring output files
...
005 (1969448.000.000) 2023-12-14 02:18:20 Job terminated.
	(1) Normal termination (return value 0)
		Usr 0 00:00:11, Sys 0 00:00:01  -  Run Remote Usage
		Usr 0 00:00:00, Sys 0 00:00:00  -  Run Local Usage
		Usr 0 00:00:11, Sys 0 00:00:01  -  Total Remote Usage
		Usr 0 00:00:00, Sys 0 00:00:00  -  Total Local Usage
	19073  -  Run Bytes Sent By Job
	0  -  Run Bytes Received By Job
	19073  -  Total Bytes Sent By Job
	0  -  Total Bytes Received By Job
	Partitionable Resources :    Usage  Request Allocated 
	   Cpus                 :                 1         1 
	   Disk (KB)            :       90        2    312116 
	   Memory (MB)          :     1201     2048      2048 

	Job terminated of its own accord at 2023-12-14T10:18:20Z with exit-code 0.
...
