000 (1971144.000.000) 2023-12-14 02:17:30 Job submitted from host: <172.24.33.226:11547?addrs=172.24.33.226-11547&alias=sdfrome002.sdf.slac.stanford.edu>
    DAG Node: 5cd15b68-084e-4cc1-bc5e-913d6bd5051d_ptcIsr_2023111300296_23
...
040 (1971144.000.000) 2023-12-14 02:24:08 Finished transferring input files
...
001 (1971144.000.000) 2023-12-14 02:24:08 Job executing on host: <172.24.33.147:42953?CCBID=172.24.33.225:9618%3faddrs%3d172.24.33.225-9618%26alias%3dsdfrome001.sdf.slac.stanford.edu#6219703&PrivNet=sdfrome082.sdf.slac.stanford.edu&addrs=172.24.33.147-42953&alias=sdfrome082.sdf.slac.stanford.edu>
	SlotName: slot_abrought_48_1_9@sdfrome082.sdf.slac.stanford.edu
...
006 (1971144.000.000) 2023-12-14 02:24:17 Image size of job updated: 329564
	117  -  MemoryUsage of job (MB)
	119432  -  ResidentSetSize of job (KB)
...
006 (1971144.000.000) 2023-12-14 02:24:59 Image size of job updated: 2000352
	615  -  MemoryUsage of job (MB)
	628860  -  ResidentSetSize of job (KB)
...
040 (1971144.000.000) 2023-12-14 02:24:59 Started transferring output files
...
040 (1971144.000.000) 2023-12-14 02:24:59 Finished transferring output files
...
005 (1971144.000.000) 2023-12-14 02:24:59 Job terminated.
	(1) Normal termination (return value 0)
		Usr 0 00:00:22, Sys 0 00:00:03  -  Run Remote Usage
		Usr 0 00:00:00, Sys 0 00:00:00  -  Run Local Usage
		Usr 0 00:00:22, Sys 0 00:00:03  -  Total Remote Usage
		Usr 0 00:00:00, Sys 0 00:00:00  -  Total Local Usage
	18532  -  Run Bytes Sent By Job
	0  -  Run Bytes Received By Job
	18532  -  Total Bytes Sent By Job
	0  -  Total Bytes Received By Job
	Partitionable Resources :    Usage  Request Allocated 
	   Cpus                 :                 1         1 
	   Disk (KB)            :       90        2    312116 
	   Memory (MB)          :      615     2048      2048 

	Job terminated of its own accord at 2023-12-14T10:24:59Z with exit-code 0.
...
