000 (1973112.000.000) 2023-12-14 02:17:53 Job submitted from host: <172.24.33.226:11547?addrs=172.24.33.226-11547&alias=sdfrome002.sdf.slac.stanford.edu>
    DAG Node: 4b616a76-08a5-499d-92fd-61d639a781f0_ptcIsr_2023111202531_23
...
040 (1973112.000.000) 2023-12-14 02:29:52 Finished transferring input files
...
001 (1973112.000.000) 2023-12-14 02:29:52 Job executing on host: <172.24.33.124:39697?CCBID=172.24.33.225:9618%3faddrs%3d172.24.33.225-9618%26alias%3dsdfrome001.sdf.slac.stanford.edu#6220015&PrivNet=sdfrome059.sdf.slac.stanford.edu&addrs=172.24.33.124-39697&alias=sdfrome059.sdf.slac.stanford.edu>
	SlotName: slot_abrought_7836_1_8@sdfrome059.sdf.slac.stanford.edu
...
006 (1973112.000.000) 2023-12-14 02:30:01 Image size of job updated: 281020
	74  -  MemoryUsage of job (MB)
	75588  -  ResidentSetSize of job (KB)
...
006 (1973112.000.000) 2023-12-14 02:30:44 Image size of job updated: 2322048
	657  -  MemoryUsage of job (MB)
	671836  -  ResidentSetSize of job (KB)
...
040 (1973112.000.000) 2023-12-14 02:30:45 Started transferring output files
...
040 (1973112.000.000) 2023-12-14 02:30:45 Finished transferring output files
...
005 (1973112.000.000) 2023-12-14 02:30:45 Job terminated.
	(1) Normal termination (return value 0)
		Usr 0 00:00:21, Sys 0 00:00:04  -  Run Remote Usage
		Usr 0 00:00:00, Sys 0 00:00:00  -  Run Local Usage
		Usr 0 00:00:21, Sys 0 00:00:04  -  Total Remote Usage
		Usr 0 00:00:00, Sys 0 00:00:00  -  Total Local Usage
	18802  -  Run Bytes Sent By Job
	0  -  Run Bytes Received By Job
	18802  -  Total Bytes Sent By Job
	0  -  Total Bytes Received By Job
	Partitionable Resources :    Usage  Request Allocated 
	   Cpus                 :                 1         1 
	   Disk (KB)            :       90        2    312194 
	   Memory (MB)          :      657     2048      2048 

	Job terminated of its own accord at 2023-12-14T10:30:44Z with exit-code 0.
...
