000 (1972181.000.000) 2023-12-14 02:17:42 Job submitted from host: <172.24.33.226:11547?addrs=172.24.33.226-11547&alias=sdfrome002.sdf.slac.stanford.edu>
    DAG Node: e23b2006-d6d5-4fe8-ad76-ed08240e7628_ptcIsr_2023111203624_23
...
040 (1972181.000.000) 2023-12-14 02:27:05 Finished transferring input files
...
001 (1972181.000.000) 2023-12-14 02:27:05 Job executing on host: <172.24.33.213:41467?CCBID=172.24.33.225:9618%3faddrs%3d172.24.33.225-9618%26alias%3dsdfrome001.sdf.slac.stanford.edu#6220037&PrivNet=sdfrome022.sdf.slac.stanford.edu&addrs=172.24.33.213-41467&alias=sdfrome022.sdf.slac.stanford.edu>
	SlotName: slot_abrought_435_1_6@sdfrome022.sdf.slac.stanford.edu
...
006 (1972181.000.000) 2023-12-14 02:27:14 Image size of job updated: 283164
	75  -  MemoryUsage of job (MB)
	76572  -  ResidentSetSize of job (KB)
...
006 (1972181.000.000) 2023-12-14 02:27:56 Image size of job updated: 2081384
	669  -  MemoryUsage of job (MB)
	684436  -  ResidentSetSize of job (KB)
...
040 (1972181.000.000) 2023-12-14 02:27:56 Started transferring output files
...
040 (1972181.000.000) 2023-12-14 02:27:56 Finished transferring output files
...
005 (1972181.000.000) 2023-12-14 02:27:56 Job terminated.
	(1) Normal termination (return value 0)
		Usr 0 00:00:22, Sys 0 00:00:03  -  Run Remote Usage
		Usr 0 00:00:00, Sys 0 00:00:00  -  Run Local Usage
		Usr 0 00:00:22, Sys 0 00:00:03  -  Total Remote Usage
		Usr 0 00:00:00, Sys 0 00:00:00  -  Total Local Usage
	18805  -  Run Bytes Sent By Job
	0  -  Run Bytes Received By Job
	18805  -  Total Bytes Sent By Job
	0  -  Total Bytes Received By Job
	Partitionable Resources :    Usage  Request Allocated 
	   Cpus                 :                 1         1 
	   Disk (KB)            :       90        2    312194 
	   Memory (MB)          :      669     2048      2048 

	Job terminated of its own accord at 2023-12-14T10:27:56Z with exit-code 0.
...
