000 (1969808.000.000) 2023-12-14 02:17:12 Job submitted from host: <172.24.33.226:11547?addrs=172.24.33.226-11547&alias=sdfrome002.sdf.slac.stanford.edu>
    DAG Node: 386391a8-4fa7-4666-a1c4-ccab96e484db_ptcIsr_2023111101804_23
...
040 (1969808.000.000) 2023-12-14 02:20:10 Finished transferring input files
...
001 (1969808.000.000) 2023-12-14 02:20:10 Job executing on host: <172.24.33.213:33037?CCBID=172.24.33.225:9618%3faddrs%3d172.24.33.225-9618%26alias%3dsdfrome001.sdf.slac.stanford.edu#6220039&PrivNet=sdfrome022.sdf.slac.stanford.edu&addrs=172.24.33.213-33037&alias=sdfrome022.sdf.slac.stanford.edu>
	SlotName: slot_abrought_15721_1_6@sdfrome022.sdf.slac.stanford.edu
...
006 (1969808.000.000) 2023-12-14 02:20:19 Image size of job updated: 277236
	71  -  MemoryUsage of job (MB)
	72324  -  ResidentSetSize of job (KB)
...
006 (1969808.000.000) 2023-12-14 02:21:23 Image size of job updated: 2037496
	628  -  MemoryUsage of job (MB)
	642364  -  ResidentSetSize of job (KB)
...
040 (1969808.000.000) 2023-12-14 02:21:24 Started transferring output files
...
040 (1969808.000.000) 2023-12-14 02:21:24 Finished transferring output files
...
005 (1969808.000.000) 2023-12-14 02:21:25 Job terminated.
	(1) Normal termination (return value 0)
		Usr 0 00:00:28, Sys 0 00:00:11  -  Run Remote Usage
		Usr 0 00:00:00, Sys 0 00:00:00  -  Run Local Usage
		Usr 0 00:00:28, Sys 0 00:00:11  -  Total Remote Usage
		Usr 0 00:00:00, Sys 0 00:00:00  -  Total Local Usage
	18802  -  Run Bytes Sent By Job
	0  -  Run Bytes Received By Job
	18802  -  Total Bytes Sent By Job
	0  -  Total Bytes Received By Job
	Partitionable Resources :    Usage  Request Allocated 
	   Cpus                 :                 1         1 
	   Disk (KB)            :       90        2    312194 
	   Memory (MB)          :      628     2048      2048 

	Job terminated of its own accord at 2023-12-14T10:21:22Z with exit-code 0.
...
