000 (1971189.000.000) 2023-12-14 02:17:30 Job submitted from host: <172.24.33.226:11547?addrs=172.24.33.226-11547&alias=sdfrome002.sdf.slac.stanford.edu>
    DAG Node: 2e93a4ef-baca-49b0-8146-8eacc6738e21_ptcIsr_2023111203659_23
...
040 (1971189.000.000) 2023-12-14 02:24:18 Finished transferring input files
...
001 (1971189.000.000) 2023-12-14 02:24:18 Job executing on host: <172.24.48.159:36013?CCBID=172.24.33.225:9618%3faddrs%3d172.24.33.225-9618%26alias%3dsdfrome001.sdf.slac.stanford.edu#6219701&PrivNet=sdfmilan059.sdf.slac.stanford.edu&addrs=172.24.48.159-36013&alias=sdfmilan059.sdf.slac.stanford.edu>
	SlotName: slot_abrought_18206_1_4@sdfmilan059.sdf.slac.stanford.edu
...
006 (1971189.000.000) 2023-12-14 02:24:27 Image size of job updated: 290800
	83  -  MemoryUsage of job (MB)
	83992  -  ResidentSetSize of job (KB)
...
006 (1971189.000.000) 2023-12-14 02:27:25 Image size of job updated: 2044852
	638  -  MemoryUsage of job (MB)
	653124  -  ResidentSetSize of job (KB)
...
040 (1971189.000.000) 2023-12-14 02:27:25 Started transferring output files
...
040 (1971189.000.000) 2023-12-14 02:27:25 Finished transferring output files
...
005 (1971189.000.000) 2023-12-14 02:27:25 Job terminated.
	(1) Normal termination (return value 0)
		Usr 0 00:00:19, Sys 0 00:00:02  -  Run Remote Usage
		Usr 0 00:00:00, Sys 0 00:00:00  -  Run Local Usage
		Usr 0 00:00:19, Sys 0 00:00:02  -  Total Remote Usage
		Usr 0 00:00:00, Sys 0 00:00:00  -  Total Local Usage
	18976  -  Run Bytes Sent By Job
	0  -  Run Bytes Received By Job
	18976  -  Total Bytes Sent By Job
	0  -  Total Bytes Received By Job
	Partitionable Resources :    Usage  Request Allocated 
	   Cpus                 :     0.14        1         1 
	   Disk (KB)            :    97           2    312194 
	   Memory (MB)          :   638        2048      2048 

	Job terminated of its own accord at 2023-12-14T10:27:25Z with exit-code 0.
...
