000 (1971328.000.000) 2023-12-14 02:17:31 Job submitted from host: <172.24.33.226:11547?addrs=172.24.33.226-11547&alias=sdfrome002.sdf.slac.stanford.edu>
    DAG Node: 0f6367e6-475d-4549-b6fe-aa6c0d5d09a2_ptcIsr_2023111200917_23
...
040 (1971328.000.000) 2023-12-14 02:24:43 Finished transferring input files
...
001 (1971328.000.000) 2023-12-14 02:24:43 Job executing on host: <172.24.33.147:42953?CCBID=172.24.33.225:9618%3faddrs%3d172.24.33.225-9618%26alias%3dsdfrome001.sdf.slac.stanford.edu#6219703&PrivNet=sdfrome082.sdf.slac.stanford.edu&addrs=172.24.33.147-42953&alias=sdfrome082.sdf.slac.stanford.edu>
	SlotName: slot_abrought_48_1_10@sdfrome082.sdf.slac.stanford.edu
...
006 (1971328.000.000) 2023-12-14 02:24:52 Image size of job updated: 280744
	74  -  MemoryUsage of job (MB)
	75296  -  ResidentSetSize of job (KB)
...
006 (1971328.000.000) 2023-12-14 02:25:30 Image size of job updated: 2136272
	617  -  MemoryUsage of job (MB)
	631072  -  ResidentSetSize of job (KB)
...
040 (1971328.000.000) 2023-12-14 02:25:30 Started transferring output files
...
040 (1971328.000.000) 2023-12-14 02:25:30 Finished transferring output files
...
005 (1971328.000.000) 2023-12-14 02:25:30 Job terminated.
	(1) Normal termination (return value 0)
		Usr 0 00:00:20, Sys 0 00:00:04  -  Run Remote Usage
		Usr 0 00:00:00, Sys 0 00:00:00  -  Run Local Usage
		Usr 0 00:00:20, Sys 0 00:00:04  -  Total Remote Usage
		Usr 0 00:00:00, Sys 0 00:00:00  -  Total Local Usage
	19074  -  Run Bytes Sent By Job
	0  -  Run Bytes Received By Job
	19074  -  Total Bytes Sent By Job
	0  -  Total Bytes Received By Job
	Partitionable Resources :    Usage  Request Allocated 
	   Cpus                 :                 1         1 
	   Disk (KB)            :       91        2    312116 
	   Memory (MB)          :      617     2048      2048 

	Job terminated of its own accord at 2023-12-14T10:25:30Z with exit-code 0.
...
