000 (1971672.000.000) 2023-12-14 02:17:36 Job submitted from host: <172.24.33.226:11547?addrs=172.24.33.226-11547&alias=sdfrome002.sdf.slac.stanford.edu>
    DAG Node: 38f8f9ee-23c7-49eb-81ff-4d932bd1454a_ptcIsr_2023111203206_23
...
040 (1971672.000.000) 2023-12-14 02:25:36 Finished transferring input files
...
001 (1971672.000.000) 2023-12-14 02:25:36 Job executing on host: <172.24.33.143:37205?CCBID=172.24.33.225:9618%3faddrs%3d172.24.33.225-9618%26alias%3dsdfrome001.sdf.slac.stanford.edu#6220499&PrivNet=sdfrome078.sdf.slac.stanford.edu&addrs=172.24.33.143-37205&alias=sdfrome078.sdf.slac.stanford.edu>
	SlotName: slot_abrought_7348_1_1@sdfrome078.sdf.slac.stanford.edu
...
006 (1971672.000.000) 2023-12-14 02:25:45 Image size of job updated: 289620
	82  -  MemoryUsage of job (MB)
	83824  -  ResidentSetSize of job (KB)
...
006 (1971672.000.000) 2023-12-14 02:26:51 Image size of job updated: 2170180
	82  -  MemoryUsage of job (MB)
	83824  -  ResidentSetSize of job (KB)
...
040 (1971672.000.000) 2023-12-14 02:26:51 Started transferring output files
...
040 (1971672.000.000) 2023-12-14 02:26:51 Finished transferring output files
...
005 (1971672.000.000) 2023-12-14 02:26:51 Job terminated.
	(1) Normal termination (return value 0)
		Usr 0 00:00:21, Sys 0 00:00:03  -  Run Remote Usage
		Usr 0 00:00:00, Sys 0 00:00:00  -  Run Local Usage
		Usr 0 00:00:21, Sys 0 00:00:03  -  Total Remote Usage
		Usr 0 00:00:00, Sys 0 00:00:00  -  Total Local Usage
	19073  -  Run Bytes Sent By Job
	0  -  Run Bytes Received By Job
	19073  -  Total Bytes Sent By Job
	0  -  Total Bytes Received By Job
	Partitionable Resources :    Usage  Request Allocated 
	   Cpus                 :     0.08        1         1 
	   Disk (KB)            :    97           2    312194 
	   Memory (MB)          :    82        2048      2048 

	Job terminated of its own accord at 2023-12-14T10:26:51Z with exit-code 0.
...
