000 (1970620.000.000) 2023-12-14 02:17:24 Job submitted from host: <172.24.33.226:11547?addrs=172.24.33.226-11547&alias=sdfrome002.sdf.slac.stanford.edu>
    DAG Node: 2b83677b-de96-4763-8df0-dfebe65c8706_ptcIsr_2023111203293_23
...
040 (1970620.000.000) 2023-12-14 02:22:33 Finished transferring input files
...
001 (1970620.000.000) 2023-12-14 02:22:33 Job executing on host: <172.24.33.124:39697?CCBID=172.24.33.225:9618%3faddrs%3d172.24.33.225-9618%26alias%3dsdfrome001.sdf.slac.stanford.edu#6220015&PrivNet=sdfrome059.sdf.slac.stanford.edu&addrs=172.24.33.124-39697&alias=sdfrome059.sdf.slac.stanford.edu>
	SlotName: slot_abrought_7836_1_20@sdfrome059.sdf.slac.stanford.edu
...
006 (1970620.000.000) 2023-12-14 02:22:41 Image size of job updated: 24220
	6  -  MemoryUsage of job (MB)
	5744  -  ResidentSetSize of job (KB)
...
006 (1970620.000.000) 2023-12-14 02:23:38 Image size of job updated: 1976932
	623  -  MemoryUsage of job (MB)
	637000  -  ResidentSetSize of job (KB)
...
040 (1970620.000.000) 2023-12-14 02:23:38 Started transferring output files
...
040 (1970620.000.000) 2023-12-14 02:23:38 Finished transferring output files
...
005 (1970620.000.000) 2023-12-14 02:23:38 Job terminated.
	(1) Normal termination (return value 0)
		Usr 0 00:00:23, Sys 0 00:00:06  -  Run Remote Usage
		Usr 0 00:00:00, Sys 0 00:00:00  -  Run Local Usage
		Usr 0 00:00:23, Sys 0 00:00:06  -  Total Remote Usage
		Usr 0 00:00:00, Sys 0 00:00:00  -  Total Local Usage
	18532  -  Run Bytes Sent By Job
	0  -  Run Bytes Received By Job
	18532  -  Total Bytes Sent By Job
	0  -  Total Bytes Received By Job
	Partitionable Resources :    Usage  Request Allocated 
	   Cpus                 :                 1         1 
	   Disk (KB)            :       90        2    312194 
	   Memory (MB)          :      623     2048      2048 

	Job terminated of its own accord at 2023-12-14T10:23:38Z with exit-code 0.
...
