000 (1969845.000.000) 2023-12-14 02:17:12 Job submitted from host: <172.24.33.226:11547?addrs=172.24.33.226-11547&alias=sdfrome002.sdf.slac.stanford.edu>
    DAG Node: 3b1599e3-2b4a-4562-92c9-87c61568ad7c_ptcIsr_2023111101414_23
...
040 (1969845.000.000) 2023-12-14 02:20:12 Finished transferring input files
...
001 (1969845.000.000) 2023-12-14 02:20:12 Job executing on host: <172.24.33.147:42953?CCBID=172.24.33.225:9618%3faddrs%3d172.24.33.225-9618%26alias%3dsdfrome001.sdf.slac.stanford.edu#6219703&PrivNet=sdfrome082.sdf.slac.stanford.edu&addrs=172.24.33.147-42953&alias=sdfrome082.sdf.slac.stanford.edu>
	SlotName: slot_abrought_48_1_20@sdfrome082.sdf.slac.stanford.edu
...
006 (1969845.000.000) 2023-12-14 02:20:21 Image size of job updated: 280764
	74  -  MemoryUsage of job (MB)
	75152  -  ResidentSetSize of job (KB)
...
006 (1969845.000.000) 2023-12-14 02:21:00 Image size of job updated: 2080840
	616  -  MemoryUsage of job (MB)
	630712  -  ResidentSetSize of job (KB)
...
040 (1969845.000.000) 2023-12-14 02:21:00 Started transferring output files
...
040 (1969845.000.000) 2023-12-14 02:21:00 Finished transferring output files
...
005 (1969845.000.000) 2023-12-14 02:21:01 Job terminated.
	(1) Normal termination (return value 0)
		Usr 0 00:00:21, Sys 0 00:00:03  -  Run Remote Usage
		Usr 0 00:00:00, Sys 0 00:00:00  -  Run Local Usage
		Usr 0 00:00:21, Sys 0 00:00:03  -  Total Remote Usage
		Usr 0 00:00:00, Sys 0 00:00:00  -  Total Local Usage
	19073  -  Run Bytes Sent By Job
	0  -  Run Bytes Received By Job
	19073  -  Total Bytes Sent By Job
	0  -  Total Bytes Received By Job
	Partitionable Resources :    Usage  Request Allocated 
	   Cpus                 :                 1         1 
	   Disk (KB)            :       91        2    312116 
	   Memory (MB)          :      616     2048      2048 

	Job terminated of its own accord at 2023-12-14T10:21:00Z with exit-code 0.
...
