000 (1971084.000.000) 2023-12-14 02:17:29 Job submitted from host: <172.24.33.226:11547?addrs=172.24.33.226-11547&alias=sdfrome002.sdf.slac.stanford.edu>
    DAG Node: e94c8695-1602-4469-a5bc-eb084983e848_ptcIsr_2023111201721_23
...
040 (1971084.000.000) 2023-12-14 02:23:57 Finished transferring input files
...
001 (1971084.000.000) 2023-12-14 02:23:57 Job executing on host: <172.24.33.143:42517?CCBID=172.24.33.225:9618%3faddrs%3d172.24.33.225-9618%26alias%3dsdfrome001.sdf.slac.stanford.edu#6220496&PrivNet=sdfrome078.sdf.slac.stanford.edu&addrs=172.24.33.143-42517&alias=sdfrome078.sdf.slac.stanford.edu>
	SlotName: slot_abrought_19079_1_17@sdfrome078.sdf.slac.stanford.edu
...
006 (1971084.000.000) 2023-12-14 02:24:05 Image size of job updated: 645160
	282  -  MemoryUsage of job (MB)
	287872  -  ResidentSetSize of job (KB)
...
006 (1971084.000.000) 2023-12-14 02:24:38 Image size of job updated: 1992468
	1278  -  MemoryUsage of job (MB)
	1308604  -  ResidentSetSize of job (KB)
...
040 (1971084.000.000) 2023-12-14 02:24:39 Started transferring output files
...
040 (1971084.000.000) 2023-12-14 02:24:39 Finished transferring output files
...
005 (1971084.000.000) 2023-12-14 02:24:39 Job terminated.
	(1) Normal termination (return value 0)
		Usr 0 00:00:18, Sys 0 00:00:05  -  Run Remote Usage
		Usr 0 00:00:00, Sys 0 00:00:00  -  Run Local Usage
		Usr 0 00:00:18, Sys 0 00:00:05  -  Total Remote Usage
		Usr 0 00:00:00, Sys 0 00:00:00  -  Total Local Usage
	18975  -  Run Bytes Sent By Job
	0  -  Run Bytes Received By Job
	18975  -  Total Bytes Sent By Job
	0  -  Total Bytes Received By Job
	Partitionable Resources :    Usage  Request Allocated 
	   Cpus                 :                 1         1 
	   Disk (KB)            :       91        2    312194 
	   Memory (MB)          :     1278     2048      2048 

	Job terminated of its own accord at 2023-12-14T10:24:38Z with exit-code 0.
...
