000 (1970367.000.000) 2023-12-14 02:17:18 Job submitted from host: <172.24.33.226:11547?addrs=172.24.33.226-11547&alias=sdfrome002.sdf.slac.stanford.edu>
    DAG Node: b995afa5-95f9-49de-a7e7-52c17864aaeb_ptcIsr_2023111200915_23
...
040 (1970367.000.000) 2023-12-14 02:21:36 Finished transferring input files
...
001 (1970367.000.000) 2023-12-14 02:21:36 Job executing on host: <172.24.33.147:42953?CCBID=172.24.33.225:9618%3faddrs%3d172.24.33.225-9618%26alias%3dsdfrome001.sdf.slac.stanford.edu#6219703&PrivNet=sdfrome082.sdf.slac.stanford.edu&addrs=172.24.33.147-42953&alias=sdfrome082.sdf.slac.stanford.edu>
	SlotName: slot_abrought_48_1_6@sdfrome082.sdf.slac.stanford.edu
...
006 (1970367.000.000) 2023-12-14 02:21:45 Image size of job updated: 330592
	118  -  MemoryUsage of job (MB)
	120152  -  ResidentSetSize of job (KB)
...
006 (1970367.000.000) 2023-12-14 02:22:26 Image size of job updated: 2088600
	1171  -  MemoryUsage of job (MB)
	1198116  -  ResidentSetSize of job (KB)
...
040 (1970367.000.000) 2023-12-14 02:22:26 Started transferring output files
...
040 (1970367.000.000) 2023-12-14 02:22:26 Finished transferring output files
...
005 (1970367.000.000) 2023-12-14 02:22:26 Job terminated.
	(1) Normal termination (return value 0)
		Usr 0 00:00:11, Sys 0 00:00:02  -  Run Remote Usage
		Usr 0 00:00:00, Sys 0 00:00:00  -  Run Local Usage
		Usr 0 00:00:11, Sys 0 00:00:02  -  Total Remote Usage
		Usr 0 00:00:00, Sys 0 00:00:00  -  Total Local Usage
	19074  -  Run Bytes Sent By Job
	0  -  Run Bytes Received By Job
	19074  -  Total Bytes Sent By Job
	0  -  Total Bytes Received By Job
	Partitionable Resources :    Usage  Request Allocated 
	   Cpus                 :     0.02        1         1 
	   Disk (KB)            :    97           2    312116 
	   Memory (MB)          :  1171        2048      2048 

	Job terminated of its own accord at 2023-12-14T10:22:26Z with exit-code 0.
...
