000 (1971813.000.000) 2023-12-14 02:17:37 Job submitted from host: <172.24.33.226:11547?addrs=172.24.33.226-11547&alias=sdfrome002.sdf.slac.stanford.edu>
    DAG Node: 57b3404f-f80e-41f3-a201-24f04579c474_ptcIsr_2023111101044_23
...
040 (1971813.000.000) 2023-12-14 02:26:03 Finished transferring input files
...
001 (1971813.000.000) 2023-12-14 02:26:03 Job executing on host: <172.24.33.124:44469?CCBID=172.24.33.225:9618%3faddrs%3d172.24.33.225-9618%26alias%3dsdfrome001.sdf.slac.stanford.edu#6220017&PrivNet=sdfrome059.sdf.slac.stanford.edu&addrs=172.24.33.124-44469&alias=sdfrome059.sdf.slac.stanford.edu>
	SlotName: slot_abrought_2668_1_11@sdfrome059.sdf.slac.stanford.edu
...
006 (1971813.000.000) 2023-12-14 02:26:11 Image size of job updated: 293484
	86  -  MemoryUsage of job (MB)
	87296  -  ResidentSetSize of job (KB)
...
006 (1971813.000.000) 2023-12-14 02:26:59 Image size of job updated: 2068932
	636  -  MemoryUsage of job (MB)
	650944  -  ResidentSetSize of job (KB)
...
040 (1971813.000.000) 2023-12-14 02:27:00 Started transferring output files
...
040 (1971813.000.000) 2023-12-14 02:27:00 Finished transferring output files
...
005 (1971813.000.000) 2023-12-14 02:27:00 Job terminated.
	(1) Normal termination (return value 0)
		Usr 0 00:00:21, Sys 0 00:00:04  -  Run Remote Usage
		Usr 0 00:00:00, Sys 0 00:00:00  -  Run Local Usage
		Usr 0 00:00:21, Sys 0 00:00:04  -  Total Remote Usage
		Usr 0 00:00:00, Sys 0 00:00:00  -  Total Local Usage
	18804  -  Run Bytes Sent By Job
	0  -  Run Bytes Received By Job
	18804  -  Total Bytes Sent By Job
	0  -  Total Bytes Received By Job
	Partitionable Resources :    Usage  Request Allocated 
	   Cpus                 :                 1         1 
	   Disk (KB)            :       90        2    312194 
	   Memory (MB)          :      636     2048      2048 

	Job terminated of its own accord at 2023-12-14T10:26:59Z with exit-code 0.
...
