000 (1973387.000.000) 2023-12-14 02:17:55 Job submitted from host: <172.24.33.226:11547?addrs=172.24.33.226-11547&alias=sdfrome002.sdf.slac.stanford.edu>
    DAG Node: b1dd0262-304a-4c33-86f0-5637c50515ce_ptcIsr_2023111101428_23
...
040 (1973387.000.000) 2023-12-14 02:30:32 Finished transferring input files
...
001 (1973387.000.000) 2023-12-14 02:30:32 Job executing on host: <172.24.33.213:43829?CCBID=172.24.33.225:9618%3faddrs%3d172.24.33.225-9618%26alias%3dsdfrome001.sdf.slac.stanford.edu#6220038&PrivNet=sdfrome022.sdf.slac.stanford.edu&addrs=172.24.33.213-43829&alias=sdfrome022.sdf.slac.stanford.edu>
	SlotName: slot_abrought_31850_1_20@sdfrome022.sdf.slac.stanford.edu
...
006 (1973387.000.000) 2023-12-14 02:30:41 Image size of job updated: 291956
	84  -  MemoryUsage of job (MB)
	85504  -  ResidentSetSize of job (KB)
...
006 (1973387.000.000) 2023-12-14 02:31:20 Image size of job updated: 2097344
	1316  -  MemoryUsage of job (MB)
	1346652  -  ResidentSetSize of job (KB)
...
040 (1973387.000.000) 2023-12-14 02:31:20 Started transferring output files
...
040 (1973387.000.000) 2023-12-14 02:31:20 Finished transferring output files
...
005 (1973387.000.000) 2023-12-14 02:31:20 Job terminated.
	(1) Normal termination (return value 0)
		Usr 0 00:00:19, Sys 0 00:00:04  -  Run Remote Usage
		Usr 0 00:00:00, Sys 0 00:00:00  -  Run Local Usage
		Usr 0 00:00:19, Sys 0 00:00:04  -  Total Remote Usage
		Usr 0 00:00:00, Sys 0 00:00:00  -  Total Local Usage
	18803  -  Run Bytes Sent By Job
	0  -  Run Bytes Received By Job
	18803  -  Total Bytes Sent By Job
	0  -  Total Bytes Received By Job
	Partitionable Resources :    Usage  Request Allocated 
	   Cpus                 :                 1         1 
	   Disk (KB)            :       90        2    312194 
	   Memory (MB)          :     1316     2048      2048 

	Job terminated of its own accord at 2023-12-14T10:31:20Z with exit-code 0.
...
