000 (1971719.000.000) 2023-12-14 02:17:36 Job submitted from host: <172.24.33.226:11547?addrs=172.24.33.226-11547&alias=sdfrome002.sdf.slac.stanford.edu>
    DAG Node: b7309598-4b7b-46a5-b30d-911f1e9706f3_ptcIsr_2023111300167_23
...
040 (1971719.000.000) 2023-12-14 02:25:46 Finished transferring input files
...
001 (1971719.000.000) 2023-12-14 02:25:46 Job executing on host: <172.24.33.143:37205?CCBID=172.24.33.225:9618%3faddrs%3d172.24.33.225-9618%26alias%3dsdfrome001.sdf.slac.stanford.edu#6220499&PrivNet=sdfrome078.sdf.slac.stanford.edu&addrs=172.24.33.143-37205&alias=sdfrome078.sdf.slac.stanford.edu>
	SlotName: slot_abrought_7348_1_19@sdfrome078.sdf.slac.stanford.edu
...
006 (1971719.000.000) 2023-12-14 02:25:55 Image size of job updated: 271116
	65  -  MemoryUsage of job (MB)
	66512  -  ResidentSetSize of job (KB)
...
006 (1971719.000.000) 2023-12-14 02:26:49 Image size of job updated: 2194440
	74  -  MemoryUsage of job (MB)
	74768  -  ResidentSetSize of job (KB)
...
040 (1971719.000.000) 2023-12-14 02:26:50 Started transferring output files
...
040 (1971719.000.000) 2023-12-14 02:26:50 Finished transferring output files
...
005 (1971719.000.000) 2023-12-14 02:26:50 Job terminated.
	(1) Normal termination (return value 0)
		Usr 0 00:00:22, Sys 0 00:00:03  -  Run Remote Usage
		Usr 0 00:00:00, Sys 0 00:00:00  -  Run Local Usage
		Usr 0 00:00:22, Sys 0 00:00:03  -  Total Remote Usage
		Usr 0 00:00:00, Sys 0 00:00:00  -  Total Local Usage
	18801  -  Run Bytes Sent By Job
	0  -  Run Bytes Received By Job
	18801  -  Total Bytes Sent By Job
	0  -  Total Bytes Received By Job
	Partitionable Resources :    Usage  Request Allocated 
	   Cpus                 :     0.01        1         1 
	   Disk (KB)            :    97           2    312194 
	   Memory (MB)          :    74        2048      2048 

	Job terminated of its own accord at 2023-12-14T10:26:49Z with exit-code 0.
...
