000 (1973424.000.000) 2023-12-14 02:17:57 Job submitted from host: <172.24.33.226:11547?addrs=172.24.33.226-11547&alias=sdfrome002.sdf.slac.stanford.edu>
    DAG Node: ee567837-367b-481d-899c-1d9aa20bd6bc_ptcIsr_2023111202451_23
...
040 (1973424.000.000) 2023-12-14 02:30:39 Finished transferring input files
...
001 (1973424.000.000) 2023-12-14 02:30:39 Job executing on host: <172.24.48.193:46283?CCBID=172.24.33.225:9618%3faddrs%3d172.24.33.225-9618%26alias%3dsdfrome001.sdf.slac.stanford.edu#6219697&PrivNet=sdfmilan121.sdf.slac.stanford.edu&addrs=172.24.48.193-46283&alias=sdfmilan121.sdf.slac.stanford.edu>
	SlotName: slot_abrought_10210_1_10@sdfmilan121.sdf.slac.stanford.edu
...
006 (1973424.000.000) 2023-12-14 02:30:49 Image size of job updated: 293312
	85  -  MemoryUsage of job (MB)
	86796  -  ResidentSetSize of job (KB)
...
006 (1973424.000.000) 2023-12-14 02:31:34 Image size of job updated: 1952884
	632  -  MemoryUsage of job (MB)
	646588  -  ResidentSetSize of job (KB)
...
040 (1973424.000.000) 2023-12-14 02:31:34 Started transferring output files
...
040 (1973424.000.000) 2023-12-14 02:31:34 Finished transferring output files
...
005 (1973424.000.000) 2023-12-14 02:31:34 Job terminated.
	(1) Normal termination (return value 0)
		Usr 0 00:00:21, Sys 0 00:00:04  -  Run Remote Usage
		Usr 0 00:00:00, Sys 0 00:00:00  -  Run Local Usage
		Usr 0 00:00:21, Sys 0 00:00:04  -  Total Remote Usage
		Usr 0 00:00:00, Sys 0 00:00:00  -  Total Local Usage
	18533  -  Run Bytes Sent By Job
	0  -  Run Bytes Received By Job
	18533  -  Total Bytes Sent By Job
	0  -  Total Bytes Received By Job
	Partitionable Resources :    Usage  Request Allocated 
	   Cpus                 :                 1         1 
	   Disk (KB)            :       90        2    311595 
	   Memory (MB)          :      632     2048      2048 

	Job terminated of its own accord at 2023-12-14T10:31:34Z with exit-code 0.
...
