000 (1972975.000.000) 2023-12-14 02:17:50 Job submitted from host: <172.24.33.226:11547?addrs=172.24.33.226-11547&alias=sdfrome002.sdf.slac.stanford.edu>
    DAG Node: 5900dcb3-7850-4fc3-b609-17f5765f2883_ptcIsr_2023111100883_23
...
040 (1972975.000.000) 2023-12-14 02:29:34 Finished transferring input files
...
001 (1972975.000.000) 2023-12-14 02:29:34 Job executing on host: <172.24.48.193:46283?CCBID=172.24.33.225:9618%3faddrs%3d172.24.33.225-9618%26alias%3dsdfrome001.sdf.slac.stanford.edu#6219697&PrivNet=sdfmilan121.sdf.slac.stanford.edu&addrs=172.24.48.193-46283&alias=sdfmilan121.sdf.slac.stanford.edu>
	SlotName: slot_abrought_10210_1_19@sdfmilan121.sdf.slac.stanford.edu
...
006 (1972975.000.000) 2023-12-14 02:29:43 Image size of job updated: 332464
	120  -  MemoryUsage of job (MB)
	122188  -  ResidentSetSize of job (KB)
...
006 (1972975.000.000) 2023-12-14 02:30:15 Image size of job updated: 2053748
	627  -  MemoryUsage of job (MB)
	641820  -  ResidentSetSize of job (KB)
...
040 (1972975.000.000) 2023-12-14 02:30:15 Started transferring output files
...
040 (1972975.000.000) 2023-12-14 02:30:15 Finished transferring output files
...
005 (1972975.000.000) 2023-12-14 02:30:15 Job terminated.
	(1) Normal termination (return value 0)
		Usr 0 00:00:21, Sys 0 00:00:03  -  Run Remote Usage
		Usr 0 00:00:00, Sys 0 00:00:00  -  Run Local Usage
		Usr 0 00:00:21, Sys 0 00:00:03  -  Total Remote Usage
		Usr 0 00:00:00, Sys 0 00:00:00  -  Total Local Usage
	18805  -  Run Bytes Sent By Job
	0  -  Run Bytes Received By Job
	18805  -  Total Bytes Sent By Job
	0  -  Total Bytes Received By Job
	Partitionable Resources :    Usage  Request Allocated 
	   Cpus                 :                 1         1 
	   Disk (KB)            :       90        2    311595 
	   Memory (MB)          :      627     2048      2048 

	Job terminated of its own accord at 2023-12-14T10:30:15Z with exit-code 0.
...
