000 (1971340.000.000) 2023-12-14 02:17:31 Job submitted from host: <172.24.33.226:11547?addrs=172.24.33.226-11547&alias=sdfrome002.sdf.slac.stanford.edu>
    DAG Node: fe3631c6-fd2c-4fbf-bd45-8911a78df5be_ptcIsr_2023111200363_23
...
040 (1971340.000.000) 2023-12-14 02:24:46 Finished transferring input files
...
001 (1971340.000.000) 2023-12-14 02:24:46 Job executing on host: <172.24.48.193:46283?CCBID=172.24.33.225:9618%3faddrs%3d172.24.33.225-9618%26alias%3dsdfrome001.sdf.slac.stanford.edu#6219697&PrivNet=sdfmilan121.sdf.slac.stanford.edu&addrs=172.24.48.193-46283&alias=sdfmilan121.sdf.slac.stanford.edu>
	SlotName: slot_abrought_10210_1_1@sdfmilan121.sdf.slac.stanford.edu
...
006 (1971340.000.000) 2023-12-14 02:24:55 Image size of job updated: 329560
	117  -  MemoryUsage of job (MB)
	119244  -  ResidentSetSize of job (KB)
...
006 (1971340.000.000) 2023-12-14 02:25:45 Image size of job updated: 2025212
	117  -  MemoryUsage of job (MB)
	119244  -  ResidentSetSize of job (KB)
...
040 (1971340.000.000) 2023-12-14 02:25:45 Started transferring output files
...
040 (1971340.000.000) 2023-12-14 02:25:45 Finished transferring output files
...
005 (1971340.000.000) 2023-12-14 02:25:45 Job terminated.
	(1) Normal termination (return value 0)
		Usr 0 00:00:26, Sys 0 00:00:04  -  Run Remote Usage
		Usr 0 00:00:00, Sys 0 00:00:00  -  Run Local Usage
		Usr 0 00:00:26, Sys 0 00:00:04  -  Total Remote Usage
		Usr 0 00:00:00, Sys 0 00:00:00  -  Total Local Usage
	18533  -  Run Bytes Sent By Job
	0  -  Run Bytes Received By Job
	18533  -  Total Bytes Sent By Job
	0  -  Total Bytes Received By Job
	Partitionable Resources :    Usage  Request Allocated 
	   Cpus                 :                 1         1 
	   Disk (KB)            :       90        2    311595 
	   Memory (MB)          :      117     2048      2048 

	Job terminated of its own accord at 2023-12-14T10:25:45Z with exit-code 0.
...
