000 (1972493.000.000) 2023-12-14 02:17:46 Job submitted from host: <172.24.33.226:11547?addrs=172.24.33.226-11547&alias=sdfrome002.sdf.slac.stanford.edu>
    DAG Node: bdb051be-076f-4c79-855d-18abf0b539bf_ptcIsr_2023111202429_23
...
040 (1972493.000.000) 2023-12-14 02:28:08 Finished transferring input files
...
001 (1972493.000.000) 2023-12-14 02:28:08 Job executing on host: <172.24.33.124:39697?CCBID=172.24.33.225:9618%3faddrs%3d172.24.33.225-9618%26alias%3dsdfrome001.sdf.slac.stanford.edu#6220015&PrivNet=sdfrome059.sdf.slac.stanford.edu&addrs=172.24.33.124-39697&alias=sdfrome059.sdf.slac.stanford.edu>
	SlotName: slot_abrought_7836_1_23@sdfrome059.sdf.slac.stanford.edu
...
006 (1972493.000.000) 2023-12-14 02:28:18 Image size of job updated: 27348
	11  -  MemoryUsage of job (MB)
	10720  -  ResidentSetSize of job (KB)
...
006 (1972493.000.000) 2023-12-14 02:29:04 Image size of job updated: 2068244
	11  -  MemoryUsage of job (MB)
	10720  -  ResidentSetSize of job (KB)
...
040 (1972493.000.000) 2023-12-14 02:29:04 Started transferring output files
...
040 (1972493.000.000) 2023-12-14 02:29:04 Finished transferring output files
...
005 (1972493.000.000) 2023-12-14 02:29:04 Job terminated.
	(1) Normal termination (return value 0)
		Usr 0 00:00:21, Sys 0 00:00:04  -  Run Remote Usage
		Usr 0 00:00:00, Sys 0 00:00:00  -  Run Local Usage
		Usr 0 00:00:21, Sys 0 00:00:04  -  Total Remote Usage
		Usr 0 00:00:00, Sys 0 00:00:00  -  Total Local Usage
	18803  -  Run Bytes Sent By Job
	0  -  Run Bytes Received By Job
	18803  -  Total Bytes Sent By Job
	0  -  Total Bytes Received By Job
	Partitionable Resources :    Usage  Request Allocated 
	   Cpus                 :                 1         1 
	   Disk (KB)            :       90        2    312194 
	   Memory (MB)          :       11     2048      2048 

	Job terminated of its own accord at 2023-12-14T10:29:03Z with exit-code 0.
...
