000 (1970111.000.000) 2023-12-14 02:17:17 Job submitted from host: <172.24.33.226:11547?addrs=172.24.33.226-11547&alias=sdfrome002.sdf.slac.stanford.edu>
    DAG Node: 454a85b0-06cc-4893-997e-f876a7bda4ea_ptcIsr_2023111202229_23
...
040 (1970111.000.000) 2023-12-14 02:20:52 Finished transferring input files
...
001 (1970111.000.000) 2023-12-14 02:20:52 Job executing on host: <172.24.33.143:37205?CCBID=172.24.33.225:9618%3faddrs%3d172.24.33.225-9618%26alias%3dsdfrome001.sdf.slac.stanford.edu#6220499&PrivNet=sdfrome078.sdf.slac.stanford.edu&addrs=172.24.33.143-37205&alias=sdfrome078.sdf.slac.stanford.edu>
	SlotName: slot_abrought_7348_1_1@sdfrome078.sdf.slac.stanford.edu
...
006 (1970111.000.000) 2023-12-14 02:21:01 Image size of job updated: 263016
	57  -  MemoryUsage of job (MB)
	58136  -  ResidentSetSize of job (KB)
...
006 (1970111.000.000) 2023-12-14 02:22:14 Image size of job updated: 2131160
	617  -  MemoryUsage of job (MB)
	631212  -  ResidentSetSize of job (KB)
...
040 (1970111.000.000) 2023-12-14 02:22:14 Started transferring output files
...
040 (1970111.000.000) 2023-12-14 02:22:14 Finished transferring output files
...
005 (1970111.000.000) 2023-12-14 02:22:14 Job terminated.
	(1) Normal termination (return value 0)
		Usr 0 00:00:24, Sys 0 00:00:05  -  Run Remote Usage
		Usr 0 00:00:00, Sys 0 00:00:00  -  Run Local Usage
		Usr 0 00:00:24, Sys 0 00:00:05  -  Total Remote Usage
		Usr 0 00:00:00, Sys 0 00:00:00  -  Total Local Usage
	18802  -  Run Bytes Sent By Job
	0  -  Run Bytes Received By Job
	18802  -  Total Bytes Sent By Job
	0  -  Total Bytes Received By Job
	Partitionable Resources :    Usage  Request Allocated 
	   Cpus                 :                 1         1 
	   Disk (KB)            :       90        2    312194 
	   Memory (MB)          :      617     2048      2048 

	Job terminated of its own accord at 2023-12-14T10:22:14Z with exit-code 0.
...
