000 (1969830.000.000) 2023-12-14 02:17:12 Job submitted from host: <172.24.33.226:11547?addrs=172.24.33.226-11547&alias=sdfrome002.sdf.slac.stanford.edu>
    DAG Node: 0d9c2a10-3063-4bba-912a-3d675e3e928d_ptcIsr_2023111101554_23
...
040 (1969830.000.000) 2023-12-14 02:20:11 Finished transferring input files
...
001 (1969830.000.000) 2023-12-14 02:20:12 Job executing on host: <172.24.33.213:34935?CCBID=172.24.33.225:9618%3faddrs%3d172.24.33.225-9618%26alias%3dsdfrome001.sdf.slac.stanford.edu#6220035&PrivNet=sdfrome022.sdf.slac.stanford.edu&addrs=172.24.33.213-34935&alias=sdfrome022.sdf.slac.stanford.edu>
	SlotName: slot_abrought_12392_1_8@sdfrome022.sdf.slac.stanford.edu
...
006 (1969830.000.000) 2023-12-14 02:20:20 Image size of job updated: 25780
	9  -  MemoryUsage of job (MB)
	8548  -  ResidentSetSize of job (KB)
...
006 (1969830.000.000) 2023-12-14 02:25:20 Image size of job updated: 2102724
	615  -  MemoryUsage of job (MB)
	629396  -  ResidentSetSize of job (KB)
...
040 (1969830.000.000) 2023-12-14 02:25:21 Started transferring output files
...
040 (1969830.000.000) 2023-12-14 02:25:21 Finished transferring output files
...
005 (1969830.000.000) 2023-12-14 02:25:21 Job terminated.
	(1) Normal termination (return value 0)
		Usr 0 00:00:17, Sys 0 00:00:05  -  Run Remote Usage
		Usr 0 00:00:00, Sys 0 00:00:00  -  Run Local Usage
		Usr 0 00:00:17, Sys 0 00:00:05  -  Total Remote Usage
		Usr 0 00:00:00, Sys 0 00:00:00  -  Total Local Usage
	18807  -  Run Bytes Sent By Job
	0  -  Run Bytes Received By Job
	18807  -  Total Bytes Sent By Job
	0  -  Total Bytes Received By Job
	Partitionable Resources :    Usage  Request Allocated 
	   Cpus                 :     0.10        1         1 
	   Disk (KB)            :    96           2    312194 
	   Memory (MB)          :   615        2048      2048 

	Job terminated of its own accord at 2023-12-14T10:25:20Z with exit-code 0.
...
