000 (1971894.000.000) 2023-12-14 02:17:37 Job submitted from host: <172.24.33.226:11547?addrs=172.24.33.226-11547&alias=sdfrome002.sdf.slac.stanford.edu>
    DAG Node: b931b579-0d7d-4329-ab2e-a2a796ba0afa_ptcIsr_2023111102020_23
...
040 (1971894.000.000) 2023-12-14 02:26:16 Finished transferring input files
...
001 (1971894.000.000) 2023-12-14 02:26:16 Job executing on host: <172.24.33.143:37205?CCBID=172.24.33.225:9618%3faddrs%3d172.24.33.225-9618%26alias%3dsdfrome001.sdf.slac.stanford.edu#6220499&PrivNet=sdfrome078.sdf.slac.stanford.edu&addrs=172.24.33.143-37205&alias=sdfrome078.sdf.slac.stanford.edu>
	SlotName: slot_abrought_7348_1_4@sdfrome078.sdf.slac.stanford.edu
...
006 (1971894.000.000) 2023-12-14 02:26:24 Image size of job updated: 304124
	95  -  MemoryUsage of job (MB)
	97008  -  ResidentSetSize of job (KB)
...
006 (1971894.000.000) 2023-12-14 02:27:26 Image size of job updated: 2049112
	1211  -  MemoryUsage of job (MB)
	1239184  -  ResidentSetSize of job (KB)
...
040 (1971894.000.000) 2023-12-14 02:27:27 Started transferring output files
...
040 (1971894.000.000) 2023-12-14 02:27:27 Finished transferring output files
...
005 (1971894.000.000) 2023-12-14 02:27:27 Job terminated.
	(1) Normal termination (return value 0)
		Usr 0 00:00:20, Sys 0 00:00:03  -  Run Remote Usage
		Usr 0 00:00:00, Sys 0 00:00:00  -  Run Local Usage
		Usr 0 00:00:20, Sys 0 00:00:03  -  Total Remote Usage
		Usr 0 00:00:00, Sys 0 00:00:00  -  Total Local Usage
	18803  -  Run Bytes Sent By Job
	0  -  Run Bytes Received By Job
	18803  -  Total Bytes Sent By Job
	0  -  Total Bytes Received By Job
	Partitionable Resources :    Usage  Request Allocated 
	   Cpus                 :                 1         1 
	   Disk (KB)            :       90        2    312194 
	   Memory (MB)          :     1211     2048      2048 

	Job terminated of its own accord at 2023-12-14T10:27:26Z with exit-code 0.
...
