000 (1971771.000.000) 2023-12-14 02:17:37 Job submitted from host: <172.24.33.226:11547?addrs=172.24.33.226-11547&alias=sdfrome002.sdf.slac.stanford.edu>
    DAG Node: 08b03c79-396f-42f5-9324-32c690802c61_ptcIsr_2023111101860_23
...
040 (1971771.000.000) 2023-12-14 02:25:58 Finished transferring input files
...
001 (1971771.000.000) 2023-12-14 02:25:58 Job executing on host: <172.24.33.147:42953?CCBID=172.24.33.225:9618%3faddrs%3d172.24.33.225-9618%26alias%3dsdfrome001.sdf.slac.stanford.edu#6219703&PrivNet=sdfrome082.sdf.slac.stanford.edu&addrs=172.24.33.147-42953&alias=sdfrome082.sdf.slac.stanford.edu>
	SlotName: slot_abrought_48_1_2@sdfrome082.sdf.slac.stanford.edu
...
006 (1971771.000.000) 2023-12-14 02:26:07 Image size of job updated: 293484
	86  -  MemoryUsage of job (MB)
	87492  -  ResidentSetSize of job (KB)
...
006 (1971771.000.000) 2023-12-14 02:26:51 Image size of job updated: 2253280
	693  -  MemoryUsage of job (MB)
	709132  -  ResidentSetSize of job (KB)
...
040 (1971771.000.000) 2023-12-14 02:26:52 Started transferring output files
...
040 (1971771.000.000) 2023-12-14 02:26:52 Finished transferring output files
...
005 (1971771.000.000) 2023-12-14 02:26:52 Job terminated.
	(1) Normal termination (return value 0)
		Usr 0 00:00:22, Sys 0 00:00:03  -  Run Remote Usage
		Usr 0 00:00:00, Sys 0 00:00:00  -  Run Local Usage
		Usr 0 00:00:22, Sys 0 00:00:03  -  Total Remote Usage
		Usr 0 00:00:00, Sys 0 00:00:00  -  Total Local Usage
	18532  -  Run Bytes Sent By Job
	0  -  Run Bytes Received By Job
	18532  -  Total Bytes Sent By Job
	0  -  Total Bytes Received By Job
	Partitionable Resources :    Usage  Request Allocated 
	   Cpus                 :     0.57        1         1 
	   Disk (KB)            :    97           2    312116 
	   Memory (MB)          :   693        2048      2048 

	Job terminated of its own accord at 2023-12-14T10:26:51Z with exit-code 0.
...
