000 (1970099.000.000) 2023-12-14 02:17:17 Job submitted from host: <172.24.33.226:11547?addrs=172.24.33.226-11547&alias=sdfrome002.sdf.slac.stanford.edu>
    DAG Node: 25476570-3473-443c-b2d1-f85803ddcfa4_ptcIsr_2023111201946_23
...
040 (1970099.000.000) 2023-12-14 02:20:51 Finished transferring input files
...
001 (1970099.000.000) 2023-12-14 02:20:51 Job executing on host: <172.24.48.193:46283?CCBID=172.24.33.225:9618%3faddrs%3d172.24.33.225-9618%26alias%3dsdfrome001.sdf.slac.stanford.edu#6219697&PrivNet=sdfmilan121.sdf.slac.stanford.edu&addrs=172.24.48.193-46283&alias=sdfmilan121.sdf.slac.stanford.edu>
	SlotName: slot_abrought_10210_1_5@sdfmilan121.sdf.slac.stanford.edu
...
006 (1970099.000.000) 2023-12-14 02:20:59 Image size of job updated: 287440
	80  -  MemoryUsage of job (MB)
	81704  -  ResidentSetSize of job (KB)
...
006 (1970099.000.000) 2023-12-14 02:21:48 Image size of job updated: 2067864
	80  -  MemoryUsage of job (MB)
	81704  -  ResidentSetSize of job (KB)
...
040 (1970099.000.000) 2023-12-14 02:21:48 Started transferring output files
...
040 (1970099.000.000) 2023-12-14 02:21:48 Finished transferring output files
...
005 (1970099.000.000) 2023-12-14 02:21:48 Job terminated.
	(1) Normal termination (return value 0)
		Usr 0 00:00:19, Sys 0 00:00:03  -  Run Remote Usage
		Usr 0 00:00:00, Sys 0 00:00:00  -  Run Local Usage
		Usr 0 00:00:19, Sys 0 00:00:03  -  Total Remote Usage
		Usr 0 00:00:00, Sys 0 00:00:00  -  Total Local Usage
	18804  -  Run Bytes Sent By Job
	0  -  Run Bytes Received By Job
	18804  -  Total Bytes Sent By Job
	0  -  Total Bytes Received By Job
	Partitionable Resources :    Usage  Request Allocated 
	   Cpus                 :     0.96        1         1 
	   Disk (KB)            :    97           2    311595 
	   Memory (MB)          :    80        2048      2048 

	Job terminated of its own accord at 2023-12-14T10:21:48Z with exit-code 0.
...
