000 (1973337.000.000) 2023-12-14 02:17:55 Job submitted from host: <172.24.33.226:11547?addrs=172.24.33.226-11547&alias=sdfrome002.sdf.slac.stanford.edu>
    DAG Node: ddc1b8e4-2199-4216-aa83-165ef6c05ef8_ptcIsr_2023111200170_23
...
040 (1973337.000.000) 2023-12-14 02:30:24 Finished transferring input files
...
001 (1973337.000.000) 2023-12-14 02:30:24 Job executing on host: <172.24.33.143:37205?CCBID=172.24.33.225:9618%3faddrs%3d172.24.33.225-9618%26alias%3dsdfrome001.sdf.slac.stanford.edu#6220499&PrivNet=sdfrome078.sdf.slac.stanford.edu&addrs=172.24.33.143-37205&alias=sdfrome078.sdf.slac.stanford.edu>
	SlotName: slot_abrought_7348_1_17@sdfrome078.sdf.slac.stanford.edu
...
006 (1973337.000.000) 2023-12-14 02:30:33 Image size of job updated: 313504
	103  -  MemoryUsage of job (MB)
	105268  -  ResidentSetSize of job (KB)
...
006 (1973337.000.000) 2023-12-14 02:31:20 Image size of job updated: 2055464
	614  -  MemoryUsage of job (MB)
	628416  -  ResidentSetSize of job (KB)
...
040 (1973337.000.000) 2023-12-14 02:31:20 Started transferring output files
...
040 (1973337.000.000) 2023-12-14 02:31:20 Finished transferring output files
...
005 (1973337.000.000) 2023-12-14 02:31:20 Job terminated.
	(1) Normal termination (return value 0)
		Usr 0 00:00:20, Sys 0 00:00:03  -  Run Remote Usage
		Usr 0 00:00:00, Sys 0 00:00:00  -  Run Local Usage
		Usr 0 00:00:20, Sys 0 00:00:03  -  Total Remote Usage
		Usr 0 00:00:00, Sys 0 00:00:00  -  Total Local Usage
	18804  -  Run Bytes Sent By Job
	0  -  Run Bytes Received By Job
	18804  -  Total Bytes Sent By Job
	0  -  Total Bytes Received By Job
	Partitionable Resources :    Usage  Request Allocated 
	   Cpus                 :     0.13        1         1 
	   Disk (KB)            :    97           2    312194 
	   Memory (MB)          :   614        2048      2048 

	Job terminated of its own accord at 2023-12-14T10:31:20Z with exit-code 0.
...
