000 (1973128.000.000) 2023-12-14 02:17:53 Job submitted from host: <172.24.33.226:11547?addrs=172.24.33.226-11547&alias=sdfrome002.sdf.slac.stanford.edu>
    DAG Node: bd2e8ab9-bd95-4f82-a1d4-53973491b2c7_ptcIsr_2023111202534_23
...
040 (1973128.000.000) 2023-12-14 02:29:55 Finished transferring input files
...
001 (1973128.000.000) 2023-12-14 02:29:55 Job executing on host: <172.24.48.197:44589?CCBID=172.24.33.225:9618%3faddrs%3d172.24.33.225-9618%26alias%3dsdfrome001.sdf.slac.stanford.edu#6220121&PrivNet=sdfmilan125.sdf.slac.stanford.edu&addrs=172.24.48.197-44589&alias=sdfmilan125.sdf.slac.stanford.edu>
	SlotName: slot_abrought_7640_1_13@sdfmilan125.sdf.slac.stanford.edu
...
006 (1973128.000.000) 2023-12-14 02:30:05 Image size of job updated: 269448
	63  -  MemoryUsage of job (MB)
	64220  -  ResidentSetSize of job (KB)
...
006 (1973128.000.000) 2023-12-14 02:34:25 Image size of job updated: 2159768
	63  -  MemoryUsage of job (MB)
	64220  -  ResidentSetSize of job (KB)
...
040 (1973128.000.000) 2023-12-14 02:34:26 Started transferring output files
...
040 (1973128.000.000) 2023-12-14 02:34:26 Finished transferring output files
...
005 (1973128.000.000) 2023-12-14 02:34:27 Job terminated.
	(1) Normal termination (return value 0)
		Usr 0 00:00:22, Sys 0 00:00:03  -  Run Remote Usage
		Usr 0 00:00:00, Sys 0 00:00:00  -  Run Local Usage
		Usr 0 00:00:22, Sys 0 00:00:03  -  Total Remote Usage
		Usr 0 00:00:00, Sys 0 00:00:00  -  Total Local Usage
	19074  -  Run Bytes Sent By Job
	0  -  Run Bytes Received By Job
	19074  -  Total Bytes Sent By Job
	0  -  Total Bytes Received By Job
	Partitionable Resources :    Usage  Request Allocated 
	   Cpus                 :                 1         1 
	   Disk (KB)            :       91        2    305890 
	   Memory (MB)          :       63     2048      2048 

	Job terminated of its own accord at 2023-12-14T10:34:25Z with exit-code 0.
...
