000 (1970583.000.000) 2023-12-14 02:17:24 Job submitted from host: <172.24.33.226:11547?addrs=172.24.33.226-11547&alias=sdfrome002.sdf.slac.stanford.edu>
    DAG Node: ae2a4f5e-40ec-486d-ab13-56acf2a12e97_ptcIsr_2023111300110_23
...
040 (1970583.000.000) 2023-12-14 02:22:22 Finished transferring input files
...
001 (1970583.000.000) 2023-12-14 02:22:22 Job executing on host: <172.24.33.124:39661?CCBID=172.24.33.225:9618%3faddrs%3d172.24.33.225-9618%26alias%3dsdfrome001.sdf.slac.stanford.edu#6220018&PrivNet=sdfrome059.sdf.slac.stanford.edu&addrs=172.24.33.124-39661&alias=sdfrome059.sdf.slac.stanford.edu>
	SlotName: slot_abrought_25802_1_18@sdfrome059.sdf.slac.stanford.edu
...
006 (1970583.000.000) 2023-12-14 02:22:30 Image size of job updated: 274128
	68  -  MemoryUsage of job (MB)
	69396  -  ResidentSetSize of job (KB)
...
006 (1970583.000.000) 2023-12-14 02:23:27 Image size of job updated: 2130820
	658  -  MemoryUsage of job (MB)
	673420  -  ResidentSetSize of job (KB)
...
040 (1970583.000.000) 2023-12-14 02:23:27 Started transferring output files
...
040 (1970583.000.000) 2023-12-14 02:23:27 Finished transferring output files
...
005 (1970583.000.000) 2023-12-14 02:23:27 Job terminated.
	(1) Normal termination (return value 0)
		Usr 0 00:00:22, Sys 0 00:00:05  -  Run Remote Usage
		Usr 0 00:00:00, Sys 0 00:00:00  -  Run Local Usage
		Usr 0 00:00:22, Sys 0 00:00:05  -  Total Remote Usage
		Usr 0 00:00:00, Sys 0 00:00:00  -  Total Local Usage
	18804  -  Run Bytes Sent By Job
	0  -  Run Bytes Received By Job
	18804  -  Total Bytes Sent By Job
	0  -  Total Bytes Received By Job
	Partitionable Resources :    Usage  Request Allocated 
	   Cpus                 :                 1         1 
	   Disk (KB)            :       90        2    312194 
	   Memory (MB)          :      658     2048      2048 

	Job terminated of its own accord at 2023-12-14T10:23:27Z with exit-code 0.
...
