000 (1969535.000.000) 2023-12-14 02:17:11 Job submitted from host: <172.24.33.226:11547?addrs=172.24.33.226-11547&alias=sdfrome002.sdf.slac.stanford.edu>
    DAG Node: bb68464e-d2cb-4366-b393-30e65aeca4bc_ptcIsr_2023111301053_23
...
040 (1969535.000.000) 2023-12-14 02:18:17 Finished transferring input files
...
001 (1969535.000.000) 2023-12-14 02:18:17 Job executing on host: <172.24.48.149:38613?CCBID=172.24.33.225:9618%3faddrs%3d172.24.33.225-9618%26alias%3dsdfrome001.sdf.slac.stanford.edu#6219698&PrivNet=sdfmilan049.sdf.slac.stanford.edu&addrs=172.24.48.149-38613&alias=sdfmilan049.sdf.slac.stanford.edu>
	SlotName: slot_abrought_1727_1_1@sdfmilan049.sdf.slac.stanford.edu
...
006 (1969535.000.000) 2023-12-14 02:18:26 Image size of job updated: 343736
	130  -  MemoryUsage of job (MB)
	132284  -  ResidentSetSize of job (KB)
...
006 (1969535.000.000) 2023-12-14 02:19:17 Image size of job updated: 2210924
	130  -  MemoryUsage of job (MB)
	132284  -  ResidentSetSize of job (KB)
...
040 (1969535.000.000) 2023-12-14 02:19:17 Started transferring output files
...
040 (1969535.000.000) 2023-12-14 02:19:17 Finished transferring output files
...
005 (1969535.000.000) 2023-12-14 02:19:18 Job terminated.
	(1) Normal termination (return value 0)
		Usr 0 00:00:21, Sys 0 00:00:02  -  Run Remote Usage
		Usr 0 00:00:00, Sys 0 00:00:00  -  Run Local Usage
		Usr 0 00:00:21, Sys 0 00:00:02  -  Total Remote Usage
		Usr 0 00:00:00, Sys 0 00:00:00  -  Total Local Usage
	19074  -  Run Bytes Sent By Job
	0  -  Run Bytes Received By Job
	19074  -  Total Bytes Sent By Job
	0  -  Total Bytes Received By Job
	Partitionable Resources :    Usage  Request Allocated 
	   Cpus                 :                 1         1 
	   Disk (KB)            :       91        2    312194 
	   Memory (MB)          :      130     2048      2048 

	Job terminated of its own accord at 2023-12-14T10:19:17Z with exit-code 0.
...
