000 (1969618.000.000) 2023-12-14 02:17:11 Job submitted from host: <172.24.33.226:11547?addrs=172.24.33.226-11547&alias=sdfrome002.sdf.slac.stanford.edu>
    DAG Node: 42b75a43-d898-4c4c-abfe-d939e84165f7_ptcIsr_2023111202645_23
...
040 (1969618.000.000) 2023-12-14 02:19:03 Finished transferring input files
...
001 (1969618.000.000) 2023-12-14 02:19:03 Job executing on host: <172.24.33.147:42953?CCBID=172.24.33.225:9618%3faddrs%3d172.24.33.225-9618%26alias%3dsdfrome001.sdf.slac.stanford.edu#6219703&PrivNet=sdfrome082.sdf.slac.stanford.edu&addrs=172.24.33.147-42953&alias=sdfrome082.sdf.slac.stanford.edu>
	SlotName: slot_abrought_48_1_17@sdfrome082.sdf.slac.stanford.edu
...
006 (1969618.000.000) 2023-12-14 02:19:11 Image size of job updated: 362116
	145  -  MemoryUsage of job (MB)
	148232  -  ResidentSetSize of job (KB)
...
006 (1969618.000.000) 2023-12-14 02:19:55 Image size of job updated: 2193496
	145  -  MemoryUsage of job (MB)
	148232  -  ResidentSetSize of job (KB)
...
040 (1969618.000.000) 2023-12-14 02:19:55 Started transferring output files
...
040 (1969618.000.000) 2023-12-14 02:19:55 Finished transferring output files
...
005 (1969618.000.000) 2023-12-14 02:19:55 Job terminated.
	(1) Normal termination (return value 0)
		Usr 0 00:00:21, Sys 0 00:00:03  -  Run Remote Usage
		Usr 0 00:00:00, Sys 0 00:00:00  -  Run Local Usage
		Usr 0 00:00:21, Sys 0 00:00:03  -  Total Remote Usage
		Usr 0 00:00:00, Sys 0 00:00:00  -  Total Local Usage
	18802  -  Run Bytes Sent By Job
	0  -  Run Bytes Received By Job
	18802  -  Total Bytes Sent By Job
	0  -  Total Bytes Received By Job
	Partitionable Resources :    Usage  Request Allocated 
	   Cpus                 :                 1         1 
	   Disk (KB)            :       90        2    312116 
	   Memory (MB)          :      145     2048      2048 

	Job terminated of its own accord at 2023-12-14T10:19:55Z with exit-code 0.
...
