000 (1972675.000.000) 2023-12-14 02:17:47 Job submitted from host: <172.24.33.226:11547?addrs=172.24.33.226-11547&alias=sdfrome002.sdf.slac.stanford.edu>
    DAG Node: 4ee88ce1-7b96-4b47-a386-a30eb4ea4c47_ptcIsr_2023111203246_23
...
040 (1972675.000.000) 2023-12-14 02:28:37 Finished transferring input files
...
001 (1972675.000.000) 2023-12-14 02:28:37 Job executing on host: <172.24.33.124:39697?CCBID=172.24.33.225:9618%3faddrs%3d172.24.33.225-9618%26alias%3dsdfrome001.sdf.slac.stanford.edu#6220015&PrivNet=sdfrome059.sdf.slac.stanford.edu&addrs=172.24.33.124-39697&alias=sdfrome059.sdf.slac.stanford.edu>
	SlotName: slot_abrought_7836_1_13@sdfrome059.sdf.slac.stanford.edu
...
006 (1972675.000.000) 2023-12-14 02:28:47 Image size of job updated: 303644
	94  -  MemoryUsage of job (MB)
	95476  -  ResidentSetSize of job (KB)
...
006 (1972675.000.000) 2023-12-14 02:29:25 Image size of job updated: 2094152
	617  -  MemoryUsage of job (MB)
	631660  -  ResidentSetSize of job (KB)
...
040 (1972675.000.000) 2023-12-14 02:29:26 Started transferring output files
...
040 (1972675.000.000) 2023-12-14 02:29:26 Finished transferring output files
...
005 (1972675.000.000) 2023-12-14 02:29:26 Job terminated.
	(1) Normal termination (return value 0)
		Usr 0 00:00:16, Sys 0 00:00:04  -  Run Remote Usage
		Usr 0 00:00:00, Sys 0 00:00:00  -  Run Local Usage
		Usr 0 00:00:16, Sys 0 00:00:04  -  Total Remote Usage
		Usr 0 00:00:00, Sys 0 00:00:00  -  Total Local Usage
	18975  -  Run Bytes Sent By Job
	0  -  Run Bytes Received By Job
	18975  -  Total Bytes Sent By Job
	0  -  Total Bytes Received By Job
	Partitionable Resources :    Usage  Request Allocated 
	   Cpus                 :     0.81        1         1 
	   Disk (KB)            :    97           2    312194 
	   Memory (MB)          :   617        2048      2048 

	Job terminated of its own accord at 2023-12-14T10:29:25Z with exit-code 0.
...
