000 (1971932.000.000) 2023-12-14 02:17:38 Job submitted from host: <172.24.33.226:11547?addrs=172.24.33.226-11547&alias=sdfrome002.sdf.slac.stanford.edu>
    DAG Node: 149433a2-5422-4a0c-8551-062417671442_ptcIsr_2023111101657_23
...
040 (1971932.000.000) 2023-12-14 02:26:22 Finished transferring input files
...
001 (1971932.000.000) 2023-12-14 02:26:22 Job executing on host: <172.24.33.124:45647?CCBID=172.24.33.225:9618%3faddrs%3d172.24.33.225-9618%26alias%3dsdfrome001.sdf.slac.stanford.edu#6220016&PrivNet=sdfrome059.sdf.slac.stanford.edu&addrs=172.24.33.124-45647&alias=sdfrome059.sdf.slac.stanford.edu>
	SlotName: slot_abrought_13532_1_6@sdfrome059.sdf.slac.stanford.edu
...
006 (1971932.000.000) 2023-12-14 02:26:33 Image size of job updated: 280760
	73  -  MemoryUsage of job (MB)
	74476  -  ResidentSetSize of job (KB)
...
006 (1971932.000.000) 2023-12-14 02:29:09 Image size of job updated: 2176900
	638  -  MemoryUsage of job (MB)
	652712  -  ResidentSetSize of job (KB)
...
040 (1971932.000.000) 2023-12-14 02:29:09 Started transferring output files
...
040 (1971932.000.000) 2023-12-14 02:29:09 Finished transferring output files
...
005 (1971932.000.000) 2023-12-14 02:29:10 Job terminated.
	(1) Normal termination (return value 0)
		Usr 0 00:00:19, Sys 0 00:00:03  -  Run Remote Usage
		Usr 0 00:00:00, Sys 0 00:00:00  -  Run Local Usage
		Usr 0 00:00:19, Sys 0 00:00:03  -  Total Remote Usage
		Usr 0 00:00:00, Sys 0 00:00:00  -  Total Local Usage
	19074  -  Run Bytes Sent By Job
	0  -  Run Bytes Received By Job
	19074  -  Total Bytes Sent By Job
	0  -  Total Bytes Received By Job
	Partitionable Resources :    Usage  Request Allocated 
	   Cpus                 :     0.19        1         1 
	   Disk (KB)            :    97           2    312194 
	   Memory (MB)          :   638        2048      2048 

	Job terminated of its own accord at 2023-12-14T10:29:09Z with exit-code 0.
...
