000 (1972917.000.000) 2023-12-14 02:17:49 Job submitted from host: <172.24.33.226:11547?addrs=172.24.33.226-11547&alias=sdfrome002.sdf.slac.stanford.edu>
    DAG Node: ceb66e71-a7b4-4d55-96f5-4d54127d43a1_ptcIsr_2023111101270_23
...
040 (1972917.000.000) 2023-12-14 02:29:22 Finished transferring input files
...
001 (1972917.000.000) 2023-12-14 02:29:22 Job executing on host: <172.24.33.213:43829?CCBID=172.24.33.225:9618%3faddrs%3d172.24.33.225-9618%26alias%3dsdfrome001.sdf.slac.stanford.edu#6220038&PrivNet=sdfrome022.sdf.slac.stanford.edu&addrs=172.24.33.213-43829&alias=sdfrome022.sdf.slac.stanford.edu>
	SlotName: slot_abrought_31850_1_16@sdfrome022.sdf.slac.stanford.edu
...
006 (1972917.000.000) 2023-12-14 02:29:30 Image size of job updated: 342728
	129  -  MemoryUsage of job (MB)
	131444  -  ResidentSetSize of job (KB)
...
006 (1972917.000.000) 2023-12-14 02:30:07 Image size of job updated: 2100880
	129  -  MemoryUsage of job (MB)
	131444  -  ResidentSetSize of job (KB)
...
040 (1972917.000.000) 2023-12-14 02:30:07 Started transferring output files
...
040 (1972917.000.000) 2023-12-14 02:30:07 Finished transferring output files
...
005 (1972917.000.000) 2023-12-14 02:30:08 Job terminated.
	(1) Normal termination (return value 0)
		Usr 0 00:00:23, Sys 0 00:00:03  -  Run Remote Usage
		Usr 0 00:00:00, Sys 0 00:00:00  -  Run Local Usage
		Usr 0 00:00:23, Sys 0 00:00:03  -  Total Remote Usage
		Usr 0 00:00:00, Sys 0 00:00:00  -  Total Local Usage
	18803  -  Run Bytes Sent By Job
	0  -  Run Bytes Received By Job
	18803  -  Total Bytes Sent By Job
	0  -  Total Bytes Received By Job
	Partitionable Resources :    Usage  Request Allocated 
	   Cpus                 :                 1         1 
	   Disk (KB)            :       90        2    312194 
	   Memory (MB)          :      129     2048      2048 

	Job terminated of its own accord at 2023-12-14T10:30:07Z with exit-code 0.
...
