000 (1971335.000.000) 2023-12-14 02:17:31 Job submitted from host: <172.24.33.226:11547?addrs=172.24.33.226-11547&alias=sdfrome002.sdf.slac.stanford.edu>
    DAG Node: 43783f98-3f1d-40a9-b5ff-05a57a798669_ptcIsr_2023111300606_23
...
040 (1971335.000.000) 2023-12-14 02:24:45 Finished transferring input files
...
001 (1971335.000.000) 2023-12-14 02:24:45 Job executing on host: <172.24.33.147:42953?CCBID=172.24.33.225:9618%3faddrs%3d172.24.33.225-9618%26alias%3dsdfrome001.sdf.slac.stanford.edu#6219703&PrivNet=sdfrome082.sdf.slac.stanford.edu&addrs=172.24.33.147-42953&alias=sdfrome082.sdf.slac.stanford.edu>
	SlotName: slot_abrought_48_1_7@sdfrome082.sdf.slac.stanford.edu
...
006 (1971335.000.000) 2023-12-14 02:24:53 Image size of job updated: 279736
	73  -  MemoryUsage of job (MB)
	74624  -  ResidentSetSize of job (KB)
...
006 (1971335.000.000) 2023-12-14 02:25:35 Image size of job updated: 2339264
	620  -  MemoryUsage of job (MB)
	633972  -  ResidentSetSize of job (KB)
...
040 (1971335.000.000) 2023-12-14 02:25:35 Started transferring output files
...
040 (1971335.000.000) 2023-12-14 02:25:35 Finished transferring output files
...
005 (1971335.000.000) 2023-12-14 02:25:35 Job terminated.
	(1) Normal termination (return value 0)
		Usr 0 00:00:21, Sys 0 00:00:03  -  Run Remote Usage
		Usr 0 00:00:00, Sys 0 00:00:00  -  Run Local Usage
		Usr 0 00:00:21, Sys 0 00:00:03  -  Total Remote Usage
		Usr 0 00:00:00, Sys 0 00:00:00  -  Total Local Usage
	19072  -  Run Bytes Sent By Job
	0  -  Run Bytes Received By Job
	19072  -  Total Bytes Sent By Job
	0  -  Total Bytes Received By Job
	Partitionable Resources :    Usage  Request Allocated 
	   Cpus                 :                 1         1 
	   Disk (KB)            :       91        2    312116 
	   Memory (MB)          :      620     2048      2048 

	Job terminated of its own accord at 2023-12-14T10:25:35Z with exit-code 0.
...
