000 (1972979.000.000) 2023-12-14 02:17:50 Job submitted from host: <172.24.33.226:11547?addrs=172.24.33.226-11547&alias=sdfrome002.sdf.slac.stanford.edu>
    DAG Node: e8fe5039-f874-4e75-a21a-e3ac62354bb2_ptcIsr_2023111200293_23
...
040 (1972979.000.000) 2023-12-14 02:29:35 Finished transferring input files
...
001 (1972979.000.000) 2023-12-14 02:29:35 Job executing on host: <172.24.33.124:45647?CCBID=172.24.33.225:9618%3faddrs%3d172.24.33.225-9618%26alias%3dsdfrome001.sdf.slac.stanford.edu#6220016&PrivNet=sdfrome059.sdf.slac.stanford.edu&addrs=172.24.33.124-45647&alias=sdfrome059.sdf.slac.stanford.edu>
	SlotName: slot_abrought_13532_1_11@sdfrome059.sdf.slac.stanford.edu
...
006 (1972979.000.000) 2023-12-14 02:29:45 Image size of job updated: 278144
	71  -  MemoryUsage of job (MB)
	72320  -  ResidentSetSize of job (KB)
...
006 (1972979.000.000) 2023-12-14 02:32:38 Image size of job updated: 2168096
	625  -  MemoryUsage of job (MB)
	639864  -  ResidentSetSize of job (KB)
...
040 (1972979.000.000) 2023-12-14 02:32:38 Started transferring output files
...
040 (1972979.000.000) 2023-12-14 02:32:38 Finished transferring output files
...
005 (1972979.000.000) 2023-12-14 02:32:38 Job terminated.
	(1) Normal termination (return value 0)
		Usr 0 00:00:20, Sys 0 00:00:04  -  Run Remote Usage
		Usr 0 00:00:00, Sys 0 00:00:00  -  Run Local Usage
		Usr 0 00:00:20, Sys 0 00:00:04  -  Total Remote Usage
		Usr 0 00:00:00, Sys 0 00:00:00  -  Total Local Usage
	18534  -  Run Bytes Sent By Job
	0  -  Run Bytes Received By Job
	18534  -  Total Bytes Sent By Job
	0  -  Total Bytes Received By Job
	Partitionable Resources :    Usage  Request Allocated 
	   Cpus                 :                 1         1 
	   Disk (KB)            :       90        2    312194 
	   Memory (MB)          :      625     2048      2048 

	Job terminated of its own accord at 2023-12-14T10:32:38Z with exit-code 0.
...
