000 (1972156.000.000) 2023-12-14 02:17:42 Job submitted from host: <172.24.33.226:11547?addrs=172.24.33.226-11547&alias=sdfrome002.sdf.slac.stanford.edu>
    DAG Node: 002fbbf3-8c41-40bc-96f3-35bcaf913f8b_ptcIsr_2023111202871_23
...
040 (1972156.000.000) 2023-12-14 02:27:02 Finished transferring input files
...
001 (1972156.000.000) 2023-12-14 02:27:02 Job executing on host: <172.24.33.143:37205?CCBID=172.24.33.225:9618%3faddrs%3d172.24.33.225-9618%26alias%3dsdfrome001.sdf.slac.stanford.edu#6220499&PrivNet=sdfrome078.sdf.slac.stanford.edu&addrs=172.24.33.143-37205&alias=sdfrome078.sdf.slac.stanford.edu>
	SlotName: slot_abrought_7348_1_14@sdfrome078.sdf.slac.stanford.edu
...
006 (1972156.000.000) 2023-12-14 02:27:11 Image size of job updated: 281532
	75  -  MemoryUsage of job (MB)
	76208  -  ResidentSetSize of job (KB)
...
006 (1972156.000.000) 2023-12-14 02:28:07 Image size of job updated: 2067844
	659  -  MemoryUsage of job (MB)
	674752  -  ResidentSetSize of job (KB)
...
040 (1972156.000.000) 2023-12-14 02:28:07 Started transferring output files
...
040 (1972156.000.000) 2023-12-14 02:28:07 Finished transferring output files
...
005 (1972156.000.000) 2023-12-14 02:28:07 Job terminated.
	(1) Normal termination (return value 0)
		Usr 0 00:00:17, Sys 0 00:00:03  -  Run Remote Usage
		Usr 0 00:00:00, Sys 0 00:00:00  -  Run Local Usage
		Usr 0 00:00:17, Sys 0 00:00:03  -  Total Remote Usage
		Usr 0 00:00:00, Sys 0 00:00:00  -  Total Local Usage
	18975  -  Run Bytes Sent By Job
	0  -  Run Bytes Received By Job
	18975  -  Total Bytes Sent By Job
	0  -  Total Bytes Received By Job
	Partitionable Resources :    Usage  Request Allocated 
	   Cpus                 :                 1         1 
	   Disk (KB)            :       91        2    312194 
	   Memory (MB)          :      659     2048      2048 

	Job terminated of its own accord at 2023-12-14T10:28:07Z with exit-code 0.
...
