000 (1971717.000.000) 2023-12-14 02:17:36 Job submitted from host: <172.24.33.226:11547?addrs=172.24.33.226-11547&alias=sdfrome002.sdf.slac.stanford.edu>
    DAG Node: c94e9798-130a-43f7-90f5-f1399092d45c_ptcIsr_2023111300462_23
...
040 (1971717.000.000) 2023-12-14 02:25:49 Finished transferring input files
...
001 (1971717.000.000) 2023-12-14 02:25:49 Job executing on host: <172.24.33.213:34935?CCBID=172.24.33.225:9618%3faddrs%3d172.24.33.225-9618%26alias%3dsdfrome001.sdf.slac.stanford.edu#6220035&PrivNet=sdfrome022.sdf.slac.stanford.edu&addrs=172.24.33.213-34935&alias=sdfrome022.sdf.slac.stanford.edu>
	SlotName: slot_abrought_12392_1_11@sdfrome022.sdf.slac.stanford.edu
...
006 (1971717.000.000) 2023-12-14 02:25:59 Image size of job updated: 138764
	40  -  MemoryUsage of job (MB)
	40616  -  ResidentSetSize of job (KB)
...
006 (1971717.000.000) 2023-12-14 02:29:44 Image size of job updated: 2195488
	40  -  MemoryUsage of job (MB)
	40616  -  ResidentSetSize of job (KB)
...
040 (1971717.000.000) 2023-12-14 02:29:45 Started transferring output files
...
040 (1971717.000.000) 2023-12-14 02:29:45 Finished transferring output files
...
005 (1971717.000.000) 2023-12-14 02:29:45 Job terminated.
	(1) Normal termination (return value 0)
		Usr 0 00:00:19, Sys 0 00:00:02  -  Run Remote Usage
		Usr 0 00:00:00, Sys 0 00:00:00  -  Run Local Usage
		Usr 0 00:00:19, Sys 0 00:00:02  -  Total Remote Usage
		Usr 0 00:00:00, Sys 0 00:00:00  -  Total Local Usage
	19073  -  Run Bytes Sent By Job
	0  -  Run Bytes Received By Job
	19073  -  Total Bytes Sent By Job
	0  -  Total Bytes Received By Job
	Partitionable Resources :    Usage  Request Allocated 
	   Cpus                 :     0.22        1         1 
	   Disk (KB)            :    97           2    312194 
	   Memory (MB)          :    40        2048      2048 

	Job terminated of its own accord at 2023-12-14T10:29:44Z with exit-code 0.
...
