000 (1971190.000.000) 2023-12-14 02:17:30 Job submitted from host: <172.24.33.226:11547?addrs=172.24.33.226-11547&alias=sdfrome002.sdf.slac.stanford.edu>
    DAG Node: fa82f0e3-2b88-44df-94dc-0843e5df6c3b_ptcIsr_2023111300905_23
...
040 (1971190.000.000) 2023-12-14 02:24:20 Finished transferring input files
...
001 (1971190.000.000) 2023-12-14 02:24:20 Job executing on host: <172.24.48.186:33679?CCBID=172.24.33.225:9618%3faddrs%3d172.24.33.225-9618%26alias%3dsdfrome001.sdf.slac.stanford.edu#6219700&PrivNet=sdfmilan114.sdf.slac.stanford.edu&addrs=172.24.48.186-33679&alias=sdfmilan114.sdf.slac.stanford.edu>
	SlotName: slot_abrought_14493_1_16@sdfmilan114.sdf.slac.stanford.edu
...
006 (1971190.000.000) 2023-12-14 02:24:29 Image size of job updated: 280760
	74  -  MemoryUsage of job (MB)
	74988  -  ResidentSetSize of job (KB)
...
006 (1971190.000.000) 2023-12-14 02:25:09 Image size of job updated: 2127760
	658  -  MemoryUsage of job (MB)
	673504  -  ResidentSetSize of job (KB)
...
040 (1971190.000.000) 2023-12-14 02:25:10 Started transferring output files
...
040 (1971190.000.000) 2023-12-14 02:25:10 Finished transferring output files
...
005 (1971190.000.000) 2023-12-14 02:25:10 Job terminated.
	(1) Normal termination (return value 0)
		Usr 0 00:00:21, Sys 0 00:00:02  -  Run Remote Usage
		Usr 0 00:00:00, Sys 0 00:00:00  -  Run Local Usage
		Usr 0 00:00:21, Sys 0 00:00:02  -  Total Remote Usage
		Usr 0 00:00:00, Sys 0 00:00:00  -  Total Local Usage
	18802  -  Run Bytes Sent By Job
	0  -  Run Bytes Received By Job
	18802  -  Total Bytes Sent By Job
	0  -  Total Bytes Received By Job
	Partitionable Resources :    Usage  Request Allocated 
	   Cpus                 :                 1         1 
	   Disk (KB)            :       90        2    312193 
	   Memory (MB)          :      658     2048      2048 

	Job terminated of its own accord at 2023-12-14T10:25:09Z with exit-code 0.
...
