000 (1973155.000.000) 2023-12-14 02:17:53 Job submitted from host: <172.24.33.226:11547?addrs=172.24.33.226-11547&alias=sdfrome002.sdf.slac.stanford.edu>
    DAG Node: 60f3f94b-14bc-4a9a-9399-9d5a477bca80_ptcIsr_2023111202787_23
...
040 (1973155.000.000) 2023-12-14 02:29:58 Finished transferring input files
...
001 (1973155.000.000) 2023-12-14 02:29:58 Job executing on host: <172.24.48.186:33679?CCBID=172.24.33.225:9618%3faddrs%3d172.24.33.225-9618%26alias%3dsdfrome001.sdf.slac.stanford.edu#6219700&PrivNet=sdfmilan114.sdf.slac.stanford.edu&addrs=172.24.48.186-33679&alias=sdfmilan114.sdf.slac.stanford.edu>
	SlotName: slot_abrought_14493_1_3@sdfmilan114.sdf.slac.stanford.edu
...
006 (1973155.000.000) 2023-12-14 02:30:07 Image size of job updated: 293484
	85  -  MemoryUsage of job (MB)
	86976  -  ResidentSetSize of job (KB)
...
006 (1973155.000.000) 2023-12-14 02:30:54 Image size of job updated: 2212284
	628  -  MemoryUsage of job (MB)
	642728  -  ResidentSetSize of job (KB)
...
040 (1973155.000.000) 2023-12-14 02:30:54 Started transferring output files
...
040 (1973155.000.000) 2023-12-14 02:30:55 Finished transferring output files
...
005 (1973155.000.000) 2023-12-14 02:30:55 Job terminated.
	(1) Normal termination (return value 0)
		Usr 0 00:00:20, Sys 0 00:00:02  -  Run Remote Usage
		Usr 0 00:00:00, Sys 0 00:00:00  -  Run Local Usage
		Usr 0 00:00:20, Sys 0 00:00:02  -  Total Remote Usage
		Usr 0 00:00:00, Sys 0 00:00:00  -  Total Local Usage
	19075  -  Run Bytes Sent By Job
	0  -  Run Bytes Received By Job
	19075  -  Total Bytes Sent By Job
	0  -  Total Bytes Received By Job
	Partitionable Resources :    Usage  Request Allocated 
	   Cpus                 :                 1         1 
	   Disk (KB)            :       91        2    312193 
	   Memory (MB)          :      628     2048      2048 

	Job terminated of its own accord at 2023-12-14T10:30:54Z with exit-code 0.
...
