000 (1971030.000.000) 2023-12-14 02:17:29 Job submitted from host: <172.24.33.226:11547?addrs=172.24.33.226-11547&alias=sdfrome002.sdf.slac.stanford.edu>
    DAG Node: 82b8e4a9-22be-446a-8bf5-49e64f900fd5_ptcIsr_2023111202255_23
...
040 (1971030.000.000) 2023-12-14 02:23:51 Finished transferring input files
...
001 (1971030.000.000) 2023-12-14 02:23:51 Job executing on host: <172.24.33.124:44469?CCBID=172.24.33.225:9618%3faddrs%3d172.24.33.225-9618%26alias%3dsdfrome001.sdf.slac.stanford.edu#6220017&PrivNet=sdfrome059.sdf.slac.stanford.edu&addrs=172.24.33.124-44469&alias=sdfrome059.sdf.slac.stanford.edu>
	SlotName: slot_abrought_2668_1_8@sdfrome059.sdf.slac.stanford.edu
...
006 (1971030.000.000) 2023-12-14 02:24:00 Image size of job updated: 280752
	74  -  MemoryUsage of job (MB)
	75156  -  ResidentSetSize of job (KB)
...
006 (1971030.000.000) 2023-12-14 02:25:02 Image size of job updated: 2109356
	615  -  MemoryUsage of job (MB)
	629052  -  ResidentSetSize of job (KB)
...
040 (1971030.000.000) 2023-12-14 02:25:02 Started transferring output files
...
040 (1971030.000.000) 2023-12-14 02:25:02 Finished transferring output files
...
005 (1971030.000.000) 2023-12-14 02:25:03 Job terminated.
	(1) Normal termination (return value 0)
		Usr 0 00:00:22, Sys 0 00:00:04  -  Run Remote Usage
		Usr 0 00:00:00, Sys 0 00:00:00  -  Run Local Usage
		Usr 0 00:00:22, Sys 0 00:00:04  -  Total Remote Usage
		Usr 0 00:00:00, Sys 0 00:00:00  -  Total Local Usage
	18804  -  Run Bytes Sent By Job
	0  -  Run Bytes Received By Job
	18804  -  Total Bytes Sent By Job
	0  -  Total Bytes Received By Job
	Partitionable Resources :    Usage  Request Allocated 
	   Cpus                 :     0.23        1         1 
	   Disk (KB)            :    97           2    312194 
	   Memory (MB)          :   615        2048      2048 

	Job terminated of its own accord at 2023-12-14T10:25:02Z with exit-code 0.
...
