000 (1973055.000.000) 2023-12-14 02:17:52 Job submitted from host: <172.24.33.226:11547?addrs=172.24.33.226-11547&alias=sdfrome002.sdf.slac.stanford.edu>
    DAG Node: 13fee15d-b117-4845-b6e1-df2fd707cd22_ptcIsr_2023111201623_23
...
040 (1973055.000.000) 2023-12-14 02:29:48 Finished transferring input files
...
001 (1973055.000.000) 2023-12-14 02:29:50 Job executing on host: <172.24.33.124:33703?CCBID=172.24.33.225:9618%3faddrs%3d172.24.33.225-9618%26alias%3dsdfrome001.sdf.slac.stanford.edu#6220014&PrivNet=sdfrome059.sdf.slac.stanford.edu&addrs=172.24.33.124-33703&alias=sdfrome059.sdf.slac.stanford.edu>
	SlotName: slot_abrought_11420_1_5@sdfrome059.sdf.slac.stanford.edu
...
006 (1973055.000.000) 2023-12-14 02:30:00 Image size of job updated: 56056
	28  -  MemoryUsage of job (MB)
	27840  -  ResidentSetSize of job (KB)
...
006 (1973055.000.000) 2023-12-14 02:33:23 Image size of job updated: 2037360
	605  -  MemoryUsage of job (MB)
	619420  -  ResidentSetSize of job (KB)
...
040 (1973055.000.000) 2023-12-14 02:33:23 Started transferring output files
...
040 (1973055.000.000) 2023-12-14 02:33:23 Finished transferring output files
...
005 (1973055.000.000) 2023-12-14 02:33:24 Job terminated.
	(1) Normal termination (return value 0)
		Usr 0 00:00:14, Sys 0 00:00:03  -  Run Remote Usage
		Usr 0 00:00:00, Sys 0 00:00:00  -  Run Local Usage
		Usr 0 00:00:14, Sys 0 00:00:03  -  Total Remote Usage
		Usr 0 00:00:00, Sys 0 00:00:00  -  Total Local Usage
	18976  -  Run Bytes Sent By Job
	0  -  Run Bytes Received By Job
	18976  -  Total Bytes Sent By Job
	0  -  Total Bytes Received By Job
	Partitionable Resources :    Usage  Request Allocated 
	   Cpus                 :                 1         1 
	   Disk (KB)            :       91        2    312194 
	   Memory (MB)          :      605     2048      2048 

	Job terminated of its own accord at 2023-12-14T10:33:23Z with exit-code 0.
...
