000 (1969980.000.000) 2023-12-14 02:17:13 Job submitted from host: <172.24.33.226:11547?addrs=172.24.33.226-11547&alias=sdfrome002.sdf.slac.stanford.edu>
    DAG Node: e7621701-7bd0-4844-bd71-71379d6f0760_ptcIsr_2023111200425_23
...
040 (1969980.000.000) 2023-12-14 02:20:13 Finished transferring input files
...
001 (1969980.000.000) 2023-12-14 02:20:13 Job executing on host: <172.24.33.124:39661?CCBID=172.24.33.225:9618%3faddrs%3d172.24.33.225-9618%26alias%3dsdfrome001.sdf.slac.stanford.edu#6220018&PrivNet=sdfrome059.sdf.slac.stanford.edu&addrs=172.24.33.124-39661&alias=sdfrome059.sdf.slac.stanford.edu>
	SlotName: slot_abrought_25802_1_22@sdfrome059.sdf.slac.stanford.edu
...
006 (1969980.000.000) 2023-12-14 02:20:22 Image size of job updated: 460
	1  -  MemoryUsage of job (MB)
	60  -  ResidentSetSize of job (KB)
...
006 (1969980.000.000) 2023-12-14 02:21:23 Image size of job updated: 2053388
	1317  -  MemoryUsage of job (MB)
	1347680  -  ResidentSetSize of job (KB)
...
040 (1969980.000.000) 2023-12-14 02:21:23 Started transferring output files
...
040 (1969980.000.000) 2023-12-14 02:21:23 Finished transferring output files
...
005 (1969980.000.000) 2023-12-14 02:21:23 Job terminated.
	(1) Normal termination (return value 0)
		Usr 0 00:00:24, Sys 0 00:00:11  -  Run Remote Usage
		Usr 0 00:00:00, Sys 0 00:00:00  -  Run Local Usage
		Usr 0 00:00:24, Sys 0 00:00:11  -  Total Remote Usage
		Usr 0 00:00:00, Sys 0 00:00:00  -  Total Local Usage
	18532  -  Run Bytes Sent By Job
	0  -  Run Bytes Received By Job
	18532  -  Total Bytes Sent By Job
	0  -  Total Bytes Received By Job
	Partitionable Resources :    Usage  Request Allocated 
	   Cpus                 :                 1         1 
	   Disk (KB)            :       90        2    312194 
	   Memory (MB)          :     1317     2048      2048 

	Job terminated of its own accord at 2023-12-14T10:21:23Z with exit-code 0.
...
