000 (1969805.000.000) 2023-12-14 02:17:12 Job submitted from host: <172.24.33.226:11547?addrs=172.24.33.226-11547&alias=sdfrome002.sdf.slac.stanford.edu>
    DAG Node: 57c8f87d-c288-48a9-881b-c50bff8d8ab9_ptcIsr_2023111101873_23
...
040 (1969805.000.000) 2023-12-14 02:20:10 Finished transferring input files
...
001 (1969805.000.000) 2023-12-14 02:20:10 Job executing on host: <172.24.33.124:44469?CCBID=172.24.33.225:9618%3faddrs%3d172.24.33.225-9618%26alias%3dsdfrome001.sdf.slac.stanford.edu#6220017&PrivNet=sdfrome059.sdf.slac.stanford.edu&addrs=172.24.33.124-44469&alias=sdfrome059.sdf.slac.stanford.edu>
	SlotName: slot_abrought_2668_1_6@sdfrome059.sdf.slac.stanford.edu
...
006 (1969805.000.000) 2023-12-14 02:20:19 Image size of job updated: 275144
	68  -  MemoryUsage of job (MB)
	69484  -  ResidentSetSize of job (KB)
...
006 (1969805.000.000) 2023-12-14 02:21:36 Image size of job updated: 2157788
	68  -  MemoryUsage of job (MB)
	69484  -  ResidentSetSize of job (KB)
...
040 (1969805.000.000) 2023-12-14 02:21:37 Started transferring output files
...
040 (1969805.000.000) 2023-12-14 02:21:37 Finished transferring output files
...
005 (1969805.000.000) 2023-12-14 02:21:37 Job terminated.
	(1) Normal termination (return value 0)
		Usr 0 00:00:20, Sys 0 00:00:10  -  Run Remote Usage
		Usr 0 00:00:00, Sys 0 00:00:00  -  Run Local Usage
		Usr 0 00:00:20, Sys 0 00:00:10  -  Total Remote Usage
		Usr 0 00:00:00, Sys 0 00:00:00  -  Total Local Usage
	19073  -  Run Bytes Sent By Job
	0  -  Run Bytes Received By Job
	19073  -  Total Bytes Sent By Job
	0  -  Total Bytes Received By Job
	Partitionable Resources :    Usage  Request Allocated 
	   Cpus                 :                 1         1 
	   Disk (KB)            :       90        2    312194 
	   Memory (MB)          :       68     2048      2048 

	Job terminated of its own accord at 2023-12-14T10:21:36Z with exit-code 0.
...
