000 (1972217.000.000) 2023-12-14 02:17:42 Job submitted from host: <172.24.33.226:11547?addrs=172.24.33.226-11547&alias=sdfrome002.sdf.slac.stanford.edu>
    DAG Node: 4df48134-a06d-45c2-b3c5-9b4da229bf18_ptcIsr_2023111300920_23
...
040 (1972217.000.000) 2023-12-14 02:27:16 Finished transferring input files
...
001 (1972217.000.000) 2023-12-14 02:27:16 Job executing on host: <172.24.33.147:42953?CCBID=172.24.33.225:9618%3faddrs%3d172.24.33.225-9618%26alias%3dsdfrome001.sdf.slac.stanford.edu#6219703&PrivNet=sdfrome082.sdf.slac.stanford.edu&addrs=172.24.33.147-42953&alias=sdfrome082.sdf.slac.stanford.edu>
	SlotName: slot_abrought_48_1_11@sdfrome082.sdf.slac.stanford.edu
...
006 (1972217.000.000) 2023-12-14 02:27:25 Image size of job updated: 283776
	76  -  MemoryUsage of job (MB)
	77504  -  ResidentSetSize of job (KB)
...
006 (1972217.000.000) 2023-12-14 02:28:05 Image size of job updated: 2193864
	76  -  MemoryUsage of job (MB)
	77504  -  ResidentSetSize of job (KB)
...
040 (1972217.000.000) 2023-12-14 02:28:06 Started transferring output files
...
040 (1972217.000.000) 2023-12-14 02:28:06 Finished transferring output files
...
005 (1972217.000.000) 2023-12-14 02:28:06 Job terminated.
	(1) Normal termination (return value 0)
		Usr 0 00:00:19, Sys 0 00:00:03  -  Run Remote Usage
		Usr 0 00:00:00, Sys 0 00:00:00  -  Run Local Usage
		Usr 0 00:00:19, Sys 0 00:00:03  -  Total Remote Usage
		Usr 0 00:00:00, Sys 0 00:00:00  -  Total Local Usage
	18803  -  Run Bytes Sent By Job
	0  -  Run Bytes Received By Job
	18803  -  Total Bytes Sent By Job
	0  -  Total Bytes Received By Job
	Partitionable Resources :    Usage  Request Allocated 
	   Cpus                 :                 1         1 
	   Disk (KB)            :       90        2    312116 
	   Memory (MB)          :       76     2048      2048 

	Job terminated of its own accord at 2023-12-14T10:28:05Z with exit-code 0.
...
