000 (1970977.000.000) 2023-12-14 02:17:25 Job submitted from host: <172.24.33.226:11547?addrs=172.24.33.226-11547&alias=sdfrome002.sdf.slac.stanford.edu>
    DAG Node: 195846a8-376d-4c2f-8151-659a9a827219_ptcIsr_2023111200704_23
...
040 (1970977.000.000) 2023-12-14 02:23:42 Finished transferring input files
...
001 (1970977.000.000) 2023-12-14 02:23:42 Job executing on host: <172.24.33.124:39661?CCBID=172.24.33.225:9618%3faddrs%3d172.24.33.225-9618%26alias%3dsdfrome001.sdf.slac.stanford.edu#6220018&PrivNet=sdfrome059.sdf.slac.stanford.edu&addrs=172.24.33.124-39661&alias=sdfrome059.sdf.slac.stanford.edu>
	SlotName: slot_abrought_25802_1_10@sdfrome059.sdf.slac.stanford.edu
...
006 (1970977.000.000) 2023-12-14 02:23:51 Image size of job updated: 444568
	193  -  MemoryUsage of job (MB)
	197560  -  ResidentSetSize of job (KB)
...
006 (1970977.000.000) 2023-12-14 02:24:25 Image size of job updated: 2102068
	193  -  MemoryUsage of job (MB)
	197560  -  ResidentSetSize of job (KB)
...
040 (1970977.000.000) 2023-12-14 02:24:26 Started transferring output files
...
040 (1970977.000.000) 2023-12-14 02:24:26 Finished transferring output files
...
005 (1970977.000.000) 2023-12-14 02:24:26 Job terminated.
	(1) Normal termination (return value 0)
		Usr 0 00:00:23, Sys 0 00:00:07  -  Run Remote Usage
		Usr 0 00:00:00, Sys 0 00:00:00  -  Run Local Usage
		Usr 0 00:00:23, Sys 0 00:00:07  -  Total Remote Usage
		Usr 0 00:00:00, Sys 0 00:00:00  -  Total Local Usage
	18803  -  Run Bytes Sent By Job
	0  -  Run Bytes Received By Job
	18803  -  Total Bytes Sent By Job
	0  -  Total Bytes Received By Job
	Partitionable Resources :    Usage  Request Allocated 
	   Cpus                 :     0.99        1         1 
	   Disk (KB)            :    97           2    312194 
	   Memory (MB)          :   193        2048      2048 

	Job terminated of its own accord at 2023-12-14T10:24:25Z with exit-code 0.
...
