000 (1970012.000.000) 2023-12-14 02:17:17 Job submitted from host: <172.24.33.226:11547?addrs=172.24.33.226-11547&alias=sdfrome002.sdf.slac.stanford.edu>
    DAG Node: 2c4d92df-026c-4944-8de3-45fd46f91715_ptcIsr_2023111202315_23
...
040 (1970012.000.000) 2023-12-14 02:20:16 Finished transferring input files
...
001 (1970012.000.000) 2023-12-14 02:20:16 Job executing on host: <172.24.48.193:46283?CCBID=172.24.33.225:9618%3faddrs%3d172.24.33.225-9618%26alias%3dsdfrome001.sdf.slac.stanford.edu#6219697&PrivNet=sdfmilan121.sdf.slac.stanford.edu&addrs=172.24.48.193-46283&alias=sdfmilan121.sdf.slac.stanford.edu>
	SlotName: slot_abrought_10210_1_14@sdfmilan121.sdf.slac.stanford.edu
...
006 (1970012.000.000) 2023-12-14 02:20:24 Image size of job updated: 281152
	74  -  MemoryUsage of job (MB)
	75776  -  ResidentSetSize of job (KB)
...
006 (1970012.000.000) 2023-12-14 02:21:07 Image size of job updated: 2130472
	74  -  MemoryUsage of job (MB)
	75776  -  ResidentSetSize of job (KB)
...
040 (1970012.000.000) 2023-12-14 02:21:07 Started transferring output files
...
040 (1970012.000.000) 2023-12-14 02:21:07 Finished transferring output files
...
005 (1970012.000.000) 2023-12-14 02:21:08 Job terminated.
	(1) Normal termination (return value 0)
		Usr 0 00:00:22, Sys 0 00:00:03  -  Run Remote Usage
		Usr 0 00:00:00, Sys 0 00:00:00  -  Run Local Usage
		Usr 0 00:00:22, Sys 0 00:00:03  -  Total Remote Usage
		Usr 0 00:00:00, Sys 0 00:00:00  -  Total Local Usage
	18804  -  Run Bytes Sent By Job
	0  -  Run Bytes Received By Job
	18804  -  Total Bytes Sent By Job
	0  -  Total Bytes Received By Job
	Partitionable Resources :    Usage  Request Allocated 
	   Cpus                 :                 1         1 
	   Disk (KB)            :       90        2    311595 
	   Memory (MB)          :       74     2048      2048 

	Job terminated of its own accord at 2023-12-14T10:21:07Z with exit-code 0.
...
