000 (1969442.000.000) 2023-12-14 02:17:09 Job submitted from host: <172.24.33.226:11547?addrs=172.24.33.226-11547&alias=sdfrome002.sdf.slac.stanford.edu>
    DAG Node: 2a541825-d434-4e36-b7a9-a36881112e63_ptcIsr_2023111202400_23
...
040 (1969442.000.000) 2023-12-14 02:17:11 Finished transferring input files
...
001 (1969442.000.000) 2023-12-14 02:17:11 Job executing on host: <172.24.48.186:33679?CCBID=172.24.33.225:9618%3faddrs%3d172.24.33.225-9618%26alias%3dsdfrome001.sdf.slac.stanford.edu#6219700&PrivNet=sdfmilan114.sdf.slac.stanford.edu&addrs=172.24.48.186-33679&alias=sdfmilan114.sdf.slac.stanford.edu>
	SlotName: slot_abrought_14493_1_21@sdfmilan114.sdf.slac.stanford.edu
...
006 (1969442.000.000) 2023-12-14 02:17:19 Image size of job updated: 25864
	9  -  MemoryUsage of job (MB)
	9156  -  ResidentSetSize of job (KB)
...
006 (1969442.000.000) 2023-12-14 02:18:06 Image size of job updated: 2214748
	666  -  MemoryUsage of job (MB)
	681104  -  ResidentSetSize of job (KB)
...
040 (1969442.000.000) 2023-12-14 02:18:06 Started transferring output files
...
040 (1969442.000.000) 2023-12-14 02:18:07 Finished transferring output files
...
005 (1969442.000.000) 2023-12-14 02:18:07 Job terminated.
	(1) Normal termination (return value 0)
		Usr 0 00:00:19, Sys 0 00:00:03  -  Run Remote Usage
		Usr 0 00:00:00, Sys 0 00:00:00  -  Run Local Usage
		Usr 0 00:00:19, Sys 0 00:00:03  -  Total Remote Usage
		Usr 0 00:00:00, Sys 0 00:00:00  -  Total Local Usage
	19074  -  Run Bytes Sent By Job
	0  -  Run Bytes Received By Job
	19074  -  Total Bytes Sent By Job
	0  -  Total Bytes Received By Job
	Partitionable Resources :    Usage  Request Allocated 
	   Cpus                 :                 1         1 
	   Disk (KB)            :       90        2    312193 
	   Memory (MB)          :      666     2048      2048 

	Job terminated of its own accord at 2023-12-14T10:18:06Z with exit-code 0.
...
