000 (1970314.000.000) 2023-12-14 02:17:18 Job submitted from host: <172.24.33.226:11547?addrs=172.24.33.226-11547&alias=sdfrome002.sdf.slac.stanford.edu>
    DAG Node: 04789cc4-0277-425d-be34-5c451aeca6e0_ptcIsr_2023111203501_23
...
040 (1970314.000.000) 2023-12-14 02:21:26 Finished transferring input files
...
001 (1970314.000.000) 2023-12-14 02:21:26 Job executing on host: <172.24.33.213:41467?CCBID=172.24.33.225:9618%3faddrs%3d172.24.33.225-9618%26alias%3dsdfrome001.sdf.slac.stanford.edu#6220037&PrivNet=sdfrome022.sdf.slac.stanford.edu&addrs=172.24.33.213-41467&alias=sdfrome022.sdf.slac.stanford.edu>
	SlotName: slot_abrought_435_1_10@sdfrome022.sdf.slac.stanford.edu
...
006 (1970314.000.000) 2023-12-14 02:21:35 Image size of job updated: 290812
	83  -  MemoryUsage of job (MB)
	84080  -  ResidentSetSize of job (KB)
...
006 (1970314.000.000) 2023-12-14 02:22:25 Image size of job updated: 2060224
	83  -  MemoryUsage of job (MB)
	84080  -  ResidentSetSize of job (KB)
...
040 (1970314.000.000) 2023-12-14 02:22:25 Started transferring output files
...
040 (1970314.000.000) 2023-12-14 02:22:25 Finished transferring output files
...
005 (1970314.000.000) 2023-12-14 02:22:25 Job terminated.
	(1) Normal termination (return value 0)
		Usr 0 00:00:24, Sys 0 00:00:06  -  Run Remote Usage
		Usr 0 00:00:00, Sys 0 00:00:00  -  Run Local Usage
		Usr 0 00:00:24, Sys 0 00:00:06  -  Total Remote Usage
		Usr 0 00:00:00, Sys 0 00:00:00  -  Total Local Usage
	18975  -  Run Bytes Sent By Job
	0  -  Run Bytes Received By Job
	18975  -  Total Bytes Sent By Job
	0  -  Total Bytes Received By Job
	Partitionable Resources :    Usage  Request Allocated 
	   Cpus                 :                 1         1 
	   Disk (KB)            :       91        2    312194 
	   Memory (MB)          :       83     2048      2048 

	Job terminated of its own accord at 2023-12-14T10:22:25Z with exit-code 0.
...
