000 (1970504.000.000) 2023-12-14 02:17:23 Job submitted from host: <172.24.33.226:11547?addrs=172.24.33.226-11547&alias=sdfrome002.sdf.slac.stanford.edu>
    DAG Node: d3db411a-583d-4941-a920-9c965fccf7dd_ptcIsr_2023111202022_23
...
040 (1970504.000.000) 2023-12-14 02:22:13 Finished transferring input files
...
001 (1970504.000.000) 2023-12-14 02:22:13 Job executing on host: <172.24.48.185:41489?CCBID=172.24.33.225:9618%3faddrs%3d172.24.33.225-9618%26alias%3dsdfrome001.sdf.slac.stanford.edu#6219699&PrivNet=sdfmilan113.sdf.slac.stanford.edu&addrs=172.24.48.185-41489&alias=sdfmilan113.sdf.slac.stanford.edu>
	SlotName: slot_abrought_18623_1_9@sdfmilan113.sdf.slac.stanford.edu
...
006 (1970504.000.000) 2023-12-14 02:22:22 Image size of job updated: 340528
	127  -  MemoryUsage of job (MB)
	129440  -  ResidentSetSize of job (KB)
...
006 (1970504.000.000) 2023-12-14 02:23:10 Image size of job updated: 2091560
	620  -  MemoryUsage of job (MB)
	634708  -  ResidentSetSize of job (KB)
...
040 (1970504.000.000) 2023-12-14 02:23:10 Started transferring output files
...
040 (1970504.000.000) 2023-12-14 02:23:10 Finished transferring output files
...
005 (1970504.000.000) 2023-12-14 02:23:10 Job terminated.
	(1) Normal termination (return value 0)
		Usr 0 00:00:18, Sys 0 00:00:03  -  Run Remote Usage
		Usr 0 00:00:00, Sys 0 00:00:00  -  Run Local Usage
		Usr 0 00:00:18, Sys 0 00:00:03  -  Total Remote Usage
		Usr 0 00:00:00, Sys 0 00:00:00  -  Total Local Usage
	18804  -  Run Bytes Sent By Job
	0  -  Run Bytes Received By Job
	18804  -  Total Bytes Sent By Job
	0  -  Total Bytes Received By Job
	Partitionable Resources :    Usage  Request Allocated 
	   Cpus                 :                 1         1 
	   Disk (KB)            :       90        2    312194 
	   Memory (MB)          :      620     2048      2048 

	Job terminated of its own accord at 2023-12-14T10:23:10Z with exit-code 0.
...
