000 (1973283.000.000) 2023-12-14 02:17:55 Job submitted from host: <172.24.33.226:11547?addrs=172.24.33.226-11547&alias=sdfrome002.sdf.slac.stanford.edu>
    DAG Node: 2e8eba51-4168-481f-afa7-98063cebd5b3_ptcIsr_2023111101197_23
...
040 (1973283.000.000) 2023-12-14 02:30:15 Finished transferring input files
...
001 (1973283.000.000) 2023-12-14 02:30:15 Job executing on host: <172.24.33.147:42953?CCBID=172.24.33.225:9618%3faddrs%3d172.24.33.225-9618%26alias%3dsdfrome001.sdf.slac.stanford.edu#6219703&PrivNet=sdfrome082.sdf.slac.stanford.edu&addrs=172.24.33.147-42953&alias=sdfrome082.sdf.slac.stanford.edu>
	SlotName: slot_abrought_48_1_22@sdfrome082.sdf.slac.stanford.edu
...
006 (1973283.000.000) 2023-12-14 02:30:25 Image size of job updated: 351308
	137  -  MemoryUsage of job (MB)
	139664  -  ResidentSetSize of job (KB)
...
006 (1973283.000.000) 2023-12-14 02:31:04 Image size of job updated: 2020320
	1293  -  MemoryUsage of job (MB)
	1323252  -  ResidentSetSize of job (KB)
...
040 (1973283.000.000) 2023-12-14 02:31:04 Started transferring output files
...
040 (1973283.000.000) 2023-12-14 02:31:04 Finished transferring output files
...
005 (1973283.000.000) 2023-12-14 02:31:04 Job terminated.
	(1) Normal termination (return value 0)
		Usr 0 00:00:13, Sys 0 00:00:03  -  Run Remote Usage
		Usr 0 00:00:00, Sys 0 00:00:00  -  Run Local Usage
		Usr 0 00:00:13, Sys 0 00:00:03  -  Total Remote Usage
		Usr 0 00:00:00, Sys 0 00:00:00  -  Total Local Usage
	18802  -  Run Bytes Sent By Job
	0  -  Run Bytes Received By Job
	18802  -  Total Bytes Sent By Job
	0  -  Total Bytes Received By Job
	Partitionable Resources :    Usage  Request Allocated 
	   Cpus                 :                 1         1 
	   Disk (KB)            :       90        2    312116 
	   Memory (MB)          :     1293     2048      2048 

	Job terminated of its own accord at 2023-12-14T10:31:04Z with exit-code 0.
...
