000 (1969580.000.000) 2023-12-14 02:17:11 Job submitted from host: <172.24.33.226:11547?addrs=172.24.33.226-11547&alias=sdfrome002.sdf.slac.stanford.edu>
    DAG Node: 2553f531-748a-428e-86e1-3fadddc25418_ptcIsr_2023111202186_23
...
040 (1969580.000.000) 2023-12-14 02:18:44 Finished transferring input files
...
001 (1969580.000.000) 2023-12-14 02:18:44 Job executing on host: <172.24.48.186:33679?CCBID=172.24.33.225:9618%3faddrs%3d172.24.33.225-9618%26alias%3dsdfrome001.sdf.slac.stanford.edu#6219700&PrivNet=sdfmilan114.sdf.slac.stanford.edu&addrs=172.24.48.186-33679&alias=sdfmilan114.sdf.slac.stanford.edu>
	SlotName: slot_abrought_14493_1_2@sdfmilan114.sdf.slac.stanford.edu
...
006 (1969580.000.000) 2023-12-14 02:18:53 Image size of job updated: 285548
	78  -  MemoryUsage of job (MB)
	79476  -  ResidentSetSize of job (KB)
...
006 (1969580.000.000) 2023-12-14 02:19:34 Image size of job updated: 2052984
	78  -  MemoryUsage of job (MB)
	79476  -  ResidentSetSize of job (KB)
...
040 (1969580.000.000) 2023-12-14 02:19:34 Started transferring output files
...
040 (1969580.000.000) 2023-12-14 02:19:34 Finished transferring output files
...
005 (1969580.000.000) 2023-12-14 02:19:34 Job terminated.
	(1) Normal termination (return value 0)
		Usr 0 00:00:20, Sys 0 00:00:03  -  Run Remote Usage
		Usr 0 00:00:00, Sys 0 00:00:00  -  Run Local Usage
		Usr 0 00:00:20, Sys 0 00:00:03  -  Total Remote Usage
		Usr 0 00:00:00, Sys 0 00:00:00  -  Total Local Usage
	19073  -  Run Bytes Sent By Job
	0  -  Run Bytes Received By Job
	19073  -  Total Bytes Sent By Job
	0  -  Total Bytes Received By Job
	Partitionable Resources :    Usage  Request Allocated 
	   Cpus                 :                 1         1 
	   Disk (KB)            :       91        2    312193 
	   Memory (MB)          :       78     2048      2048 

	Job terminated of its own accord at 2023-12-14T10:19:34Z with exit-code 0.
...
