000 (1970612.000.000) 2023-12-14 02:17:24 Job submitted from host: <172.24.33.226:11547?addrs=172.24.33.226-11547&alias=sdfrome002.sdf.slac.stanford.edu>
    DAG Node: c131122b-4c29-4108-9748-eab5b67be25a_ptcIsr_2023111201461_23
...
040 (1970612.000.000) 2023-12-14 02:22:32 Finished transferring input files
...
001 (1970612.000.000) 2023-12-14 02:22:32 Job executing on host: <172.24.33.213:34935?CCBID=172.24.33.225:9618%3faddrs%3d172.24.33.225-9618%26alias%3dsdfrome001.sdf.slac.stanford.edu#6220035&PrivNet=sdfrome022.sdf.slac.stanford.edu&addrs=172.24.33.213-34935&alias=sdfrome022.sdf.slac.stanford.edu>
	SlotName: slot_abrought_12392_1_2@sdfrome022.sdf.slac.stanford.edu
...
006 (1970612.000.000) 2023-12-14 02:22:42 Image size of job updated: 6300
	1  -  MemoryUsage of job (MB)
	60  -  ResidentSetSize of job (KB)
...
006 (1970612.000.000) 2023-12-14 02:26:08 Image size of job updated: 2108464
	654  -  MemoryUsage of job (MB)
	669528  -  ResidentSetSize of job (KB)
...
040 (1970612.000.000) 2023-12-14 02:26:08 Started transferring output files
...
040 (1970612.000.000) 2023-12-14 02:26:08 Finished transferring output files
...
005 (1970612.000.000) 2023-12-14 02:26:08 Job terminated.
	(1) Normal termination (return value 0)
		Usr 0 00:00:19, Sys 0 00:00:02  -  Run Remote Usage
		Usr 0 00:00:00, Sys 0 00:00:00  -  Run Local Usage
		Usr 0 00:00:19, Sys 0 00:00:02  -  Total Remote Usage
		Usr 0 00:00:00, Sys 0 00:00:00  -  Total Local Usage
	18805  -  Run Bytes Sent By Job
	0  -  Run Bytes Received By Job
	18805  -  Total Bytes Sent By Job
	0  -  Total Bytes Received By Job
	Partitionable Resources :    Usage  Request Allocated 
	   Cpus                 :     0.07        1         1 
	   Disk (KB)            :    97           2    312194 
	   Memory (MB)          :   654        2048      2048 

	Job terminated of its own accord at 2023-12-14T10:26:08Z with exit-code 0.
...
