000 (1973140.000.000) 2023-12-14 02:17:53 Job submitted from host: <172.24.33.226:11547?addrs=172.24.33.226-11547&alias=sdfrome002.sdf.slac.stanford.edu>
    DAG Node: 63ef0be6-2c00-412b-801e-a24262b4cdd1_ptcIsr_2023111203098_23
...
040 (1973140.000.000) 2023-12-14 02:29:56 Finished transferring input files
...
001 (1973140.000.000) 2023-12-14 02:29:56 Job executing on host: <172.24.33.124:45647?CCBID=172.24.33.225:9618%3faddrs%3d172.24.33.225-9618%26alias%3dsdfrome001.sdf.slac.stanford.edu#6220016&PrivNet=sdfrome059.sdf.slac.stanford.edu&addrs=172.24.33.124-45647&alias=sdfrome059.sdf.slac.stanford.edu>
	SlotName: slot_abrought_13532_1_14@sdfrome059.sdf.slac.stanford.edu
...
006 (1973140.000.000) 2023-12-14 02:30:05 Image size of job updated: 34692
	19  -  MemoryUsage of job (MB)
	19108  -  ResidentSetSize of job (KB)
...
006 (1973140.000.000) 2023-12-14 02:32:46 Image size of job updated: 2193644
	658  -  MemoryUsage of job (MB)
	672816  -  ResidentSetSize of job (KB)
...
040 (1973140.000.000) 2023-12-14 02:32:46 Started transferring output files
...
040 (1973140.000.000) 2023-12-14 02:32:46 Finished transferring output files
...
005 (1973140.000.000) 2023-12-14 02:32:46 Job terminated.
	(1) Normal termination (return value 0)
		Usr 0 00:00:19, Sys 0 00:00:03  -  Run Remote Usage
		Usr 0 00:00:00, Sys 0 00:00:00  -  Run Local Usage
		Usr 0 00:00:19, Sys 0 00:00:03  -  Total Remote Usage
		Usr 0 00:00:00, Sys 0 00:00:00  -  Total Local Usage
	18806  -  Run Bytes Sent By Job
	0  -  Run Bytes Received By Job
	18806  -  Total Bytes Sent By Job
	0  -  Total Bytes Received By Job
	Partitionable Resources :    Usage  Request Allocated 
	   Cpus                 :                 1         1 
	   Disk (KB)            :       90        2    312194 
	   Memory (MB)          :      658     2048      2048 

	Job terminated of its own accord at 2023-12-14T10:32:46Z with exit-code 0.
...
