000 (1970184.000.000) 2023-12-14 02:17:18 Job submitted from host: <172.24.33.226:11547?addrs=172.24.33.226-11547&alias=sdfrome002.sdf.slac.stanford.edu>
    DAG Node: 939879a9-61c6-48cc-b90f-1cbf118ea34d_ptcIsr_2023111201494_23
...
040 (1970184.000.000) 2023-12-14 02:20:59 Finished transferring input files
...
001 (1970184.000.000) 2023-12-14 02:20:59 Job executing on host: <172.24.48.186:33679?CCBID=172.24.33.225:9618%3faddrs%3d172.24.33.225-9618%26alias%3dsdfrome001.sdf.slac.stanford.edu#6219700&PrivNet=sdfmilan114.sdf.slac.stanford.edu&addrs=172.24.48.186-33679&alias=sdfmilan114.sdf.slac.stanford.edu>
	SlotName: slot_abrought_14493_1_13@sdfmilan114.sdf.slac.stanford.edu
...
006 (1970184.000.000) 2023-12-14 02:21:07 Image size of job updated: 330612
	118  -  MemoryUsage of job (MB)
	120808  -  ResidentSetSize of job (KB)
...
006 (1970184.000.000) 2023-12-14 02:21:57 Image size of job updated: 1969504
	615  -  MemoryUsage of job (MB)
	629692  -  ResidentSetSize of job (KB)
...
040 (1970184.000.000) 2023-12-14 02:21:57 Started transferring output files
...
040 (1970184.000.000) 2023-12-14 02:21:57 Finished transferring output files
...
005 (1970184.000.000) 2023-12-14 02:21:57 Job terminated.
	(1) Normal termination (return value 0)
		Usr 0 00:00:23, Sys 0 00:00:03  -  Run Remote Usage
		Usr 0 00:00:00, Sys 0 00:00:00  -  Run Local Usage
		Usr 0 00:00:23, Sys 0 00:00:03  -  Total Remote Usage
		Usr 0 00:00:00, Sys 0 00:00:00  -  Total Local Usage
	18532  -  Run Bytes Sent By Job
	0  -  Run Bytes Received By Job
	18532  -  Total Bytes Sent By Job
	0  -  Total Bytes Received By Job
	Partitionable Resources :    Usage  Request Allocated 
	   Cpus                 :     0.95        1         1 
	   Disk (KB)            :    97           2    312193 
	   Memory (MB)          :   615        2048      2048 

	Job terminated of its own accord at 2023-12-14T10:21:57Z with exit-code 0.
...
