000 (1972184.000.000) 2023-12-14 02:17:42 Job submitted from host: <172.24.33.226:11547?addrs=172.24.33.226-11547&alias=sdfrome002.sdf.slac.stanford.edu>
    DAG Node: 0fe5db3c-5433-4e2f-b2e7-8374c8876c2b_ptcIsr_2023111203261_23
...
040 (1972184.000.000) 2023-12-14 02:27:07 Finished transferring input files
...
001 (1972184.000.000) 2023-12-14 02:27:07 Job executing on host: <172.24.33.143:37205?CCBID=172.24.33.225:9618%3faddrs%3d172.24.33.225-9618%26alias%3dsdfrome001.sdf.slac.stanford.edu#6220499&PrivNet=sdfrome078.sdf.slac.stanford.edu&addrs=172.24.33.143-37205&alias=sdfrome078.sdf.slac.stanford.edu>
	SlotName: slot_abrought_7348_1_7@sdfrome078.sdf.slac.stanford.edu
...
006 (1972184.000.000) 2023-12-14 02:27:15 Image size of job updated: 290928
	83  -  MemoryUsage of job (MB)
	84940  -  ResidentSetSize of job (KB)
...
006 (1972184.000.000) 2023-12-14 02:28:09 Image size of job updated: 2068308
	618  -  MemoryUsage of job (MB)
	632716  -  ResidentSetSize of job (KB)
...
040 (1972184.000.000) 2023-12-14 02:28:09 Started transferring output files
...
040 (1972184.000.000) 2023-12-14 02:28:09 Finished transferring output files
...
005 (1972184.000.000) 2023-12-14 02:28:09 Job terminated.
	(1) Normal termination (return value 0)
		Usr 0 00:00:21, Sys 0 00:00:03  -  Run Remote Usage
		Usr 0 00:00:00, Sys 0 00:00:00  -  Run Local Usage
		Usr 0 00:00:21, Sys 0 00:00:03  -  Total Remote Usage
		Usr 0 00:00:00, Sys 0 00:00:00  -  Total Local Usage
	18806  -  Run Bytes Sent By Job
	0  -  Run Bytes Received By Job
	18806  -  Total Bytes Sent By Job
	0  -  Total Bytes Received By Job
	Partitionable Resources :    Usage  Request Allocated 
	   Cpus                 :                 1         1 
	   Disk (KB)            :       90        2    312194 
	   Memory (MB)          :      618     2048      2048 

	Job terminated of its own accord at 2023-12-14T10:28:09Z with exit-code 0.
...
