000 (1971884.000.000) 2023-12-14 02:17:37 Job submitted from host: <172.24.33.226:11547?addrs=172.24.33.226-11547&alias=sdfrome002.sdf.slac.stanford.edu>
    DAG Node: 8175e79d-8bd5-441e-843e-9fb5201bbc0c_ptcIsr_2023111200456_23
...
040 (1971884.000.000) 2023-12-14 02:26:17 Finished transferring input files
...
001 (1971884.000.000) 2023-12-14 02:26:17 Job executing on host: <172.24.33.213:33037?CCBID=172.24.33.225:9618%3faddrs%3d172.24.33.225-9618%26alias%3dsdfrome001.sdf.slac.stanford.edu#6220039&PrivNet=sdfrome022.sdf.slac.stanford.edu&addrs=172.24.33.213-33037&alias=sdfrome022.sdf.slac.stanford.edu>
	SlotName: slot_abrought_15721_1_20@sdfrome022.sdf.slac.stanford.edu
...
006 (1971884.000.000) 2023-12-14 02:26:25 Image size of job updated: 261476
	57  -  MemoryUsage of job (MB)
	57876  -  ResidentSetSize of job (KB)
...
006 (1971884.000.000) 2023-12-14 02:27:20 Image size of job updated: 2122148
	628  -  MemoryUsage of job (MB)
	642672  -  ResidentSetSize of job (KB)
...
040 (1971884.000.000) 2023-12-14 02:27:20 Started transferring output files
...
040 (1971884.000.000) 2023-12-14 02:27:20 Finished transferring output files
...
005 (1971884.000.000) 2023-12-14 02:27:20 Job terminated.
	(1) Normal termination (return value 0)
		Usr 0 00:00:21, Sys 0 00:00:03  -  Run Remote Usage
		Usr 0 00:00:00, Sys 0 00:00:00  -  Run Local Usage
		Usr 0 00:00:21, Sys 0 00:00:03  -  Total Remote Usage
		Usr 0 00:00:00, Sys 0 00:00:00  -  Total Local Usage
	19073  -  Run Bytes Sent By Job
	0  -  Run Bytes Received By Job
	19073  -  Total Bytes Sent By Job
	0  -  Total Bytes Received By Job
	Partitionable Resources :    Usage  Request Allocated 
	   Cpus                 :                 1         1 
	   Disk (KB)            :       91        2    312194 
	   Memory (MB)          :      628     2048      2048 

	Job terminated of its own accord at 2023-12-14T10:27:20Z with exit-code 0.
...
