000 (1971274.000.000) 2023-12-14 02:17:31 Job submitted from host: <172.24.33.226:11547?addrs=172.24.33.226-11547&alias=sdfrome002.sdf.slac.stanford.edu>
    DAG Node: f7fba15a-4817-42e7-9f8c-f1cd84f8bc6f_ptcIsr_2023111202613_23
...
040 (1971274.000.000) 2023-12-14 02:24:36 Finished transferring input files
...
001 (1971274.000.000) 2023-12-14 02:24:36 Job executing on host: <172.24.48.185:41489?CCBID=172.24.33.225:9618%3faddrs%3d172.24.33.225-9618%26alias%3dsdfrome001.sdf.slac.stanford.edu#6219699&PrivNet=sdfmilan113.sdf.slac.stanford.edu&addrs=172.24.48.185-41489&alias=sdfmilan113.sdf.slac.stanford.edu>
	SlotName: slot_abrought_18623_1_1@sdfmilan113.sdf.slac.stanford.edu
...
006 (1971274.000.000) 2023-12-14 02:24:45 Image size of job updated: 7392
	1  -  MemoryUsage of job (MB)
	972  -  ResidentSetSize of job (KB)
...
006 (1971274.000.000) 2023-12-14 02:25:48 Image size of job updated: 2131000
	654  -  MemoryUsage of job (MB)
	669504  -  ResidentSetSize of job (KB)
...
040 (1971274.000.000) 2023-12-14 02:25:48 Started transferring output files
...
040 (1971274.000.000) 2023-12-14 02:25:48 Finished transferring output files
...
005 (1971274.000.000) 2023-12-14 02:25:48 Job terminated.
	(1) Normal termination (return value 0)
		Usr 0 00:00:18, Sys 0 00:00:02  -  Run Remote Usage
		Usr 0 00:00:00, Sys 0 00:00:00  -  Run Local Usage
		Usr 0 00:00:18, Sys 0 00:00:02  -  Total Remote Usage
		Usr 0 00:00:00, Sys 0 00:00:00  -  Total Local Usage
	18804  -  Run Bytes Sent By Job
	0  -  Run Bytes Received By Job
	18804  -  Total Bytes Sent By Job
	0  -  Total Bytes Received By Job
	Partitionable Resources :    Usage  Request Allocated 
	   Cpus                 :                 1         1 
	   Disk (KB)            :       90        2    312194 
	   Memory (MB)          :      654     2048      2048 

	Job terminated of its own accord at 2023-12-14T10:25:48Z with exit-code 0.
...
