000 (1972943.000.000) 2023-12-14 02:17:50 Job submitted from host: <172.24.33.226:11547?addrs=172.24.33.226-11547&alias=sdfrome002.sdf.slac.stanford.edu>
    DAG Node: 4c75ba78-e9ee-442f-a767-b76c304fd506_ptcIsr_2023111100889_23
...
040 (1972943.000.000) 2023-12-14 02:29:25 Finished transferring input files
...
001 (1972943.000.000) 2023-12-14 02:29:25 Job executing on host: <172.24.33.124:39661?CCBID=172.24.33.225:9618%3faddrs%3d172.24.33.225-9618%26alias%3dsdfrome001.sdf.slac.stanford.edu#6220018&PrivNet=sdfrome059.sdf.slac.stanford.edu&addrs=172.24.33.124-39661&alias=sdfrome059.sdf.slac.stanford.edu>
	SlotName: slot_abrought_25802_1_11@sdfrome059.sdf.slac.stanford.edu
...
006 (1972943.000.000) 2023-12-14 02:29:33 Image size of job updated: 346568
	132  -  MemoryUsage of job (MB)
	135056  -  ResidentSetSize of job (KB)
...
006 (1972943.000.000) 2023-12-14 02:30:09 Image size of job updated: 2126776
	647  -  MemoryUsage of job (MB)
	661860  -  ResidentSetSize of job (KB)
...
040 (1972943.000.000) 2023-12-14 02:30:09 Started transferring output files
...
040 (1972943.000.000) 2023-12-14 02:30:09 Finished transferring output files
...
005 (1972943.000.000) 2023-12-14 02:30:09 Job terminated.
	(1) Normal termination (return value 0)
		Usr 0 00:00:28, Sys 0 00:00:04  -  Run Remote Usage
		Usr 0 00:00:00, Sys 0 00:00:00  -  Run Local Usage
		Usr 0 00:00:28, Sys 0 00:00:04  -  Total Remote Usage
		Usr 0 00:00:00, Sys 0 00:00:00  -  Total Local Usage
	18532  -  Run Bytes Sent By Job
	0  -  Run Bytes Received By Job
	18532  -  Total Bytes Sent By Job
	0  -  Total Bytes Received By Job
	Partitionable Resources :    Usage  Request Allocated 
	   Cpus                 :                 1         1 
	   Disk (KB)            :       90        2    312194 
	   Memory (MB)          :      647     2048      2048 

	Job terminated of its own accord at 2023-12-14T10:30:09Z with exit-code 0.
...
