000 (1972778.000.000) 2023-12-14 02:17:48 Job submitted from host: <172.24.33.226:11547?addrs=172.24.33.226-11547&alias=sdfrome002.sdf.slac.stanford.edu>
    DAG Node: 38fe8350-047a-48ce-9380-b4111b75687a_ptcIsr_2023111300572_23
...
040 (1972778.000.000) 2023-12-14 02:28:56 Finished transferring input files
...
001 (1972778.000.000) 2023-12-14 02:28:56 Job executing on host: <172.24.33.143:42517?CCBID=172.24.33.225:9618%3faddrs%3d172.24.33.225-9618%26alias%3dsdfrome001.sdf.slac.stanford.edu#6220496&PrivNet=sdfrome078.sdf.slac.stanford.edu&addrs=172.24.33.143-42517&alias=sdfrome078.sdf.slac.stanford.edu>
	SlotName: slot_abrought_19079_1_1@sdfrome078.sdf.slac.stanford.edu
...
006 (1972778.000.000) 2023-12-14 02:29:05 Image size of job updated: 466284
	212  -  MemoryUsage of job (MB)
	216756  -  ResidentSetSize of job (KB)
...
006 (1972778.000.000) 2023-12-14 02:29:38 Image size of job updated: 2081068
	212  -  MemoryUsage of job (MB)
	216756  -  ResidentSetSize of job (KB)
...
040 (1972778.000.000) 2023-12-14 02:29:38 Started transferring output files
...
040 (1972778.000.000) 2023-12-14 02:29:38 Finished transferring output files
...
005 (1972778.000.000) 2023-12-14 02:29:38 Job terminated.
	(1) Normal termination (return value 0)
		Usr 0 00:00:25, Sys 0 00:00:05  -  Run Remote Usage
		Usr 0 00:00:00, Sys 0 00:00:00  -  Run Local Usage
		Usr 0 00:00:25, Sys 0 00:00:05  -  Total Remote Usage
		Usr 0 00:00:00, Sys 0 00:00:00  -  Total Local Usage
	18802  -  Run Bytes Sent By Job
	0  -  Run Bytes Received By Job
	18802  -  Total Bytes Sent By Job
	0  -  Total Bytes Received By Job
	Partitionable Resources :    Usage  Request Allocated 
	   Cpus                 :                 1         1 
	   Disk (KB)            :       90        2    312194 
	   Memory (MB)          :      212     2048      2048 

	Job terminated of its own accord at 2023-12-14T10:29:38Z with exit-code 0.
...
