000 (1970387.000.000) 2023-12-14 02:17:19 Job submitted from host: <172.24.33.226:11547?addrs=172.24.33.226-11547&alias=sdfrome002.sdf.slac.stanford.edu>
    DAG Node: bb0cea27-bc98-4c09-ad74-8d397cc341ad_ptcIsr_2023111200920_23
...
040 (1970387.000.000) 2023-12-14 02:21:44 Finished transferring input files
...
001 (1970387.000.000) 2023-12-14 02:21:44 Job executing on host: <172.24.48.186:33679?CCBID=172.24.33.225:9618%3faddrs%3d172.24.33.225-9618%26alias%3dsdfrome001.sdf.slac.stanford.edu#6219700&PrivNet=sdfmilan114.sdf.slac.stanford.edu&addrs=172.24.48.186-33679&alias=sdfmilan114.sdf.slac.stanford.edu>
	SlotName: slot_abrought_14493_1_10@sdfmilan114.sdf.slac.stanford.edu
...
006 (1970387.000.000) 2023-12-14 02:21:53 Image size of job updated: 24496
	8  -  MemoryUsage of job (MB)
	7484  -  ResidentSetSize of job (KB)
...
006 (1970387.000.000) 2023-12-14 02:22:40 Image size of job updated: 1952832
	630  -  MemoryUsage of job (MB)
	645120  -  ResidentSetSize of job (KB)
...
040 (1970387.000.000) 2023-12-14 02:22:40 Started transferring output files
...
040 (1970387.000.000) 2023-12-14 02:22:40 Finished transferring output files
...
005 (1970387.000.000) 2023-12-14 02:22:40 Job terminated.
	(1) Normal termination (return value 0)
		Usr 0 00:00:21, Sys 0 00:00:02  -  Run Remote Usage
		Usr 0 00:00:00, Sys 0 00:00:00  -  Run Local Usage
		Usr 0 00:00:21, Sys 0 00:00:02  -  Total Remote Usage
		Usr 0 00:00:00, Sys 0 00:00:00  -  Total Local Usage
	18533  -  Run Bytes Sent By Job
	0  -  Run Bytes Received By Job
	18533  -  Total Bytes Sent By Job
	0  -  Total Bytes Received By Job
	Partitionable Resources :    Usage  Request Allocated 
	   Cpus                 :                 1         1 
	   Disk (KB)            :       90        2    312193 
	   Memory (MB)          :      630     2048      2048 

	Job terminated of its own accord at 2023-12-14T10:22:40Z with exit-code 0.
...
