000 (1970097.000.000) 2023-12-14 02:17:17 Job submitted from host: <172.24.33.226:11547?addrs=172.24.33.226-11547&alias=sdfrome002.sdf.slac.stanford.edu>
    DAG Node: a0e563a7-b7a7-483d-acc5-f03c56bbef26_ptcIsr_2023111203372_23
...
040 (1970097.000.000) 2023-12-14 02:20:49 Finished transferring input files
...
001 (1970097.000.000) 2023-12-14 02:20:49 Job executing on host: <172.24.48.193:46283?CCBID=172.24.33.225:9618%3faddrs%3d172.24.33.225-9618%26alias%3dsdfrome001.sdf.slac.stanford.edu#6219697&PrivNet=sdfmilan121.sdf.slac.stanford.edu&addrs=172.24.48.193-46283&alias=sdfmilan121.sdf.slac.stanford.edu>
	SlotName: slot_abrought_10210_1_4@sdfmilan121.sdf.slac.stanford.edu
...
006 (1970097.000.000) 2023-12-14 02:20:58 Image size of job updated: 290812
	82  -  MemoryUsage of job (MB)
	83904  -  ResidentSetSize of job (KB)
...
006 (1970097.000.000) 2023-12-14 02:21:48 Image size of job updated: 2109048
	82  -  MemoryUsage of job (MB)
	83904  -  ResidentSetSize of job (KB)
...
040 (1970097.000.000) 2023-12-14 02:21:48 Started transferring output files
...
040 (1970097.000.000) 2023-12-14 02:21:48 Finished transferring output files
...
005 (1970097.000.000) 2023-12-14 02:21:48 Job terminated.
	(1) Normal termination (return value 0)
		Usr 0 00:00:23, Sys 0 00:00:03  -  Run Remote Usage
		Usr 0 00:00:00, Sys 0 00:00:00  -  Run Local Usage
		Usr 0 00:00:23, Sys 0 00:00:03  -  Total Remote Usage
		Usr 0 00:00:00, Sys 0 00:00:00  -  Total Local Usage
	18802  -  Run Bytes Sent By Job
	0  -  Run Bytes Received By Job
	18802  -  Total Bytes Sent By Job
	0  -  Total Bytes Received By Job
	Partitionable Resources :    Usage  Request Allocated 
	   Cpus                 :     0.68        1         1 
	   Disk (KB)            :    97           2    311595 
	   Memory (MB)          :    82        2048      2048 

	Job terminated of its own accord at 2023-12-14T10:21:48Z with exit-code 0.
...
