000 (1971245.000.000) 2023-12-14 02:17:30 Job submitted from host: <172.24.33.226:11547?addrs=172.24.33.226-11547&alias=sdfrome002.sdf.slac.stanford.edu>
    DAG Node: 55cff9d2-c86c-4f61-a8b7-8c00da250879_ptcIsr_2023111300488_23
...
040 (1971245.000.000) 2023-12-14 02:24:32 Finished transferring input files
...
001 (1971245.000.000) 2023-12-14 02:24:32 Job executing on host: <172.24.33.124:39697?CCBID=172.24.33.225:9618%3faddrs%3d172.24.33.225-9618%26alias%3dsdfrome001.sdf.slac.stanford.edu#6220015&PrivNet=sdfrome059.sdf.slac.stanford.edu&addrs=172.24.33.124-39697&alias=sdfrome059.sdf.slac.stanford.edu>
	SlotName: slot_abrought_7836_1_23@sdfrome059.sdf.slac.stanford.edu
...
006 (1971245.000.000) 2023-12-14 02:24:41 Image size of job updated: 339592
	125  -  MemoryUsage of job (MB)
	127856  -  ResidentSetSize of job (KB)
...
006 (1971245.000.000) 2023-12-14 02:25:19 Image size of job updated: 2068072
	125  -  MemoryUsage of job (MB)
	127856  -  ResidentSetSize of job (KB)
...
040 (1971245.000.000) 2023-12-14 02:25:19 Started transferring output files
...
040 (1971245.000.000) 2023-12-14 02:25:19 Finished transferring output files
...
005 (1971245.000.000) 2023-12-14 02:25:20 Job terminated.
	(1) Normal termination (return value 0)
		Usr 0 00:00:22, Sys 0 00:00:04  -  Run Remote Usage
		Usr 0 00:00:00, Sys 0 00:00:00  -  Run Local Usage
		Usr 0 00:00:22, Sys 0 00:00:04  -  Total Remote Usage
		Usr 0 00:00:00, Sys 0 00:00:00  -  Total Local Usage
	18801  -  Run Bytes Sent By Job
	0  -  Run Bytes Received By Job
	18801  -  Total Bytes Sent By Job
	0  -  Total Bytes Received By Job
	Partitionable Resources :    Usage  Request Allocated 
	   Cpus                 :                 1         1 
	   Disk (KB)            :       90        2    312194 
	   Memory (MB)          :      125     2048      2048 

	Job terminated of its own accord at 2023-12-14T10:25:19Z with exit-code 0.
...
