000 (1973091.000.000) 2023-12-14 02:17:52 Job submitted from host: <172.24.33.226:11547?addrs=172.24.33.226-11547&alias=sdfrome002.sdf.slac.stanford.edu>
    DAG Node: ec5414da-f433-441c-836c-8ff67562c698_ptcIsr_2023111201823_23
...
040 (1973091.000.000) 2023-12-14 02:29:49 Finished transferring input files
...
001 (1973091.000.000) 2023-12-14 02:29:49 Job executing on host: <172.24.48.149:38613?CCBID=172.24.33.225:9618%3faddrs%3d172.24.33.225-9618%26alias%3dsdfrome001.sdf.slac.stanford.edu#6219698&PrivNet=sdfmilan049.sdf.slac.stanford.edu&addrs=172.24.48.149-38613&alias=sdfmilan049.sdf.slac.stanford.edu>
	SlotName: slot_abrought_1727_1_12@sdfmilan049.sdf.slac.stanford.edu
...
006 (1973091.000.000) 2023-12-14 02:29:58 Image size of job updated: 281316
	75  -  MemoryUsage of job (MB)
	76216  -  ResidentSetSize of job (KB)
...
006 (1973091.000.000) 2023-12-14 02:31:03 Image size of job updated: 2108080
	1299  -  MemoryUsage of job (MB)
	1330060  -  ResidentSetSize of job (KB)
...
040 (1973091.000.000) 2023-12-14 02:31:03 Started transferring output files
...
040 (1973091.000.000) 2023-12-14 02:31:03 Finished transferring output files
...
005 (1973091.000.000) 2023-12-14 02:31:03 Job terminated.
	(1) Normal termination (return value 0)
		Usr 0 00:00:19, Sys 0 00:00:02  -  Run Remote Usage
		Usr 0 00:00:00, Sys 0 00:00:00  -  Run Local Usage
		Usr 0 00:00:19, Sys 0 00:00:02  -  Total Remote Usage
		Usr 0 00:00:00, Sys 0 00:00:00  -  Total Local Usage
	19073  -  Run Bytes Sent By Job
	0  -  Run Bytes Received By Job
	19073  -  Total Bytes Sent By Job
	0  -  Total Bytes Received By Job
	Partitionable Resources :    Usage  Request Allocated 
	   Cpus                 :                 1         1 
	   Disk (KB)            :       91        2    312194 
	   Memory (MB)          :     1299     2048      2048 

	Job terminated of its own accord at 2023-12-14T10:31:03Z with exit-code 0.
...
