000 (1971375.000.000) 2023-12-14 02:17:31 Job submitted from host: <172.24.33.226:11547?addrs=172.24.33.226-11547&alias=sdfrome002.sdf.slac.stanford.edu>
    DAG Node: 40022a4e-505b-4d65-b6b7-9c6ce66a9816_ptcIsr_2023111101534_23
...
040 (1971375.000.000) 2023-12-14 02:24:52 Finished transferring input files
...
001 (1971375.000.000) 2023-12-14 02:24:52 Job executing on host: <172.24.33.147:42953?CCBID=172.24.33.225:9618%3faddrs%3d172.24.33.225-9618%26alias%3dsdfrome001.sdf.slac.stanford.edu#6219703&PrivNet=sdfrome082.sdf.slac.stanford.edu&addrs=172.24.33.147-42953&alias=sdfrome082.sdf.slac.stanford.edu>
	SlotName: slot_abrought_48_1_4@sdfrome082.sdf.slac.stanford.edu
...
006 (1971375.000.000) 2023-12-14 02:25:01 Image size of job updated: 269448
	63  -  MemoryUsage of job (MB)
	64196  -  ResidentSetSize of job (KB)
...
006 (1971375.000.000) 2023-12-14 02:25:51 Image size of job updated: 2047668
	1323  -  MemoryUsage of job (MB)
	1354480  -  ResidentSetSize of job (KB)
...
040 (1971375.000.000) 2023-12-14 02:25:51 Started transferring output files
...
040 (1971375.000.000) 2023-12-14 02:25:51 Finished transferring output files
...
005 (1971375.000.000) 2023-12-14 02:25:51 Job terminated.
	(1) Normal termination (return value 0)
		Usr 0 00:00:18, Sys 0 00:00:03  -  Run Remote Usage
		Usr 0 00:00:00, Sys 0 00:00:00  -  Run Local Usage
		Usr 0 00:00:18, Sys 0 00:00:03  -  Total Remote Usage
		Usr 0 00:00:00, Sys 0 00:00:00  -  Total Local Usage
	18803  -  Run Bytes Sent By Job
	0  -  Run Bytes Received By Job
	18803  -  Total Bytes Sent By Job
	0  -  Total Bytes Received By Job
	Partitionable Resources :    Usage  Request Allocated 
	   Cpus                 :                 1         1 
	   Disk (KB)            :       90        2    312116 
	   Memory (MB)          :     1323     2048      2048 

	Job terminated of its own accord at 2023-12-14T10:25:51Z with exit-code 0.
...
