000 (1969891.000.000) 2023-12-14 02:17:13 Job submitted from host: <172.24.33.226:11547?addrs=172.24.33.226-11547&alias=sdfrome002.sdf.slac.stanford.edu>
    DAG Node: cb576b66-421b-4c5c-a408-14ebebdc45fa_ptcIsr_2023111101176_23
...
040 (1969891.000.000) 2023-12-14 02:20:12 Finished transferring input files
...
001 (1969891.000.000) 2023-12-14 02:20:12 Job executing on host: <172.24.33.213:41587?CCBID=172.24.33.225:9618%3faddrs%3d172.24.33.225-9618%26alias%3dsdfrome001.sdf.slac.stanford.edu#6220036&PrivNet=sdfrome022.sdf.slac.stanford.edu&addrs=172.24.33.213-41587&alias=sdfrome022.sdf.slac.stanford.edu>
	SlotName: slot_abrought_5117_1_14@sdfrome022.sdf.slac.stanford.edu
...
006 (1969891.000.000) 2023-12-14 02:20:21 Image size of job updated: 69764
	1  -  MemoryUsage of job (MB)
	512  -  ResidentSetSize of job (KB)
...
006 (1969891.000.000) 2023-12-14 02:23:44 Image size of job updated: 2117980
	633  -  MemoryUsage of job (MB)
	647384  -  ResidentSetSize of job (KB)
...
040 (1969891.000.000) 2023-12-14 02:23:45 Started transferring output files
...
040 (1969891.000.000) 2023-12-14 02:23:45 Finished transferring output files
...
005 (1969891.000.000) 2023-12-14 02:23:51 Job terminated.
	(1) Normal termination (return value 0)
		Usr 0 00:00:19, Sys 0 00:00:05  -  Run Remote Usage
		Usr 0 00:00:00, Sys 0 00:00:00  -  Run Local Usage
		Usr 0 00:00:19, Sys 0 00:00:05  -  Total Remote Usage
		Usr 0 00:00:00, Sys 0 00:00:00  -  Total Local Usage
	19074  -  Run Bytes Sent By Job
	0  -  Run Bytes Received By Job
	19074  -  Total Bytes Sent By Job
	0  -  Total Bytes Received By Job
	Partitionable Resources :    Usage  Request Allocated 
	   Cpus                 :                 1         1 
	   Disk (KB)            :       90        2    312194 
	   Memory (MB)          :      633     2048      2048 

	Job terminated of its own accord at 2023-12-14T10:23:44Z with exit-code 0.
...
