000 (1971534.000.000) 2023-12-14 02:17:35 Job submitted from host: <172.24.33.226:11547?addrs=172.24.33.226-11547&alias=sdfrome002.sdf.slac.stanford.edu>
    DAG Node: d1205516-23f1-4fff-9f6b-2a52bd1c340c_ptcIsr_2023111202108_23
...
040 (1971534.000.000) 2023-12-14 02:25:18 Finished transferring input files
...
001 (1971534.000.000) 2023-12-14 02:25:18 Job executing on host: <172.24.33.143:37205?CCBID=172.24.33.225:9618%3faddrs%3d172.24.33.225-9618%26alias%3dsdfrome001.sdf.slac.stanford.edu#6220499&PrivNet=sdfrome078.sdf.slac.stanford.edu&addrs=172.24.33.143-37205&alias=sdfrome078.sdf.slac.stanford.edu>
	SlotName: slot_abrought_7348_1_16@sdfrome078.sdf.slac.stanford.edu
...
006 (1971534.000.000) 2023-12-14 02:25:27 Image size of job updated: 2
	5  -  MemoryUsage of job (MB)
	4732  -  ResidentSetSize of job (KB)
...
006 (1971534.000.000) 2023-12-14 02:26:23 Image size of job updated: 2155152
	658  -  MemoryUsage of job (MB)
	673508  -  ResidentSetSize of job (KB)
...
040 (1971534.000.000) 2023-12-14 02:26:23 Started transferring output files
...
040 (1971534.000.000) 2023-12-14 02:26:23 Finished transferring output files
...
005 (1971534.000.000) 2023-12-14 02:26:23 Job terminated.
	(1) Normal termination (return value 0)
		Usr 0 00:00:21, Sys 0 00:00:02  -  Run Remote Usage
		Usr 0 00:00:00, Sys 0 00:00:00  -  Run Local Usage
		Usr 0 00:00:21, Sys 0 00:00:02  -  Total Remote Usage
		Usr 0 00:00:00, Sys 0 00:00:00  -  Total Local Usage
	19073  -  Run Bytes Sent By Job
	0  -  Run Bytes Received By Job
	19073  -  Total Bytes Sent By Job
	0  -  Total Bytes Received By Job
	Partitionable Resources :    Usage  Request Allocated 
	   Cpus                 :     0.20        1         1 
	   Disk (KB)            :    97           2    312194 
	   Memory (MB)          :   658        2048      2048 

	Job terminated of its own accord at 2023-12-14T10:26:23Z with exit-code 0.
...
