000 (1973244.000.000) 2023-12-14 02:17:54 Job submitted from host: <172.24.33.226:11547?addrs=172.24.33.226-11547&alias=sdfrome002.sdf.slac.stanford.edu>
    DAG Node: 6ed9500a-fb62-4fa8-b512-5dd62bcb5233_ptcIsr_2023111300953_23
...
040 (1973244.000.000) 2023-12-14 02:30:09 Finished transferring input files
...
001 (1973244.000.000) 2023-12-14 02:30:09 Job executing on host: <172.24.48.186:33679?CCBID=172.24.33.225:9618%3faddrs%3d172.24.33.225-9618%26alias%3dsdfrome001.sdf.slac.stanford.edu#6219700&PrivNet=sdfmilan114.sdf.slac.stanford.edu&addrs=172.24.48.186-33679&alias=sdfmilan114.sdf.slac.stanford.edu>
	SlotName: slot_abrought_14493_1_18@sdfmilan114.sdf.slac.stanford.edu
...
006 (1973244.000.000) 2023-12-14 02:30:17 Image size of job updated: 326016
	112  -  MemoryUsage of job (MB)
	113852  -  ResidentSetSize of job (KB)
...
006 (1973244.000.000) 2023-12-14 02:31:06 Image size of job updated: 2197336
	1360  -  MemoryUsage of job (MB)
	1392316  -  ResidentSetSize of job (KB)
...
040 (1973244.000.000) 2023-12-14 02:31:06 Started transferring output files
...
040 (1973244.000.000) 2023-12-14 02:31:06 Finished transferring output files
...
005 (1973244.000.000) 2023-12-14 02:31:07 Job terminated.
	(1) Normal termination (return value 0)
		Usr 0 00:00:19, Sys 0 00:00:02  -  Run Remote Usage
		Usr 0 00:00:00, Sys 0 00:00:00  -  Run Local Usage
		Usr 0 00:00:19, Sys 0 00:00:02  -  Total Remote Usage
		Usr 0 00:00:00, Sys 0 00:00:00  -  Total Local Usage
	19074  -  Run Bytes Sent By Job
	0  -  Run Bytes Received By Job
	19074  -  Total Bytes Sent By Job
	0  -  Total Bytes Received By Job
	Partitionable Resources :    Usage  Request Allocated 
	   Cpus                 :                 1         1 
	   Disk (KB)            :       91        2    312193 
	   Memory (MB)          :     1360     2048      2048 

	Job terminated of its own accord at 2023-12-14T10:31:06Z with exit-code 0.
...
