000 (1972040.000.000) 2023-12-14 02:17:40 Job submitted from host: <172.24.33.226:11547?addrs=172.24.33.226-11547&alias=sdfrome002.sdf.slac.stanford.edu>
    DAG Node: 067ad1a2-67f9-490a-88da-e3472de37cda_ptcIsr_2023111202247_23
...
040 (1972040.000.000) 2023-12-14 02:26:47 Finished transferring input files
...
001 (1972040.000.000) 2023-12-14 02:26:47 Job executing on host: <172.24.48.186:33679?CCBID=172.24.33.225:9618%3faddrs%3d172.24.33.225-9618%26alias%3dsdfrome001.sdf.slac.stanford.edu#6219700&PrivNet=sdfmilan114.sdf.slac.stanford.edu&addrs=172.24.48.186-33679&alias=sdfmilan114.sdf.slac.stanford.edu>
	SlotName: slot_abrought_14493_1_13@sdfmilan114.sdf.slac.stanford.edu
...
006 (1972040.000.000) 2023-12-14 02:26:57 Image size of job updated: 289248
	81  -  MemoryUsage of job (MB)
	82064  -  ResidentSetSize of job (KB)
...
006 (1972040.000.000) 2023-12-14 02:27:43 Image size of job updated: 2193460
	1405  -  MemoryUsage of job (MB)
	1437748  -  ResidentSetSize of job (KB)
...
040 (1972040.000.000) 2023-12-14 02:27:43 Started transferring output files
...
040 (1972040.000.000) 2023-12-14 02:27:43 Finished transferring output files
...
005 (1972040.000.000) 2023-12-14 02:27:43 Job terminated.
	(1) Normal termination (return value 0)
		Usr 0 00:00:21, Sys 0 00:00:02  -  Run Remote Usage
		Usr 0 00:00:00, Sys 0 00:00:00  -  Run Local Usage
		Usr 0 00:00:21, Sys 0 00:00:02  -  Total Remote Usage
		Usr 0 00:00:00, Sys 0 00:00:00  -  Total Local Usage
	18803  -  Run Bytes Sent By Job
	0  -  Run Bytes Received By Job
	18803  -  Total Bytes Sent By Job
	0  -  Total Bytes Received By Job
	Partitionable Resources :    Usage  Request Allocated 
	   Cpus                 :                 1         1 
	   Disk (KB)            :       90        2    312193 
	   Memory (MB)          :     1405     2048      2048 

	Job terminated of its own accord at 2023-12-14T10:27:43Z with exit-code 0.
...
