000 (1969819.000.000) 2023-12-14 02:17:12 Job submitted from host: <172.24.33.226:11547?addrs=172.24.33.226-11547&alias=sdfrome002.sdf.slac.stanford.edu>
    DAG Node: b6959fcb-56db-4517-a97c-f27c9ec8575c_ptcIsr_2023111101224_23
...
040 (1969819.000.000) 2023-12-14 02:20:11 Finished transferring input files
...
001 (1969819.000.000) 2023-12-14 02:20:11 Job executing on host: <172.24.33.213:34935?CCBID=172.24.33.225:9618%3faddrs%3d172.24.33.225-9618%26alias%3dsdfrome001.sdf.slac.stanford.edu#6220035&PrivNet=sdfrome022.sdf.slac.stanford.edu&addrs=172.24.33.213-34935&alias=sdfrome022.sdf.slac.stanford.edu>
	SlotName: slot_abrought_12392_1_7@sdfrome022.sdf.slac.stanford.edu
...
006 (1969819.000.000) 2023-12-14 02:20:20 Image size of job updated: 69764
	11  -  MemoryUsage of job (MB)
	10424  -  ResidentSetSize of job (KB)
...
006 (1969819.000.000) 2023-12-14 02:25:21 Image size of job updated: 2186280
	631  -  MemoryUsage of job (MB)
	645720  -  ResidentSetSize of job (KB)
...
040 (1969819.000.000) 2023-12-14 02:25:22 Started transferring output files
...
040 (1969819.000.000) 2023-12-14 02:25:22 Finished transferring output files
...
005 (1969819.000.000) 2023-12-14 02:25:25 Job terminated.
	(1) Normal termination (return value 0)
		Usr 0 00:00:20, Sys 0 00:00:04  -  Run Remote Usage
		Usr 0 00:00:00, Sys 0 00:00:00  -  Run Local Usage
		Usr 0 00:00:20, Sys 0 00:00:04  -  Total Remote Usage
		Usr 0 00:00:00, Sys 0 00:00:00  -  Total Local Usage
	19074  -  Run Bytes Sent By Job
	0  -  Run Bytes Received By Job
	19074  -  Total Bytes Sent By Job
	0  -  Total Bytes Received By Job
	Partitionable Resources :    Usage  Request Allocated 
	   Cpus                 :     0.08        1         1 
	   Disk (KB)            :    97           2    312194 
	   Memory (MB)          :   631        2048      2048 

	Job terminated of its own accord at 2023-12-14T10:25:21Z with exit-code 0.
...
