000 (1973076.000.000) 2023-12-14 02:17:52 Job submitted from host: <172.24.33.226:11547?addrs=172.24.33.226-11547&alias=sdfrome002.sdf.slac.stanford.edu>
    DAG Node: ba603434-9173-457a-9cf9-739ad1b0c38d_ptcIsr_2023111202012_23
...
040 (1973076.000.000) 2023-12-14 02:29:50 Finished transferring input files
...
001 (1973076.000.000) 2023-12-14 02:29:51 Job executing on host: <172.24.33.213:34935?CCBID=172.24.33.225:9618%3faddrs%3d172.24.33.225-9618%26alias%3dsdfrome001.sdf.slac.stanford.edu#6220035&PrivNet=sdfrome022.sdf.slac.stanford.edu&addrs=172.24.33.213-34935&alias=sdfrome022.sdf.slac.stanford.edu>
	SlotName: slot_abrought_12392_1_11@sdfrome022.sdf.slac.stanford.edu
...
006 (1973076.000.000) 2023-12-14 02:30:00 Image size of job updated: 69764
	17  -  MemoryUsage of job (MB)
	16728  -  ResidentSetSize of job (KB)
...
006 (1973076.000.000) 2023-12-14 02:34:05 Image size of job updated: 2090104
	17  -  MemoryUsage of job (MB)
	16728  -  ResidentSetSize of job (KB)
...
040 (1973076.000.000) 2023-12-14 02:34:06 Started transferring output files
...
040 (1973076.000.000) 2023-12-14 02:34:06 Finished transferring output files
...
005 (1973076.000.000) 2023-12-14 02:34:06 Job terminated.
	(1) Normal termination (return value 0)
		Usr 0 00:00:19, Sys 0 00:00:03  -  Run Remote Usage
		Usr 0 00:00:00, Sys 0 00:00:00  -  Run Local Usage
		Usr 0 00:00:19, Sys 0 00:00:03  -  Total Remote Usage
		Usr 0 00:00:00, Sys 0 00:00:00  -  Total Local Usage
	19074  -  Run Bytes Sent By Job
	0  -  Run Bytes Received By Job
	19074  -  Total Bytes Sent By Job
	0  -  Total Bytes Received By Job
	Partitionable Resources :    Usage  Request Allocated 
	   Cpus                 :                 1         1 
	   Disk (KB)            :       91        2    312194 
	   Memory (MB)          :       17     2048      2048 

	Job terminated of its own accord at 2023-12-14T10:34:05Z with exit-code 0.
...
