000 (1970395.000.000) 2023-12-14 02:17:19 Job submitted from host: <172.24.33.226:11547?addrs=172.24.33.226-11547&alias=sdfrome002.sdf.slac.stanford.edu>
    DAG Node: 4312ba6a-3a4b-46e6-85f8-79e8625a82ef_ptcIsr_2023111200629_23
...
040 (1970395.000.000) 2023-12-14 02:21:43 Finished transferring input files
...
001 (1970395.000.000) 2023-12-14 02:21:43 Job executing on host: <172.24.33.213:33037?CCBID=172.24.33.225:9618%3faddrs%3d172.24.33.225-9618%26alias%3dsdfrome001.sdf.slac.stanford.edu#6220039&PrivNet=sdfrome022.sdf.slac.stanford.edu&addrs=172.24.33.213-33037&alias=sdfrome022.sdf.slac.stanford.edu>
	SlotName: slot_abrought_15721_1_16@sdfrome022.sdf.slac.stanford.edu
...
006 (1970395.000.000) 2023-12-14 02:21:51 Image size of job updated: 295536
	88  -  MemoryUsage of job (MB)
	89464  -  ResidentSetSize of job (KB)
...
006 (1970395.000.000) 2023-12-14 02:23:09 Image size of job updated: 2122864
	632  -  MemoryUsage of job (MB)
	646656  -  ResidentSetSize of job (KB)
...
040 (1970395.000.000) 2023-12-14 02:23:09 Started transferring output files
...
040 (1970395.000.000) 2023-12-14 02:23:09 Finished transferring output files
...
005 (1970395.000.000) 2023-12-14 02:23:09 Job terminated.
	(1) Normal termination (return value 0)
		Usr 0 00:00:22, Sys 0 00:00:04  -  Run Remote Usage
		Usr 0 00:00:00, Sys 0 00:00:00  -  Run Local Usage
		Usr 0 00:00:22, Sys 0 00:00:04  -  Total Remote Usage
		Usr 0 00:00:00, Sys 0 00:00:00  -  Total Local Usage
	19073  -  Run Bytes Sent By Job
	0  -  Run Bytes Received By Job
	19073  -  Total Bytes Sent By Job
	0  -  Total Bytes Received By Job
	Partitionable Resources :    Usage  Request Allocated 
	   Cpus                 :                 1         1 
	   Disk (KB)            :       91        2    312194 
	   Memory (MB)          :      632     2048      2048 

	Job terminated of its own accord at 2023-12-14T10:23:09Z with exit-code 0.
...
