000 (1971172.000.000) 2023-12-14 02:17:30 Job submitted from host: <172.24.33.226:11547?addrs=172.24.33.226-11547&alias=sdfrome002.sdf.slac.stanford.edu>
    DAG Node: fb81c0de-433a-45ee-ab87-8a5630634bb4_ptcIsr_2023111301161_23
...
040 (1971172.000.000) 2023-12-14 02:24:16 Finished transferring input files
...
001 (1971172.000.000) 2023-12-14 02:24:16 Job executing on host: <172.24.48.193:46283?CCBID=172.24.33.225:9618%3faddrs%3d172.24.33.225-9618%26alias%3dsdfrome001.sdf.slac.stanford.edu#6219697&PrivNet=sdfmilan121.sdf.slac.stanford.edu&addrs=172.24.48.193-46283&alias=sdfmilan121.sdf.slac.stanford.edu>
	SlotName: slot_abrought_10210_1_23@sdfmilan121.sdf.slac.stanford.edu
...
006 (1971172.000.000) 2023-12-14 02:24:24 Image size of job updated: 2
	6  -  MemoryUsage of job (MB)
	5172  -  ResidentSetSize of job (KB)
...
006 (1971172.000.000) 2023-12-14 02:25:14 Image size of job updated: 2080564
	1363  -  MemoryUsage of job (MB)
	1395628  -  ResidentSetSize of job (KB)
...
040 (1971172.000.000) 2023-12-14 02:25:15 Started transferring output files
...
040 (1971172.000.000) 2023-12-14 02:25:15 Finished transferring output files
...
005 (1971172.000.000) 2023-12-14 02:25:15 Job terminated.
	(1) Normal termination (return value 0)
		Usr 0 00:00:21, Sys 0 00:00:04  -  Run Remote Usage
		Usr 0 00:00:00, Sys 0 00:00:00  -  Run Local Usage
		Usr 0 00:00:21, Sys 0 00:00:04  -  Total Remote Usage
		Usr 0 00:00:00, Sys 0 00:00:00  -  Total Local Usage
	18801  -  Run Bytes Sent By Job
	0  -  Run Bytes Received By Job
	18801  -  Total Bytes Sent By Job
	0  -  Total Bytes Received By Job
	Partitionable Resources :    Usage  Request Allocated 
	   Cpus                 :                 1         1 
	   Disk (KB)            :       90        2    311595 
	   Memory (MB)          :     1363     2048      2048 

	Job terminated of its own accord at 2023-12-14T10:25:14Z with exit-code 0.
...
