000 (1973098.000.000) 2023-12-14 02:17:53 Job submitted from host: <172.24.33.226:11547?addrs=172.24.33.226-11547&alias=sdfrome002.sdf.slac.stanford.edu>
    DAG Node: c6801953-2c09-4eae-b8bd-8e844b2f8921_ptcIsr_2023111202558_23
...
040 (1973098.000.000) 2023-12-14 02:29:53 Finished transferring input files
...
001 (1973098.000.000) 2023-12-14 02:29:54 Job executing on host: <172.24.33.124:33703?CCBID=172.24.33.225:9618%3faddrs%3d172.24.33.225-9618%26alias%3dsdfrome001.sdf.slac.stanford.edu#6220014&PrivNet=sdfrome059.sdf.slac.stanford.edu&addrs=172.24.33.124-33703&alias=sdfrome059.sdf.slac.stanford.edu>
	SlotName: slot_abrought_11420_1_19@sdfrome059.sdf.slac.stanford.edu
...
006 (1973098.000.000) 2023-12-14 02:30:02 Image size of job updated: 69764
	27  -  MemoryUsage of job (MB)
	27484  -  ResidentSetSize of job (KB)
...
006 (1973098.000.000) 2023-12-14 02:33:52 Image size of job updated: 2094272
	27  -  MemoryUsage of job (MB)
	27484  -  ResidentSetSize of job (KB)
...
040 (1973098.000.000) 2023-12-14 02:33:52 Started transferring output files
...
040 (1973098.000.000) 2023-12-14 02:33:52 Finished transferring output files
...
005 (1973098.000.000) 2023-12-14 02:33:53 Job terminated.
	(1) Normal termination (return value 0)
		Usr 0 00:00:17, Sys 0 00:00:03  -  Run Remote Usage
		Usr 0 00:00:00, Sys 0 00:00:00  -  Run Local Usage
		Usr 0 00:00:17, Sys 0 00:00:03  -  Total Remote Usage
		Usr 0 00:00:00, Sys 0 00:00:00  -  Total Local Usage
	18807  -  Run Bytes Sent By Job
	0  -  Run Bytes Received By Job
	18807  -  Total Bytes Sent By Job
	0  -  Total Bytes Received By Job
	Partitionable Resources :    Usage  Request Allocated 
	   Cpus                 :                 1         1 
	   Disk (KB)            :       90        2    312194 
	   Memory (MB)          :       27     2048      2048 

	Job terminated of its own accord at 2023-12-14T10:33:52Z with exit-code 0.
...
