000 (1970080.000.000) 2023-12-14 02:17:17 Job submitted from host: <172.24.33.226:11547?addrs=172.24.33.226-11547&alias=sdfrome002.sdf.slac.stanford.edu>
    DAG Node: 583a7043-01d3-49cc-ac04-39759321caca_ptcIsr_2023111300047_23
...
040 (1970080.000.000) 2023-12-14 02:20:42 Finished transferring input files
...
001 (1970080.000.000) 2023-12-14 02:20:42 Job executing on host: <172.24.48.159:36013?CCBID=172.24.33.225:9618%3faddrs%3d172.24.33.225-9618%26alias%3dsdfrome001.sdf.slac.stanford.edu#6219701&PrivNet=sdfmilan059.sdf.slac.stanford.edu&addrs=172.24.48.159-36013&alias=sdfmilan059.sdf.slac.stanford.edu>
	SlotName: slot_abrought_18206_1_19@sdfmilan059.sdf.slac.stanford.edu
...
006 (1970080.000.000) 2023-12-14 02:20:51 Image size of job updated: 69764
	11  -  MemoryUsage of job (MB)
	10996  -  ResidentSetSize of job (KB)
...
006 (1970080.000.000) 2023-12-14 02:24:01 Image size of job updated: 2204428
	605  -  MemoryUsage of job (MB)
	619204  -  ResidentSetSize of job (KB)
...
040 (1970080.000.000) 2023-12-14 02:24:01 Started transferring output files
...
040 (1970080.000.000) 2023-12-14 02:24:01 Finished transferring output files
...
005 (1970080.000.000) 2023-12-14 02:24:01 Job terminated.
	(1) Normal termination (return value 0)
		Usr 0 00:00:25, Sys 0 00:00:04  -  Run Remote Usage
		Usr 0 00:00:00, Sys 0 00:00:00  -  Run Local Usage
		Usr 0 00:00:25, Sys 0 00:00:04  -  Total Remote Usage
		Usr 0 00:00:00, Sys 0 00:00:00  -  Total Local Usage
	18533  -  Run Bytes Sent By Job
	0  -  Run Bytes Received By Job
	18533  -  Total Bytes Sent By Job
	0  -  Total Bytes Received By Job
	Partitionable Resources :    Usage  Request Allocated 
	   Cpus                 :     0.10        1         1 
	   Disk (KB)            :    97           2    312194 
	   Memory (MB)          :   605        2048      2048 

	Job terminated of its own accord at 2023-12-14T10:24:01Z with exit-code 0.
...
