000 (1970410.000.000) 2023-12-14 02:17:19 Job submitted from host: <172.24.33.226:11547?addrs=172.24.33.226-11547&alias=sdfrome002.sdf.slac.stanford.edu>
    DAG Node: f18da266-7f91-4531-8244-67e5292ddffb_ptcIsr_2023111101582_23
...
040 (1970410.000.000) 2023-12-14 02:21:48 Finished transferring input files
...
001 (1970410.000.000) 2023-12-14 02:21:48 Job executing on host: <172.24.33.147:42953?CCBID=172.24.33.225:9618%3faddrs%3d172.24.33.225-9618%26alias%3dsdfrome001.sdf.slac.stanford.edu#6219703&PrivNet=sdfrome082.sdf.slac.stanford.edu&addrs=172.24.33.147-42953&alias=sdfrome082.sdf.slac.stanford.edu>
	SlotName: slot_abrought_48_1_20@sdfrome082.sdf.slac.stanford.edu
...
006 (1970410.000.000) 2023-12-14 02:21:57 Image size of job updated: 293484
	86  -  MemoryUsage of job (MB)
	87444  -  ResidentSetSize of job (KB)
...
006 (1970410.000.000) 2023-12-14 02:22:39 Image size of job updated: 2176372
	623  -  MemoryUsage of job (MB)
	637420  -  ResidentSetSize of job (KB)
...
040 (1970410.000.000) 2023-12-14 02:22:39 Started transferring output files
...
040 (1970410.000.000) 2023-12-14 02:22:39 Finished transferring output files
...
005 (1970410.000.000) 2023-12-14 02:22:39 Job terminated.
	(1) Normal termination (return value 0)
		Usr 0 00:00:20, Sys 0 00:00:03  -  Run Remote Usage
		Usr 0 00:00:00, Sys 0 00:00:00  -  Run Local Usage
		Usr 0 00:00:20, Sys 0 00:00:03  -  Total Remote Usage
		Usr 0 00:00:00, Sys 0 00:00:00  -  Total Local Usage
	19073  -  Run Bytes Sent By Job
	0  -  Run Bytes Received By Job
	19073  -  Total Bytes Sent By Job
	0  -  Total Bytes Received By Job
	Partitionable Resources :    Usage  Request Allocated 
	   Cpus                 :                 1         1 
	   Disk (KB)            :       91        2    312116 
	   Memory (MB)          :      623     2048      2048 

	Job terminated of its own accord at 2023-12-14T10:22:39Z with exit-code 0.
...
