000 (1969941.000.000) 2023-12-14 02:17:13 Job submitted from host: <172.24.33.226:11547?addrs=172.24.33.226-11547&alias=sdfrome002.sdf.slac.stanford.edu>
    DAG Node: c7881853-e1f7-4c8a-8cad-17f3249124e0_ptcIsr_2023111200948_23
...
040 (1969941.000.000) 2023-12-14 02:20:13 Finished transferring input files
...
001 (1969941.000.000) 2023-12-14 02:20:13 Job executing on host: <172.24.33.124:44469?CCBID=172.24.33.225:9618%3faddrs%3d172.24.33.225-9618%26alias%3dsdfrome001.sdf.slac.stanford.edu#6220017&PrivNet=sdfrome059.sdf.slac.stanford.edu&addrs=172.24.33.124-44469&alias=sdfrome059.sdf.slac.stanford.edu>
	SlotName: slot_abrought_2668_1_17@sdfrome059.sdf.slac.stanford.edu
...
006 (1969941.000.000) 2023-12-14 02:20:21 Image size of job updated: 7392
	1  -  MemoryUsage of job (MB)
	60  -  ResidentSetSize of job (KB)
...
006 (1969941.000.000) 2023-12-14 02:21:38 Image size of job updated: 2126396
	624  -  MemoryUsage of job (MB)
	638292  -  ResidentSetSize of job (KB)
...
040 (1969941.000.000) 2023-12-14 02:21:38 Started transferring output files
...
040 (1969941.000.000) 2023-12-14 02:21:38 Finished transferring output files
...
005 (1969941.000.000) 2023-12-14 02:21:38 Job terminated.
	(1) Normal termination (return value 0)
		Usr 0 00:00:22, Sys 0 00:00:09  -  Run Remote Usage
		Usr 0 00:00:00, Sys 0 00:00:00  -  Run Local Usage
		Usr 0 00:00:22, Sys 0 00:00:09  -  Total Remote Usage
		Usr 0 00:00:00, Sys 0 00:00:00  -  Total Local Usage
	19073  -  Run Bytes Sent By Job
	0  -  Run Bytes Received By Job
	19073  -  Total Bytes Sent By Job
	0  -  Total Bytes Received By Job
	Partitionable Resources :    Usage  Request Allocated 
	   Cpus                 :                 1         1 
	   Disk (KB)            :       90        2    312194 
	   Memory (MB)          :      624     2048      2048 

	Job terminated of its own accord at 2023-12-14T10:21:38Z with exit-code 0.
...
