000 (1972722.000.000) 2023-12-14 02:17:48 Job submitted from host: <172.24.33.226:11547?addrs=172.24.33.226-11547&alias=sdfrome002.sdf.slac.stanford.edu>
    DAG Node: 0081e622-3f92-43ff-ae97-24f0c601ae51_ptcIsr_2023111300243_23
...
040 (1972722.000.000) 2023-12-14 02:28:46 Finished transferring input files
...
001 (1972722.000.000) 2023-12-14 02:28:46 Job executing on host: <172.24.33.124:39661?CCBID=172.24.33.225:9618%3faddrs%3d172.24.33.225-9618%26alias%3dsdfrome001.sdf.slac.stanford.edu#6220018&PrivNet=sdfrome059.sdf.slac.stanford.edu&addrs=172.24.33.124-39661&alias=sdfrome059.sdf.slac.stanford.edu>
	SlotName: slot_abrought_25802_1_21@sdfrome059.sdf.slac.stanford.edu
...
006 (1972722.000.000) 2023-12-14 02:28:55 Image size of job updated: 391188
	154  -  MemoryUsage of job (MB)
	157156  -  ResidentSetSize of job (KB)
...
006 (1972722.000.000) 2023-12-14 02:29:30 Image size of job updated: 2067788
	1318  -  MemoryUsage of job (MB)
	1349012  -  ResidentSetSize of job (KB)
...
040 (1972722.000.000) 2023-12-14 02:29:30 Started transferring output files
...
040 (1972722.000.000) 2023-12-14 02:29:30 Finished transferring output files
...
005 (1972722.000.000) 2023-12-14 02:29:30 Job terminated.
	(1) Normal termination (return value 0)
		Usr 0 00:00:17, Sys 0 00:00:03  -  Run Remote Usage
		Usr 0 00:00:00, Sys 0 00:00:00  -  Run Local Usage
		Usr 0 00:00:17, Sys 0 00:00:03  -  Total Remote Usage
		Usr 0 00:00:00, Sys 0 00:00:00  -  Total Local Usage
	18803  -  Run Bytes Sent By Job
	0  -  Run Bytes Received By Job
	18803  -  Total Bytes Sent By Job
	0  -  Total Bytes Received By Job
	Partitionable Resources :    Usage  Request Allocated 
	   Cpus                 :     0.32        1         1 
	   Disk (KB)            :    97           2    312194 
	   Memory (MB)          :  1318        2048      2048 

	Job terminated of its own accord at 2023-12-14T10:29:30Z with exit-code 0.
...
