000 (1970180.000.000) 2023-12-14 02:17:18 Job submitted from host: <172.24.33.226:11547?addrs=172.24.33.226-11547&alias=sdfrome002.sdf.slac.stanford.edu>
    DAG Node: e7a3004a-768c-48b2-9dc4-f1c8c1255401_ptcIsr_2023111202019_23
...
040 (1970180.000.000) 2023-12-14 02:20:58 Finished transferring input files
...
001 (1970180.000.000) 2023-12-14 02:20:58 Job executing on host: <172.24.33.147:42953?CCBID=172.24.33.225:9618%3faddrs%3d172.24.33.225-9618%26alias%3dsdfrome001.sdf.slac.stanford.edu#6219703&PrivNet=sdfrome082.sdf.slac.stanford.edu&addrs=172.24.33.147-42953&alias=sdfrome082.sdf.slac.stanford.edu>
	SlotName: slot_abrought_48_1_12@sdfrome082.sdf.slac.stanford.edu
...
006 (1970180.000.000) 2023-12-14 02:21:06 Image size of job updated: 283200
	75  -  MemoryUsage of job (MB)
	76772  -  ResidentSetSize of job (KB)
...
006 (1970180.000.000) 2023-12-14 02:21:47 Image size of job updated: 2176568
	631  -  MemoryUsage of job (MB)
	645740  -  ResidentSetSize of job (KB)
...
040 (1970180.000.000) 2023-12-14 02:21:47 Started transferring output files
...
040 (1970180.000.000) 2023-12-14 02:21:47 Finished transferring output files
...
005 (1970180.000.000) 2023-12-14 02:21:47 Job terminated.
	(1) Normal termination (return value 0)
		Usr 0 00:00:22, Sys 0 00:00:03  -  Run Remote Usage
		Usr 0 00:00:00, Sys 0 00:00:00  -  Run Local Usage
		Usr 0 00:00:22, Sys 0 00:00:03  -  Total Remote Usage
		Usr 0 00:00:00, Sys 0 00:00:00  -  Total Local Usage
	19073  -  Run Bytes Sent By Job
	0  -  Run Bytes Received By Job
	19073  -  Total Bytes Sent By Job
	0  -  Total Bytes Received By Job
	Partitionable Resources :    Usage  Request Allocated 
	   Cpus                 :     0.99        1         1 
	   Disk (KB)            :    97           2    312116 
	   Memory (MB)          :   631        2048      2048 

	Job terminated of its own accord at 2023-12-14T10:21:47Z with exit-code 0.
...
