000 (1973082.000.000) 2023-12-14 02:17:52 Job submitted from host: <172.24.33.226:11547?addrs=172.24.33.226-11547&alias=sdfrome002.sdf.slac.stanford.edu>
    DAG Node: 4dff41de-e204-4096-8bcd-7f98c6f3b2da_ptcIsr_2023111202321_23
...
040 (1973082.000.000) 2023-12-14 02:29:50 Finished transferring input files
...
001 (1973082.000.000) 2023-12-14 02:29:50 Job executing on host: <172.24.33.124:45647?CCBID=172.24.33.225:9618%3faddrs%3d172.24.33.225-9618%26alias%3dsdfrome001.sdf.slac.stanford.edu#6220016&PrivNet=sdfrome059.sdf.slac.stanford.edu&addrs=172.24.33.124-45647&alias=sdfrome059.sdf.slac.stanford.edu>
	SlotName: slot_abrought_13532_1_8@sdfrome059.sdf.slac.stanford.edu
...
006 (1973082.000.000) 2023-12-14 02:29:59 Image size of job updated: 278144
	71  -  MemoryUsage of job (MB)
	72360  -  ResidentSetSize of job (KB)
...
006 (1973082.000.000) 2023-12-14 02:32:41 Image size of job updated: 2223916
	655  -  MemoryUsage of job (MB)
	670368  -  ResidentSetSize of job (KB)
...
040 (1973082.000.000) 2023-12-14 02:32:41 Started transferring output files
...
040 (1973082.000.000) 2023-12-14 02:32:41 Finished transferring output files
...
005 (1973082.000.000) 2023-12-14 02:32:41 Job terminated.
	(1) Normal termination (return value 0)
		Usr 0 00:00:20, Sys 0 00:00:03  -  Run Remote Usage
		Usr 0 00:00:00, Sys 0 00:00:00  -  Run Local Usage
		Usr 0 00:00:20, Sys 0 00:00:03  -  Total Remote Usage
		Usr 0 00:00:00, Sys 0 00:00:00  -  Total Local Usage
	19074  -  Run Bytes Sent By Job
	0  -  Run Bytes Received By Job
	19074  -  Total Bytes Sent By Job
	0  -  Total Bytes Received By Job
	Partitionable Resources :    Usage  Request Allocated 
	   Cpus                 :                 1         1 
	   Disk (KB)            :       91        2    312194 
	   Memory (MB)          :      655     2048      2048 

	Job terminated of its own accord at 2023-12-14T10:32:41Z with exit-code 0.
...
