000 (1972863.000.000) 2023-12-14 02:17:49 Job submitted from host: <172.24.33.226:11547?addrs=172.24.33.226-11547&alias=sdfrome002.sdf.slac.stanford.edu>
    DAG Node: a821305d-81ac-4f55-be69-efbba07dd36a_ptcIsr_2023111101791_23
...
040 (1972863.000.000) 2023-12-14 02:29:14 Finished transferring input files
...
001 (1972863.000.000) 2023-12-14 02:29:14 Job executing on host: <172.24.33.124:39661?CCBID=172.24.33.225:9618%3faddrs%3d172.24.33.225-9618%26alias%3dsdfrome001.sdf.slac.stanford.edu#6220018&PrivNet=sdfrome059.sdf.slac.stanford.edu&addrs=172.24.33.124-39661&alias=sdfrome059.sdf.slac.stanford.edu>
	SlotName: slot_abrought_25802_1_10@sdfrome059.sdf.slac.stanford.edu
...
006 (1972863.000.000) 2023-12-14 02:29:23 Image size of job updated: 353840
	140  -  MemoryUsage of job (MB)
	142408  -  ResidentSetSize of job (KB)
...
006 (1972863.000.000) 2023-12-14 02:29:55 Image size of job updated: 2175596
	609  -  MemoryUsage of job (MB)
	623228  -  ResidentSetSize of job (KB)
...
040 (1972863.000.000) 2023-12-14 02:29:55 Started transferring output files
...
040 (1972863.000.000) 2023-12-14 02:29:55 Finished transferring output files
...
005 (1972863.000.000) 2023-12-14 02:29:55 Job terminated.
	(1) Normal termination (return value 0)
		Usr 0 00:00:23, Sys 0 00:00:05  -  Run Remote Usage
		Usr 0 00:00:00, Sys 0 00:00:00  -  Run Local Usage
		Usr 0 00:00:23, Sys 0 00:00:05  -  Total Remote Usage
		Usr 0 00:00:00, Sys 0 00:00:00  -  Total Local Usage
	19074  -  Run Bytes Sent By Job
	0  -  Run Bytes Received By Job
	19074  -  Total Bytes Sent By Job
	0  -  Total Bytes Received By Job
	Partitionable Resources :    Usage  Request Allocated 
	   Cpus                 :                 1         1 
	   Disk (KB)            :       91        2    312194 
	   Memory (MB)          :      609     2048      2048 

	Job terminated of its own accord at 2023-12-14T10:29:55Z with exit-code 0.
...
