000 (1969916.000.000) 2023-12-14 02:17:13 Job submitted from host: <172.24.33.226:11547?addrs=172.24.33.226-11547&alias=sdfrome002.sdf.slac.stanford.edu>
    DAG Node: f7eab861-d0b9-4fa3-bd9f-e2e149c3fbe0_ptcIsr_2023111200384_23
...
040 (1969916.000.000) 2023-12-14 02:20:12 Finished transferring input files
...
001 (1969916.000.000) 2023-12-14 02:20:12 Job executing on host: <172.24.33.213:41467?CCBID=172.24.33.225:9618%3faddrs%3d172.24.33.225-9618%26alias%3dsdfrome001.sdf.slac.stanford.edu#6220037&PrivNet=sdfrome022.sdf.slac.stanford.edu&addrs=172.24.33.213-41467&alias=sdfrome022.sdf.slac.stanford.edu>
	SlotName: slot_abrought_435_1_15@sdfrome022.sdf.slac.stanford.edu
...
006 (1969916.000.000) 2023-12-14 02:20:21 Image size of job updated: 25744
	9  -  MemoryUsage of job (MB)
	8672  -  ResidentSetSize of job (KB)
...
006 (1969916.000.000) 2023-12-14 02:21:21 Image size of job updated: 2214600
	617  -  MemoryUsage of job (MB)
	631592  -  ResidentSetSize of job (KB)
...
040 (1969916.000.000) 2023-12-14 02:21:21 Started transferring output files
...
040 (1969916.000.000) 2023-12-14 02:21:21 Finished transferring output files
...
005 (1969916.000.000) 2023-12-14 02:21:25 Job terminated.
	(1) Normal termination (return value 0)
		Usr 0 00:00:20, Sys 0 00:00:08  -  Run Remote Usage
		Usr 0 00:00:00, Sys 0 00:00:00  -  Run Local Usage
		Usr 0 00:00:20, Sys 0 00:00:08  -  Total Remote Usage
		Usr 0 00:00:00, Sys 0 00:00:00  -  Total Local Usage
	19074  -  Run Bytes Sent By Job
	0  -  Run Bytes Received By Job
	19074  -  Total Bytes Sent By Job
	0  -  Total Bytes Received By Job
	Partitionable Resources :    Usage  Request Allocated 
	   Cpus                 :                 1         1 
	   Disk (KB)            :       90        2    312194 
	   Memory (MB)          :      617     2048      2048 

	Job terminated of its own accord at 2023-12-14T10:21:20Z with exit-code 0.
...
