000 (1973063.000.000) 2023-12-14 02:17:52 Job submitted from host: <172.24.33.226:11547?addrs=172.24.33.226-11547&alias=sdfrome002.sdf.slac.stanford.edu>
    DAG Node: 99050108-ae2d-42cf-977b-df8ad81110d1_ptcIsr_2023111201931_23
...
040 (1973063.000.000) 2023-12-14 02:29:44 Finished transferring input files
...
001 (1973063.000.000) 2023-12-14 02:29:44 Job executing on host: <172.24.48.149:38613?CCBID=172.24.33.225:9618%3faddrs%3d172.24.33.225-9618%26alias%3dsdfrome001.sdf.slac.stanford.edu#6219698&PrivNet=sdfmilan049.sdf.slac.stanford.edu&addrs=172.24.48.149-38613&alias=sdfmilan049.sdf.slac.stanford.edu>
	SlotName: slot_abrought_1727_1_20@sdfmilan049.sdf.slac.stanford.edu
...
006 (1973063.000.000) 2023-12-14 02:29:53 Image size of job updated: 351336
	137  -  MemoryUsage of job (MB)
	139976  -  ResidentSetSize of job (KB)
...
006 (1973063.000.000) 2023-12-14 02:30:51 Image size of job updated: 2129624
	617  -  MemoryUsage of job (MB)
	631384  -  ResidentSetSize of job (KB)
...
040 (1973063.000.000) 2023-12-14 02:30:51 Started transferring output files
...
040 (1973063.000.000) 2023-12-14 02:30:51 Finished transferring output files
...
005 (1973063.000.000) 2023-12-14 02:30:51 Job terminated.
	(1) Normal termination (return value 0)
		Usr 0 00:00:20, Sys 0 00:00:01  -  Run Remote Usage
		Usr 0 00:00:00, Sys 0 00:00:00  -  Run Local Usage
		Usr 0 00:00:20, Sys 0 00:00:01  -  Total Remote Usage
		Usr 0 00:00:00, Sys 0 00:00:00  -  Total Local Usage
	18803  -  Run Bytes Sent By Job
	0  -  Run Bytes Received By Job
	18803  -  Total Bytes Sent By Job
	0  -  Total Bytes Received By Job
	Partitionable Resources :    Usage  Request Allocated 
	   Cpus                 :                 1         1 
	   Disk (KB)            :       90        2    312194 
	   Memory (MB)          :      617     2048      2048 

	Job terminated of its own accord at 2023-12-14T10:30:51Z with exit-code 0.
...
