000 (1970341.000.000) 2023-12-14 02:17:18 Job submitted from host: <172.24.33.226:11547?addrs=172.24.33.226-11547&alias=sdfrome002.sdf.slac.stanford.edu>
    DAG Node: e9f9ae6b-04a4-4bc9-b629-be6730c55365_ptcIsr_2023111200344_23
...
040 (1970341.000.000) 2023-12-14 02:21:29 Finished transferring input files
...
001 (1970341.000.000) 2023-12-14 02:21:29 Job executing on host: <172.24.48.149:38613?CCBID=172.24.33.225:9618%3faddrs%3d172.24.33.225-9618%26alias%3dsdfrome001.sdf.slac.stanford.edu#6219698&PrivNet=sdfmilan049.sdf.slac.stanford.edu&addrs=172.24.48.149-38613&alias=sdfmilan049.sdf.slac.stanford.edu>
	SlotName: slot_abrought_1727_1_6@sdfmilan049.sdf.slac.stanford.edu
...
006 (1970341.000.000) 2023-12-14 02:21:38 Image size of job updated: 460
	1  -  MemoryUsage of job (MB)
	60  -  ResidentSetSize of job (KB)
...
006 (1970341.000.000) 2023-12-14 02:22:34 Image size of job updated: 2062572
	615  -  MemoryUsage of job (MB)
	629524  -  ResidentSetSize of job (KB)
...
040 (1970341.000.000) 2023-12-14 02:22:34 Started transferring output files
...
040 (1970341.000.000) 2023-12-14 02:22:34 Finished transferring output files
...
005 (1970341.000.000) 2023-12-14 02:22:34 Job terminated.
	(1) Normal termination (return value 0)
		Usr 0 00:00:24, Sys 0 00:00:02  -  Run Remote Usage
		Usr 0 00:00:00, Sys 0 00:00:00  -  Run Local Usage
		Usr 0 00:00:24, Sys 0 00:00:02  -  Total Remote Usage
		Usr 0 00:00:00, Sys 0 00:00:00  -  Total Local Usage
	18533  -  Run Bytes Sent By Job
	0  -  Run Bytes Received By Job
	18533  -  Total Bytes Sent By Job
	0  -  Total Bytes Received By Job
	Partitionable Resources :    Usage  Request Allocated 
	   Cpus                 :     0.03        1         1 
	   Disk (KB)            :    96           2    312194 
	   Memory (MB)          :   615        2048      2048 

	Job terminated of its own accord at 2023-12-14T10:22:34Z with exit-code 0.
...
