000 (1971810.000.000) 2023-12-14 02:17:37 Job submitted from host: <172.24.33.226:11547?addrs=172.24.33.226-11547&alias=sdfrome002.sdf.slac.stanford.edu>
    DAG Node: 1decfe52-8268-483a-a82d-25da6f9ce24a_ptcIsr_2023111101521_23
...
040 (1971810.000.000) 2023-12-14 02:26:02 Finished transferring input files
...
001 (1971810.000.000) 2023-12-14 02:26:02 Job executing on host: <172.24.33.147:42953?CCBID=172.24.33.225:9618%3faddrs%3d172.24.33.225-9618%26alias%3dsdfrome001.sdf.slac.stanford.edu#6219703&PrivNet=sdfrome082.sdf.slac.stanford.edu&addrs=172.24.33.147-42953&alias=sdfrome082.sdf.slac.stanford.edu>
	SlotName: slot_abrought_48_1_6@sdfrome082.sdf.slac.stanford.edu
...
006 (1971810.000.000) 2023-12-14 02:26:10 Image size of job updated: 268100
	62  -  MemoryUsage of job (MB)
	62564  -  ResidentSetSize of job (KB)
...
006 (1971810.000.000) 2023-12-14 02:26:50 Image size of job updated: 2177408
	62  -  MemoryUsage of job (MB)
	62564  -  ResidentSetSize of job (KB)
...
040 (1971810.000.000) 2023-12-14 02:26:50 Started transferring output files
...
040 (1971810.000.000) 2023-12-14 02:26:50 Finished transferring output files
...
005 (1971810.000.000) 2023-12-14 02:26:50 Job terminated.
	(1) Normal termination (return value 0)
		Usr 0 00:00:20, Sys 0 00:00:04  -  Run Remote Usage
		Usr 0 00:00:00, Sys 0 00:00:00  -  Run Local Usage
		Usr 0 00:00:20, Sys 0 00:00:04  -  Total Remote Usage
		Usr 0 00:00:00, Sys 0 00:00:00  -  Total Local Usage
	18802  -  Run Bytes Sent By Job
	0  -  Run Bytes Received By Job
	18802  -  Total Bytes Sent By Job
	0  -  Total Bytes Received By Job
	Partitionable Resources :    Usage  Request Allocated 
	   Cpus                 :     0.82        1         1 
	   Disk (KB)            :    97           2    312116 
	   Memory (MB)          :    62        2048      2048 

	Job terminated of its own accord at 2023-12-14T10:26:50Z with exit-code 0.
...
