000 (1969757.000.000) 2023-12-14 02:17:12 Job submitted from host: <172.24.33.226:11547?addrs=172.24.33.226-11547&alias=sdfrome002.sdf.slac.stanford.edu>
    DAG Node: d6ba767e-1f0b-4e29-a31a-d9d81b613f53_ptcIsr_2023111300015_23
...
040 (1969757.000.000) 2023-12-14 02:20:09 Finished transferring input files
...
001 (1969757.000.000) 2023-12-14 02:20:09 Job executing on host: <172.24.48.197:44589?CCBID=172.24.33.225:9618%3faddrs%3d172.24.33.225-9618%26alias%3dsdfrome001.sdf.slac.stanford.edu#6220121&PrivNet=sdfmilan125.sdf.slac.stanford.edu&addrs=172.24.48.197-44589&alias=sdfmilan125.sdf.slac.stanford.edu>
	SlotName: slot_abrought_7640_1_2@sdfmilan125.sdf.slac.stanford.edu
...
006 (1969757.000.000) 2023-12-14 02:20:18 Image size of job updated: 327580
	115  -  MemoryUsage of job (MB)
	116780  -  ResidentSetSize of job (KB)
...
006 (1969757.000.000) 2023-12-14 02:25:20 Image size of job updated: 2259356
	666  -  MemoryUsage of job (MB)
	681516  -  ResidentSetSize of job (KB)
...
040 (1969757.000.000) 2023-12-14 02:25:24 Started transferring output files
...
040 (1969757.000.000) 2023-12-14 02:25:24 Finished transferring output files
...
005 (1969757.000.000) 2023-12-14 02:25:27 Job terminated.
	(1) Normal termination (return value 0)
		Usr 0 00:00:23, Sys 0 00:00:03  -  Run Remote Usage
		Usr 0 00:00:00, Sys 0 00:00:00  -  Run Local Usage
		Usr 0 00:00:23, Sys 0 00:00:03  -  Total Remote Usage
		Usr 0 00:00:00, Sys 0 00:00:00  -  Total Local Usage
	19073  -  Run Bytes Sent By Job
	0  -  Run Bytes Received By Job
	19073  -  Total Bytes Sent By Job
	0  -  Total Bytes Received By Job
	Partitionable Resources :    Usage  Request Allocated 
	   Cpus                 :     0.08        1         1 
	   Disk (KB)            : 25619           2    305890 
	   Memory (MB)          :   666        2048      2048 

	Job terminated of its own accord at 2023-12-14T10:25:23Z with exit-code 0.
...
