000 (1970951.000.000) 2023-12-14 02:17:25 Job submitted from host: <172.24.33.226:11547?addrs=172.24.33.226-11547&alias=sdfrome002.sdf.slac.stanford.edu>
    DAG Node: 9bc36c90-595b-4d17-89a0-59e765490a89_ptcIsr_2023111200900_23
...
040 (1970951.000.000) 2023-12-14 02:23:40 Finished transferring input files
...
001 (1970951.000.000) 2023-12-14 02:23:40 Job executing on host: <172.24.33.124:44469?CCBID=172.24.33.225:9618%3faddrs%3d172.24.33.225-9618%26alias%3dsdfrome001.sdf.slac.stanford.edu#6220017&PrivNet=sdfrome059.sdf.slac.stanford.edu&addrs=172.24.33.124-44469&alias=sdfrome059.sdf.slac.stanford.edu>
	SlotName: slot_abrought_2668_1_2@sdfrome059.sdf.slac.stanford.edu
...
006 (1970951.000.000) 2023-12-14 02:23:49 Image size of job updated: 263016
	58  -  MemoryUsage of job (MB)
	58800  -  ResidentSetSize of job (KB)
...
006 (1970951.000.000) 2023-12-14 02:24:46 Image size of job updated: 2034504
	701  -  MemoryUsage of job (MB)
	717668  -  ResidentSetSize of job (KB)
...
040 (1970951.000.000) 2023-12-14 02:24:46 Started transferring output files
...
040 (1970951.000.000) 2023-12-14 02:24:46 Finished transferring output files
...
005 (1970951.000.000) 2023-12-14 02:24:46 Job terminated.
	(1) Normal termination (return value 0)
		Usr 0 00:00:20, Sys 0 00:00:04  -  Run Remote Usage
		Usr 0 00:00:00, Sys 0 00:00:00  -  Run Local Usage
		Usr 0 00:00:20, Sys 0 00:00:04  -  Total Remote Usage
		Usr 0 00:00:00, Sys 0 00:00:00  -  Total Local Usage
	18805  -  Run Bytes Sent By Job
	0  -  Run Bytes Received By Job
	18805  -  Total Bytes Sent By Job
	0  -  Total Bytes Received By Job
	Partitionable Resources :    Usage  Request Allocated 
	   Cpus                 :     0.29        1         1 
	   Disk (KB)            :    97           2    312194 
	   Memory (MB)          :   701        2048      2048 

	Job terminated of its own accord at 2023-12-14T10:24:46Z with exit-code 0.
...
