000 (1972131.000.000) 2023-12-14 02:17:42 Job submitted from host: <172.24.33.226:11547?addrs=172.24.33.226-11547&alias=sdfrome002.sdf.slac.stanford.edu>
    DAG Node: 1c6cc0ee-a2e0-4dc8-b56f-f525b8e7f6dc_ptcIsr_2023111203380_23
...
040 (1972131.000.000) 2023-12-14 02:26:58 Finished transferring input files
...
001 (1972131.000.000) 2023-12-14 02:26:58 Job executing on host: <172.24.33.124:39697?CCBID=172.24.33.225:9618%3faddrs%3d172.24.33.225-9618%26alias%3dsdfrome001.sdf.slac.stanford.edu#6220015&PrivNet=sdfrome059.sdf.slac.stanford.edu&addrs=172.24.33.124-39697&alias=sdfrome059.sdf.slac.stanford.edu>
	SlotName: slot_abrought_7836_1_4@sdfrome059.sdf.slac.stanford.edu
...
006 (1972131.000.000) 2023-12-14 02:27:07 Image size of job updated: 330636
	118  -  MemoryUsage of job (MB)
	120628  -  ResidentSetSize of job (KB)
...
006 (1972131.000.000) 2023-12-14 02:27:43 Image size of job updated: 2101512
	624  -  MemoryUsage of job (MB)
	638548  -  ResidentSetSize of job (KB)
...
040 (1972131.000.000) 2023-12-14 02:27:43 Started transferring output files
...
040 (1972131.000.000) 2023-12-14 02:27:43 Finished transferring output files
...
005 (1972131.000.000) 2023-12-14 02:27:43 Job terminated.
	(1) Normal termination (return value 0)
		Usr 0 00:00:17, Sys 0 00:00:05  -  Run Remote Usage
		Usr 0 00:00:00, Sys 0 00:00:00  -  Run Local Usage
		Usr 0 00:00:17, Sys 0 00:00:05  -  Total Remote Usage
		Usr 0 00:00:00, Sys 0 00:00:00  -  Total Local Usage
	18975  -  Run Bytes Sent By Job
	0  -  Run Bytes Received By Job
	18975  -  Total Bytes Sent By Job
	0  -  Total Bytes Received By Job
	Partitionable Resources :    Usage  Request Allocated 
	   Cpus                 :                 1         1 
	   Disk (KB)            :       91        2    312194 
	   Memory (MB)          :      624     2048      2048 

	Job terminated of its own accord at 2023-12-14T10:27:43Z with exit-code 0.
...
