000 (1970995.000.000) 2023-12-14 02:17:29 Job submitted from host: <172.24.33.226:11547?addrs=172.24.33.226-11547&alias=sdfrome002.sdf.slac.stanford.edu>
    DAG Node: 527ebfc2-f764-4abf-8a3b-e05f29d4fce6_ptcIsr_2023111201304_23
...
040 (1970995.000.000) 2023-12-14 02:23:47 Finished transferring input files
...
001 (1970995.000.000) 2023-12-14 02:23:47 Job executing on host: <172.24.33.213:41467?CCBID=172.24.33.225:9618%3faddrs%3d172.24.33.225-9618%26alias%3dsdfrome001.sdf.slac.stanford.edu#6220037&PrivNet=sdfrome022.sdf.slac.stanford.edu&addrs=172.24.33.213-41467&alias=sdfrome022.sdf.slac.stanford.edu>
	SlotName: slot_abrought_435_1_18@sdfrome022.sdf.slac.stanford.edu
...
006 (1970995.000.000) 2023-12-14 02:23:55 Image size of job updated: 14732
	1  -  MemoryUsage of job (MB)
	664  -  ResidentSetSize of job (KB)
...
006 (1970995.000.000) 2023-12-14 02:24:50 Image size of job updated: 2059184
	1405  -  MemoryUsage of job (MB)
	1438144  -  ResidentSetSize of job (KB)
...
040 (1970995.000.000) 2023-12-14 02:24:50 Started transferring output files
...
040 (1970995.000.000) 2023-12-14 02:24:50 Finished transferring output files
...
005 (1970995.000.000) 2023-12-14 02:24:50 Job terminated.
	(1) Normal termination (return value 0)
		Usr 0 00:00:22, Sys 0 00:00:02  -  Run Remote Usage
		Usr 0 00:00:00, Sys 0 00:00:00  -  Run Local Usage
		Usr 0 00:00:22, Sys 0 00:00:02  -  Total Remote Usage
		Usr 0 00:00:00, Sys 0 00:00:00  -  Total Local Usage
	18532  -  Run Bytes Sent By Job
	0  -  Run Bytes Received By Job
	18532  -  Total Bytes Sent By Job
	0  -  Total Bytes Received By Job
	Partitionable Resources :    Usage  Request Allocated 
	   Cpus                 :     0.39        1         1 
	   Disk (KB)            :    97           2    312194 
	   Memory (MB)          :  1405        2048      2048 

	Job terminated of its own accord at 2023-12-14T10:24:50Z with exit-code 0.
...
