000 (1972995.000.000) 2023-12-14 02:17:51 Job submitted from host: <172.24.33.226:11547?addrs=172.24.33.226-11547&alias=sdfrome002.sdf.slac.stanford.edu>
    DAG Node: 2cd503be-e680-47d1-804a-32f44c57f832_ptcIsr_2023111202177_23
...
040 (1972995.000.000) 2023-12-14 02:29:34 Finished transferring input files
...
001 (1972995.000.000) 2023-12-14 02:29:34 Job executing on host: <172.24.33.124:39661?CCBID=172.24.33.225:9618%3faddrs%3d172.24.33.225-9618%26alias%3dsdfrome001.sdf.slac.stanford.edu#6220018&PrivNet=sdfrome059.sdf.slac.stanford.edu&addrs=172.24.33.124-39661&alias=sdfrome059.sdf.slac.stanford.edu>
	SlotName: slot_abrought_25802_1_22@sdfrome059.sdf.slac.stanford.edu
...
006 (1972995.000.000) 2023-12-14 02:29:42 Image size of job updated: 293496
	86  -  MemoryUsage of job (MB)
	87436  -  ResidentSetSize of job (KB)
...
006 (1972995.000.000) 2023-12-14 02:30:20 Image size of job updated: 2070224
	1294  -  MemoryUsage of job (MB)
	1324720  -  ResidentSetSize of job (KB)
...
040 (1972995.000.000) 2023-12-14 02:30:20 Started transferring output files
...
040 (1972995.000.000) 2023-12-14 02:30:20 Finished transferring output files
...
005 (1972995.000.000) 2023-12-14 02:30:20 Job terminated.
	(1) Normal termination (return value 0)
		Usr 0 00:00:17, Sys 0 00:00:04  -  Run Remote Usage
		Usr 0 00:00:00, Sys 0 00:00:00  -  Run Local Usage
		Usr 0 00:00:17, Sys 0 00:00:04  -  Total Remote Usage
		Usr 0 00:00:00, Sys 0 00:00:00  -  Total Local Usage
	18804  -  Run Bytes Sent By Job
	0  -  Run Bytes Received By Job
	18804  -  Total Bytes Sent By Job
	0  -  Total Bytes Received By Job
	Partitionable Resources :    Usage  Request Allocated 
	   Cpus                 :                 1         1 
	   Disk (KB)            :       90        2    312194 
	   Memory (MB)          :     1294     2048      2048 

	Job terminated of its own accord at 2023-12-14T10:30:20Z with exit-code 0.
...
