000 (1970773.000.000) 2023-12-14 02:17:24 Job submitted from host: <172.24.33.226:11547?addrs=172.24.33.226-11547&alias=sdfrome002.sdf.slac.stanford.edu>
    DAG Node: 3e0b0a69-7421-4cf3-9454-e9e4ea58231c_ptcIsr_2023111203552_23
...
040 (1970773.000.000) 2023-12-14 02:22:59 Finished transferring input files
...
001 (1970773.000.000) 2023-12-14 02:22:59 Job executing on host: <172.24.33.124:39661?CCBID=172.24.33.225:9618%3faddrs%3d172.24.33.225-9618%26alias%3dsdfrome001.sdf.slac.stanford.edu#6220018&PrivNet=sdfrome059.sdf.slac.stanford.edu&addrs=172.24.33.124-39661&alias=sdfrome059.sdf.slac.stanford.edu>
	SlotName: slot_abrought_25802_1_9@sdfrome059.sdf.slac.stanford.edu
...
006 (1970773.000.000) 2023-12-14 02:23:08 Image size of job updated: 386136
	146  -  MemoryUsage of job (MB)
	149028  -  ResidentSetSize of job (KB)
...
006 (1970773.000.000) 2023-12-14 02:23:44 Image size of job updated: 2100028
	614  -  MemoryUsage of job (MB)
	627808  -  ResidentSetSize of job (KB)
...
040 (1970773.000.000) 2023-12-14 02:23:44 Started transferring output files
...
040 (1970773.000.000) 2023-12-14 02:23:44 Finished transferring output files
...
005 (1970773.000.000) 2023-12-14 02:23:44 Job terminated.
	(1) Normal termination (return value 0)
		Usr 0 00:00:19, Sys 0 00:00:07  -  Run Remote Usage
		Usr 0 00:00:00, Sys 0 00:00:00  -  Run Local Usage
		Usr 0 00:00:19, Sys 0 00:00:07  -  Total Remote Usage
		Usr 0 00:00:00, Sys 0 00:00:00  -  Total Local Usage
	18975  -  Run Bytes Sent By Job
	0  -  Run Bytes Received By Job
	18975  -  Total Bytes Sent By Job
	0  -  Total Bytes Received By Job
	Partitionable Resources :    Usage  Request Allocated 
	   Cpus                 :                 1         1 
	   Disk (KB)            :       91        2    312194 
	   Memory (MB)          :      614     2048      2048 

	Job terminated of its own accord at 2023-12-14T10:23:44Z with exit-code 0.
...
