000 (1971052.000.000) 2023-12-14 02:17:29 Job submitted from host: <172.24.33.226:11547?addrs=172.24.33.226-11547&alias=sdfrome002.sdf.slac.stanford.edu>
    DAG Node: a7fa8498-b2b8-4045-9474-f1858820411a_ptcIsr_2023111201961_23
...
040 (1971052.000.000) 2023-12-14 02:23:54 Finished transferring input files
...
001 (1971052.000.000) 2023-12-14 02:23:54 Job executing on host: <172.24.33.213:43829?CCBID=172.24.33.225:9618%3faddrs%3d172.24.33.225-9618%26alias%3dsdfrome001.sdf.slac.stanford.edu#6220038&PrivNet=sdfrome022.sdf.slac.stanford.edu&addrs=172.24.33.213-43829&alias=sdfrome022.sdf.slac.stanford.edu>
	SlotName: slot_abrought_31850_1_16@sdfrome022.sdf.slac.stanford.edu
...
006 (1971052.000.000) 2023-12-14 02:24:02 Image size of job updated: 337080
	124  -  MemoryUsage of job (MB)
	126916  -  ResidentSetSize of job (KB)
...
006 (1971052.000.000) 2023-12-14 02:24:36 Image size of job updated: 2093904
	124  -  MemoryUsage of job (MB)
	126916  -  ResidentSetSize of job (KB)
...
040 (1971052.000.000) 2023-12-14 02:24:36 Started transferring output files
...
040 (1971052.000.000) 2023-12-14 02:24:36 Finished transferring output files
...
005 (1971052.000.000) 2023-12-14 02:24:36 Job terminated.
	(1) Normal termination (return value 0)
		Usr 0 00:00:22, Sys 0 00:00:05  -  Run Remote Usage
		Usr 0 00:00:00, Sys 0 00:00:00  -  Run Local Usage
		Usr 0 00:00:22, Sys 0 00:00:05  -  Total Remote Usage
		Usr 0 00:00:00, Sys 0 00:00:00  -  Total Local Usage
	18804  -  Run Bytes Sent By Job
	0  -  Run Bytes Received By Job
	18804  -  Total Bytes Sent By Job
	0  -  Total Bytes Received By Job
	Partitionable Resources :    Usage  Request Allocated 
	   Cpus                 :     0.34        1         1 
	   Disk (KB)            :    97           2    312194 
	   Memory (MB)          :   124        2048      2048 

	Job terminated of its own accord at 2023-12-14T10:24:36Z with exit-code 0.
...
