000 (1972256.000.000) 2023-12-14 02:17:43 Job submitted from host: <172.24.33.226:11547?addrs=172.24.33.226-11547&alias=sdfrome002.sdf.slac.stanford.edu>
    DAG Node: c472b2ea-a318-4d69-bfe8-efed56d03a1d_ptcIsr_2023111301203_23
...
040 (1972256.000.000) 2023-12-14 02:27:20 Finished transferring input files
...
001 (1972256.000.000) 2023-12-14 02:27:20 Job executing on host: <172.24.33.213:43829?CCBID=172.24.33.225:9618%3faddrs%3d172.24.33.225-9618%26alias%3dsdfrome001.sdf.slac.stanford.edu#6220038&PrivNet=sdfrome022.sdf.slac.stanford.edu&addrs=172.24.33.213-43829&alias=sdfrome022.sdf.slac.stanford.edu>
	SlotName: slot_abrought_31850_1_1@sdfrome022.sdf.slac.stanford.edu
...
006 (1972256.000.000) 2023-12-14 02:27:28 Image size of job updated: 290932
	83  -  MemoryUsage of job (MB)
	84384  -  ResidentSetSize of job (KB)
...
006 (1972256.000.000) 2023-12-14 02:28:09 Image size of job updated: 2135908
	616  -  MemoryUsage of job (MB)
	630440  -  ResidentSetSize of job (KB)
...
040 (1972256.000.000) 2023-12-14 02:28:09 Started transferring output files
...
040 (1972256.000.000) 2023-12-14 02:28:09 Finished transferring output files
...
005 (1972256.000.000) 2023-12-14 02:28:09 Job terminated.
	(1) Normal termination (return value 0)
		Usr 0 00:00:22, Sys 0 00:00:03  -  Run Remote Usage
		Usr 0 00:00:00, Sys 0 00:00:00  -  Run Local Usage
		Usr 0 00:00:22, Sys 0 00:00:03  -  Total Remote Usage
		Usr 0 00:00:00, Sys 0 00:00:00  -  Total Local Usage
	19072  -  Run Bytes Sent By Job
	0  -  Run Bytes Received By Job
	19072  -  Total Bytes Sent By Job
	0  -  Total Bytes Received By Job
	Partitionable Resources :    Usage  Request Allocated 
	   Cpus                 :                 1         1 
	   Disk (KB)            :       91        2    312194 
	   Memory (MB)          :      616     2048      2048 

	Job terminated of its own accord at 2023-12-14T10:28:09Z with exit-code 0.
...
