000 (1973477.000.000) 2023-12-14 02:18:00 Job submitted from host: <172.24.33.226:11547?addrs=172.24.33.226-11547&alias=sdfrome002.sdf.slac.stanford.edu>
    DAG Node: ca99c777-62c8-4ccc-9c65-95bd9e798945_ptcIsr_2023111101720_23
...
040 (1973477.000.000) 2023-12-14 02:30:47 Finished transferring input files
...
001 (1973477.000.000) 2023-12-14 02:30:47 Job executing on host: <172.24.33.124:39661?CCBID=172.24.33.225:9618%3faddrs%3d172.24.33.225-9618%26alias%3dsdfrome001.sdf.slac.stanford.edu#6220018&PrivNet=sdfrome059.sdf.slac.stanford.edu&addrs=172.24.33.124-39661&alias=sdfrome059.sdf.slac.stanford.edu>
	SlotName: slot_abrought_25802_1_7@sdfrome059.sdf.slac.stanford.edu
...
006 (1973477.000.000) 2023-12-14 02:30:55 Image size of job updated: 339580
	126  -  MemoryUsage of job (MB)
	128036  -  ResidentSetSize of job (KB)
...
006 (1973477.000.000) 2023-12-14 02:31:25 Image size of job updated: 2198776
	1409  -  MemoryUsage of job (MB)
	1442128  -  ResidentSetSize of job (KB)
...
040 (1973477.000.000) 2023-12-14 02:31:25 Started transferring output files
...
040 (1973477.000.000) 2023-12-14 02:31:25 Finished transferring output files
...
005 (1973477.000.000) 2023-12-14 02:31:25 Job terminated.
	(1) Normal termination (return value 0)
		Usr 0 00:00:24, Sys 0 00:00:03  -  Run Remote Usage
		Usr 0 00:00:00, Sys 0 00:00:00  -  Run Local Usage
		Usr 0 00:00:24, Sys 0 00:00:03  -  Total Remote Usage
		Usr 0 00:00:00, Sys 0 00:00:00  -  Total Local Usage
	19075  -  Run Bytes Sent By Job
	0  -  Run Bytes Received By Job
	19075  -  Total Bytes Sent By Job
	0  -  Total Bytes Received By Job
	Partitionable Resources :    Usage  Request Allocated 
	   Cpus                 :                 1         1 
	   Disk (KB)            :       91        2    312194 
	   Memory (MB)          :     1409     2048      2048 

	Job terminated of its own accord at 2023-12-14T10:31:25Z with exit-code 0.
...
