000 (1969455.000.000) 2023-12-14 02:17:10 Job submitted from host: <172.24.33.226:11547?addrs=172.24.33.226-11547&alias=sdfrome002.sdf.slac.stanford.edu>
    DAG Node: e970adfd-fec5-473b-af15-d49b67a2f6fb_ptcIsr_2023110800585_23
...
040 (1969455.000.000) 2023-12-14 02:17:11 Finished transferring input files
...
001 (1969455.000.000) 2023-12-14 02:17:11 Job executing on host: <172.24.48.185:41489?CCBID=172.24.33.225:9618%3faddrs%3d172.24.33.225-9618%26alias%3dsdfrome001.sdf.slac.stanford.edu#6219699&PrivNet=sdfmilan113.sdf.slac.stanford.edu&addrs=172.24.48.185-41489&alias=sdfmilan113.sdf.slac.stanford.edu>
	SlotName: slot_abrought_18623_1_23@sdfmilan113.sdf.slac.stanford.edu
...
006 (1969455.000.000) 2023-12-14 02:17:20 Image size of job updated: 2
	6  -  MemoryUsage of job (MB)
	5168  -  ResidentSetSize of job (KB)
...
006 (1969455.000.000) 2023-12-14 02:18:23 Image size of job updated: 2069164
	616  -  MemoryUsage of job (MB)
	630352  -  ResidentSetSize of job (KB)
...
040 (1969455.000.000) 2023-12-14 02:18:23 Started transferring output files
...
040 (1969455.000.000) 2023-12-14 02:18:23 Finished transferring output files
...
005 (1969455.000.000) 2023-12-14 02:18:23 Job terminated.
	(1) Normal termination (return value 0)
		Usr 0 00:00:20, Sys 0 00:00:03  -  Run Remote Usage
		Usr 0 00:00:00, Sys 0 00:00:00  -  Run Local Usage
		Usr 0 00:00:20, Sys 0 00:00:03  -  Total Remote Usage
		Usr 0 00:00:00, Sys 0 00:00:00  -  Total Local Usage
	18803  -  Run Bytes Sent By Job
	0  -  Run Bytes Received By Job
	18803  -  Total Bytes Sent By Job
	0  -  Total Bytes Received By Job
	Partitionable Resources :    Usage  Request Allocated 
	   Cpus                 :                 1         1 
	   Disk (KB)            :       90        2    312194 
	   Memory (MB)          :      616     2048      2048 

	Job terminated of its own accord at 2023-12-14T10:18:23Z with exit-code 0.
...
