000 (1971332.000.000) 2023-12-14 02:17:31 Job submitted from host: <172.24.33.226:11547?addrs=172.24.33.226-11547&alias=sdfrome002.sdf.slac.stanford.edu>
    DAG Node: c96ca7e3-1cb6-4978-946c-a653bce447d1_ptcIsr_2023111301119_23
...
040 (1971332.000.000) 2023-12-14 02:24:45 Finished transferring input files
...
001 (1971332.000.000) 2023-12-14 02:24:45 Job executing on host: <172.24.33.143:37205?CCBID=172.24.33.225:9618%3faddrs%3d172.24.33.225-9618%26alias%3dsdfrome001.sdf.slac.stanford.edu#6220499&PrivNet=sdfrome078.sdf.slac.stanford.edu&addrs=172.24.33.143-37205&alias=sdfrome078.sdf.slac.stanford.edu>
	SlotName: slot_abrought_7348_1_11@sdfrome078.sdf.slac.stanford.edu
...
006 (1971332.000.000) 2023-12-14 02:24:54 Image size of job updated: 268100
	62  -  MemoryUsage of job (MB)
	63112  -  ResidentSetSize of job (KB)
...
006 (1971332.000.000) 2023-12-14 02:26:04 Image size of job updated: 2198316
	662  -  MemoryUsage of job (MB)
	677876  -  ResidentSetSize of job (KB)
...
040 (1971332.000.000) 2023-12-14 02:26:04 Started transferring output files
...
040 (1971332.000.000) 2023-12-14 02:26:04 Finished transferring output files
...
005 (1971332.000.000) 2023-12-14 02:26:04 Job terminated.
	(1) Normal termination (return value 0)
		Usr 0 00:00:21, Sys 0 00:00:03  -  Run Remote Usage
		Usr 0 00:00:00, Sys 0 00:00:00  -  Run Local Usage
		Usr 0 00:00:21, Sys 0 00:00:03  -  Total Remote Usage
		Usr 0 00:00:00, Sys 0 00:00:00  -  Total Local Usage
	19072  -  Run Bytes Sent By Job
	0  -  Run Bytes Received By Job
	19072  -  Total Bytes Sent By Job
	0  -  Total Bytes Received By Job
	Partitionable Resources :    Usage  Request Allocated 
	   Cpus                 :     0.99        1         1 
	   Disk (KB)            :    97           2    312194 
	   Memory (MB)          :   662        2048      2048 

	Job terminated of its own accord at 2023-12-14T10:26:04Z with exit-code 0.
...
