000 (1969698.000.000) 2023-12-14 02:17:12 Job submitted from host: <172.24.33.226:11547?addrs=172.24.33.226-11547&alias=sdfrome002.sdf.slac.stanford.edu>
    DAG Node: 1b2a71e6-0a34-4c3f-84eb-5918e1ae3ed3_ptcIsr_2023111201872_23
...
040 (1969698.000.000) 2023-12-14 02:19:40 Finished transferring input files
...
001 (1969698.000.000) 2023-12-14 02:19:40 Job executing on host: <172.24.48.149:38613?CCBID=172.24.33.225:9618%3faddrs%3d172.24.33.225-9618%26alias%3dsdfrome001.sdf.slac.stanford.edu#6219698&PrivNet=sdfmilan049.sdf.slac.stanford.edu&addrs=172.24.48.149-38613&alias=sdfmilan049.sdf.slac.stanford.edu>
	SlotName: slot_abrought_1727_1_17@sdfmilan049.sdf.slac.stanford.edu
...
006 (1969698.000.000) 2023-12-14 02:19:48 Image size of job updated: 316400
	106  -  MemoryUsage of job (MB)
	108212  -  ResidentSetSize of job (KB)
...
006 (1969698.000.000) 2023-12-14 02:20:51 Image size of job updated: 2131008
	106  -  MemoryUsage of job (MB)
	108212  -  ResidentSetSize of job (KB)
...
040 (1969698.000.000) 2023-12-14 02:20:51 Started transferring output files
...
040 (1969698.000.000) 2023-12-14 02:20:51 Finished transferring output files
...
005 (1969698.000.000) 2023-12-14 02:20:51 Job terminated.
	(1) Normal termination (return value 0)
		Usr 0 00:00:21, Sys 0 00:00:02  -  Run Remote Usage
		Usr 0 00:00:00, Sys 0 00:00:00  -  Run Local Usage
		Usr 0 00:00:21, Sys 0 00:00:02  -  Total Remote Usage
		Usr 0 00:00:00, Sys 0 00:00:00  -  Total Local Usage
	18804  -  Run Bytes Sent By Job
	0  -  Run Bytes Received By Job
	18804  -  Total Bytes Sent By Job
	0  -  Total Bytes Received By Job
	Partitionable Resources :    Usage  Request Allocated 
	   Cpus                 :                 1         1 
	   Disk (KB)            :       90        2    312194 
	   Memory (MB)          :      106     2048      2048 

	Job terminated of its own accord at 2023-12-14T10:20:51Z with exit-code 0.
...
