000 (1973215.000.000) 2023-12-14 02:17:54 Job submitted from host: <172.24.33.226:11547?addrs=172.24.33.226-11547&alias=sdfrome002.sdf.slac.stanford.edu>
    DAG Node: 3f8c2b47-e305-438e-9a21-486575013acf_ptcIsr_2023111300470_23
...
040 (1973215.000.000) 2023-12-14 02:30:05 Finished transferring input files
...
001 (1973215.000.000) 2023-12-14 02:30:05 Job executing on host: <172.24.33.213:43829?CCBID=172.24.33.225:9618%3faddrs%3d172.24.33.225-9618%26alias%3dsdfrome001.sdf.slac.stanford.edu#6220038&PrivNet=sdfrome022.sdf.slac.stanford.edu&addrs=172.24.33.213-43829&alias=sdfrome022.sdf.slac.stanford.edu>
	SlotName: slot_abrought_31850_1_21@sdfrome022.sdf.slac.stanford.edu
...
006 (1973215.000.000) 2023-12-14 02:30:13 Image size of job updated: 293492
	86  -  MemoryUsage of job (MB)
	87224  -  ResidentSetSize of job (KB)
...
006 (1973215.000.000) 2023-12-14 02:31:02 Image size of job updated: 2254368
	640  -  MemoryUsage of job (MB)
	654872  -  ResidentSetSize of job (KB)
...
040 (1973215.000.000) 2023-12-14 02:31:02 Started transferring output files
...
040 (1973215.000.000) 2023-12-14 02:31:02 Finished transferring output files
...
005 (1973215.000.000) 2023-12-14 02:31:02 Job terminated.
	(1) Normal termination (return value 0)
		Usr 0 00:00:24, Sys 0 00:00:04  -  Run Remote Usage
		Usr 0 00:00:00, Sys 0 00:00:00  -  Run Local Usage
		Usr 0 00:00:24, Sys 0 00:00:04  -  Total Remote Usage
		Usr 0 00:00:00, Sys 0 00:00:00  -  Total Local Usage
	18531  -  Run Bytes Sent By Job
	0  -  Run Bytes Received By Job
	18531  -  Total Bytes Sent By Job
	0  -  Total Bytes Received By Job
	Partitionable Resources :    Usage  Request Allocated 
	   Cpus                 :                 1         1 
	   Disk (KB)            :       90        2    312194 
	   Memory (MB)          :      640     2048      2048 

	Job terminated of its own accord at 2023-12-14T10:31:02Z with exit-code 0.
...
