000 (1973004.000.000) 2023-12-14 02:17:51 Job submitted from host: <172.24.33.226:11547?addrs=172.24.33.226-11547&alias=sdfrome002.sdf.slac.stanford.edu>
    DAG Node: f83d30eb-f653-4fcc-864b-78c2ed585836_ptcIsr_2023111201671_23
...
040 (1973004.000.000) 2023-12-14 02:29:39 Finished transferring input files
...
001 (1973004.000.000) 2023-12-14 02:29:39 Job executing on host: <172.24.33.124:45647?CCBID=172.24.33.225:9618%3faddrs%3d172.24.33.225-9618%26alias%3dsdfrome001.sdf.slac.stanford.edu#6220016&PrivNet=sdfrome059.sdf.slac.stanford.edu&addrs=172.24.33.124-45647&alias=sdfrome059.sdf.slac.stanford.edu>
	SlotName: slot_abrought_13532_1_7@sdfrome059.sdf.slac.stanford.edu
...
006 (1973004.000.000) 2023-12-14 02:29:48 Image size of job updated: 261776
	57  -  MemoryUsage of job (MB)
	57916  -  ResidentSetSize of job (KB)
...
006 (1973004.000.000) 2023-12-14 02:32:47 Image size of job updated: 2035744
	57  -  MemoryUsage of job (MB)
	57916  -  ResidentSetSize of job (KB)
...
040 (1973004.000.000) 2023-12-14 02:32:47 Started transferring output files
...
040 (1973004.000.000) 2023-12-14 02:32:47 Finished transferring output files
...
005 (1973004.000.000) 2023-12-14 02:32:47 Job terminated.
	(1) Normal termination (return value 0)
		Usr 0 00:00:21, Sys 0 00:00:04  -  Run Remote Usage
		Usr 0 00:00:00, Sys 0 00:00:00  -  Run Local Usage
		Usr 0 00:00:21, Sys 0 00:00:04  -  Total Remote Usage
		Usr 0 00:00:00, Sys 0 00:00:00  -  Total Local Usage
	18533  -  Run Bytes Sent By Job
	0  -  Run Bytes Received By Job
	18533  -  Total Bytes Sent By Job
	0  -  Total Bytes Received By Job
	Partitionable Resources :    Usage  Request Allocated 
	   Cpus                 :                 1         1 
	   Disk (KB)            :       90        2    312194 
	   Memory (MB)          :       57     2048      2048 

	Job terminated of its own accord at 2023-12-14T10:32:47Z with exit-code 0.
...
