000 (1972394.000.000) 2023-12-14 02:17:43 Job submitted from host: <172.24.33.226:11547?addrs=172.24.33.226-11547&alias=sdfrome002.sdf.slac.stanford.edu>
    DAG Node: 63210491-37fd-45ec-b97c-9fb8f3080df3_ptcIsr_2023111101309_23
...
040 (1972394.000.000) 2023-12-14 02:27:45 Finished transferring input files
...
001 (1972394.000.000) 2023-12-14 02:27:45 Job executing on host: <172.24.33.213:33037?CCBID=172.24.33.225:9618%3faddrs%3d172.24.33.225-9618%26alias%3dsdfrome001.sdf.slac.stanford.edu#6220039&PrivNet=sdfrome022.sdf.slac.stanford.edu&addrs=172.24.33.213-33037&alias=sdfrome022.sdf.slac.stanford.edu>
	SlotName: slot_abrought_15721_1_11@sdfrome022.sdf.slac.stanford.edu
...
006 (1972394.000.000) 2023-12-14 02:27:54 Image size of job updated: 292300
	85  -  MemoryUsage of job (MB)
	86536  -  ResidentSetSize of job (KB)
...
006 (1972394.000.000) 2023-12-14 02:28:50 Image size of job updated: 2101992
	623  -  MemoryUsage of job (MB)
	637688  -  ResidentSetSize of job (KB)
...
040 (1972394.000.000) 2023-12-14 02:28:50 Started transferring output files
...
040 (1972394.000.000) 2023-12-14 02:28:50 Finished transferring output files
...
005 (1972394.000.000) 2023-12-14 02:28:50 Job terminated.
	(1) Normal termination (return value 0)
		Usr 0 00:00:21, Sys 0 00:00:04  -  Run Remote Usage
		Usr 0 00:00:00, Sys 0 00:00:00  -  Run Local Usage
		Usr 0 00:00:21, Sys 0 00:00:04  -  Total Remote Usage
		Usr 0 00:00:00, Sys 0 00:00:00  -  Total Local Usage
	18802  -  Run Bytes Sent By Job
	0  -  Run Bytes Received By Job
	18802  -  Total Bytes Sent By Job
	0  -  Total Bytes Received By Job
	Partitionable Resources :    Usage  Request Allocated 
	   Cpus                 :                 1         1 
	   Disk (KB)            :       90        2    312194 
	   Memory (MB)          :      623     2048      2048 

	Job terminated of its own accord at 2023-12-14T10:28:50Z with exit-code 0.
...
