000 (1971540.000.000) 2023-12-14 02:17:35 Job submitted from host: <172.24.33.226:11547?addrs=172.24.33.226-11547&alias=sdfrome002.sdf.slac.stanford.edu>
    DAG Node: 335fd626-94c8-423b-91d3-ed9ae1b22a66_ptcIsr_2023111201832_23
...
040 (1971540.000.000) 2023-12-14 02:25:22 Finished transferring input files
...
001 (1971540.000.000) 2023-12-14 02:25:24 Job executing on host: <172.24.48.197:44589?CCBID=172.24.33.225:9618%3faddrs%3d172.24.33.225-9618%26alias%3dsdfrome001.sdf.slac.stanford.edu#6220121&PrivNet=sdfmilan125.sdf.slac.stanford.edu&addrs=172.24.48.197-44589&alias=sdfmilan125.sdf.slac.stanford.edu>
	SlotName: slot_abrought_7640_1_5@sdfmilan125.sdf.slac.stanford.edu
...
006 (1971540.000.000) 2023-12-14 02:25:33 Image size of job updated: 280756
	73  -  MemoryUsage of job (MB)
	74588  -  ResidentSetSize of job (KB)
...
006 (1971540.000.000) 2023-12-14 02:29:54 Image size of job updated: 2102028
	73  -  MemoryUsage of job (MB)
	74588  -  ResidentSetSize of job (KB)
...
040 (1971540.000.000) 2023-12-14 02:29:55 Started transferring output files
...
040 (1971540.000.000) 2023-12-14 02:29:55 Finished transferring output files
...
005 (1971540.000.000) 2023-12-14 02:29:55 Job terminated.
	(1) Normal termination (return value 0)
		Usr 0 00:00:19, Sys 0 00:00:03  -  Run Remote Usage
		Usr 0 00:00:00, Sys 0 00:00:00  -  Run Local Usage
		Usr 0 00:00:19, Sys 0 00:00:03  -  Total Remote Usage
		Usr 0 00:00:00, Sys 0 00:00:00  -  Total Local Usage
	18807  -  Run Bytes Sent By Job
	0  -  Run Bytes Received By Job
	18807  -  Total Bytes Sent By Job
	0  -  Total Bytes Received By Job
	Partitionable Resources :    Usage  Request Allocated 
	   Cpus                 :     0.10        1         1 
	   Disk (KB)            :    97           2    305890 
	   Memory (MB)          :    73        2048      2048 

	Job terminated of its own accord at 2023-12-14T10:29:54Z with exit-code 0.
...
