000 (1969461.000.000) 2023-12-14 02:17:10 Job submitted from host: <172.24.33.226:11547?addrs=172.24.33.226-11547&alias=sdfrome002.sdf.slac.stanford.edu>
    DAG Node: dd1affe8-bb7c-4bd2-b142-afa80440efc9_ptcIsr_2023110800543_23
...
040 (1969461.000.000) 2023-12-14 02:17:52 Finished transferring input files
...
001 (1969461.000.000) 2023-12-14 02:17:52 Job executing on host: <172.24.48.186:33679?CCBID=172.24.33.225:9618%3faddrs%3d172.24.33.225-9618%26alias%3dsdfrome001.sdf.slac.stanford.edu#6219700&PrivNet=sdfmilan114.sdf.slac.stanford.edu&addrs=172.24.48.186-33679&alias=sdfmilan114.sdf.slac.stanford.edu>
	SlotName: slot_abrought_14493_1_7@sdfmilan114.sdf.slac.stanford.edu
...
006 (1969461.000.000) 2023-12-14 02:18:01 Image size of job updated: 26000
	10  -  MemoryUsage of job (MB)
	9504  -  ResidentSetSize of job (KB)
...
006 (1969461.000.000) 2023-12-14 02:18:42 Image size of job updated: 2048232
	10  -  MemoryUsage of job (MB)
	9504  -  ResidentSetSize of job (KB)
...
040 (1969461.000.000) 2023-12-14 02:18:42 Started transferring output files
...
040 (1969461.000.000) 2023-12-14 02:18:42 Finished transferring output files
...
005 (1969461.000.000) 2023-12-14 02:18:42 Job terminated.
	(1) Normal termination (return value 0)
		Usr 0 00:00:21, Sys 0 00:00:04  -  Run Remote Usage
		Usr 0 00:00:00, Sys 0 00:00:00  -  Run Local Usage
		Usr 0 00:00:21, Sys 0 00:00:04  -  Total Remote Usage
		Usr 0 00:00:00, Sys 0 00:00:00  -  Total Local Usage
	18803  -  Run Bytes Sent By Job
	0  -  Run Bytes Received By Job
	18803  -  Total Bytes Sent By Job
	0  -  Total Bytes Received By Job
	Partitionable Resources :    Usage  Request Allocated 
	   Cpus                 :                 1         1 
	   Disk (KB)            :       90        2    312193 
	   Memory (MB)          :       10     2048      2048 

	Job terminated of its own accord at 2023-12-14T10:18:42Z with exit-code 0.
...
