000 (1972708.000.000) 2023-12-14 02:17:48 Job submitted from host: <172.24.33.226:11547?addrs=172.24.33.226-11547&alias=sdfrome002.sdf.slac.stanford.edu>
    DAG Node: d58f8684-6def-48a4-bd92-79845fdf40cd_ptcIsr_2023111300123_23
...
040 (1972708.000.000) 2023-12-14 02:28:45 Finished transferring input files
...
001 (1972708.000.000) 2023-12-14 02:28:45 Job executing on host: <172.24.48.193:46283?CCBID=172.24.33.225:9618%3faddrs%3d172.24.33.225-9618%26alias%3dsdfrome001.sdf.slac.stanford.edu#6219697&PrivNet=sdfmilan121.sdf.slac.stanford.edu&addrs=172.24.48.193-46283&alias=sdfmilan121.sdf.slac.stanford.edu>
	SlotName: slot_abrought_10210_1_1@sdfmilan121.sdf.slac.stanford.edu
...
006 (1972708.000.000) 2023-12-14 02:28:53 Image size of job updated: 294196
	87  -  MemoryUsage of job (MB)
	88632  -  ResidentSetSize of job (KB)
...
006 (1972708.000.000) 2023-12-14 02:29:37 Image size of job updated: 2063324
	650  -  MemoryUsage of job (MB)
	664644  -  ResidentSetSize of job (KB)
...
040 (1972708.000.000) 2023-12-14 02:29:37 Started transferring output files
...
040 (1972708.000.000) 2023-12-14 02:29:37 Finished transferring output files
...
005 (1972708.000.000) 2023-12-14 02:29:37 Job terminated.
	(1) Normal termination (return value 0)
		Usr 0 00:00:26, Sys 0 00:00:03  -  Run Remote Usage
		Usr 0 00:00:00, Sys 0 00:00:00  -  Run Local Usage
		Usr 0 00:00:26, Sys 0 00:00:03  -  Total Remote Usage
		Usr 0 00:00:00, Sys 0 00:00:00  -  Total Local Usage
	18531  -  Run Bytes Sent By Job
	0  -  Run Bytes Received By Job
	18531  -  Total Bytes Sent By Job
	0  -  Total Bytes Received By Job
	Partitionable Resources :    Usage  Request Allocated 
	   Cpus                 :                 1         1 
	   Disk (KB)            :       90        2    311595 
	   Memory (MB)          :      650     2048      2048 

	Job terminated of its own accord at 2023-12-14T10:29:37Z with exit-code 0.
...
