000 (1969913.000.000) 2023-12-14 02:17:13 Job submitted from host: <172.24.33.226:11547?addrs=172.24.33.226-11547&alias=sdfrome002.sdf.slac.stanford.edu>
    DAG Node: 1f09c997-a414-418a-9218-a1cb48dcecd8_ptcIsr_2023111201064_23
...
040 (1969913.000.000) 2023-12-14 02:20:12 Finished transferring input files
...
001 (1969913.000.000) 2023-12-14 02:20:12 Job executing on host: <172.24.33.124:39697?CCBID=172.24.33.225:9618%3faddrs%3d172.24.33.225-9618%26alias%3dsdfrome001.sdf.slac.stanford.edu#6220015&PrivNet=sdfrome059.sdf.slac.stanford.edu&addrs=172.24.33.124-39697&alias=sdfrome059.sdf.slac.stanford.edu>
	SlotName: slot_abrought_7836_1_16@sdfrome059.sdf.slac.stanford.edu
...
006 (1969913.000.000) 2023-12-14 02:20:21 Image size of job updated: 6300
	1  -  MemoryUsage of job (MB)
	60  -  ResidentSetSize of job (KB)
...
006 (1969913.000.000) 2023-12-14 02:21:23 Image size of job updated: 2131340
	1410  -  MemoryUsage of job (MB)
	1443000  -  ResidentSetSize of job (KB)
...
040 (1969913.000.000) 2023-12-14 02:21:23 Started transferring output files
...
040 (1969913.000.000) 2023-12-14 02:21:23 Finished transferring output files
...
005 (1969913.000.000) 2023-12-14 02:21:23 Job terminated.
	(1) Normal termination (return value 0)
		Usr 0 00:00:18, Sys 0 00:00:09  -  Run Remote Usage
		Usr 0 00:00:00, Sys 0 00:00:00  -  Run Local Usage
		Usr 0 00:00:18, Sys 0 00:00:09  -  Total Remote Usage
		Usr 0 00:00:00, Sys 0 00:00:00  -  Total Local Usage
	18801  -  Run Bytes Sent By Job
	0  -  Run Bytes Received By Job
	18801  -  Total Bytes Sent By Job
	0  -  Total Bytes Received By Job
	Partitionable Resources :    Usage  Request Allocated 
	   Cpus                 :                 1         1 
	   Disk (KB)            :       90        2    312194 
	   Memory (MB)          :     1410     2048      2048 

	Job terminated of its own accord at 2023-12-14T10:21:23Z with exit-code 0.
...
