000 (1970714.000.000) 2023-12-14 02:17:24 Job submitted from host: <172.24.33.226:11547?addrs=172.24.33.226-11547&alias=sdfrome002.sdf.slac.stanford.edu>
    DAG Node: f3edbe2b-16c2-4aab-aae4-db0a58280d02_ptcIsr_2023111202837_23
...
040 (1970714.000.000) 2023-12-14 02:22:57 Finished transferring input files
...
001 (1970714.000.000) 2023-12-14 02:22:57 Job executing on host: <172.24.48.193:46283?CCBID=172.24.33.225:9618%3faddrs%3d172.24.33.225-9618%26alias%3dsdfrome001.sdf.slac.stanford.edu#6219697&PrivNet=sdfmilan121.sdf.slac.stanford.edu&addrs=172.24.48.193-46283&alias=sdfmilan121.sdf.slac.stanford.edu>
	SlotName: slot_abrought_10210_1_6@sdfmilan121.sdf.slac.stanford.edu
...
006 (1970714.000.000) 2023-12-14 02:23:06 Image size of job updated: 308984
	100  -  MemoryUsage of job (MB)
	101608  -  ResidentSetSize of job (KB)
...
006 (1970714.000.000) 2023-12-14 02:23:54 Image size of job updated: 2135168
	1313  -  MemoryUsage of job (MB)
	1344456  -  ResidentSetSize of job (KB)
...
040 (1970714.000.000) 2023-12-14 02:23:54 Started transferring output files
...
040 (1970714.000.000) 2023-12-14 02:23:54 Finished transferring output files
...
005 (1970714.000.000) 2023-12-14 02:23:54 Job terminated.
	(1) Normal termination (return value 0)
		Usr 0 00:00:22, Sys 0 00:00:03  -  Run Remote Usage
		Usr 0 00:00:00, Sys 0 00:00:00  -  Run Local Usage
		Usr 0 00:00:22, Sys 0 00:00:03  -  Total Remote Usage
		Usr 0 00:00:00, Sys 0 00:00:00  -  Total Local Usage
	19073  -  Run Bytes Sent By Job
	0  -  Run Bytes Received By Job
	19073  -  Total Bytes Sent By Job
	0  -  Total Bytes Received By Job
	Partitionable Resources :    Usage  Request Allocated 
	   Cpus                 :                 1         1 
	   Disk (KB)            :       91        2    311595 
	   Memory (MB)          :     1313     2048      2048 

	Job terminated of its own accord at 2023-12-14T10:23:54Z with exit-code 0.
...
