000 (1973501.000.000) 2023-12-14 02:42:28 Job submitted from host: <172.24.33.226:11547?addrs=172.24.33.226-11547&alias=sdfrome002.sdf.slac.stanford.edu>
    DAG Node: 57d44e49-f353-4ac8-bba7-6e03734757e9_ptcSolve_23
...
040 (1973501.000.000) 2023-12-14 02:42:29 Finished transferring input files
...
001 (1973501.000.000) 2023-12-14 02:42:29 Job executing on host: <172.24.33.213:43829?CCBID=172.24.33.225:9618%3faddrs%3d172.24.33.225-9618%26alias%3dsdfrome001.sdf.slac.stanford.edu#6220038&PrivNet=sdfrome022.sdf.slac.stanford.edu&addrs=172.24.33.213-43829&alias=sdfrome022.sdf.slac.stanford.edu>
	SlotName: slot_abrought_31850_1_19@sdfrome022.sdf.slac.stanford.edu
...
006 (1973501.000.000) 2023-12-14 02:42:37 Image size of job updated: 2
	6  -  MemoryUsage of job (MB)
	5132  -  ResidentSetSize of job (KB)
...
006 (1973501.000.000) 2023-12-14 02:47:37 Image size of job updated: 1478152
	436  -  MemoryUsage of job (MB)
	445716  -  ResidentSetSize of job (KB)
...
040 (1973501.000.000) 2023-12-14 03:19:10 Started transferring output files
...
040 (1973501.000.000) 2023-12-14 03:19:10 Finished transferring output files
...
005 (1973501.000.000) 2023-12-14 03:19:10 Job terminated.
	(1) Normal termination (return value 0)
		Usr 0 00:36:19, Sys 0 00:00:00  -  Run Remote Usage
		Usr 0 00:00:00, Sys 0 00:00:00  -  Run Local Usage
		Usr 0 00:36:19, Sys 0 00:00:00  -  Total Remote Usage
		Usr 0 00:00:00, Sys 0 00:00:00  -  Total Local Usage
	7682  -  Run Bytes Sent By Job
	0  -  Run Bytes Received By Job
	7682  -  Total Bytes Sent By Job
	0  -  Total Bytes Received By Job
	Partitionable Resources :    Usage  Request Allocated 
	   Cpus                 :     0.99        1         1 
	   Disk (KB)            :    86           2    312194 
	   Memory (MB)          :   436        2048      2048 

	Job terminated of its own accord at 2023-12-14T11:19:10Z with exit-code 0.
...
