000 (1972746.000.000) 2023-12-14 02:17:48 Job submitted from host: <172.24.33.226:11547?addrs=172.24.33.226-11547&alias=sdfrome002.sdf.slac.stanford.edu>
    DAG Node: 4071ce9c-cff5-439f-b793-af556d862185_ptcIsr_2023111301124_23
...
040 (1972746.000.000) 2023-12-14 02:28:52 Finished transferring input files
...
001 (1972746.000.000) 2023-12-14 02:28:52 Job executing on host: <172.24.48.185:41489?CCBID=172.24.33.225:9618%3faddrs%3d172.24.33.225-9618%26alias%3dsdfrome001.sdf.slac.stanford.edu#6219699&PrivNet=sdfmilan113.sdf.slac.stanford.edu&addrs=172.24.48.185-41489&alias=sdfmilan113.sdf.slac.stanford.edu>
	SlotName: slot_abrought_18623_1_7@sdfmilan113.sdf.slac.stanford.edu
...
006 (1972746.000.000) 2023-12-14 02:29:01 Image size of job updated: 275896
	70  -  MemoryUsage of job (MB)
	71120  -  ResidentSetSize of job (KB)
...
006 (1972746.000.000) 2023-12-14 02:29:57 Image size of job updated: 2170048
	618  -  MemoryUsage of job (MB)
	632460  -  ResidentSetSize of job (KB)
...
040 (1972746.000.000) 2023-12-14 02:29:58 Started transferring output files
...
040 (1972746.000.000) 2023-12-14 02:29:58 Finished transferring output files
...
005 (1972746.000.000) 2023-12-14 02:29:58 Job terminated.
	(1) Normal termination (return value 0)
		Usr 0 00:00:21, Sys 0 00:00:03  -  Run Remote Usage
		Usr 0 00:00:00, Sys 0 00:00:00  -  Run Local Usage
		Usr 0 00:00:21, Sys 0 00:00:03  -  Total Remote Usage
		Usr 0 00:00:00, Sys 0 00:00:00  -  Total Local Usage
	19074  -  Run Bytes Sent By Job
	0  -  Run Bytes Received By Job
	19074  -  Total Bytes Sent By Job
	0  -  Total Bytes Received By Job
	Partitionable Resources :    Usage  Request Allocated 
	   Cpus                 :                 1         1 
	   Disk (KB)            :       91        2    312194 
	   Memory (MB)          :      618     2048      2048 

	Job terminated of its own accord at 2023-12-14T10:29:57Z with exit-code 0.
...
