000 (1973481.000.000) 2023-12-14 02:18:01 Job submitted from host: <172.24.33.226:11547?addrs=172.24.33.226-11547&alias=sdfrome002.sdf.slac.stanford.edu>
    DAG Node: 33d892e6-3e28-4451-b025-feb0ce5a8d48_ptcIsr_2023111101758_23
...
040 (1973481.000.000) 2023-12-14 02:30:48 Finished transferring input files
...
001 (1973481.000.000) 2023-12-14 02:30:48 Job executing on host: <172.24.33.143:42517?CCBID=172.24.33.225:9618%3faddrs%3d172.24.33.225-9618%26alias%3dsdfrome001.sdf.slac.stanford.edu#6220496&PrivNet=sdfrome078.sdf.slac.stanford.edu&addrs=172.24.33.143-42517&alias=sdfrome078.sdf.slac.stanford.edu>
	SlotName: slot_abrought_19079_1_15@sdfrome078.sdf.slac.stanford.edu
...
006 (1973481.000.000) 2023-12-14 02:30:57 Image size of job updated: 615880
	245  -  MemoryUsage of job (MB)
	250064  -  ResidentSetSize of job (KB)
...
006 (1973481.000.000) 2023-12-14 02:31:21 Image size of job updated: 2104948
	245  -  MemoryUsage of job (MB)
	250064  -  ResidentSetSize of job (KB)
...
040 (1973481.000.000) 2023-12-14 02:31:21 Started transferring output files
...
040 (1973481.000.000) 2023-12-14 02:31:21 Finished transferring output files
...
005 (1973481.000.000) 2023-12-14 02:31:21 Job terminated.
	(1) Normal termination (return value 0)
		Usr 0 00:00:22, Sys 0 00:00:03  -  Run Remote Usage
		Usr 0 00:00:00, Sys 0 00:00:00  -  Run Local Usage
		Usr 0 00:00:22, Sys 0 00:00:03  -  Total Remote Usage
		Usr 0 00:00:00, Sys 0 00:00:00  -  Total Local Usage
	19075  -  Run Bytes Sent By Job
	0  -  Run Bytes Received By Job
	19075  -  Total Bytes Sent By Job
	0  -  Total Bytes Received By Job
	Partitionable Resources :    Usage  Request Allocated 
	   Cpus                 :                 1         1 
	   Disk (KB)            :       91        2    312194 
	   Memory (MB)          :      245     2048      2048 

	Job terminated of its own accord at 2023-12-14T10:31:21Z with exit-code 0.
...
