000 (1973341.000.000) 2023-12-14 02:17:55 Job submitted from host: <172.24.33.226:11547?addrs=172.24.33.226-11547&alias=sdfrome002.sdf.slac.stanford.edu>
    DAG Node: 6d132fe0-c41d-4645-88ea-792abfc01da5_ptcIsr_2023111200821_23
...
040 (1973341.000.000) 2023-12-14 02:30:24 Finished transferring input files
...
001 (1973341.000.000) 2023-12-14 02:30:24 Job executing on host: <172.24.33.124:39661?CCBID=172.24.33.225:9618%3faddrs%3d172.24.33.225-9618%26alias%3dsdfrome001.sdf.slac.stanford.edu#6220018&PrivNet=sdfrome059.sdf.slac.stanford.edu&addrs=172.24.33.124-39661&alias=sdfrome059.sdf.slac.stanford.edu>
	SlotName: slot_abrought_25802_1_12@sdfrome059.sdf.slac.stanford.edu
...
006 (1973341.000.000) 2023-12-14 02:30:33 Image size of job updated: 290932
	84  -  MemoryUsage of job (MB)
	85008  -  ResidentSetSize of job (KB)
...
006 (1973341.000.000) 2023-12-14 02:31:12 Image size of job updated: 2119444
	628  -  MemoryUsage of job (MB)
	642708  -  ResidentSetSize of job (KB)
...
040 (1973341.000.000) 2023-12-14 02:31:12 Started transferring output files
...
040 (1973341.000.000) 2023-12-14 02:31:12 Finished transferring output files
...
005 (1973341.000.000) 2023-12-14 02:31:12 Job terminated.
	(1) Normal termination (return value 0)
		Usr 0 00:00:24, Sys 0 00:00:05  -  Run Remote Usage
		Usr 0 00:00:00, Sys 0 00:00:00  -  Run Local Usage
		Usr 0 00:00:24, Sys 0 00:00:05  -  Total Remote Usage
		Usr 0 00:00:00, Sys 0 00:00:00  -  Total Local Usage
	19073  -  Run Bytes Sent By Job
	0  -  Run Bytes Received By Job
	19073  -  Total Bytes Sent By Job
	0  -  Total Bytes Received By Job
	Partitionable Resources :    Usage  Request Allocated 
	   Cpus                 :                 1         1 
	   Disk (KB)            :       91        2    312194 
	   Memory (MB)          :      628     2048      2048 

	Job terminated of its own accord at 2023-12-14T10:31:12Z with exit-code 0.
...
