000 (1970462.000.000) 2023-12-14 02:17:19 Job submitted from host: <172.24.33.226:11547?addrs=172.24.33.226-11547&alias=sdfrome002.sdf.slac.stanford.edu>
    DAG Node: 30b03a81-f25b-4e3b-a8a3-49722a71b8b1_ptcIsr_2023111201224_23
...
040 (1970462.000.000) 2023-12-14 02:22:05 Finished transferring input files
...
001 (1970462.000.000) 2023-12-14 02:22:05 Job executing on host: <172.24.48.185:41489?CCBID=172.24.33.225:9618%3faddrs%3d172.24.33.225-9618%26alias%3dsdfrome001.sdf.slac.stanford.edu#6219699&PrivNet=sdfmilan113.sdf.slac.stanford.edu&addrs=172.24.48.185-41489&alias=sdfmilan113.sdf.slac.stanford.edu>
	SlotName: slot_abrought_18623_1_14@sdfmilan113.sdf.slac.stanford.edu
...
006 (1970462.000.000) 2023-12-14 02:22:14 Image size of job updated: 263016
	58  -  MemoryUsage of job (MB)
	58780  -  ResidentSetSize of job (KB)
...
006 (1970462.000.000) 2023-12-14 02:23:02 Image size of job updated: 2047992
	58  -  MemoryUsage of job (MB)
	58780  -  ResidentSetSize of job (KB)
...
040 (1970462.000.000) 2023-12-14 02:23:02 Started transferring output files
...
040 (1970462.000.000) 2023-12-14 02:23:02 Finished transferring output files
...
005 (1970462.000.000) 2023-12-14 02:23:02 Job terminated.
	(1) Normal termination (return value 0)
		Usr 0 00:00:18, Sys 0 00:00:03  -  Run Remote Usage
		Usr 0 00:00:00, Sys 0 00:00:00  -  Run Local Usage
		Usr 0 00:00:18, Sys 0 00:00:03  -  Total Remote Usage
		Usr 0 00:00:00, Sys 0 00:00:00  -  Total Local Usage
	18804  -  Run Bytes Sent By Job
	0  -  Run Bytes Received By Job
	18804  -  Total Bytes Sent By Job
	0  -  Total Bytes Received By Job
	Partitionable Resources :    Usage  Request Allocated 
	   Cpus                 :                 1         1 
	   Disk (KB)            :       90        2    312194 
	   Memory (MB)          :       58     2048      2048 

	Job terminated of its own accord at 2023-12-14T10:23:02Z with exit-code 0.
...
