000 (1970769.000.000) 2023-12-14 02:17:24 Job submitted from host: <172.24.33.226:11547?addrs=172.24.33.226-11547&alias=sdfrome002.sdf.slac.stanford.edu>
    DAG Node: 5b86c752-cba3-4246-8ec6-7a447534907a_ptcIsr_2023111203057_23
...
040 (1970769.000.000) 2023-12-14 02:23:04 Finished transferring input files
...
001 (1970769.000.000) 2023-12-14 02:23:04 Job executing on host: <172.24.33.213:33037?CCBID=172.24.33.225:9618%3faddrs%3d172.24.33.225-9618%26alias%3dsdfrome001.sdf.slac.stanford.edu#6220039&PrivNet=sdfrome022.sdf.slac.stanford.edu&addrs=172.24.33.213-33037&alias=sdfrome022.sdf.slac.stanford.edu>
	SlotName: slot_abrought_15721_1_4@sdfrome022.sdf.slac.stanford.edu
...
006 (1970769.000.000) 2023-12-14 02:23:13 Image size of job updated: 295272
	87  -  MemoryUsage of job (MB)
	88824  -  ResidentSetSize of job (KB)
...
006 (1970769.000.000) 2023-12-14 02:23:57 Image size of job updated: 1971088
	1248  -  MemoryUsage of job (MB)
	1277836  -  ResidentSetSize of job (KB)
...
040 (1970769.000.000) 2023-12-14 02:23:58 Started transferring output files
...
040 (1970769.000.000) 2023-12-14 02:23:58 Finished transferring output files
...
005 (1970769.000.000) 2023-12-14 02:23:58 Job terminated.
	(1) Normal termination (return value 0)
		Usr 0 00:00:10, Sys 0 00:00:02  -  Run Remote Usage
		Usr 0 00:00:00, Sys 0 00:00:00  -  Run Local Usage
		Usr 0 00:00:10, Sys 0 00:00:02  -  Total Remote Usage
		Usr 0 00:00:00, Sys 0 00:00:00  -  Total Local Usage
	18801  -  Run Bytes Sent By Job
	0  -  Run Bytes Received By Job
	18801  -  Total Bytes Sent By Job
	0  -  Total Bytes Received By Job
	Partitionable Resources :    Usage  Request Allocated 
	   Cpus                 :                 1         1 
	   Disk (KB)            :       90        2    312194 
	   Memory (MB)          :     1248     2048      2048 

	Job terminated of its own accord at 2023-12-14T10:23:57Z with exit-code 0.
...
