000 (1972643.000.000) 2023-12-14 02:17:47 Job submitted from host: <172.24.33.226:11547?addrs=172.24.33.226-11547&alias=sdfrome002.sdf.slac.stanford.edu>
    DAG Node: fc98c573-febc-4b1b-b44f-40dbc457bd3e_ptcIsr_2023111203686_23
...
040 (1972643.000.000) 2023-12-14 02:28:33 Finished transferring input files
...
001 (1972643.000.000) 2023-12-14 02:28:33 Job executing on host: <172.24.33.143:37205?CCBID=172.24.33.225:9618%3faddrs%3d172.24.33.225-9618%26alias%3dsdfrome001.sdf.slac.stanford.edu#6220499&PrivNet=sdfrome078.sdf.slac.stanford.edu&addrs=172.24.33.143-37205&alias=sdfrome078.sdf.slac.stanford.edu>
	SlotName: slot_abrought_7348_1_15@sdfrome078.sdf.slac.stanford.edu
...
006 (1972643.000.000) 2023-12-14 02:28:42 Image size of job updated: 278148
	71  -  MemoryUsage of job (MB)
	72544  -  ResidentSetSize of job (KB)
...
006 (1972643.000.000) 2023-12-14 02:29:41 Image size of job updated: 2170484
	666  -  MemoryUsage of job (MB)
	681452  -  ResidentSetSize of job (KB)
...
040 (1972643.000.000) 2023-12-14 02:29:42 Started transferring output files
...
040 (1972643.000.000) 2023-12-14 02:29:42 Finished transferring output files
...
005 (1972643.000.000) 2023-12-14 02:29:42 Job terminated.
	(1) Normal termination (return value 0)
		Usr 0 00:00:20, Sys 0 00:00:03  -  Run Remote Usage
		Usr 0 00:00:00, Sys 0 00:00:00  -  Run Local Usage
		Usr 0 00:00:20, Sys 0 00:00:03  -  Total Remote Usage
		Usr 0 00:00:00, Sys 0 00:00:00  -  Total Local Usage
	19073  -  Run Bytes Sent By Job
	0  -  Run Bytes Received By Job
	19073  -  Total Bytes Sent By Job
	0  -  Total Bytes Received By Job
	Partitionable Resources :    Usage  Request Allocated 
	   Cpus                 :                 1         1 
	   Disk (KB)            :       91        2    312194 
	   Memory (MB)          :      666     2048      2048 

	Job terminated of its own accord at 2023-12-14T10:29:41Z with exit-code 0.
...
