000 (1971870.000.000) 2023-12-14 02:17:37 Job submitted from host: <172.24.33.226:11547?addrs=172.24.33.226-11547&alias=sdfrome002.sdf.slac.stanford.edu>
    DAG Node: 004bf441-a622-46d5-8bd7-edb3082f25ae_ptcIsr_2023111101774_23
...
040 (1971870.000.000) 2023-12-14 02:26:13 Finished transferring input files
...
001 (1971870.000.000) 2023-12-14 02:26:13 Job executing on host: <172.24.33.124:45647?CCBID=172.24.33.225:9618%3faddrs%3d172.24.33.225-9618%26alias%3dsdfrome001.sdf.slac.stanford.edu#6220016&PrivNet=sdfrome059.sdf.slac.stanford.edu&addrs=172.24.33.124-45647&alias=sdfrome059.sdf.slac.stanford.edu>
	SlotName: slot_abrought_13532_1_3@sdfrome059.sdf.slac.stanford.edu
...
006 (1971870.000.000) 2023-12-14 02:26:23 Image size of job updated: 275896
	70  -  MemoryUsage of job (MB)
	71504  -  ResidentSetSize of job (KB)
...
006 (1971870.000.000) 2023-12-14 02:29:20 Image size of job updated: 2118160
	638  -  MemoryUsage of job (MB)
	652340  -  ResidentSetSize of job (KB)
...
040 (1971870.000.000) 2023-12-14 02:29:21 Started transferring output files
...
040 (1971870.000.000) 2023-12-14 02:29:21 Finished transferring output files
...
005 (1971870.000.000) 2023-12-14 02:29:21 Job terminated.
	(1) Normal termination (return value 0)
		Usr 0 00:00:19, Sys 0 00:00:03  -  Run Remote Usage
		Usr 0 00:00:00, Sys 0 00:00:00  -  Run Local Usage
		Usr 0 00:00:19, Sys 0 00:00:03  -  Total Remote Usage
		Usr 0 00:00:00, Sys 0 00:00:00  -  Total Local Usage
	19074  -  Run Bytes Sent By Job
	0  -  Run Bytes Received By Job
	19074  -  Total Bytes Sent By Job
	0  -  Total Bytes Received By Job
	Partitionable Resources :    Usage  Request Allocated 
	   Cpus                 :     0.13        1         1 
	   Disk (KB)            :    97           2    312194 
	   Memory (MB)          :   638        2048      2048 

	Job terminated of its own accord at 2023-12-14T10:29:20Z with exit-code 0.
...
