000 (1973363.000.000) 2023-12-14 02:17:55 Job submitted from host: <172.24.33.226:11547?addrs=172.24.33.226-11547&alias=sdfrome002.sdf.slac.stanford.edu>
    DAG Node: 3e58fa4e-1f15-4b79-9f09-96b64fa89421_ptcIsr_2023111200789_23
...
040 (1973363.000.000) 2023-12-14 02:30:29 Finished transferring input files
...
001 (1973363.000.000) 2023-12-14 02:30:29 Job executing on host: <172.24.33.124:44469?CCBID=172.24.33.225:9618%3faddrs%3d172.24.33.225-9618%26alias%3dsdfrome001.sdf.slac.stanford.edu#6220017&PrivNet=sdfrome059.sdf.slac.stanford.edu&addrs=172.24.33.124-44469&alias=sdfrome059.sdf.slac.stanford.edu>
	SlotName: slot_abrought_2668_1_11@sdfrome059.sdf.slac.stanford.edu
...
006 (1973363.000.000) 2023-12-14 02:30:38 Image size of job updated: 287436
	80  -  MemoryUsage of job (MB)
	81276  -  ResidentSetSize of job (KB)
...
006 (1973363.000.000) 2023-12-14 02:31:37 Image size of job updated: 2063324
	648  -  MemoryUsage of job (MB)
	662980  -  ResidentSetSize of job (KB)
...
040 (1973363.000.000) 2023-12-14 02:31:37 Started transferring output files
...
040 (1973363.000.000) 2023-12-14 02:31:37 Finished transferring output files
...
005 (1973363.000.000) 2023-12-14 02:31:37 Job terminated.
	(1) Normal termination (return value 0)
		Usr 0 00:00:24, Sys 0 00:00:04  -  Run Remote Usage
		Usr 0 00:00:00, Sys 0 00:00:00  -  Run Local Usage
		Usr 0 00:00:24, Sys 0 00:00:04  -  Total Remote Usage
		Usr 0 00:00:00, Sys 0 00:00:00  -  Total Local Usage
	18532  -  Run Bytes Sent By Job
	0  -  Run Bytes Received By Job
	18532  -  Total Bytes Sent By Job
	0  -  Total Bytes Received By Job
	Partitionable Resources :    Usage  Request Allocated 
	   Cpus                 :                 1         1 
	   Disk (KB)            :       90        2    312194 
	   Memory (MB)          :      648     2048      2048 

	Job terminated of its own accord at 2023-12-14T10:31:37Z with exit-code 0.
...
