000 (1970497.000.000) 2023-12-14 02:17:23 Job submitted from host: <172.24.33.226:11547?addrs=172.24.33.226-11547&alias=sdfrome002.sdf.slac.stanford.edu>
    DAG Node: 98a92eab-e1e7-45a2-9d5f-a441127944e1_ptcIsr_2023111202025_23
...
040 (1970497.000.000) 2023-12-14 02:22:09 Finished transferring input files
...
001 (1970497.000.000) 2023-12-14 02:22:09 Job executing on host: <172.24.33.124:39697?CCBID=172.24.33.225:9618%3faddrs%3d172.24.33.225-9618%26alias%3dsdfrome001.sdf.slac.stanford.edu#6220015&PrivNet=sdfrome059.sdf.slac.stanford.edu&addrs=172.24.33.124-39697&alias=sdfrome059.sdf.slac.stanford.edu>
	SlotName: slot_abrought_7836_1_5@sdfrome059.sdf.slac.stanford.edu
...
006 (1970497.000.000) 2023-12-14 02:22:18 Image size of job updated: 362092
	145  -  MemoryUsage of job (MB)
	147952  -  ResidentSetSize of job (KB)
...
006 (1970497.000.000) 2023-12-14 02:22:57 Image size of job updated: 2121764
	624  -  MemoryUsage of job (MB)
	638096  -  ResidentSetSize of job (KB)
...
040 (1970497.000.000) 2023-12-14 02:22:57 Started transferring output files
...
040 (1970497.000.000) 2023-12-14 02:22:57 Finished transferring output files
...
005 (1970497.000.000) 2023-12-14 02:22:58 Job terminated.
	(1) Normal termination (return value 0)
		Usr 0 00:00:23, Sys 0 00:00:06  -  Run Remote Usage
		Usr 0 00:00:00, Sys 0 00:00:00  -  Run Local Usage
		Usr 0 00:00:23, Sys 0 00:00:06  -  Total Remote Usage
		Usr 0 00:00:00, Sys 0 00:00:00  -  Total Local Usage
	19073  -  Run Bytes Sent By Job
	0  -  Run Bytes Received By Job
	19073  -  Total Bytes Sent By Job
	0  -  Total Bytes Received By Job
	Partitionable Resources :    Usage  Request Allocated 
	   Cpus                 :                 1         1 
	   Disk (KB)            :       91        2    312194 
	   Memory (MB)          :      624     2048      2048 

	Job terminated of its own accord at 2023-12-14T10:22:57Z with exit-code 0.
...
