000 (1972426.000.000) 2023-12-14 02:17:43 Job submitted from host: <172.24.33.226:11547?addrs=172.24.33.226-11547&alias=sdfrome002.sdf.slac.stanford.edu>
    DAG Node: e180270c-894f-4252-9606-8f58cab552cb_ptcIsr_2023111101669_23
...
040 (1972426.000.000) 2023-12-14 02:27:51 Finished transferring input files
...
001 (1972426.000.000) 2023-12-14 02:27:51 Job executing on host: <172.24.33.213:33037?CCBID=172.24.33.225:9618%3faddrs%3d172.24.33.225-9618%26alias%3dsdfrome001.sdf.slac.stanford.edu#6220039&PrivNet=sdfrome022.sdf.slac.stanford.edu&addrs=172.24.33.213-33037&alias=sdfrome022.sdf.slac.stanford.edu>
	SlotName: slot_abrought_15721_1_5@sdfrome022.sdf.slac.stanford.edu
...
006 (1972426.000.000) 2023-12-14 02:28:00 Image size of job updated: 280756
	74  -  MemoryUsage of job (MB)
	74784  -  ResidentSetSize of job (KB)
...
006 (1972426.000.000) 2023-12-14 02:28:59 Image size of job updated: 2068580
	1275  -  MemoryUsage of job (MB)
	1305092  -  ResidentSetSize of job (KB)
...
040 (1972426.000.000) 2023-12-14 02:28:59 Started transferring output files
...
040 (1972426.000.000) 2023-12-14 02:28:59 Finished transferring output files
...
005 (1972426.000.000) 2023-12-14 02:28:59 Job terminated.
	(1) Normal termination (return value 0)
		Usr 0 00:00:19, Sys 0 00:00:03  -  Run Remote Usage
		Usr 0 00:00:00, Sys 0 00:00:00  -  Run Local Usage
		Usr 0 00:00:19, Sys 0 00:00:03  -  Total Remote Usage
		Usr 0 00:00:00, Sys 0 00:00:00  -  Total Local Usage
	18802  -  Run Bytes Sent By Job
	0  -  Run Bytes Received By Job
	18802  -  Total Bytes Sent By Job
	0  -  Total Bytes Received By Job
	Partitionable Resources :    Usage  Request Allocated 
	   Cpus                 :                 1         1 
	   Disk (KB)            :       90        2    312194 
	   Memory (MB)          :     1275     2048      2048 

	Job terminated of its own accord at 2023-12-14T10:28:59Z with exit-code 0.
...
