000 (1973090.000.000) 2023-12-14 02:17:52 Job submitted from host: <172.24.33.226:11547?addrs=172.24.33.226-11547&alias=sdfrome002.sdf.slac.stanford.edu>
    DAG Node: d359bdf9-c0a6-47f4-9f59-b99723b8efd8_ptcIsr_2023111201986_23
...
040 (1973090.000.000) 2023-12-14 02:29:50 Finished transferring input files
...
001 (1973090.000.000) 2023-12-14 02:29:50 Job executing on host: <172.24.48.193:46283?CCBID=172.24.33.225:9618%3faddrs%3d172.24.33.225-9618%26alias%3dsdfrome001.sdf.slac.stanford.edu#6219697&PrivNet=sdfmilan121.sdf.slac.stanford.edu&addrs=172.24.48.193-46283&alias=sdfmilan121.sdf.slac.stanford.edu>
	SlotName: slot_abrought_10210_1_3@sdfmilan121.sdf.slac.stanford.edu
...
006 (1973090.000.000) 2023-12-14 02:29:58 Image size of job updated: 57412
	28  -  MemoryUsage of job (MB)
	28272  -  ResidentSetSize of job (KB)
...
006 (1973090.000.000) 2023-12-14 02:30:43 Image size of job updated: 2068536
	666  -  MemoryUsage of job (MB)
	681616  -  ResidentSetSize of job (KB)
...
040 (1973090.000.000) 2023-12-14 02:30:43 Started transferring output files
...
040 (1973090.000.000) 2023-12-14 02:30:43 Finished transferring output files
...
005 (1973090.000.000) 2023-12-14 02:30:43 Job terminated.
	(1) Normal termination (return value 0)
		Usr 0 00:00:16, Sys 0 00:00:03  -  Run Remote Usage
		Usr 0 00:00:00, Sys 0 00:00:00  -  Run Local Usage
		Usr 0 00:00:16, Sys 0 00:00:03  -  Total Remote Usage
		Usr 0 00:00:00, Sys 0 00:00:00  -  Total Local Usage
	18975  -  Run Bytes Sent By Job
	0  -  Run Bytes Received By Job
	18975  -  Total Bytes Sent By Job
	0  -  Total Bytes Received By Job
	Partitionable Resources :    Usage  Request Allocated 
	   Cpus                 :                 1         1 
	   Disk (KB)            :       91        2    311595 
	   Memory (MB)          :      666     2048      2048 

	Job terminated of its own accord at 2023-12-14T10:30:43Z with exit-code 0.
...
