000 (1971988.000.000) 2023-12-14 02:17:38 Job submitted from host: <172.24.33.226:11547?addrs=172.24.33.226-11547&alias=sdfrome002.sdf.slac.stanford.edu>
    DAG Node: ca90d87d-3340-4fb8-9311-4502b5412fa1_ptcIsr_2023111200171_23
...
040 (1971988.000.000) 2023-12-14 02:26:34 Finished transferring input files
...
001 (1971988.000.000) 2023-12-14 02:26:34 Job executing on host: <172.24.48.193:46283?CCBID=172.24.33.225:9618%3faddrs%3d172.24.33.225-9618%26alias%3dsdfrome001.sdf.slac.stanford.edu#6219697&PrivNet=sdfmilan121.sdf.slac.stanford.edu&addrs=172.24.48.193-46283&alias=sdfmilan121.sdf.slac.stanford.edu>
	SlotName: slot_abrought_10210_1_19@sdfmilan121.sdf.slac.stanford.edu
...
006 (1971988.000.000) 2023-12-14 02:26:43 Image size of job updated: 292292
	84  -  MemoryUsage of job (MB)
	85912  -  ResidentSetSize of job (KB)
...
006 (1971988.000.000) 2023-12-14 02:27:28 Image size of job updated: 1989172
	617  -  MemoryUsage of job (MB)
	630800  -  ResidentSetSize of job (KB)
...
040 (1971988.000.000) 2023-12-14 02:27:28 Started transferring output files
...
040 (1971988.000.000) 2023-12-14 02:27:28 Finished transferring output files
...
005 (1971988.000.000) 2023-12-14 02:27:28 Job terminated.
	(1) Normal termination (return value 0)
		Usr 0 00:00:21, Sys 0 00:00:03  -  Run Remote Usage
		Usr 0 00:00:00, Sys 0 00:00:00  -  Run Local Usage
		Usr 0 00:00:21, Sys 0 00:00:03  -  Total Remote Usage
		Usr 0 00:00:00, Sys 0 00:00:00  -  Total Local Usage
	18804  -  Run Bytes Sent By Job
	0  -  Run Bytes Received By Job
	18804  -  Total Bytes Sent By Job
	0  -  Total Bytes Received By Job
	Partitionable Resources :    Usage  Request Allocated 
	   Cpus                 :        0        1         1 
	   Disk (KB)            :       97        2    311595 
	   Memory (MB)          :      617     2048      2048 

	Job terminated of its own accord at 2023-12-14T10:27:28Z with exit-code 0.
...
