000 (1972961.000.000) 2023-12-14 02:17:50 Job submitted from host: <172.24.33.226:11547?addrs=172.24.33.226-11547&alias=sdfrome002.sdf.slac.stanford.edu>
    DAG Node: 4d34f3bc-5910-4069-a8ab-fea627d10348_ptcIsr_2023111101506_23
...
040 (1972961.000.000) 2023-12-14 02:29:31 Finished transferring input files
...
001 (1972961.000.000) 2023-12-14 02:29:31 Job executing on host: <172.24.33.124:33703?CCBID=172.24.33.225:9618%3faddrs%3d172.24.33.225-9618%26alias%3dsdfrome001.sdf.slac.stanford.edu#6220014&PrivNet=sdfrome059.sdf.slac.stanford.edu&addrs=172.24.33.124-33703&alias=sdfrome059.sdf.slac.stanford.edu>
	SlotName: slot_abrought_11420_1_11@sdfrome059.sdf.slac.stanford.edu
...
006 (1972961.000.000) 2023-12-14 02:29:40 Image size of job updated: 260816
	56  -  MemoryUsage of job (MB)
	56688  -  ResidentSetSize of job (KB)
...
006 (1972961.000.000) 2023-12-14 02:33:56 Image size of job updated: 2063324
	614  -  MemoryUsage of job (MB)
	628140  -  ResidentSetSize of job (KB)
...
040 (1972961.000.000) 2023-12-14 02:33:56 Started transferring output files
...
040 (1972961.000.000) 2023-12-14 02:33:56 Finished transferring output files
...
005 (1972961.000.000) 2023-12-14 02:33:56 Job terminated.
	(1) Normal termination (return value 0)
		Usr 0 00:00:21, Sys 0 00:00:03  -  Run Remote Usage
		Usr 0 00:00:00, Sys 0 00:00:00  -  Run Local Usage
		Usr 0 00:00:21, Sys 0 00:00:03  -  Total Remote Usage
		Usr 0 00:00:00, Sys 0 00:00:00  -  Total Local Usage
	18533  -  Run Bytes Sent By Job
	0  -  Run Bytes Received By Job
	18533  -  Total Bytes Sent By Job
	0  -  Total Bytes Received By Job
	Partitionable Resources :    Usage  Request Allocated 
	   Cpus                 :                 1         1 
	   Disk (KB)            :       90        2    312194 
	   Memory (MB)          :      614     2048      2048 

	Job terminated of its own accord at 2023-12-14T10:33:56Z with exit-code 0.
...
