000 (1972035.000.000) 2023-12-14 02:17:40 Job submitted from host: <172.24.33.226:11547?addrs=172.24.33.226-11547&alias=sdfrome002.sdf.slac.stanford.edu>
    DAG Node: 42863786-dcbe-438d-a2e3-a9e4fc30a0aa_ptcIsr_2023111202442_23
...
040 (1972035.000.000) 2023-12-14 02:26:45 Finished transferring input files
...
001 (1972035.000.000) 2023-12-14 02:26:45 Job executing on host: <172.24.48.193:46283?CCBID=172.24.33.225:9618%3faddrs%3d172.24.33.225-9618%26alias%3dsdfrome001.sdf.slac.stanford.edu#6219697&PrivNet=sdfmilan121.sdf.slac.stanford.edu&addrs=172.24.48.193-46283&alias=sdfmilan121.sdf.slac.stanford.edu>
	SlotName: slot_abrought_10210_1_1@sdfmilan121.sdf.slac.stanford.edu
...
006 (1972035.000.000) 2023-12-14 02:26:54 Image size of job updated: 327584
	114  -  MemoryUsage of job (MB)
	116720  -  ResidentSetSize of job (KB)
...
006 (1972035.000.000) 2023-12-14 02:27:42 Image size of job updated: 2246044
	630  -  MemoryUsage of job (MB)
	644472  -  ResidentSetSize of job (KB)
...
040 (1972035.000.000) 2023-12-14 02:27:42 Started transferring output files
...
040 (1972035.000.000) 2023-12-14 02:27:42 Finished transferring output files
...
005 (1972035.000.000) 2023-12-14 02:27:42 Job terminated.
	(1) Normal termination (return value 0)
		Usr 0 00:00:21, Sys 0 00:00:03  -  Run Remote Usage
		Usr 0 00:00:00, Sys 0 00:00:00  -  Run Local Usage
		Usr 0 00:00:21, Sys 0 00:00:03  -  Total Remote Usage
		Usr 0 00:00:00, Sys 0 00:00:00  -  Total Local Usage
	18803  -  Run Bytes Sent By Job
	0  -  Run Bytes Received By Job
	18803  -  Total Bytes Sent By Job
	0  -  Total Bytes Received By Job
	Partitionable Resources :    Usage  Request Allocated 
	   Cpus                 :                 1         1 
	   Disk (KB)            :       90        2    311595 
	   Memory (MB)          :      630     2048      2048 

	Job terminated of its own accord at 2023-12-14T10:27:42Z with exit-code 0.
...
