000 (1972939.000.000) 2023-12-14 02:17:50 Job submitted from host: <172.24.33.226:11547?addrs=172.24.33.226-11547&alias=sdfrome002.sdf.slac.stanford.edu>
    DAG Node: 7e47444e-f20e-4d1d-aedb-dc5eb1790589_ptcIsr_2023111101000_23
...
040 (1972939.000.000) 2023-12-14 02:29:27 Finished transferring input files
...
001 (1972939.000.000) 2023-12-14 02:29:27 Job executing on host: <172.24.48.193:46283?CCBID=172.24.33.225:9618%3faddrs%3d172.24.33.225-9618%26alias%3dsdfrome001.sdf.slac.stanford.edu#6219697&PrivNet=sdfmilan121.sdf.slac.stanford.edu&addrs=172.24.48.193-46283&alias=sdfmilan121.sdf.slac.stanford.edu>
	SlotName: slot_abrought_10210_1_9@sdfmilan121.sdf.slac.stanford.edu
...
006 (1972939.000.000) 2023-12-14 02:29:36 Image size of job updated: 57080
	28  -  MemoryUsage of job (MB)
	27684  -  ResidentSetSize of job (KB)
...
006 (1972939.000.000) 2023-12-14 02:30:16 Image size of job updated: 2072412
	28  -  MemoryUsage of job (MB)
	27684  -  ResidentSetSize of job (KB)
...
040 (1972939.000.000) 2023-12-14 02:30:16 Started transferring output files
...
040 (1972939.000.000) 2023-12-14 02:30:16 Finished transferring output files
...
005 (1972939.000.000) 2023-12-14 02:30:16 Job terminated.
	(1) Normal termination (return value 0)
		Usr 0 00:00:23, Sys 0 00:00:03  -  Run Remote Usage
		Usr 0 00:00:00, Sys 0 00:00:00  -  Run Local Usage
		Usr 0 00:00:23, Sys 0 00:00:03  -  Total Remote Usage
		Usr 0 00:00:00, Sys 0 00:00:00  -  Total Local Usage
	19073  -  Run Bytes Sent By Job
	0  -  Run Bytes Received By Job
	19073  -  Total Bytes Sent By Job
	0  -  Total Bytes Received By Job
	Partitionable Resources :    Usage  Request Allocated 
	   Cpus                 :                 1         1 
	   Disk (KB)            :       91        2    311595 
	   Memory (MB)          :       28     2048      2048 

	Job terminated of its own accord at 2023-12-14T10:30:16Z with exit-code 0.
...
