000 (1971751.000.000) 2023-12-14 02:17:37 Job submitted from host: <172.24.33.226:11547?addrs=172.24.33.226-11547&alias=sdfrome002.sdf.slac.stanford.edu>
    DAG Node: 877e8ada-dc26-4633-b7d3-3e86e53a3adc_ptcIsr_2023111301089_23
...
040 (1971751.000.000) 2023-12-14 02:25:54 Finished transferring input files
...
001 (1971751.000.000) 2023-12-14 02:25:54 Job executing on host: <172.24.33.147:42953?CCBID=172.24.33.225:9618%3faddrs%3d172.24.33.225-9618%26alias%3dsdfrome001.sdf.slac.stanford.edu#6219703&PrivNet=sdfrome082.sdf.slac.stanford.edu&addrs=172.24.33.147-42953&alias=sdfrome082.sdf.slac.stanford.edu>
	SlotName: slot_abrought_48_1_4@sdfrome082.sdf.slac.stanford.edu
...
006 (1971751.000.000) 2023-12-14 02:26:03 Image size of job updated: 337216
	124  -  MemoryUsage of job (MB)
	126856  -  ResidentSetSize of job (KB)
...
006 (1971751.000.000) 2023-12-14 02:26:45 Image size of job updated: 2171416
	623  -  MemoryUsage of job (MB)
	636960  -  ResidentSetSize of job (KB)
...
040 (1971751.000.000) 2023-12-14 02:26:45 Started transferring output files
...
040 (1971751.000.000) 2023-12-14 02:26:45 Finished transferring output files
...
005 (1971751.000.000) 2023-12-14 02:26:45 Job terminated.
	(1) Normal termination (return value 0)
		Usr 0 00:00:21, Sys 0 00:00:04  -  Run Remote Usage
		Usr 0 00:00:00, Sys 0 00:00:00  -  Run Local Usage
		Usr 0 00:00:21, Sys 0 00:00:04  -  Total Remote Usage
		Usr 0 00:00:00, Sys 0 00:00:00  -  Total Local Usage
	19072  -  Run Bytes Sent By Job
	0  -  Run Bytes Received By Job
	19072  -  Total Bytes Sent By Job
	0  -  Total Bytes Received By Job
	Partitionable Resources :    Usage  Request Allocated 
	   Cpus                 :     0.99        1         1 
	   Disk (KB)            :    97           2    312116 
	   Memory (MB)          :   623        2048      2048 

	Job terminated of its own accord at 2023-12-14T10:26:45Z with exit-code 0.
...
