000 (1973078.000.000) 2023-12-14 02:17:52 Job submitted from host: <172.24.33.226:11547?addrs=172.24.33.226-11547&alias=sdfrome002.sdf.slac.stanford.edu>
    DAG Node: 4574e41d-83ed-4b90-9dda-fd0abd7da2fc_ptcIsr_2023111201868_23
...
040 (1973078.000.000) 2023-12-14 02:29:50 Finished transferring input files
...
001 (1973078.000.000) 2023-12-14 02:29:51 Job executing on host: <172.24.33.213:33037?CCBID=172.24.33.225:9618%3faddrs%3d172.24.33.225-9618%26alias%3dsdfrome001.sdf.slac.stanford.edu#6220039&PrivNet=sdfrome022.sdf.slac.stanford.edu&addrs=172.24.33.213-33037&alias=sdfrome022.sdf.slac.stanford.edu>
	SlotName: slot_abrought_15721_1_12@sdfrome022.sdf.slac.stanford.edu
...
006 (1973078.000.000) 2023-12-14 02:30:00 Image size of job updated: 32936
	17  -  MemoryUsage of job (MB)
	17204  -  ResidentSetSize of job (KB)
...
006 (1973078.000.000) 2023-12-14 02:30:56 Image size of job updated: 1965652
	1300  -  MemoryUsage of job (MB)
	1331176  -  ResidentSetSize of job (KB)
...
040 (1973078.000.000) 2023-12-14 02:30:56 Started transferring output files
...
040 (1973078.000.000) 2023-12-14 02:30:56 Finished transferring output files
...
005 (1973078.000.000) 2023-12-14 02:30:56 Job terminated.
	(1) Normal termination (return value 0)
		Usr 0 00:00:20, Sys 0 00:00:03  -  Run Remote Usage
		Usr 0 00:00:00, Sys 0 00:00:00  -  Run Local Usage
		Usr 0 00:00:20, Sys 0 00:00:03  -  Total Remote Usage
		Usr 0 00:00:00, Sys 0 00:00:00  -  Total Local Usage
	18533  -  Run Bytes Sent By Job
	0  -  Run Bytes Received By Job
	18533  -  Total Bytes Sent By Job
	0  -  Total Bytes Received By Job
	Partitionable Resources :    Usage  Request Allocated 
	   Cpus                 :                 1         1 
	   Disk (KB)            :       90        2    312194 
	   Memory (MB)          :     1300     2048      2048 

	Job terminated of its own accord at 2023-12-14T10:30:56Z with exit-code 0.
...
