000 (1970510.000.000) 2023-12-14 02:17:23 Job submitted from host: <172.24.33.226:11547?addrs=172.24.33.226-11547&alias=sdfrome002.sdf.slac.stanford.edu>
    DAG Node: 5c25759f-cce7-403b-b2cf-3d19c80d684a_ptcIsr_2023111201928_23
...
040 (1970510.000.000) 2023-12-14 02:22:09 Finished transferring input files
...
001 (1970510.000.000) 2023-12-14 02:22:09 Job executing on host: <172.24.33.124:39697?CCBID=172.24.33.225:9618%3faddrs%3d172.24.33.225-9618%26alias%3dsdfrome001.sdf.slac.stanford.edu#6220015&PrivNet=sdfrome059.sdf.slac.stanford.edu&addrs=172.24.33.124-39697&alias=sdfrome059.sdf.slac.stanford.edu>
	SlotName: slot_abrought_7836_1_14@sdfrome059.sdf.slac.stanford.edu
...
006 (1970510.000.000) 2023-12-14 02:22:18 Image size of job updated: 280756
	74  -  MemoryUsage of job (MB)
	75124  -  ResidentSetSize of job (KB)
...
006 (1970510.000.000) 2023-12-14 02:23:02 Image size of job updated: 2172052
	134  -  MemoryUsage of job (MB)
	137196  -  ResidentSetSize of job (KB)
...
040 (1970510.000.000) 2023-12-14 02:23:02 Started transferring output files
...
040 (1970510.000.000) 2023-12-14 02:23:02 Finished transferring output files
...
005 (1970510.000.000) 2023-12-14 02:23:03 Job terminated.
	(1) Normal termination (return value 0)
		Usr 0 00:00:21, Sys 0 00:00:05  -  Run Remote Usage
		Usr 0 00:00:00, Sys 0 00:00:00  -  Run Local Usage
		Usr 0 00:00:21, Sys 0 00:00:05  -  Total Remote Usage
		Usr 0 00:00:00, Sys 0 00:00:00  -  Total Local Usage
	19075  -  Run Bytes Sent By Job
	0  -  Run Bytes Received By Job
	19075  -  Total Bytes Sent By Job
	0  -  Total Bytes Received By Job
	Partitionable Resources :    Usage  Request Allocated 
	   Cpus                 :                 1         1 
	   Disk (KB)            :       91        2    312194 
	   Memory (MB)          :      134     2048      2048 

	Job terminated of its own accord at 2023-12-14T10:23:02Z with exit-code 0.
...
