000 (1971398.000.000) 2023-12-14 02:17:31 Job submitted from host: <172.24.33.226:11547?addrs=172.24.33.226-11547&alias=sdfrome002.sdf.slac.stanford.edu>
    DAG Node: 9788bdc5-49cf-4aa0-9876-2bea3c07e6d4_ptcIsr_2023111300612_23
...
040 (1971398.000.000) 2023-12-14 02:25:05 Finished transferring input files
...
001 (1971398.000.000) 2023-12-14 02:25:06 Job executing on host: <172.24.33.124:33703?CCBID=172.24.33.225:9618%3faddrs%3d172.24.33.225-9618%26alias%3dsdfrome001.sdf.slac.stanford.edu#6220014&PrivNet=sdfrome059.sdf.slac.stanford.edu&addrs=172.24.33.124-33703&alias=sdfrome059.sdf.slac.stanford.edu>
	SlotName: slot_abrought_11420_1_21@sdfrome059.sdf.slac.stanford.edu
...
006 (1971398.000.000) 2023-12-14 02:25:15 Image size of job updated: 273028
	68  -  MemoryUsage of job (MB)
	68768  -  ResidentSetSize of job (KB)
...
006 (1971398.000.000) 2023-12-14 02:29:22 Image size of job updated: 2105252
	628  -  MemoryUsage of job (MB)
	642924  -  ResidentSetSize of job (KB)
...
040 (1971398.000.000) 2023-12-14 02:29:22 Started transferring output files
...
040 (1971398.000.000) 2023-12-14 02:29:22 Finished transferring output files
...
005 (1971398.000.000) 2023-12-14 02:29:22 Job terminated.
	(1) Normal termination (return value 0)
		Usr 0 00:00:19, Sys 0 00:00:04  -  Run Remote Usage
		Usr 0 00:00:00, Sys 0 00:00:00  -  Run Local Usage
		Usr 0 00:00:19, Sys 0 00:00:04  -  Total Remote Usage
		Usr 0 00:00:00, Sys 0 00:00:00  -  Total Local Usage
	18805  -  Run Bytes Sent By Job
	0  -  Run Bytes Received By Job
	18805  -  Total Bytes Sent By Job
	0  -  Total Bytes Received By Job
	Partitionable Resources :    Usage  Request Allocated 
	   Cpus                 :     0.09        1         1 
	   Disk (KB)            :    97           2    312194 
	   Memory (MB)          :   628        2048      2048 

	Job terminated of its own accord at 2023-12-14T10:29:22Z with exit-code 0.
...
