000 (1970366.000.000) 2023-12-14 02:17:18 Job submitted from host: <172.24.33.226:11547?addrs=172.24.33.226-11547&alias=sdfrome002.sdf.slac.stanford.edu>
    DAG Node: cef8fba5-dd7a-4563-a640-92ee05f22e3d_ptcIsr_2023111101263_23
...
040 (1970366.000.000) 2023-12-14 02:21:36 Finished transferring input files
...
001 (1970366.000.000) 2023-12-14 02:21:36 Job executing on host: <172.24.33.213:33037?CCBID=172.24.33.225:9618%3faddrs%3d172.24.33.225-9618%26alias%3dsdfrome001.sdf.slac.stanford.edu#6220039&PrivNet=sdfrome022.sdf.slac.stanford.edu&addrs=172.24.33.213-33037&alias=sdfrome022.sdf.slac.stanford.edu>
	SlotName: slot_abrought_15721_1_10@sdfrome022.sdf.slac.stanford.edu
...
006 (1970366.000.000) 2023-12-14 02:21:44 Image size of job updated: 261740
	57  -  MemoryUsage of job (MB)
	58260  -  ResidentSetSize of job (KB)
...
006 (1970366.000.000) 2023-12-14 02:23:01 Image size of job updated: 1985508
	617  -  MemoryUsage of job (MB)
	631472  -  ResidentSetSize of job (KB)
...
040 (1970366.000.000) 2023-12-14 02:23:02 Started transferring output files
...
040 (1970366.000.000) 2023-12-14 02:23:02 Finished transferring output files
...
005 (1970366.000.000) 2023-12-14 02:23:02 Job terminated.
	(1) Normal termination (return value 0)
		Usr 0 00:00:22, Sys 0 00:00:05  -  Run Remote Usage
		Usr 0 00:00:00, Sys 0 00:00:00  -  Run Local Usage
		Usr 0 00:00:22, Sys 0 00:00:05  -  Total Remote Usage
		Usr 0 00:00:00, Sys 0 00:00:00  -  Total Local Usage
	18533  -  Run Bytes Sent By Job
	0  -  Run Bytes Received By Job
	18533  -  Total Bytes Sent By Job
	0  -  Total Bytes Received By Job
	Partitionable Resources :    Usage  Request Allocated 
	   Cpus                 :                 1         1 
	   Disk (KB)            :       90        2    312194 
	   Memory (MB)          :      617     2048      2048 

	Job terminated of its own accord at 2023-12-14T10:23:01Z with exit-code 0.
...
