000 (1972518.000.000) 2023-12-14 02:17:46 Job submitted from host: <172.24.33.226:11547?addrs=172.24.33.226-11547&alias=sdfrome002.sdf.slac.stanford.edu>
    DAG Node: 0d6e6a9f-cd8b-4433-a263-d4eec6235c62_ptcIsr_2023111202456_23
...
040 (1972518.000.000) 2023-12-14 02:28:08 Finished transferring input files
...
001 (1972518.000.000) 2023-12-14 02:28:08 Job executing on host: <172.24.48.185:41489?CCBID=172.24.33.225:9618%3faddrs%3d172.24.33.225-9618%26alias%3dsdfrome001.sdf.slac.stanford.edu#6219699&PrivNet=sdfmilan113.sdf.slac.stanford.edu&addrs=172.24.48.185-41489&alias=sdfmilan113.sdf.slac.stanford.edu>
	SlotName: slot_abrought_18623_1_21@sdfmilan113.sdf.slac.stanford.edu
...
006 (1972518.000.000) 2023-12-14 02:28:17 Image size of job updated: 280760
	74  -  MemoryUsage of job (MB)
	75452  -  ResidentSetSize of job (KB)
...
006 (1972518.000.000) 2023-12-14 02:29:18 Image size of job updated: 2119408
	74  -  MemoryUsage of job (MB)
	75452  -  ResidentSetSize of job (KB)
...
040 (1972518.000.000) 2023-12-14 02:29:18 Started transferring output files
...
040 (1972518.000.000) 2023-12-14 02:29:18 Finished transferring output files
...
005 (1972518.000.000) 2023-12-14 02:29:18 Job terminated.
	(1) Normal termination (return value 0)
		Usr 0 00:00:20, Sys 0 00:00:03  -  Run Remote Usage
		Usr 0 00:00:00, Sys 0 00:00:00  -  Run Local Usage
		Usr 0 00:00:20, Sys 0 00:00:03  -  Total Remote Usage
		Usr 0 00:00:00, Sys 0 00:00:00  -  Total Local Usage
	19073  -  Run Bytes Sent By Job
	0  -  Run Bytes Received By Job
	19073  -  Total Bytes Sent By Job
	0  -  Total Bytes Received By Job
	Partitionable Resources :    Usage  Request Allocated 
	   Cpus                 :                 1         1 
	   Disk (KB)            :       91        2    312194 
	   Memory (MB)          :       74     2048      2048 

	Job terminated of its own accord at 2023-12-14T10:29:18Z with exit-code 0.
...
