000 (1970311.000.000) 2023-12-14 02:17:18 Job submitted from host: <172.24.33.226:11547?addrs=172.24.33.226-11547&alias=sdfrome002.sdf.slac.stanford.edu>
    DAG Node: 86073c8e-be40-498d-8d05-389cb70b1541_ptcIsr_2023111202883_23
...
040 (1970311.000.000) 2023-12-14 02:21:28 Finished transferring input files
...
001 (1970311.000.000) 2023-12-14 02:21:28 Job executing on host: <172.24.48.193:46283?CCBID=172.24.33.225:9618%3faddrs%3d172.24.33.225-9618%26alias%3dsdfrome001.sdf.slac.stanford.edu#6219697&PrivNet=sdfmilan121.sdf.slac.stanford.edu&addrs=172.24.48.193-46283&alias=sdfmilan121.sdf.slac.stanford.edu>
	SlotName: slot_abrought_10210_1_19@sdfmilan121.sdf.slac.stanford.edu
...
006 (1970311.000.000) 2023-12-14 02:21:37 Image size of job updated: 266920
	61  -  MemoryUsage of job (MB)
	61848  -  ResidentSetSize of job (KB)
...
006 (1970311.000.000) 2023-12-14 02:22:23 Image size of job updated: 2268204
	674  -  MemoryUsage of job (MB)
	689808  -  ResidentSetSize of job (KB)
...
040 (1970311.000.000) 2023-12-14 02:22:23 Started transferring output files
...
040 (1970311.000.000) 2023-12-14 02:22:23 Finished transferring output files
...
005 (1970311.000.000) 2023-12-14 02:22:23 Job terminated.
	(1) Normal termination (return value 0)
		Usr 0 00:00:16, Sys 0 00:00:03  -  Run Remote Usage
		Usr 0 00:00:00, Sys 0 00:00:00  -  Run Local Usage
		Usr 0 00:00:16, Sys 0 00:00:03  -  Total Remote Usage
		Usr 0 00:00:00, Sys 0 00:00:00  -  Total Local Usage
	18975  -  Run Bytes Sent By Job
	0  -  Run Bytes Received By Job
	18975  -  Total Bytes Sent By Job
	0  -  Total Bytes Received By Job
	Partitionable Resources :    Usage  Request Allocated 
	   Cpus                 :     0.14        1         1 
	   Disk (KB)            :    97           2    311595 
	   Memory (MB)          :   674        2048      2048 

	Job terminated of its own accord at 2023-12-14T10:22:23Z with exit-code 0.
...
