000 (1970656.000.000) 2023-12-14 02:17:24 Job submitted from host: <172.24.33.226:11547?addrs=172.24.33.226-11547&alias=sdfrome002.sdf.slac.stanford.edu>
    DAG Node: e27e5fac-e1c5-4409-a9b5-9338dde5f1cd_ptcIsr_2023111203069_23
...
040 (1970656.000.000) 2023-12-14 02:22:41 Finished transferring input files
...
001 (1970656.000.000) 2023-12-14 02:22:41 Job executing on host: <172.24.33.124:44469?CCBID=172.24.33.225:9618%3faddrs%3d172.24.33.225-9618%26alias%3dsdfrome001.sdf.slac.stanford.edu#6220017&PrivNet=sdfrome059.sdf.slac.stanford.edu&addrs=172.24.33.124-44469&alias=sdfrome059.sdf.slac.stanford.edu>
	SlotName: slot_abrought_2668_1_10@sdfrome059.sdf.slac.stanford.edu
...
006 (1970656.000.000) 2023-12-14 02:22:50 Image size of job updated: 287492
	80  -  MemoryUsage of job (MB)
	81584  -  ResidentSetSize of job (KB)
...
006 (1970656.000.000) 2023-12-14 02:23:46 Image size of job updated: 2044464
	80  -  MemoryUsage of job (MB)
	81584  -  ResidentSetSize of job (KB)
...
040 (1970656.000.000) 2023-12-14 02:23:47 Started transferring output files
...
040 (1970656.000.000) 2023-12-14 02:23:47 Finished transferring output files
...
005 (1970656.000.000) 2023-12-14 02:23:48 Job terminated.
	(1) Normal termination (return value 0)
		Usr 0 00:00:16, Sys 0 00:00:05  -  Run Remote Usage
		Usr 0 00:00:00, Sys 0 00:00:00  -  Run Local Usage
		Usr 0 00:00:16, Sys 0 00:00:05  -  Total Remote Usage
		Usr 0 00:00:00, Sys 0 00:00:00  -  Total Local Usage
	18975  -  Run Bytes Sent By Job
	0  -  Run Bytes Received By Job
	18975  -  Total Bytes Sent By Job
	0  -  Total Bytes Received By Job
	Partitionable Resources :    Usage  Request Allocated 
	   Cpus                 :                 1         1 
	   Disk (KB)            :       91        2    312194 
	   Memory (MB)          :       80     2048      2048 

	Job terminated of its own accord at 2023-12-14T10:23:46Z with exit-code 0.
...
