000 (1969721.000.000) 2023-12-14 02:17:12 Job submitted from host: <172.24.33.226:11547?addrs=172.24.33.226-11547&alias=sdfrome002.sdf.slac.stanford.edu>
    DAG Node: d8c94113-dd1f-499b-91a5-5e40933f93a4_ptcIsr_2023111300342_23
...
040 (1969721.000.000) 2023-12-14 02:19:52 Finished transferring input files
...
001 (1969721.000.000) 2023-12-14 02:19:52 Job executing on host: <172.24.48.185:41489?CCBID=172.24.33.225:9618%3faddrs%3d172.24.33.225-9618%26alias%3dsdfrome001.sdf.slac.stanford.edu#6219699&PrivNet=sdfmilan113.sdf.slac.stanford.edu&addrs=172.24.48.185-41489&alias=sdfmilan113.sdf.slac.stanford.edu>
	SlotName: slot_abrought_18623_1_19@sdfmilan113.sdf.slac.stanford.edu
...
006 (1969721.000.000) 2023-12-14 02:20:00 Image size of job updated: 2
	6  -  MemoryUsage of job (MB)
	5136  -  ResidentSetSize of job (KB)
...
006 (1969721.000.000) 2023-12-14 02:21:12 Image size of job updated: 2136688
	660  -  MemoryUsage of job (MB)
	675004  -  ResidentSetSize of job (KB)
...
040 (1969721.000.000) 2023-12-14 02:21:12 Started transferring output files
...
040 (1969721.000.000) 2023-12-14 02:21:12 Finished transferring output files
...
005 (1969721.000.000) 2023-12-14 02:21:12 Job terminated.
	(1) Normal termination (return value 0)
		Usr 0 00:00:21, Sys 0 00:00:03  -  Run Remote Usage
		Usr 0 00:00:00, Sys 0 00:00:00  -  Run Local Usage
		Usr 0 00:00:21, Sys 0 00:00:03  -  Total Remote Usage
		Usr 0 00:00:00, Sys 0 00:00:00  -  Total Local Usage
	19072  -  Run Bytes Sent By Job
	0  -  Run Bytes Received By Job
	19072  -  Total Bytes Sent By Job
	0  -  Total Bytes Received By Job
	Partitionable Resources :    Usage  Request Allocated 
	   Cpus                 :                 1         1 
	   Disk (KB)            :       91        2    312194 
	   Memory (MB)          :      660     2048      2048 

	Job terminated of its own accord at 2023-12-14T10:21:12Z with exit-code 0.
...
