000 (1971659.000.000) 2023-12-14 02:17:36 Job submitted from host: <172.24.33.226:11547?addrs=172.24.33.226-11547&alias=sdfrome002.sdf.slac.stanford.edu>
    DAG Node: 40b9f333-fe8d-4bf4-a0fd-d64545b104e7_ptcIsr_2023111202690_23
...
040 (1971659.000.000) 2023-12-14 02:25:34 Finished transferring input files
...
001 (1971659.000.000) 2023-12-14 02:25:34 Job executing on host: <172.24.33.147:42953?CCBID=172.24.33.225:9618%3faddrs%3d172.24.33.225-9618%26alias%3dsdfrome001.sdf.slac.stanford.edu#6219703&PrivNet=sdfrome082.sdf.slac.stanford.edu&addrs=172.24.33.147-42953&alias=sdfrome082.sdf.slac.stanford.edu>
	SlotName: slot_abrought_48_1_12@sdfrome082.sdf.slac.stanford.edu
...
006 (1971659.000.000) 2023-12-14 02:25:42 Image size of job updated: 292288
	84  -  MemoryUsage of job (MB)
	85928  -  ResidentSetSize of job (KB)
...
006 (1971659.000.000) 2023-12-14 02:26:21 Image size of job updated: 2220656
	617  -  MemoryUsage of job (MB)
	631060  -  ResidentSetSize of job (KB)
...
040 (1971659.000.000) 2023-12-14 02:26:21 Started transferring output files
...
040 (1971659.000.000) 2023-12-14 02:26:21 Finished transferring output files
...
005 (1971659.000.000) 2023-12-14 02:26:21 Job terminated.
	(1) Normal termination (return value 0)
		Usr 0 00:00:16, Sys 0 00:00:03  -  Run Remote Usage
		Usr 0 00:00:00, Sys 0 00:00:00  -  Run Local Usage
		Usr 0 00:00:16, Sys 0 00:00:03  -  Total Remote Usage
		Usr 0 00:00:00, Sys 0 00:00:00  -  Total Local Usage
	18975  -  Run Bytes Sent By Job
	0  -  Run Bytes Received By Job
	18975  -  Total Bytes Sent By Job
	0  -  Total Bytes Received By Job
	Partitionable Resources :    Usage  Request Allocated 
	   Cpus                 :                 1         1 
	   Disk (KB)            :       91        2    312116 
	   Memory (MB)          :      617     2048      2048 

	Job terminated of its own accord at 2023-12-14T10:26:20Z with exit-code 0.
...
