000 (1970634.000.000) 2023-12-14 02:17:24 Job submitted from host: <172.24.33.226:11547?addrs=172.24.33.226-11547&alias=sdfrome002.sdf.slac.stanford.edu>
    DAG Node: aa2cfbc8-ae43-4f75-b6c7-ca2aad51267a_ptcIsr_2023111300128_23
...
040 (1970634.000.000) 2023-12-14 02:22:33 Finished transferring input files
...
001 (1970634.000.000) 2023-12-14 02:22:33 Job executing on host: <172.24.33.213:41467?CCBID=172.24.33.225:9618%3faddrs%3d172.24.33.225-9618%26alias%3dsdfrome001.sdf.slac.stanford.edu#6220037&PrivNet=sdfrome022.sdf.slac.stanford.edu&addrs=172.24.33.213-41467&alias=sdfrome022.sdf.slac.stanford.edu>
	SlotName: slot_abrought_435_1_14@sdfrome022.sdf.slac.stanford.edu
...
006 (1970634.000.000) 2023-12-14 02:22:42 Image size of job updated: 301792
	92  -  MemoryUsage of job (MB)
	93632  -  ResidentSetSize of job (KB)
...
006 (1970634.000.000) 2023-12-14 02:23:42 Image size of job updated: 2130848
	701  -  MemoryUsage of job (MB)
	717344  -  ResidentSetSize of job (KB)
...
040 (1970634.000.000) 2023-12-14 02:23:42 Started transferring output files
...
040 (1970634.000.000) 2023-12-14 02:23:42 Finished transferring output files
...
005 (1970634.000.000) 2023-12-14 02:23:43 Job terminated.
	(1) Normal termination (return value 0)
		Usr 0 00:00:24, Sys 0 00:00:02  -  Run Remote Usage
		Usr 0 00:00:00, Sys 0 00:00:00  -  Run Local Usage
		Usr 0 00:00:24, Sys 0 00:00:02  -  Total Remote Usage
		Usr 0 00:00:00, Sys 0 00:00:00  -  Total Local Usage
	18802  -  Run Bytes Sent By Job
	0  -  Run Bytes Received By Job
	18802  -  Total Bytes Sent By Job
	0  -  Total Bytes Received By Job
	Partitionable Resources :    Usage  Request Allocated 
	   Cpus                 :                 1         1 
	   Disk (KB)            :       90        2    312194 
	   Memory (MB)          :      701     2048      2048 

	Job terminated of its own accord at 2023-12-14T10:23:42Z with exit-code 0.
...
