000 (1970427.000.000) 2023-12-14 02:17:19 Job submitted from host: <172.24.33.226:11547?addrs=172.24.33.226-11547&alias=sdfrome002.sdf.slac.stanford.edu>
    DAG Node: f81055ac-9ad2-402e-a881-a727443be0ab_ptcIsr_2023111200464_23
...
040 (1970427.000.000) 2023-12-14 02:21:52 Finished transferring input files
...
001 (1970427.000.000) 2023-12-14 02:21:52 Job executing on host: <172.24.33.143:42517?CCBID=172.24.33.225:9618%3faddrs%3d172.24.33.225-9618%26alias%3dsdfrome001.sdf.slac.stanford.edu#6220496&PrivNet=sdfrome078.sdf.slac.stanford.edu&addrs=172.24.33.143-42517&alias=sdfrome078.sdf.slac.stanford.edu>
	SlotName: slot_abrought_19079_1_21@sdfrome078.sdf.slac.stanford.edu
...
006 (1970427.000.000) 2023-12-14 02:22:01 Image size of job updated: 663300
	294  -  MemoryUsage of job (MB)
	300296  -  ResidentSetSize of job (KB)
...
006 (1970427.000.000) 2023-12-14 02:22:46 Image size of job updated: 1947856
	623  -  MemoryUsage of job (MB)
	637624  -  ResidentSetSize of job (KB)
...
040 (1970427.000.000) 2023-12-14 02:22:46 Started transferring output files
...
040 (1970427.000.000) 2023-12-14 02:22:46 Finished transferring output files
...
005 (1970427.000.000) 2023-12-14 02:22:46 Job terminated.
	(1) Normal termination (return value 0)
		Usr 0 00:00:30, Sys 0 00:00:07  -  Run Remote Usage
		Usr 0 00:00:00, Sys 0 00:00:00  -  Run Local Usage
		Usr 0 00:00:30, Sys 0 00:00:07  -  Total Remote Usage
		Usr 0 00:00:00, Sys 0 00:00:00  -  Total Local Usage
	18532  -  Run Bytes Sent By Job
	0  -  Run Bytes Received By Job
	18532  -  Total Bytes Sent By Job
	0  -  Total Bytes Received By Job
	Partitionable Resources :    Usage  Request Allocated 
	   Cpus                 :                 1         1 
	   Disk (KB)            :       90        2    312194 
	   Memory (MB)          :      623     2048      2048 

	Job terminated of its own accord at 2023-12-14T10:22:46Z with exit-code 0.
...
