000 (1971861.000.000) 2023-12-14 02:17:37 Job submitted from host: <172.24.33.226:11547?addrs=172.24.33.226-11547&alias=sdfrome002.sdf.slac.stanford.edu>
    DAG Node: f028c1d9-c21b-4961-a380-1558b88b3909_ptcIsr_2023111101080_23
...
040 (1971861.000.000) 2023-12-14 02:26:10 Finished transferring input files
...
001 (1971861.000.000) 2023-12-14 02:26:10 Job executing on host: <172.24.48.193:46283?CCBID=172.24.33.225:9618%3faddrs%3d172.24.33.225-9618%26alias%3dsdfrome001.sdf.slac.stanford.edu#6219697&PrivNet=sdfmilan121.sdf.slac.stanford.edu&addrs=172.24.48.193-46283&alias=sdfmilan121.sdf.slac.stanford.edu>
	SlotName: slot_abrought_10210_1_8@sdfmilan121.sdf.slac.stanford.edu
...
006 (1971861.000.000) 2023-12-14 02:26:20 Image size of job updated: 321024
	111  -  MemoryUsage of job (MB)
	112776  -  ResidentSetSize of job (KB)
...
006 (1971861.000.000) 2023-12-14 02:27:06 Image size of job updated: 2102820
	1367  -  MemoryUsage of job (MB)
	1399216  -  ResidentSetSize of job (KB)
...
040 (1971861.000.000) 2023-12-14 02:27:06 Started transferring output files
...
040 (1971861.000.000) 2023-12-14 02:27:06 Finished transferring output files
...
005 (1971861.000.000) 2023-12-14 02:27:06 Job terminated.
	(1) Normal termination (return value 0)
		Usr 0 00:00:20, Sys 0 00:00:03  -  Run Remote Usage
		Usr 0 00:00:00, Sys 0 00:00:00  -  Run Local Usage
		Usr 0 00:00:20, Sys 0 00:00:03  -  Total Remote Usage
		Usr 0 00:00:00, Sys 0 00:00:00  -  Total Local Usage
	18803  -  Run Bytes Sent By Job
	0  -  Run Bytes Received By Job
	18803  -  Total Bytes Sent By Job
	0  -  Total Bytes Received By Job
	Partitionable Resources :    Usage  Request Allocated 
	   Cpus                 :     0.15        1         1 
	   Disk (KB)            :    97           2    311595 
	   Memory (MB)          :  1367        2048      2048 

	Job terminated of its own accord at 2023-12-14T10:27:06Z with exit-code 0.
...
