000 (1970667.000.000) 2023-12-14 02:17:24 Job submitted from host: <172.24.33.226:11547?addrs=172.24.33.226-11547&alias=sdfrome002.sdf.slac.stanford.edu>
    DAG Node: 1c6aa0de-381c-4962-8609-5582f97aa753_ptcIsr_2023111300687_23
...
040 (1970667.000.000) 2023-12-14 02:22:48 Finished transferring input files
...
001 (1970667.000.000) 2023-12-14 02:22:48 Job executing on host: <172.24.33.213:43829?CCBID=172.24.33.225:9618%3faddrs%3d172.24.33.225-9618%26alias%3dsdfrome001.sdf.slac.stanford.edu#6220038&PrivNet=sdfrome022.sdf.slac.stanford.edu&addrs=172.24.33.213-43829&alias=sdfrome022.sdf.slac.stanford.edu>
	SlotName: slot_abrought_31850_1_16@sdfrome022.sdf.slac.stanford.edu
...
006 (1970667.000.000) 2023-12-14 02:22:58 Image size of job updated: 7392
	1  -  MemoryUsage of job (MB)
	1012  -  ResidentSetSize of job (KB)
...
006 (1970667.000.000) 2023-12-14 02:23:49 Image size of job updated: 2095164
	1  -  MemoryUsage of job (MB)
	1012  -  ResidentSetSize of job (KB)
...
040 (1970667.000.000) 2023-12-14 02:23:49 Started transferring output files
...
040 (1970667.000.000) 2023-12-14 02:23:49 Finished transferring output files
...
005 (1970667.000.000) 2023-12-14 02:23:52 Job terminated.
	(1) Normal termination (return value 0)
		Usr 0 00:00:24, Sys 0 00:00:04  -  Run Remote Usage
		Usr 0 00:00:00, Sys 0 00:00:00  -  Run Local Usage
		Usr 0 00:00:24, Sys 0 00:00:04  -  Total Remote Usage
		Usr 0 00:00:00, Sys 0 00:00:00  -  Total Local Usage
	18804  -  Run Bytes Sent By Job
	0  -  Run Bytes Received By Job
	18804  -  Total Bytes Sent By Job
	0  -  Total Bytes Received By Job
	Partitionable Resources :    Usage  Request Allocated 
	   Cpus                 :                 1         1 
	   Disk (KB)            :       90        2    312194 
	   Memory (MB)          :        1     2048      2048 

	Job terminated of its own accord at 2023-12-14T10:23:49Z with exit-code 0.
...
