000 (1970178.000.000) 2023-12-14 02:17:18 Job submitted from host: <172.24.33.226:11547?addrs=172.24.33.226-11547&alias=sdfrome002.sdf.slac.stanford.edu>
    DAG Node: 9c6ca457-62d6-471c-8809-a83fa8067875_ptcIsr_2023111202601_23
...
040 (1970178.000.000) 2023-12-14 02:20:55 Finished transferring input files
...
001 (1970178.000.000) 2023-12-14 02:20:55 Job executing on host: <172.24.33.143:42517?CCBID=172.24.33.225:9618%3faddrs%3d172.24.33.225-9618%26alias%3dsdfrome001.sdf.slac.stanford.edu#6220496&PrivNet=sdfrome078.sdf.slac.stanford.edu&addrs=172.24.33.143-42517&alias=sdfrome078.sdf.slac.stanford.edu>
	SlotName: slot_abrought_19079_1_23@sdfrome078.sdf.slac.stanford.edu
...
006 (1970178.000.000) 2023-12-14 02:21:04 Image size of job updated: 69764
	5  -  MemoryUsage of job (MB)
	4944  -  ResidentSetSize of job (KB)
...
006 (1970178.000.000) 2023-12-14 02:21:54 Image size of job updated: 2166732
	5  -  MemoryUsage of job (MB)
	4944  -  ResidentSetSize of job (KB)
...
040 (1970178.000.000) 2023-12-14 02:21:54 Started transferring output files
...
040 (1970178.000.000) 2023-12-14 02:21:54 Finished transferring output files
...
005 (1970178.000.000) 2023-12-14 02:21:55 Job terminated.
	(1) Normal termination (return value 0)
		Usr 0 00:00:25, Sys 0 00:00:08  -  Run Remote Usage
		Usr 0 00:00:00, Sys 0 00:00:00  -  Run Local Usage
		Usr 0 00:00:25, Sys 0 00:00:08  -  Total Remote Usage
		Usr 0 00:00:00, Sys 0 00:00:00  -  Total Local Usage
	18532  -  Run Bytes Sent By Job
	0  -  Run Bytes Received By Job
	18532  -  Total Bytes Sent By Job
	0  -  Total Bytes Received By Job
	Partitionable Resources :    Usage  Request Allocated 
	   Cpus                 :                 1         1 
	   Disk (KB)            :       90        2    312194 
	   Memory (MB)          :        5     2048      2048 

	Job terminated of its own accord at 2023-12-14T10:21:54Z with exit-code 0.
...
