000 (1973216.000.000) 2023-12-14 02:17:54 Job submitted from host: <172.24.33.226:11547?addrs=172.24.33.226-11547&alias=sdfrome002.sdf.slac.stanford.edu>
    DAG Node: 64d249bf-d2b6-4865-b66b-b62ca754c412_ptcIsr_2023111300950_23
...
040 (1973216.000.000) 2023-12-14 02:30:05 Finished transferring input files
...
001 (1973216.000.000) 2023-12-14 02:30:05 Job executing on host: <172.24.33.213:41467?CCBID=172.24.33.225:9618%3faddrs%3d172.24.33.225-9618%26alias%3dsdfrome001.sdf.slac.stanford.edu#6220037&PrivNet=sdfrome022.sdf.slac.stanford.edu&addrs=172.24.33.213-41467&alias=sdfrome022.sdf.slac.stanford.edu>
	SlotName: slot_abrought_435_1_17@sdfrome022.sdf.slac.stanford.edu
...
006 (1973216.000.000) 2023-12-14 02:30:14 Image size of job updated: 290804
	83  -  MemoryUsage of job (MB)
	84384  -  ResidentSetSize of job (KB)
...
006 (1973216.000.000) 2023-12-14 02:31:02 Image size of job updated: 2133796
	631  -  MemoryUsage of job (MB)
	645916  -  ResidentSetSize of job (KB)
...
040 (1973216.000.000) 2023-12-14 02:31:02 Started transferring output files
...
040 (1973216.000.000) 2023-12-14 02:31:02 Finished transferring output files
...
005 (1973216.000.000) 2023-12-14 02:31:02 Job terminated.
	(1) Normal termination (return value 0)
		Usr 0 00:00:23, Sys 0 00:00:04  -  Run Remote Usage
		Usr 0 00:00:00, Sys 0 00:00:00  -  Run Local Usage
		Usr 0 00:00:23, Sys 0 00:00:04  -  Total Remote Usage
		Usr 0 00:00:00, Sys 0 00:00:00  -  Total Local Usage
	19072  -  Run Bytes Sent By Job
	0  -  Run Bytes Received By Job
	19072  -  Total Bytes Sent By Job
	0  -  Total Bytes Received By Job
	Partitionable Resources :    Usage  Request Allocated 
	   Cpus                 :                 1         1 
	   Disk (KB)            :       91        2    312194 
	   Memory (MB)          :      631     2048      2048 

	Job terminated of its own accord at 2023-12-14T10:31:02Z with exit-code 0.
...
