000 (1971110.000.000) 2023-12-14 02:17:30 Job submitted from host: <172.24.33.226:11547?addrs=172.24.33.226-11547&alias=sdfrome002.sdf.slac.stanford.edu>
    DAG Node: be167c38-5b1d-420d-ab49-1f7529c53297_ptcIsr_2023111203630_23
...
040 (1971110.000.000) 2023-12-14 02:24:02 Finished transferring input files
...
001 (1971110.000.000) 2023-12-14 02:24:02 Job executing on host: <172.24.33.143:42517?CCBID=172.24.33.225:9618%3faddrs%3d172.24.33.225-9618%26alias%3dsdfrome001.sdf.slac.stanford.edu#6220496&PrivNet=sdfrome078.sdf.slac.stanford.edu&addrs=172.24.33.143-42517&alias=sdfrome078.sdf.slac.stanford.edu>
	SlotName: slot_abrought_19079_1_4@sdfrome078.sdf.slac.stanford.edu
...
006 (1971110.000.000) 2023-12-14 02:24:10 Image size of job updated: 307568
	98  -  MemoryUsage of job (MB)
	99768  -  ResidentSetSize of job (KB)
...
006 (1971110.000.000) 2023-12-14 02:24:52 Image size of job updated: 2320748
	657  -  MemoryUsage of job (MB)
	671820  -  ResidentSetSize of job (KB)
...
040 (1971110.000.000) 2023-12-14 02:24:52 Started transferring output files
...
040 (1971110.000.000) 2023-12-14 02:24:52 Finished transferring output files
...
005 (1971110.000.000) 2023-12-14 02:24:52 Job terminated.
	(1) Normal termination (return value 0)
		Usr 0 00:00:29, Sys 0 00:00:05  -  Run Remote Usage
		Usr 0 00:00:00, Sys 0 00:00:00  -  Run Local Usage
		Usr 0 00:00:29, Sys 0 00:00:05  -  Total Remote Usage
		Usr 0 00:00:00, Sys 0 00:00:00  -  Total Local Usage
	18803  -  Run Bytes Sent By Job
	0  -  Run Bytes Received By Job
	18803  -  Total Bytes Sent By Job
	0  -  Total Bytes Received By Job
	Partitionable Resources :    Usage  Request Allocated 
	   Cpus                 :                 1         1 
	   Disk (KB)            :       90        2    312194 
	   Memory (MB)          :      657     2048      2048 

	Job terminated of its own accord at 2023-12-14T10:24:52Z with exit-code 0.
...
