000 (1972691.000.000) 2023-12-14 02:17:48 Job submitted from host: <172.24.33.226:11547?addrs=172.24.33.226-11547&alias=sdfrome002.sdf.slac.stanford.edu>
    DAG Node: 02420b2f-0007-4e93-aed2-4d30eeb7621f_ptcIsr_2023111203038_23
...
040 (1972691.000.000) 2023-12-14 02:28:43 Finished transferring input files
...
001 (1972691.000.000) 2023-12-14 02:28:43 Job executing on host: <172.24.33.143:37205?CCBID=172.24.33.225:9618%3faddrs%3d172.24.33.225-9618%26alias%3dsdfrome001.sdf.slac.stanford.edu#6220499&PrivNet=sdfrome078.sdf.slac.stanford.edu&addrs=172.24.33.143-37205&alias=sdfrome078.sdf.slac.stanford.edu>
	SlotName: slot_abrought_7348_1_4@sdfrome078.sdf.slac.stanford.edu
...
006 (1972691.000.000) 2023-12-14 02:28:53 Image size of job updated: 53680
	25  -  MemoryUsage of job (MB)
	24760  -  ResidentSetSize of job (KB)
...
006 (1972691.000.000) 2023-12-14 02:29:50 Image size of job updated: 2071592
	626  -  MemoryUsage of job (MB)
	640800  -  ResidentSetSize of job (KB)
...
040 (1972691.000.000) 2023-12-14 02:29:50 Started transferring output files
...
040 (1972691.000.000) 2023-12-14 02:29:50 Finished transferring output files
...
005 (1972691.000.000) 2023-12-14 02:29:50 Job terminated.
	(1) Normal termination (return value 0)
		Usr 0 00:00:16, Sys 0 00:00:03  -  Run Remote Usage
		Usr 0 00:00:00, Sys 0 00:00:00  -  Run Local Usage
		Usr 0 00:00:16, Sys 0 00:00:03  -  Total Remote Usage
		Usr 0 00:00:00, Sys 0 00:00:00  -  Total Local Usage
	18975  -  Run Bytes Sent By Job
	0  -  Run Bytes Received By Job
	18975  -  Total Bytes Sent By Job
	0  -  Total Bytes Received By Job
	Partitionable Resources :    Usage  Request Allocated 
	   Cpus                 :                 1         1 
	   Disk (KB)            :       91        2    312194 
	   Memory (MB)          :      626     2048      2048 

	Job terminated of its own accord at 2023-12-14T10:29:50Z with exit-code 0.
...
