000 (1970056.000.000) 2023-12-14 02:17:17 Job submitted from host: <172.24.33.226:11547?addrs=172.24.33.226-11547&alias=sdfrome002.sdf.slac.stanford.edu>
    DAG Node: b596ed6f-23bf-438d-9e51-a4c6c7e41c8d_ptcIsr_2023111300725_23
...
040 (1970056.000.000) 2023-12-14 02:20:31 Finished transferring input files
...
001 (1970056.000.000) 2023-12-14 02:20:31 Job executing on host: <172.24.48.149:38613?CCBID=172.24.33.225:9618%3faddrs%3d172.24.33.225-9618%26alias%3dsdfrome001.sdf.slac.stanford.edu#6219698&PrivNet=sdfmilan049.sdf.slac.stanford.edu&addrs=172.24.48.149-38613&alias=sdfmilan049.sdf.slac.stanford.edu>
	SlotName: slot_abrought_1727_1_2@sdfmilan049.sdf.slac.stanford.edu
...
006 (1970056.000.000) 2023-12-14 02:20:40 Image size of job updated: 287436
	80  -  MemoryUsage of job (MB)
	81588  -  ResidentSetSize of job (KB)
...
006 (1970056.000.000) 2023-12-14 02:21:38 Image size of job updated: 2134752
	631  -  MemoryUsage of job (MB)
	645272  -  ResidentSetSize of job (KB)
...
040 (1970056.000.000) 2023-12-14 02:21:38 Started transferring output files
...
040 (1970056.000.000) 2023-12-14 02:21:38 Finished transferring output files
...
005 (1970056.000.000) 2023-12-14 02:21:38 Job terminated.
	(1) Normal termination (return value 0)
		Usr 0 00:00:20, Sys 0 00:00:02  -  Run Remote Usage
		Usr 0 00:00:00, Sys 0 00:00:00  -  Run Local Usage
		Usr 0 00:00:20, Sys 0 00:00:02  -  Total Remote Usage
		Usr 0 00:00:00, Sys 0 00:00:00  -  Total Local Usage
	19072  -  Run Bytes Sent By Job
	0  -  Run Bytes Received By Job
	19072  -  Total Bytes Sent By Job
	0  -  Total Bytes Received By Job
	Partitionable Resources :    Usage  Request Allocated 
	   Cpus                 :     0.94        1         1 
	   Disk (KB)            :    97           2    312194 
	   Memory (MB)          :   631        2048      2048 

	Job terminated of its own accord at 2023-12-14T10:21:38Z with exit-code 0.
...
