000 (1969620.000.000) 2023-12-14 02:17:11 Job submitted from host: <172.24.33.226:11547?addrs=172.24.33.226-11547&alias=sdfrome002.sdf.slac.stanford.edu>
    DAG Node: adcbf15a-8ddb-4aa4-9d43-c6b63fecd363_ptcIsr_2023111201877_23
...
040 (1969620.000.000) 2023-12-14 02:19:03 Finished transferring input files
...
001 (1969620.000.000) 2023-12-14 02:19:03 Job executing on host: <172.24.48.186:33679?CCBID=172.24.33.225:9618%3faddrs%3d172.24.33.225-9618%26alias%3dsdfrome001.sdf.slac.stanford.edu#6219700&PrivNet=sdfmilan114.sdf.slac.stanford.edu&addrs=172.24.48.186-33679&alias=sdfmilan114.sdf.slac.stanford.edu>
	SlotName: slot_abrought_14493_1_20@sdfmilan114.sdf.slac.stanford.edu
...
006 (1969620.000.000) 2023-12-14 02:19:12 Image size of job updated: 353828
	140  -  MemoryUsage of job (MB)
	142668  -  ResidentSetSize of job (KB)
...
006 (1969620.000.000) 2023-12-14 02:19:59 Image size of job updated: 2176852
	140  -  MemoryUsage of job (MB)
	142668  -  ResidentSetSize of job (KB)
...
040 (1969620.000.000) 2023-12-14 02:19:59 Started transferring output files
...
040 (1969620.000.000) 2023-12-14 02:19:59 Finished transferring output files
...
005 (1969620.000.000) 2023-12-14 02:19:59 Job terminated.
	(1) Normal termination (return value 0)
		Usr 0 00:00:23, Sys 0 00:00:02  -  Run Remote Usage
		Usr 0 00:00:00, Sys 0 00:00:00  -  Run Local Usage
		Usr 0 00:00:23, Sys 0 00:00:02  -  Total Remote Usage
		Usr 0 00:00:00, Sys 0 00:00:00  -  Total Local Usage
	19073  -  Run Bytes Sent By Job
	0  -  Run Bytes Received By Job
	19073  -  Total Bytes Sent By Job
	0  -  Total Bytes Received By Job
	Partitionable Resources :    Usage  Request Allocated 
	   Cpus                 :                 1         1 
	   Disk (KB)            :       91        2    312193 
	   Memory (MB)          :      140     2048      2048 

	Job terminated of its own accord at 2023-12-14T10:19:59Z with exit-code 0.
...
