000 (1972586.000.000) 2023-12-14 02:17:46 Job submitted from host: <172.24.33.226:11547?addrs=172.24.33.226-11547&alias=sdfrome002.sdf.slac.stanford.edu>
    DAG Node: 06f0a7de-cd0f-4442-a19f-a4c1bafdec95_ptcIsr_2023111201860_23
...
040 (1972586.000.000) 2023-12-14 02:28:20 Finished transferring input files
...
001 (1972586.000.000) 2023-12-14 02:28:20 Job executing on host: <172.24.33.124:39697?CCBID=172.24.33.225:9618%3faddrs%3d172.24.33.225-9618%26alias%3dsdfrome001.sdf.slac.stanford.edu#6220015&PrivNet=sdfrome059.sdf.slac.stanford.edu&addrs=172.24.33.124-39697&alias=sdfrome059.sdf.slac.stanford.edu>
	SlotName: slot_abrought_7836_1_20@sdfrome059.sdf.slac.stanford.edu
...
006 (1972586.000.000) 2023-12-14 02:28:29 Image size of job updated: 320996
	111  -  MemoryUsage of job (MB)
	113380  -  ResidentSetSize of job (KB)
...
006 (1972586.000.000) 2023-12-14 02:29:09 Image size of job updated: 2119884
	630  -  MemoryUsage of job (MB)
	645088  -  ResidentSetSize of job (KB)
...
040 (1972586.000.000) 2023-12-14 02:29:09 Started transferring output files
...
040 (1972586.000.000) 2023-12-14 02:29:09 Finished transferring output files
...
005 (1972586.000.000) 2023-12-14 02:29:09 Job terminated.
	(1) Normal termination (return value 0)
		Usr 0 00:00:25, Sys 0 00:00:04  -  Run Remote Usage
		Usr 0 00:00:00, Sys 0 00:00:00  -  Run Local Usage
		Usr 0 00:00:25, Sys 0 00:00:04  -  Total Remote Usage
		Usr 0 00:00:00, Sys 0 00:00:00  -  Total Local Usage
	18803  -  Run Bytes Sent By Job
	0  -  Run Bytes Received By Job
	18803  -  Total Bytes Sent By Job
	0  -  Total Bytes Received By Job
	Partitionable Resources :    Usage  Request Allocated 
	   Cpus                 :     0.93        1         1 
	   Disk (KB)            :    97           2    312194 
	   Memory (MB)          :   630        2048      2048 

	Job terminated of its own accord at 2023-12-14T10:29:09Z with exit-code 0.
...
