000 (1971289.000.000) 2023-12-14 02:17:31 Job submitted from host: <172.24.33.226:11547?addrs=172.24.33.226-11547&alias=sdfrome002.sdf.slac.stanford.edu>
    DAG Node: 11797a7c-7dbe-48c5-94a9-4be706128d77_ptcIsr_2023111300224_23
...
040 (1971289.000.000) 2023-12-14 02:24:40 Finished transferring input files
...
001 (1971289.000.000) 2023-12-14 02:24:40 Job executing on host: <172.24.48.149:38613?CCBID=172.24.33.225:9618%3faddrs%3d172.24.33.225-9618%26alias%3dsdfrome001.sdf.slac.stanford.edu#6219698&PrivNet=sdfmilan049.sdf.slac.stanford.edu&addrs=172.24.48.149-38613&alias=sdfmilan049.sdf.slac.stanford.edu>
	SlotName: slot_abrought_1727_1_7@sdfmilan049.sdf.slac.stanford.edu
...
006 (1971289.000.000) 2023-12-14 02:24:48 Image size of job updated: 279736
	73  -  MemoryUsage of job (MB)
	74472  -  ResidentSetSize of job (KB)
...
006 (1971289.000.000) 2023-12-14 02:25:44 Image size of job updated: 2195072
	661  -  MemoryUsage of job (MB)
	676280  -  ResidentSetSize of job (KB)
...
040 (1971289.000.000) 2023-12-14 02:25:44 Started transferring output files
...
040 (1971289.000.000) 2023-12-14 02:25:44 Finished transferring output files
...
005 (1971289.000.000) 2023-12-14 02:25:44 Job terminated.
	(1) Normal termination (return value 0)
		Usr 0 00:00:22, Sys 0 00:00:02  -  Run Remote Usage
		Usr 0 00:00:00, Sys 0 00:00:00  -  Run Local Usage
		Usr 0 00:00:22, Sys 0 00:00:02  -  Total Remote Usage
		Usr 0 00:00:00, Sys 0 00:00:00  -  Total Local Usage
	19072  -  Run Bytes Sent By Job
	0  -  Run Bytes Received By Job
	19072  -  Total Bytes Sent By Job
	0  -  Total Bytes Received By Job
	Partitionable Resources :    Usage  Request Allocated 
	   Cpus                 :                 1         1 
	   Disk (KB)            :       91        2    312194 
	   Memory (MB)          :      661     2048      2048 

	Job terminated of its own accord at 2023-12-14T10:25:44Z with exit-code 0.
...
