000 (1971644.000.000) 2023-12-14 02:17:36 Job submitted from host: <172.24.33.226:11547?addrs=172.24.33.226-11547&alias=sdfrome002.sdf.slac.stanford.edu>
    DAG Node: aed3890b-7bfc-405c-9b7d-5874a43ad968_ptcIsr_2023111202777_23
...
040 (1971644.000.000) 2023-12-14 02:25:31 Finished transferring input files
...
001 (1971644.000.000) 2023-12-14 02:25:31 Job executing on host: <172.24.33.213:43829?CCBID=172.24.33.225:9618%3faddrs%3d172.24.33.225-9618%26alias%3dsdfrome001.sdf.slac.stanford.edu#6220038&PrivNet=sdfrome022.sdf.slac.stanford.edu&addrs=172.24.33.213-43829&alias=sdfrome022.sdf.slac.stanford.edu>
	SlotName: slot_abrought_31850_1_14@sdfrome022.sdf.slac.stanford.edu
...
006 (1971644.000.000) 2023-12-14 02:25:40 Image size of job updated: 27348
	11  -  MemoryUsage of job (MB)
	10660  -  ResidentSetSize of job (KB)
...
006 (1971644.000.000) 2023-12-14 02:26:26 Image size of job updated: 2144828
	11  -  MemoryUsage of job (MB)
	10660  -  ResidentSetSize of job (KB)
...
040 (1971644.000.000) 2023-12-14 02:26:26 Started transferring output files
...
040 (1971644.000.000) 2023-12-14 02:26:26 Finished transferring output files
...
005 (1971644.000.000) 2023-12-14 02:26:26 Job terminated.
	(1) Normal termination (return value 0)
		Usr 0 00:00:24, Sys 0 00:00:05  -  Run Remote Usage
		Usr 0 00:00:00, Sys 0 00:00:00  -  Run Local Usage
		Usr 0 00:00:24, Sys 0 00:00:05  -  Total Remote Usage
		Usr 0 00:00:00, Sys 0 00:00:00  -  Total Local Usage
	18804  -  Run Bytes Sent By Job
	0  -  Run Bytes Received By Job
	18804  -  Total Bytes Sent By Job
	0  -  Total Bytes Received By Job
	Partitionable Resources :    Usage  Request Allocated 
	   Cpus                 :                 1         1 
	   Disk (KB)            :       90        2    312194 
	   Memory (MB)          :       11     2048      2048 

	Job terminated of its own accord at 2023-12-14T10:26:25Z with exit-code 0.
...
