000 (1970924.000.000) 2023-12-14 02:17:25 Job submitted from host: <172.24.33.226:11547?addrs=172.24.33.226-11547&alias=sdfrome002.sdf.slac.stanford.edu>
    DAG Node: afb5e1db-544e-4033-834f-910ec33b10cb_ptcIsr_2023111101479_23
...
040 (1970924.000.000) 2023-12-14 02:23:34 Finished transferring input files
...
001 (1970924.000.000) 2023-12-14 02:23:34 Job executing on host: <172.24.33.124:45647?CCBID=172.24.33.225:9618%3faddrs%3d172.24.33.225-9618%26alias%3dsdfrome001.sdf.slac.stanford.edu#6220016&PrivNet=sdfrome059.sdf.slac.stanford.edu&addrs=172.24.33.124-45647&alias=sdfrome059.sdf.slac.stanford.edu>
	SlotName: slot_abrought_13532_1_12@sdfrome059.sdf.slac.stanford.edu
...
006 (1970924.000.000) 2023-12-14 02:23:44 Image size of job updated: 281152
	74  -  MemoryUsage of job (MB)
	75492  -  ResidentSetSize of job (KB)
...
006 (1970924.000.000) 2023-12-14 02:26:42 Image size of job updated: 2197516
	613  -  MemoryUsage of job (MB)
	627024  -  ResidentSetSize of job (KB)
...
040 (1970924.000.000) 2023-12-14 02:26:42 Started transferring output files
...
040 (1970924.000.000) 2023-12-14 02:26:42 Finished transferring output files
...
005 (1970924.000.000) 2023-12-14 02:26:42 Job terminated.
	(1) Normal termination (return value 0)
		Usr 0 00:00:19, Sys 0 00:00:03  -  Run Remote Usage
		Usr 0 00:00:00, Sys 0 00:00:00  -  Run Local Usage
		Usr 0 00:00:19, Sys 0 00:00:03  -  Total Remote Usage
		Usr 0 00:00:00, Sys 0 00:00:00  -  Total Local Usage
	19074  -  Run Bytes Sent By Job
	0  -  Run Bytes Received By Job
	19074  -  Total Bytes Sent By Job
	0  -  Total Bytes Received By Job
	Partitionable Resources :    Usage  Request Allocated 
	   Cpus                 :     0.13        1         1 
	   Disk (KB)            :    97           2    312194 
	   Memory (MB)          :   613        2048      2048 

	Job terminated of its own accord at 2023-12-14T10:26:42Z with exit-code 0.
...
