000 (1972249.000.000) 2023-12-14 02:17:43 Job submitted from host: <172.24.33.226:11547?addrs=172.24.33.226-11547&alias=sdfrome002.sdf.slac.stanford.edu>
    DAG Node: a586f48b-af56-48bb-82ec-a3ba0881878b_ptcIsr_2023111300677_23
...
040 (1972249.000.000) 2023-12-14 02:27:22 Finished transferring input files
...
001 (1972249.000.000) 2023-12-14 02:27:22 Job executing on host: <172.24.48.185:41489?CCBID=172.24.33.225:9618%3faddrs%3d172.24.33.225-9618%26alias%3dsdfrome001.sdf.slac.stanford.edu#6219699&PrivNet=sdfmilan113.sdf.slac.stanford.edu&addrs=172.24.48.185-41489&alias=sdfmilan113.sdf.slac.stanford.edu>
	SlotName: slot_abrought_18623_1_3@sdfmilan113.sdf.slac.stanford.edu
...
006 (1972249.000.000) 2023-12-14 02:27:31 Image size of job updated: 271104
	65  -  MemoryUsage of job (MB)
	66432  -  ResidentSetSize of job (KB)
...
006 (1972249.000.000) 2023-12-14 02:28:36 Image size of job updated: 2041748
	646  -  MemoryUsage of job (MB)
	661384  -  ResidentSetSize of job (KB)
...
040 (1972249.000.000) 2023-12-14 02:28:36 Started transferring output files
...
040 (1972249.000.000) 2023-12-14 02:28:36 Finished transferring output files
...
005 (1972249.000.000) 2023-12-14 02:28:36 Job terminated.
	(1) Normal termination (return value 0)
		Usr 0 00:00:22, Sys 0 00:00:02  -  Run Remote Usage
		Usr 0 00:00:00, Sys 0 00:00:00  -  Run Local Usage
		Usr 0 00:00:22, Sys 0 00:00:02  -  Total Remote Usage
		Usr 0 00:00:00, Sys 0 00:00:00  -  Total Local Usage
	18531  -  Run Bytes Sent By Job
	0  -  Run Bytes Received By Job
	18531  -  Total Bytes Sent By Job
	0  -  Total Bytes Received By Job
	Partitionable Resources :    Usage  Request Allocated 
	   Cpus                 :                 1         1 
	   Disk (KB)            :       90        2    312194 
	   Memory (MB)          :      646     2048      2048 

	Job terminated of its own accord at 2023-12-14T10:28:36Z with exit-code 0.
...
