000 (1969873.000.000) 2023-12-14 02:17:13 Job submitted from host: <172.24.33.226:11547?addrs=172.24.33.226-11547&alias=sdfrome002.sdf.slac.stanford.edu>
    DAG Node: e73740a8-434c-456c-a18a-96b199212d4c_ptcIsr_2023111101842_23
...
040 (1969873.000.000) 2023-12-14 02:20:11 Finished transferring input files
...
001 (1969873.000.000) 2023-12-14 02:20:11 Job executing on host: <172.24.33.213:33037?CCBID=172.24.33.225:9618%3faddrs%3d172.24.33.225-9618%26alias%3dsdfrome001.sdf.slac.stanford.edu#6220039&PrivNet=sdfrome022.sdf.slac.stanford.edu&addrs=172.24.33.213-33037&alias=sdfrome022.sdf.slac.stanford.edu>
	SlotName: slot_abrought_15721_1_12@sdfrome022.sdf.slac.stanford.edu
...
006 (1969873.000.000) 2023-12-14 02:20:20 Image size of job updated: 27480
	11  -  MemoryUsage of job (MB)
	11048  -  ResidentSetSize of job (KB)
...
006 (1969873.000.000) 2023-12-14 02:21:30 Image size of job updated: 2245572
	11  -  MemoryUsage of job (MB)
	11048  -  ResidentSetSize of job (KB)
...
040 (1969873.000.000) 2023-12-14 02:21:30 Started transferring output files
...
040 (1969873.000.000) 2023-12-14 02:21:30 Finished transferring output files
...
005 (1969873.000.000) 2023-12-14 02:21:31 Job terminated.
	(1) Normal termination (return value 0)
		Usr 0 00:00:24, Sys 0 00:00:10  -  Run Remote Usage
		Usr 0 00:00:00, Sys 0 00:00:00  -  Run Local Usage
		Usr 0 00:00:24, Sys 0 00:00:10  -  Total Remote Usage
		Usr 0 00:00:00, Sys 0 00:00:00  -  Total Local Usage
	19074  -  Run Bytes Sent By Job
	0  -  Run Bytes Received By Job
	19074  -  Total Bytes Sent By Job
	0  -  Total Bytes Received By Job
	Partitionable Resources :    Usage  Request Allocated 
	   Cpus                 :                 1         1 
	   Disk (KB)            :       90        2    312194 
	   Memory (MB)          :       11     2048      2048 

	Job terminated of its own accord at 2023-12-14T10:21:30Z with exit-code 0.
...
