000 (1970220.000.000) 2023-12-14 02:17:18 Job submitted from host: <172.24.33.226:11547?addrs=172.24.33.226-11547&alias=sdfrome002.sdf.slac.stanford.edu>
    DAG Node: dd2570d7-5e08-4bbc-8385-0d5e193f33d5_ptcIsr_2023111202246_23
...
040 (1970220.000.000) 2023-12-14 02:21:25 Finished transferring input files
...
001 (1970220.000.000) 2023-12-14 02:21:25 Job executing on host: <172.24.33.213:41467?CCBID=172.24.33.225:9618%3faddrs%3d172.24.33.225-9618%26alias%3dsdfrome001.sdf.slac.stanford.edu#6220037&PrivNet=sdfrome022.sdf.slac.stanford.edu&addrs=172.24.33.213-41467&alias=sdfrome022.sdf.slac.stanford.edu>
	SlotName: slot_abrought_435_1_7@sdfrome022.sdf.slac.stanford.edu
...
006 (1970220.000.000) 2023-12-14 02:21:33 Image size of job updated: 337076
	124  -  MemoryUsage of job (MB)
	126740  -  ResidentSetSize of job (KB)
...
006 (1970220.000.000) 2023-12-14 02:22:26 Image size of job updated: 2130992
	124  -  MemoryUsage of job (MB)
	126740  -  ResidentSetSize of job (KB)
...
040 (1970220.000.000) 2023-12-14 02:22:26 Started transferring output files
...
040 (1970220.000.000) 2023-12-14 02:22:26 Finished transferring output files
...
005 (1970220.000.000) 2023-12-14 02:22:27 Job terminated.
	(1) Normal termination (return value 0)
		Usr 0 00:00:28, Sys 0 00:00:05  -  Run Remote Usage
		Usr 0 00:00:00, Sys 0 00:00:00  -  Run Local Usage
		Usr 0 00:00:28, Sys 0 00:00:05  -  Total Remote Usage
		Usr 0 00:00:00, Sys 0 00:00:00  -  Total Local Usage
	18803  -  Run Bytes Sent By Job
	0  -  Run Bytes Received By Job
	18803  -  Total Bytes Sent By Job
	0  -  Total Bytes Received By Job
	Partitionable Resources :    Usage  Request Allocated 
	   Cpus                 :                 1         1 
	   Disk (KB)            :       90        2    312194 
	   Memory (MB)          :      124     2048      2048 

	Job terminated of its own accord at 2023-12-14T10:22:26Z with exit-code 0.
...
