000 (1970581.000.000) 2023-12-14 02:17:24 Job submitted from host: <172.24.33.226:11547?addrs=172.24.33.226-11547&alias=sdfrome002.sdf.slac.stanford.edu>
    DAG Node: 584a234c-9228-4312-a4f6-8418cb79515b_ptcIsr_2023111203678_23
...
040 (1970581.000.000) 2023-12-14 02:22:22 Finished transferring input files
...
001 (1970581.000.000) 2023-12-14 02:22:22 Job executing on host: <172.24.48.185:41489?CCBID=172.24.33.225:9618%3faddrs%3d172.24.33.225-9618%26alias%3dsdfrome001.sdf.slac.stanford.edu#6219699&PrivNet=sdfmilan113.sdf.slac.stanford.edu&addrs=172.24.48.185-41489&alias=sdfmilan113.sdf.slac.stanford.edu>
	SlotName: slot_abrought_18623_1_1@sdfmilan113.sdf.slac.stanford.edu
...
006 (1970581.000.000) 2023-12-14 02:22:31 Image size of job updated: 315252
	106  -  MemoryUsage of job (MB)
	107692  -  ResidentSetSize of job (KB)
...
006 (1970581.000.000) 2023-12-14 02:23:23 Image size of job updated: 2095252
	621  -  MemoryUsage of job (MB)
	635484  -  ResidentSetSize of job (KB)
...
040 (1970581.000.000) 2023-12-14 02:23:23 Started transferring output files
...
040 (1970581.000.000) 2023-12-14 02:23:23 Finished transferring output files
...
005 (1970581.000.000) 2023-12-14 02:23:24 Job terminated.
	(1) Normal termination (return value 0)
		Usr 0 00:00:16, Sys 0 00:00:02  -  Run Remote Usage
		Usr 0 00:00:00, Sys 0 00:00:00  -  Run Local Usage
		Usr 0 00:00:16, Sys 0 00:00:02  -  Total Remote Usage
		Usr 0 00:00:00, Sys 0 00:00:00  -  Total Local Usage
	18975  -  Run Bytes Sent By Job
	0  -  Run Bytes Received By Job
	18975  -  Total Bytes Sent By Job
	0  -  Total Bytes Received By Job
	Partitionable Resources :    Usage  Request Allocated 
	   Cpus                 :                 1         1 
	   Disk (KB)            :       91        2    312194 
	   Memory (MB)          :      621     2048      2048 

	Job terminated of its own accord at 2023-12-14T10:23:23Z with exit-code 0.
...
