000 (1971163.000.000) 2023-12-14 02:17:30 Job submitted from host: <172.24.33.226:11547?addrs=172.24.33.226-11547&alias=sdfrome002.sdf.slac.stanford.edu>
    DAG Node: 75f06f38-1349-48a6-9dba-da2bfdc32633_ptcIsr_2023111202894_23
...
040 (1971163.000.000) 2023-12-14 02:24:14 Finished transferring input files
...
001 (1971163.000.000) 2023-12-14 02:24:14 Job executing on host: <172.24.33.147:42953?CCBID=172.24.33.225:9618%3faddrs%3d172.24.33.225-9618%26alias%3dsdfrome001.sdf.slac.stanford.edu#6219703&PrivNet=sdfrome082.sdf.slac.stanford.edu&addrs=172.24.33.147-42953&alias=sdfrome082.sdf.slac.stanford.edu>
	SlotName: slot_abrought_48_1_1@sdfrome082.sdf.slac.stanford.edu
...
006 (1971163.000.000) 2023-12-14 02:24:23 Image size of job updated: 329592
	117  -  MemoryUsage of job (MB)
	119508  -  ResidentSetSize of job (KB)
...
006 (1971163.000.000) 2023-12-14 02:25:05 Image size of job updated: 2197204
	117  -  MemoryUsage of job (MB)
	119508  -  ResidentSetSize of job (KB)
...
040 (1971163.000.000) 2023-12-14 02:25:05 Started transferring output files
...
040 (1971163.000.000) 2023-12-14 02:25:05 Finished transferring output files
...
005 (1971163.000.000) 2023-12-14 02:25:05 Job terminated.
	(1) Normal termination (return value 0)
		Usr 0 00:00:21, Sys 0 00:00:03  -  Run Remote Usage
		Usr 0 00:00:00, Sys 0 00:00:00  -  Run Local Usage
		Usr 0 00:00:21, Sys 0 00:00:03  -  Total Remote Usage
		Usr 0 00:00:00, Sys 0 00:00:00  -  Total Local Usage
	19075  -  Run Bytes Sent By Job
	0  -  Run Bytes Received By Job
	19075  -  Total Bytes Sent By Job
	0  -  Total Bytes Received By Job
	Partitionable Resources :    Usage  Request Allocated 
	   Cpus                 :                 1         1 
	   Disk (KB)            :       91        2    312116 
	   Memory (MB)          :      117     2048      2048 

	Job terminated of its own accord at 2023-12-14T10:25:05Z with exit-code 0.
...
