000 (1970343.000.000) 2023-12-14 02:17:18 Job submitted from host: <172.24.33.226:11547?addrs=172.24.33.226-11547&alias=sdfrome002.sdf.slac.stanford.edu>
    DAG Node: 6d6ac7fa-8f12-4011-b111-b270d8e420d4_ptcIsr_2023111101998_23
...
040 (1970343.000.000) 2023-12-14 02:21:30 Finished transferring input files
...
001 (1970343.000.000) 2023-12-14 02:21:30 Job executing on host: <172.24.48.149:38613?CCBID=172.24.33.225:9618%3faddrs%3d172.24.33.225-9618%26alias%3dsdfrome001.sdf.slac.stanford.edu#6219698&PrivNet=sdfmilan049.sdf.slac.stanford.edu&addrs=172.24.48.149-38613&alias=sdfmilan049.sdf.slac.stanford.edu>
	SlotName: slot_abrought_1727_1_8@sdfmilan049.sdf.slac.stanford.edu
...
006 (1970343.000.000) 2023-12-14 02:21:38 Image size of job updated: 280760
	74  -  MemoryUsage of job (MB)
	74908  -  ResidentSetSize of job (KB)
...
006 (1970343.000.000) 2023-12-14 02:22:42 Image size of job updated: 2135440
	1361  -  MemoryUsage of job (MB)
	1393272  -  ResidentSetSize of job (KB)
...
040 (1970343.000.000) 2023-12-14 02:22:43 Started transferring output files
...
040 (1970343.000.000) 2023-12-14 02:22:43 Finished transferring output files
...
005 (1970343.000.000) 2023-12-14 02:22:43 Job terminated.
	(1) Normal termination (return value 0)
		Usr 0 00:00:15, Sys 0 00:00:01  -  Run Remote Usage
		Usr 0 00:00:00, Sys 0 00:00:00  -  Run Local Usage
		Usr 0 00:00:15, Sys 0 00:00:01  -  Total Remote Usage
		Usr 0 00:00:00, Sys 0 00:00:00  -  Total Local Usage
	19074  -  Run Bytes Sent By Job
	0  -  Run Bytes Received By Job
	19074  -  Total Bytes Sent By Job
	0  -  Total Bytes Received By Job
	Partitionable Resources :    Usage  Request Allocated 
	   Cpus                 :        0        1         1 
	   Disk (KB)            :       97        2    312194 
	   Memory (MB)          :     1361     2048      2048 

	Job terminated of its own accord at 2023-12-14T10:22:42Z with exit-code 0.
...
