000 (1971109.000.000) 2023-12-14 02:17:30 Job submitted from host: <172.24.33.226:11547?addrs=172.24.33.226-11547&alias=sdfrome002.sdf.slac.stanford.edu>
    DAG Node: f66afb6d-2fd9-4441-92dd-e3d255b740e7_ptcIsr_2023111203453_23
...
040 (1971109.000.000) 2023-12-14 02:24:02 Finished transferring input files
...
001 (1971109.000.000) 2023-12-14 02:24:02 Job executing on host: <172.24.33.143:42517?CCBID=172.24.33.225:9618%3faddrs%3d172.24.33.225-9618%26alias%3dsdfrome001.sdf.slac.stanford.edu#6220496&PrivNet=sdfrome078.sdf.slac.stanford.edu&addrs=172.24.33.143-42517&alias=sdfrome078.sdf.slac.stanford.edu>
	SlotName: slot_abrought_19079_1_7@sdfrome078.sdf.slac.stanford.edu
...
006 (1971109.000.000) 2023-12-14 02:24:10 Image size of job updated: 307444
	97  -  MemoryUsage of job (MB)
	99108  -  ResidentSetSize of job (KB)
...
006 (1971109.000.000) 2023-12-14 02:24:49 Image size of job updated: 2294792
	616  -  MemoryUsage of job (MB)
	629876  -  ResidentSetSize of job (KB)
...
040 (1971109.000.000) 2023-12-14 02:24:49 Started transferring output files
...
040 (1971109.000.000) 2023-12-14 02:24:49 Finished transferring output files
...
005 (1971109.000.000) 2023-12-14 02:24:49 Job terminated.
	(1) Normal termination (return value 0)
		Usr 0 00:00:27, Sys 0 00:00:05  -  Run Remote Usage
		Usr 0 00:00:00, Sys 0 00:00:00  -  Run Local Usage
		Usr 0 00:00:27, Sys 0 00:00:05  -  Total Remote Usage
		Usr 0 00:00:00, Sys 0 00:00:00  -  Total Local Usage
	18975  -  Run Bytes Sent By Job
	0  -  Run Bytes Received By Job
	18975  -  Total Bytes Sent By Job
	0  -  Total Bytes Received By Job
	Partitionable Resources :    Usage  Request Allocated 
	   Cpus                 :                 1         1 
	   Disk (KB)            :       91        2    312194 
	   Memory (MB)          :      616     2048      2048 

	Job terminated of its own accord at 2023-12-14T10:24:49Z with exit-code 0.
...
