000 (1970851.000.000) 2023-12-14 02:17:25 Job submitted from host: <172.24.33.226:11547?addrs=172.24.33.226-11547&alias=sdfrome002.sdf.slac.stanford.edu>
    DAG Node: 80458f0e-0979-444a-bf80-d4fdcb0d3fe4_ptcIsr_2023111101015_23
...
040 (1970851.000.000) 2023-12-14 02:23:16 Finished transferring input files
...
001 (1970851.000.000) 2023-12-14 02:23:16 Job executing on host: <172.24.33.147:42953?CCBID=172.24.33.225:9618%3faddrs%3d172.24.33.225-9618%26alias%3dsdfrome001.sdf.slac.stanford.edu#6219703&PrivNet=sdfrome082.sdf.slac.stanford.edu&addrs=172.24.33.147-42953&alias=sdfrome082.sdf.slac.stanford.edu>
	SlotName: slot_abrought_48_1_1@sdfrome082.sdf.slac.stanford.edu
...
006 (1970851.000.000) 2023-12-14 02:23:25 Image size of job updated: 299444
	91  -  MemoryUsage of job (MB)
	92204  -  ResidentSetSize of job (KB)
...
006 (1970851.000.000) 2023-12-14 02:24:11 Image size of job updated: 2107808
	1330  -  MemoryUsage of job (MB)
	1360956  -  ResidentSetSize of job (KB)
...
040 (1970851.000.000) 2023-12-14 02:24:11 Started transferring output files
...
040 (1970851.000.000) 2023-12-14 02:24:11 Finished transferring output files
...
005 (1970851.000.000) 2023-12-14 02:24:11 Job terminated.
	(1) Normal termination (return value 0)
		Usr 0 00:00:19, Sys 0 00:00:02  -  Run Remote Usage
		Usr 0 00:00:00, Sys 0 00:00:00  -  Run Local Usage
		Usr 0 00:00:19, Sys 0 00:00:02  -  Total Remote Usage
		Usr 0 00:00:00, Sys 0 00:00:00  -  Total Local Usage
	18802  -  Run Bytes Sent By Job
	0  -  Run Bytes Received By Job
	18802  -  Total Bytes Sent By Job
	0  -  Total Bytes Received By Job
	Partitionable Resources :    Usage  Request Allocated 
	   Cpus                 :                 1         1 
	   Disk (KB)            :       90        2    312116 
	   Memory (MB)          :     1330     2048      2048 

	Job terminated of its own accord at 2023-12-14T10:24:11Z with exit-code 0.
...
