000 (1969652.000.000) 2023-12-14 02:17:11 Job submitted from host: <172.24.33.226:11547?addrs=172.24.33.226-11547&alias=sdfrome002.sdf.slac.stanford.edu>
    DAG Node: f914a4b2-5472-48d1-8c36-13aac3f2c9fa_ptcIsr_2023111201767_23
...
040 (1969652.000.000) 2023-12-14 02:19:20 Finished transferring input files
...
001 (1969652.000.000) 2023-12-14 02:19:20 Job executing on host: <172.24.48.186:33679?CCBID=172.24.33.225:9618%3faddrs%3d172.24.33.225-9618%26alias%3dsdfrome001.sdf.slac.stanford.edu#6219700&PrivNet=sdfmilan114.sdf.slac.stanford.edu&addrs=172.24.48.186-33679&alias=sdfmilan114.sdf.slac.stanford.edu>
	SlotName: slot_abrought_14493_1_16@sdfmilan114.sdf.slac.stanford.edu
...
006 (1969652.000.000) 2023-12-14 02:19:28 Image size of job updated: 2
	5  -  MemoryUsage of job (MB)
	5108  -  ResidentSetSize of job (KB)
...
006 (1969652.000.000) 2023-12-14 02:20:21 Image size of job updated: 2108196
	1323  -  MemoryUsage of job (MB)
	1354524  -  ResidentSetSize of job (KB)
...
040 (1969652.000.000) 2023-12-14 02:20:21 Started transferring output files
...
040 (1969652.000.000) 2023-12-14 02:20:21 Finished transferring output files
...
005 (1969652.000.000) 2023-12-14 02:20:21 Job terminated.
	(1) Normal termination (return value 0)
		Usr 0 00:00:17, Sys 0 00:00:02  -  Run Remote Usage
		Usr 0 00:00:00, Sys 0 00:00:00  -  Run Local Usage
		Usr 0 00:00:17, Sys 0 00:00:02  -  Total Remote Usage
		Usr 0 00:00:00, Sys 0 00:00:00  -  Total Local Usage
	18803  -  Run Bytes Sent By Job
	0  -  Run Bytes Received By Job
	18803  -  Total Bytes Sent By Job
	0  -  Total Bytes Received By Job
	Partitionable Resources :    Usage  Request Allocated 
	   Cpus                 :                 1         1 
	   Disk (KB)            :       90        2    312193 
	   Memory (MB)          :     1323     2048      2048 

	Job terminated of its own accord at 2023-12-14T10:20:21Z with exit-code 0.
...
