000 (1972729.000.000) 2023-12-14 02:17:48 Job submitted from host: <172.24.33.226:11547?addrs=172.24.33.226-11547&alias=sdfrome002.sdf.slac.stanford.edu>
    DAG Node: 14b0da53-5db2-42fa-8958-686acdcc1698_ptcIsr_2023111300974_23
...
040 (1972729.000.000) 2023-12-14 02:28:49 Finished transferring input files
...
001 (1972729.000.000) 2023-12-14 02:28:49 Job executing on host: <172.24.33.124:39661?CCBID=172.24.33.225:9618%3faddrs%3d172.24.33.225-9618%26alias%3dsdfrome001.sdf.slac.stanford.edu#6220018&PrivNet=sdfrome059.sdf.slac.stanford.edu&addrs=172.24.33.124-39661&alias=sdfrome059.sdf.slac.stanford.edu>
	SlotName: slot_abrought_25802_1_22@sdfrome059.sdf.slac.stanford.edu
...
006 (1972729.000.000) 2023-12-14 02:28:58 Image size of job updated: 323784
	112  -  MemoryUsage of job (MB)
	113764  -  ResidentSetSize of job (KB)
...
006 (1972729.000.000) 2023-12-14 02:29:32 Image size of job updated: 2105236
	607  -  MemoryUsage of job (MB)
	621000  -  ResidentSetSize of job (KB)
...
040 (1972729.000.000) 2023-12-14 02:29:32 Started transferring output files
...
040 (1972729.000.000) 2023-12-14 02:29:32 Finished transferring output files
...
005 (1972729.000.000) 2023-12-14 02:29:32 Job terminated.
	(1) Normal termination (return value 0)
		Usr 0 00:00:24, Sys 0 00:00:04  -  Run Remote Usage
		Usr 0 00:00:00, Sys 0 00:00:00  -  Run Local Usage
		Usr 0 00:00:24, Sys 0 00:00:04  -  Total Remote Usage
		Usr 0 00:00:00, Sys 0 00:00:00  -  Total Local Usage
	19072  -  Run Bytes Sent By Job
	0  -  Run Bytes Received By Job
	19072  -  Total Bytes Sent By Job
	0  -  Total Bytes Received By Job
	Partitionable Resources :    Usage  Request Allocated 
	   Cpus                 :     0.76        1         1 
	   Disk (KB)            :    97           2    312194 
	   Memory (MB)          :   607        2048      2048 

	Job terminated of its own accord at 2023-12-14T10:29:32Z with exit-code 0.
...
