000 (1972302.000.000) 2023-12-14 02:17:43 Job submitted from host: <172.24.33.226:11547?addrs=172.24.33.226-11547&alias=sdfrome002.sdf.slac.stanford.edu>
    DAG Node: 129f6cf0-3934-4b51-9331-c6454cae2293_ptcIsr_2023111102052_23
...
040 (1972302.000.000) 2023-12-14 02:27:29 Finished transferring input files
...
001 (1972302.000.000) 2023-12-14 02:27:29 Job executing on host: <172.24.33.143:42517?CCBID=172.24.33.225:9618%3faddrs%3d172.24.33.225-9618%26alias%3dsdfrome001.sdf.slac.stanford.edu#6220496&PrivNet=sdfrome078.sdf.slac.stanford.edu&addrs=172.24.33.143-42517&alias=sdfrome078.sdf.slac.stanford.edu>
	SlotName: slot_abrought_19079_1_5@sdfrome078.sdf.slac.stanford.edu
...
006 (1972302.000.000) 2023-12-14 02:27:37 Image size of job updated: 403704
	164  -  MemoryUsage of job (MB)
	167192  -  ResidentSetSize of job (KB)
...
006 (1972302.000.000) 2023-12-14 02:28:12 Image size of job updated: 2170200
	614  -  MemoryUsage of job (MB)
	628008  -  ResidentSetSize of job (KB)
...
040 (1972302.000.000) 2023-12-14 02:28:12 Started transferring output files
...
040 (1972302.000.000) 2023-12-14 02:28:12 Finished transferring output files
...
005 (1972302.000.000) 2023-12-14 02:28:12 Job terminated.
	(1) Normal termination (return value 0)
		Usr 0 00:00:27, Sys 0 00:00:05  -  Run Remote Usage
		Usr 0 00:00:00, Sys 0 00:00:00  -  Run Local Usage
		Usr 0 00:00:27, Sys 0 00:00:05  -  Total Remote Usage
		Usr 0 00:00:00, Sys 0 00:00:00  -  Total Local Usage
	19073  -  Run Bytes Sent By Job
	0  -  Run Bytes Received By Job
	19073  -  Total Bytes Sent By Job
	0  -  Total Bytes Received By Job
	Partitionable Resources :    Usage  Request Allocated 
	   Cpus                 :                 1         1 
	   Disk (KB)            :       91        2    312194 
	   Memory (MB)          :      614     2048      2048 

	Job terminated of its own accord at 2023-12-14T10:28:12Z with exit-code 0.
...
