000 (1972633.000.000) 2023-12-14 02:17:47 Job submitted from host: <172.24.33.226:11547?addrs=172.24.33.226-11547&alias=sdfrome002.sdf.slac.stanford.edu>
    DAG Node: 0bc8a293-0bf4-4f35-aac2-3e80a321ac8a_ptcIsr_2023111202570_23
...
040 (1972633.000.000) 2023-12-14 02:28:29 Finished transferring input files
...
001 (1972633.000.000) 2023-12-14 02:28:29 Job executing on host: <172.24.48.193:46283?CCBID=172.24.33.225:9618%3faddrs%3d172.24.33.225-9618%26alias%3dsdfrome001.sdf.slac.stanford.edu#6219697&PrivNet=sdfmilan121.sdf.slac.stanford.edu&addrs=172.24.48.193-46283&alias=sdfmilan121.sdf.slac.stanford.edu>
	SlotName: slot_abrought_10210_1_22@sdfmilan121.sdf.slac.stanford.edu
...
006 (1972633.000.000) 2023-12-14 02:28:38 Image size of job updated: 53424
	25  -  MemoryUsage of job (MB)
	24604  -  ResidentSetSize of job (KB)
...
006 (1972633.000.000) 2023-12-14 02:29:28 Image size of job updated: 2130820
	654  -  MemoryUsage of job (MB)
	668900  -  ResidentSetSize of job (KB)
...
040 (1972633.000.000) 2023-12-14 02:29:28 Started transferring output files
...
040 (1972633.000.000) 2023-12-14 02:29:28 Finished transferring output files
...
005 (1972633.000.000) 2023-12-14 02:29:28 Job terminated.
	(1) Normal termination (return value 0)
		Usr 0 00:00:21, Sys 0 00:00:03  -  Run Remote Usage
		Usr 0 00:00:00, Sys 0 00:00:00  -  Run Local Usage
		Usr 0 00:00:21, Sys 0 00:00:03  -  Total Remote Usage
		Usr 0 00:00:00, Sys 0 00:00:00  -  Total Local Usage
	18804  -  Run Bytes Sent By Job
	0  -  Run Bytes Received By Job
	18804  -  Total Bytes Sent By Job
	0  -  Total Bytes Received By Job
	Partitionable Resources :    Usage  Request Allocated 
	   Cpus                 :                 1         1 
	   Disk (KB)            :       90        2    311595 
	   Memory (MB)          :      654     2048      2048 

	Job terminated of its own accord at 2023-12-14T10:29:28Z with exit-code 0.
...
