000 (1971881.000.000) 2023-12-14 02:17:37 Job submitted from host: <172.24.33.226:11547?addrs=172.24.33.226-11547&alias=sdfrome002.sdf.slac.stanford.edu>
    DAG Node: 9ec4994d-8c9a-4c07-b284-e401121964bb_ptcIsr_2023111201109_23
...
040 (1971881.000.000) 2023-12-14 02:26:14 Finished transferring input files
...
001 (1971881.000.000) 2023-12-14 02:26:14 Job executing on host: <172.24.48.149:38613?CCBID=172.24.33.225:9618%3faddrs%3d172.24.33.225-9618%26alias%3dsdfrome001.sdf.slac.stanford.edu#6219698&PrivNet=sdfmilan049.sdf.slac.stanford.edu&addrs=172.24.48.149-38613&alias=sdfmilan049.sdf.slac.stanford.edu>
	SlotName: slot_abrought_1727_1_6@sdfmilan049.sdf.slac.stanford.edu
...
006 (1971881.000.000) 2023-12-14 02:26:22 Image size of job updated: 285388
	77  -  MemoryUsage of job (MB)
	78840  -  ResidentSetSize of job (KB)
...
006 (1971881.000.000) 2023-12-14 02:27:22 Image size of job updated: 2073452
	77  -  MemoryUsage of job (MB)
	78840  -  ResidentSetSize of job (KB)
...
040 (1971881.000.000) 2023-12-14 02:27:23 Started transferring output files
...
040 (1971881.000.000) 2023-12-14 02:27:23 Finished transferring output files
...
005 (1971881.000.000) 2023-12-14 02:27:23 Job terminated.
	(1) Normal termination (return value 0)
		Usr 0 00:00:20, Sys 0 00:00:02  -  Run Remote Usage
		Usr 0 00:00:00, Sys 0 00:00:00  -  Run Local Usage
		Usr 0 00:00:20, Sys 0 00:00:02  -  Total Remote Usage
		Usr 0 00:00:00, Sys 0 00:00:00  -  Total Local Usage
	19075  -  Run Bytes Sent By Job
	0  -  Run Bytes Received By Job
	19075  -  Total Bytes Sent By Job
	0  -  Total Bytes Received By Job
	Partitionable Resources :    Usage  Request Allocated 
	   Cpus                 :     0.21        1         1 
	   Disk (KB)            :    97           2    312194 
	   Memory (MB)          :    77        2048      2048 

	Job terminated of its own accord at 2023-12-14T10:27:22Z with exit-code 0.
...
