000 (1971678.000.000) 2023-12-14 02:17:36 Job submitted from host: <172.24.33.226:11547?addrs=172.24.33.226-11547&alias=sdfrome002.sdf.slac.stanford.edu>
    DAG Node: 750d5a9b-84f2-40f0-a7b3-ed00defe0518_ptcIsr_2023111203218_23
...
040 (1971678.000.000) 2023-12-14 02:25:36 Finished transferring input files
...
001 (1971678.000.000) 2023-12-14 02:25:36 Job executing on host: <172.24.33.143:42517?CCBID=172.24.33.225:9618%3faddrs%3d172.24.33.225-9618%26alias%3dsdfrome001.sdf.slac.stanford.edu#6220496&PrivNet=sdfrome078.sdf.slac.stanford.edu&addrs=172.24.33.143-42517&alias=sdfrome078.sdf.slac.stanford.edu>
	SlotName: slot_abrought_19079_1_13@sdfrome078.sdf.slac.stanford.edu
...
006 (1971678.000.000) 2023-12-14 02:25:45 Image size of job updated: 465288
	210  -  MemoryUsage of job (MB)
	214656  -  ResidentSetSize of job (KB)
...
006 (1971678.000.000) 2023-12-14 02:26:19 Image size of job updated: 2130388
	613  -  MemoryUsage of job (MB)
	627020  -  ResidentSetSize of job (KB)
...
040 (1971678.000.000) 2023-12-14 02:26:19 Started transferring output files
...
040 (1971678.000.000) 2023-12-14 02:26:19 Finished transferring output files
...
005 (1971678.000.000) 2023-12-14 02:26:19 Job terminated.
	(1) Normal termination (return value 0)
		Usr 0 00:00:23, Sys 0 00:00:03  -  Run Remote Usage
		Usr 0 00:00:00, Sys 0 00:00:00  -  Run Local Usage
		Usr 0 00:00:23, Sys 0 00:00:03  -  Total Remote Usage
		Usr 0 00:00:00, Sys 0 00:00:00  -  Total Local Usage
	18804  -  Run Bytes Sent By Job
	0  -  Run Bytes Received By Job
	18804  -  Total Bytes Sent By Job
	0  -  Total Bytes Received By Job
	Partitionable Resources :    Usage  Request Allocated 
	   Cpus                 :     0.30        1         1 
	   Disk (KB)            :    97           2    312194 
	   Memory (MB)          :   613        2048      2048 

	Job terminated of its own accord at 2023-12-14T10:26:19Z with exit-code 0.
...
