000 (1971708.000.000) 2023-12-14 02:17:36 Job submitted from host: <172.24.33.226:11547?addrs=172.24.33.226-11547&alias=sdfrome002.sdf.slac.stanford.edu>
    DAG Node: bac3de50-fe17-4bb1-bfce-65559e0ccf17_ptcIsr_2023111202507_23
...
040 (1971708.000.000) 2023-12-14 02:25:45 Finished transferring input files
...
001 (1971708.000.000) 2023-12-14 02:25:45 Job executing on host: <172.24.33.213:34935?CCBID=172.24.33.225:9618%3faddrs%3d172.24.33.225-9618%26alias%3dsdfrome001.sdf.slac.stanford.edu#6220035&PrivNet=sdfrome022.sdf.slac.stanford.edu&addrs=172.24.33.213-34935&alias=sdfrome022.sdf.slac.stanford.edu>
	SlotName: slot_abrought_12392_1_12@sdfrome022.sdf.slac.stanford.edu
...
006 (1971708.000.000) 2023-12-14 02:25:54 Image size of job updated: 30064
	14  -  MemoryUsage of job (MB)
	13852  -  ResidentSetSize of job (KB)
...
006 (1971708.000.000) 2023-12-14 02:30:13 Image size of job updated: 2170020
	14  -  MemoryUsage of job (MB)
	13852  -  ResidentSetSize of job (KB)
...
040 (1971708.000.000) 2023-12-14 02:30:14 Started transferring output files
...
040 (1971708.000.000) 2023-12-14 02:30:14 Finished transferring output files
...
005 (1971708.000.000) 2023-12-14 02:30:14 Job terminated.
	(1) Normal termination (return value 0)
		Usr 0 00:00:18, Sys 0 00:00:03  -  Run Remote Usage
		Usr 0 00:00:00, Sys 0 00:00:00  -  Run Local Usage
		Usr 0 00:00:18, Sys 0 00:00:03  -  Total Remote Usage
		Usr 0 00:00:00, Sys 0 00:00:00  -  Total Local Usage
	19074  -  Run Bytes Sent By Job
	0  -  Run Bytes Received By Job
	19074  -  Total Bytes Sent By Job
	0  -  Total Bytes Received By Job
	Partitionable Resources :    Usage  Request Allocated 
	   Cpus                 :     0.06        1         1 
	   Disk (KB)            :    97           2    312194 
	   Memory (MB)          :    14        2048      2048 

	Job terminated of its own accord at 2023-12-14T10:30:13Z with exit-code 0.
...
