000 (1972782.000.000) 2023-12-14 02:17:48 Job submitted from host: <172.24.33.226:11547?addrs=172.24.33.226-11547&alias=sdfrome002.sdf.slac.stanford.edu>
    DAG Node: 980beec3-ca94-478f-9741-6bcd02ede261_ptcIsr_2023111300252_23
...
040 (1972782.000.000) 2023-12-14 02:28:59 Finished transferring input files
...
001 (1972782.000.000) 2023-12-14 02:28:59 Job executing on host: <172.24.33.143:37205?CCBID=172.24.33.225:9618%3faddrs%3d172.24.33.225-9618%26alias%3dsdfrome001.sdf.slac.stanford.edu#6220499&PrivNet=sdfrome078.sdf.slac.stanford.edu&addrs=172.24.33.143-37205&alias=sdfrome078.sdf.slac.stanford.edu>
	SlotName: slot_abrought_7348_1_8@sdfrome078.sdf.slac.stanford.edu
...
006 (1972782.000.000) 2023-12-14 02:29:08 Image size of job updated: 327660
	115  -  MemoryUsage of job (MB)
	117468  -  ResidentSetSize of job (KB)
...
006 (1972782.000.000) 2023-12-14 02:29:50 Image size of job updated: 2034380
	1377  -  MemoryUsage of job (MB)
	1409608  -  ResidentSetSize of job (KB)
...
040 (1972782.000.000) 2023-12-14 02:29:50 Started transferring output files
...
040 (1972782.000.000) 2023-12-14 02:29:50 Finished transferring output files
...
005 (1972782.000.000) 2023-12-14 02:29:50 Job terminated.
	(1) Normal termination (return value 0)
		Usr 0 00:00:18, Sys 0 00:00:03  -  Run Remote Usage
		Usr 0 00:00:00, Sys 0 00:00:00  -  Run Local Usage
		Usr 0 00:00:18, Sys 0 00:00:03  -  Total Remote Usage
		Usr 0 00:00:00, Sys 0 00:00:00  -  Total Local Usage
	18532  -  Run Bytes Sent By Job
	0  -  Run Bytes Received By Job
	18532  -  Total Bytes Sent By Job
	0  -  Total Bytes Received By Job
	Partitionable Resources :    Usage  Request Allocated 
	   Cpus                 :                 1         1 
	   Disk (KB)            :       90        2    312194 
	   Memory (MB)          :     1377     2048      2048 

	Job terminated of its own accord at 2023-12-14T10:29:50Z with exit-code 0.
...
