000 (1969728.000.000) 2023-12-14 02:17:12 Job submitted from host: <172.24.33.226:11547?addrs=172.24.33.226-11547&alias=sdfrome002.sdf.slac.stanford.edu>
    DAG Node: f3d25d4d-066b-430f-845a-5c78ace74036_ptcIsr_2023111201551_23
...
040 (1969728.000.000) 2023-12-14 02:19:56 Finished transferring input files
...
001 (1969728.000.000) 2023-12-14 02:19:56 Job executing on host: <172.24.48.193:46283?CCBID=172.24.33.225:9618%3faddrs%3d172.24.33.225-9618%26alias%3dsdfrome001.sdf.slac.stanford.edu#6219697&PrivNet=sdfmilan121.sdf.slac.stanford.edu&addrs=172.24.48.193-46283&alias=sdfmilan121.sdf.slac.stanford.edu>
	SlotName: slot_abrought_10210_1_8@sdfmilan121.sdf.slac.stanford.edu
...
006 (1969728.000.000) 2023-12-14 02:20:05 Image size of job updated: 2
	5  -  MemoryUsage of job (MB)
	5052  -  ResidentSetSize of job (KB)
...
006 (1969728.000.000) 2023-12-14 02:21:06 Image size of job updated: 2147664
	630  -  MemoryUsage of job (MB)
	644648  -  ResidentSetSize of job (KB)
...
040 (1969728.000.000) 2023-12-14 02:21:07 Started transferring output files
...
040 (1969728.000.000) 2023-12-14 02:21:07 Finished transferring output files
...
005 (1969728.000.000) 2023-12-14 02:21:07 Job terminated.
	(1) Normal termination (return value 0)
		Usr 0 00:00:24, Sys 0 00:00:04  -  Run Remote Usage
		Usr 0 00:00:00, Sys 0 00:00:00  -  Run Local Usage
		Usr 0 00:00:24, Sys 0 00:00:04  -  Total Remote Usage
		Usr 0 00:00:00, Sys 0 00:00:00  -  Total Local Usage
	19073  -  Run Bytes Sent By Job
	0  -  Run Bytes Received By Job
	19073  -  Total Bytes Sent By Job
	0  -  Total Bytes Received By Job
	Partitionable Resources :    Usage  Request Allocated 
	   Cpus                 :                 1         1 
	   Disk (KB)            :       91        2    311595 
	   Memory (MB)          :      630     2048      2048 

	Job terminated of its own accord at 2023-12-14T10:21:06Z with exit-code 0.
...
