000 (1972965.000.000) 2023-12-14 02:17:50 Job submitted from host: <172.24.33.226:11547?addrs=172.24.33.226-11547&alias=sdfrome002.sdf.slac.stanford.edu>
    DAG Node: 91146724-9fb1-428d-88fb-e49d0a4cba1c_ptcIsr_2023111101144_23
...
040 (1972965.000.000) 2023-12-14 02:29:29 Finished transferring input files
...
001 (1972965.000.000) 2023-12-14 02:29:29 Job executing on host: <172.24.33.124:39697?CCBID=172.24.33.225:9618%3faddrs%3d172.24.33.225-9618%26alias%3dsdfrome001.sdf.slac.stanford.edu#6220015&PrivNet=sdfrome059.sdf.slac.stanford.edu&addrs=172.24.33.124-39697&alias=sdfrome059.sdf.slac.stanford.edu>
	SlotName: slot_abrought_7836_1_4@sdfrome059.sdf.slac.stanford.edu
...
006 (1972965.000.000) 2023-12-14 02:29:38 Image size of job updated: 30220
	15  -  MemoryUsage of job (MB)
	14356  -  ResidentSetSize of job (KB)
...
006 (1972965.000.000) 2023-12-14 02:30:26 Image size of job updated: 2016640
	620  -  MemoryUsage of job (MB)
	634344  -  ResidentSetSize of job (KB)
...
040 (1972965.000.000) 2023-12-14 02:30:26 Started transferring output files
...
040 (1972965.000.000) 2023-12-14 02:30:26 Finished transferring output files
...
005 (1972965.000.000) 2023-12-14 02:30:26 Job terminated.
	(1) Normal termination (return value 0)
		Usr 0 00:00:21, Sys 0 00:00:04  -  Run Remote Usage
		Usr 0 00:00:00, Sys 0 00:00:00  -  Run Local Usage
		Usr 0 00:00:21, Sys 0 00:00:04  -  Total Remote Usage
		Usr 0 00:00:00, Sys 0 00:00:00  -  Total Local Usage
	18803  -  Run Bytes Sent By Job
	0  -  Run Bytes Received By Job
	18803  -  Total Bytes Sent By Job
	0  -  Total Bytes Received By Job
	Partitionable Resources :    Usage  Request Allocated 
	   Cpus                 :                 1         1 
	   Disk (KB)            :       90        2    312194 
	   Memory (MB)          :      620     2048      2048 

	Job terminated of its own accord at 2023-12-14T10:30:26Z with exit-code 0.
...
