000 (1971594.000.000) 2023-12-14 02:17:36 Job submitted from host: <172.24.33.226:11547?addrs=172.24.33.226-11547&alias=sdfrome002.sdf.slac.stanford.edu>
    DAG Node: ed026de3-4019-4885-8d60-1270ed23ffa0_ptcIsr_2023111203254_23
...
040 (1971594.000.000) 2023-12-14 02:25:28 Finished transferring input files
...
001 (1971594.000.000) 2023-12-14 02:25:28 Job executing on host: <172.24.33.124:44469?CCBID=172.24.33.225:9618%3faddrs%3d172.24.33.225-9618%26alias%3dsdfrome001.sdf.slac.stanford.edu#6220017&PrivNet=sdfrome059.sdf.slac.stanford.edu&addrs=172.24.33.124-44469&alias=sdfrome059.sdf.slac.stanford.edu>
	SlotName: slot_abrought_2668_1_17@sdfrome059.sdf.slac.stanford.edu
...
006 (1971594.000.000) 2023-12-14 02:25:37 Image size of job updated: 53424
	24  -  MemoryUsage of job (MB)
	24188  -  ResidentSetSize of job (KB)
...
006 (1971594.000.000) 2023-12-14 02:26:37 Image size of job updated: 2218492
	633  -  MemoryUsage of job (MB)
	647912  -  ResidentSetSize of job (KB)
...
040 (1971594.000.000) 2023-12-14 02:26:37 Started transferring output files
...
040 (1971594.000.000) 2023-12-14 02:26:37 Finished transferring output files
...
005 (1971594.000.000) 2023-12-14 02:26:37 Job terminated.
	(1) Normal termination (return value 0)
		Usr 0 00:00:19, Sys 0 00:00:04  -  Run Remote Usage
		Usr 0 00:00:00, Sys 0 00:00:00  -  Run Local Usage
		Usr 0 00:00:19, Sys 0 00:00:04  -  Total Remote Usage
		Usr 0 00:00:00, Sys 0 00:00:00  -  Total Local Usage
	18804  -  Run Bytes Sent By Job
	0  -  Run Bytes Received By Job
	18804  -  Total Bytes Sent By Job
	0  -  Total Bytes Received By Job
	Partitionable Resources :    Usage  Request Allocated 
	   Cpus                 :                 1         1 
	   Disk (KB)            :       90        2    312194 
	   Memory (MB)          :      633     2048      2048 

	Job terminated of its own accord at 2023-12-14T10:26:37Z with exit-code 0.
...
