000 (1970454.000.000) 2023-12-14 02:17:19 Job submitted from host: <172.24.33.226:11547?addrs=172.24.33.226-11547&alias=sdfrome002.sdf.slac.stanford.edu>
    DAG Node: 0b4a6895-78be-444a-8584-d24432928792_ptcIsr_2023111101174_23
...
040 (1970454.000.000) 2023-12-14 02:21:56 Finished transferring input files
...
001 (1970454.000.000) 2023-12-14 02:21:56 Job executing on host: <172.24.48.193:46283?CCBID=172.24.33.225:9618%3faddrs%3d172.24.33.225-9618%26alias%3dsdfrome001.sdf.slac.stanford.edu#6219697&PrivNet=sdfmilan121.sdf.slac.stanford.edu&addrs=172.24.48.193-46283&alias=sdfmilan121.sdf.slac.stanford.edu>
	SlotName: slot_abrought_10210_1_3@sdfmilan121.sdf.slac.stanford.edu
...
006 (1970454.000.000) 2023-12-14 02:22:05 Image size of job updated: 295272
	88  -  MemoryUsage of job (MB)
	89596  -  ResidentSetSize of job (KB)
...
006 (1970454.000.000) 2023-12-14 02:22:55 Image size of job updated: 2086944
	623  -  MemoryUsage of job (MB)
	637428  -  ResidentSetSize of job (KB)
...
040 (1970454.000.000) 2023-12-14 02:22:55 Started transferring output files
...
040 (1970454.000.000) 2023-12-14 02:22:55 Finished transferring output files
...
005 (1970454.000.000) 2023-12-14 02:22:55 Job terminated.
	(1) Normal termination (return value 0)
		Usr 0 00:00:24, Sys 0 00:00:04  -  Run Remote Usage
		Usr 0 00:00:00, Sys 0 00:00:00  -  Run Local Usage
		Usr 0 00:00:24, Sys 0 00:00:04  -  Total Remote Usage
		Usr 0 00:00:00, Sys 0 00:00:00  -  Total Local Usage
	19073  -  Run Bytes Sent By Job
	0  -  Run Bytes Received By Job
	19073  -  Total Bytes Sent By Job
	0  -  Total Bytes Received By Job
	Partitionable Resources :    Usage  Request Allocated 
	   Cpus                 :                 1         1 
	   Disk (KB)            :       91        2    311595 
	   Memory (MB)          :      623     2048      2048 

	Job terminated of its own accord at 2023-12-14T10:22:55Z with exit-code 0.
...
