000 (1972301.000.000) 2023-12-14 02:17:43 Job submitted from host: <172.24.33.226:11547?addrs=172.24.33.226-11547&alias=sdfrome002.sdf.slac.stanford.edu>
    DAG Node: a685ef37-2c2a-4130-8723-fb6e2fa74c31_ptcIsr_2023111300372_23
...
040 (1972301.000.000) 2023-12-14 02:27:29 Finished transferring input files
...
001 (1972301.000.000) 2023-12-14 02:27:29 Job executing on host: <172.24.33.124:44469?CCBID=172.24.33.225:9618%3faddrs%3d172.24.33.225-9618%26alias%3dsdfrome001.sdf.slac.stanford.edu#6220017&PrivNet=sdfrome059.sdf.slac.stanford.edu&addrs=172.24.33.124-44469&alias=sdfrome059.sdf.slac.stanford.edu>
	SlotName: slot_abrought_2668_1_4@sdfrome059.sdf.slac.stanford.edu
...
006 (1972301.000.000) 2023-12-14 02:27:38 Image size of job updated: 25520
	8  -  MemoryUsage of job (MB)
	8156  -  ResidentSetSize of job (KB)
...
006 (1972301.000.000) 2023-12-14 02:28:39 Image size of job updated: 2113448
	1328  -  MemoryUsage of job (MB)
	1359200  -  ResidentSetSize of job (KB)
...
040 (1972301.000.000) 2023-12-14 02:28:39 Started transferring output files
...
040 (1972301.000.000) 2023-12-14 02:28:39 Finished transferring output files
...
005 (1972301.000.000) 2023-12-14 02:28:39 Job terminated.
	(1) Normal termination (return value 0)
		Usr 0 00:00:18, Sys 0 00:00:03  -  Run Remote Usage
		Usr 0 00:00:00, Sys 0 00:00:00  -  Run Local Usage
		Usr 0 00:00:18, Sys 0 00:00:03  -  Total Remote Usage
		Usr 0 00:00:00, Sys 0 00:00:00  -  Total Local Usage
	18802  -  Run Bytes Sent By Job
	0  -  Run Bytes Received By Job
	18802  -  Total Bytes Sent By Job
	0  -  Total Bytes Received By Job
	Partitionable Resources :    Usage  Request Allocated 
	   Cpus                 :                 1         1 
	   Disk (KB)            :       90        2    312194 
	   Memory (MB)          :     1328     2048      2048 

	Job terminated of its own accord at 2023-12-14T10:28:39Z with exit-code 0.
...
