000 (1973202.000.000) 2023-12-14 02:17:54 Job submitted from host: <172.24.33.226:11547?addrs=172.24.33.226-11547&alias=sdfrome002.sdf.slac.stanford.edu>
    DAG Node: 82267046-6a28-4ecb-a1f7-4e41f62fe8bd_ptcIsr_2023111301007_23
...
040 (1973202.000.000) 2023-12-14 02:30:02 Finished transferring input files
...
001 (1973202.000.000) 2023-12-14 02:30:02 Job executing on host: <172.24.33.124:39697?CCBID=172.24.33.225:9618%3faddrs%3d172.24.33.225-9618%26alias%3dsdfrome001.sdf.slac.stanford.edu#6220015&PrivNet=sdfrome059.sdf.slac.stanford.edu&addrs=172.24.33.124-39697&alias=sdfrome059.sdf.slac.stanford.edu>
	SlotName: slot_abrought_7836_1_22@sdfrome059.sdf.slac.stanford.edu
...
006 (1973202.000.000) 2023-12-14 02:30:10 Image size of job updated: 280760
	74  -  MemoryUsage of job (MB)
	75256  -  ResidentSetSize of job (KB)
...
006 (1973202.000.000) 2023-12-14 02:30:48 Image size of job updated: 2069752
	615  -  MemoryUsage of job (MB)
	629140  -  ResidentSetSize of job (KB)
...
040 (1973202.000.000) 2023-12-14 02:30:48 Started transferring output files
...
040 (1973202.000.000) 2023-12-14 02:30:48 Finished transferring output files
...
005 (1973202.000.000) 2023-12-14 02:30:48 Job terminated.
	(1) Normal termination (return value 0)
		Usr 0 00:00:17, Sys 0 00:00:05  -  Run Remote Usage
		Usr 0 00:00:00, Sys 0 00:00:00  -  Run Local Usage
		Usr 0 00:00:17, Sys 0 00:00:05  -  Total Remote Usage
		Usr 0 00:00:00, Sys 0 00:00:00  -  Total Local Usage
	18974  -  Run Bytes Sent By Job
	0  -  Run Bytes Received By Job
	18974  -  Total Bytes Sent By Job
	0  -  Total Bytes Received By Job
	Partitionable Resources :    Usage  Request Allocated 
	   Cpus                 :                 1         1 
	   Disk (KB)            :       91        2    312194 
	   Memory (MB)          :      615     2048      2048 

	Job terminated of its own accord at 2023-12-14T10:30:48Z with exit-code 0.
...
