000 (1971724.000.000) 2023-12-14 02:17:37 Job submitted from host: <172.24.33.226:11547?addrs=172.24.33.226-11547&alias=sdfrome002.sdf.slac.stanford.edu>
    DAG Node: 3c5b8512-fd8f-4a3d-a6da-98bbb696da61_ptcIsr_2023111300573_23
...
040 (1971724.000.000) 2023-12-14 02:25:45 Finished transferring input files
...
001 (1971724.000.000) 2023-12-14 02:25:45 Job executing on host: <172.24.33.124:39661?CCBID=172.24.33.225:9618%3faddrs%3d172.24.33.225-9618%26alias%3dsdfrome001.sdf.slac.stanford.edu#6220018&PrivNet=sdfrome059.sdf.slac.stanford.edu&addrs=172.24.33.124-39661&alias=sdfrome059.sdf.slac.stanford.edu>
	SlotName: slot_abrought_25802_1_16@sdfrome059.sdf.slac.stanford.edu
...
006 (1971724.000.000) 2023-12-14 02:25:54 Image size of job updated: 352408
	138  -  MemoryUsage of job (MB)
	140544  -  ResidentSetSize of job (KB)
...
006 (1971724.000.000) 2023-12-14 02:26:27 Image size of job updated: 2271888
	614  -  MemoryUsage of job (MB)
	628568  -  ResidentSetSize of job (KB)
...
040 (1971724.000.000) 2023-12-14 02:26:27 Started transferring output files
...
040 (1971724.000.000) 2023-12-14 02:26:27 Finished transferring output files
...
005 (1971724.000.000) 2023-12-14 02:26:27 Job terminated.
	(1) Normal termination (return value 0)
		Usr 0 00:00:23, Sys 0 00:00:05  -  Run Remote Usage
		Usr 0 00:00:00, Sys 0 00:00:00  -  Run Local Usage
		Usr 0 00:00:23, Sys 0 00:00:05  -  Total Remote Usage
		Usr 0 00:00:00, Sys 0 00:00:00  -  Total Local Usage
	18800  -  Run Bytes Sent By Job
	0  -  Run Bytes Received By Job
	18800  -  Total Bytes Sent By Job
	0  -  Total Bytes Received By Job
	Partitionable Resources :    Usage  Request Allocated 
	   Cpus                 :                 1         1 
	   Disk (KB)            :       90        2    312194 
	   Memory (MB)          :      614     2048      2048 

	Job terminated of its own accord at 2023-12-14T10:26:27Z with exit-code 0.
...
