000 (1972189.000.000) 2023-12-14 02:17:42 Job submitted from host: <172.24.33.226:11547?addrs=172.24.33.226-11547&alias=sdfrome002.sdf.slac.stanford.edu>
    DAG Node: e040dd9e-2afa-4ea8-80b8-9e1b56226038_ptcIsr_2023111203066_23
...
040 (1972189.000.000) 2023-12-14 02:27:09 Finished transferring input files
...
001 (1972189.000.000) 2023-12-14 02:27:09 Job executing on host: <172.24.33.213:43829?CCBID=172.24.33.225:9618%3faddrs%3d172.24.33.225-9618%26alias%3dsdfrome001.sdf.slac.stanford.edu#6220038&PrivNet=sdfrome022.sdf.slac.stanford.edu&addrs=172.24.33.213-43829&alias=sdfrome022.sdf.slac.stanford.edu>
	SlotName: slot_abrought_31850_1_7@sdfrome022.sdf.slac.stanford.edu
...
006 (1972189.000.000) 2023-12-14 02:27:18 Image size of job updated: 307468
	98  -  MemoryUsage of job (MB)
	99436  -  ResidentSetSize of job (KB)
...
006 (1972189.000.000) 2023-12-14 02:27:58 Image size of job updated: 2197712
	621  -  MemoryUsage of job (MB)
	635156  -  ResidentSetSize of job (KB)
...
040 (1972189.000.000) 2023-12-14 02:27:58 Started transferring output files
...
040 (1972189.000.000) 2023-12-14 02:27:58 Finished transferring output files
...
005 (1972189.000.000) 2023-12-14 02:27:58 Job terminated.
	(1) Normal termination (return value 0)
		Usr 0 00:00:24, Sys 0 00:00:03  -  Run Remote Usage
		Usr 0 00:00:00, Sys 0 00:00:00  -  Run Local Usage
		Usr 0 00:00:24, Sys 0 00:00:03  -  Total Remote Usage
		Usr 0 00:00:00, Sys 0 00:00:00  -  Total Local Usage
	19073  -  Run Bytes Sent By Job
	0  -  Run Bytes Received By Job
	19073  -  Total Bytes Sent By Job
	0  -  Total Bytes Received By Job
	Partitionable Resources :    Usage  Request Allocated 
	   Cpus                 :                 1         1 
	   Disk (KB)            :       91        2    312194 
	   Memory (MB)          :      621     2048      2048 

	Job terminated of its own accord at 2023-12-14T10:27:58Z with exit-code 0.
...
