000 (1969512.000.000) 2023-12-14 02:17:10 Job submitted from host: <172.24.33.226:11547?addrs=172.24.33.226-11547&alias=sdfrome002.sdf.slac.stanford.edu>
    DAG Node: 5e5f9691-784e-4ff6-87d4-6be3d98fc089_ptcIsr_2023111201997_23
...
040 (1969512.000.000) 2023-12-14 02:18:12 Finished transferring input files
...
001 (1969512.000.000) 2023-12-14 02:18:12 Job executing on host: <172.24.48.149:38613?CCBID=172.24.33.225:9618%3faddrs%3d172.24.33.225-9618%26alias%3dsdfrome001.sdf.slac.stanford.edu#6219698&PrivNet=sdfmilan049.sdf.slac.stanford.edu&addrs=172.24.48.149-38613&alias=sdfmilan049.sdf.slac.stanford.edu>
	SlotName: slot_abrought_1727_1_5@sdfmilan049.sdf.slac.stanford.edu
...
006 (1969512.000.000) 2023-12-14 02:18:21 Image size of job updated: 279724
	73  -  MemoryUsage of job (MB)
	74536  -  ResidentSetSize of job (KB)
...
006 (1969512.000.000) 2023-12-14 02:19:11 Image size of job updated: 2034828
	630  -  MemoryUsage of job (MB)
	644456  -  ResidentSetSize of job (KB)
...
040 (1969512.000.000) 2023-12-14 02:19:11 Started transferring output files
...
040 (1969512.000.000) 2023-12-14 02:19:11 Finished transferring output files
...
005 (1969512.000.000) 2023-12-14 02:19:12 Job terminated.
	(1) Normal termination (return value 0)
		Usr 0 00:00:20, Sys 0 00:00:02  -  Run Remote Usage
		Usr 0 00:00:00, Sys 0 00:00:00  -  Run Local Usage
		Usr 0 00:00:20, Sys 0 00:00:02  -  Total Remote Usage
		Usr 0 00:00:00, Sys 0 00:00:00  -  Total Local Usage
	18806  -  Run Bytes Sent By Job
	0  -  Run Bytes Received By Job
	18806  -  Total Bytes Sent By Job
	0  -  Total Bytes Received By Job
	Partitionable Resources :    Usage  Request Allocated 
	   Cpus                 :                 1         1 
	   Disk (KB)            :       90        2    312194 
	   Memory (MB)          :      630     2048      2048 

	Job terminated of its own accord at 2023-12-14T10:19:11Z with exit-code 0.
...
