000 (1969536.000.000) 2023-12-14 02:17:11 Job submitted from host: <172.24.33.226:11547?addrs=172.24.33.226-11547&alias=sdfrome002.sdf.slac.stanford.edu>
    DAG Node: e4ecf55e-2e23-47d0-8005-9efec4b319bb_ptcIsr_2023111202222_23
...
040 (1969536.000.000) 2023-12-14 02:18:12 Finished transferring input files
...
001 (1969536.000.000) 2023-12-14 02:18:12 Job executing on host: <172.24.48.193:46283?CCBID=172.24.33.225:9618%3faddrs%3d172.24.33.225-9618%26alias%3dsdfrome001.sdf.slac.stanford.edu#6219697&PrivNet=sdfmilan121.sdf.slac.stanford.edu&addrs=172.24.48.193-46283&alias=sdfmilan121.sdf.slac.stanford.edu>
	SlotName: slot_abrought_10210_1_18@sdfmilan121.sdf.slac.stanford.edu
...
006 (1969536.000.000) 2023-12-14 02:18:21 Image size of job updated: 644096
	282  -  MemoryUsage of job (MB)
	288084  -  ResidentSetSize of job (KB)
...
006 (1969536.000.000) 2023-12-14 02:19:01 Image size of job updated: 2109072
	1357  -  MemoryUsage of job (MB)
	1388592  -  ResidentSetSize of job (KB)
...
040 (1969536.000.000) 2023-12-14 02:19:01 Started transferring output files
...
040 (1969536.000.000) 2023-12-14 02:19:01 Finished transferring output files
...
005 (1969536.000.000) 2023-12-14 02:19:01 Job terminated.
	(1) Normal termination (return value 0)
		Usr 0 00:00:18, Sys 0 00:00:03  -  Run Remote Usage
		Usr 0 00:00:00, Sys 0 00:00:00  -  Run Local Usage
		Usr 0 00:00:18, Sys 0 00:00:03  -  Total Remote Usage
		Usr 0 00:00:00, Sys 0 00:00:00  -  Total Local Usage
	18802  -  Run Bytes Sent By Job
	0  -  Run Bytes Received By Job
	18802  -  Total Bytes Sent By Job
	0  -  Total Bytes Received By Job
	Partitionable Resources :    Usage  Request Allocated 
	   Cpus                 :                 1         1 
	   Disk (KB)            :       90        2    311595 
	   Memory (MB)          :     1357     2048      2048 

	Job terminated of its own accord at 2023-12-14T10:19:01Z with exit-code 0.
...
