000 (1970748.000.000) 2023-12-14 02:17:24 Job submitted from host: <172.24.33.226:11547?addrs=172.24.33.226-11547&alias=sdfrome002.sdf.slac.stanford.edu>
    DAG Node: be8a4377-6548-413a-95c1-1992163150ac_ptcIsr_2023111300291_23
...
040 (1970748.000.000) 2023-12-14 02:22:57 Finished transferring input files
...
001 (1970748.000.000) 2023-12-14 02:22:57 Job executing on host: <172.24.33.143:42517?CCBID=172.24.33.225:9618%3faddrs%3d172.24.33.225-9618%26alias%3dsdfrome001.sdf.slac.stanford.edu#6220496&PrivNet=sdfrome078.sdf.slac.stanford.edu&addrs=172.24.33.143-42517&alias=sdfrome078.sdf.slac.stanford.edu>
	SlotName: slot_abrought_19079_1_4@sdfrome078.sdf.slac.stanford.edu
...
006 (1970748.000.000) 2023-12-14 02:23:06 Image size of job updated: 69764
	11  -  MemoryUsage of job (MB)
	10852  -  ResidentSetSize of job (KB)
...
006 (1970748.000.000) 2023-12-14 02:24:00 Image size of job updated: 2321532
	11  -  MemoryUsage of job (MB)
	10852  -  ResidentSetSize of job (KB)
...
040 (1970748.000.000) 2023-12-14 02:24:00 Started transferring output files
...
040 (1970748.000.000) 2023-12-14 02:24:00 Finished transferring output files
...
005 (1970748.000.000) 2023-12-14 02:24:00 Job terminated.
	(1) Normal termination (return value 0)
		Usr 0 00:00:33, Sys 0 00:00:06  -  Run Remote Usage
		Usr 0 00:00:00, Sys 0 00:00:00  -  Run Local Usage
		Usr 0 00:00:33, Sys 0 00:00:06  -  Total Remote Usage
		Usr 0 00:00:00, Sys 0 00:00:00  -  Total Local Usage
	18802  -  Run Bytes Sent By Job
	0  -  Run Bytes Received By Job
	18802  -  Total Bytes Sent By Job
	0  -  Total Bytes Received By Job
	Partitionable Resources :    Usage  Request Allocated 
	   Cpus                 :                 1         1 
	   Disk (KB)            :       90        2    312194 
	   Memory (MB)          :       11     2048      2048 

	Job terminated of its own accord at 2023-12-14T10:24:00Z with exit-code 0.
...
