000 (1971073.000.000) 2023-12-14 02:17:29 Job submitted from host: <172.24.33.226:11547?addrs=172.24.33.226-11547&alias=sdfrome002.sdf.slac.stanford.edu>
    DAG Node: d77b4304-9972-4f68-a239-491353f3f038_ptcIsr_2023111202354_23
...
040 (1971073.000.000) 2023-12-14 02:23:57 Finished transferring input files
...
001 (1971073.000.000) 2023-12-14 02:23:57 Job executing on host: <172.24.33.124:44469?CCBID=172.24.33.225:9618%3faddrs%3d172.24.33.225-9618%26alias%3dsdfrome001.sdf.slac.stanford.edu#6220017&PrivNet=sdfrome059.sdf.slac.stanford.edu&addrs=172.24.33.124-44469&alias=sdfrome059.sdf.slac.stanford.edu>
	SlotName: slot_abrought_2668_1_1@sdfrome059.sdf.slac.stanford.edu
...
006 (1971073.000.000) 2023-12-14 02:24:05 Image size of job updated: 280756
	74  -  MemoryUsage of job (MB)
	74896  -  ResidentSetSize of job (KB)
...
006 (1971073.000.000) 2023-12-14 02:25:02 Image size of job updated: 2133872
	74  -  MemoryUsage of job (MB)
	74896  -  ResidentSetSize of job (KB)
...
040 (1971073.000.000) 2023-12-14 02:25:02 Started transferring output files
...
040 (1971073.000.000) 2023-12-14 02:25:02 Finished transferring output files
...
005 (1971073.000.000) 2023-12-14 02:25:03 Job terminated.
	(1) Normal termination (return value 0)
		Usr 0 00:00:23, Sys 0 00:00:04  -  Run Remote Usage
		Usr 0 00:00:00, Sys 0 00:00:00  -  Run Local Usage
		Usr 0 00:00:23, Sys 0 00:00:04  -  Total Remote Usage
		Usr 0 00:00:00, Sys 0 00:00:00  -  Total Local Usage
	19073  -  Run Bytes Sent By Job
	0  -  Run Bytes Received By Job
	19073  -  Total Bytes Sent By Job
	0  -  Total Bytes Received By Job
	Partitionable Resources :    Usage  Request Allocated 
	   Cpus                 :     0.22        1         1 
	   Disk (KB)            :    97           2    312194 
	   Memory (MB)          :    74        2048      2048 

	Job terminated of its own accord at 2023-12-14T10:25:02Z with exit-code 0.
...
