000 (1973465.000.000) 2023-12-14 02:18:00 Job submitted from host: <172.24.33.226:11547?addrs=172.24.33.226-11547&alias=sdfrome002.sdf.slac.stanford.edu>
    DAG Node: 1bc8e3e6-26c6-45de-bf67-fdae31c9e8c9_ptcIsr_2023111101375_23
...
040 (1973465.000.000) 2023-12-14 02:30:46 Finished transferring input files
...
001 (1973465.000.000) 2023-12-14 02:30:46 Job executing on host: <172.24.33.213:33037?CCBID=172.24.33.225:9618%3faddrs%3d172.24.33.225-9618%26alias%3dsdfrome001.sdf.slac.stanford.edu#6220039&PrivNet=sdfrome022.sdf.slac.stanford.edu&addrs=172.24.33.213-33037&alias=sdfrome022.sdf.slac.stanford.edu>
	SlotName: slot_abrought_15721_1_21@sdfrome022.sdf.slac.stanford.edu
...
006 (1973465.000.000) 2023-12-14 02:30:56 Image size of job updated: 69764
	11  -  MemoryUsage of job (MB)
	10860  -  ResidentSetSize of job (KB)
...
006 (1973465.000.000) 2023-12-14 02:31:46 Image size of job updated: 2075996
	1353  -  MemoryUsage of job (MB)
	1385340  -  ResidentSetSize of job (KB)
...
040 (1973465.000.000) 2023-12-14 02:31:46 Started transferring output files
...
040 (1973465.000.000) 2023-12-14 02:31:46 Finished transferring output files
...
005 (1973465.000.000) 2023-12-14 02:31:46 Job terminated.
	(1) Normal termination (return value 0)
		Usr 0 00:00:21, Sys 0 00:00:03  -  Run Remote Usage
		Usr 0 00:00:00, Sys 0 00:00:00  -  Run Local Usage
		Usr 0 00:00:21, Sys 0 00:00:03  -  Total Remote Usage
		Usr 0 00:00:00, Sys 0 00:00:00  -  Total Local Usage
	18533  -  Run Bytes Sent By Job
	0  -  Run Bytes Received By Job
	18533  -  Total Bytes Sent By Job
	0  -  Total Bytes Received By Job
	Partitionable Resources :    Usage  Request Allocated 
	   Cpus                 :                 1         1 
	   Disk (KB)            :       90        2    312194 
	   Memory (MB)          :     1353     2048      2048 

	Job terminated of its own accord at 2023-12-14T10:31:46Z with exit-code 0.
...
