000 (1973390.000.000) 2023-12-14 02:17:55 Job submitted from host: <172.24.33.226:11547?addrs=172.24.33.226-11547&alias=sdfrome002.sdf.slac.stanford.edu>
    DAG Node: be59fe27-4f99-431c-8940-a100b363ee88_ptcIsr_2023111101612_23
...
040 (1973390.000.000) 2023-12-14 02:30:33 Finished transferring input files
...
001 (1973390.000.000) 2023-12-14 02:30:33 Job executing on host: <172.24.33.213:33037?CCBID=172.24.33.225:9618%3faddrs%3d172.24.33.225-9618%26alias%3dsdfrome001.sdf.slac.stanford.edu#6220039&PrivNet=sdfrome022.sdf.slac.stanford.edu&addrs=172.24.33.213-33037&alias=sdfrome022.sdf.slac.stanford.edu>
	SlotName: slot_abrought_15721_1_22@sdfrome022.sdf.slac.stanford.edu
...
006 (1973390.000.000) 2023-12-14 02:30:42 Image size of job updated: 35416
	20  -  MemoryUsage of job (MB)
	19576  -  ResidentSetSize of job (KB)
...
006 (1973390.000.000) 2023-12-14 02:31:38 Image size of job updated: 2151248
	1372  -  MemoryUsage of job (MB)
	1404304  -  ResidentSetSize of job (KB)
...
040 (1973390.000.000) 2023-12-14 02:31:38 Started transferring output files
...
040 (1973390.000.000) 2023-12-14 02:31:38 Finished transferring output files
...
005 (1973390.000.000) 2023-12-14 02:31:39 Job terminated.
	(1) Normal termination (return value 0)
		Usr 0 00:00:21, Sys 0 00:00:03  -  Run Remote Usage
		Usr 0 00:00:00, Sys 0 00:00:00  -  Run Local Usage
		Usr 0 00:00:21, Sys 0 00:00:03  -  Total Remote Usage
		Usr 0 00:00:00, Sys 0 00:00:00  -  Total Local Usage
	19073  -  Run Bytes Sent By Job
	0  -  Run Bytes Received By Job
	19073  -  Total Bytes Sent By Job
	0  -  Total Bytes Received By Job
	Partitionable Resources :    Usage  Request Allocated 
	   Cpus                 :                 1         1 
	   Disk (KB)            :       91        2    312194 
	   Memory (MB)          :     1372     2048      2048 

	Job terminated of its own accord at 2023-12-14T10:31:38Z with exit-code 0.
...
