000 (1971820.000.000) 2023-12-14 02:17:37 Job submitted from host: <172.24.33.226:11547?addrs=172.24.33.226-11547&alias=sdfrome002.sdf.slac.stanford.edu>
    DAG Node: bc2ee4fd-748c-4d09-bc13-00581ed34444_ptcIsr_2023111301097_23
...
040 (1971820.000.000) 2023-12-14 02:26:04 Finished transferring input files
...
001 (1971820.000.000) 2023-12-14 02:26:04 Job executing on host: <172.24.48.185:41489?CCBID=172.24.33.225:9618%3faddrs%3d172.24.33.225-9618%26alias%3dsdfrome001.sdf.slac.stanford.edu#6219699&PrivNet=sdfmilan113.sdf.slac.stanford.edu&addrs=172.24.48.185-41489&alias=sdfmilan113.sdf.slac.stanford.edu>
	SlotName: slot_abrought_18623_1_11@sdfmilan113.sdf.slac.stanford.edu
...
006 (1971820.000.000) 2023-12-14 02:26:12 Image size of job updated: 331680
	118  -  MemoryUsage of job (MB)
	120736  -  ResidentSetSize of job (KB)
...
006 (1971820.000.000) 2023-12-14 02:27:08 Image size of job updated: 2137100
	118  -  MemoryUsage of job (MB)
	120736  -  ResidentSetSize of job (KB)
...
040 (1971820.000.000) 2023-12-14 02:27:08 Started transferring output files
...
040 (1971820.000.000) 2023-12-14 02:27:08 Finished transferring output files
...
005 (1971820.000.000) 2023-12-14 02:27:08 Job terminated.
	(1) Normal termination (return value 0)
		Usr 0 00:00:18, Sys 0 00:00:02  -  Run Remote Usage
		Usr 0 00:00:00, Sys 0 00:00:00  -  Run Local Usage
		Usr 0 00:00:18, Sys 0 00:00:02  -  Total Remote Usage
		Usr 0 00:00:00, Sys 0 00:00:00  -  Total Local Usage
	19072  -  Run Bytes Sent By Job
	0  -  Run Bytes Received By Job
	19072  -  Total Bytes Sent By Job
	0  -  Total Bytes Received By Job
	Partitionable Resources :    Usage  Request Allocated 
	   Cpus                 :     0.24        1         1 
	   Disk (KB)            :    97           2    312194 
	   Memory (MB)          :   118        2048      2048 

	Job terminated of its own accord at 2023-12-14T10:27:08Z with exit-code 0.
...
