000 (1971679.000.000) 2023-12-14 02:17:36 Job submitted from host: <172.24.33.226:11547?addrs=172.24.33.226-11547&alias=sdfrome002.sdf.slac.stanford.edu>
    DAG Node: e5e2570e-6b6d-4122-8b85-459ec4997ada_ptcIsr_2023111300845_23
...
040 (1971679.000.000) 2023-12-14 02:25:37 Finished transferring input files
...
001 (1971679.000.000) 2023-12-14 02:25:37 Job executing on host: <172.24.33.147:42953?CCBID=172.24.33.225:9618%3faddrs%3d172.24.33.225-9618%26alias%3dsdfrome001.sdf.slac.stanford.edu#6219703&PrivNet=sdfrome082.sdf.slac.stanford.edu&addrs=172.24.33.147-42953&alias=sdfrome082.sdf.slac.stanford.edu>
	SlotName: slot_abrought_48_1_7@sdfrome082.sdf.slac.stanford.edu
...
006 (1971679.000.000) 2023-12-14 02:25:46 Image size of job updated: 273028
	67  -  MemoryUsage of job (MB)
	68372  -  ResidentSetSize of job (KB)
...
006 (1971679.000.000) 2023-12-14 02:26:38 Image size of job updated: 2198268
	696  -  MemoryUsage of job (MB)
	712640  -  ResidentSetSize of job (KB)
...
040 (1971679.000.000) 2023-12-14 02:26:39 Started transferring output files
...
040 (1971679.000.000) 2023-12-14 02:26:39 Finished transferring output files
...
005 (1971679.000.000) 2023-12-14 02:26:39 Job terminated.
	(1) Normal termination (return value 0)
		Usr 0 00:00:18, Sys 0 00:00:03  -  Run Remote Usage
		Usr 0 00:00:00, Sys 0 00:00:00  -  Run Local Usage
		Usr 0 00:00:18, Sys 0 00:00:03  -  Total Remote Usage
		Usr 0 00:00:00, Sys 0 00:00:00  -  Total Local Usage
	19072  -  Run Bytes Sent By Job
	0  -  Run Bytes Received By Job
	19072  -  Total Bytes Sent By Job
	0  -  Total Bytes Received By Job
	Partitionable Resources :    Usage  Request Allocated 
	   Cpus                 :                 1         1 
	   Disk (KB)            :       91        2    312116 
	   Memory (MB)          :      696     2048      2048 

	Job terminated of its own accord at 2023-12-14T10:26:38Z with exit-code 0.
...
