000 (1972329.000.000) 2023-12-14 02:17:43 Job submitted from host: <172.24.33.226:11547?addrs=172.24.33.226-11547&alias=sdfrome002.sdf.slac.stanford.edu>
    DAG Node: 2499d67e-efcb-41f8-92b1-c470b2197569_ptcIsr_2023111101912_23
...
040 (1972329.000.000) 2023-12-14 02:27:35 Finished transferring input files
...
001 (1972329.000.000) 2023-12-14 02:27:35 Job executing on host: <172.24.48.159:36013?CCBID=172.24.33.225:9618%3faddrs%3d172.24.33.225-9618%26alias%3dsdfrome001.sdf.slac.stanford.edu#6219701&PrivNet=sdfmilan059.sdf.slac.stanford.edu&addrs=172.24.48.159-36013&alias=sdfmilan059.sdf.slac.stanford.edu>
	SlotName: slot_abrought_18206_1_17@sdfmilan059.sdf.slac.stanford.edu
...
006 (1972329.000.000) 2023-12-14 02:27:44 Image size of job updated: 277240
	71  -  MemoryUsage of job (MB)
	72152  -  ResidentSetSize of job (KB)
...
006 (1972329.000.000) 2023-12-14 02:31:11 Image size of job updated: 2115608
	632  -  MemoryUsage of job (MB)
	646236  -  ResidentSetSize of job (KB)
...
040 (1972329.000.000) 2023-12-14 02:31:11 Started transferring output files
...
040 (1972329.000.000) 2023-12-14 02:31:11 Finished transferring output files
...
005 (1972329.000.000) 2023-12-14 02:31:11 Job terminated.
	(1) Normal termination (return value 0)
		Usr 0 00:00:25, Sys 0 00:00:03  -  Run Remote Usage
		Usr 0 00:00:00, Sys 0 00:00:00  -  Run Local Usage
		Usr 0 00:00:25, Sys 0 00:00:03  -  Total Remote Usage
		Usr 0 00:00:00, Sys 0 00:00:00  -  Total Local Usage
	19074  -  Run Bytes Sent By Job
	0  -  Run Bytes Received By Job
	19074  -  Total Bytes Sent By Job
	0  -  Total Bytes Received By Job
	Partitionable Resources :    Usage  Request Allocated 
	   Cpus                 :                 1         1 
	   Disk (KB)            :       91        2    312194 
	   Memory (MB)          :      632     2048      2048 

	Job terminated of its own accord at 2023-12-14T10:31:11Z with exit-code 0.
...
