000 (1970292.000.000) 2023-12-14 02:17:18 Job submitted from host: <172.24.33.226:11547?addrs=172.24.33.226-11547&alias=sdfrome002.sdf.slac.stanford.edu>
    DAG Node: 5466ea3b-2ec8-440b-81eb-ea526e5cf185_ptcIsr_2023111300695_23
...
040 (1970292.000.000) 2023-12-14 02:21:22 Finished transferring input files
...
001 (1970292.000.000) 2023-12-14 02:21:22 Job executing on host: <172.24.33.147:42953?CCBID=172.24.33.225:9618%3faddrs%3d172.24.33.225-9618%26alias%3dsdfrome001.sdf.slac.stanford.edu#6219703&PrivNet=sdfrome082.sdf.slac.stanford.edu&addrs=172.24.33.147-42953&alias=sdfrome082.sdf.slac.stanford.edu>
	SlotName: slot_abrought_48_1_4@sdfrome082.sdf.slac.stanford.edu
...
006 (1970292.000.000) 2023-12-14 02:21:32 Image size of job updated: 27480
	11  -  MemoryUsage of job (MB)
	11152  -  ResidentSetSize of job (KB)
...
006 (1970292.000.000) 2023-12-14 02:22:12 Image size of job updated: 2080232
	11  -  MemoryUsage of job (MB)
	11152  -  ResidentSetSize of job (KB)
...
040 (1970292.000.000) 2023-12-14 02:22:12 Started transferring output files
...
040 (1970292.000.000) 2023-12-14 02:22:12 Finished transferring output files
...
005 (1970292.000.000) 2023-12-14 02:22:12 Job terminated.
	(1) Normal termination (return value 0)
		Usr 0 00:00:21, Sys 0 00:00:03  -  Run Remote Usage
		Usr 0 00:00:00, Sys 0 00:00:00  -  Run Local Usage
		Usr 0 00:00:21, Sys 0 00:00:03  -  Total Remote Usage
		Usr 0 00:00:00, Sys 0 00:00:00  -  Total Local Usage
	18802  -  Run Bytes Sent By Job
	0  -  Run Bytes Received By Job
	18802  -  Total Bytes Sent By Job
	0  -  Total Bytes Received By Job
	Partitionable Resources :    Usage  Request Allocated 
	   Cpus                 :     0.15        1         1 
	   Disk (KB)            :    97           2    312116 
	   Memory (MB)          :    11        2048      2048 

	Job terminated of its own accord at 2023-12-14T10:22:12Z with exit-code 0.
...
