000 (1969648.000.000) 2023-12-14 02:17:11 Job submitted from host: <172.24.33.226:11547?addrs=172.24.33.226-11547&alias=sdfrome002.sdf.slac.stanford.edu>
    DAG Node: 014d1a68-2cb0-4d4d-8b44-2a545886ae58_ptcIsr_2023111202307_23
...
040 (1969648.000.000) 2023-12-14 02:19:14 Finished transferring input files
...
001 (1969648.000.000) 2023-12-14 02:19:14 Job executing on host: <172.24.48.185:41489?CCBID=172.24.33.225:9618%3faddrs%3d172.24.33.225-9618%26alias%3dsdfrome001.sdf.slac.stanford.edu#6219699&PrivNet=sdfmilan113.sdf.slac.stanford.edu&addrs=172.24.48.185-41489&alias=sdfmilan113.sdf.slac.stanford.edu>
	SlotName: slot_abrought_18623_1_5@sdfmilan113.sdf.slac.stanford.edu
...
006 (1969648.000.000) 2023-12-14 02:19:22 Image size of job updated: 295224
	87  -  MemoryUsage of job (MB)
	88268  -  ResidentSetSize of job (KB)
...
006 (1969648.000.000) 2023-12-14 02:20:20 Image size of job updated: 2101724
	625  -  MemoryUsage of job (MB)
	639320  -  ResidentSetSize of job (KB)
...
040 (1969648.000.000) 2023-12-14 02:20:20 Started transferring output files
...
040 (1969648.000.000) 2023-12-14 02:20:20 Finished transferring output files
...
005 (1969648.000.000) 2023-12-14 02:20:20 Job terminated.
	(1) Normal termination (return value 0)
		Usr 0 00:00:19, Sys 0 00:00:03  -  Run Remote Usage
		Usr 0 00:00:00, Sys 0 00:00:00  -  Run Local Usage
		Usr 0 00:00:19, Sys 0 00:00:03  -  Total Remote Usage
		Usr 0 00:00:00, Sys 0 00:00:00  -  Total Local Usage
	18806  -  Run Bytes Sent By Job
	0  -  Run Bytes Received By Job
	18806  -  Total Bytes Sent By Job
	0  -  Total Bytes Received By Job
	Partitionable Resources :    Usage  Request Allocated 
	   Cpus                 :                 1         1 
	   Disk (KB)            :       90        2    312194 
	   Memory (MB)          :      625     2048      2048 

	Job terminated of its own accord at 2023-12-14T10:20:20Z with exit-code 0.
...
