000 (1970841.000.000) 2023-12-14 02:17:25 Job submitted from host: <172.24.33.226:11547?addrs=172.24.33.226-11547&alias=sdfrome002.sdf.slac.stanford.edu>
    DAG Node: d457cc12-1f67-482d-afbe-74c43e3d795a_ptcIsr_2023111203162_23
...
040 (1970841.000.000) 2023-12-14 02:23:15 Finished transferring input files
...
001 (1970841.000.000) 2023-12-14 02:23:16 Job executing on host: <172.24.48.186:33679?CCBID=172.24.33.225:9618%3faddrs%3d172.24.33.225-9618%26alias%3dsdfrome001.sdf.slac.stanford.edu#6219700&PrivNet=sdfmilan114.sdf.slac.stanford.edu&addrs=172.24.48.186-33679&alias=sdfmilan114.sdf.slac.stanford.edu>
	SlotName: slot_abrought_14493_1_22@sdfmilan114.sdf.slac.stanford.edu
...
006 (1970841.000.000) 2023-12-14 02:23:25 Image size of job updated: 321012
	111  -  MemoryUsage of job (MB)
	112752  -  ResidentSetSize of job (KB)
...
006 (1970841.000.000) 2023-12-14 02:24:14 Image size of job updated: 1970280
	653  -  MemoryUsage of job (MB)
	668044  -  ResidentSetSize of job (KB)
...
040 (1970841.000.000) 2023-12-14 02:24:14 Started transferring output files
...
040 (1970841.000.000) 2023-12-14 02:24:14 Finished transferring output files
...
005 (1970841.000.000) 2023-12-14 02:24:15 Job terminated.
	(1) Normal termination (return value 0)
		Usr 0 00:00:21, Sys 0 00:00:03  -  Run Remote Usage
		Usr 0 00:00:00, Sys 0 00:00:00  -  Run Local Usage
		Usr 0 00:00:21, Sys 0 00:00:03  -  Total Remote Usage
		Usr 0 00:00:00, Sys 0 00:00:00  -  Total Local Usage
	18533  -  Run Bytes Sent By Job
	0  -  Run Bytes Received By Job
	18533  -  Total Bytes Sent By Job
	0  -  Total Bytes Received By Job
	Partitionable Resources :    Usage  Request Allocated 
	   Cpus                 :                 1         1 
	   Disk (KB)            :       90        2    312193 
	   Memory (MB)          :      653     2048      2048 

	Job terminated of its own accord at 2023-12-14T10:24:14Z with exit-code 0.
...
