000 (1969539.000.000) 2023-12-14 02:17:11 Job submitted from host: <172.24.33.226:11547?addrs=172.24.33.226-11547&alias=sdfrome002.sdf.slac.stanford.edu>
    DAG Node: d185d1fd-d859-4248-ad06-2f19b59ceda9_ptcIsr_2023111300408_23
...
040 (1969539.000.000) 2023-12-14 02:18:14 Finished transferring input files
...
001 (1969539.000.000) 2023-12-14 02:18:14 Job executing on host: <172.24.48.185:41489?CCBID=172.24.33.225:9618%3faddrs%3d172.24.33.225-9618%26alias%3dsdfrome001.sdf.slac.stanford.edu#6219699&PrivNet=sdfmilan113.sdf.slac.stanford.edu&addrs=172.24.48.185-41489&alias=sdfmilan113.sdf.slac.stanford.edu>
	SlotName: slot_abrought_18623_1_15@sdfmilan113.sdf.slac.stanford.edu
...
006 (1969539.000.000) 2023-12-14 02:18:23 Image size of job updated: 294196
	87  -  MemoryUsage of job (MB)
	88444  -  ResidentSetSize of job (KB)
...
006 (1969539.000.000) 2023-12-14 02:19:20 Image size of job updated: 2212012
	632  -  MemoryUsage of job (MB)
	646636  -  ResidentSetSize of job (KB)
...
040 (1969539.000.000) 2023-12-14 02:19:21 Started transferring output files
...
040 (1969539.000.000) 2023-12-14 02:19:21 Finished transferring output files
...
005 (1969539.000.000) 2023-12-14 02:19:21 Job terminated.
	(1) Normal termination (return value 0)
		Usr 0 00:00:20, Sys 0 00:00:03  -  Run Remote Usage
		Usr 0 00:00:00, Sys 0 00:00:00  -  Run Local Usage
		Usr 0 00:00:20, Sys 0 00:00:03  -  Total Remote Usage
		Usr 0 00:00:00, Sys 0 00:00:00  -  Total Local Usage
	19072  -  Run Bytes Sent By Job
	0  -  Run Bytes Received By Job
	19072  -  Total Bytes Sent By Job
	0  -  Total Bytes Received By Job
	Partitionable Resources :    Usage  Request Allocated 
	   Cpus                 :                 1         1 
	   Disk (KB)            :       91        2    312194 
	   Memory (MB)          :      632     2048      2048 

	Job terminated of its own accord at 2023-12-14T10:19:20Z with exit-code 0.
...
