000 (1972544.000.000) 2023-12-14 02:17:46 Job submitted from host: <172.24.33.226:11547?addrs=172.24.33.226-11547&alias=sdfrome002.sdf.slac.stanford.edu>
    DAG Node: 21017a7a-5348-4215-a856-40aa81768d90_ptcIsr_2023111201497_23
...
040 (1972544.000.000) 2023-12-14 02:28:15 Finished transferring input files
...
001 (1972544.000.000) 2023-12-14 02:28:15 Job executing on host: <172.24.33.124:44469?CCBID=172.24.33.225:9618%3faddrs%3d172.24.33.225-9618%26alias%3dsdfrome001.sdf.slac.stanford.edu#6220017&PrivNet=sdfrome059.sdf.slac.stanford.edu&addrs=172.24.33.124-44469&alias=sdfrome059.sdf.slac.stanford.edu>
	SlotName: slot_abrought_2668_1_23@sdfrome059.sdf.slac.stanford.edu
...
006 (1972544.000.000) 2023-12-14 02:28:24 Image size of job updated: 283776
	76  -  MemoryUsage of job (MB)
	77796  -  ResidentSetSize of job (KB)
...
006 (1972544.000.000) 2023-12-14 02:29:20 Image size of job updated: 2189620
	76  -  MemoryUsage of job (MB)
	77796  -  ResidentSetSize of job (KB)
...
040 (1972544.000.000) 2023-12-14 02:29:21 Started transferring output files
...
040 (1972544.000.000) 2023-12-14 02:29:21 Finished transferring output files
...
005 (1972544.000.000) 2023-12-14 02:29:21 Job terminated.
	(1) Normal termination (return value 0)
		Usr 0 00:00:20, Sys 0 00:00:04  -  Run Remote Usage
		Usr 0 00:00:00, Sys 0 00:00:00  -  Run Local Usage
		Usr 0 00:00:20, Sys 0 00:00:04  -  Total Remote Usage
		Usr 0 00:00:00, Sys 0 00:00:00  -  Total Local Usage
	18805  -  Run Bytes Sent By Job
	0  -  Run Bytes Received By Job
	18805  -  Total Bytes Sent By Job
	0  -  Total Bytes Received By Job
	Partitionable Resources :    Usage  Request Allocated 
	   Cpus                 :     0.91        1         1 
	   Disk (KB)            :    97           2    312194 
	   Memory (MB)          :    76        2048      2048 

	Job terminated of its own accord at 2023-12-14T10:29:20Z with exit-code 0.
...
