000 (1973190.000.000) 2023-12-14 02:17:53 Job submitted from host: <172.24.33.226:11547?addrs=172.24.33.226-11547&alias=sdfrome002.sdf.slac.stanford.edu>
    DAG Node: 4b79bc5c-72f5-4970-9e79-95c52efdec26_ptcIsr_2023111202568_23
...
040 (1973190.000.000) 2023-12-14 02:29:59 Finished transferring input files
...
001 (1973190.000.000) 2023-12-14 02:29:59 Job executing on host: <172.24.33.124:39661?CCBID=172.24.33.225:9618%3faddrs%3d172.24.33.225-9618%26alias%3dsdfrome001.sdf.slac.stanford.edu#6220018&PrivNet=sdfrome059.sdf.slac.stanford.edu&addrs=172.24.33.124-39661&alias=sdfrome059.sdf.slac.stanford.edu>
	SlotName: slot_abrought_25802_1_2@sdfrome059.sdf.slac.stanford.edu
...
006 (1973190.000.000) 2023-12-14 02:30:08 Image size of job updated: 318280
	108  -  MemoryUsage of job (MB)
	110536  -  ResidentSetSize of job (KB)
...
006 (1973190.000.000) 2023-12-14 02:30:41 Image size of job updated: 2234568
	108  -  MemoryUsage of job (MB)
	110536  -  ResidentSetSize of job (KB)
...
040 (1973190.000.000) 2023-12-14 02:30:41 Started transferring output files
...
040 (1973190.000.000) 2023-12-14 02:30:41 Finished transferring output files
...
005 (1973190.000.000) 2023-12-14 02:30:41 Job terminated.
	(1) Normal termination (return value 0)
		Usr 0 00:00:20, Sys 0 00:00:05  -  Run Remote Usage
		Usr 0 00:00:00, Sys 0 00:00:00  -  Run Local Usage
		Usr 0 00:00:20, Sys 0 00:00:05  -  Total Remote Usage
		Usr 0 00:00:00, Sys 0 00:00:00  -  Total Local Usage
	18975  -  Run Bytes Sent By Job
	0  -  Run Bytes Received By Job
	18975  -  Total Bytes Sent By Job
	0  -  Total Bytes Received By Job
	Partitionable Resources :    Usage  Request Allocated 
	   Cpus                 :                 1         1 
	   Disk (KB)            :       91        2    312194 
	   Memory (MB)          :      108     2048      2048 

	Job terminated of its own accord at 2023-12-14T10:30:41Z with exit-code 0.
...
