000 (1972689.000.000) 2023-12-14 02:17:48 Job submitted from host: <172.24.33.226:11547?addrs=172.24.33.226-11547&alias=sdfrome002.sdf.slac.stanford.edu>
    DAG Node: 6ffde145-5791-49bb-8ea8-f81927b3d8c2_ptcIsr_2023111203708_23
...
040 (1972689.000.000) 2023-12-14 02:28:39 Finished transferring input files
...
001 (1972689.000.000) 2023-12-14 02:28:39 Job executing on host: <172.24.48.149:38613?CCBID=172.24.33.225:9618%3faddrs%3d172.24.33.225-9618%26alias%3dsdfrome001.sdf.slac.stanford.edu#6219698&PrivNet=sdfmilan049.sdf.slac.stanford.edu&addrs=172.24.48.149-38613&alias=sdfmilan049.sdf.slac.stanford.edu>
	SlotName: slot_abrought_1727_1_11@sdfmilan049.sdf.slac.stanford.edu
...
006 (1972689.000.000) 2023-12-14 02:28:48 Image size of job updated: 6300
	1  -  MemoryUsage of job (MB)
	60  -  ResidentSetSize of job (KB)
...
006 (1972689.000.000) 2023-12-14 02:29:44 Image size of job updated: 2120092
	629  -  MemoryUsage of job (MB)
	643740  -  ResidentSetSize of job (KB)
...
040 (1972689.000.000) 2023-12-14 02:29:44 Started transferring output files
...
040 (1972689.000.000) 2023-12-14 02:29:44 Finished transferring output files
...
005 (1972689.000.000) 2023-12-14 02:29:44 Job terminated.
	(1) Normal termination (return value 0)
		Usr 0 00:00:17, Sys 0 00:00:02  -  Run Remote Usage
		Usr 0 00:00:00, Sys 0 00:00:00  -  Run Local Usage
		Usr 0 00:00:17, Sys 0 00:00:02  -  Total Remote Usage
		Usr 0 00:00:00, Sys 0 00:00:00  -  Total Local Usage
	18975  -  Run Bytes Sent By Job
	0  -  Run Bytes Received By Job
	18975  -  Total Bytes Sent By Job
	0  -  Total Bytes Received By Job
	Partitionable Resources :    Usage  Request Allocated 
	   Cpus                 :                 1         1 
	   Disk (KB)            :       91        2    312194 
	   Memory (MB)          :      629     2048      2048 

	Job terminated of its own accord at 2023-12-14T10:29:44Z with exit-code 0.
...
