000 (1972960.000.000) 2023-12-14 02:17:50 Job submitted from host: <172.24.33.226:11547?addrs=172.24.33.226-11547&alias=sdfrome002.sdf.slac.stanford.edu>
    DAG Node: f280b38f-bf08-430e-970c-80881bbbdece_ptcIsr_2023111200134_23
...
040 (1972960.000.000) 2023-12-14 02:29:29 Finished transferring input files
...
001 (1972960.000.000) 2023-12-14 02:29:30 Job executing on host: <172.24.33.143:35625?CCBID=172.24.33.225:9618%3faddrs%3d172.24.33.225-9618%26alias%3dsdfrome001.sdf.slac.stanford.edu#6220497&PrivNet=sdfrome078.sdf.slac.stanford.edu&addrs=172.24.33.143-35625&alias=sdfrome078.sdf.slac.stanford.edu>
	SlotName: slot_abrought_7235_1_5@sdfrome078.sdf.slac.stanford.edu
...
006 (1972960.000.000) 2023-12-14 02:29:40 Image size of job updated: 280760
	74  -  MemoryUsage of job (MB)
	75180  -  ResidentSetSize of job (KB)
...
006 (1972960.000.000) 2023-12-14 02:33:12 Image size of job updated: 2123488
	634  -  MemoryUsage of job (MB)
	648344  -  ResidentSetSize of job (KB)
...
040 (1972960.000.000) 2023-12-14 02:33:12 Started transferring output files
...
040 (1972960.000.000) 2023-12-14 02:33:12 Finished transferring output files
...
005 (1972960.000.000) 2023-12-14 02:33:12 Job terminated.
	(1) Normal termination (return value 0)
		Usr 0 00:00:17, Sys 0 00:00:02  -  Run Remote Usage
		Usr 0 00:00:00, Sys 0 00:00:00  -  Run Local Usage
		Usr 0 00:00:17, Sys 0 00:00:02  -  Total Remote Usage
		Usr 0 00:00:00, Sys 0 00:00:00  -  Total Local Usage
	19077  -  Run Bytes Sent By Job
	0  -  Run Bytes Received By Job
	19077  -  Total Bytes Sent By Job
	0  -  Total Bytes Received By Job
	Partitionable Resources :    Usage  Request Allocated 
	   Cpus                 :     0.07        1         1 
	   Disk (KB)            :    97           2    312194 
	   Memory (MB)          :   634        2048      2048 

	Job terminated of its own accord at 2023-12-14T10:33:12Z with exit-code 0.
...
