000 (1972029.000.000) 2023-12-14 02:17:40 Job submitted from host: <172.24.33.226:11547?addrs=172.24.33.226-11547&alias=sdfrome002.sdf.slac.stanford.edu>
    DAG Node: b64f53f4-abb4-4210-b75e-f7b052724c69_ptcIsr_2023111202253_23
...
040 (1972029.000.000) 2023-12-14 02:26:45 Finished transferring input files
...
001 (1972029.000.000) 2023-12-14 02:26:45 Job executing on host: <172.24.48.149:38613?CCBID=172.24.33.225:9618%3faddrs%3d172.24.33.225-9618%26alias%3dsdfrome001.sdf.slac.stanford.edu#6219698&PrivNet=sdfmilan049.sdf.slac.stanford.edu&addrs=172.24.48.149-38613&alias=sdfmilan049.sdf.slac.stanford.edu>
	SlotName: slot_abrought_1727_1_1@sdfmilan049.sdf.slac.stanford.edu
...
006 (1972029.000.000) 2023-12-14 02:26:54 Image size of job updated: 315080
	105  -  MemoryUsage of job (MB)
	107052  -  ResidentSetSize of job (KB)
...
006 (1972029.000.000) 2023-12-14 02:27:50 Image size of job updated: 2012836
	616  -  MemoryUsage of job (MB)
	630448  -  ResidentSetSize of job (KB)
...
040 (1972029.000.000) 2023-12-14 02:27:50 Started transferring output files
...
040 (1972029.000.000) 2023-12-14 02:27:50 Finished transferring output files
...
005 (1972029.000.000) 2023-12-14 02:27:50 Job terminated.
	(1) Normal termination (return value 0)
		Usr 0 00:00:21, Sys 0 00:00:02  -  Run Remote Usage
		Usr 0 00:00:00, Sys 0 00:00:00  -  Run Local Usage
		Usr 0 00:00:21, Sys 0 00:00:02  -  Total Remote Usage
		Usr 0 00:00:00, Sys 0 00:00:00  -  Total Local Usage
	18802  -  Run Bytes Sent By Job
	0  -  Run Bytes Received By Job
	18802  -  Total Bytes Sent By Job
	0  -  Total Bytes Received By Job
	Partitionable Resources :    Usage  Request Allocated 
	   Cpus                 :                 1         1 
	   Disk (KB)            :       90        2    312194 
	   Memory (MB)          :      616     2048      2048 

	Job terminated of its own accord at 2023-12-14T10:27:50Z with exit-code 0.
...
