000 (1970692.000.000) 2023-12-14 02:17:24 Job submitted from host: <172.24.33.226:11547?addrs=172.24.33.226-11547&alias=sdfrome002.sdf.slac.stanford.edu>
    DAG Node: 240f33ac-02ac-4a59-bb4b-8ca92f0c1fb7_ptcIsr_2023111300215_23
...
040 (1970692.000.000) 2023-12-14 02:22:54 Finished transferring input files
...
001 (1970692.000.000) 2023-12-14 02:22:54 Job executing on host: <172.24.48.185:41489?CCBID=172.24.33.225:9618%3faddrs%3d172.24.33.225-9618%26alias%3dsdfrome001.sdf.slac.stanford.edu#6219699&PrivNet=sdfmilan113.sdf.slac.stanford.edu&addrs=172.24.48.185-41489&alias=sdfmilan113.sdf.slac.stanford.edu>
	SlotName: slot_abrought_18623_1_4@sdfmilan113.sdf.slac.stanford.edu
...
006 (1970692.000.000) 2023-12-14 02:23:03 Image size of job updated: 271112
	66  -  MemoryUsage of job (MB)
	66648  -  ResidentSetSize of job (KB)
...
006 (1970692.000.000) 2023-12-14 02:23:50 Image size of job updated: 1966540
	676  -  MemoryUsage of job (MB)
	691588  -  ResidentSetSize of job (KB)
...
040 (1970692.000.000) 2023-12-14 02:23:51 Started transferring output files
...
040 (1970692.000.000) 2023-12-14 02:23:51 Finished transferring output files
...
005 (1970692.000.000) 2023-12-14 02:23:51 Job terminated.
	(1) Normal termination (return value 0)
		Usr 0 00:00:14, Sys 0 00:00:02  -  Run Remote Usage
		Usr 0 00:00:00, Sys 0 00:00:00  -  Run Local Usage
		Usr 0 00:00:14, Sys 0 00:00:02  -  Total Remote Usage
		Usr 0 00:00:00, Sys 0 00:00:00  -  Total Local Usage
	18974  -  Run Bytes Sent By Job
	0  -  Run Bytes Received By Job
	18974  -  Total Bytes Sent By Job
	0  -  Total Bytes Received By Job
	Partitionable Resources :    Usage  Request Allocated 
	   Cpus                 :                 1         1 
	   Disk (KB)            :       91        2    312194 
	   Memory (MB)          :      676     2048      2048 

	Job terminated of its own accord at 2023-12-14T10:23:50Z with exit-code 0.
...
