000 (1972010.000.000) 2023-12-14 02:17:40 Job submitted from host: <172.24.33.226:11547?addrs=172.24.33.226-11547&alias=sdfrome002.sdf.slac.stanford.edu>
    DAG Node: d8c3efe8-8748-49b1-b152-05ce0ecbdf2b_ptcIsr_2023111201827_23
...
040 (1972010.000.000) 2023-12-14 02:26:40 Finished transferring input files
...
001 (1972010.000.000) 2023-12-14 02:26:40 Job executing on host: <172.24.33.147:42953?CCBID=172.24.33.225:9618%3faddrs%3d172.24.33.225-9618%26alias%3dsdfrome001.sdf.slac.stanford.edu#6219703&PrivNet=sdfrome082.sdf.slac.stanford.edu&addrs=172.24.33.147-42953&alias=sdfrome082.sdf.slac.stanford.edu>
	SlotName: slot_abrought_48_1_18@sdfrome082.sdf.slac.stanford.edu
...
006 (1972010.000.000) 2023-12-14 02:26:49 Image size of job updated: 293340
	85  -  MemoryUsage of job (MB)
	86808  -  ResidentSetSize of job (KB)
...
006 (1972010.000.000) 2023-12-14 02:27:29 Image size of job updated: 2198344
	652  -  MemoryUsage of job (MB)
	667128  -  ResidentSetSize of job (KB)
...
040 (1972010.000.000) 2023-12-14 02:27:29 Started transferring output files
...
040 (1972010.000.000) 2023-12-14 02:27:29 Finished transferring output files
...
005 (1972010.000.000) 2023-12-14 02:27:29 Job terminated.
	(1) Normal termination (return value 0)
		Usr 0 00:00:21, Sys 0 00:00:03  -  Run Remote Usage
		Usr 0 00:00:00, Sys 0 00:00:00  -  Run Local Usage
		Usr 0 00:00:21, Sys 0 00:00:03  -  Total Remote Usage
		Usr 0 00:00:00, Sys 0 00:00:00  -  Total Local Usage
	19073  -  Run Bytes Sent By Job
	0  -  Run Bytes Received By Job
	19073  -  Total Bytes Sent By Job
	0  -  Total Bytes Received By Job
	Partitionable Resources :    Usage  Request Allocated 
	   Cpus                 :                 1         1 
	   Disk (KB)            :       91        2    312116 
	   Memory (MB)          :      652     2048      2048 

	Job terminated of its own accord at 2023-12-14T10:27:29Z with exit-code 0.
...
