000 (1969398.000.000) 2023-12-14 02:17:08 Job submitted from host: <172.24.33.226:11547?addrs=172.24.33.226-11547&alias=sdfrome002.sdf.slac.stanford.edu>
    DAG Node: b3c7d5a9-5c7b-4e8e-b070-3d8891c1842f_ptcIsr_2023111200039_23
...
040 (1969398.000.000) 2023-12-14 02:17:10 Finished transferring input files
...
001 (1969398.000.000) 2023-12-14 02:17:10 Job executing on host: <172.24.48.159:36013?CCBID=172.24.33.225:9618%3faddrs%3d172.24.33.225-9618%26alias%3dsdfrome001.sdf.slac.stanford.edu#6219701&PrivNet=sdfmilan059.sdf.slac.stanford.edu&addrs=172.24.48.159-36013&alias=sdfmilan059.sdf.slac.stanford.edu>
	SlotName: slot_abrought_18206_1_12@sdfmilan059.sdf.slac.stanford.edu
...
006 (1969398.000.000) 2023-12-14 02:17:18 Image size of job updated: 34692
	19  -  MemoryUsage of job (MB)
	18960  -  ResidentSetSize of job (KB)
...
006 (1969398.000.000) 2023-12-14 02:20:30 Image size of job updated: 2115340
	19  -  MemoryUsage of job (MB)
	18960  -  ResidentSetSize of job (KB)
...
040 (1969398.000.000) 2023-12-14 02:20:30 Started transferring output files
...
040 (1969398.000.000) 2023-12-14 02:20:30 Finished transferring output files
...
005 (1969398.000.000) 2023-12-14 02:20:31 Job terminated.
	(1) Normal termination (return value 0)
		Usr 0 00:00:23, Sys 0 00:00:03  -  Run Remote Usage
		Usr 0 00:00:00, Sys 0 00:00:00  -  Run Local Usage
		Usr 0 00:00:23, Sys 0 00:00:03  -  Total Remote Usage
		Usr 0 00:00:00, Sys 0 00:00:00  -  Total Local Usage
	19074  -  Run Bytes Sent By Job
	0  -  Run Bytes Received By Job
	19074  -  Total Bytes Sent By Job
	0  -  Total Bytes Received By Job
	Partitionable Resources :    Usage  Request Allocated 
	   Cpus                 :                 1         1 
	   Disk (KB)            :       90        2    312194 
	   Memory (MB)          :       19     2048      2048 

	Job terminated of its own accord at 2023-12-14T10:20:30Z with exit-code 0.
...
