000 (1973150.000.000) 2023-12-14 02:17:53 Job submitted from host: <172.24.33.226:11547?addrs=172.24.33.226-11547&alias=sdfrome002.sdf.slac.stanford.edu>
    DAG Node: eea1eb78-98aa-4d20-991c-324f1506961e_ptcIsr_2023111202579_23
...
040 (1973150.000.000) 2023-12-14 02:29:57 Finished transferring input files
...
001 (1973150.000.000) 2023-12-14 02:29:57 Job executing on host: <172.24.33.124:33703?CCBID=172.24.33.225:9618%3faddrs%3d172.24.33.225-9618%26alias%3dsdfrome001.sdf.slac.stanford.edu#6220014&PrivNet=sdfrome059.sdf.slac.stanford.edu&addrs=172.24.33.124-33703&alias=sdfrome059.sdf.slac.stanford.edu>
	SlotName: slot_abrought_11420_1_22@sdfrome059.sdf.slac.stanford.edu
...
006 (1973150.000.000) 2023-12-14 02:30:06 Image size of job updated: 27348
	11  -  MemoryUsage of job (MB)
	10740  -  ResidentSetSize of job (KB)
...
006 (1973150.000.000) 2023-12-14 02:34:01 Image size of job updated: 2060272
	11  -  MemoryUsage of job (MB)
	10740  -  ResidentSetSize of job (KB)
...
040 (1973150.000.000) 2023-12-14 02:34:01 Started transferring output files
...
040 (1973150.000.000) 2023-12-14 02:34:01 Finished transferring output files
...
005 (1973150.000.000) 2023-12-14 02:34:01 Job terminated.
	(1) Normal termination (return value 0)
		Usr 0 00:00:19, Sys 0 00:00:03  -  Run Remote Usage
		Usr 0 00:00:00, Sys 0 00:00:00  -  Run Local Usage
		Usr 0 00:00:19, Sys 0 00:00:03  -  Total Remote Usage
		Usr 0 00:00:00, Sys 0 00:00:00  -  Total Local Usage
	18534  -  Run Bytes Sent By Job
	0  -  Run Bytes Received By Job
	18534  -  Total Bytes Sent By Job
	0  -  Total Bytes Received By Job
	Partitionable Resources :    Usage  Request Allocated 
	   Cpus                 :                 1         1 
	   Disk (KB)            :       90        2    312194 
	   Memory (MB)          :       11     2048      2048 

	Job terminated of its own accord at 2023-12-14T10:34:01Z with exit-code 0.
...
