000 (1972092.000.000) 2023-12-14 02:17:41 Job submitted from host: <172.24.33.226:11547?addrs=172.24.33.226-11547&alias=sdfrome002.sdf.slac.stanford.edu>
    DAG Node: cffe2059-daed-429d-9da0-d6c8b9028899_ptcIsr_2023111201289_23
...
040 (1972092.000.000) 2023-12-14 02:26:53 Finished transferring input files
...
001 (1972092.000.000) 2023-12-14 02:26:53 Job executing on host: <172.24.48.193:46283?CCBID=172.24.33.225:9618%3faddrs%3d172.24.33.225-9618%26alias%3dsdfrome001.sdf.slac.stanford.edu#6219697&PrivNet=sdfmilan121.sdf.slac.stanford.edu&addrs=172.24.48.193-46283&alias=sdfmilan121.sdf.slac.stanford.edu>
	SlotName: slot_abrought_10210_1_3@sdfmilan121.sdf.slac.stanford.edu
...
006 (1972092.000.000) 2023-12-14 02:27:01 Image size of job updated: 34428
	18  -  MemoryUsage of job (MB)
	18208  -  ResidentSetSize of job (KB)
...
006 (1972092.000.000) 2023-12-14 02:27:49 Image size of job updated: 2118236
	633  -  MemoryUsage of job (MB)
	648088  -  ResidentSetSize of job (KB)
...
040 (1972092.000.000) 2023-12-14 02:27:49 Started transferring output files
...
040 (1972092.000.000) 2023-12-14 02:27:49 Finished transferring output files
...
005 (1972092.000.000) 2023-12-14 02:27:49 Job terminated.
	(1) Normal termination (return value 0)
		Usr 0 00:00:21, Sys 0 00:00:03  -  Run Remote Usage
		Usr 0 00:00:00, Sys 0 00:00:00  -  Run Local Usage
		Usr 0 00:00:21, Sys 0 00:00:03  -  Total Remote Usage
		Usr 0 00:00:00, Sys 0 00:00:00  -  Total Local Usage
	18802  -  Run Bytes Sent By Job
	0  -  Run Bytes Received By Job
	18802  -  Total Bytes Sent By Job
	0  -  Total Bytes Received By Job
	Partitionable Resources :    Usage  Request Allocated 
	   Cpus                 :                 1         1 
	   Disk (KB)            :       90        2    311595 
	   Memory (MB)          :      633     2048      2048 

	Job terminated of its own accord at 2023-12-14T10:27:49Z with exit-code 0.
...
