000 (1970450.000.000) 2023-12-14 02:17:19 Job submitted from host: <172.24.33.226:11547?addrs=172.24.33.226-11547&alias=sdfrome002.sdf.slac.stanford.edu>
    DAG Node: df85a18d-d38c-4756-9a74-5de25eab86fc_ptcIsr_2023111101026_23
...
040 (1970450.000.000) 2023-12-14 02:21:56 Finished transferring input files
...
001 (1970450.000.000) 2023-12-14 02:21:56 Job executing on host: <172.24.33.143:42517?CCBID=172.24.33.225:9618%3faddrs%3d172.24.33.225-9618%26alias%3dsdfrome001.sdf.slac.stanford.edu#6220496&PrivNet=sdfrome078.sdf.slac.stanford.edu&addrs=172.24.33.143-42517&alias=sdfrome078.sdf.slac.stanford.edu>
	SlotName: slot_abrought_19079_1_17@sdfrome078.sdf.slac.stanford.edu
...
006 (1970450.000.000) 2023-12-14 02:22:04 Image size of job updated: 463472
	209  -  MemoryUsage of job (MB)
	213640  -  ResidentSetSize of job (KB)
...
006 (1970450.000.000) 2023-12-14 02:22:50 Image size of job updated: 2164216
	637  -  MemoryUsage of job (MB)
	651872  -  ResidentSetSize of job (KB)
...
040 (1970450.000.000) 2023-12-14 02:22:51 Started transferring output files
...
040 (1970450.000.000) 2023-12-14 02:22:51 Finished transferring output files
...
005 (1970450.000.000) 2023-12-14 02:22:51 Job terminated.
	(1) Normal termination (return value 0)
		Usr 0 00:00:30, Sys 0 00:00:08  -  Run Remote Usage
		Usr 0 00:00:00, Sys 0 00:00:00  -  Run Local Usage
		Usr 0 00:00:30, Sys 0 00:00:08  -  Total Remote Usage
		Usr 0 00:00:00, Sys 0 00:00:00  -  Total Local Usage
	19074  -  Run Bytes Sent By Job
	0  -  Run Bytes Received By Job
	19074  -  Total Bytes Sent By Job
	0  -  Total Bytes Received By Job
	Partitionable Resources :    Usage  Request Allocated 
	   Cpus                 :                 1         1 
	   Disk (KB)            :       91        2    312194 
	   Memory (MB)          :      637     2048      2048 

	Job terminated of its own accord at 2023-12-14T10:22:50Z with exit-code 0.
...
