000 (1973350.000.000) 2023-12-14 02:17:55 Job submitted from host: <172.24.33.226:11547?addrs=172.24.33.226-11547&alias=sdfrome002.sdf.slac.stanford.edu>
    DAG Node: bfddd5e9-ccfe-455b-8585-01ab14c7bc2d_ptcIsr_2023111101431_23
...
040 (1973350.000.000) 2023-12-14 02:30:27 Finished transferring input files
...
001 (1973350.000.000) 2023-12-14 02:30:27 Job executing on host: <172.24.48.193:46283?CCBID=172.24.33.225:9618%3faddrs%3d172.24.33.225-9618%26alias%3dsdfrome001.sdf.slac.stanford.edu#6219697&PrivNet=sdfmilan121.sdf.slac.stanford.edu&addrs=172.24.48.193-46283&alias=sdfmilan121.sdf.slac.stanford.edu>
	SlotName: slot_abrought_10210_1_21@sdfmilan121.sdf.slac.stanford.edu
...
006 (1973350.000.000) 2023-12-14 02:30:36 Image size of job updated: 292280
	85  -  MemoryUsage of job (MB)
	86728  -  ResidentSetSize of job (KB)
...
006 (1973350.000.000) 2023-12-14 02:31:23 Image size of job updated: 1971868
	1120  -  MemoryUsage of job (MB)
	1146576  -  ResidentSetSize of job (KB)
...
040 (1973350.000.000) 2023-12-14 02:31:23 Started transferring output files
...
040 (1973350.000.000) 2023-12-14 02:31:23 Finished transferring output files
...
005 (1973350.000.000) 2023-12-14 02:31:23 Job terminated.
	(1) Normal termination (return value 0)
		Usr 0 00:00:12, Sys 0 00:00:01  -  Run Remote Usage
		Usr 0 00:00:00, Sys 0 00:00:00  -  Run Local Usage
		Usr 0 00:00:12, Sys 0 00:00:01  -  Total Remote Usage
		Usr 0 00:00:00, Sys 0 00:00:00  -  Total Local Usage
	18804  -  Run Bytes Sent By Job
	0  -  Run Bytes Received By Job
	18804  -  Total Bytes Sent By Job
	0  -  Total Bytes Received By Job
	Partitionable Resources :    Usage  Request Allocated 
	   Cpus                 :                 1         1 
	   Disk (KB)            :       90        2    311595 
	   Memory (MB)          :     1120     2048      2048 

	Job terminated of its own accord at 2023-12-14T10:31:23Z with exit-code 0.
...
