000 (1970528.000.000) 2023-12-14 02:17:23 Job submitted from host: <172.24.33.226:11547?addrs=172.24.33.226-11547&alias=sdfrome002.sdf.slac.stanford.edu>
    DAG Node: 2bf133e9-afe5-4dbf-bfe5-b49459998458_ptcIsr_2023111202364_23
...
040 (1970528.000.000) 2023-12-14 02:22:12 Finished transferring input files
...
001 (1970528.000.000) 2023-12-14 02:22:12 Job executing on host: <172.24.33.124:39661?CCBID=172.24.33.225:9618%3faddrs%3d172.24.33.225-9618%26alias%3dsdfrome001.sdf.slac.stanford.edu#6220018&PrivNet=sdfrome059.sdf.slac.stanford.edu&addrs=172.24.33.124-39661&alias=sdfrome059.sdf.slac.stanford.edu>
	SlotName: slot_abrought_25802_1_13@sdfrome059.sdf.slac.stanford.edu
...
006 (1970528.000.000) 2023-12-14 02:22:21 Image size of job updated: 644088
	272  -  MemoryUsage of job (MB)
	278016  -  ResidentSetSize of job (KB)
...
006 (1970528.000.000) 2023-12-14 02:22:58 Image size of job updated: 2204424
	272  -  MemoryUsage of job (MB)
	278016  -  ResidentSetSize of job (KB)
...
040 (1970528.000.000) 2023-12-14 02:22:58 Started transferring output files
...
040 (1970528.000.000) 2023-12-14 02:22:58 Finished transferring output files
...
005 (1970528.000.000) 2023-12-14 02:22:58 Job terminated.
	(1) Normal termination (return value 0)
		Usr 0 00:00:27, Sys 0 00:00:08  -  Run Remote Usage
		Usr 0 00:00:00, Sys 0 00:00:00  -  Run Local Usage
		Usr 0 00:00:27, Sys 0 00:00:08  -  Total Remote Usage
		Usr 0 00:00:00, Sys 0 00:00:00  -  Total Local Usage
	18533  -  Run Bytes Sent By Job
	0  -  Run Bytes Received By Job
	18533  -  Total Bytes Sent By Job
	0  -  Total Bytes Received By Job
	Partitionable Resources :    Usage  Request Allocated 
	   Cpus                 :                 1         1 
	   Disk (KB)            :       90        2    312194 
	   Memory (MB)          :      272     2048      2048 

	Job terminated of its own accord at 2023-12-14T10:22:58Z with exit-code 0.
...
