000 (1971712.000.000) 2023-12-14 02:17:36 Job submitted from host: <172.24.33.226:11547?addrs=172.24.33.226-11547&alias=sdfrome002.sdf.slac.stanford.edu>
    DAG Node: 3c5e3713-3760-48b0-b475-abc4e9757740_ptcIsr_2023111203344_23
...
040 (1971712.000.000) 2023-12-14 02:25:42 Finished transferring input files
...
001 (1971712.000.000) 2023-12-14 02:25:42 Job executing on host: <172.24.33.213:41467?CCBID=172.24.33.225:9618%3faddrs%3d172.24.33.225-9618%26alias%3dsdfrome001.sdf.slac.stanford.edu#6220037&PrivNet=sdfrome022.sdf.slac.stanford.edu&addrs=172.24.33.213-41467&alias=sdfrome022.sdf.slac.stanford.edu>
	SlotName: slot_abrought_435_1_15@sdfrome022.sdf.slac.stanford.edu
...
006 (1971712.000.000) 2023-12-14 02:25:50 Image size of job updated: 289616
	82  -  MemoryUsage of job (MB)
	83396  -  ResidentSetSize of job (KB)
...
006 (1971712.000.000) 2023-12-14 02:26:38 Image size of job updated: 2104484
	657  -  MemoryUsage of job (MB)
	672036  -  ResidentSetSize of job (KB)
...
040 (1971712.000.000) 2023-12-14 02:26:38 Started transferring output files
...
040 (1971712.000.000) 2023-12-14 02:26:38 Finished transferring output files
...
005 (1971712.000.000) 2023-12-14 02:26:38 Job terminated.
	(1) Normal termination (return value 0)
		Usr 0 00:00:18, Sys 0 00:00:03  -  Run Remote Usage
		Usr 0 00:00:00, Sys 0 00:00:00  -  Run Local Usage
		Usr 0 00:00:18, Sys 0 00:00:03  -  Total Remote Usage
		Usr 0 00:00:00, Sys 0 00:00:00  -  Total Local Usage
	18975  -  Run Bytes Sent By Job
	0  -  Run Bytes Received By Job
	18975  -  Total Bytes Sent By Job
	0  -  Total Bytes Received By Job
	Partitionable Resources :    Usage  Request Allocated 
	   Cpus                 :                 1         1 
	   Disk (KB)            :       91        2    312194 
	   Memory (MB)          :      657     2048      2048 

	Job terminated of its own accord at 2023-12-14T10:26:38Z with exit-code 0.
...
