000 (1973096.000.000) 2023-12-14 02:17:53 Job submitted from host: <172.24.33.226:11547?addrs=172.24.33.226-11547&alias=sdfrome002.sdf.slac.stanford.edu>
    DAG Node: dccb7f08-f661-412d-911c-79bc724a0523_ptcIsr_2023111203537_23
...
040 (1973096.000.000) 2023-12-14 02:29:54 Finished transferring input files
...
001 (1973096.000.000) 2023-12-14 02:29:54 Job executing on host: <172.24.33.213:41587?CCBID=172.24.33.225:9618%3faddrs%3d172.24.33.225-9618%26alias%3dsdfrome001.sdf.slac.stanford.edu#6220036&PrivNet=sdfrome022.sdf.slac.stanford.edu&addrs=172.24.33.213-41587&alias=sdfrome022.sdf.slac.stanford.edu>
	SlotName: slot_abrought_5117_1_2@sdfrome022.sdf.slac.stanford.edu
...
006 (1973096.000.000) 2023-12-14 02:30:03 Image size of job updated: 69764
	37  -  MemoryUsage of job (MB)
	37500  -  ResidentSetSize of job (KB)
...
006 (1973096.000.000) 2023-12-14 02:32:49 Image size of job updated: 2068272
	37  -  MemoryUsage of job (MB)
	37500  -  ResidentSetSize of job (KB)
...
040 (1973096.000.000) 2023-12-14 02:32:49 Started transferring output files
...
040 (1973096.000.000) 2023-12-14 02:32:49 Finished transferring output files
...
005 (1973096.000.000) 2023-12-14 02:32:49 Job terminated.
	(1) Normal termination (return value 0)
		Usr 0 00:00:18, Sys 0 00:00:03  -  Run Remote Usage
		Usr 0 00:00:00, Sys 0 00:00:00  -  Run Local Usage
		Usr 0 00:00:18, Sys 0 00:00:03  -  Total Remote Usage
		Usr 0 00:00:00, Sys 0 00:00:00  -  Total Local Usage
	18806  -  Run Bytes Sent By Job
	0  -  Run Bytes Received By Job
	18806  -  Total Bytes Sent By Job
	0  -  Total Bytes Received By Job
	Partitionable Resources :    Usage  Request Allocated 
	   Cpus                 :                 1         1 
	   Disk (KB)            :       90        2    312194 
	   Memory (MB)          :       37     2048      2048 

	Job terminated of its own accord at 2023-12-14T10:32:49Z with exit-code 0.
...
