000 (1972457.000.000) 2023-12-14 02:17:44 Job submitted from host: <172.24.33.226:11547?addrs=172.24.33.226-11547&alias=sdfrome002.sdf.slac.stanford.edu>
    DAG Node: 025929b9-6b86-46eb-b5ee-092a76351716_ptcIsr_2023111200072_23
...
040 (1972457.000.000) 2023-12-14 02:27:56 Finished transferring input files
...
001 (1972457.000.000) 2023-12-14 02:27:56 Job executing on host: <172.24.33.124:39661?CCBID=172.24.33.225:9618%3faddrs%3d172.24.33.225-9618%26alias%3dsdfrome001.sdf.slac.stanford.edu#6220018&PrivNet=sdfrome059.sdf.slac.stanford.edu&addrs=172.24.33.124-39661&alias=sdfrome059.sdf.slac.stanford.edu>
	SlotName: slot_abrought_25802_1_13@sdfrome059.sdf.slac.stanford.edu
...
006 (1972457.000.000) 2023-12-14 02:28:05 Image size of job updated: 463464
	208  -  MemoryUsage of job (MB)
	212456  -  ResidentSetSize of job (KB)
...
006 (1972457.000.000) 2023-12-14 02:28:39 Image size of job updated: 2076144
	208  -  MemoryUsage of job (MB)
	212456  -  ResidentSetSize of job (KB)
...
040 (1972457.000.000) 2023-12-14 02:28:39 Started transferring output files
...
040 (1972457.000.000) 2023-12-14 02:28:39 Finished transferring output files
...
005 (1972457.000.000) 2023-12-14 02:28:39 Job terminated.
	(1) Normal termination (return value 0)
		Usr 0 00:00:26, Sys 0 00:00:04  -  Run Remote Usage
		Usr 0 00:00:00, Sys 0 00:00:00  -  Run Local Usage
		Usr 0 00:00:26, Sys 0 00:00:04  -  Total Remote Usage
		Usr 0 00:00:00, Sys 0 00:00:00  -  Total Local Usage
	18533  -  Run Bytes Sent By Job
	0  -  Run Bytes Received By Job
	18533  -  Total Bytes Sent By Job
	0  -  Total Bytes Received By Job
	Partitionable Resources :    Usage  Request Allocated 
	   Cpus                 :                 1         1 
	   Disk (KB)            :       90        2    312194 
	   Memory (MB)          :      208     2048      2048 

	Job terminated of its own accord at 2023-12-14T10:28:39Z with exit-code 0.
...
