000 (1972727.000.000) 2023-12-14 02:17:48 Job submitted from host: <172.24.33.226:11547?addrs=172.24.33.226-11547&alias=sdfrome002.sdf.slac.stanford.edu>
    DAG Node: 579015e0-f1cb-4f46-96c6-f2c3ff43d423_ptcIsr_2023111300365_23
...
040 (1972727.000.000) 2023-12-14 02:28:48 Finished transferring input files
...
001 (1972727.000.000) 2023-12-14 02:28:48 Job executing on host: <172.24.33.124:39661?CCBID=172.24.33.225:9618%3faddrs%3d172.24.33.225-9618%26alias%3dsdfrome001.sdf.slac.stanford.edu#6220018&PrivNet=sdfrome059.sdf.slac.stanford.edu&addrs=172.24.33.124-39661&alias=sdfrome059.sdf.slac.stanford.edu>
	SlotName: slot_abrought_25802_1_12@sdfrome059.sdf.slac.stanford.edu
...
006 (1972727.000.000) 2023-12-14 02:28:57 Image size of job updated: 352836
	138  -  MemoryUsage of job (MB)
	141292  -  ResidentSetSize of job (KB)
...
006 (1972727.000.000) 2023-12-14 02:29:32 Image size of job updated: 2040388
	613  -  MemoryUsage of job (MB)
	627128  -  ResidentSetSize of job (KB)
...
040 (1972727.000.000) 2023-12-14 02:29:32 Started transferring output files
...
040 (1972727.000.000) 2023-12-14 02:29:32 Finished transferring output files
...
005 (1972727.000.000) 2023-12-14 02:29:32 Job terminated.
	(1) Normal termination (return value 0)
		Usr 0 00:00:24, Sys 0 00:00:04  -  Run Remote Usage
		Usr 0 00:00:00, Sys 0 00:00:00  -  Run Local Usage
		Usr 0 00:00:24, Sys 0 00:00:04  -  Total Remote Usage
		Usr 0 00:00:00, Sys 0 00:00:00  -  Total Local Usage
	18532  -  Run Bytes Sent By Job
	0  -  Run Bytes Received By Job
	18532  -  Total Bytes Sent By Job
	0  -  Total Bytes Received By Job
	Partitionable Resources :    Usage  Request Allocated 
	   Cpus                 :     0.44        1         1 
	   Disk (KB)            :    97           2    312194 
	   Memory (MB)          :   613        2048      2048 

	Job terminated of its own accord at 2023-12-14T10:29:32Z with exit-code 0.
...
