000 (1970303.000.000) 2023-12-14 02:17:18 Job submitted from host: <172.24.33.226:11547?addrs=172.24.33.226-11547&alias=sdfrome002.sdf.slac.stanford.edu>
    DAG Node: 314b7f35-358b-45af-9f7b-06010d6943cd_ptcIsr_2023111101516_23
...
040 (1970303.000.000) 2023-12-14 02:21:30 Finished transferring input files
...
001 (1970303.000.000) 2023-12-14 02:21:31 Job executing on host: <172.24.33.124:44469?CCBID=172.24.33.225:9618%3faddrs%3d172.24.33.225-9618%26alias%3dsdfrome001.sdf.slac.stanford.edu#6220017&PrivNet=sdfrome059.sdf.slac.stanford.edu&addrs=172.24.33.124-44469&alias=sdfrome059.sdf.slac.stanford.edu>
	SlotName: slot_abrought_2668_1_2@sdfrome059.sdf.slac.stanford.edu
...
006 (1970303.000.000) 2023-12-14 02:21:41 Image size of job updated: 339588
	125  -  MemoryUsage of job (MB)
	127972  -  ResidentSetSize of job (KB)
...
006 (1970303.000.000) 2023-12-14 02:22:37 Image size of job updated: 2065180
	631  -  MemoryUsage of job (MB)
	645960  -  ResidentSetSize of job (KB)
...
040 (1970303.000.000) 2023-12-14 02:22:37 Started transferring output files
...
040 (1970303.000.000) 2023-12-14 02:22:37 Finished transferring output files
...
005 (1970303.000.000) 2023-12-14 02:22:37 Job terminated.
	(1) Normal termination (return value 0)
		Usr 0 00:00:20, Sys 0 00:00:04  -  Run Remote Usage
		Usr 0 00:00:00, Sys 0 00:00:00  -  Run Local Usage
		Usr 0 00:00:20, Sys 0 00:00:04  -  Total Remote Usage
		Usr 0 00:00:00, Sys 0 00:00:00  -  Total Local Usage
	18803  -  Run Bytes Sent By Job
	0  -  Run Bytes Received By Job
	18803  -  Total Bytes Sent By Job
	0  -  Total Bytes Received By Job
	Partitionable Resources :    Usage  Request Allocated 
	   Cpus                 :                 1         1 
	   Disk (KB)            :       90        2    312194 
	   Memory (MB)          :      631     2048      2048 

	Job terminated of its own accord at 2023-12-14T10:22:37Z with exit-code 0.
...
