000 (1972145.000.000) 2023-12-14 02:17:42 Job submitted from host: <172.24.33.226:11547?addrs=172.24.33.226-11547&alias=sdfrome002.sdf.slac.stanford.edu>
    DAG Node: 4d08d258-b142-47e5-aef3-5e7dc4b76e11_ptcIsr_2023111203456_23
...
040 (1972145.000.000) 2023-12-14 02:27:02 Finished transferring input files
...
001 (1972145.000.000) 2023-12-14 02:27:02 Job executing on host: <172.24.33.213:41587?CCBID=172.24.33.225:9618%3faddrs%3d172.24.33.225-9618%26alias%3dsdfrome001.sdf.slac.stanford.edu#6220036&PrivNet=sdfrome022.sdf.slac.stanford.edu&addrs=172.24.33.213-41587&alias=sdfrome022.sdf.slac.stanford.edu>
	SlotName: slot_abrought_5117_1_19@sdfrome022.sdf.slac.stanford.edu
...
006 (1972145.000.000) 2023-12-14 02:27:11 Image size of job updated: 69764
	18  -  MemoryUsage of job (MB)
	17564  -  ResidentSetSize of job (KB)
...
006 (1972145.000.000) 2023-12-14 02:30:05 Image size of job updated: 2162420
	632  -  MemoryUsage of job (MB)
	646612  -  ResidentSetSize of job (KB)
...
040 (1972145.000.000) 2023-12-14 02:30:06 Started transferring output files
...
040 (1972145.000.000) 2023-12-14 02:30:06 Finished transferring output files
...
005 (1972145.000.000) 2023-12-14 02:30:06 Job terminated.
	(1) Normal termination (return value 0)
		Usr 0 00:00:19, Sys 0 00:00:03  -  Run Remote Usage
		Usr 0 00:00:00, Sys 0 00:00:00  -  Run Local Usage
		Usr 0 00:00:19, Sys 0 00:00:03  -  Total Remote Usage
		Usr 0 00:00:00, Sys 0 00:00:00  -  Total Local Usage
	19074  -  Run Bytes Sent By Job
	0  -  Run Bytes Received By Job
	19074  -  Total Bytes Sent By Job
	0  -  Total Bytes Received By Job
	Partitionable Resources :    Usage  Request Allocated 
	   Cpus                 :     0.15        1         1 
	   Disk (KB)            :    97           2    312194 
	   Memory (MB)          :   632        2048      2048 

	Job terminated of its own accord at 2023-12-14T10:30:05Z with exit-code 0.
...
