000 (1969394.000.000) 2023-12-14 02:17:08 Job submitted from host: <172.24.33.226:11547?addrs=172.24.33.226-11547&alias=sdfrome002.sdf.slac.stanford.edu>
    DAG Node: d193bed4-05fa-411b-984a-7136228a27b6_ptcIsr_2023111200276_23
...
040 (1969394.000.000) 2023-12-14 02:17:10 Finished transferring input files
...
001 (1969394.000.000) 2023-12-14 02:17:10 Job executing on host: <172.24.33.147:42953?CCBID=172.24.33.225:9618%3faddrs%3d172.24.33.225-9618%26alias%3dsdfrome001.sdf.slac.stanford.edu#6219703&PrivNet=sdfrome082.sdf.slac.stanford.edu&addrs=172.24.33.147-42953&alias=sdfrome082.sdf.slac.stanford.edu>
	SlotName: slot_abrought_48_1_13@sdfrome082.sdf.slac.stanford.edu
...
006 (1969394.000.000) 2023-12-14 02:17:18 Image size of job updated: 279736
	73  -  MemoryUsage of job (MB)
	74328  -  ResidentSetSize of job (KB)
...
006 (1969394.000.000) 2023-12-14 02:18:00 Image size of job updated: 2087440
	73  -  MemoryUsage of job (MB)
	74328  -  ResidentSetSize of job (KB)
...
040 (1969394.000.000) 2023-12-14 02:18:00 Started transferring output files
...
040 (1969394.000.000) 2023-12-14 02:18:00 Finished transferring output files
...
005 (1969394.000.000) 2023-12-14 02:18:01 Job terminated.
	(1) Normal termination (return value 0)
		Usr 0 00:00:22, Sys 0 00:00:04  -  Run Remote Usage
		Usr 0 00:00:00, Sys 0 00:00:00  -  Run Local Usage
		Usr 0 00:00:22, Sys 0 00:00:04  -  Total Remote Usage
		Usr 0 00:00:00, Sys 0 00:00:00  -  Total Local Usage
	18803  -  Run Bytes Sent By Job
	0  -  Run Bytes Received By Job
	18803  -  Total Bytes Sent By Job
	0  -  Total Bytes Received By Job
	Partitionable Resources :    Usage  Request Allocated 
	   Cpus                 :                 1         1 
	   Disk (KB)            :       90        2    312116 
	   Memory (MB)          :       73     2048      2048 

	Job terminated of its own accord at 2023-12-14T10:18:00Z with exit-code 0.
...
