000 (1971891.000.000) 2023-12-14 02:17:37 Job submitted from host: <172.24.33.226:11547?addrs=172.24.33.226-11547&alias=sdfrome002.sdf.slac.stanford.edu>
    DAG Node: beda1214-d1cf-456c-a8fa-a5cb689c60dd_ptcIsr_2023111101936_23
...
040 (1971891.000.000) 2023-12-14 02:26:14 Finished transferring input files
...
001 (1971891.000.000) 2023-12-14 02:26:14 Job executing on host: <172.24.33.213:41467?CCBID=172.24.33.225:9618%3faddrs%3d172.24.33.225-9618%26alias%3dsdfrome001.sdf.slac.stanford.edu#6220037&PrivNet=sdfrome022.sdf.slac.stanford.edu&addrs=172.24.33.213-41467&alias=sdfrome022.sdf.slac.stanford.edu>
	SlotName: slot_abrought_435_1_1@sdfrome022.sdf.slac.stanford.edu
...
006 (1971891.000.000) 2023-12-14 02:26:23 Image size of job updated: 328648
	115  -  MemoryUsage of job (MB)
	117524  -  ResidentSetSize of job (KB)
...
006 (1971891.000.000) 2023-12-14 02:27:05 Image size of job updated: 2124692
	115  -  MemoryUsage of job (MB)
	117524  -  ResidentSetSize of job (KB)
...
040 (1971891.000.000) 2023-12-14 02:27:05 Started transferring output files
...
040 (1971891.000.000) 2023-12-14 02:27:05 Finished transferring output files
...
005 (1971891.000.000) 2023-12-14 02:27:05 Job terminated.
	(1) Normal termination (return value 0)
		Usr 0 00:00:24, Sys 0 00:00:03  -  Run Remote Usage
		Usr 0 00:00:00, Sys 0 00:00:00  -  Run Local Usage
		Usr 0 00:00:24, Sys 0 00:00:03  -  Total Remote Usage
		Usr 0 00:00:00, Sys 0 00:00:00  -  Total Local Usage
	19073  -  Run Bytes Sent By Job
	0  -  Run Bytes Received By Job
	19073  -  Total Bytes Sent By Job
	0  -  Total Bytes Received By Job
	Partitionable Resources :    Usage  Request Allocated 
	   Cpus                 :                 1         1 
	   Disk (KB)            :       91        2    312194 
	   Memory (MB)          :      115     2048      2048 

	Job terminated of its own accord at 2023-12-14T10:27:05Z with exit-code 0.
...
