000 (1972021.000.000) 2023-12-14 02:17:40 Job submitted from host: <172.24.33.226:11547?addrs=172.24.33.226-11547&alias=sdfrome002.sdf.slac.stanford.edu>
    DAG Node: 18e36a1d-8da6-46a2-9d2b-dd5f5e2ecfef_ptcIsr_2023111202370_23
...
040 (1972021.000.000) 2023-12-14 02:26:44 Finished transferring input files
...
001 (1972021.000.000) 2023-12-14 02:26:44 Job executing on host: <172.24.48.149:38613?CCBID=172.24.33.225:9618%3faddrs%3d172.24.33.225-9618%26alias%3dsdfrome001.sdf.slac.stanford.edu#6219698&PrivNet=sdfmilan049.sdf.slac.stanford.edu&addrs=172.24.48.149-38613&alias=sdfmilan049.sdf.slac.stanford.edu>
	SlotName: slot_abrought_1727_1_18@sdfmilan049.sdf.slac.stanford.edu
...
006 (1972021.000.000) 2023-12-14 02:26:53 Image size of job updated: 280756
	73  -  MemoryUsage of job (MB)
	74404  -  ResidentSetSize of job (KB)
...
006 (1972021.000.000) 2023-12-14 02:27:57 Image size of job updated: 2126608
	616  -  MemoryUsage of job (MB)
	629964  -  ResidentSetSize of job (KB)
...
040 (1972021.000.000) 2023-12-14 02:27:57 Started transferring output files
...
040 (1972021.000.000) 2023-12-14 02:27:57 Finished transferring output files
...
005 (1972021.000.000) 2023-12-14 02:27:57 Job terminated.
	(1) Normal termination (return value 0)
		Usr 0 00:00:23, Sys 0 00:00:02  -  Run Remote Usage
		Usr 0 00:00:00, Sys 0 00:00:00  -  Run Local Usage
		Usr 0 00:00:23, Sys 0 00:00:02  -  Total Remote Usage
		Usr 0 00:00:00, Sys 0 00:00:00  -  Total Local Usage
	18801  -  Run Bytes Sent By Job
	0  -  Run Bytes Received By Job
	18801  -  Total Bytes Sent By Job
	0  -  Total Bytes Received By Job
	Partitionable Resources :    Usage  Request Allocated 
	   Cpus                 :                 1         1 
	   Disk (KB)            :       90        2    312194 
	   Memory (MB)          :      616     2048      2048 

	Job terminated of its own accord at 2023-12-14T10:27:57Z with exit-code 0.
...
