000 (1972692.000.000) 2023-12-14 02:17:48 Job submitted from host: <172.24.33.226:11547?addrs=172.24.33.226-11547&alias=sdfrome002.sdf.slac.stanford.edu>
    DAG Node: e7b6a3ff-2fba-4e17-b2f9-1a731e0375c8_ptcIsr_2023111202861_23
...
040 (1972692.000.000) 2023-12-14 02:28:39 Finished transferring input files
...
001 (1972692.000.000) 2023-12-14 02:28:40 Job executing on host: <172.24.48.149:38613?CCBID=172.24.33.225:9618%3faddrs%3d172.24.33.225-9618%26alias%3dsdfrome001.sdf.slac.stanford.edu#6219698&PrivNet=sdfmilan049.sdf.slac.stanford.edu&addrs=172.24.48.149-38613&alias=sdfmilan049.sdf.slac.stanford.edu>
	SlotName: slot_abrought_1727_1_4@sdfmilan049.sdf.slac.stanford.edu
...
006 (1972692.000.000) 2023-12-14 02:28:48 Image size of job updated: 69764
	5  -  MemoryUsage of job (MB)
	4924  -  ResidentSetSize of job (KB)
...
006 (1972692.000.000) 2023-12-14 02:29:52 Image size of job updated: 2071464
	1327  -  MemoryUsage of job (MB)
	1358364  -  ResidentSetSize of job (KB)
...
040 (1972692.000.000) 2023-12-14 02:29:52 Started transferring output files
...
040 (1972692.000.000) 2023-12-14 02:29:52 Finished transferring output files
...
005 (1972692.000.000) 2023-12-14 02:29:52 Job terminated.
	(1) Normal termination (return value 0)
		Usr 0 00:00:14, Sys 0 00:00:01  -  Run Remote Usage
		Usr 0 00:00:00, Sys 0 00:00:00  -  Run Local Usage
		Usr 0 00:00:14, Sys 0 00:00:01  -  Total Remote Usage
		Usr 0 00:00:00, Sys 0 00:00:00  -  Total Local Usage
	18975  -  Run Bytes Sent By Job
	0  -  Run Bytes Received By Job
	18975  -  Total Bytes Sent By Job
	0  -  Total Bytes Received By Job
	Partitionable Resources :    Usage  Request Allocated 
	   Cpus                 :                 1         1 
	   Disk (KB)            :       91        2    312194 
	   Memory (MB)          :     1327     2048      2048 

	Job terminated of its own accord at 2023-12-14T10:29:52Z with exit-code 0.
...
