000 (1969911.000.000) 2023-12-14 02:17:13 Job submitted from host: <172.24.33.226:11547?addrs=172.24.33.226-11547&alias=sdfrome002.sdf.slac.stanford.edu>
    DAG Node: f16eb05d-c6af-4d67-a516-8d03ac8b8db8_ptcIsr_2023111200338_23
...
040 (1969911.000.000) 2023-12-14 02:20:12 Finished transferring input files
...
001 (1969911.000.000) 2023-12-14 02:20:12 Job executing on host: <172.24.33.213:43829?CCBID=172.24.33.225:9618%3faddrs%3d172.24.33.225-9618%26alias%3dsdfrome001.sdf.slac.stanford.edu#6220038&PrivNet=sdfrome022.sdf.slac.stanford.edu&addrs=172.24.33.213-43829&alias=sdfrome022.sdf.slac.stanford.edu>
	SlotName: slot_abrought_31850_1_16@sdfrome022.sdf.slac.stanford.edu
...
006 (1969911.000.000) 2023-12-14 02:20:21 Image size of job updated: 26000
	10  -  MemoryUsage of job (MB)
	9564  -  ResidentSetSize of job (KB)
...
006 (1969911.000.000) 2023-12-14 02:21:31 Image size of job updated: 2188552
	629  -  MemoryUsage of job (MB)
	643700  -  ResidentSetSize of job (KB)
...
040 (1969911.000.000) 2023-12-14 02:21:31 Started transferring output files
...
040 (1969911.000.000) 2023-12-14 02:21:31 Finished transferring output files
...
005 (1969911.000.000) 2023-12-14 02:21:31 Job terminated.
	(1) Normal termination (return value 0)
		Usr 0 00:00:27, Sys 0 00:00:09  -  Run Remote Usage
		Usr 0 00:00:00, Sys 0 00:00:00  -  Run Local Usage
		Usr 0 00:00:27, Sys 0 00:00:09  -  Total Remote Usage
		Usr 0 00:00:00, Sys 0 00:00:00  -  Total Local Usage
	19073  -  Run Bytes Sent By Job
	0  -  Run Bytes Received By Job
	19073  -  Total Bytes Sent By Job
	0  -  Total Bytes Received By Job
	Partitionable Resources :    Usage  Request Allocated 
	   Cpus                 :                 1         1 
	   Disk (KB)            :       90        2    312194 
	   Memory (MB)          :      629     2048      2048 

	Job terminated of its own accord at 2023-12-14T10:21:31Z with exit-code 0.
...
