000 (1972739.000.000) 2023-12-14 02:17:48 Job submitted from host: <172.24.33.226:11547?addrs=172.24.33.226-11547&alias=sdfrome002.sdf.slac.stanford.edu>
    DAG Node: c4a15548-b802-4955-8edd-62712dd1c3a8_ptcIsr_2023111300012_23
...
040 (1972739.000.000) 2023-12-14 02:28:59 Finished transferring input files
...
001 (1972739.000.000) 2023-12-14 02:28:59 Job executing on host: <172.24.33.124:39697?CCBID=172.24.33.225:9618%3faddrs%3d172.24.33.225-9618%26alias%3dsdfrome001.sdf.slac.stanford.edu#6220015&PrivNet=sdfrome059.sdf.slac.stanford.edu&addrs=172.24.33.124-39697&alias=sdfrome059.sdf.slac.stanford.edu>
	SlotName: slot_abrought_7836_1_8@sdfrome059.sdf.slac.stanford.edu
...
006 (1972739.000.000) 2023-12-14 02:29:08 Image size of job updated: 288656
	81  -  MemoryUsage of job (MB)
	82352  -  ResidentSetSize of job (KB)
...
006 (1972739.000.000) 2023-12-14 02:29:49 Image size of job updated: 2301984
	81  -  MemoryUsage of job (MB)
	82352  -  ResidentSetSize of job (KB)
...
040 (1972739.000.000) 2023-12-14 02:29:49 Started transferring output files
...
040 (1972739.000.000) 2023-12-14 02:29:49 Finished transferring output files
...
005 (1972739.000.000) 2023-12-14 02:29:49 Job terminated.
	(1) Normal termination (return value 0)
		Usr 0 00:00:22, Sys 0 00:00:04  -  Run Remote Usage
		Usr 0 00:00:00, Sys 0 00:00:00  -  Run Local Usage
		Usr 0 00:00:22, Sys 0 00:00:04  -  Total Remote Usage
		Usr 0 00:00:00, Sys 0 00:00:00  -  Total Local Usage
	19072  -  Run Bytes Sent By Job
	0  -  Run Bytes Received By Job
	19072  -  Total Bytes Sent By Job
	0  -  Total Bytes Received By Job
	Partitionable Resources :    Usage  Request Allocated 
	   Cpus                 :     0.28        1         1 
	   Disk (KB)            :    97           2    312194 
	   Memory (MB)          :    81        2048      2048 

	Job terminated of its own accord at 2023-12-14T10:29:49Z with exit-code 0.
...
