000 (1970713.000.000) 2023-12-14 02:17:24 Job submitted from host: <172.24.33.226:11547?addrs=172.24.33.226-11547&alias=sdfrome002.sdf.slac.stanford.edu>
    DAG Node: 8e589a36-8a10-4e2f-bab8-0465bb13c8fb_ptcIsr_2023111301172_23
...
040 (1970713.000.000) 2023-12-14 02:22:54 Finished transferring input files
...
001 (1970713.000.000) 2023-12-14 02:22:54 Job executing on host: <172.24.33.143:42517?CCBID=172.24.33.225:9618%3faddrs%3d172.24.33.225-9618%26alias%3dsdfrome001.sdf.slac.stanford.edu#6220496&PrivNet=sdfrome078.sdf.slac.stanford.edu&addrs=172.24.33.143-42517&alias=sdfrome078.sdf.slac.stanford.edu>
	SlotName: slot_abrought_19079_1_13@sdfrome078.sdf.slac.stanford.edu
...
006 (1970713.000.000) 2023-12-14 02:23:02 Image size of job updated: 349844
	135  -  MemoryUsage of job (MB)
	138132  -  ResidentSetSize of job (KB)
...
006 (1970713.000.000) 2023-12-14 02:23:57 Image size of job updated: 2154176
	135  -  MemoryUsage of job (MB)
	138132  -  ResidentSetSize of job (KB)
...
040 (1970713.000.000) 2023-12-14 02:23:57 Started transferring output files
...
040 (1970713.000.000) 2023-12-14 02:23:57 Finished transferring output files
...
005 (1970713.000.000) 2023-12-14 02:23:57 Job terminated.
	(1) Normal termination (return value 0)
		Usr 0 00:00:34, Sys 0 00:00:09  -  Run Remote Usage
		Usr 0 00:00:00, Sys 0 00:00:00  -  Run Local Usage
		Usr 0 00:00:34, Sys 0 00:00:09  -  Total Remote Usage
		Usr 0 00:00:00, Sys 0 00:00:00  -  Total Local Usage
	18532  -  Run Bytes Sent By Job
	0  -  Run Bytes Received By Job
	18532  -  Total Bytes Sent By Job
	0  -  Total Bytes Received By Job
	Partitionable Resources :    Usage  Request Allocated 
	   Cpus                 :                 1         1 
	   Disk (KB)            :       90        2    312194 
	   Memory (MB)          :      135     2048      2048 

	Job terminated of its own accord at 2023-12-14T10:23:57Z with exit-code 0.
...
