000 (1969871.000.000) 2023-12-14 02:17:13 Job submitted from host: <172.24.33.226:11547?addrs=172.24.33.226-11547&alias=sdfrome002.sdf.slac.stanford.edu>
    DAG Node: 629c9ced-1377-4de3-af1f-cfa5a42c09ae_ptcIsr_2023111101974_23
...
040 (1969871.000.000) 2023-12-14 02:20:11 Finished transferring input files
...
001 (1969871.000.000) 2023-12-14 02:20:12 Job executing on host: <172.24.33.124:39661?CCBID=172.24.33.225:9618%3faddrs%3d172.24.33.225-9618%26alias%3dsdfrome001.sdf.slac.stanford.edu#6220018&PrivNet=sdfrome059.sdf.slac.stanford.edu&addrs=172.24.33.124-39661&alias=sdfrome059.sdf.slac.stanford.edu>
	SlotName: slot_abrought_25802_1_12@sdfrome059.sdf.slac.stanford.edu
...
006 (1969871.000.000) 2023-12-14 02:20:20 Image size of job updated: 27348
	11  -  MemoryUsage of job (MB)
	10788  -  ResidentSetSize of job (KB)
...
006 (1969871.000.000) 2023-12-14 02:21:14 Image size of job updated: 1981148
	11  -  MemoryUsage of job (MB)
	10788  -  ResidentSetSize of job (KB)
...
040 (1969871.000.000) 2023-12-14 02:21:14 Started transferring output files
...
040 (1969871.000.000) 2023-12-14 02:21:14 Finished transferring output files
...
005 (1969871.000.000) 2023-12-14 02:21:14 Job terminated.
	(1) Normal termination (return value 0)
		Usr 0 00:00:26, Sys 0 00:00:14  -  Run Remote Usage
		Usr 0 00:00:00, Sys 0 00:00:00  -  Run Local Usage
		Usr 0 00:00:26, Sys 0 00:00:14  -  Total Remote Usage
		Usr 0 00:00:00, Sys 0 00:00:00  -  Total Local Usage
	18532  -  Run Bytes Sent By Job
	0  -  Run Bytes Received By Job
	18532  -  Total Bytes Sent By Job
	0  -  Total Bytes Received By Job
	Partitionable Resources :    Usage  Request Allocated 
	   Cpus                 :                 1         1 
	   Disk (KB)            :       90        2    312194 
	   Memory (MB)          :       11     2048      2048 

	Job terminated of its own accord at 2023-12-14T10:21:14Z with exit-code 0.
...
