000 (1973382.000.000) 2023-12-14 02:17:55 Job submitted from host: <172.24.33.226:11547?addrs=172.24.33.226-11547&alias=sdfrome002.sdf.slac.stanford.edu>
    DAG Node: 75b8236c-7ebb-4808-902e-1ffce3d9df23_ptcIsr_2023111100940_23
...
040 (1973382.000.000) 2023-12-14 02:30:32 Finished transferring input files
...
001 (1973382.000.000) 2023-12-14 02:30:32 Job executing on host: <172.24.48.193:46283?CCBID=172.24.33.225:9618%3faddrs%3d172.24.33.225-9618%26alias%3dsdfrome001.sdf.slac.stanford.edu#6219697&PrivNet=sdfmilan121.sdf.slac.stanford.edu&addrs=172.24.48.193-46283&alias=sdfmilan121.sdf.slac.stanford.edu>
	SlotName: slot_abrought_10210_1_1@sdfmilan121.sdf.slac.stanford.edu
...
006 (1973382.000.000) 2023-12-14 02:30:40 Image size of job updated: 280760
	74  -  MemoryUsage of job (MB)
	75192  -  ResidentSetSize of job (KB)
...
006 (1973382.000.000) 2023-12-14 02:31:33 Image size of job updated: 1999708
	605  -  MemoryUsage of job (MB)
	619068  -  ResidentSetSize of job (KB)
...
040 (1973382.000.000) 2023-12-14 02:31:33 Started transferring output files
...
040 (1973382.000.000) 2023-12-14 02:31:33 Finished transferring output files
...
005 (1973382.000.000) 2023-12-14 02:31:33 Job terminated.
	(1) Normal termination (return value 0)
		Usr 0 00:00:25, Sys 0 00:00:04  -  Run Remote Usage
		Usr 0 00:00:00, Sys 0 00:00:00  -  Run Local Usage
		Usr 0 00:00:25, Sys 0 00:00:04  -  Total Remote Usage
		Usr 0 00:00:00, Sys 0 00:00:00  -  Total Local Usage
	18532  -  Run Bytes Sent By Job
	0  -  Run Bytes Received By Job
	18532  -  Total Bytes Sent By Job
	0  -  Total Bytes Received By Job
	Partitionable Resources :    Usage  Request Allocated 
	   Cpus                 :                 1         1 
	   Disk (KB)            :       90        2    311595 
	   Memory (MB)          :      605     2048      2048 

	Job terminated of its own accord at 2023-12-14T10:31:33Z with exit-code 0.
...
