000 (1973398.000.000) 2023-12-14 02:17:55 Job submitted from host: <172.24.33.226:11547?addrs=172.24.33.226-11547&alias=sdfrome002.sdf.slac.stanford.edu>
    DAG Node: 58991a2c-34e8-4413-8d47-333b10c1eef3_ptcIsr_2023111100873_23
...
040 (1973398.000.000) 2023-12-14 02:30:35 Finished transferring input files
...
001 (1973398.000.000) 2023-12-14 02:30:35 Job executing on host: <172.24.33.124:44469?CCBID=172.24.33.225:9618%3faddrs%3d172.24.33.225-9618%26alias%3dsdfrome001.sdf.slac.stanford.edu#6220017&PrivNet=sdfrome059.sdf.slac.stanford.edu&addrs=172.24.33.124-44469&alias=sdfrome059.sdf.slac.stanford.edu>
	SlotName: slot_abrought_2668_1_20@sdfrome059.sdf.slac.stanford.edu
...
006 (1973398.000.000) 2023-12-14 02:30:44 Image size of job updated: 264192
	58  -  MemoryUsage of job (MB)
	59232  -  ResidentSetSize of job (KB)
...
006 (1973398.000.000) 2023-12-14 02:31:34 Image size of job updated: 2127808
	605  -  MemoryUsage of job (MB)
	618760  -  ResidentSetSize of job (KB)
...
040 (1973398.000.000) 2023-12-14 02:31:34 Started transferring output files
...
040 (1973398.000.000) 2023-12-14 02:31:34 Finished transferring output files
...
005 (1973398.000.000) 2023-12-14 02:31:34 Job terminated.
	(1) Normal termination (return value 0)
		Usr 0 00:00:22, Sys 0 00:00:03  -  Run Remote Usage
		Usr 0 00:00:00, Sys 0 00:00:00  -  Run Local Usage
		Usr 0 00:00:22, Sys 0 00:00:03  -  Total Remote Usage
		Usr 0 00:00:00, Sys 0 00:00:00  -  Total Local Usage
	18802  -  Run Bytes Sent By Job
	0  -  Run Bytes Received By Job
	18802  -  Total Bytes Sent By Job
	0  -  Total Bytes Received By Job
	Partitionable Resources :    Usage  Request Allocated 
	   Cpus                 :                 1         1 
	   Disk (KB)            :       90        2    312194 
	   Memory (MB)          :      605     2048      2048 

	Job terminated of its own accord at 2023-12-14T10:31:34Z with exit-code 0.
...
