000 (1972164.000.000) 2023-12-14 02:17:42 Job submitted from host: <172.24.33.226:11547?addrs=172.24.33.226-11547&alias=sdfrome002.sdf.slac.stanford.edu>
    DAG Node: 9ecbc2ab-9b1d-4898-bc96-b37393e8d88a_ptcIsr_2023111203716_23
...
040 (1972164.000.000) 2023-12-14 02:27:02 Finished transferring input files
...
001 (1972164.000.000) 2023-12-14 02:27:02 Job executing on host: <172.24.33.124:39697?CCBID=172.24.33.225:9618%3faddrs%3d172.24.33.225-9618%26alias%3dsdfrome001.sdf.slac.stanford.edu#6220015&PrivNet=sdfrome059.sdf.slac.stanford.edu&addrs=172.24.33.124-39697&alias=sdfrome059.sdf.slac.stanford.edu>
	SlotName: slot_abrought_7836_1_5@sdfrome059.sdf.slac.stanford.edu
...
006 (1972164.000.000) 2023-12-14 02:27:11 Image size of job updated: 339596
	126  -  MemoryUsage of job (MB)
	128168  -  ResidentSetSize of job (KB)
...
006 (1972164.000.000) 2023-12-14 02:27:54 Image size of job updated: 2028344
	656  -  MemoryUsage of job (MB)
	671628  -  ResidentSetSize of job (KB)
...
040 (1972164.000.000) 2023-12-14 02:27:54 Started transferring output files
...
040 (1972164.000.000) 2023-12-14 02:27:54 Finished transferring output files
...
005 (1972164.000.000) 2023-12-14 02:27:54 Job terminated.
	(1) Normal termination (return value 0)
		Usr 0 00:00:22, Sys 0 00:00:05  -  Run Remote Usage
		Usr 0 00:00:00, Sys 0 00:00:00  -  Run Local Usage
		Usr 0 00:00:22, Sys 0 00:00:05  -  Total Remote Usage
		Usr 0 00:00:00, Sys 0 00:00:00  -  Total Local Usage
	18532  -  Run Bytes Sent By Job
	0  -  Run Bytes Received By Job
	18532  -  Total Bytes Sent By Job
	0  -  Total Bytes Received By Job
	Partitionable Resources :    Usage  Request Allocated 
	   Cpus                 :                 1         1 
	   Disk (KB)            :       90        2    312194 
	   Memory (MB)          :      656     2048      2048 

	Job terminated of its own accord at 2023-12-14T10:27:54Z with exit-code 0.
...
