000 (1972232.000.000) 2023-12-14 02:17:43 Job submitted from host: <172.24.33.226:11547?addrs=172.24.33.226-11547&alias=sdfrome002.sdf.slac.stanford.edu>
    DAG Node: b7a969cc-7af6-4f03-9590-ca1d8e58cd23_ptcIsr_2023111300275_23
...
040 (1972232.000.000) 2023-12-14 02:27:14 Finished transferring input files
...
001 (1972232.000.000) 2023-12-14 02:27:14 Job executing on host: <172.24.33.143:37205?CCBID=172.24.33.225:9618%3faddrs%3d172.24.33.225-9618%26alias%3dsdfrome001.sdf.slac.stanford.edu#6220499&PrivNet=sdfrome078.sdf.slac.stanford.edu&addrs=172.24.33.143-37205&alias=sdfrome078.sdf.slac.stanford.edu>
	SlotName: slot_abrought_7348_1_22@sdfrome078.sdf.slac.stanford.edu
...
006 (1972232.000.000) 2023-12-14 02:27:22 Image size of job updated: 287440
	80  -  MemoryUsage of job (MB)
	81540  -  ResidentSetSize of job (KB)
...
006 (1972232.000.000) 2023-12-14 02:28:18 Image size of job updated: 2193580
	621  -  MemoryUsage of job (MB)
	635612  -  ResidentSetSize of job (KB)
...
040 (1972232.000.000) 2023-12-14 02:28:18 Started transferring output files
...
040 (1972232.000.000) 2023-12-14 02:28:18 Finished transferring output files
...
005 (1972232.000.000) 2023-12-14 02:28:18 Job terminated.
	(1) Normal termination (return value 0)
		Usr 0 00:00:23, Sys 0 00:00:03  -  Run Remote Usage
		Usr 0 00:00:00, Sys 0 00:00:00  -  Run Local Usage
		Usr 0 00:00:23, Sys 0 00:00:03  -  Total Remote Usage
		Usr 0 00:00:00, Sys 0 00:00:00  -  Total Local Usage
	18802  -  Run Bytes Sent By Job
	0  -  Run Bytes Received By Job
	18802  -  Total Bytes Sent By Job
	0  -  Total Bytes Received By Job
	Partitionable Resources :    Usage  Request Allocated 
	   Cpus                 :                 1         1 
	   Disk (KB)            :       90        2    312194 
	   Memory (MB)          :      621     2048      2048 

	Job terminated of its own accord at 2023-12-14T10:28:18Z with exit-code 0.
...
