000 (1970573.000.000) 2023-12-14 02:17:23 Job submitted from host: <172.24.33.226:11547?addrs=172.24.33.226-11547&alias=sdfrome002.sdf.slac.stanford.edu>
    DAG Node: 566badf2-4973-4bd9-bde7-30c930d74bcd_ptcIsr_2023111202003_23
...
040 (1970573.000.000) 2023-12-14 02:22:21 Finished transferring input files
...
001 (1970573.000.000) 2023-12-14 02:22:21 Job executing on host: <172.24.48.185:41489?CCBID=172.24.33.225:9618%3faddrs%3d172.24.33.225-9618%26alias%3dsdfrome001.sdf.slac.stanford.edu#6219699&PrivNet=sdfmilan113.sdf.slac.stanford.edu&addrs=172.24.48.185-41489&alias=sdfmilan113.sdf.slac.stanford.edu>
	SlotName: slot_abrought_18623_1_11@sdfmilan113.sdf.slac.stanford.edu
...
006 (1970573.000.000) 2023-12-14 02:22:30 Image size of job updated: 321016
	111  -  MemoryUsage of job (MB)
	112920  -  ResidentSetSize of job (KB)
...
006 (1970573.000.000) 2023-12-14 02:23:29 Image size of job updated: 2198192
	1415  -  MemoryUsage of job (MB)
	1448416  -  ResidentSetSize of job (KB)
...
040 (1970573.000.000) 2023-12-14 02:23:29 Started transferring output files
...
040 (1970573.000.000) 2023-12-14 02:23:29 Finished transferring output files
...
005 (1970573.000.000) 2023-12-14 02:23:29 Job terminated.
	(1) Normal termination (return value 0)
		Usr 0 00:00:19, Sys 0 00:00:02  -  Run Remote Usage
		Usr 0 00:00:00, Sys 0 00:00:00  -  Run Local Usage
		Usr 0 00:00:19, Sys 0 00:00:02  -  Total Remote Usage
		Usr 0 00:00:00, Sys 0 00:00:00  -  Total Local Usage
	19073  -  Run Bytes Sent By Job
	0  -  Run Bytes Received By Job
	19073  -  Total Bytes Sent By Job
	0  -  Total Bytes Received By Job
	Partitionable Resources :    Usage  Request Allocated 
	   Cpus                 :                 1         1 
	   Disk (KB)            :       91        2    312194 
	   Memory (MB)          :     1415     2048      2048 

	Job terminated of its own accord at 2023-12-14T10:23:29Z with exit-code 0.
...
