000 (1971749.000.000) 2023-12-14 02:17:37 Job submitted from host: <172.24.33.226:11547?addrs=172.24.33.226-11547&alias=sdfrome002.sdf.slac.stanford.edu>
    DAG Node: c104bf9f-aafc-4d1c-a21a-24bdc80d5b7f_ptcIsr_2023111201005_23
...
040 (1971749.000.000) 2023-12-14 02:25:52 Finished transferring input files
...
001 (1971749.000.000) 2023-12-14 02:25:52 Job executing on host: <172.24.33.124:39661?CCBID=172.24.33.225:9618%3faddrs%3d172.24.33.225-9618%26alias%3dsdfrome001.sdf.slac.stanford.edu#6220018&PrivNet=sdfrome059.sdf.slac.stanford.edu&addrs=172.24.33.124-39661&alias=sdfrome059.sdf.slac.stanford.edu>
	SlotName: slot_abrought_25802_1_15@sdfrome059.sdf.slac.stanford.edu
...
006 (1971749.000.000) 2023-12-14 02:26:01 Image size of job updated: 420776
	181  -  MemoryUsage of job (MB)
	185236  -  ResidentSetSize of job (KB)
...
006 (1971749.000.000) 2023-12-14 02:26:35 Image size of job updated: 2104892
	181  -  MemoryUsage of job (MB)
	185236  -  ResidentSetSize of job (KB)
...
040 (1971749.000.000) 2023-12-14 02:26:35 Started transferring output files
...
040 (1971749.000.000) 2023-12-14 02:26:35 Finished transferring output files
...
005 (1971749.000.000) 2023-12-14 02:26:35 Job terminated.
	(1) Normal termination (return value 0)
		Usr 0 00:00:26, Sys 0 00:00:04  -  Run Remote Usage
		Usr 0 00:00:00, Sys 0 00:00:00  -  Run Local Usage
		Usr 0 00:00:26, Sys 0 00:00:04  -  Total Remote Usage
		Usr 0 00:00:00, Sys 0 00:00:00  -  Total Local Usage
	18803  -  Run Bytes Sent By Job
	0  -  Run Bytes Received By Job
	18803  -  Total Bytes Sent By Job
	0  -  Total Bytes Received By Job
	Partitionable Resources :    Usage  Request Allocated 
	   Cpus                 :                 1         1 
	   Disk (KB)            :       90        2    312194 
	   Memory (MB)          :      181     2048      2048 

	Job terminated of its own accord at 2023-12-14T10:26:35Z with exit-code 0.
...
