000 (1972595.000.000) 2023-12-14 02:17:47 Job submitted from host: <172.24.33.226:11547?addrs=172.24.33.226-11547&alias=sdfrome002.sdf.slac.stanford.edu>
    DAG Node: e1570611-104c-4296-8b93-4e52fe4190d9_ptcIsr_2023111202717_23
...
040 (1972595.000.000) 2023-12-14 02:28:21 Finished transferring input files
...
001 (1972595.000.000) 2023-12-14 02:28:21 Job executing on host: <172.24.33.124:44469?CCBID=172.24.33.225:9618%3faddrs%3d172.24.33.225-9618%26alias%3dsdfrome001.sdf.slac.stanford.edu#6220017&PrivNet=sdfrome059.sdf.slac.stanford.edu&addrs=172.24.33.124-44469&alias=sdfrome059.sdf.slac.stanford.edu>
	SlotName: slot_abrought_2668_1_2@sdfrome059.sdf.slac.stanford.edu
...
006 (1972595.000.000) 2023-12-14 02:28:30 Image size of job updated: 304196
	95  -  MemoryUsage of job (MB)
	96572  -  ResidentSetSize of job (KB)
...
006 (1972595.000.000) 2023-12-14 02:29:27 Image size of job updated: 2288384
	620  -  MemoryUsage of job (MB)
	634784  -  ResidentSetSize of job (KB)
...
040 (1972595.000.000) 2023-12-14 02:29:27 Started transferring output files
...
040 (1972595.000.000) 2023-12-14 02:29:27 Finished transferring output files
...
005 (1972595.000.000) 2023-12-14 02:29:27 Job terminated.
	(1) Normal termination (return value 0)
		Usr 0 00:00:22, Sys 0 00:00:05  -  Run Remote Usage
		Usr 0 00:00:00, Sys 0 00:00:00  -  Run Local Usage
		Usr 0 00:00:22, Sys 0 00:00:05  -  Total Remote Usage
		Usr 0 00:00:00, Sys 0 00:00:00  -  Total Local Usage
	19073  -  Run Bytes Sent By Job
	0  -  Run Bytes Received By Job
	19073  -  Total Bytes Sent By Job
	0  -  Total Bytes Received By Job
	Partitionable Resources :    Usage  Request Allocated 
	   Cpus                 :     0.57        1         1 
	   Disk (KB)            :    97           2    312194 
	   Memory (MB)          :   620        2048      2048 

	Job terminated of its own accord at 2023-12-14T10:29:27Z with exit-code 0.
...
