000 (1970032.000.000) 2023-12-14 02:17:17 Job submitted from host: <172.24.33.226:11547?addrs=172.24.33.226-11547&alias=sdfrome002.sdf.slac.stanford.edu>
    DAG Node: ce318f60-4260-4a0a-a83e-d2268412108a_ptcIsr_2023111300200_23
...
040 (1970032.000.000) 2023-12-14 02:20:25 Finished transferring input files
...
001 (1970032.000.000) 2023-12-14 02:20:25 Job executing on host: <172.24.33.147:42953?CCBID=172.24.33.225:9618%3faddrs%3d172.24.33.225-9618%26alias%3dsdfrome001.sdf.slac.stanford.edu#6219703&PrivNet=sdfrome082.sdf.slac.stanford.edu&addrs=172.24.33.147-42953&alias=sdfrome082.sdf.slac.stanford.edu>
	SlotName: slot_abrought_48_1_2@sdfrome082.sdf.slac.stanford.edu
...
006 (1970032.000.000) 2023-12-14 02:20:33 Image size of job updated: 311832
	102  -  MemoryUsage of job (MB)
	104056  -  ResidentSetSize of job (KB)
...
006 (1970032.000.000) 2023-12-14 02:21:10 Image size of job updated: 2066880
	628  -  MemoryUsage of job (MB)
	642224  -  ResidentSetSize of job (KB)
...
040 (1970032.000.000) 2023-12-14 02:21:11 Started transferring output files
...
040 (1970032.000.000) 2023-12-14 02:21:11 Finished transferring output files
...
005 (1970032.000.000) 2023-12-14 02:21:11 Job terminated.
	(1) Normal termination (return value 0)
		Usr 0 00:00:19, Sys 0 00:00:03  -  Run Remote Usage
		Usr 0 00:00:00, Sys 0 00:00:00  -  Run Local Usage
		Usr 0 00:00:19, Sys 0 00:00:03  -  Total Remote Usage
		Usr 0 00:00:00, Sys 0 00:00:00  -  Total Local Usage
	18805  -  Run Bytes Sent By Job
	0  -  Run Bytes Received By Job
	18805  -  Total Bytes Sent By Job
	0  -  Total Bytes Received By Job
	Partitionable Resources :    Usage  Request Allocated 
	   Cpus                 :                 1         1 
	   Disk (KB)            :       90        2    312116 
	   Memory (MB)          :      628     2048      2048 

	Job terminated of its own accord at 2023-12-14T10:21:10Z with exit-code 0.
...
