000 (1971897.000.000) 2023-12-14 02:17:37 Job submitted from host: <172.24.33.226:11547?addrs=172.24.33.226-11547&alias=sdfrome002.sdf.slac.stanford.edu>
    DAG Node: 16703b7c-2e31-482c-9232-09f0161bbb0b_ptcIsr_2023111101915_23
...
040 (1971897.000.000) 2023-12-14 02:26:16 Finished transferring input files
...
001 (1971897.000.000) 2023-12-14 02:26:16 Job executing on host: <172.24.33.143:42517?CCBID=172.24.33.225:9618%3faddrs%3d172.24.33.225-9618%26alias%3dsdfrome001.sdf.slac.stanford.edu#6220496&PrivNet=sdfrome078.sdf.slac.stanford.edu&addrs=172.24.33.143-42517&alias=sdfrome078.sdf.slac.stanford.edu>
	SlotName: slot_abrought_19079_1_2@sdfrome078.sdf.slac.stanford.edu
...
006 (1971897.000.000) 2023-12-14 02:26:24 Image size of job updated: 339604
	126  -  MemoryUsage of job (MB)
	128032  -  ResidentSetSize of job (KB)
...
006 (1971897.000.000) 2023-12-14 02:26:58 Image size of job updated: 2194208
	651  -  MemoryUsage of job (MB)
	665832  -  ResidentSetSize of job (KB)
...
040 (1971897.000.000) 2023-12-14 02:26:58 Started transferring output files
...
040 (1971897.000.000) 2023-12-14 02:26:58 Finished transferring output files
...
005 (1971897.000.000) 2023-12-14 02:26:58 Job terminated.
	(1) Normal termination (return value 0)
		Usr 0 00:00:25, Sys 0 00:00:03  -  Run Remote Usage
		Usr 0 00:00:00, Sys 0 00:00:00  -  Run Local Usage
		Usr 0 00:00:25, Sys 0 00:00:03  -  Total Remote Usage
		Usr 0 00:00:00, Sys 0 00:00:00  -  Total Local Usage
	18803  -  Run Bytes Sent By Job
	0  -  Run Bytes Received By Job
	18803  -  Total Bytes Sent By Job
	0  -  Total Bytes Received By Job
	Partitionable Resources :    Usage  Request Allocated 
	   Cpus                 :                 1         1 
	   Disk (KB)            :       90        2    312194 
	   Memory (MB)          :      651     2048      2048 

	Job terminated of its own accord at 2023-12-14T10:26:58Z with exit-code 0.
...
