000 (1970762.000.000) 2023-12-14 02:17:24 Job submitted from host: <172.24.33.226:11547?addrs=172.24.33.226-11547&alias=sdfrome002.sdf.slac.stanford.edu>
    DAG Node: ab93247e-bf49-4fc2-97b7-20d4fd3484a8_ptcIsr_2023111200950_23
...
040 (1970762.000.000) 2023-12-14 02:23:00 Finished transferring input files
...
001 (1970762.000.000) 2023-12-14 02:23:00 Job executing on host: <172.24.33.124:44469?CCBID=172.24.33.225:9618%3faddrs%3d172.24.33.225-9618%26alias%3dsdfrome001.sdf.slac.stanford.edu#6220017&PrivNet=sdfrome059.sdf.slac.stanford.edu&addrs=172.24.33.124-44469&alias=sdfrome059.sdf.slac.stanford.edu>
	SlotName: slot_abrought_2668_1_23@sdfrome059.sdf.slac.stanford.edu
...
006 (1970762.000.000) 2023-12-14 02:23:09 Image size of job updated: 69764
	11  -  MemoryUsage of job (MB)
	11128  -  ResidentSetSize of job (KB)
...
006 (1970762.000.000) 2023-12-14 02:24:20 Image size of job updated: 2087744
	628  -  MemoryUsage of job (MB)
	643004  -  ResidentSetSize of job (KB)
...
040 (1970762.000.000) 2023-12-14 02:24:20 Started transferring output files
...
040 (1970762.000.000) 2023-12-14 02:24:20 Finished transferring output files
...
005 (1970762.000.000) 2023-12-14 02:24:20 Job terminated.
	(1) Normal termination (return value 0)
		Usr 0 00:00:21, Sys 0 00:00:05  -  Run Remote Usage
		Usr 0 00:00:00, Sys 0 00:00:00  -  Run Local Usage
		Usr 0 00:00:21, Sys 0 00:00:05  -  Total Remote Usage
		Usr 0 00:00:00, Sys 0 00:00:00  -  Total Local Usage
	19073  -  Run Bytes Sent By Job
	0  -  Run Bytes Received By Job
	19073  -  Total Bytes Sent By Job
	0  -  Total Bytes Received By Job
	Partitionable Resources :    Usage  Request Allocated 
	   Cpus                 :     0.95        1         1 
	   Disk (KB)            :    97           2    312194 
	   Memory (MB)          :   628        2048      2048 

	Job terminated of its own accord at 2023-12-14T10:24:20Z with exit-code 0.
...
