000 (1970458.000.000) 2023-12-14 02:17:19 Job submitted from host: <172.24.33.226:11547?addrs=172.24.33.226-11547&alias=sdfrome002.sdf.slac.stanford.edu>
    DAG Node: 68f8f93c-53ff-42f8-a9af-2bae75317ab0_ptcIsr_2023111200458_23
...
040 (1970458.000.000) 2023-12-14 02:22:01 Finished transferring input files
...
001 (1970458.000.000) 2023-12-14 02:22:01 Job executing on host: <172.24.48.149:38613?CCBID=172.24.33.225:9618%3faddrs%3d172.24.33.225-9618%26alias%3dsdfrome001.sdf.slac.stanford.edu#6219698&PrivNet=sdfmilan049.sdf.slac.stanford.edu&addrs=172.24.48.149-38613&alias=sdfmilan049.sdf.slac.stanford.edu>
	SlotName: slot_abrought_1727_1_16@sdfmilan049.sdf.slac.stanford.edu
...
006 (1970458.000.000) 2023-12-14 02:22:09 Image size of job updated: 262880
	58  -  MemoryUsage of job (MB)
	58392  -  ResidentSetSize of job (KB)
...
006 (1970458.000.000) 2023-12-14 02:23:12 Image size of job updated: 2109444
	660  -  MemoryUsage of job (MB)
	674920  -  ResidentSetSize of job (KB)
...
040 (1970458.000.000) 2023-12-14 02:23:12 Started transferring output files
...
040 (1970458.000.000) 2023-12-14 02:23:12 Finished transferring output files
...
005 (1970458.000.000) 2023-12-14 02:23:12 Job terminated.
	(1) Normal termination (return value 0)
		Usr 0 00:00:20, Sys 0 00:00:02  -  Run Remote Usage
		Usr 0 00:00:00, Sys 0 00:00:00  -  Run Local Usage
		Usr 0 00:00:20, Sys 0 00:00:02  -  Total Remote Usage
		Usr 0 00:00:00, Sys 0 00:00:00  -  Total Local Usage
	18802  -  Run Bytes Sent By Job
	0  -  Run Bytes Received By Job
	18802  -  Total Bytes Sent By Job
	0  -  Total Bytes Received By Job
	Partitionable Resources :    Usage  Request Allocated 
	   Cpus                 :                 1         1 
	   Disk (KB)            :       90        2    312194 
	   Memory (MB)          :      660     2048      2048 

	Job terminated of its own accord at 2023-12-14T10:23:12Z with exit-code 0.
...
