000 (1972768.000.000) 2023-12-14 02:17:48 Job submitted from host: <172.24.33.226:11547?addrs=172.24.33.226-11547&alias=sdfrome002.sdf.slac.stanford.edu>
    DAG Node: b0d1ac5d-fd97-4f09-8b55-63b1a1c6ae72_ptcIsr_2023111300764_23
...
040 (1972768.000.000) 2023-12-14 02:29:01 Finished transferring input files
...
001 (1972768.000.000) 2023-12-14 02:29:02 Job executing on host: <172.24.33.124:39697?CCBID=172.24.33.225:9618%3faddrs%3d172.24.33.225-9618%26alias%3dsdfrome001.sdf.slac.stanford.edu#6220015&PrivNet=sdfrome059.sdf.slac.stanford.edu&addrs=172.24.33.124-39697&alias=sdfrome059.sdf.slac.stanford.edu>
	SlotName: slot_abrought_7836_1_5@sdfrome059.sdf.slac.stanford.edu
...
006 (1972768.000.000) 2023-12-14 02:29:10 Image size of job updated: 301164
	92  -  MemoryUsage of job (MB)
	93388  -  ResidentSetSize of job (KB)
...
006 (1972768.000.000) 2023-12-14 02:29:50 Image size of job updated: 2124312
	92  -  MemoryUsage of job (MB)
	93388  -  ResidentSetSize of job (KB)
...
040 (1972768.000.000) 2023-12-14 02:29:50 Started transferring output files
...
040 (1972768.000.000) 2023-12-14 02:29:50 Finished transferring output files
...
005 (1972768.000.000) 2023-12-14 02:29:50 Job terminated.
	(1) Normal termination (return value 0)
		Usr 0 00:00:23, Sys 0 00:00:04  -  Run Remote Usage
		Usr 0 00:00:00, Sys 0 00:00:00  -  Run Local Usage
		Usr 0 00:00:23, Sys 0 00:00:04  -  Total Remote Usage
		Usr 0 00:00:00, Sys 0 00:00:00  -  Total Local Usage
	18532  -  Run Bytes Sent By Job
	0  -  Run Bytes Received By Job
	18532  -  Total Bytes Sent By Job
	0  -  Total Bytes Received By Job
	Partitionable Resources :    Usage  Request Allocated 
	   Cpus                 :     0.34        1         1 
	   Disk (KB)            :    97           2    312194 
	   Memory (MB)          :    92        2048      2048 

	Job terminated of its own accord at 2023-12-14T10:29:50Z with exit-code 0.
...
