000 (1971477.000.000) 2023-12-14 02:17:32 Job submitted from host: <172.24.33.226:11547?addrs=172.24.33.226-11547&alias=sdfrome002.sdf.slac.stanford.edu>
    DAG Node: a69bea41-c253-4f33-90f5-86711575dab1_ptcIsr_2023111200801_23
...
040 (1971477.000.000) 2023-12-14 02:25:11 Finished transferring input files
...
001 (1971477.000.000) 2023-12-14 02:25:11 Job executing on host: <172.24.33.124:33703?CCBID=172.24.33.225:9618%3faddrs%3d172.24.33.225-9618%26alias%3dsdfrome001.sdf.slac.stanford.edu#6220014&PrivNet=sdfrome059.sdf.slac.stanford.edu&addrs=172.24.33.124-33703&alias=sdfrome059.sdf.slac.stanford.edu>
	SlotName: slot_abrought_11420_1_5@sdfrome059.sdf.slac.stanford.edu
...
006 (1971477.000.000) 2023-12-14 02:25:20 Image size of job updated: 69764
	11  -  MemoryUsage of job (MB)
	10552  -  ResidentSetSize of job (KB)
...
006 (1971477.000.000) 2023-12-14 02:29:40 Image size of job updated: 2067392
	11  -  MemoryUsage of job (MB)
	10552  -  ResidentSetSize of job (KB)
...
040 (1971477.000.000) 2023-12-14 02:29:41 Started transferring output files
...
040 (1971477.000.000) 2023-12-14 02:29:41 Finished transferring output files
...
005 (1971477.000.000) 2023-12-14 02:29:41 Job terminated.
	(1) Normal termination (return value 0)
		Usr 0 00:00:19, Sys 0 00:00:04  -  Run Remote Usage
		Usr 0 00:00:00, Sys 0 00:00:00  -  Run Local Usage
		Usr 0 00:00:19, Sys 0 00:00:04  -  Total Remote Usage
		Usr 0 00:00:00, Sys 0 00:00:00  -  Total Local Usage
	18806  -  Run Bytes Sent By Job
	0  -  Run Bytes Received By Job
	18806  -  Total Bytes Sent By Job
	0  -  Total Bytes Received By Job
	Partitionable Resources :    Usage  Request Allocated 
	   Cpus                 :     0.09        1         1 
	   Disk (KB)            :    97           2    312194 
	   Memory (MB)          :    11        2048      2048 

	Job terminated of its own accord at 2023-12-14T10:29:40Z with exit-code 0.
...
