000 (1972103.000.000) 2023-12-14 02:17:42 Job submitted from host: <172.24.33.226:11547?addrs=172.24.33.226-11547&alias=sdfrome002.sdf.slac.stanford.edu>
    DAG Node: 9e632506-59e7-4b68-b3a4-a2528fad6981_ptcIsr_2023111203330_23
...
040 (1972103.000.000) 2023-12-14 02:26:55 Finished transferring input files
...
001 (1972103.000.000) 2023-12-14 02:26:56 Job executing on host: <172.24.33.213:41587?CCBID=172.24.33.225:9618%3faddrs%3d172.24.33.225-9618%26alias%3dsdfrome001.sdf.slac.stanford.edu#6220036&PrivNet=sdfrome022.sdf.slac.stanford.edu&addrs=172.24.33.213-41587&alias=sdfrome022.sdf.slac.stanford.edu>
	SlotName: slot_abrought_5117_1_17@sdfrome022.sdf.slac.stanford.edu
...
006 (1972103.000.000) 2023-12-14 02:27:05 Image size of job updated: 53424
	24  -  MemoryUsage of job (MB)
	23972  -  ResidentSetSize of job (KB)
...
006 (1972103.000.000) 2023-12-14 02:29:56 Image size of job updated: 2193580
	24  -  MemoryUsage of job (MB)
	23972  -  ResidentSetSize of job (KB)
...
040 (1972103.000.000) 2023-12-14 02:29:57 Started transferring output files
...
040 (1972103.000.000) 2023-12-14 02:29:57 Finished transferring output files
...
005 (1972103.000.000) 2023-12-14 02:29:57 Job terminated.
	(1) Normal termination (return value 0)
		Usr 0 00:00:19, Sys 0 00:00:02  -  Run Remote Usage
		Usr 0 00:00:00, Sys 0 00:00:00  -  Run Local Usage
		Usr 0 00:00:19, Sys 0 00:00:02  -  Total Remote Usage
		Usr 0 00:00:00, Sys 0 00:00:00  -  Total Local Usage
	18805  -  Run Bytes Sent By Job
	0  -  Run Bytes Received By Job
	18805  -  Total Bytes Sent By Job
	0  -  Total Bytes Received By Job
	Partitionable Resources :    Usage  Request Allocated 
	   Cpus                 :     0.12        1         1 
	   Disk (KB)            :    97           2    312194 
	   Memory (MB)          :    24        2048      2048 

	Job terminated of its own accord at 2023-12-14T10:29:55Z with exit-code 0.
...
