000 (1971372.000.000) 2023-12-14 02:17:31 Job submitted from host: <172.24.33.226:11547?addrs=172.24.33.226-11547&alias=sdfrome002.sdf.slac.stanford.edu>
    DAG Node: e2551fb8-a550-4dcb-a232-8eba8075dcba_ptcIsr_2023111101845_23
...
040 (1971372.000.000) 2023-12-14 02:24:53 Finished transferring input files
...
001 (1971372.000.000) 2023-12-14 02:24:53 Job executing on host: <172.24.48.193:46283?CCBID=172.24.33.225:9618%3faddrs%3d172.24.33.225-9618%26alias%3dsdfrome001.sdf.slac.stanford.edu#6219697&PrivNet=sdfmilan121.sdf.slac.stanford.edu&addrs=172.24.48.193-46283&alias=sdfmilan121.sdf.slac.stanford.edu>
	SlotName: slot_abrought_10210_1_6@sdfmilan121.sdf.slac.stanford.edu
...
006 (1971372.000.000) 2023-12-14 02:25:02 Image size of job updated: 315224
	106  -  MemoryUsage of job (MB)
	107636  -  ResidentSetSize of job (KB)
...
006 (1971372.000.000) 2023-12-14 02:25:49 Image size of job updated: 2175216
	628  -  MemoryUsage of job (MB)
	642820  -  ResidentSetSize of job (KB)
...
040 (1971372.000.000) 2023-12-14 02:25:49 Started transferring output files
...
040 (1971372.000.000) 2023-12-14 02:25:49 Finished transferring output files
...
005 (1971372.000.000) 2023-12-14 02:25:49 Job terminated.
	(1) Normal termination (return value 0)
		Usr 0 00:00:24, Sys 0 00:00:03  -  Run Remote Usage
		Usr 0 00:00:00, Sys 0 00:00:00  -  Run Local Usage
		Usr 0 00:00:24, Sys 0 00:00:03  -  Total Remote Usage
		Usr 0 00:00:00, Sys 0 00:00:00  -  Total Local Usage
	19073  -  Run Bytes Sent By Job
	0  -  Run Bytes Received By Job
	19073  -  Total Bytes Sent By Job
	0  -  Total Bytes Received By Job
	Partitionable Resources :    Usage  Request Allocated 
	   Cpus                 :                 1         1 
	   Disk (KB)            :       91        2    311595 
	   Memory (MB)          :      628     2048      2048 

	Job terminated of its own accord at 2023-12-14T10:25:49Z with exit-code 0.
...
