000 (1970225.000.000) 2023-12-14 02:17:18 Job submitted from host: <172.24.33.226:11547?addrs=172.24.33.226-11547&alias=sdfrome002.sdf.slac.stanford.edu>
    DAG Node: 8fb2e5e4-94ed-4963-bd07-0b7eb6723e56_ptcIsr_2023111203237_23
...
040 (1970225.000.000) 2023-12-14 02:21:26 Finished transferring input files
...
001 (1970225.000.000) 2023-12-14 02:21:26 Job executing on host: <172.24.33.213:43829?CCBID=172.24.33.225:9618%3faddrs%3d172.24.33.225-9618%26alias%3dsdfrome001.sdf.slac.stanford.edu#6220038&PrivNet=sdfrome022.sdf.slac.stanford.edu&addrs=172.24.33.213-43829&alias=sdfrome022.sdf.slac.stanford.edu>
	SlotName: slot_abrought_31850_1_18@sdfrome022.sdf.slac.stanford.edu
...
006 (1970225.000.000) 2023-12-14 02:21:35 Image size of job updated: 351364
	138  -  MemoryUsage of job (MB)
	140476  -  ResidentSetSize of job (KB)
...
006 (1970225.000.000) 2023-12-14 02:22:05 Image size of job updated: 1928412
	645  -  MemoryUsage of job (MB)
	659780  -  ResidentSetSize of job (KB)
...
040 (1970225.000.000) 2023-12-14 02:22:06 Started transferring output files
...
040 (1970225.000.000) 2023-12-14 02:22:06 Finished transferring output files
...
005 (1970225.000.000) 2023-12-14 02:22:07 Job terminated.
	(1) Normal termination (return value 0)
		Usr 0 00:00:19, Sys 0 00:00:05  -  Run Remote Usage
		Usr 0 00:00:00, Sys 0 00:00:00  -  Run Local Usage
		Usr 0 00:00:19, Sys 0 00:00:05  -  Total Remote Usage
		Usr 0 00:00:00, Sys 0 00:00:00  -  Total Local Usage
	18804  -  Run Bytes Sent By Job
	0  -  Run Bytes Received By Job
	18804  -  Total Bytes Sent By Job
	0  -  Total Bytes Received By Job
	Partitionable Resources :    Usage  Request Allocated 
	   Cpus                 :                 1         1 
	   Disk (KB)            :       90        2    312194 
	   Memory (MB)          :      645     2048      2048 

	Job terminated of its own accord at 2023-12-14T10:22:05Z with exit-code 0.
...
