000 (1970101.000.000) 2023-12-14 02:17:17 Job submitted from host: <172.24.33.226:11547?addrs=172.24.33.226-11547&alias=sdfrome002.sdf.slac.stanford.edu>
    DAG Node: 2529c28f-99e8-416d-a2fd-472ff49665e4_ptcIsr_2023111300027_23
...
040 (1970101.000.000) 2023-12-14 02:20:51 Finished transferring input files
...
001 (1970101.000.000) 2023-12-14 02:20:51 Job executing on host: <172.24.48.193:46283?CCBID=172.24.33.225:9618%3faddrs%3d172.24.33.225-9618%26alias%3dsdfrome001.sdf.slac.stanford.edu#6219697&PrivNet=sdfmilan121.sdf.slac.stanford.edu&addrs=172.24.48.193-46283&alias=sdfmilan121.sdf.slac.stanford.edu>
	SlotName: slot_abrought_10210_1_10@sdfmilan121.sdf.slac.stanford.edu
...
006 (1970101.000.000) 2023-12-14 02:20:59 Image size of job updated: 283164
	76  -  MemoryUsage of job (MB)
	76824  -  ResidentSetSize of job (KB)
...
006 (1970101.000.000) 2023-12-14 02:21:48 Image size of job updated: 2195296
	80  -  MemoryUsage of job (MB)
	81620  -  ResidentSetSize of job (KB)
...
040 (1970101.000.000) 2023-12-14 02:21:49 Started transferring output files
...
040 (1970101.000.000) 2023-12-14 02:21:49 Finished transferring output files
...
005 (1970101.000.000) 2023-12-14 02:21:49 Job terminated.
	(1) Normal termination (return value 0)
		Usr 0 00:00:25, Sys 0 00:00:03  -  Run Remote Usage
		Usr 0 00:00:00, Sys 0 00:00:00  -  Run Local Usage
		Usr 0 00:00:25, Sys 0 00:00:03  -  Total Remote Usage
		Usr 0 00:00:00, Sys 0 00:00:00  -  Total Local Usage
	19074  -  Run Bytes Sent By Job
	0  -  Run Bytes Received By Job
	19074  -  Total Bytes Sent By Job
	0  -  Total Bytes Received By Job
	Partitionable Resources :    Usage  Request Allocated 
	   Cpus                 :     0.93        1         1 
	   Disk (KB)            :    97           2    311595 
	   Memory (MB)          :    80        2048      2048 

	Job terminated of its own accord at 2023-12-14T10:21:48Z with exit-code 0.
...
