000 (1970350.000.000) 2023-12-14 02:17:18 Job submitted from host: <172.24.33.226:11547?addrs=172.24.33.226-11547&alias=sdfrome002.sdf.slac.stanford.edu>
    DAG Node: 4f5ac163-1a04-4e18-ba36-4d928af95120_ptcIsr_2023111200995_23
...
040 (1970350.000.000) 2023-12-14 02:21:33 Finished transferring input files
...
001 (1970350.000.000) 2023-12-14 02:21:33 Job executing on host: <172.24.33.213:41587?CCBID=172.24.33.225:9618%3faddrs%3d172.24.33.225-9618%26alias%3dsdfrome001.sdf.slac.stanford.edu#6220036&PrivNet=sdfrome022.sdf.slac.stanford.edu&addrs=172.24.33.213-41587&alias=sdfrome022.sdf.slac.stanford.edu>
	SlotName: slot_abrought_5117_1_2@sdfrome022.sdf.slac.stanford.edu
...
006 (1970350.000.000) 2023-12-14 02:21:42 Image size of job updated: 2
	5  -  MemoryUsage of job (MB)
	5120  -  ResidentSetSize of job (KB)
...
006 (1970350.000.000) 2023-12-14 02:24:04 Image size of job updated: 2186160
	624  -  MemoryUsage of job (MB)
	638780  -  ResidentSetSize of job (KB)
...
040 (1970350.000.000) 2023-12-14 02:24:04 Started transferring output files
...
040 (1970350.000.000) 2023-12-14 02:24:04 Finished transferring output files
...
005 (1970350.000.000) 2023-12-14 02:24:04 Job terminated.
	(1) Normal termination (return value 0)
		Usr 0 00:00:19, Sys 0 00:00:03  -  Run Remote Usage
		Usr 0 00:00:00, Sys 0 00:00:00  -  Run Local Usage
		Usr 0 00:00:19, Sys 0 00:00:03  -  Total Remote Usage
		Usr 0 00:00:00, Sys 0 00:00:00  -  Total Local Usage
	19073  -  Run Bytes Sent By Job
	0  -  Run Bytes Received By Job
	19073  -  Total Bytes Sent By Job
	0  -  Total Bytes Received By Job
	Partitionable Resources :    Usage  Request Allocated 
	   Cpus                 :                 1         1 
	   Disk (KB)            :       91        2    312194 
	   Memory (MB)          :      624     2048      2048 

	Job terminated of its own accord at 2023-12-14T10:24:04Z with exit-code 0.
...
