000 (1972375.000.000) 2023-12-14 02:17:43 Job submitted from host: <172.24.33.226:11547?addrs=172.24.33.226-11547&alias=sdfrome002.sdf.slac.stanford.edu>
    DAG Node: 5078c8be-589b-498d-8c08-c9ecc36e2985_ptcIsr_2023111200108_23
...
040 (1972375.000.000) 2023-12-14 02:27:42 Finished transferring input files
...
001 (1972375.000.000) 2023-12-14 02:27:42 Job executing on host: <172.24.33.143:42517?CCBID=172.24.33.225:9618%3faddrs%3d172.24.33.225-9618%26alias%3dsdfrome001.sdf.slac.stanford.edu#6220496&PrivNet=sdfrome078.sdf.slac.stanford.edu&addrs=172.24.33.143-42517&alias=sdfrome078.sdf.slac.stanford.edu>
	SlotName: slot_abrought_19079_1_17@sdfrome078.sdf.slac.stanford.edu
...
006 (1972375.000.000) 2023-12-14 02:27:51 Image size of job updated: 407460
	170  -  MemoryUsage of job (MB)
	173196  -  ResidentSetSize of job (KB)
...
006 (1972375.000.000) 2023-12-14 02:28:24 Image size of job updated: 2173468
	612  -  MemoryUsage of job (MB)
	625788  -  ResidentSetSize of job (KB)
...
040 (1972375.000.000) 2023-12-14 02:28:25 Started transferring output files
...
040 (1972375.000.000) 2023-12-14 02:28:25 Finished transferring output files
...
005 (1972375.000.000) 2023-12-14 02:28:25 Job terminated.
	(1) Normal termination (return value 0)
		Usr 0 00:00:25, Sys 0 00:00:03  -  Run Remote Usage
		Usr 0 00:00:00, Sys 0 00:00:00  -  Run Local Usage
		Usr 0 00:00:25, Sys 0 00:00:03  -  Total Remote Usage
		Usr 0 00:00:00, Sys 0 00:00:00  -  Total Local Usage
	19073  -  Run Bytes Sent By Job
	0  -  Run Bytes Received By Job
	19073  -  Total Bytes Sent By Job
	0  -  Total Bytes Received By Job
	Partitionable Resources :    Usage  Request Allocated 
	   Cpus                 :                 1         1 
	   Disk (KB)            :       91        2    312194 
	   Memory (MB)          :      612     2048      2048 

	Job terminated of its own accord at 2023-12-14T10:28:24Z with exit-code 0.
...
