000 (1973385.000.000) 2023-12-14 02:17:55 Job submitted from host: <172.24.33.226:11547?addrs=172.24.33.226-11547&alias=sdfrome002.sdf.slac.stanford.edu>
    DAG Node: c1f83f3c-4872-4c23-80ec-14ab4539ee43_ptcIsr_2023111102041_23
...
040 (1973385.000.000) 2023-12-14 02:30:33 Finished transferring input files
...
001 (1973385.000.000) 2023-12-14 02:30:33 Job executing on host: <172.24.33.213:41467?CCBID=172.24.33.225:9618%3faddrs%3d172.24.33.225-9618%26alias%3dsdfrome001.sdf.slac.stanford.edu#6220037&PrivNet=sdfrome022.sdf.slac.stanford.edu&addrs=172.24.33.213-41467&alias=sdfrome022.sdf.slac.stanford.edu>
	SlotName: slot_abrought_435_1_10@sdfrome022.sdf.slac.stanford.edu
...
006 (1973385.000.000) 2023-12-14 02:30:41 Image size of job updated: 280760
	74  -  MemoryUsage of job (MB)
	74808  -  ResidentSetSize of job (KB)
...
006 (1973385.000.000) 2023-12-14 02:31:27 Image size of job updated: 2057816
	622  -  MemoryUsage of job (MB)
	636460  -  ResidentSetSize of job (KB)
...
040 (1973385.000.000) 2023-12-14 02:31:27 Started transferring output files
...
040 (1973385.000.000) 2023-12-14 02:31:27 Finished transferring output files
...
005 (1973385.000.000) 2023-12-14 02:31:27 Job terminated.
	(1) Normal termination (return value 0)
		Usr 0 00:00:25, Sys 0 00:00:04  -  Run Remote Usage
		Usr 0 00:00:00, Sys 0 00:00:00  -  Run Local Usage
		Usr 0 00:00:25, Sys 0 00:00:04  -  Total Remote Usage
		Usr 0 00:00:00, Sys 0 00:00:00  -  Total Local Usage
	18803  -  Run Bytes Sent By Job
	0  -  Run Bytes Received By Job
	18803  -  Total Bytes Sent By Job
	0  -  Total Bytes Received By Job
	Partitionable Resources :    Usage  Request Allocated 
	   Cpus                 :                 1         1 
	   Disk (KB)            :       90        2    312194 
	   Memory (MB)          :      622     2048      2048 

	Job terminated of its own accord at 2023-12-14T10:31:27Z with exit-code 0.
...
