000 (1969665.000.000) 2023-12-14 02:17:11 Job submitted from host: <172.24.33.226:11547?addrs=172.24.33.226-11547&alias=sdfrome002.sdf.slac.stanford.edu>
    DAG Node: f00f73c8-3e88-42f4-bca1-3db789813c90_ptcIsr_2023110800594_23
...
040 (1969665.000.000) 2023-12-14 02:19:26 Finished transferring input files
...
001 (1969665.000.000) 2023-12-14 02:19:26 Job executing on host: <172.24.48.193:46283?CCBID=172.24.33.225:9618%3faddrs%3d172.24.33.225-9618%26alias%3dsdfrome001.sdf.slac.stanford.edu#6219697&PrivNet=sdfmilan121.sdf.slac.stanford.edu&addrs=172.24.48.193-46283&alias=sdfmilan121.sdf.slac.stanford.edu>
	SlotName: slot_abrought_10210_1_15@sdfmilan121.sdf.slac.stanford.edu
...
006 (1969665.000.000) 2023-12-14 02:19:35 Image size of job updated: 264680
	59  -  MemoryUsage of job (MB)
	59684  -  ResidentSetSize of job (KB)
...
006 (1969665.000.000) 2023-12-14 02:20:19 Image size of job updated: 2197808
	662  -  MemoryUsage of job (MB)
	677128  -  ResidentSetSize of job (KB)
...
040 (1969665.000.000) 2023-12-14 02:20:19 Started transferring output files
...
040 (1969665.000.000) 2023-12-14 02:20:19 Finished transferring output files
...
005 (1969665.000.000) 2023-12-14 02:20:19 Job terminated.
	(1) Normal termination (return value 0)
		Usr 0 00:00:24, Sys 0 00:00:03  -  Run Remote Usage
		Usr 0 00:00:00, Sys 0 00:00:00  -  Run Local Usage
		Usr 0 00:00:24, Sys 0 00:00:03  -  Total Remote Usage
		Usr 0 00:00:00, Sys 0 00:00:00  -  Total Local Usage
	19072  -  Run Bytes Sent By Job
	0  -  Run Bytes Received By Job
	19072  -  Total Bytes Sent By Job
	0  -  Total Bytes Received By Job
	Partitionable Resources :    Usage  Request Allocated 
	   Cpus                 :                 1         1 
	   Disk (KB)            :       91        2    311595 
	   Memory (MB)          :      662     2048      2048 

	Job terminated of its own accord at 2023-12-14T10:20:19Z with exit-code 0.
...
