000 (1970967.000.000) 2023-12-14 02:17:25 Job submitted from host: <172.24.33.226:11547?addrs=172.24.33.226-11547&alias=sdfrome002.sdf.slac.stanford.edu>
    DAG Node: b86e2842-3e53-4eb6-97ba-857adc43bda9_ptcIsr_2023111201091_23
...
040 (1970967.000.000) 2023-12-14 02:23:41 Finished transferring input files
...
001 (1970967.000.000) 2023-12-14 02:23:41 Job executing on host: <172.24.33.213:41467?CCBID=172.24.33.225:9618%3faddrs%3d172.24.33.225-9618%26alias%3dsdfrome001.sdf.slac.stanford.edu#6220037&PrivNet=sdfrome022.sdf.slac.stanford.edu&addrs=172.24.33.213-41467&alias=sdfrome022.sdf.slac.stanford.edu>
	SlotName: slot_abrought_435_1_21@sdfrome022.sdf.slac.stanford.edu
...
006 (1970967.000.000) 2023-12-14 02:23:50 Image size of job updated: 277364
	71  -  MemoryUsage of job (MB)
	72536  -  ResidentSetSize of job (KB)
...
006 (1970967.000.000) 2023-12-14 02:24:38 Image size of job updated: 2144976
	631  -  MemoryUsage of job (MB)
	645356  -  ResidentSetSize of job (KB)
...
040 (1970967.000.000) 2023-12-14 02:24:38 Started transferring output files
...
040 (1970967.000.000) 2023-12-14 02:24:38 Finished transferring output files
...
005 (1970967.000.000) 2023-12-14 02:24:38 Job terminated.
	(1) Normal termination (return value 0)
		Usr 0 00:00:23, Sys 0 00:00:03  -  Run Remote Usage
		Usr 0 00:00:00, Sys 0 00:00:00  -  Run Local Usage
		Usr 0 00:00:23, Sys 0 00:00:03  -  Total Remote Usage
		Usr 0 00:00:00, Sys 0 00:00:00  -  Total Local Usage
	18805  -  Run Bytes Sent By Job
	0  -  Run Bytes Received By Job
	18805  -  Total Bytes Sent By Job
	0  -  Total Bytes Received By Job
	Partitionable Resources :    Usage  Request Allocated 
	   Cpus                 :     0.07        1         1 
	   Disk (KB)            :    97           2    312194 
	   Memory (MB)          :   631        2048      2048 

	Job terminated of its own accord at 2023-12-14T10:24:38Z with exit-code 0.
...
