000 (1970429.000.000) 2023-12-14 02:17:19 Job submitted from host: <172.24.33.226:11547?addrs=172.24.33.226-11547&alias=sdfrome002.sdf.slac.stanford.edu>
    DAG Node: 7d11b280-9fe0-4378-9539-b1afe72ec67e_ptcIsr_2023111200389_23
...
040 (1970429.000.000) 2023-12-14 02:21:53 Finished transferring input files
...
001 (1970429.000.000) 2023-12-14 02:21:53 Job executing on host: <172.24.33.143:42517?CCBID=172.24.33.225:9618%3faddrs%3d172.24.33.225-9618%26alias%3dsdfrome001.sdf.slac.stanford.edu#6220496&PrivNet=sdfrome078.sdf.slac.stanford.edu&addrs=172.24.33.143-42517&alias=sdfrome078.sdf.slac.stanford.edu>
	SlotName: slot_abrought_19079_1_14@sdfrome078.sdf.slac.stanford.edu
...
006 (1970429.000.000) 2023-12-14 02:22:02 Image size of job updated: 664392
	295  -  MemoryUsage of job (MB)
	301396  -  ResidentSetSize of job (KB)
...
006 (1970429.000.000) 2023-12-14 02:22:49 Image size of job updated: 2084452
	623  -  MemoryUsage of job (MB)
	637832  -  ResidentSetSize of job (KB)
...
040 (1970429.000.000) 2023-12-14 02:22:49 Started transferring output files
...
040 (1970429.000.000) 2023-12-14 02:22:49 Finished transferring output files
...
005 (1970429.000.000) 2023-12-14 02:22:49 Job terminated.
	(1) Normal termination (return value 0)
		Usr 0 00:00:29, Sys 0 00:00:07  -  Run Remote Usage
		Usr 0 00:00:00, Sys 0 00:00:00  -  Run Local Usage
		Usr 0 00:00:29, Sys 0 00:00:07  -  Total Remote Usage
		Usr 0 00:00:00, Sys 0 00:00:00  -  Total Local Usage
	19073  -  Run Bytes Sent By Job
	0  -  Run Bytes Received By Job
	19073  -  Total Bytes Sent By Job
	0  -  Total Bytes Received By Job
	Partitionable Resources :    Usage  Request Allocated 
	   Cpus                 :                 1         1 
	   Disk (KB)            :       91        2    312194 
	   Memory (MB)          :      623     2048      2048 

	Job terminated of its own accord at 2023-12-14T10:22:49Z with exit-code 0.
...
