000 (1971063.000.000) 2023-12-14 02:17:29 Job submitted from host: <172.24.33.226:11547?addrs=172.24.33.226-11547&alias=sdfrome002.sdf.slac.stanford.edu>
    DAG Node: b6434d9d-42d4-46a4-ab7e-2fe08870763c_ptcIsr_2023111201343_23
...
040 (1971063.000.000) 2023-12-14 02:23:57 Finished transferring input files
...
001 (1971063.000.000) 2023-12-14 02:23:57 Job executing on host: <172.24.33.213:41587?CCBID=172.24.33.225:9618%3faddrs%3d172.24.33.225-9618%26alias%3dsdfrome001.sdf.slac.stanford.edu#6220036&PrivNet=sdfrome022.sdf.slac.stanford.edu&addrs=172.24.33.213-41587&alias=sdfrome022.sdf.slac.stanford.edu>
	SlotName: slot_abrought_5117_1_13@sdfrome022.sdf.slac.stanford.edu
...
006 (1971063.000.000) 2023-12-14 02:24:06 Image size of job updated: 264500
	58  -  MemoryUsage of job (MB)
	59248  -  ResidentSetSize of job (KB)
...
006 (1971063.000.000) 2023-12-14 02:26:59 Image size of job updated: 2118904
	58  -  MemoryUsage of job (MB)
	59248  -  ResidentSetSize of job (KB)
...
040 (1971063.000.000) 2023-12-14 02:27:00 Started transferring output files
...
040 (1971063.000.000) 2023-12-14 02:27:00 Finished transferring output files
...
005 (1971063.000.000) 2023-12-14 02:27:02 Job terminated.
	(1) Normal termination (return value 0)
		Usr 0 00:00:19, Sys 0 00:00:02  -  Run Remote Usage
		Usr 0 00:00:00, Sys 0 00:00:00  -  Run Local Usage
		Usr 0 00:00:19, Sys 0 00:00:02  -  Total Remote Usage
		Usr 0 00:00:00, Sys 0 00:00:00  -  Total Local Usage
	19074  -  Run Bytes Sent By Job
	0  -  Run Bytes Received By Job
	19074  -  Total Bytes Sent By Job
	0  -  Total Bytes Received By Job
	Partitionable Resources :    Usage  Request Allocated 
	   Cpus                 :     0.11        1         1 
	   Disk (KB)            :    97           2    312194 
	   Memory (MB)          :    58        2048      2048 

	Job terminated of its own accord at 2023-12-14T10:26:59Z with exit-code 0.
...
