000 (1971666.000.000) 2023-12-14 02:17:36 Job submitted from host: <172.24.33.226:11547?addrs=172.24.33.226-11547&alias=sdfrome002.sdf.slac.stanford.edu>
    DAG Node: 430bbb01-cfcc-453a-bf1c-27c3a0587aca_ptcIsr_2023111202519_23
...
040 (1971666.000.000) 2023-12-14 02:25:35 Finished transferring input files
...
001 (1971666.000.000) 2023-12-14 02:25:35 Job executing on host: <172.24.33.124:44469?CCBID=172.24.33.225:9618%3faddrs%3d172.24.33.225-9618%26alias%3dsdfrome001.sdf.slac.stanford.edu#6220017&PrivNet=sdfrome059.sdf.slac.stanford.edu&addrs=172.24.33.124-44469&alias=sdfrome059.sdf.slac.stanford.edu>
	SlotName: slot_abrought_2668_1_21@sdfrome059.sdf.slac.stanford.edu
...
006 (1971666.000.000) 2023-12-14 02:25:43 Image size of job updated: 34560
	19  -  MemoryUsage of job (MB)
	18580  -  ResidentSetSize of job (KB)
...
006 (1971666.000.000) 2023-12-14 02:26:38 Image size of job updated: 2110516
	19  -  MemoryUsage of job (MB)
	18580  -  ResidentSetSize of job (KB)
...
040 (1971666.000.000) 2023-12-14 02:26:39 Started transferring output files
...
040 (1971666.000.000) 2023-12-14 02:26:39 Finished transferring output files
...
005 (1971666.000.000) 2023-12-14 02:26:39 Job terminated.
	(1) Normal termination (return value 0)
		Usr 0 00:00:19, Sys 0 00:00:04  -  Run Remote Usage
		Usr 0 00:00:00, Sys 0 00:00:00  -  Run Local Usage
		Usr 0 00:00:19, Sys 0 00:00:04  -  Total Remote Usage
		Usr 0 00:00:00, Sys 0 00:00:00  -  Total Local Usage
	18804  -  Run Bytes Sent By Job
	0  -  Run Bytes Received By Job
	18804  -  Total Bytes Sent By Job
	0  -  Total Bytes Received By Job
	Partitionable Resources :    Usage  Request Allocated 
	   Cpus                 :                 1         1 
	   Disk (KB)            :       90        2    312194 
	   Memory (MB)          :       19     2048      2048 

	Job terminated of its own accord at 2023-12-14T10:26:38Z with exit-code 0.
...
