000 (1970741.000.000) 2023-12-14 02:17:24 Job submitted from host: <172.24.33.226:11547?addrs=172.24.33.226-11547&alias=sdfrome002.sdf.slac.stanford.edu>
    DAG Node: 7360e3af-8e90-4935-83a2-b618b30000e6_ptcIsr_2023111203104_23
...
040 (1970741.000.000) 2023-12-14 02:22:57 Finished transferring input files
...
001 (1970741.000.000) 2023-12-14 02:22:57 Job executing on host: <172.24.33.143:42517?CCBID=172.24.33.225:9618%3faddrs%3d172.24.33.225-9618%26alias%3dsdfrome001.sdf.slac.stanford.edu#6220496&PrivNet=sdfrome078.sdf.slac.stanford.edu&addrs=172.24.33.143-42517&alias=sdfrome078.sdf.slac.stanford.edu>
	SlotName: slot_abrought_19079_1_19@sdfrome078.sdf.slac.stanford.edu
...
006 (1970741.000.000) 2023-12-14 02:23:05 Image size of job updated: 60764
	32  -  MemoryUsage of job (MB)
	32068  -  ResidentSetSize of job (KB)
...
006 (1970741.000.000) 2023-12-14 02:24:00 Image size of job updated: 2106208
	32  -  MemoryUsage of job (MB)
	32068  -  ResidentSetSize of job (KB)
...
040 (1970741.000.000) 2023-12-14 02:24:00 Started transferring output files
...
040 (1970741.000.000) 2023-12-14 02:24:00 Finished transferring output files
...
005 (1970741.000.000) 2023-12-14 02:24:01 Job terminated.
	(1) Normal termination (return value 0)
		Usr 0 00:00:29, Sys 0 00:00:07  -  Run Remote Usage
		Usr 0 00:00:00, Sys 0 00:00:00  -  Run Local Usage
		Usr 0 00:00:29, Sys 0 00:00:07  -  Total Remote Usage
		Usr 0 00:00:00, Sys 0 00:00:00  -  Total Local Usage
	18806  -  Run Bytes Sent By Job
	0  -  Run Bytes Received By Job
	18806  -  Total Bytes Sent By Job
	0  -  Total Bytes Received By Job
	Partitionable Resources :    Usage  Request Allocated 
	   Cpus                 :                 1         1 
	   Disk (KB)            :       90        2    312194 
	   Memory (MB)          :       32     2048      2048 

	Job terminated of its own accord at 2023-12-14T10:24:00Z with exit-code 0.
...
