000 (1971788.000.000) 2023-12-14 02:17:37 Job submitted from host: <172.24.33.226:11547?addrs=172.24.33.226-11547&alias=sdfrome002.sdf.slac.stanford.edu>
    DAG Node: 8b7c79ca-8939-4c1a-b13b-74837d6cabcd_ptcIsr_2023111200623_23
...
040 (1971788.000.000) 2023-12-14 02:25:58 Finished transferring input files
...
001 (1971788.000.000) 2023-12-14 02:25:58 Job executing on host: <172.24.33.124:39661?CCBID=172.24.33.225:9618%3faddrs%3d172.24.33.225-9618%26alias%3dsdfrome001.sdf.slac.stanford.edu#6220018&PrivNet=sdfrome059.sdf.slac.stanford.edu&addrs=172.24.33.124-39661&alias=sdfrome059.sdf.slac.stanford.edu>
	SlotName: slot_abrought_25802_1_19@sdfrome059.sdf.slac.stanford.edu
...
006 (1971788.000.000) 2023-12-14 02:26:07 Image size of job updated: 434144
	188  -  MemoryUsage of job (MB)
	192020  -  ResidentSetSize of job (KB)
...
006 (1971788.000.000) 2023-12-14 02:26:45 Image size of job updated: 2221656
	610  -  MemoryUsage of job (MB)
	624212  -  ResidentSetSize of job (KB)
...
040 (1971788.000.000) 2023-12-14 02:26:45 Started transferring output files
...
040 (1971788.000.000) 2023-12-14 02:26:45 Finished transferring output files
...
005 (1971788.000.000) 2023-12-14 02:26:45 Job terminated.
	(1) Normal termination (return value 0)
		Usr 0 00:00:24, Sys 0 00:00:05  -  Run Remote Usage
		Usr 0 00:00:00, Sys 0 00:00:00  -  Run Local Usage
		Usr 0 00:00:24, Sys 0 00:00:05  -  Total Remote Usage
		Usr 0 00:00:00, Sys 0 00:00:00  -  Total Local Usage
	18802  -  Run Bytes Sent By Job
	0  -  Run Bytes Received By Job
	18802  -  Total Bytes Sent By Job
	0  -  Total Bytes Received By Job
	Partitionable Resources :    Usage  Request Allocated 
	   Cpus                 :                 1         1 
	   Disk (KB)            :       90        2    312194 
	   Memory (MB)          :      610     2048      2048 

	Job terminated of its own accord at 2023-12-14T10:26:45Z with exit-code 0.
...
