000 (1973228.000.000) 2023-12-14 02:17:54 Job submitted from host: <172.24.33.226:11547?addrs=172.24.33.226-11547&alias=sdfrome002.sdf.slac.stanford.edu>
    DAG Node: b2030229-3385-457e-ac47-068325498b4d_ptcIsr_2023111300858_23
...
040 (1973228.000.000) 2023-12-14 02:30:06 Finished transferring input files
...
001 (1973228.000.000) 2023-12-14 02:30:06 Job executing on host: <172.24.33.213:41467?CCBID=172.24.33.225:9618%3faddrs%3d172.24.33.225-9618%26alias%3dsdfrome001.sdf.slac.stanford.edu#6220037&PrivNet=sdfrome022.sdf.slac.stanford.edu&addrs=172.24.33.213-41467&alias=sdfrome022.sdf.slac.stanford.edu>
	SlotName: slot_abrought_435_1_23@sdfrome022.sdf.slac.stanford.edu
...
006 (1973228.000.000) 2023-12-14 02:30:14 Image size of job updated: 57080
	28  -  MemoryUsage of job (MB)
	27748  -  ResidentSetSize of job (KB)
...
006 (1973228.000.000) 2023-12-14 02:31:03 Image size of job updated: 2135576
	80  -  MemoryUsage of job (MB)
	81520  -  ResidentSetSize of job (KB)
...
040 (1973228.000.000) 2023-12-14 02:31:03 Started transferring output files
...
040 (1973228.000.000) 2023-12-14 02:31:03 Finished transferring output files
...
005 (1973228.000.000) 2023-12-14 02:31:03 Job terminated.
	(1) Normal termination (return value 0)
		Usr 0 00:00:23, Sys 0 00:00:04  -  Run Remote Usage
		Usr 0 00:00:00, Sys 0 00:00:00  -  Run Local Usage
		Usr 0 00:00:23, Sys 0 00:00:04  -  Total Remote Usage
		Usr 0 00:00:00, Sys 0 00:00:00  -  Total Local Usage
	19074  -  Run Bytes Sent By Job
	0  -  Run Bytes Received By Job
	19074  -  Total Bytes Sent By Job
	0  -  Total Bytes Received By Job
	Partitionable Resources :    Usage  Request Allocated 
	   Cpus                 :                 1         1 
	   Disk (KB)            :       91        2    312194 
	   Memory (MB)          :       80     2048      2048 

	Job terminated of its own accord at 2023-12-14T10:31:03Z with exit-code 0.
...
