000 (1971785.000.000) 2023-12-14 02:17:37 Job submitted from host: <172.24.33.226:11547?addrs=172.24.33.226-11547&alias=sdfrome002.sdf.slac.stanford.edu>
    DAG Node: 52f19212-219d-4d2a-b859-d60f6ff97359_ptcIsr_2023111200755_23
...
040 (1971785.000.000) 2023-12-14 02:26:00 Finished transferring input files
...
001 (1971785.000.000) 2023-12-14 02:26:00 Job executing on host: <172.24.48.185:41489?CCBID=172.24.33.225:9618%3faddrs%3d172.24.33.225-9618%26alias%3dsdfrome001.sdf.slac.stanford.edu#6219699&PrivNet=sdfmilan113.sdf.slac.stanford.edu&addrs=172.24.48.185-41489&alias=sdfmilan113.sdf.slac.stanford.edu>
	SlotName: slot_abrought_18623_1_13@sdfmilan113.sdf.slac.stanford.edu
...
006 (1971785.000.000) 2023-12-14 02:26:09 Image size of job updated: 290932
	83  -  MemoryUsage of job (MB)
	84656  -  ResidentSetSize of job (KB)
...
006 (1971785.000.000) 2023-12-14 02:27:08 Image size of job updated: 2101936
	1319  -  MemoryUsage of job (MB)
	1350112  -  ResidentSetSize of job (KB)
...
040 (1971785.000.000) 2023-12-14 02:27:08 Started transferring output files
...
040 (1971785.000.000) 2023-12-14 02:27:08 Finished transferring output files
...
005 (1971785.000.000) 2023-12-14 02:27:08 Job terminated.
	(1) Normal termination (return value 0)
		Usr 0 00:00:18, Sys 0 00:00:02  -  Run Remote Usage
		Usr 0 00:00:00, Sys 0 00:00:00  -  Run Local Usage
		Usr 0 00:00:18, Sys 0 00:00:02  -  Total Remote Usage
		Usr 0 00:00:00, Sys 0 00:00:00  -  Total Local Usage
	19073  -  Run Bytes Sent By Job
	0  -  Run Bytes Received By Job
	19073  -  Total Bytes Sent By Job
	0  -  Total Bytes Received By Job
	Partitionable Resources :    Usage  Request Allocated 
	   Cpus                 :     0.17        1         1 
	   Disk (KB)            :    97           2    312194 
	   Memory (MB)          :  1319        2048      2048 

	Job terminated of its own accord at 2023-12-14T10:27:07Z with exit-code 0.
...
