000 (1970368.000.000) 2023-12-14 02:17:18 Job submitted from host: <172.24.33.226:11547?addrs=172.24.33.226-11547&alias=sdfrome002.sdf.slac.stanford.edu>
    DAG Node: 3764d6cd-9438-4da7-8b59-1d1845368448_ptcIsr_2023111101077_23
...
040 (1970368.000.000) 2023-12-14 02:21:36 Finished transferring input files
...
001 (1970368.000.000) 2023-12-14 02:21:36 Job executing on host: <172.24.33.147:42953?CCBID=172.24.33.225:9618%3faddrs%3d172.24.33.225-9618%26alias%3dsdfrome001.sdf.slac.stanford.edu#6219703&PrivNet=sdfrome082.sdf.slac.stanford.edu&addrs=172.24.33.147-42953&alias=sdfrome082.sdf.slac.stanford.edu>
	SlotName: slot_abrought_48_1_15@sdfrome082.sdf.slac.stanford.edu
...
006 (1970368.000.000) 2023-12-14 02:21:45 Image size of job updated: 330668
	118  -  MemoryUsage of job (MB)
	120168  -  ResidentSetSize of job (KB)
...
006 (1970368.000.000) 2023-12-14 02:22:27 Image size of job updated: 1951628
	611  -  MemoryUsage of job (MB)
	625492  -  ResidentSetSize of job (KB)
...
040 (1970368.000.000) 2023-12-14 02:22:27 Started transferring output files
...
040 (1970368.000.000) 2023-12-14 02:22:27 Finished transferring output files
...
005 (1970368.000.000) 2023-12-14 02:22:27 Job terminated.
	(1) Normal termination (return value 0)
		Usr 0 00:00:23, Sys 0 00:00:03  -  Run Remote Usage
		Usr 0 00:00:00, Sys 0 00:00:00  -  Run Local Usage
		Usr 0 00:00:23, Sys 0 00:00:03  -  Total Remote Usage
		Usr 0 00:00:00, Sys 0 00:00:00  -  Total Local Usage
	18532  -  Run Bytes Sent By Job
	0  -  Run Bytes Received By Job
	18532  -  Total Bytes Sent By Job
	0  -  Total Bytes Received By Job
	Partitionable Resources :    Usage  Request Allocated 
	   Cpus                 :     0.02        1         1 
	   Disk (KB)            :    97           2    312116 
	   Memory (MB)          :   611        2048      2048 

	Job terminated of its own accord at 2023-12-14T10:22:27Z with exit-code 0.
...
