000 (1973232.000.000) 2023-12-14 02:17:54 Job submitted from host: <172.24.33.226:11547?addrs=172.24.33.226-11547&alias=sdfrome002.sdf.slac.stanford.edu>
    DAG Node: ca993b3f-958d-4df4-9ef8-9366cc4cffa0_ptcIsr_2023111300347_23
...
040 (1973232.000.000) 2023-12-14 02:30:08 Finished transferring input files
...
001 (1973232.000.000) 2023-12-14 02:30:08 Job executing on host: <172.24.33.124:44469?CCBID=172.24.33.225:9618%3faddrs%3d172.24.33.225-9618%26alias%3dsdfrome001.sdf.slac.stanford.edu#6220017&PrivNet=sdfrome059.sdf.slac.stanford.edu&addrs=172.24.33.124-44469&alias=sdfrome059.sdf.slac.stanford.edu>
	SlotName: slot_abrought_2668_1_19@sdfrome059.sdf.slac.stanford.edu
...
006 (1973232.000.000) 2023-12-14 02:30:18 Image size of job updated: 27348
	11  -  MemoryUsage of job (MB)
	10572  -  ResidentSetSize of job (KB)
...
006 (1973232.000.000) 2023-12-14 02:31:14 Image size of job updated: 2126796
	650  -  MemoryUsage of job (MB)
	665548  -  ResidentSetSize of job (KB)
...
040 (1973232.000.000) 2023-12-14 02:31:15 Started transferring output files
...
040 (1973232.000.000) 2023-12-14 02:31:15 Finished transferring output files
...
005 (1973232.000.000) 2023-12-14 02:31:15 Job terminated.
	(1) Normal termination (return value 0)
		Usr 0 00:00:22, Sys 0 00:00:04  -  Run Remote Usage
		Usr 0 00:00:00, Sys 0 00:00:00  -  Run Local Usage
		Usr 0 00:00:22, Sys 0 00:00:04  -  Total Remote Usage
		Usr 0 00:00:00, Sys 0 00:00:00  -  Total Local Usage
	18531  -  Run Bytes Sent By Job
	0  -  Run Bytes Received By Job
	18531  -  Total Bytes Sent By Job
	0  -  Total Bytes Received By Job
	Partitionable Resources :    Usage  Request Allocated 
	   Cpus                 :                 1         1 
	   Disk (KB)            :       90        2    312194 
	   Memory (MB)          :      650     2048      2048 

	Job terminated of its own accord at 2023-12-14T10:31:14Z with exit-code 0.
...
