000 (1973205.000.000) 2023-12-14 02:17:54 Job submitted from host: <172.24.33.226:11547?addrs=172.24.33.226-11547&alias=sdfrome002.sdf.slac.stanford.edu>
    DAG Node: c38788ac-9765-41d4-aea1-89274e7ae068_ptcIsr_2023111300939_23
...
040 (1973205.000.000) 2023-12-14 02:30:04 Finished transferring input files
...
001 (1973205.000.000) 2023-12-14 02:30:05 Job executing on host: <172.24.33.143:35625?CCBID=172.24.33.225:9618%3faddrs%3d172.24.33.225-9618%26alias%3dsdfrome001.sdf.slac.stanford.edu#6220497&PrivNet=sdfrome078.sdf.slac.stanford.edu&addrs=172.24.33.143-35625&alias=sdfrome078.sdf.slac.stanford.edu>
	SlotName: slot_abrought_7235_1_20@sdfrome078.sdf.slac.stanford.edu
...
006 (1973205.000.000) 2023-12-14 02:30:14 Image size of job updated: 280756
	73  -  MemoryUsage of job (MB)
	74004  -  ResidentSetSize of job (KB)
...
006 (1973205.000.000) 2023-12-14 02:33:45 Image size of job updated: 2203820
	628  -  MemoryUsage of job (MB)
	642272  -  ResidentSetSize of job (KB)
...
040 (1973205.000.000) 2023-12-14 02:33:45 Started transferring output files
...
040 (1973205.000.000) 2023-12-14 02:33:45 Finished transferring output files
...
005 (1973205.000.000) 2023-12-14 02:33:45 Job terminated.
	(1) Normal termination (return value 0)
		Usr 0 00:00:19, Sys 0 00:00:02  -  Run Remote Usage
		Usr 0 00:00:00, Sys 0 00:00:00  -  Run Local Usage
		Usr 0 00:00:19, Sys 0 00:00:02  -  Total Remote Usage
		Usr 0 00:00:00, Sys 0 00:00:00  -  Total Local Usage
	19073  -  Run Bytes Sent By Job
	0  -  Run Bytes Received By Job
	19073  -  Total Bytes Sent By Job
	0  -  Total Bytes Received By Job
	Partitionable Resources :    Usage  Request Allocated 
	   Cpus                 :     0.07        1         1 
	   Disk (KB)            :    97           2    312194 
	   Memory (MB)          :   628        2048      2048 

	Job terminated of its own accord at 2023-12-14T10:33:45Z with exit-code 0.
...
