000 (1973273.000.000) 2023-12-14 02:17:54 Job submitted from host: <172.24.33.226:11547?addrs=172.24.33.226-11547&alias=sdfrome002.sdf.slac.stanford.edu>
    DAG Node: e3508870-65ea-476d-a560-fc841f92cc44_ptcIsr_2023111300068_23
...
040 (1973273.000.000) 2023-12-14 02:30:12 Finished transferring input files
...
001 (1973273.000.000) 2023-12-14 02:30:12 Job executing on host: <172.24.33.143:42517?CCBID=172.24.33.225:9618%3faddrs%3d172.24.33.225-9618%26alias%3dsdfrome001.sdf.slac.stanford.edu#6220496&PrivNet=sdfrome078.sdf.slac.stanford.edu&addrs=172.24.33.143-42517&alias=sdfrome078.sdf.slac.stanford.edu>
	SlotName: slot_abrought_19079_1_14@sdfrome078.sdf.slac.stanford.edu
...
006 (1973273.000.000) 2023-12-14 02:30:21 Image size of job updated: 448528
	197  -  MemoryUsage of job (MB)
	201248  -  ResidentSetSize of job (KB)
...
006 (1973273.000.000) 2023-12-14 02:30:56 Image size of job updated: 2034684
	650  -  MemoryUsage of job (MB)
	664812  -  ResidentSetSize of job (KB)
...
040 (1973273.000.000) 2023-12-14 02:30:56 Started transferring output files
...
040 (1973273.000.000) 2023-12-14 02:30:56 Finished transferring output files
...
005 (1973273.000.000) 2023-12-14 02:30:56 Job terminated.
	(1) Normal termination (return value 0)
		Usr 0 00:00:25, Sys 0 00:00:04  -  Run Remote Usage
		Usr 0 00:00:00, Sys 0 00:00:00  -  Run Local Usage
		Usr 0 00:00:25, Sys 0 00:00:04  -  Total Remote Usage
		Usr 0 00:00:00, Sys 0 00:00:00  -  Total Local Usage
	18531  -  Run Bytes Sent By Job
	0  -  Run Bytes Received By Job
	18531  -  Total Bytes Sent By Job
	0  -  Total Bytes Received By Job
	Partitionable Resources :    Usage  Request Allocated 
	   Cpus                 :     0.98        1         1 
	   Disk (KB)            :    97           2    312194 
	   Memory (MB)          :   650        2048      2048 

	Job terminated of its own accord at 2023-12-14T10:30:56Z with exit-code 0.
...
