000 (1972713.000.000) 2023-12-14 02:17:48 Job submitted from host: <172.24.33.226:11547?addrs=172.24.33.226-11547&alias=sdfrome002.sdf.slac.stanford.edu>
    DAG Node: 98d22b48-c8b4-43f3-8654-b01ab248de72_ptcIsr_2023111300032_23
...
040 (1972713.000.000) 2023-12-14 02:28:48 Finished transferring input files
...
001 (1972713.000.000) 2023-12-14 02:28:48 Job executing on host: <172.24.33.124:39697?CCBID=172.24.33.225:9618%3faddrs%3d172.24.33.225-9618%26alias%3dsdfrome001.sdf.slac.stanford.edu#6220015&PrivNet=sdfrome059.sdf.slac.stanford.edu&addrs=172.24.33.124-39697&alias=sdfrome059.sdf.slac.stanford.edu>
	SlotName: slot_abrought_7836_1_18@sdfrome059.sdf.slac.stanford.edu
...
006 (1972713.000.000) 2023-12-14 02:28:56 Image size of job updated: 31568
	15  -  MemoryUsage of job (MB)
	14840  -  ResidentSetSize of job (KB)
...
006 (1972713.000.000) 2023-12-14 02:29:44 Image size of job updated: 2109368
	654  -  MemoryUsage of job (MB)
	668804  -  ResidentSetSize of job (KB)
...
040 (1972713.000.000) 2023-12-14 02:29:45 Started transferring output files
...
040 (1972713.000.000) 2023-12-14 02:29:45 Finished transferring output files
...
005 (1972713.000.000) 2023-12-14 02:29:45 Job terminated.
	(1) Normal termination (return value 0)
		Usr 0 00:00:21, Sys 0 00:00:03  -  Run Remote Usage
		Usr 0 00:00:00, Sys 0 00:00:00  -  Run Local Usage
		Usr 0 00:00:21, Sys 0 00:00:03  -  Total Remote Usage
		Usr 0 00:00:00, Sys 0 00:00:00  -  Total Local Usage
	18802  -  Run Bytes Sent By Job
	0  -  Run Bytes Received By Job
	18802  -  Total Bytes Sent By Job
	0  -  Total Bytes Received By Job
	Partitionable Resources :    Usage  Request Allocated 
	   Cpus                 :     0.39        1         1 
	   Disk (KB)            :    97           2    312194 
	   Memory (MB)          :   654        2048      2048 

	Job terminated of its own accord at 2023-12-14T10:29:44Z with exit-code 0.
...
