000 (1970182.000.000) 2023-12-14 02:17:18 Job submitted from host: <172.24.33.226:11547?addrs=172.24.33.226-11547&alias=sdfrome002.sdf.slac.stanford.edu>
    DAG Node: c1a547a3-920f-429e-a518-b15db55873ec_ptcIsr_2023111101219_23
...
040 (1970182.000.000) 2023-12-14 02:20:59 Finished transferring input files
...
001 (1970182.000.000) 2023-12-14 02:20:59 Job executing on host: <172.24.48.186:33679?CCBID=172.24.33.225:9618%3faddrs%3d172.24.33.225-9618%26alias%3dsdfrome001.sdf.slac.stanford.edu#6219700&PrivNet=sdfmilan114.sdf.slac.stanford.edu&addrs=172.24.48.186-33679&alias=sdfmilan114.sdf.slac.stanford.edu>
	SlotName: slot_abrought_14493_1_9@sdfmilan114.sdf.slac.stanford.edu
...
006 (1970182.000.000) 2023-12-14 02:21:07 Image size of job updated: 337060
	124  -  MemoryUsage of job (MB)
	126904  -  ResidentSetSize of job (KB)
...
006 (1970182.000.000) 2023-12-14 02:21:58 Image size of job updated: 2029640
	124  -  MemoryUsage of job (MB)
	126904  -  ResidentSetSize of job (KB)
...
040 (1970182.000.000) 2023-12-14 02:21:58 Started transferring output files
...
040 (1970182.000.000) 2023-12-14 02:21:58 Finished transferring output files
...
005 (1970182.000.000) 2023-12-14 02:21:58 Job terminated.
	(1) Normal termination (return value 0)
		Usr 0 00:00:24, Sys 0 00:00:03  -  Run Remote Usage
		Usr 0 00:00:00, Sys 0 00:00:00  -  Run Local Usage
		Usr 0 00:00:24, Sys 0 00:00:03  -  Total Remote Usage
		Usr 0 00:00:00, Sys 0 00:00:00  -  Total Local Usage
	18532  -  Run Bytes Sent By Job
	0  -  Run Bytes Received By Job
	18532  -  Total Bytes Sent By Job
	0  -  Total Bytes Received By Job
	Partitionable Resources :    Usage  Request Allocated 
	   Cpus                 :     0.14        1         1 
	   Disk (KB)            :    97           2    312193 
	   Memory (MB)          :   124        2048      2048 

	Job terminated of its own accord at 2023-12-14T10:21:58Z with exit-code 0.
...
