000 (1969663.000.000) 2023-12-14 02:17:11 Job submitted from host: <172.24.33.226:11547?addrs=172.24.33.226-11547&alias=sdfrome002.sdf.slac.stanford.edu>
    DAG Node: 713d9c09-8862-41e8-aa02-84c006ebe124_ptcIsr_2023111300305_23
...
040 (1969663.000.000) 2023-12-14 02:19:23 Finished transferring input files
...
001 (1969663.000.000) 2023-12-14 02:19:23 Job executing on host: <172.24.48.185:41489?CCBID=172.24.33.225:9618%3faddrs%3d172.24.33.225-9618%26alias%3dsdfrome001.sdf.slac.stanford.edu#6219699&PrivNet=sdfmilan113.sdf.slac.stanford.edu&addrs=172.24.48.185-41489&alias=sdfmilan113.sdf.slac.stanford.edu>
	SlotName: slot_abrought_18623_1_15@sdfmilan113.sdf.slac.stanford.edu
...
006 (1969663.000.000) 2023-12-14 02:19:33 Image size of job updated: 280760
	73  -  MemoryUsage of job (MB)
	74604  -  ResidentSetSize of job (KB)
...
006 (1969663.000.000) 2023-12-14 02:20:36 Image size of job updated: 2127808
	651  -  MemoryUsage of job (MB)
	666156  -  ResidentSetSize of job (KB)
...
040 (1969663.000.000) 2023-12-14 02:20:36 Started transferring output files
...
040 (1969663.000.000) 2023-12-14 02:20:36 Finished transferring output files
...
005 (1969663.000.000) 2023-12-14 02:20:36 Job terminated.
	(1) Normal termination (return value 0)
		Usr 0 00:00:20, Sys 0 00:00:02  -  Run Remote Usage
		Usr 0 00:00:00, Sys 0 00:00:00  -  Run Local Usage
		Usr 0 00:00:20, Sys 0 00:00:02  -  Total Remote Usage
		Usr 0 00:00:00, Sys 0 00:00:00  -  Total Local Usage
	18801  -  Run Bytes Sent By Job
	0  -  Run Bytes Received By Job
	18801  -  Total Bytes Sent By Job
	0  -  Total Bytes Received By Job
	Partitionable Resources :    Usage  Request Allocated 
	   Cpus                 :                 1         1 
	   Disk (KB)            :       90        2    312194 
	   Memory (MB)          :      651     2048      2048 

	Job terminated of its own accord at 2023-12-14T10:20:36Z with exit-code 0.
...
