000 (1970392.000.000) 2023-12-14 02:17:19 Job submitted from host: <172.24.33.226:11547?addrs=172.24.33.226-11547&alias=sdfrome002.sdf.slac.stanford.edu>
    DAG Node: 287f63de-42d5-4011-9fe9-733445e38915_ptcIsr_2023111101977_23
...
040 (1970392.000.000) 2023-12-14 02:21:42 Finished transferring input files
...
001 (1970392.000.000) 2023-12-14 02:21:42 Job executing on host: <172.24.33.213:33037?CCBID=172.24.33.225:9618%3faddrs%3d172.24.33.225-9618%26alias%3dsdfrome001.sdf.slac.stanford.edu#6220039&PrivNet=sdfrome022.sdf.slac.stanford.edu&addrs=172.24.33.213-33037&alias=sdfrome022.sdf.slac.stanford.edu>
	SlotName: slot_abrought_15721_1_22@sdfrome022.sdf.slac.stanford.edu
...
006 (1970392.000.000) 2023-12-14 02:21:51 Image size of job updated: 297580
	89  -  MemoryUsage of job (MB)
	90292  -  ResidentSetSize of job (KB)
...
006 (1970392.000.000) 2023-12-14 02:23:11 Image size of job updated: 2101796
	89  -  MemoryUsage of job (MB)
	90292  -  ResidentSetSize of job (KB)
...
040 (1970392.000.000) 2023-12-14 02:23:11 Started transferring output files
...
040 (1970392.000.000) 2023-12-14 02:23:11 Finished transferring output files
...
005 (1970392.000.000) 2023-12-14 02:23:11 Job terminated.
	(1) Normal termination (return value 0)
		Usr 0 00:00:20, Sys 0 00:00:03  -  Run Remote Usage
		Usr 0 00:00:00, Sys 0 00:00:00  -  Run Local Usage
		Usr 0 00:00:20, Sys 0 00:00:03  -  Total Remote Usage
		Usr 0 00:00:00, Sys 0 00:00:00  -  Total Local Usage
	18802  -  Run Bytes Sent By Job
	0  -  Run Bytes Received By Job
	18802  -  Total Bytes Sent By Job
	0  -  Total Bytes Received By Job
	Partitionable Resources :    Usage  Request Allocated 
	   Cpus                 :                 1         1 
	   Disk (KB)            :       90        2    312194 
	   Memory (MB)          :       89     2048      2048 

	Job terminated of its own accord at 2023-12-14T10:23:11Z with exit-code 0.
...
