000 (1973305.000.000) 2023-12-14 02:17:55 Job submitted from host: <172.24.33.226:11547?addrs=172.24.33.226-11547&alias=sdfrome002.sdf.slac.stanford.edu>
    DAG Node: 29b1a03d-6dd0-4dbb-b5a1-caf48429190a_ptcIsr_2023111101605_23
...
040 (1973305.000.000) 2023-12-14 02:30:18 Finished transferring input files
...
001 (1973305.000.000) 2023-12-14 02:30:18 Job executing on host: <172.24.33.147:42953?CCBID=172.24.33.225:9618%3faddrs%3d172.24.33.225-9618%26alias%3dsdfrome001.sdf.slac.stanford.edu#6219703&PrivNet=sdfrome082.sdf.slac.stanford.edu&addrs=172.24.33.147-42953&alias=sdfrome082.sdf.slac.stanford.edu>
	SlotName: slot_abrought_48_1_14@sdfrome082.sdf.slac.stanford.edu
...
006 (1973305.000.000) 2023-12-14 02:30:27 Image size of job updated: 352920
	138  -  MemoryUsage of job (MB)
	141176  -  ResidentSetSize of job (KB)
...
006 (1973305.000.000) 2023-12-14 02:31:06 Image size of job updated: 2059256
	138  -  MemoryUsage of job (MB)
	141176  -  ResidentSetSize of job (KB)
...
040 (1973305.000.000) 2023-12-14 02:31:06 Started transferring output files
...
040 (1973305.000.000) 2023-12-14 02:31:06 Finished transferring output files
...
005 (1973305.000.000) 2023-12-14 02:31:06 Job terminated.
	(1) Normal termination (return value 0)
		Usr 0 00:00:21, Sys 0 00:00:03  -  Run Remote Usage
		Usr 0 00:00:00, Sys 0 00:00:00  -  Run Local Usage
		Usr 0 00:00:21, Sys 0 00:00:03  -  Total Remote Usage
		Usr 0 00:00:00, Sys 0 00:00:00  -  Total Local Usage
	19073  -  Run Bytes Sent By Job
	0  -  Run Bytes Received By Job
	19073  -  Total Bytes Sent By Job
	0  -  Total Bytes Received By Job
	Partitionable Resources :    Usage  Request Allocated 
	   Cpus                 :                 1         1 
	   Disk (KB)            :       91        2    312116 
	   Memory (MB)          :      138     2048      2048 

	Job terminated of its own accord at 2023-12-14T10:31:06Z with exit-code 0.
...
