000 (1970717.000.000) 2023-12-14 02:17:24 Job submitted from host: <172.24.33.226:11547?addrs=172.24.33.226-11547&alias=sdfrome002.sdf.slac.stanford.edu>
    DAG Node: 6b4529e3-166b-4d58-a53e-c1969c71a7c1_ptcIsr_2023111203072_23
...
040 (1970717.000.000) 2023-12-14 02:22:57 Finished transferring input files
...
001 (1970717.000.000) 2023-12-14 02:22:57 Job executing on host: <172.24.33.213:41467?CCBID=172.24.33.225:9618%3faddrs%3d172.24.33.225-9618%26alias%3dsdfrome001.sdf.slac.stanford.edu#6220037&PrivNet=sdfrome022.sdf.slac.stanford.edu&addrs=172.24.33.213-41467&alias=sdfrome022.sdf.slac.stanford.edu>
	SlotName: slot_abrought_435_1_19@sdfrome022.sdf.slac.stanford.edu
...
006 (1970717.000.000) 2023-12-14 02:23:06 Image size of job updated: 24496
	8  -  MemoryUsage of job (MB)
	7592  -  ResidentSetSize of job (KB)
...
006 (1970717.000.000) 2023-12-14 02:23:58 Image size of job updated: 1902056
	1172  -  MemoryUsage of job (MB)
	1199332  -  ResidentSetSize of job (KB)
...
040 (1970717.000.000) 2023-12-14 02:23:58 Started transferring output files
...
040 (1970717.000.000) 2023-12-14 02:23:58 Finished transferring output files
...
005 (1970717.000.000) 2023-12-14 02:23:58 Job terminated.
	(1) Normal termination (return value 0)
		Usr 0 00:00:10, Sys 0 00:00:02  -  Run Remote Usage
		Usr 0 00:00:00, Sys 0 00:00:00  -  Run Local Usage
		Usr 0 00:00:10, Sys 0 00:00:02  -  Total Remote Usage
		Usr 0 00:00:00, Sys 0 00:00:00  -  Total Local Usage
	18804  -  Run Bytes Sent By Job
	0  -  Run Bytes Received By Job
	18804  -  Total Bytes Sent By Job
	0  -  Total Bytes Received By Job
	Partitionable Resources :    Usage  Request Allocated 
	   Cpus                 :                 1         1 
	   Disk (KB)            :       90        2    312194 
	   Memory (MB)          :     1172     2048      2048 

	Job terminated of its own accord at 2023-12-14T10:23:58Z with exit-code 0.
...
