000 (1970989.000.000) 2023-12-14 02:17:25 Job submitted from host: <172.24.33.226:11547?addrs=172.24.33.226-11547&alias=sdfrome002.sdf.slac.stanford.edu>
    DAG Node: 4bdc1425-0a9a-4138-92b9-aa79e91c69d8_ptcIsr_2023111200582_23
...
040 (1970989.000.000) 2023-12-14 02:23:43 Finished transferring input files
...
001 (1970989.000.000) 2023-12-14 02:23:43 Job executing on host: <172.24.33.124:39661?CCBID=172.24.33.225:9618%3faddrs%3d172.24.33.225-9618%26alias%3dsdfrome001.sdf.slac.stanford.edu#6220018&PrivNet=sdfrome059.sdf.slac.stanford.edu&addrs=172.24.33.124-39661&alias=sdfrome059.sdf.slac.stanford.edu>
	SlotName: slot_abrought_25802_1_19@sdfrome059.sdf.slac.stanford.edu
...
006 (1970989.000.000) 2023-12-14 02:23:52 Image size of job updated: 358812
	144  -  MemoryUsage of job (MB)
	146756  -  ResidentSetSize of job (KB)
...
006 (1970989.000.000) 2023-12-14 02:24:29 Image size of job updated: 2176732
	613  -  MemoryUsage of job (MB)
	626872  -  ResidentSetSize of job (KB)
...
040 (1970989.000.000) 2023-12-14 02:24:29 Started transferring output files
...
040 (1970989.000.000) 2023-12-14 02:24:29 Finished transferring output files
...
005 (1970989.000.000) 2023-12-14 02:24:29 Job terminated.
	(1) Normal termination (return value 0)
		Usr 0 00:00:25, Sys 0 00:00:07  -  Run Remote Usage
		Usr 0 00:00:00, Sys 0 00:00:00  -  Run Local Usage
		Usr 0 00:00:25, Sys 0 00:00:07  -  Total Remote Usage
		Usr 0 00:00:00, Sys 0 00:00:00  -  Total Local Usage
	18805  -  Run Bytes Sent By Job
	0  -  Run Bytes Received By Job
	18805  -  Total Bytes Sent By Job
	0  -  Total Bytes Received By Job
	Partitionable Resources :    Usage  Request Allocated 
	   Cpus                 :     0.98        1         1 
	   Disk (KB)            :    97           2    312194 
	   Memory (MB)          :   613        2048      2048 

	Job terminated of its own accord at 2023-12-14T10:24:29Z with exit-code 0.
...
