000 (1970850.000.000) 2023-12-14 02:17:25 Job submitted from host: <172.24.33.226:11547?addrs=172.24.33.226-11547&alias=sdfrome002.sdf.slac.stanford.edu>
    DAG Node: 92344231-7be5-4cbc-aae8-c495e1dcad0c_ptcIsr_2023111200114_23
...
040 (1970850.000.000) 2023-12-14 02:23:16 Finished transferring input files
...
001 (1970850.000.000) 2023-12-14 02:23:16 Job executing on host: <172.24.48.193:46283?CCBID=172.24.33.225:9618%3faddrs%3d172.24.33.225-9618%26alias%3dsdfrome001.sdf.slac.stanford.edu#6219697&PrivNet=sdfmilan121.sdf.slac.stanford.edu&addrs=172.24.48.193-46283&alias=sdfmilan121.sdf.slac.stanford.edu>
	SlotName: slot_abrought_10210_1_20@sdfmilan121.sdf.slac.stanford.edu
...
006 (1970850.000.000) 2023-12-14 02:23:24 Image size of job updated: 280760
	74  -  MemoryUsage of job (MB)
	74972  -  ResidentSetSize of job (KB)
...
006 (1970850.000.000) 2023-12-14 02:24:13 Image size of job updated: 2023616
	609  -  MemoryUsage of job (MB)
	623016  -  ResidentSetSize of job (KB)
...
040 (1970850.000.000) 2023-12-14 02:24:13 Started transferring output files
...
040 (1970850.000.000) 2023-12-14 02:24:13 Finished transferring output files
...
005 (1970850.000.000) 2023-12-14 02:24:13 Job terminated.
	(1) Normal termination (return value 0)
		Usr 0 00:00:25, Sys 0 00:00:04  -  Run Remote Usage
		Usr 0 00:00:00, Sys 0 00:00:00  -  Run Local Usage
		Usr 0 00:00:25, Sys 0 00:00:04  -  Total Remote Usage
		Usr 0 00:00:00, Sys 0 00:00:00  -  Total Local Usage
	18532  -  Run Bytes Sent By Job
	0  -  Run Bytes Received By Job
	18532  -  Total Bytes Sent By Job
	0  -  Total Bytes Received By Job
	Partitionable Resources :    Usage  Request Allocated 
	   Cpus                 :                 1         1 
	   Disk (KB)            :       90        2    311595 
	   Memory (MB)          :      609     2048      2048 

	Job terminated of its own accord at 2023-12-14T10:24:12Z with exit-code 0.
...
