000 (1972526.000.000) 2023-12-14 02:17:46 Job submitted from host: <172.24.33.226:11547?addrs=172.24.33.226-11547&alias=sdfrome002.sdf.slac.stanford.edu>
    DAG Node: 862b195f-ce58-4e48-80c8-80dd2c672bb5_ptcIsr_2023111201359_23
...
040 (1972526.000.000) 2023-12-14 02:28:10 Finished transferring input files
...
001 (1972526.000.000) 2023-12-14 02:28:10 Job executing on host: <172.24.33.143:37205?CCBID=172.24.33.225:9618%3faddrs%3d172.24.33.225-9618%26alias%3dsdfrome001.sdf.slac.stanford.edu#6220499&PrivNet=sdfrome078.sdf.slac.stanford.edu&addrs=172.24.33.143-37205&alias=sdfrome078.sdf.slac.stanford.edu>
	SlotName: slot_abrought_7348_1_14@sdfrome078.sdf.slac.stanford.edu
...
006 (1972526.000.000) 2023-12-14 02:28:18 Image size of job updated: 307556
	97  -  MemoryUsage of job (MB)
	99204  -  ResidentSetSize of job (KB)
...
006 (1972526.000.000) 2023-12-14 02:29:01 Image size of job updated: 2129924
	652  -  MemoryUsage of job (MB)
	666688  -  ResidentSetSize of job (KB)
...
040 (1972526.000.000) 2023-12-14 02:29:02 Started transferring output files
...
040 (1972526.000.000) 2023-12-14 02:29:02 Finished transferring output files
...
005 (1972526.000.000) 2023-12-14 02:29:02 Job terminated.
	(1) Normal termination (return value 0)
		Usr 0 00:00:21, Sys 0 00:00:03  -  Run Remote Usage
		Usr 0 00:00:00, Sys 0 00:00:00  -  Run Local Usage
		Usr 0 00:00:21, Sys 0 00:00:03  -  Total Remote Usage
		Usr 0 00:00:00, Sys 0 00:00:00  -  Total Local Usage
	18803  -  Run Bytes Sent By Job
	0  -  Run Bytes Received By Job
	18803  -  Total Bytes Sent By Job
	0  -  Total Bytes Received By Job
	Partitionable Resources :    Usage  Request Allocated 
	   Cpus                 :                 1         1 
	   Disk (KB)            :       90        2    312194 
	   Memory (MB)          :      652     2048      2048 

	Job terminated of its own accord at 2023-12-14T10:29:01Z with exit-code 0.
...
