000 (1970105.000.000) 2023-12-14 02:17:17 Job submitted from host: <172.24.33.226:11547?addrs=172.24.33.226-11547&alias=sdfrome002.sdf.slac.stanford.edu>
    DAG Node: c2201e90-1c03-40d0-a1e9-e4b151393ae1_ptcIsr_2023111201496_23
...
040 (1970105.000.000) 2023-12-14 02:20:52 Finished transferring input files
...
001 (1970105.000.000) 2023-12-14 02:20:52 Job executing on host: <172.24.33.147:42953?CCBID=172.24.33.225:9618%3faddrs%3d172.24.33.225-9618%26alias%3dsdfrome001.sdf.slac.stanford.edu#6219703&PrivNet=sdfrome082.sdf.slac.stanford.edu&addrs=172.24.33.147-42953&alias=sdfrome082.sdf.slac.stanford.edu>
	SlotName: slot_abrought_48_1_13@sdfrome082.sdf.slac.stanford.edu
...
006 (1970105.000.000) 2023-12-14 02:21:01 Image size of job updated: 293496
	86  -  MemoryUsage of job (MB)
	87528  -  ResidentSetSize of job (KB)
...
006 (1970105.000.000) 2023-12-14 02:21:39 Image size of job updated: 2054696
	611  -  MemoryUsage of job (MB)
	625512  -  ResidentSetSize of job (KB)
...
040 (1970105.000.000) 2023-12-14 02:21:39 Started transferring output files
...
040 (1970105.000.000) 2023-12-14 02:21:39 Finished transferring output files
...
005 (1970105.000.000) 2023-12-14 02:21:39 Job terminated.
	(1) Normal termination (return value 0)
		Usr 0 00:00:20, Sys 0 00:00:03  -  Run Remote Usage
		Usr 0 00:00:00, Sys 0 00:00:00  -  Run Local Usage
		Usr 0 00:00:20, Sys 0 00:00:03  -  Total Remote Usage
		Usr 0 00:00:00, Sys 0 00:00:00  -  Total Local Usage
	18803  -  Run Bytes Sent By Job
	0  -  Run Bytes Received By Job
	18803  -  Total Bytes Sent By Job
	0  -  Total Bytes Received By Job
	Partitionable Resources :    Usage  Request Allocated 
	   Cpus                 :     0.97        1         1 
	   Disk (KB)            :    97           2    312116 
	   Memory (MB)          :   611        2048      2048 

	Job terminated of its own accord at 2023-12-14T10:21:39Z with exit-code 0.
...
