000 (1972076.000.000) 2023-12-14 02:17:41 Job submitted from host: <172.24.33.226:11547?addrs=172.24.33.226-11547&alias=sdfrome002.sdf.slac.stanford.edu>
    DAG Node: a0d9b11a-953f-4cef-8279-02c72ef8eded_ptcIsr_2023111201757_23
...
040 (1972076.000.000) 2023-12-14 02:26:50 Finished transferring input files
...
001 (1972076.000.000) 2023-12-14 02:26:50 Job executing on host: <172.24.33.147:42953?CCBID=172.24.33.225:9618%3faddrs%3d172.24.33.225-9618%26alias%3dsdfrome001.sdf.slac.stanford.edu#6219703&PrivNet=sdfrome082.sdf.slac.stanford.edu&addrs=172.24.33.147-42953&alias=sdfrome082.sdf.slac.stanford.edu>
	SlotName: slot_abrought_48_1_17@sdfrome082.sdf.slac.stanford.edu
...
006 (1972076.000.000) 2023-12-14 02:26:59 Image size of job updated: 315248
	106  -  MemoryUsage of job (MB)
	107672  -  ResidentSetSize of job (KB)
...
006 (1972076.000.000) 2023-12-14 02:27:40 Image size of job updated: 2117468
	1235  -  MemoryUsage of job (MB)
	1264040  -  ResidentSetSize of job (KB)
...
040 (1972076.000.000) 2023-12-14 02:27:40 Started transferring output files
...
040 (1972076.000.000) 2023-12-14 02:27:40 Finished transferring output files
...
005 (1972076.000.000) 2023-12-14 02:27:40 Job terminated.
	(1) Normal termination (return value 0)
		Usr 0 00:00:18, Sys 0 00:00:03  -  Run Remote Usage
		Usr 0 00:00:00, Sys 0 00:00:00  -  Run Local Usage
		Usr 0 00:00:18, Sys 0 00:00:03  -  Total Remote Usage
		Usr 0 00:00:00, Sys 0 00:00:00  -  Total Local Usage
	19073  -  Run Bytes Sent By Job
	0  -  Run Bytes Received By Job
	19073  -  Total Bytes Sent By Job
	0  -  Total Bytes Received By Job
	Partitionable Resources :    Usage  Request Allocated 
	   Cpus                 :                 1         1 
	   Disk (KB)            :       91        2    312116 
	   Memory (MB)          :     1235     2048      2048 

	Job terminated of its own accord at 2023-12-14T10:27:40Z with exit-code 0.
...
