000 (1973474.000.000) 2023-12-14 02:18:00 Job submitted from host: <172.24.33.226:11547?addrs=172.24.33.226-11547&alias=sdfrome002.sdf.slac.stanford.edu>
    DAG Node: e750c30f-6ad6-4c2c-8b6a-da44786ffe3b_ptcIsr_2023111101233_23
...
040 (1973474.000.000) 2023-12-14 02:30:47 Finished transferring input files
...
001 (1973474.000.000) 2023-12-14 02:30:47 Job executing on host: <172.24.33.124:44469?CCBID=172.24.33.225:9618%3faddrs%3d172.24.33.225-9618%26alias%3dsdfrome001.sdf.slac.stanford.edu#6220017&PrivNet=sdfrome059.sdf.slac.stanford.edu&addrs=172.24.33.124-44469&alias=sdfrome059.sdf.slac.stanford.edu>
	SlotName: slot_abrought_2668_1_1@sdfrome059.sdf.slac.stanford.edu
...
006 (1973474.000.000) 2023-12-14 02:30:56 Image size of job updated: 264192
	58  -  MemoryUsage of job (MB)
	59084  -  ResidentSetSize of job (KB)
...
006 (1973474.000.000) 2023-12-14 02:31:51 Image size of job updated: 2007428
	1278  -  MemoryUsage of job (MB)
	1307980  -  ResidentSetSize of job (KB)
...
040 (1973474.000.000) 2023-12-14 02:31:51 Started transferring output files
...
040 (1973474.000.000) 2023-12-14 02:31:51 Finished transferring output files
...
005 (1973474.000.000) 2023-12-14 02:31:51 Job terminated.
	(1) Normal termination (return value 0)
		Usr 0 00:00:16, Sys 0 00:00:02  -  Run Remote Usage
		Usr 0 00:00:00, Sys 0 00:00:00  -  Run Local Usage
		Usr 0 00:00:16, Sys 0 00:00:02  -  Total Remote Usage
		Usr 0 00:00:00, Sys 0 00:00:00  -  Total Local Usage
	18803  -  Run Bytes Sent By Job
	0  -  Run Bytes Received By Job
	18803  -  Total Bytes Sent By Job
	0  -  Total Bytes Received By Job
	Partitionable Resources :    Usage  Request Allocated 
	   Cpus                 :                 1         1 
	   Disk (KB)            :       90        2    312194 
	   Memory (MB)          :     1278     2048      2048 

	Job terminated of its own accord at 2023-12-14T10:31:51Z with exit-code 0.
...
