000 (1973142.000.000) 2023-12-14 02:17:53 Job submitted from host: <172.24.33.226:11547?addrs=172.24.33.226-11547&alias=sdfrome002.sdf.slac.stanford.edu>
    DAG Node: 10482d5d-dfac-41f4-92aa-087caa8dbfa3_ptcIsr_2023111203278_23
...
040 (1973142.000.000) 2023-12-14 02:29:58 Finished transferring input files
...
001 (1973142.000.000) 2023-12-14 02:29:58 Job executing on host: <172.24.33.213:41467?CCBID=172.24.33.225:9618%3faddrs%3d172.24.33.225-9618%26alias%3dsdfrome001.sdf.slac.stanford.edu#6220037&PrivNet=sdfrome022.sdf.slac.stanford.edu&addrs=172.24.33.213-41467&alias=sdfrome022.sdf.slac.stanford.edu>
	SlotName: slot_abrought_435_1_1@sdfrome022.sdf.slac.stanford.edu
...
006 (1973142.000.000) 2023-12-14 02:30:06 Image size of job updated: 287436
	80  -  MemoryUsage of job (MB)
	81600  -  ResidentSetSize of job (KB)
...
006 (1973142.000.000) 2023-12-14 02:30:52 Image size of job updated: 2069520
	80  -  MemoryUsage of job (MB)
	81600  -  ResidentSetSize of job (KB)
...
040 (1973142.000.000) 2023-12-14 02:30:52 Started transferring output files
...
040 (1973142.000.000) 2023-12-14 02:30:52 Finished transferring output files
...
005 (1973142.000.000) 2023-12-14 02:30:52 Job terminated.
	(1) Normal termination (return value 0)
		Usr 0 00:00:21, Sys 0 00:00:03  -  Run Remote Usage
		Usr 0 00:00:00, Sys 0 00:00:00  -  Run Local Usage
		Usr 0 00:00:21, Sys 0 00:00:03  -  Total Remote Usage
		Usr 0 00:00:00, Sys 0 00:00:00  -  Total Local Usage
	18802  -  Run Bytes Sent By Job
	0  -  Run Bytes Received By Job
	18802  -  Total Bytes Sent By Job
	0  -  Total Bytes Received By Job
	Partitionable Resources :    Usage  Request Allocated 
	   Cpus                 :                 1         1 
	   Disk (KB)            :       90        2    312194 
	   Memory (MB)          :       80     2048      2048 

	Job terminated of its own accord at 2023-12-14T10:30:52Z with exit-code 0.
...
