000 (1970981.000.000) 2023-12-14 02:17:25 Job submitted from host: <172.24.33.226:11547?addrs=172.24.33.226-11547&alias=sdfrome002.sdf.slac.stanford.edu>
    DAG Node: d526c914-a304-445b-8756-42bc01c9e092_ptcIsr_2023111200804_23
...
040 (1970981.000.000) 2023-12-14 02:23:44 Finished transferring input files
...
001 (1970981.000.000) 2023-12-14 02:23:44 Job executing on host: <172.24.33.124:45647?CCBID=172.24.33.225:9618%3faddrs%3d172.24.33.225-9618%26alias%3dsdfrome001.sdf.slac.stanford.edu#6220016&PrivNet=sdfrome059.sdf.slac.stanford.edu&addrs=172.24.33.124-45647&alias=sdfrome059.sdf.slac.stanford.edu>
	SlotName: slot_abrought_13532_1_21@sdfrome059.sdf.slac.stanford.edu
...
006 (1970981.000.000) 2023-12-14 02:23:53 Image size of job updated: 32808
	17  -  MemoryUsage of job (MB)
	16756  -  ResidentSetSize of job (KB)
...
006 (1970981.000.000) 2023-12-14 02:26:55 Image size of job updated: 2076032
	602  -  MemoryUsage of job (MB)
	615512  -  ResidentSetSize of job (KB)
...
040 (1970981.000.000) 2023-12-14 02:26:55 Started transferring output files
...
040 (1970981.000.000) 2023-12-14 02:26:55 Finished transferring output files
...
005 (1970981.000.000) 2023-12-14 02:26:55 Job terminated.
	(1) Normal termination (return value 0)
		Usr 0 00:00:20, Sys 0 00:00:04  -  Run Remote Usage
		Usr 0 00:00:00, Sys 0 00:00:00  -  Run Local Usage
		Usr 0 00:00:20, Sys 0 00:00:04  -  Total Remote Usage
		Usr 0 00:00:00, Sys 0 00:00:00  -  Total Local Usage
	18534  -  Run Bytes Sent By Job
	0  -  Run Bytes Received By Job
	18534  -  Total Bytes Sent By Job
	0  -  Total Bytes Received By Job
	Partitionable Resources :    Usage  Request Allocated 
	   Cpus                 :     0.13        1         1 
	   Disk (KB)            :    97           2    312194 
	   Memory (MB)          :   602        2048      2048 

	Job terminated of its own accord at 2023-12-14T10:26:55Z with exit-code 0.
...
