000 (1970448.000.000) 2023-12-14 02:17:19 Job submitted from host: <172.24.33.226:11547?addrs=172.24.33.226-11547&alias=sdfrome002.sdf.slac.stanford.edu>
    DAG Node: 13401c3b-8a62-4135-afa1-48640c7f6035_ptcIsr_2023111101902_23
...
040 (1970448.000.000) 2023-12-14 02:21:56 Finished transferring input files
...
001 (1970448.000.000) 2023-12-14 02:21:56 Job executing on host: <172.24.48.186:33679?CCBID=172.24.33.225:9618%3faddrs%3d172.24.33.225-9618%26alias%3dsdfrome001.sdf.slac.stanford.edu#6219700&PrivNet=sdfmilan114.sdf.slac.stanford.edu&addrs=172.24.48.186-33679&alias=sdfmilan114.sdf.slac.stanford.edu>
	SlotName: slot_abrought_14493_1_3@sdfmilan114.sdf.slac.stanford.edu
...
006 (1970448.000.000) 2023-12-14 02:22:05 Image size of job updated: 344748
	130  -  MemoryUsage of job (MB)
	133024  -  ResidentSetSize of job (KB)
...
006 (1970448.000.000) 2023-12-14 02:22:54 Image size of job updated: 2172952
	664  -  MemoryUsage of job (MB)
	679884  -  ResidentSetSize of job (KB)
...
040 (1970448.000.000) 2023-12-14 02:22:54 Started transferring output files
...
040 (1970448.000.000) 2023-12-14 02:22:54 Finished transferring output files
...
005 (1970448.000.000) 2023-12-14 02:22:54 Job terminated.
	(1) Normal termination (return value 0)
		Usr 0 00:00:22, Sys 0 00:00:03  -  Run Remote Usage
		Usr 0 00:00:00, Sys 0 00:00:00  -  Run Local Usage
		Usr 0 00:00:22, Sys 0 00:00:03  -  Total Remote Usage
		Usr 0 00:00:00, Sys 0 00:00:00  -  Total Local Usage
	19075  -  Run Bytes Sent By Job
	0  -  Run Bytes Received By Job
	19075  -  Total Bytes Sent By Job
	0  -  Total Bytes Received By Job
	Partitionable Resources :    Usage  Request Allocated 
	   Cpus                 :                 1         1 
	   Disk (KB)            :       91        2    312193 
	   Memory (MB)          :      664     2048      2048 

	Job terminated of its own accord at 2023-12-14T10:22:54Z with exit-code 0.
...
