000 (1972809.000.000) 2023-12-14 02:17:49 Job submitted from host: <172.24.33.226:11547?addrs=172.24.33.226-11547&alias=sdfrome002.sdf.slac.stanford.edu>
    DAG Node: 4ed86ce1-c253-41f4-87b8-65340529ce42_ptcIsr_2023111100840_23
...
040 (1972809.000.000) 2023-12-14 02:29:08 Finished transferring input files
...
001 (1972809.000.000) 2023-12-14 02:29:08 Job executing on host: <172.24.33.124:45647?CCBID=172.24.33.225:9618%3faddrs%3d172.24.33.225-9618%26alias%3dsdfrome001.sdf.slac.stanford.edu#6220016&PrivNet=sdfrome059.sdf.slac.stanford.edu&addrs=172.24.33.124-45647&alias=sdfrome059.sdf.slac.stanford.edu>
	SlotName: slot_abrought_13532_1_23@sdfrome059.sdf.slac.stanford.edu
...
006 (1972809.000.000) 2023-12-14 02:29:18 Image size of job updated: 262880
	57  -  MemoryUsage of job (MB)
	58224  -  ResidentSetSize of job (KB)
...
006 (1972809.000.000) 2023-12-14 02:31:54 Image size of job updated: 2191144
	657  -  MemoryUsage of job (MB)
	672624  -  ResidentSetSize of job (KB)
...
040 (1972809.000.000) 2023-12-14 02:31:54 Started transferring output files
...
040 (1972809.000.000) 2023-12-14 02:31:54 Finished transferring output files
...
005 (1972809.000.000) 2023-12-14 02:31:54 Job terminated.
	(1) Normal termination (return value 0)
		Usr 0 00:00:18, Sys 0 00:00:03  -  Run Remote Usage
		Usr 0 00:00:00, Sys 0 00:00:00  -  Run Local Usage
		Usr 0 00:00:18, Sys 0 00:00:03  -  Total Remote Usage
		Usr 0 00:00:00, Sys 0 00:00:00  -  Total Local Usage
	18802  -  Run Bytes Sent By Job
	0  -  Run Bytes Received By Job
	18802  -  Total Bytes Sent By Job
	0  -  Total Bytes Received By Job
	Partitionable Resources :    Usage  Request Allocated 
	   Cpus                 :        0        1         1 
	   Disk (KB)            :       97        2    312194 
	   Memory (MB)          :      657     2048      2048 

	Job terminated of its own accord at 2023-12-14T10:31:54Z with exit-code 0.
...
