000 (1970782.000.000) 2023-12-14 02:17:24 Job submitted from host: <172.24.33.226:11547?addrs=172.24.33.226-11547&alias=sdfrome002.sdf.slac.stanford.edu>
    DAG Node: bca44941-9258-43cf-a288-56e2c1096444_ptcIsr_2023111200138_23
...
040 (1970782.000.000) 2023-12-14 02:23:05 Finished transferring input files
...
001 (1970782.000.000) 2023-12-14 02:23:06 Job executing on host: <172.24.33.213:43829?CCBID=172.24.33.225:9618%3faddrs%3d172.24.33.225-9618%26alias%3dsdfrome001.sdf.slac.stanford.edu#6220038&PrivNet=sdfrome022.sdf.slac.stanford.edu&addrs=172.24.33.213-43829&alias=sdfrome022.sdf.slac.stanford.edu>
	SlotName: slot_abrought_31850_1_1@sdfrome022.sdf.slac.stanford.edu
...
006 (1970782.000.000) 2023-12-14 02:23:14 Image size of job updated: 353884
	140  -  MemoryUsage of job (MB)
	142548  -  ResidentSetSize of job (KB)
...
006 (1970782.000.000) 2023-12-14 02:23:46 Image size of job updated: 2102712
	622  -  MemoryUsage of job (MB)
	636776  -  ResidentSetSize of job (KB)
...
040 (1970782.000.000) 2023-12-14 02:23:46 Started transferring output files
...
040 (1970782.000.000) 2023-12-14 02:23:46 Finished transferring output files
...
005 (1970782.000.000) 2023-12-14 02:23:46 Job terminated.
	(1) Normal termination (return value 0)
		Usr 0 00:00:22, Sys 0 00:00:04  -  Run Remote Usage
		Usr 0 00:00:00, Sys 0 00:00:00  -  Run Local Usage
		Usr 0 00:00:22, Sys 0 00:00:04  -  Total Remote Usage
		Usr 0 00:00:00, Sys 0 00:00:00  -  Total Local Usage
	18803  -  Run Bytes Sent By Job
	0  -  Run Bytes Received By Job
	18803  -  Total Bytes Sent By Job
	0  -  Total Bytes Received By Job
	Partitionable Resources :    Usage  Request Allocated 
	   Cpus                 :                 1         1 
	   Disk (KB)            :       90        2    312194 
	   Memory (MB)          :      622     2048      2048 

	Job terminated of its own accord at 2023-12-14T10:23:46Z with exit-code 0.
...
