000 (1973498.000.000) 2023-12-14 02:34:53 Job submitted from host: <172.24.33.226:11547?addrs=172.24.33.226-11547&alias=sdfrome002.sdf.slac.stanford.edu>
    DAG Node: aab2ca39-fb9c-4187-afb4-53de8b1e75db_ptcExtract_23
...
040 (1973498.000.000) 2023-12-14 02:34:54 Finished transferring input files
...
001 (1973498.000.000) 2023-12-14 02:34:54 Job executing on host: <172.24.48.197:44589?CCBID=172.24.33.225:9618%3faddrs%3d172.24.33.225-9618%26alias%3dsdfrome001.sdf.slac.stanford.edu#6220121&PrivNet=sdfmilan125.sdf.slac.stanford.edu&addrs=172.24.48.197-44589&alias=sdfmilan125.sdf.slac.stanford.edu>
	SlotName: slot_abrought_7640_1_17@sdfmilan125.sdf.slac.stanford.edu
...
006 (1973498.000.000) 2023-12-14 02:35:02 Image size of job updated: 408832
	169  -  MemoryUsage of job (MB)
	172556  -  ResidentSetSize of job (KB)
...
006 (1973498.000.000) 2023-12-14 02:40:02 Image size of job updated: 1635020
	394  -  MemoryUsage of job (MB)
	402536  -  ResidentSetSize of job (KB)
...
006 (1973498.000.000) 2023-12-14 02:45:03 Image size of job updated: 1635020
	483  -  MemoryUsage of job (MB)
	494276  -  ResidentSetSize of job (KB)
...
006 (1973498.000.000) 2023-12-14 02:50:04 Image size of job updated: 1641284
	559  -  MemoryUsage of job (MB)
	572188  -  ResidentSetSize of job (KB)
...
006 (1973498.000.000) 2023-12-14 03:00:05 Image size of job updated: 1641284
	569  -  MemoryUsage of job (MB)
	582280  -  ResidentSetSize of job (KB)
...
006 (1973498.000.000) 2023-12-14 03:10:05 Image size of job updated: 2014040
	955  -  MemoryUsage of job (MB)
	977464  -  ResidentSetSize of job (KB)
...
006 (1973498.000.000) 2023-12-14 03:15:06 Image size of job updated: 2241004
	955  -  MemoryUsage of job (MB)
	977464  -  ResidentSetSize of job (KB)
...
006 (1973498.000.000) 2023-12-14 03:40:08 Image size of job updated: 2241004
	982  -  MemoryUsage of job (MB)
	1005068  -  ResidentSetSize of job (KB)
...
006 (1973498.000.000) 2023-12-14 03:50:10 Image size of job updated: 2262980
	989  -  MemoryUsage of job (MB)
	1012532  -  ResidentSetSize of job (KB)
...
006 (1973498.000.000) 2023-12-14 04:05:11 Image size of job updated: 2274648
	989  -  MemoryUsage of job (MB)
	1012532  -  ResidentSetSize of job (KB)
...
006 (1973498.000.000) 2023-12-14 04:15:12 Image size of job updated: 2281320
	989  -  MemoryUsage of job (MB)
	1012532  -  ResidentSetSize of job (KB)
...
006 (1973498.000.000) 2023-12-14 04:25:12 Image size of job updated: 2285704
	989  -  MemoryUsage of job (MB)
	1012532  -  ResidentSetSize of job (KB)
...
006 (1973498.000.000) 2023-12-14 04:30:13 Image size of job updated: 2290284
	989  -  MemoryUsage of job (MB)
	1012532  -  ResidentSetSize of job (KB)
...
006 (1973498.000.000) 2023-12-14 04:35:14 Image size of job updated: 2293592
	1200  -  MemoryUsage of job (MB)
	1228460  -  ResidentSetSize of job (KB)
...
006 (1973498.000.000) 2023-12-14 04:45:15 Image size of job updated: 2300592
	1200  -  MemoryUsage of job (MB)
	1228460  -  ResidentSetSize of job (KB)
...
006 (1973498.000.000) 2023-12-14 04:50:16 Image size of job updated: 2302524
	1200  -  MemoryUsage of job (MB)
	1228460  -  ResidentSetSize of job (KB)
...
006 (1973498.000.000) 2023-12-14 05:10:18 Image size of job updated: 2316192
	1200  -  MemoryUsage of job (MB)
	1228460  -  ResidentSetSize of job (KB)
...
006 (1973498.000.000) 2023-12-14 05:15:18 Image size of job updated: 2321032
	1200  -  MemoryUsage of job (MB)
	1228460  -  ResidentSetSize of job (KB)
...
006 (1973498.000.000) 2023-12-14 05:20:18 Image size of job updated: 2323828
	1200  -  MemoryUsage of job (MB)
	1228460  -  ResidentSetSize of job (KB)
...
006 (1973498.000.000) 2023-12-14 06:00:23 Image size of job updated: 2341404
	1200  -  MemoryUsage of job (MB)
	1228460  -  ResidentSetSize of job (KB)
...
006 (1973498.000.000) 2023-12-14 06:05:23 Image size of job updated: 2346592
	1200  -  MemoryUsage of job (MB)
	1228460  -  ResidentSetSize of job (KB)
...
006 (1973498.000.000) 2023-12-14 06:10:23 Image size of job updated: 2350068
	1200  -  MemoryUsage of job (MB)
	1228460  -  ResidentSetSize of job (KB)
...
006 (1973498.000.000) 2023-12-14 06:25:25 Image size of job updated: 2359120
	1200  -  MemoryUsage of job (MB)
	1228460  -  ResidentSetSize of job (KB)
...
006 (1973498.000.000) 2023-12-14 06:55:28 Image size of job updated: 2374380
	1200  -  MemoryUsage of job (MB)
	1228460  -  ResidentSetSize of job (KB)
...
006 (1973498.000.000) 2023-12-14 07:00:28 Image size of job updated: 2377940
	1200  -  MemoryUsage of job (MB)
	1228460  -  ResidentSetSize of job (KB)
...
006 (1973498.000.000) 2023-12-14 07:15:30 Image size of job updated: 2386292
	1200  -  MemoryUsage of job (MB)
	1228460  -  ResidentSetSize of job (KB)
...
006 (1973498.000.000) 2023-12-14 07:30:32 Image size of job updated: 2397056
	1200  -  MemoryUsage of job (MB)
	1228460  -  ResidentSetSize of job (KB)
...
006 (1973498.000.000) 2023-12-14 07:40:32 Image size of job updated: 2402248
	1200  -  MemoryUsage of job (MB)
	1228460  -  ResidentSetSize of job (KB)
...
006 (1973498.000.000) 2023-12-14 07:45:32 Image size of job updated: 2410548
	1298  -  MemoryUsage of job (MB)
	1328140  -  ResidentSetSize of job (KB)
...
006 (1973498.000.000) 2023-12-14 07:55:34 Image size of job updated: 2416932
	1298  -  MemoryUsage of job (MB)
	1328140  -  ResidentSetSize of job (KB)
...
006 (1973498.000.000) 2023-12-14 08:40:37 Image size of job updated: 2447376
	1298  -  MemoryUsage of job (MB)
	1328140  -  ResidentSetSize of job (KB)
...
040 (1973498.000.000) 2023-12-14 08:57:19 Started transferring output files
...
040 (1973498.000.000) 2023-12-14 08:57:19 Finished transferring output files
...
005 (1973498.000.000) 2023-12-14 08:57:19 Job terminated.
	(1) Normal termination (return value 0)
		Usr 0 02:20:03, Sys 0 00:10:40  -  Run Remote Usage
		Usr 0 00:00:00, Sys 0 00:00:00  -  Run Local Usage
		Usr 0 02:20:03, Sys 0 00:10:40  -  Total Remote Usage
		Usr 0 00:00:00, Sys 0 00:00:00  -  Total Local Usage
	168906  -  Run Bytes Sent By Job
	0  -  Run Bytes Received By Job
	168906  -  Total Bytes Sent By Job
	0  -  Total Bytes Received By Job
	Partitionable Resources :    Usage  Request Allocated 
	   Cpus                 :     0.14        1         1 
	   Disk (KB)            :   245           2    305890 
	   Memory (MB)          :  1298        2048      2048 

	Job terminated of its own accord at 2023-12-14T16:57:19Z with exit-code 0.
...
