000 (1973557.000.000) 2023-12-14 08:34:57 Job submitted from host: <172.24.33.226:11547?addrs=172.24.33.226-11547&alias=sdfrome002.sdf.slac.stanford.edu>
    DAG Node: 584249ea-f2e0-472f-8d7c-5820369959a8_ptcSolve_23
...
040 (1973557.000.000) 2023-12-14 08:35:04 Finished transferring input files
...
001 (1973557.000.000) 2023-12-14 08:35:04 Job executing on host: <172.24.48.197:44589?CCBID=172.24.33.225:9618%3faddrs%3d172.24.33.225-9618%26alias%3dsdfrome001.sdf.slac.stanford.edu#6220121&PrivNet=sdfmilan125.sdf.slac.stanford.edu&addrs=172.24.48.197-44589&alias=sdfmilan125.sdf.slac.stanford.edu>
	SlotName: slot_abrought_7640_1_4@sdfmilan125.sdf.slac.stanford.edu
...
006 (1973557.000.000) 2023-12-14 08:35:14 Image size of job updated: 6300
	1  -  MemoryUsage of job (MB)
	60  -  ResidentSetSize of job (KB)
...
006 (1973557.000.000) 2023-12-14 08:40:15 Image size of job updated: 647176
	285  -  MemoryUsage of job (MB)
	291204  -  ResidentSetSize of job (KB)
...
006 (1973557.000.000) 2023-12-14 08:45:15 Image size of job updated: 2134316
	1075  -  MemoryUsage of job (MB)
	1099856  -  ResidentSetSize of job (KB)
...
006 (1973557.000.000) 2023-12-14 09:00:18 Image size of job updated: 2136692
	1078  -  MemoryUsage of job (MB)
	1103108  -  ResidentSetSize of job (KB)
...
006 (1973557.000.000) 2023-12-14 09:05:19 Image size of job updated: 2136692
	1078  -  MemoryUsage of job (MB)
	1103476  -  ResidentSetSize of job (KB)
...
006 (1973557.000.000) 2023-12-14 09:15:19 Image size of job updated: 2141644
	1084  -  MemoryUsage of job (MB)
	1109616  -  ResidentSetSize of job (KB)
...
006 (1973557.000.000) 2023-12-14 09:25:19 Image size of job updated: 2142832
	1085  -  MemoryUsage of job (MB)
	1110804  -  ResidentSetSize of job (KB)
...
006 (1973557.000.000) 2023-12-14 09:30:19 Image size of job updated: 2144060
	1085  -  MemoryUsage of job (MB)
	1110844  -  ResidentSetSize of job (KB)
...
006 (1973557.000.000) 2023-12-14 09:35:19 Image size of job updated: 2153592
	1096  -  MemoryUsage of job (MB)
	1121564  -  ResidentSetSize of job (KB)
...
006 (1973557.000.000) 2023-12-14 09:40:19 Image size of job updated: 2156216
	1096  -  MemoryUsage of job (MB)
	1121812  -  ResidentSetSize of job (KB)
...
006 (1973557.000.000) 2023-12-14 09:45:20 Image size of job updated: 2156216
	1096  -  MemoryUsage of job (MB)
	1121912  -  ResidentSetSize of job (KB)
...
040 (1973557.000.000) 2023-12-14 10:13:06 Started transferring output files
...
040 (1973557.000.000) 2023-12-14 10:13:06 Finished transferring output files
...
005 (1973557.000.000) 2023-12-14 10:13:06 Job terminated.
	(1) Normal termination (return value 0)
		Usr 0 00:57:23, Sys 0 00:00:03  -  Run Remote Usage
		Usr 0 00:00:00, Sys 0 00:00:00  -  Run Local Usage
		Usr 0 00:57:23, Sys 0 00:00:03  -  Total Remote Usage
		Usr 0 00:00:00, Sys 0 00:00:00  -  Total Local Usage
	7717  -  Run Bytes Sent By Job
	0  -  Run Bytes Received By Job
	7717  -  Total Bytes Sent By Job
	0  -  Total Bytes Received By Job
	Partitionable Resources :    Usage  Request Allocated 
	   Cpus                 :     0.40        1         1 
	   Disk (KB)            :    86           2    305890 
	   Memory (MB)          :  1096        2048      2048 

	Job terminated of its own accord at 2023-12-14T18:13:06Z with exit-code 0.
...
