000 (1971334.000.000) 2023-12-14 02:17:31 Job submitted from host: <172.24.33.226:11547?addrs=172.24.33.226-11547&alias=sdfrome002.sdf.slac.stanford.edu>
    DAG Node: a4422cb0-3060-4cd8-b6e6-2abe909d5d0c_ptcIsr_2023111201194_23
...
040 (1971334.000.000) 2023-12-14 02:24:45 Finished transferring input files
...
001 (1971334.000.000) 2023-12-14 02:24:45 Job executing on host: <172.24.48.186:33679?CCBID=172.24.33.225:9618%3faddrs%3d172.24.33.225-9618%26alias%3dsdfrome001.sdf.slac.stanford.edu#6219700&PrivNet=sdfmilan114.sdf.slac.stanford.edu&addrs=172.24.48.186-33679&alias=sdfmilan114.sdf.slac.stanford.edu>
	SlotName: slot_abrought_14493_1_1@sdfmilan114.sdf.slac.stanford.edu
...
006 (1971334.000.000) 2023-12-14 02:24:55 Image size of job updated: 278144
	71  -  MemoryUsage of job (MB)
	72232  -  ResidentSetSize of job (KB)
...
006 (1971334.000.000) 2023-12-14 02:25:48 Image size of job updated: 2068212
	1261  -  MemoryUsage of job (MB)
	1290596  -  ResidentSetSize of job (KB)
...
040 (1971334.000.000) 2023-12-14 02:25:48 Started transferring output files
...
040 (1971334.000.000) 2023-12-14 02:25:48 Finished transferring output files
...
005 (1971334.000.000) 2023-12-14 02:25:49 Job terminated.
	(1) Normal termination (return value 0)
		Usr 0 00:00:14, Sys 0 00:00:02  -  Run Remote Usage
		Usr 0 00:00:00, Sys 0 00:00:00  -  Run Local Usage
		Usr 0 00:00:14, Sys 0 00:00:02  -  Total Remote Usage
		Usr 0 00:00:00, Sys 0 00:00:00  -  Total Local Usage
	19074  -  Run Bytes Sent By Job
	0  -  Run Bytes Received By Job
	19074  -  Total Bytes Sent By Job
	0  -  Total Bytes Received By Job
	Partitionable Resources :    Usage  Request Allocated 
	   Cpus                 :                 1         1 
	   Disk (KB)            :       91        2    312193 
	   Memory (MB)          :     1261     2048      2048 

	Job terminated of its own accord at 2023-12-14T10:25:48Z with exit-code 0.
...
