000 (1972572.000.000) 2023-12-14 02:17:46 Job submitted from host: <172.24.33.226:11547?addrs=172.24.33.226-11547&alias=sdfrome002.sdf.slac.stanford.edu>
    DAG Node: d8575b18-6ed7-493b-9580-0ff5bd643c76_ptcIsr_2023111201809_23
...
040 (1972572.000.000) 2023-12-14 02:28:19 Finished transferring input files
...
001 (1972572.000.000) 2023-12-14 02:28:19 Job executing on host: <172.24.48.186:33679?CCBID=172.24.33.225:9618%3faddrs%3d172.24.33.225-9618%26alias%3dsdfrome001.sdf.slac.stanford.edu#6219700&PrivNet=sdfmilan114.sdf.slac.stanford.edu&addrs=172.24.48.186-33679&alias=sdfmilan114.sdf.slac.stanford.edu>
	SlotName: slot_abrought_14493_1_6@sdfmilan114.sdf.slac.stanford.edu
...
006 (1972572.000.000) 2023-12-14 02:28:27 Image size of job updated: 280760
	74  -  MemoryUsage of job (MB)
	75296  -  ResidentSetSize of job (KB)
...
006 (1972572.000.000) 2023-12-14 02:29:09 Image size of job updated: 2108956
	611  -  MemoryUsage of job (MB)
	624980  -  ResidentSetSize of job (KB)
...
040 (1972572.000.000) 2023-12-14 02:29:10 Started transferring output files
...
040 (1972572.000.000) 2023-12-14 02:29:10 Finished transferring output files
...
005 (1972572.000.000) 2023-12-14 02:29:10 Job terminated.
	(1) Normal termination (return value 0)
		Usr 0 00:00:21, Sys 0 00:00:03  -  Run Remote Usage
		Usr 0 00:00:00, Sys 0 00:00:00  -  Run Local Usage
		Usr 0 00:00:21, Sys 0 00:00:03  -  Total Remote Usage
		Usr 0 00:00:00, Sys 0 00:00:00  -  Total Local Usage
	18801  -  Run Bytes Sent By Job
	0  -  Run Bytes Received By Job
	18801  -  Total Bytes Sent By Job
	0  -  Total Bytes Received By Job
	Partitionable Resources :    Usage  Request Allocated 
	   Cpus                 :                 1         1 
	   Disk (KB)            :       90        2    312193 
	   Memory (MB)          :      611     2048      2048 

	Job terminated of its own accord at 2023-12-14T10:29:09Z with exit-code 0.
...
