000 (1971973.000.000) 2023-12-14 02:17:38 Job submitted from host: <172.24.33.226:11547?addrs=172.24.33.226-11547&alias=sdfrome002.sdf.slac.stanford.edu>
    DAG Node: eaf9df74-c422-4da8-a4fe-2a9ef0961808_ptcIsr_2023111200354_23
...
040 (1971973.000.000) 2023-12-14 02:26:31 Finished transferring input files
...
001 (1971973.000.000) 2023-12-14 02:26:31 Job executing on host: <172.24.48.185:41489?CCBID=172.24.33.225:9618%3faddrs%3d172.24.33.225-9618%26alias%3dsdfrome001.sdf.slac.stanford.edu#6219699&PrivNet=sdfmilan113.sdf.slac.stanford.edu&addrs=172.24.48.185-41489&alias=sdfmilan113.sdf.slac.stanford.edu>
	SlotName: slot_abrought_18623_1_2@sdfmilan113.sdf.slac.stanford.edu
...
006 (1971973.000.000) 2023-12-14 02:26:40 Image size of job updated: 69764
	1  -  MemoryUsage of job (MB)
	624  -  ResidentSetSize of job (KB)
...
006 (1971973.000.000) 2023-12-14 02:27:42 Image size of job updated: 2117096
	1  -  MemoryUsage of job (MB)
	624  -  ResidentSetSize of job (KB)
...
040 (1971973.000.000) 2023-12-14 02:27:42 Started transferring output files
...
040 (1971973.000.000) 2023-12-14 02:27:42 Finished transferring output files
...
005 (1971973.000.000) 2023-12-14 02:27:42 Job terminated.
	(1) Normal termination (return value 0)
		Usr 0 00:00:21, Sys 0 00:00:03  -  Run Remote Usage
		Usr 0 00:00:00, Sys 0 00:00:00  -  Run Local Usage
		Usr 0 00:00:21, Sys 0 00:00:03  -  Total Remote Usage
		Usr 0 00:00:00, Sys 0 00:00:00  -  Total Local Usage
	19073  -  Run Bytes Sent By Job
	0  -  Run Bytes Received By Job
	19073  -  Total Bytes Sent By Job
	0  -  Total Bytes Received By Job
	Partitionable Resources :    Usage  Request Allocated 
	   Cpus                 :     0.02        1         1 
	   Disk (KB)            :    97           2    312194 
	   Memory (MB)          :     1        2048      2048 

	Job terminated of its own accord at 2023-12-14T10:27:42Z with exit-code 0.
...
