000 (1973311.000.000) 2023-12-14 02:17:55 Job submitted from host: <172.24.33.226:11547?addrs=172.24.33.226-11547&alias=sdfrome002.sdf.slac.stanford.edu>
    DAG Node: 88e36c5f-58f0-4fa3-91d1-b687205bfa8a_ptcIsr_2023111201188_23
...
040 (1973311.000.000) 2023-12-14 02:30:20 Finished transferring input files
...
001 (1973311.000.000) 2023-12-14 02:30:20 Job executing on host: <172.24.33.124:39697?CCBID=172.24.33.225:9618%3faddrs%3d172.24.33.225-9618%26alias%3dsdfrome001.sdf.slac.stanford.edu#6220015&PrivNet=sdfrome059.sdf.slac.stanford.edu&addrs=172.24.33.124-39697&alias=sdfrome059.sdf.slac.stanford.edu>
	SlotName: slot_abrought_7836_1_1@sdfrome059.sdf.slac.stanford.edu
...
006 (1973311.000.000) 2023-12-14 02:30:29 Image size of job updated: 327592
	114  -  MemoryUsage of job (MB)
	116332  -  ResidentSetSize of job (KB)
...
006 (1973311.000.000) 2023-12-14 02:31:13 Image size of job updated: 2100764
	623  -  MemoryUsage of job (MB)
	637200  -  ResidentSetSize of job (KB)
...
040 (1973311.000.000) 2023-12-14 02:31:13 Started transferring output files
...
040 (1973311.000.000) 2023-12-14 02:31:13 Finished transferring output files
...
005 (1973311.000.000) 2023-12-14 02:31:13 Job terminated.
	(1) Normal termination (return value 0)
		Usr 0 00:00:22, Sys 0 00:00:04  -  Run Remote Usage
		Usr 0 00:00:00, Sys 0 00:00:00  -  Run Local Usage
		Usr 0 00:00:22, Sys 0 00:00:04  -  Total Remote Usage
		Usr 0 00:00:00, Sys 0 00:00:00  -  Total Local Usage
	18803  -  Run Bytes Sent By Job
	0  -  Run Bytes Received By Job
	18803  -  Total Bytes Sent By Job
	0  -  Total Bytes Received By Job
	Partitionable Resources :    Usage  Request Allocated 
	   Cpus                 :                 1         1 
	   Disk (KB)            :       90        2    312194 
	   Memory (MB)          :      623     2048      2048 

	Job terminated of its own accord at 2023-12-14T10:31:13Z with exit-code 0.
...
