000 (1973594.000.000) 2023-12-14 15:56:08 Job submitted from host: <172.24.33.226:11547?addrs=172.24.33.226-11547&alias=sdfrome002.sdf.slac.stanford.edu>
    DAG Node: pipetaskInit
...
040 (1973594.000.000) 2023-12-14 15:56:51 Finished transferring input files
...
001 (1973594.000.000) 2023-12-14 15:56:51 Job executing on host: <172.24.33.127:34507?CCBID=172.24.33.225:9618%3faddrs%3d172.24.33.225-9618%26alias%3dsdfrome001.sdf.slac.stanford.edu#6369321&PrivNet=sdfrome062.sdf.slac.stanford.edu&addrs=172.24.33.127-34507&alias=sdfrome062.sdf.slac.stanford.edu>
	SlotName: slot_abrought_3729_1_1@sdfrome062.sdf.slac.stanford.edu
...
006 (1973594.000.000) 2023-12-14 15:56:59 Image size of job updated: 2
	6  -  MemoryUsage of job (MB)
	5132  -  ResidentSetSize of job (KB)
...
040 (1973594.000.000) 2023-12-14 15:57:05 Started transferring output files
...
040 (1973594.000.000) 2023-12-14 15:57:05 Finished transferring output files
...
005 (1973594.000.000) 2023-12-14 15:57:05 Job terminated.
	(1) Normal termination (return value 0)
		Usr 0 00:00:00, Sys 0 00:00:00  -  Run Remote Usage
		Usr 0 00:00:00, Sys 0 00:00:00  -  Run Local Usage
		Usr 0 00:00:00, Sys 0 00:00:00  -  Total Remote Usage
		Usr 0 00:00:00, Sys 0 00:00:00  -  Total Local Usage
	0  -  Run Bytes Sent By Job
	0  -  Run Bytes Received By Job
	0  -  Total Bytes Sent By Job
	0  -  Total Bytes Received By Job
	Partitionable Resources :    Usage  Request Allocated 
	   Cpus                 :                 1         1 
	   Disk (KB)            :       71        2    312193 
	   Memory (MB)          :        6     2048      2048 

	Job terminated of its own accord at 2023-12-14T23:57:05Z with exit-code 0.
...
