000 (1973419.000.000) 2023-12-14 02:17:57 Job submitted from host: <172.24.33.226:11547?addrs=172.24.33.226-11547&alias=sdfrome002.sdf.slac.stanford.edu>
    DAG Node: c7d8e97f-0f7b-4d02-8722-82334cc8f795_ptcIsr_2023111202172_23
...
040 (1973419.000.000) 2023-12-14 02:30:39 Finished transferring input files
...
001 (1973419.000.000) 2023-12-14 02:30:39 Job executing on host: <172.24.33.213:33037?CCBID=172.24.33.225:9618%3faddrs%3d172.24.33.225-9618%26alias%3dsdfrome001.sdf.slac.stanford.edu#6220039&PrivNet=sdfrome022.sdf.slac.stanford.edu&addrs=172.24.33.213-33037&alias=sdfrome022.sdf.slac.stanford.edu>
	SlotName: slot_abrought_15721_1_17@sdfrome022.sdf.slac.stanford.edu
...
006 (1973419.000.000) 2023-12-14 02:30:48 Image size of job updated: 138764
	40  -  MemoryUsage of job (MB)
	40548  -  ResidentSetSize of job (KB)
...
006 (1973419.000.000) 2023-12-14 02:31:45 Image size of job updated: 2176796
	661  -  MemoryUsage of job (MB)
	676864  -  ResidentSetSize of job (KB)
...
040 (1973419.000.000) 2023-12-14 02:31:45 Started transferring output files
...
040 (1973419.000.000) 2023-12-14 02:31:45 Finished transferring output files
...
005 (1973419.000.000) 2023-12-14 02:31:45 Job terminated.
	(1) Normal termination (return value 0)
		Usr 0 00:00:22, Sys 0 00:00:02  -  Run Remote Usage
		Usr 0 00:00:00, Sys 0 00:00:00  -  Run Local Usage
		Usr 0 00:00:22, Sys 0 00:00:02  -  Total Remote Usage
		Usr 0 00:00:00, Sys 0 00:00:00  -  Total Local Usage
	19073  -  Run Bytes Sent By Job
	0  -  Run Bytes Received By Job
	19073  -  Total Bytes Sent By Job
	0  -  Total Bytes Received By Job
	Partitionable Resources :    Usage  Request Allocated 
	   Cpus                 :                 1         1 
	   Disk (KB)            :       91        2    312194 
	   Memory (MB)          :      661     2048      2048 

	Job terminated of its own accord at 2023-12-14T10:31:45Z with exit-code 0.
...
