000 (1970844.000.000) 2023-12-14 02:17:25 Job submitted from host: <172.24.33.226:11547?addrs=172.24.33.226-11547&alias=sdfrome002.sdf.slac.stanford.edu>
    DAG Node: 2b24f099-908c-4003-8073-66f2bae39ac8_ptcIsr_2023111300464_23
...
040 (1970844.000.000) 2023-12-14 02:23:15 Finished transferring input files
...
001 (1970844.000.000) 2023-12-14 02:23:15 Job executing on host: <172.24.33.143:37205?CCBID=172.24.33.225:9618%3faddrs%3d172.24.33.225-9618%26alias%3dsdfrome001.sdf.slac.stanford.edu#6220499&PrivNet=sdfrome078.sdf.slac.stanford.edu&addrs=172.24.33.143-37205&alias=sdfrome078.sdf.slac.stanford.edu>
	SlotName: slot_abrought_7348_1_18@sdfrome078.sdf.slac.stanford.edu
...
006 (1970844.000.000) 2023-12-14 02:23:25 Image size of job updated: 34692
	19  -  MemoryUsage of job (MB)
	19012  -  ResidentSetSize of job (KB)
...
006 (1970844.000.000) 2023-12-14 02:24:40 Image size of job updated: 2096328
	626  -  MemoryUsage of job (MB)
	640284  -  ResidentSetSize of job (KB)
...
040 (1970844.000.000) 2023-12-14 02:24:40 Started transferring output files
...
040 (1970844.000.000) 2023-12-14 02:24:40 Finished transferring output files
...
005 (1970844.000.000) 2023-12-14 02:24:40 Job terminated.
	(1) Normal termination (return value 0)
		Usr 0 00:00:24, Sys 0 00:00:04  -  Run Remote Usage
		Usr 0 00:00:00, Sys 0 00:00:00  -  Run Local Usage
		Usr 0 00:00:24, Sys 0 00:00:04  -  Total Remote Usage
		Usr 0 00:00:00, Sys 0 00:00:00  -  Total Local Usage
	18801  -  Run Bytes Sent By Job
	0  -  Run Bytes Received By Job
	18801  -  Total Bytes Sent By Job
	0  -  Total Bytes Received By Job
	Partitionable Resources :    Usage  Request Allocated 
	   Cpus                 :                 1         1 
	   Disk (KB)            :       90        2    312194 
	   Memory (MB)          :      626     2048      2048 

	Job terminated of its own accord at 2023-12-14T10:24:40Z with exit-code 0.
...
