000 (1973432.000.000) 2023-12-14 02:17:57 Job submitted from host: <172.24.33.226:11547?addrs=172.24.33.226-11547&alias=sdfrome002.sdf.slac.stanford.edu>
    DAG Node: edda7285-0a42-4d7e-9717-8542431a53c6_ptcIsr_2023111202139_23
...
040 (1973432.000.000) 2023-12-14 02:30:42 Finished transferring input files
...
001 (1973432.000.000) 2023-12-14 02:30:42 Job executing on host: <172.24.48.186:33679?CCBID=172.24.33.225:9618%3faddrs%3d172.24.33.225-9618%26alias%3dsdfrome001.sdf.slac.stanford.edu#6219700&PrivNet=sdfmilan114.sdf.slac.stanford.edu&addrs=172.24.48.186-33679&alias=sdfmilan114.sdf.slac.stanford.edu>
	SlotName: slot_abrought_14493_1_13@sdfmilan114.sdf.slac.stanford.edu
...
006 (1973432.000.000) 2023-12-14 02:30:50 Image size of job updated: 290956
	83  -  MemoryUsage of job (MB)
	84848  -  ResidentSetSize of job (KB)
...
006 (1973432.000.000) 2023-12-14 02:31:28 Image size of job updated: 2089144
	630  -  MemoryUsage of job (MB)
	644496  -  ResidentSetSize of job (KB)
...
040 (1973432.000.000) 2023-12-14 02:31:28 Started transferring output files
...
040 (1973432.000.000) 2023-12-14 02:31:28 Finished transferring output files
...
005 (1973432.000.000) 2023-12-14 02:31:28 Job terminated.
	(1) Normal termination (return value 0)
		Usr 0 00:00:21, Sys 0 00:00:03  -  Run Remote Usage
		Usr 0 00:00:00, Sys 0 00:00:00  -  Run Local Usage
		Usr 0 00:00:21, Sys 0 00:00:03  -  Total Remote Usage
		Usr 0 00:00:00, Sys 0 00:00:00  -  Total Local Usage
	19075  -  Run Bytes Sent By Job
	0  -  Run Bytes Received By Job
	19075  -  Total Bytes Sent By Job
	0  -  Total Bytes Received By Job
	Partitionable Resources :    Usage  Request Allocated 
	   Cpus                 :                 1         1 
	   Disk (KB)            :       91        2    312193 
	   Memory (MB)          :      630     2048      2048 

	Job terminated of its own accord at 2023-12-14T10:31:28Z with exit-code 0.
...
