000 (1973092.000.000) 2023-12-14 02:17:52 Job submitted from host: <172.24.33.226:11547?addrs=172.24.33.226-11547&alias=sdfrome002.sdf.slac.stanford.edu>
    DAG Node: 9d9c2ca2-b580-4555-8c9a-49589c0364e7_ptcIsr_2023111201460_23
...
040 (1973092.000.000) 2023-12-14 02:29:49 Finished transferring input files
...
001 (1973092.000.000) 2023-12-14 02:29:49 Job executing on host: <172.24.48.149:38613?CCBID=172.24.33.225:9618%3faddrs%3d172.24.33.225-9618%26alias%3dsdfrome001.sdf.slac.stanford.edu#6219698&PrivNet=sdfmilan049.sdf.slac.stanford.edu&addrs=172.24.48.149-38613&alias=sdfmilan049.sdf.slac.stanford.edu>
	SlotName: slot_abrought_1727_1_6@sdfmilan049.sdf.slac.stanford.edu
...
006 (1973092.000.000) 2023-12-14 02:29:58 Image size of job updated: 281312
	75  -  MemoryUsage of job (MB)
	76028  -  ResidentSetSize of job (KB)
...
006 (1973092.000.000) 2023-12-14 02:31:03 Image size of job updated: 2131124
	1410  -  MemoryUsage of job (MB)
	1442884  -  ResidentSetSize of job (KB)
...
040 (1973092.000.000) 2023-12-14 02:31:03 Started transferring output files
...
040 (1973092.000.000) 2023-12-14 02:31:03 Finished transferring output files
...
005 (1973092.000.000) 2023-12-14 02:31:03 Job terminated.
	(1) Normal termination (return value 0)
		Usr 0 00:00:18, Sys 0 00:00:01  -  Run Remote Usage
		Usr 0 00:00:00, Sys 0 00:00:00  -  Run Local Usage
		Usr 0 00:00:18, Sys 0 00:00:01  -  Total Remote Usage
		Usr 0 00:00:00, Sys 0 00:00:00  -  Total Local Usage
	18804  -  Run Bytes Sent By Job
	0  -  Run Bytes Received By Job
	18804  -  Total Bytes Sent By Job
	0  -  Total Bytes Received By Job
	Partitionable Resources :    Usage  Request Allocated 
	   Cpus                 :                 1         1 
	   Disk (KB)            :       90        2    312194 
	   Memory (MB)          :     1410     2048      2048 

	Job terminated of its own accord at 2023-12-14T10:31:03Z with exit-code 0.
...
