000 (1970718.000.000) 2023-12-14 02:17:24 Job submitted from host: <172.24.33.226:11547?addrs=172.24.33.226-11547&alias=sdfrome002.sdf.slac.stanford.edu>
    DAG Node: 55c7abae-8a20-43c7-bc4e-0d5d40c2e47c_ptcIsr_2023111201146_23
...
040 (1970718.000.000) 2023-12-14 02:22:54 Finished transferring input files
...
001 (1970718.000.000) 2023-12-14 02:22:54 Job executing on host: <172.24.33.143:42517?CCBID=172.24.33.225:9618%3faddrs%3d172.24.33.225-9618%26alias%3dsdfrome001.sdf.slac.stanford.edu#6220496&PrivNet=sdfrome078.sdf.slac.stanford.edu&addrs=172.24.33.143-42517&alias=sdfrome078.sdf.slac.stanford.edu>
	SlotName: slot_abrought_19079_1_12@sdfrome078.sdf.slac.stanford.edu
...
006 (1970718.000.000) 2023-12-14 02:23:03 Image size of job updated: 349924
	136  -  MemoryUsage of job (MB)
	138344  -  ResidentSetSize of job (KB)
...
006 (1970718.000.000) 2023-12-14 02:23:57 Image size of job updated: 2126736
	136  -  MemoryUsage of job (MB)
	138344  -  ResidentSetSize of job (KB)
...
040 (1970718.000.000) 2023-12-14 02:23:58 Started transferring output files
...
040 (1970718.000.000) 2023-12-14 02:23:58 Finished transferring output files
...
005 (1970718.000.000) 2023-12-14 02:23:58 Job terminated.
	(1) Normal termination (return value 0)
		Usr 0 00:00:37, Sys 0 00:00:06  -  Run Remote Usage
		Usr 0 00:00:00, Sys 0 00:00:00  -  Run Local Usage
		Usr 0 00:00:37, Sys 0 00:00:06  -  Total Remote Usage
		Usr 0 00:00:00, Sys 0 00:00:00  -  Total Local Usage
	18532  -  Run Bytes Sent By Job
	0  -  Run Bytes Received By Job
	18532  -  Total Bytes Sent By Job
	0  -  Total Bytes Received By Job
	Partitionable Resources :    Usage  Request Allocated 
	   Cpus                 :                 1         1 
	   Disk (KB)            :       90        2    312194 
	   Memory (MB)          :      136     2048      2048 

	Job terminated of its own accord at 2023-12-14T10:23:57Z with exit-code 0.
...
