000 (1970000.000.000) 2023-12-14 02:17:17 Job submitted from host: <172.24.33.226:11547?addrs=172.24.33.226-11547&alias=sdfrome002.sdf.slac.stanford.edu>
    DAG Node: 490fc7b9-6f37-4b88-84f0-28c453666cd4_ptcIsr_2023111201310_23
...
040 (1970000.000.000) 2023-12-14 02:20:14 Finished transferring input files
...
001 (1970000.000.000) 2023-12-14 02:20:14 Job executing on host: <172.24.33.213:33037?CCBID=172.24.33.225:9618%3faddrs%3d172.24.33.225-9618%26alias%3dsdfrome001.sdf.slac.stanford.edu#6220039&PrivNet=sdfrome022.sdf.slac.stanford.edu&addrs=172.24.33.213-33037&alias=sdfrome022.sdf.slac.stanford.edu>
	SlotName: slot_abrought_15721_1_22@sdfrome022.sdf.slac.stanford.edu
...
006 (1970000.000.000) 2023-12-14 02:20:22 Image size of job updated: 460
	1  -  MemoryUsage of job (MB)
	60  -  ResidentSetSize of job (KB)
...
006 (1970000.000.000) 2023-12-14 02:21:40 Image size of job updated: 2120824
	632  -  MemoryUsage of job (MB)
	646592  -  ResidentSetSize of job (KB)
...
040 (1970000.000.000) 2023-12-14 02:21:40 Started transferring output files
...
040 (1970000.000.000) 2023-12-14 02:21:40 Finished transferring output files
...
005 (1970000.000.000) 2023-12-14 02:21:40 Job terminated.
	(1) Normal termination (return value 0)
		Usr 0 00:00:22, Sys 0 00:00:07  -  Run Remote Usage
		Usr 0 00:00:00, Sys 0 00:00:00  -  Run Local Usage
		Usr 0 00:00:22, Sys 0 00:00:07  -  Total Remote Usage
		Usr 0 00:00:00, Sys 0 00:00:00  -  Total Local Usage
	18802  -  Run Bytes Sent By Job
	0  -  Run Bytes Received By Job
	18802  -  Total Bytes Sent By Job
	0  -  Total Bytes Received By Job
	Partitionable Resources :    Usage  Request Allocated 
	   Cpus                 :                 1         1 
	   Disk (KB)            :       90        2    312194 
	   Memory (MB)          :      632     2048      2048 

	Job terminated of its own accord at 2023-12-14T10:21:40Z with exit-code 0.
...
