000 (1971524.000.000) 2023-12-14 02:17:35 Job submitted from host: <172.24.33.226:11547?addrs=172.24.33.226-11547&alias=sdfrome002.sdf.slac.stanford.edu>
    DAG Node: ba8309b8-80a3-4e7e-92f0-f88aa9097009_ptcIsr_2023111201853_23
...
040 (1971524.000.000) 2023-12-14 02:25:22 Finished transferring input files
...
001 (1971524.000.000) 2023-12-14 02:25:22 Job executing on host: <172.24.33.213:33037?CCBID=172.24.33.225:9618%3faddrs%3d172.24.33.225-9618%26alias%3dsdfrome001.sdf.slac.stanford.edu#6220039&PrivNet=sdfrome022.sdf.slac.stanford.edu&addrs=172.24.33.213-33037&alias=sdfrome022.sdf.slac.stanford.edu>
	SlotName: slot_abrought_15721_1_10@sdfrome022.sdf.slac.stanford.edu
...
006 (1971524.000.000) 2023-12-14 02:25:31 Image size of job updated: 275140
	69  -  MemoryUsage of job (MB)
	70196  -  ResidentSetSize of job (KB)
...
006 (1971524.000.000) 2023-12-14 02:26:25 Image size of job updated: 2177008
	612  -  MemoryUsage of job (MB)
	626312  -  ResidentSetSize of job (KB)
...
040 (1971524.000.000) 2023-12-14 02:26:26 Started transferring output files
...
040 (1971524.000.000) 2023-12-14 02:26:26 Finished transferring output files
...
005 (1971524.000.000) 2023-12-14 02:26:26 Job terminated.
	(1) Normal termination (return value 0)
		Usr 0 00:00:23, Sys 0 00:00:03  -  Run Remote Usage
		Usr 0 00:00:00, Sys 0 00:00:00  -  Run Local Usage
		Usr 0 00:00:23, Sys 0 00:00:03  -  Total Remote Usage
		Usr 0 00:00:00, Sys 0 00:00:00  -  Total Local Usage
	19073  -  Run Bytes Sent By Job
	0  -  Run Bytes Received By Job
	19073  -  Total Bytes Sent By Job
	0  -  Total Bytes Received By Job
	Partitionable Resources :    Usage  Request Allocated 
	   Cpus                 :                 1         1 
	   Disk (KB)            :       91        2    312194 
	   Memory (MB)          :      612     2048      2048 

	Job terminated of its own accord at 2023-12-14T10:26:25Z with exit-code 0.
...
