000 (1972844.000.000) 2023-12-14 02:17:49 Job submitted from host: <172.24.33.226:11547?addrs=172.24.33.226-11547&alias=sdfrome002.sdf.slac.stanford.edu>
    DAG Node: 7a04dab4-7c90-4785-8b25-9216089d4a8d_ptcIsr_2023111200377_23
...
040 (1972844.000.000) 2023-12-14 02:29:10 Finished transferring input files
...
001 (1972844.000.000) 2023-12-14 02:29:10 Job executing on host: <172.24.33.213:41467?CCBID=172.24.33.225:9618%3faddrs%3d172.24.33.225-9618%26alias%3dsdfrome001.sdf.slac.stanford.edu#6220037&PrivNet=sdfrome022.sdf.slac.stanford.edu&addrs=172.24.33.213-41467&alias=sdfrome022.sdf.slac.stanford.edu>
	SlotName: slot_abrought_435_1_17@sdfrome022.sdf.slac.stanford.edu
...
006 (1972844.000.000) 2023-12-14 02:29:20 Image size of job updated: 293320
	85  -  MemoryUsage of job (MB)
	86840  -  ResidentSetSize of job (KB)
...
006 (1972844.000.000) 2023-12-14 02:30:03 Image size of job updated: 2212464
	1413  -  MemoryUsage of job (MB)
	1446280  -  ResidentSetSize of job (KB)
...
040 (1972844.000.000) 2023-12-14 02:30:03 Started transferring output files
...
040 (1972844.000.000) 2023-12-14 02:30:03 Finished transferring output files
...
005 (1972844.000.000) 2023-12-14 02:30:03 Job terminated.
	(1) Normal termination (return value 0)
		Usr 0 00:00:19, Sys 0 00:00:03  -  Run Remote Usage
		Usr 0 00:00:00, Sys 0 00:00:00  -  Run Local Usage
		Usr 0 00:00:19, Sys 0 00:00:03  -  Total Remote Usage
		Usr 0 00:00:00, Sys 0 00:00:00  -  Total Local Usage
	19074  -  Run Bytes Sent By Job
	0  -  Run Bytes Received By Job
	19074  -  Total Bytes Sent By Job
	0  -  Total Bytes Received By Job
	Partitionable Resources :    Usage  Request Allocated 
	   Cpus                 :     0.21        1         1 
	   Disk (KB)            :    97           2    312194 
	   Memory (MB)          :  1413        2048      2048 

	Job terminated of its own accord at 2023-12-14T10:30:03Z with exit-code 0.
...
