000 (1972464.000.000) 2023-12-14 02:17:44 Job submitted from host: <172.24.33.226:11547?addrs=172.24.33.226-11547&alias=sdfrome002.sdf.slac.stanford.edu>
    DAG Node: 99014438-9349-4740-a98e-1327ea840b98_ptcIsr_2023111101740_23
...
040 (1972464.000.000) 2023-12-14 02:27:58 Finished transferring input files
...
001 (1972464.000.000) 2023-12-14 02:27:58 Job executing on host: <172.24.33.213:43829?CCBID=172.24.33.225:9618%3faddrs%3d172.24.33.225-9618%26alias%3dsdfrome001.sdf.slac.stanford.edu#6220038&PrivNet=sdfrome022.sdf.slac.stanford.edu&addrs=172.24.33.213-43829&alias=sdfrome022.sdf.slac.stanford.edu>
	SlotName: slot_abrought_31850_1_20@sdfrome022.sdf.slac.stanford.edu
...
006 (1972464.000.000) 2023-12-14 02:28:06 Image size of job updated: 321020
	111  -  MemoryUsage of job (MB)
	112752  -  ResidentSetSize of job (KB)
...
006 (1972464.000.000) 2023-12-14 02:28:45 Image size of job updated: 2068348
	111  -  MemoryUsage of job (MB)
	112752  -  ResidentSetSize of job (KB)
...
040 (1972464.000.000) 2023-12-14 02:28:46 Started transferring output files
...
040 (1972464.000.000) 2023-12-14 02:28:46 Finished transferring output files
...
005 (1972464.000.000) 2023-12-14 02:28:46 Job terminated.
	(1) Normal termination (return value 0)
		Usr 0 00:00:22, Sys 0 00:00:03  -  Run Remote Usage
		Usr 0 00:00:00, Sys 0 00:00:00  -  Run Local Usage
		Usr 0 00:00:22, Sys 0 00:00:03  -  Total Remote Usage
		Usr 0 00:00:00, Sys 0 00:00:00  -  Total Local Usage
	18802  -  Run Bytes Sent By Job
	0  -  Run Bytes Received By Job
	18802  -  Total Bytes Sent By Job
	0  -  Total Bytes Received By Job
	Partitionable Resources :    Usage  Request Allocated 
	   Cpus                 :                 1         1 
	   Disk (KB)            :       90        2    312194 
	   Memory (MB)          :      111     2048      2048 

	Job terminated of its own accord at 2023-12-14T10:28:45Z with exit-code 0.
...
