000 (1971133.000.000) 2023-12-14 02:17:30 Job submitted from host: <172.24.33.226:11547?addrs=172.24.33.226-11547&alias=sdfrome002.sdf.slac.stanford.edu>
    DAG Node: dfb2da00-0f9d-404c-a81d-989b72d970c6_ptcIsr_2023111203426_23
...
040 (1971133.000.000) 2023-12-14 02:24:06 Finished transferring input files
...
001 (1971133.000.000) 2023-12-14 02:24:06 Job executing on host: <172.24.33.213:43829?CCBID=172.24.33.225:9618%3faddrs%3d172.24.33.225-9618%26alias%3dsdfrome001.sdf.slac.stanford.edu#6220038&PrivNet=sdfrome022.sdf.slac.stanford.edu&addrs=172.24.33.213-43829&alias=sdfrome022.sdf.slac.stanford.edu>
	SlotName: slot_abrought_31850_1_23@sdfrome022.sdf.slac.stanford.edu
...
006 (1971133.000.000) 2023-12-14 02:24:14 Image size of job updated: 295228
	87  -  MemoryUsage of job (MB)
	88976  -  ResidentSetSize of job (KB)
...
006 (1971133.000.000) 2023-12-14 02:24:58 Image size of job updated: 2198388
	87  -  MemoryUsage of job (MB)
	88976  -  ResidentSetSize of job (KB)
...
040 (1971133.000.000) 2023-12-14 02:24:58 Started transferring output files
...
040 (1971133.000.000) 2023-12-14 02:24:58 Finished transferring output files
...
005 (1971133.000.000) 2023-12-14 02:24:58 Job terminated.
	(1) Normal termination (return value 0)
		Usr 0 00:00:21, Sys 0 00:00:03  -  Run Remote Usage
		Usr 0 00:00:00, Sys 0 00:00:00  -  Run Local Usage
		Usr 0 00:00:21, Sys 0 00:00:03  -  Total Remote Usage
		Usr 0 00:00:00, Sys 0 00:00:00  -  Total Local Usage
	19073  -  Run Bytes Sent By Job
	0  -  Run Bytes Received By Job
	19073  -  Total Bytes Sent By Job
	0  -  Total Bytes Received By Job
	Partitionable Resources :    Usage  Request Allocated 
	   Cpus                 :     0.25        1         1 
	   Disk (KB)            :    97           2    312194 
	   Memory (MB)          :    87        2048      2048 

	Job terminated of its own accord at 2023-12-14T10:24:58Z with exit-code 0.
...
