000 (1972072.000.000) 2023-12-14 02:17:41 Job submitted from host: <172.24.33.226:11547?addrs=172.24.33.226-11547&alias=sdfrome002.sdf.slac.stanford.edu>
    DAG Node: a5e7cbf6-ad7e-4635-967b-a0245c8c93aa_ptcIsr_2023111201413_23
...
040 (1972072.000.000) 2023-12-14 02:26:51 Finished transferring input files
...
001 (1972072.000.000) 2023-12-14 02:26:51 Job executing on host: <172.24.33.124:39697?CCBID=172.24.33.225:9618%3faddrs%3d172.24.33.225-9618%26alias%3dsdfrome001.sdf.slac.stanford.edu#6220015&PrivNet=sdfrome059.sdf.slac.stanford.edu&addrs=172.24.33.124-39697&alias=sdfrome059.sdf.slac.stanford.edu>
	SlotName: slot_abrought_7836_1_6@sdfrome059.sdf.slac.stanford.edu
...
006 (1972072.000.000) 2023-12-14 02:27:00 Image size of job updated: 323164
	111  -  MemoryUsage of job (MB)
	113240  -  ResidentSetSize of job (KB)
...
006 (1972072.000.000) 2023-12-14 02:27:36 Image size of job updated: 2186452
	1342  -  MemoryUsage of job (MB)
	1373884  -  ResidentSetSize of job (KB)
...
040 (1972072.000.000) 2023-12-14 02:27:36 Started transferring output files
...
040 (1972072.000.000) 2023-12-14 02:27:36 Finished transferring output files
...
005 (1972072.000.000) 2023-12-14 02:27:36 Job terminated.
	(1) Normal termination (return value 0)
		Usr 0 00:00:20, Sys 0 00:00:03  -  Run Remote Usage
		Usr 0 00:00:00, Sys 0 00:00:00  -  Run Local Usage
		Usr 0 00:00:20, Sys 0 00:00:03  -  Total Remote Usage
		Usr 0 00:00:00, Sys 0 00:00:00  -  Total Local Usage
	19073  -  Run Bytes Sent By Job
	0  -  Run Bytes Received By Job
	19073  -  Total Bytes Sent By Job
	0  -  Total Bytes Received By Job
	Partitionable Resources :    Usage  Request Allocated 
	   Cpus                 :                 1         1 
	   Disk (KB)            :       91        2    312194 
	   Memory (MB)          :     1342     2048      2048 

	Job terminated of its own accord at 2023-12-14T10:27:36Z with exit-code 0.
...
