000 (1972654.000.000) 2023-12-14 02:17:47 Job submitted from host: <172.24.33.226:11547?addrs=172.24.33.226-11547&alias=sdfrome002.sdf.slac.stanford.edu>
    DAG Node: d33daf8a-8854-4e50-8126-753fde0ddbbc_ptcIsr_2023111203615_23
...
040 (1972654.000.000) 2023-12-14 02:28:36 Finished transferring input files
...
001 (1972654.000.000) 2023-12-14 02:28:36 Job executing on host: <172.24.33.213:33037?CCBID=172.24.33.225:9618%3faddrs%3d172.24.33.225-9618%26alias%3dsdfrome001.sdf.slac.stanford.edu#6220039&PrivNet=sdfrome022.sdf.slac.stanford.edu&addrs=172.24.33.213-33037&alias=sdfrome022.sdf.slac.stanford.edu>
	SlotName: slot_abrought_15721_1_21@sdfrome022.sdf.slac.stanford.edu
...
006 (1972654.000.000) 2023-12-14 02:28:45 Image size of job updated: 261740
	57  -  MemoryUsage of job (MB)
	58060  -  ResidentSetSize of job (KB)
...
006 (1972654.000.000) 2023-12-14 02:29:38 Image size of job updated: 2069436
	57  -  MemoryUsage of job (MB)
	58060  -  ResidentSetSize of job (KB)
...
040 (1972654.000.000) 2023-12-14 02:29:38 Started transferring output files
...
040 (1972654.000.000) 2023-12-14 02:29:38 Finished transferring output files
...
005 (1972654.000.000) 2023-12-14 02:29:38 Job terminated.
	(1) Normal termination (return value 0)
		Usr 0 00:00:20, Sys 0 00:00:03  -  Run Remote Usage
		Usr 0 00:00:00, Sys 0 00:00:00  -  Run Local Usage
		Usr 0 00:00:20, Sys 0 00:00:03  -  Total Remote Usage
		Usr 0 00:00:00, Sys 0 00:00:00  -  Total Local Usage
	18803  -  Run Bytes Sent By Job
	0  -  Run Bytes Received By Job
	18803  -  Total Bytes Sent By Job
	0  -  Total Bytes Received By Job
	Partitionable Resources :    Usage  Request Allocated 
	   Cpus                 :     0.49        1         1 
	   Disk (KB)            :    97           2    312194 
	   Memory (MB)          :    57        2048      2048 

	Job terminated of its own accord at 2023-12-14T10:29:38Z with exit-code 0.
...
