000 (1971876.000.000) 2023-12-14 02:17:37 Job submitted from host: <172.24.33.226:11547?addrs=172.24.33.226-11547&alias=sdfrome002.sdf.slac.stanford.edu>
    DAG Node: fade8a8b-2633-4fcc-bc84-fe624b8df5be_ptcIsr_2023111101029_23
...
040 (1971876.000.000) 2023-12-14 02:26:15 Finished transferring input files
...
001 (1971876.000.000) 2023-12-14 02:26:15 Job executing on host: <172.24.48.149:38613?CCBID=172.24.33.225:9618%3faddrs%3d172.24.33.225-9618%26alias%3dsdfrome001.sdf.slac.stanford.edu#6219698&PrivNet=sdfmilan049.sdf.slac.stanford.edu&addrs=172.24.48.149-38613&alias=sdfmilan049.sdf.slac.stanford.edu>
	SlotName: slot_abrought_1727_1_23@sdfmilan049.sdf.slac.stanford.edu
...
006 (1971876.000.000) 2023-12-14 02:26:23 Image size of job updated: 280760
	74  -  MemoryUsage of job (MB)
	74960  -  ResidentSetSize of job (KB)
...
006 (1971876.000.000) 2023-12-14 02:27:30 Image size of job updated: 2175020
	636  -  MemoryUsage of job (MB)
	651176  -  ResidentSetSize of job (KB)
...
040 (1971876.000.000) 2023-12-14 02:27:31 Started transferring output files
...
040 (1971876.000.000) 2023-12-14 02:27:31 Finished transferring output files
...
005 (1971876.000.000) 2023-12-14 02:27:31 Job terminated.
	(1) Normal termination (return value 0)
		Usr 0 00:00:22, Sys 0 00:00:02  -  Run Remote Usage
		Usr 0 00:00:00, Sys 0 00:00:00  -  Run Local Usage
		Usr 0 00:00:22, Sys 0 00:00:02  -  Total Remote Usage
		Usr 0 00:00:00, Sys 0 00:00:00  -  Total Local Usage
	19073  -  Run Bytes Sent By Job
	0  -  Run Bytes Received By Job
	19073  -  Total Bytes Sent By Job
	0  -  Total Bytes Received By Job
	Partitionable Resources :    Usage  Request Allocated 
	   Cpus                 :     0.19        1         1 
	   Disk (KB)            :    97           2    312194 
	   Memory (MB)          :   636        2048      2048 

	Job terminated of its own accord at 2023-12-14T10:27:30Z with exit-code 0.
...
