000 (1972772.000.000) 2023-12-14 02:17:48 Job submitted from host: <172.24.33.226:11547?addrs=172.24.33.226-11547&alias=sdfrome002.sdf.slac.stanford.edu>
    DAG Node: b8436651-660b-43d1-9927-7ff5b9176036_ptcIsr_2023111301028_23
...
040 (1972772.000.000) 2023-12-14 02:28:56 Finished transferring input files
...
001 (1972772.000.000) 2023-12-14 02:28:56 Job executing on host: <172.24.33.147:42953?CCBID=172.24.33.225:9618%3faddrs%3d172.24.33.225-9618%26alias%3dsdfrome001.sdf.slac.stanford.edu#6219703&PrivNet=sdfrome082.sdf.slac.stanford.edu&addrs=172.24.33.147-42953&alias=sdfrome082.sdf.slac.stanford.edu>
	SlotName: slot_abrought_48_1_6@sdfrome082.sdf.slac.stanford.edu
...
006 (1972772.000.000) 2023-12-14 02:29:04 Image size of job updated: 357784
	143  -  MemoryUsage of job (MB)
	146196  -  ResidentSetSize of job (KB)
...
006 (1972772.000.000) 2023-12-14 02:29:38 Image size of job updated: 2068356
	1307  -  MemoryUsage of job (MB)
	1337868  -  ResidentSetSize of job (KB)
...
040 (1972772.000.000) 2023-12-14 02:29:38 Started transferring output files
...
040 (1972772.000.000) 2023-12-14 02:29:38 Finished transferring output files
...
005 (1972772.000.000) 2023-12-14 02:29:38 Job terminated.
	(1) Normal termination (return value 0)
		Usr 0 00:00:17, Sys 0 00:00:03  -  Run Remote Usage
		Usr 0 00:00:00, Sys 0 00:00:00  -  Run Local Usage
		Usr 0 00:00:17, Sys 0 00:00:03  -  Total Remote Usage
		Usr 0 00:00:00, Sys 0 00:00:00  -  Total Local Usage
	18801  -  Run Bytes Sent By Job
	0  -  Run Bytes Received By Job
	18801  -  Total Bytes Sent By Job
	0  -  Total Bytes Received By Job
	Partitionable Resources :    Usage  Request Allocated 
	   Cpus                 :                 1         1 
	   Disk (KB)            :       90        2    312116 
	   Memory (MB)          :     1307     2048      2048 

	Job terminated of its own accord at 2023-12-14T10:29:38Z with exit-code 0.
...
