000 (1971028.000.000) 2023-12-14 02:17:29 Job submitted from host: <172.24.33.226:11547?addrs=172.24.33.226-11547&alias=sdfrome002.sdf.slac.stanford.edu>
    DAG Node: 99b957eb-7a9c-444f-b15f-3a0dbdecc89e_ptcIsr_2023111201808_23
...
040 (1971028.000.000) 2023-12-14 02:23:51 Finished transferring input files
...
001 (1971028.000.000) 2023-12-14 02:23:51 Job executing on host: <172.24.33.124:44469?CCBID=172.24.33.225:9618%3faddrs%3d172.24.33.225-9618%26alias%3dsdfrome001.sdf.slac.stanford.edu#6220017&PrivNet=sdfrome059.sdf.slac.stanford.edu&addrs=172.24.33.124-44469&alias=sdfrome059.sdf.slac.stanford.edu>
	SlotName: slot_abrought_2668_1_5@sdfrome059.sdf.slac.stanford.edu
...
006 (1971028.000.000) 2023-12-14 02:24:00 Image size of job updated: 279736
	73  -  MemoryUsage of job (MB)
	74348  -  ResidentSetSize of job (KB)
...
006 (1971028.000.000) 2023-12-14 02:24:57 Image size of job updated: 2194384
	73  -  MemoryUsage of job (MB)
	74348  -  ResidentSetSize of job (KB)
...
040 (1971028.000.000) 2023-12-14 02:24:57 Started transferring output files
...
040 (1971028.000.000) 2023-12-14 02:24:57 Finished transferring output files
...
005 (1971028.000.000) 2023-12-14 02:24:57 Job terminated.
	(1) Normal termination (return value 0)
		Usr 0 00:00:21, Sys 0 00:00:04  -  Run Remote Usage
		Usr 0 00:00:00, Sys 0 00:00:00  -  Run Local Usage
		Usr 0 00:00:21, Sys 0 00:00:04  -  Total Remote Usage
		Usr 0 00:00:00, Sys 0 00:00:00  -  Total Local Usage
	18803  -  Run Bytes Sent By Job
	0  -  Run Bytes Received By Job
	18803  -  Total Bytes Sent By Job
	0  -  Total Bytes Received By Job
	Partitionable Resources :    Usage  Request Allocated 
	   Cpus                 :     0.22        1         1 
	   Disk (KB)            :    97           2    312194 
	   Memory (MB)          :    73        2048      2048 

	Job terminated of its own accord at 2023-12-14T10:24:57Z with exit-code 0.
...
