000 (1969778.000.000) 2023-12-14 02:17:12 Job submitted from host: <172.24.33.226:11547?addrs=172.24.33.226-11547&alias=sdfrome002.sdf.slac.stanford.edu>
    DAG Node: b497ae9a-59fe-4517-b7fe-92785aab6ff2_ptcIsr_2023111202556_23
...
040 (1969778.000.000) 2023-12-14 02:20:09 Finished transferring input files
...
001 (1969778.000.000) 2023-12-14 02:20:10 Job executing on host: <172.24.33.124:39697?CCBID=172.24.33.225:9618%3faddrs%3d172.24.33.225-9618%26alias%3dsdfrome001.sdf.slac.stanford.edu#6220015&PrivNet=sdfrome059.sdf.slac.stanford.edu&addrs=172.24.33.124-39697&alias=sdfrome059.sdf.slac.stanford.edu>
	SlotName: slot_abrought_7836_1_4@sdfrome059.sdf.slac.stanford.edu
...
006 (1969778.000.000) 2023-12-14 02:20:18 Image size of job updated: 277364
	71  -  MemoryUsage of job (MB)
	72300  -  ResidentSetSize of job (KB)
...
006 (1969778.000.000) 2023-12-14 02:21:14 Image size of job updated: 2077480
	71  -  MemoryUsage of job (MB)
	72300  -  ResidentSetSize of job (KB)
...
040 (1969778.000.000) 2023-12-14 02:21:15 Started transferring output files
...
040 (1969778.000.000) 2023-12-14 02:21:15 Finished transferring output files
...
005 (1969778.000.000) 2023-12-14 02:21:16 Job terminated.
	(1) Normal termination (return value 0)
		Usr 0 00:00:21, Sys 0 00:00:13  -  Run Remote Usage
		Usr 0 00:00:00, Sys 0 00:00:00  -  Run Local Usage
		Usr 0 00:00:21, Sys 0 00:00:13  -  Total Remote Usage
		Usr 0 00:00:00, Sys 0 00:00:00  -  Total Local Usage
	18533  -  Run Bytes Sent By Job
	0  -  Run Bytes Received By Job
	18533  -  Total Bytes Sent By Job
	0  -  Total Bytes Received By Job
	Partitionable Resources :    Usage  Request Allocated 
	   Cpus                 :                 1         1 
	   Disk (KB)            :       90        2    312194 
	   Memory (MB)          :       71     2048      2048 

	Job terminated of its own accord at 2023-12-14T10:21:14Z with exit-code 0.
...
