000 (1969528.000.000) 2023-12-14 02:17:11 Job submitted from host: <172.24.33.226:11547?addrs=172.24.33.226-11547&alias=sdfrome002.sdf.slac.stanford.edu>
    DAG Node: de159657-e94a-4730-b221-ecfbd2a846a7_ptcIsr_2023111202141_23
...
040 (1969528.000.000) 2023-12-14 02:18:10 Finished transferring input files
...
001 (1969528.000.000) 2023-12-14 02:18:10 Job executing on host: <172.24.48.186:33679?CCBID=172.24.33.225:9618%3faddrs%3d172.24.33.225-9618%26alias%3dsdfrome001.sdf.slac.stanford.edu#6219700&PrivNet=sdfmilan114.sdf.slac.stanford.edu&addrs=172.24.48.186-33679&alias=sdfmilan114.sdf.slac.stanford.edu>
	SlotName: slot_abrought_14493_1_16@sdfmilan114.sdf.slac.stanford.edu
...
006 (1969528.000.000) 2023-12-14 02:18:19 Image size of job updated: 271104
	65  -  MemoryUsage of job (MB)
	66236  -  ResidentSetSize of job (KB)
...
006 (1969528.000.000) 2023-12-14 02:19:16 Image size of job updated: 2117648
	1229  -  MemoryUsage of job (MB)
	1257588  -  ResidentSetSize of job (KB)
...
040 (1969528.000.000) 2023-12-14 02:19:16 Started transferring output files
...
040 (1969528.000.000) 2023-12-14 02:19:16 Finished transferring output files
...
005 (1969528.000.000) 2023-12-14 02:19:16 Job terminated.
	(1) Normal termination (return value 0)
		Usr 0 00:00:18, Sys 0 00:00:02  -  Run Remote Usage
		Usr 0 00:00:00, Sys 0 00:00:00  -  Run Local Usage
		Usr 0 00:00:18, Sys 0 00:00:02  -  Total Remote Usage
		Usr 0 00:00:00, Sys 0 00:00:00  -  Total Local Usage
	19075  -  Run Bytes Sent By Job
	0  -  Run Bytes Received By Job
	19075  -  Total Bytes Sent By Job
	0  -  Total Bytes Received By Job
	Partitionable Resources :    Usage  Request Allocated 
	   Cpus                 :                 1         1 
	   Disk (KB)            :       91        2    312193 
	   Memory (MB)          :     1229     2048      2048 

	Job terminated of its own accord at 2023-12-14T10:19:16Z with exit-code 0.
...
