000 (1973250.000.000) 2023-12-14 02:17:54 Job submitted from host: <172.24.33.226:11547?addrs=172.24.33.226-11547&alias=sdfrome002.sdf.slac.stanford.edu>
    DAG Node: 2cc9dda9-c9bf-4847-bb5d-dc705cf82d61_ptcIsr_2023111300009_23
...
040 (1973250.000.000) 2023-12-14 02:30:09 Finished transferring input files
...
001 (1973250.000.000) 2023-12-14 02:30:09 Job executing on host: <172.24.33.213:43829?CCBID=172.24.33.225:9618%3faddrs%3d172.24.33.225-9618%26alias%3dsdfrome001.sdf.slac.stanford.edu#6220038&PrivNet=sdfrome022.sdf.slac.stanford.edu&addrs=172.24.33.213-43829&alias=sdfrome022.sdf.slac.stanford.edu>
	SlotName: slot_abrought_31850_1_14@sdfrome022.sdf.slac.stanford.edu
...
006 (1973250.000.000) 2023-12-14 02:30:19 Image size of job updated: 293340
	85  -  MemoryUsage of job (MB)
	87036  -  ResidentSetSize of job (KB)
...
006 (1973250.000.000) 2023-12-14 02:31:06 Image size of job updated: 2064296
	634  -  MemoryUsage of job (MB)
	649200  -  ResidentSetSize of job (KB)
...
040 (1973250.000.000) 2023-12-14 02:31:06 Started transferring output files
...
040 (1973250.000.000) 2023-12-14 02:31:06 Finished transferring output files
...
005 (1973250.000.000) 2023-12-14 02:31:06 Job terminated.
	(1) Normal termination (return value 0)
		Usr 0 00:00:22, Sys 0 00:00:04  -  Run Remote Usage
		Usr 0 00:00:00, Sys 0 00:00:00  -  Run Local Usage
		Usr 0 00:00:22, Sys 0 00:00:04  -  Total Remote Usage
		Usr 0 00:00:00, Sys 0 00:00:00  -  Total Local Usage
	18800  -  Run Bytes Sent By Job
	0  -  Run Bytes Received By Job
	18800  -  Total Bytes Sent By Job
	0  -  Total Bytes Received By Job
	Partitionable Resources :    Usage  Request Allocated 
	   Cpus                 :                 1         1 
	   Disk (KB)            :       90        2    312194 
	   Memory (MB)          :      634     2048      2048 

	Job terminated of its own accord at 2023-12-14T10:31:06Z with exit-code 0.
...
