000 (1971799.000.000) 2023-12-14 02:17:37 Job submitted from host: <172.24.33.226:11547?addrs=172.24.33.226-11547&alias=sdfrome002.sdf.slac.stanford.edu>
    DAG Node: 57f54677-1230-4e5b-b539-25b4812749c2_ptcIsr_2023111301037_23
...
040 (1971799.000.000) 2023-12-14 02:26:04 Finished transferring input files
...
001 (1971799.000.000) 2023-12-14 02:26:05 Job executing on host: <172.24.33.213:41467?CCBID=172.24.33.225:9618%3faddrs%3d172.24.33.225-9618%26alias%3dsdfrome001.sdf.slac.stanford.edu#6220037&PrivNet=sdfrome022.sdf.slac.stanford.edu&addrs=172.24.33.213-41467&alias=sdfrome022.sdf.slac.stanford.edu>
	SlotName: slot_abrought_435_1_12@sdfrome022.sdf.slac.stanford.edu
...
006 (1971799.000.000) 2023-12-14 02:26:13 Image size of job updated: 262880
	57  -  MemoryUsage of job (MB)
	58288  -  ResidentSetSize of job (KB)
...
006 (1971799.000.000) 2023-12-14 02:26:58 Image size of job updated: 2262132
	659  -  MemoryUsage of job (MB)
	674612  -  ResidentSetSize of job (KB)
...
040 (1971799.000.000) 2023-12-14 02:26:58 Started transferring output files
...
040 (1971799.000.000) 2023-12-14 02:26:58 Finished transferring output files
...
005 (1971799.000.000) 2023-12-14 02:26:58 Job terminated.
	(1) Normal termination (return value 0)
		Usr 0 00:00:24, Sys 0 00:00:03  -  Run Remote Usage
		Usr 0 00:00:00, Sys 0 00:00:00  -  Run Local Usage
		Usr 0 00:00:24, Sys 0 00:00:03  -  Total Remote Usage
		Usr 0 00:00:00, Sys 0 00:00:00  -  Total Local Usage
	19074  -  Run Bytes Sent By Job
	0  -  Run Bytes Received By Job
	19074  -  Total Bytes Sent By Job
	0  -  Total Bytes Received By Job
	Partitionable Resources :    Usage  Request Allocated 
	   Cpus                 :                 1         1 
	   Disk (KB)            :       91        2    312194 
	   Memory (MB)          :      659     2048      2048 

	Job terminated of its own accord at 2023-12-14T10:26:58Z with exit-code 0.
...
