000 (1970191.000.000) 2023-12-14 02:17:18 Job submitted from host: <172.24.33.226:11547?addrs=172.24.33.226-11547&alias=sdfrome002.sdf.slac.stanford.edu>
    DAG Node: 98725cfe-1099-46f3-9db3-8a31964be1ea_ptcIsr_2023111300281_23
...
040 (1970191.000.000) 2023-12-14 02:21:04 Finished transferring input files
...
001 (1970191.000.000) 2023-12-14 02:21:04 Job executing on host: <172.24.48.186:33679?CCBID=172.24.33.225:9618%3faddrs%3d172.24.33.225-9618%26alias%3dsdfrome001.sdf.slac.stanford.edu#6219700&PrivNet=sdfmilan114.sdf.slac.stanford.edu&addrs=172.24.48.186-33679&alias=sdfmilan114.sdf.slac.stanford.edu>
	SlotName: slot_abrought_14493_1_17@sdfmilan114.sdf.slac.stanford.edu
...
006 (1970191.000.000) 2023-12-14 02:21:13 Image size of job updated: 305268
	95  -  MemoryUsage of job (MB)
	96612  -  ResidentSetSize of job (KB)
...
006 (1970191.000.000) 2023-12-14 02:21:58 Image size of job updated: 2148488
	629  -  MemoryUsage of job (MB)
	643800  -  ResidentSetSize of job (KB)
...
040 (1970191.000.000) 2023-12-14 02:21:58 Started transferring output files
...
040 (1970191.000.000) 2023-12-14 02:21:58 Finished transferring output files
...
005 (1970191.000.000) 2023-12-14 02:21:58 Job terminated.
	(1) Normal termination (return value 0)
		Usr 0 00:00:21, Sys 0 00:00:03  -  Run Remote Usage
		Usr 0 00:00:00, Sys 0 00:00:00  -  Run Local Usage
		Usr 0 00:00:21, Sys 0 00:00:03  -  Total Remote Usage
		Usr 0 00:00:00, Sys 0 00:00:00  -  Total Local Usage
	19072  -  Run Bytes Sent By Job
	0  -  Run Bytes Received By Job
	19072  -  Total Bytes Sent By Job
	0  -  Total Bytes Received By Job
	Partitionable Resources :    Usage  Request Allocated 
	   Cpus                 :     0.55        1         1 
	   Disk (KB)            :    97           2    312193 
	   Memory (MB)          :   629        2048      2048 

	Job terminated of its own accord at 2023-12-14T10:21:58Z with exit-code 0.
...
