000 (1972134.000.000) 2023-12-14 02:17:42 Job submitted from host: <172.24.33.226:11547?addrs=172.24.33.226-11547&alias=sdfrome002.sdf.slac.stanford.edu>
    DAG Node: a63e5e6e-ea9c-49ba-aefe-302d8d6a4f33_ptcIsr_2023111203348_23
...
040 (1972134.000.000) 2023-12-14 02:26:58 Finished transferring input files
...
001 (1972134.000.000) 2023-12-14 02:26:58 Job executing on host: <172.24.48.185:41489?CCBID=172.24.33.225:9618%3faddrs%3d172.24.33.225-9618%26alias%3dsdfrome001.sdf.slac.stanford.edu#6219699&PrivNet=sdfmilan113.sdf.slac.stanford.edu&addrs=172.24.48.185-41489&alias=sdfmilan113.sdf.slac.stanford.edu>
	SlotName: slot_abrought_18623_1_21@sdfmilan113.sdf.slac.stanford.edu
...
006 (1972134.000.000) 2023-12-14 02:27:07 Image size of job updated: 266920
	61  -  MemoryUsage of job (MB)
	61864  -  ResidentSetSize of job (KB)
...
006 (1972134.000.000) 2023-12-14 02:28:06 Image size of job updated: 2134572
	61  -  MemoryUsage of job (MB)
	61864  -  ResidentSetSize of job (KB)
...
040 (1972134.000.000) 2023-12-14 02:28:06 Started transferring output files
...
040 (1972134.000.000) 2023-12-14 02:28:06 Finished transferring output files
...
005 (1972134.000.000) 2023-12-14 02:28:06 Job terminated.
	(1) Normal termination (return value 0)
		Usr 0 00:00:19, Sys 0 00:00:03  -  Run Remote Usage
		Usr 0 00:00:00, Sys 0 00:00:00  -  Run Local Usage
		Usr 0 00:00:19, Sys 0 00:00:03  -  Total Remote Usage
		Usr 0 00:00:00, Sys 0 00:00:00  -  Total Local Usage
	18803  -  Run Bytes Sent By Job
	0  -  Run Bytes Received By Job
	18803  -  Total Bytes Sent By Job
	0  -  Total Bytes Received By Job
	Partitionable Resources :    Usage  Request Allocated 
	   Cpus                 :                 1         1 
	   Disk (KB)            :       90        2    312194 
	   Memory (MB)          :       61     2048      2048 

	Job terminated of its own accord at 2023-12-14T10:28:06Z with exit-code 0.
...
