000 (1970516.000.000) 2023-12-14 02:17:23 Job submitted from host: <172.24.33.226:11547?addrs=172.24.33.226-11547&alias=sdfrome002.sdf.slac.stanford.edu>
    DAG Node: 01279de3-acd9-4258-af4a-cefa93615784_ptcIsr_2023111201416_23
...
040 (1970516.000.000) 2023-12-14 02:22:11 Finished transferring input files
...
001 (1970516.000.000) 2023-12-14 02:22:11 Job executing on host: <172.24.33.124:39661?CCBID=172.24.33.225:9618%3faddrs%3d172.24.33.225-9618%26alias%3dsdfrome001.sdf.slac.stanford.edu#6220018&PrivNet=sdfrome059.sdf.slac.stanford.edu&addrs=172.24.33.124-39661&alias=sdfrome059.sdf.slac.stanford.edu>
	SlotName: slot_abrought_25802_1_11@sdfrome059.sdf.slac.stanford.edu
...
006 (1970516.000.000) 2023-12-14 02:22:20 Image size of job updated: 339556
	125  -  MemoryUsage of job (MB)
	127932  -  ResidentSetSize of job (KB)
...
006 (1970516.000.000) 2023-12-14 02:22:57 Image size of job updated: 2143860
	615  -  MemoryUsage of job (MB)
	629336  -  ResidentSetSize of job (KB)
...
040 (1970516.000.000) 2023-12-14 02:22:58 Started transferring output files
...
040 (1970516.000.000) 2023-12-14 02:22:58 Finished transferring output files
...
005 (1970516.000.000) 2023-12-14 02:22:58 Job terminated.
	(1) Normal termination (return value 0)
		Usr 0 00:00:25, Sys 0 00:00:07  -  Run Remote Usage
		Usr 0 00:00:00, Sys 0 00:00:00  -  Run Local Usage
		Usr 0 00:00:25, Sys 0 00:00:07  -  Total Remote Usage
		Usr 0 00:00:00, Sys 0 00:00:00  -  Total Local Usage
	18801  -  Run Bytes Sent By Job
	0  -  Run Bytes Received By Job
	18801  -  Total Bytes Sent By Job
	0  -  Total Bytes Received By Job
	Partitionable Resources :    Usage  Request Allocated 
	   Cpus                 :                 1         1 
	   Disk (KB)            :       90        2    312194 
	   Memory (MB)          :      615     2048      2048 

	Job terminated of its own accord at 2023-12-14T10:22:57Z with exit-code 0.
...
