000 (1971840.000.000) 2023-12-14 02:17:37 Job submitted from host: <172.24.33.226:11547?addrs=172.24.33.226-11547&alias=sdfrome002.sdf.slac.stanford.edu>
    DAG Node: 96fbf28a-807f-48d0-b647-aa1ffe356d96_ptcIsr_2023111101050_23
...
040 (1971840.000.000) 2023-12-14 02:26:08 Finished transferring input files
...
001 (1971840.000.000) 2023-12-14 02:26:08 Job executing on host: <172.24.33.143:37205?CCBID=172.24.33.225:9618%3faddrs%3d172.24.33.225-9618%26alias%3dsdfrome001.sdf.slac.stanford.edu#6220499&PrivNet=sdfrome078.sdf.slac.stanford.edu&addrs=172.24.33.143-37205&alias=sdfrome078.sdf.slac.stanford.edu>
	SlotName: slot_abrought_7348_1_10@sdfrome078.sdf.slac.stanford.edu
...
006 (1971840.000.000) 2023-12-14 02:26:17 Image size of job updated: 327560
	114  -  MemoryUsage of job (MB)
	116704  -  ResidentSetSize of job (KB)
...
006 (1971840.000.000) 2023-12-14 02:27:05 Image size of job updated: 2057336
	623  -  MemoryUsage of job (MB)
	637024  -  ResidentSetSize of job (KB)
...
040 (1971840.000.000) 2023-12-14 02:27:05 Started transferring output files
...
040 (1971840.000.000) 2023-12-14 02:27:05 Finished transferring output files
...
005 (1971840.000.000) 2023-12-14 02:27:06 Job terminated.
	(1) Normal termination (return value 0)
		Usr 0 00:00:21, Sys 0 00:00:03  -  Run Remote Usage
		Usr 0 00:00:00, Sys 0 00:00:00  -  Run Local Usage
		Usr 0 00:00:21, Sys 0 00:00:03  -  Total Remote Usage
		Usr 0 00:00:00, Sys 0 00:00:00  -  Total Local Usage
	18803  -  Run Bytes Sent By Job
	0  -  Run Bytes Received By Job
	18803  -  Total Bytes Sent By Job
	0  -  Total Bytes Received By Job
	Partitionable Resources :    Usage  Request Allocated 
	   Cpus                 :                 1         1 
	   Disk (KB)            :       90        2    312194 
	   Memory (MB)          :      623     2048      2048 

	Job terminated of its own accord at 2023-12-14T10:27:05Z with exit-code 0.
...
