000 (1970451.000.000) 2023-12-14 02:17:19 Job submitted from host: <172.24.33.226:11547?addrs=172.24.33.226-11547&alias=sdfrome002.sdf.slac.stanford.edu>
    DAG Node: f849fded-0021-46d3-9db9-f41523fd0bb2_ptcIsr_2023111200734_23
...
040 (1970451.000.000) 2023-12-14 02:21:58 Finished transferring input files
...
001 (1970451.000.000) 2023-12-14 02:21:58 Job executing on host: <172.24.48.186:33679?CCBID=172.24.33.225:9618%3faddrs%3d172.24.33.225-9618%26alias%3dsdfrome001.sdf.slac.stanford.edu#6219700&PrivNet=sdfmilan114.sdf.slac.stanford.edu&addrs=172.24.48.186-33679&alias=sdfmilan114.sdf.slac.stanford.edu>
	SlotName: slot_abrought_14493_1_21@sdfmilan114.sdf.slac.stanford.edu
...
006 (1970451.000.000) 2023-12-14 02:22:07 Image size of job updated: 338528
	125  -  MemoryUsage of job (MB)
	127152  -  ResidentSetSize of job (KB)
...
006 (1970451.000.000) 2023-12-14 02:22:57 Image size of job updated: 2113912
	125  -  MemoryUsage of job (MB)
	127152  -  ResidentSetSize of job (KB)
...
040 (1970451.000.000) 2023-12-14 02:22:57 Started transferring output files
...
040 (1970451.000.000) 2023-12-14 02:22:57 Finished transferring output files
...
005 (1970451.000.000) 2023-12-14 02:22:57 Job terminated.
	(1) Normal termination (return value 0)
		Usr 0 00:00:21, Sys 0 00:00:03  -  Run Remote Usage
		Usr 0 00:00:00, Sys 0 00:00:00  -  Run Local Usage
		Usr 0 00:00:21, Sys 0 00:00:03  -  Total Remote Usage
		Usr 0 00:00:00, Sys 0 00:00:00  -  Total Local Usage
	19075  -  Run Bytes Sent By Job
	0  -  Run Bytes Received By Job
	19075  -  Total Bytes Sent By Job
	0  -  Total Bytes Received By Job
	Partitionable Resources :    Usage  Request Allocated 
	   Cpus                 :                 1         1 
	   Disk (KB)            :       91        2    312193 
	   Memory (MB)          :      125     2048      2048 

	Job terminated of its own accord at 2023-12-14T10:22:57Z with exit-code 0.
...
