000 (1972019.000.000) 2023-12-14 02:17:40 Job submitted from host: <172.24.33.226:11547?addrs=172.24.33.226-11547&alias=sdfrome002.sdf.slac.stanford.edu>
    DAG Node: 417d83b2-11f6-4c54-a23a-6c21daf5b24e_ptcIsr_2023111202264_23
...
040 (1972019.000.000) 2023-12-14 02:26:42 Finished transferring input files
...
001 (1972019.000.000) 2023-12-14 02:26:42 Job executing on host: <172.24.33.124:44469?CCBID=172.24.33.225:9618%3faddrs%3d172.24.33.225-9618%26alias%3dsdfrome001.sdf.slac.stanford.edu#6220017&PrivNet=sdfrome059.sdf.slac.stanford.edu&addrs=172.24.33.124-44469&alias=sdfrome059.sdf.slac.stanford.edu>
	SlotName: slot_abrought_2668_1_9@sdfrome059.sdf.slac.stanford.edu
...
006 (1972019.000.000) 2023-12-14 02:26:51 Image size of job updated: 24496
	8  -  MemoryUsage of job (MB)
	7488  -  ResidentSetSize of job (KB)
...
006 (1972019.000.000) 2023-12-14 02:27:51 Image size of job updated: 2046288
	623  -  MemoryUsage of job (MB)
	637460  -  ResidentSetSize of job (KB)
...
040 (1972019.000.000) 2023-12-14 02:27:51 Started transferring output files
...
040 (1972019.000.000) 2023-12-14 02:27:52 Finished transferring output files
...
005 (1972019.000.000) 2023-12-14 02:27:52 Job terminated.
	(1) Normal termination (return value 0)
		Usr 0 00:00:21, Sys 0 00:00:04  -  Run Remote Usage
		Usr 0 00:00:00, Sys 0 00:00:00  -  Run Local Usage
		Usr 0 00:00:21, Sys 0 00:00:04  -  Total Remote Usage
		Usr 0 00:00:00, Sys 0 00:00:00  -  Total Local Usage
	18802  -  Run Bytes Sent By Job
	0  -  Run Bytes Received By Job
	18802  -  Total Bytes Sent By Job
	0  -  Total Bytes Received By Job
	Partitionable Resources :    Usage  Request Allocated 
	   Cpus                 :                 1         1 
	   Disk (KB)            :       90        2    312194 
	   Memory (MB)          :      623     2048      2048 

	Job terminated of its own accord at 2023-12-14T10:27:51Z with exit-code 0.
...
