000 (1973454.000.000) 2023-12-14 02:17:58 Job submitted from host: <172.24.33.226:11547?addrs=172.24.33.226-11547&alias=sdfrome002.sdf.slac.stanford.edu>
    DAG Node: c0cc4369-4a15-4d01-a634-b7f02066afbb_ptcIsr_2023111202970_23
...
040 (1973454.000.000) 2023-12-14 02:30:44 Finished transferring input files
...
001 (1973454.000.000) 2023-12-14 02:30:45 Job executing on host: <172.24.33.143:42517?CCBID=172.24.33.225:9618%3faddrs%3d172.24.33.225-9618%26alias%3dsdfrome001.sdf.slac.stanford.edu#6220496&PrivNet=sdfrome078.sdf.slac.stanford.edu&addrs=172.24.33.143-42517&alias=sdfrome078.sdf.slac.stanford.edu>
	SlotName: slot_abrought_19079_1_21@sdfrome078.sdf.slac.stanford.edu
...
006 (1973454.000.000) 2023-12-14 02:30:53 Image size of job updated: 392104
	148  -  MemoryUsage of job (MB)
	151056  -  ResidentSetSize of job (KB)
...
006 (1973454.000.000) 2023-12-14 02:31:18 Image size of job updated: 2144944
	1370  -  MemoryUsage of job (MB)
	1402000  -  ResidentSetSize of job (KB)
...
040 (1973454.000.000) 2023-12-14 02:31:18 Started transferring output files
...
040 (1973454.000.000) 2023-12-14 02:31:18 Finished transferring output files
...
005 (1973454.000.000) 2023-12-14 02:31:18 Job terminated.
	(1) Normal termination (return value 0)
		Usr 0 00:00:20, Sys 0 00:00:03  -  Run Remote Usage
		Usr 0 00:00:00, Sys 0 00:00:00  -  Run Local Usage
		Usr 0 00:00:20, Sys 0 00:00:03  -  Total Remote Usage
		Usr 0 00:00:00, Sys 0 00:00:00  -  Total Local Usage
	18802  -  Run Bytes Sent By Job
	0  -  Run Bytes Received By Job
	18802  -  Total Bytes Sent By Job
	0  -  Total Bytes Received By Job
	Partitionable Resources :    Usage  Request Allocated 
	   Cpus                 :     0.08        1         1 
	   Disk (KB)            :    97           2    312194 
	   Memory (MB)          :  1370        2048      2048 

	Job terminated of its own accord at 2023-12-14T10:31:18Z with exit-code 0.
...
