000 (1970509.000.000) 2023-12-14 02:17:23 Job submitted from host: <172.24.33.226:11547?addrs=172.24.33.226-11547&alias=sdfrome002.sdf.slac.stanford.edu>
    DAG Node: dcc7ae9c-ee5a-47f9-860a-1c885322322e_ptcIsr_2023111201499_23
...
040 (1970509.000.000) 2023-12-14 02:22:10 Finished transferring input files
...
001 (1970509.000.000) 2023-12-14 02:22:10 Job executing on host: <172.24.33.124:39661?CCBID=172.24.33.225:9618%3faddrs%3d172.24.33.225-9618%26alias%3dsdfrome001.sdf.slac.stanford.edu#6220018&PrivNet=sdfrome059.sdf.slac.stanford.edu&addrs=172.24.33.124-39661&alias=sdfrome059.sdf.slac.stanford.edu>
	SlotName: slot_abrought_25802_1_7@sdfrome059.sdf.slac.stanford.edu
...
006 (1970509.000.000) 2023-12-14 02:22:19 Image size of job updated: 403688
	164  -  MemoryUsage of job (MB)
	166956  -  ResidentSetSize of job (KB)
...
006 (1970509.000.000) 2023-12-14 02:22:57 Image size of job updated: 2185348
	164  -  MemoryUsage of job (MB)
	166956  -  ResidentSetSize of job (KB)
...
040 (1970509.000.000) 2023-12-14 02:22:57 Started transferring output files
...
040 (1970509.000.000) 2023-12-14 02:22:57 Finished transferring output files
...
005 (1970509.000.000) 2023-12-14 02:22:57 Job terminated.
	(1) Normal termination (return value 0)
		Usr 0 00:00:27, Sys 0 00:00:05  -  Run Remote Usage
		Usr 0 00:00:00, Sys 0 00:00:00  -  Run Local Usage
		Usr 0 00:00:27, Sys 0 00:00:05  -  Total Remote Usage
		Usr 0 00:00:00, Sys 0 00:00:00  -  Total Local Usage
	19073  -  Run Bytes Sent By Job
	0  -  Run Bytes Received By Job
	19073  -  Total Bytes Sent By Job
	0  -  Total Bytes Received By Job
	Partitionable Resources :    Usage  Request Allocated 
	   Cpus                 :                 1         1 
	   Disk (KB)            :       91        2    312194 
	   Memory (MB)          :      164     2048      2048 

	Job terminated of its own accord at 2023-12-14T10:22:57Z with exit-code 0.
...
