000 (1969861.000.000) 2023-12-14 02:17:12 Job submitted from host: <172.24.33.226:11547?addrs=172.24.33.226-11547&alias=sdfrome002.sdf.slac.stanford.edu>
    DAG Node: e61f9a67-fe5b-44d1-bee2-2cf6370719ff_ptcIsr_2023111101006_23
...
040 (1969861.000.000) 2023-12-14 02:20:11 Finished transferring input files
...
001 (1969861.000.000) 2023-12-14 02:20:11 Job executing on host: <172.24.33.213:33037?CCBID=172.24.33.225:9618%3faddrs%3d172.24.33.225-9618%26alias%3dsdfrome001.sdf.slac.stanford.edu#6220039&PrivNet=sdfrome022.sdf.slac.stanford.edu&addrs=172.24.33.213-33037&alias=sdfrome022.sdf.slac.stanford.edu>
	SlotName: slot_abrought_15721_1_11@sdfrome022.sdf.slac.stanford.edu
...
006 (1969861.000.000) 2023-12-14 02:20:20 Image size of job updated: 69764
	16  -  MemoryUsage of job (MB)
	16300  -  ResidentSetSize of job (KB)
...
006 (1969861.000.000) 2023-12-14 02:21:28 Image size of job updated: 2260708
	16  -  MemoryUsage of job (MB)
	16300  -  ResidentSetSize of job (KB)
...
040 (1969861.000.000) 2023-12-14 02:21:29 Started transferring output files
...
040 (1969861.000.000) 2023-12-14 02:21:29 Finished transferring output files
...
005 (1969861.000.000) 2023-12-14 02:21:30 Job terminated.
	(1) Normal termination (return value 0)
		Usr 0 00:00:28, Sys 0 00:00:10  -  Run Remote Usage
		Usr 0 00:00:00, Sys 0 00:00:00  -  Run Local Usage
		Usr 0 00:00:28, Sys 0 00:00:10  -  Total Remote Usage
		Usr 0 00:00:00, Sys 0 00:00:00  -  Total Local Usage
	19073  -  Run Bytes Sent By Job
	0  -  Run Bytes Received By Job
	19073  -  Total Bytes Sent By Job
	0  -  Total Bytes Received By Job
	Partitionable Resources :    Usage  Request Allocated 
	   Cpus                 :                 1         1 
	   Disk (KB)            :       90        2    312194 
	   Memory (MB)          :       16     2048      2048 

	Job terminated of its own accord at 2023-12-14T10:21:28Z with exit-code 0.
...
