000 (1970564.000.000) 2023-12-14 02:17:23 Job submitted from host: <172.24.33.226:11547?addrs=172.24.33.226-11547&alias=sdfrome002.sdf.slac.stanford.edu>
    DAG Node: c47e6acb-7191-4b2d-8996-7c58682d8103_ptcIsr_2023111201835_23
...
040 (1970564.000.000) 2023-12-14 02:22:20 Finished transferring input files
...
001 (1970564.000.000) 2023-12-14 02:22:20 Job executing on host: <172.24.33.143:37205?CCBID=172.24.33.225:9618%3faddrs%3d172.24.33.225-9618%26alias%3dsdfrome001.sdf.slac.stanford.edu#6220499&PrivNet=sdfrome078.sdf.slac.stanford.edu&addrs=172.24.33.143-37205&alias=sdfrome078.sdf.slac.stanford.edu>
	SlotName: slot_abrought_7348_1_17@sdfrome078.sdf.slac.stanford.edu
...
006 (1970564.000.000) 2023-12-14 02:22:28 Image size of job updated: 388928
	147  -  MemoryUsage of job (MB)
	149656  -  ResidentSetSize of job (KB)
...
006 (1970564.000.000) 2023-12-14 02:23:26 Image size of job updated: 2102312
	147  -  MemoryUsage of job (MB)
	149656  -  ResidentSetSize of job (KB)
...
040 (1970564.000.000) 2023-12-14 02:23:26 Started transferring output files
...
040 (1970564.000.000) 2023-12-14 02:23:26 Finished transferring output files
...
005 (1970564.000.000) 2023-12-14 02:23:26 Job terminated.
	(1) Normal termination (return value 0)
		Usr 0 00:00:22, Sys 0 00:00:04  -  Run Remote Usage
		Usr 0 00:00:00, Sys 0 00:00:00  -  Run Local Usage
		Usr 0 00:00:22, Sys 0 00:00:04  -  Total Remote Usage
		Usr 0 00:00:00, Sys 0 00:00:00  -  Total Local Usage
	18804  -  Run Bytes Sent By Job
	0  -  Run Bytes Received By Job
	18804  -  Total Bytes Sent By Job
	0  -  Total Bytes Received By Job
	Partitionable Resources :    Usage  Request Allocated 
	   Cpus                 :                 1         1 
	   Disk (KB)            :       90        2    312194 
	   Memory (MB)          :      147     2048      2048 

	Job terminated of its own accord at 2023-12-14T10:23:26Z with exit-code 0.
...
