000 (1970996.000.000) 2023-12-14 02:17:29 Job submitted from host: <172.24.33.226:11547?addrs=172.24.33.226-11547&alias=sdfrome002.sdf.slac.stanford.edu>
    DAG Node: a6969139-9d8a-4fc9-a284-f7fd48459482_ptcIsr_2023111202283_23
...
040 (1970996.000.000) 2023-12-14 02:23:45 Finished transferring input files
...
001 (1970996.000.000) 2023-12-14 02:23:45 Job executing on host: <172.24.33.124:39661?CCBID=172.24.33.225:9618%3faddrs%3d172.24.33.225-9618%26alias%3dsdfrome001.sdf.slac.stanford.edu#6220018&PrivNet=sdfrome059.sdf.slac.stanford.edu&addrs=172.24.33.124-39661&alias=sdfrome059.sdf.slac.stanford.edu>
	SlotName: slot_abrought_25802_1_17@sdfrome059.sdf.slac.stanford.edu
...
006 (1970996.000.000) 2023-12-14 02:23:54 Image size of job updated: 330756
	118  -  MemoryUsage of job (MB)
	119868  -  ResidentSetSize of job (KB)
...
006 (1970996.000.000) 2023-12-14 02:24:32 Image size of job updated: 2194576
	651  -  MemoryUsage of job (MB)
	666192  -  ResidentSetSize of job (KB)
...
040 (1970996.000.000) 2023-12-14 02:24:32 Started transferring output files
...
040 (1970996.000.000) 2023-12-14 02:24:32 Finished transferring output files
...
005 (1970996.000.000) 2023-12-14 02:24:32 Job terminated.
	(1) Normal termination (return value 0)
		Usr 0 00:00:24, Sys 0 00:00:06  -  Run Remote Usage
		Usr 0 00:00:00, Sys 0 00:00:00  -  Run Local Usage
		Usr 0 00:00:24, Sys 0 00:00:06  -  Total Remote Usage
		Usr 0 00:00:00, Sys 0 00:00:00  -  Total Local Usage
	18806  -  Run Bytes Sent By Job
	0  -  Run Bytes Received By Job
	18806  -  Total Bytes Sent By Job
	0  -  Total Bytes Received By Job
	Partitionable Resources :    Usage  Request Allocated 
	   Cpus                 :     0.21        1         1 
	   Disk (KB)            :    97           2    312194 
	   Memory (MB)          :   651        2048      2048 

	Job terminated of its own accord at 2023-12-14T10:24:32Z with exit-code 0.
...
