000 (1973017.000.000) 2023-12-14 02:17:51 Job submitted from host: <172.24.33.226:11547?addrs=172.24.33.226-11547&alias=sdfrome002.sdf.slac.stanford.edu>
    DAG Node: 8b9b8c22-f27a-414a-b95c-6a8750f10c8b_ptcIsr_2023111201766_23
...
040 (1973017.000.000) 2023-12-14 02:29:37 Finished transferring input files
...
001 (1973017.000.000) 2023-12-14 02:29:37 Job executing on host: <172.24.33.124:44469?CCBID=172.24.33.225:9618%3faddrs%3d172.24.33.225-9618%26alias%3dsdfrome001.sdf.slac.stanford.edu#6220017&PrivNet=sdfrome059.sdf.slac.stanford.edu&addrs=172.24.33.124-44469&alias=sdfrome059.sdf.slac.stanford.edu>
	SlotName: slot_abrought_2668_1_13@sdfrome059.sdf.slac.stanford.edu
...
006 (1973017.000.000) 2023-12-14 02:29:46 Image size of job updated: 280760
	74  -  MemoryUsage of job (MB)
	74804  -  ResidentSetSize of job (KB)
...
006 (1973017.000.000) 2023-12-14 02:30:48 Image size of job updated: 2109000
	612  -  MemoryUsage of job (MB)
	625668  -  ResidentSetSize of job (KB)
...
040 (1973017.000.000) 2023-12-14 02:30:48 Started transferring output files
...
040 (1973017.000.000) 2023-12-14 02:30:48 Finished transferring output files
...
005 (1973017.000.000) 2023-12-14 02:30:48 Job terminated.
	(1) Normal termination (return value 0)
		Usr 0 00:00:21, Sys 0 00:00:04  -  Run Remote Usage
		Usr 0 00:00:00, Sys 0 00:00:00  -  Run Local Usage
		Usr 0 00:00:21, Sys 0 00:00:04  -  Total Remote Usage
		Usr 0 00:00:00, Sys 0 00:00:00  -  Total Local Usage
	18803  -  Run Bytes Sent By Job
	0  -  Run Bytes Received By Job
	18803  -  Total Bytes Sent By Job
	0  -  Total Bytes Received By Job
	Partitionable Resources :    Usage  Request Allocated 
	   Cpus                 :                 1         1 
	   Disk (KB)            :       90        2    312194 
	   Memory (MB)          :      612     2048      2048 

	Job terminated of its own accord at 2023-12-14T10:30:47Z with exit-code 0.
...
