000 (1973402.000.000) 2023-12-14 02:17:55 Job submitted from host: <172.24.33.226:11547?addrs=172.24.33.226-11547&alias=sdfrome002.sdf.slac.stanford.edu>
    DAG Node: 515d769e-b24e-472d-baca-0ecbda1d9e29_ptcIsr_2023111101909_23
...
040 (1973402.000.000) 2023-12-14 02:30:37 Finished transferring input files
...
001 (1973402.000.000) 2023-12-14 02:30:37 Job executing on host: <172.24.48.185:41489?CCBID=172.24.33.225:9618%3faddrs%3d172.24.33.225-9618%26alias%3dsdfrome001.sdf.slac.stanford.edu#6219699&PrivNet=sdfmilan113.sdf.slac.stanford.edu&addrs=172.24.48.185-41489&alias=sdfmilan113.sdf.slac.stanford.edu>
	SlotName: slot_abrought_18623_1_8@sdfmilan113.sdf.slac.stanford.edu
...
006 (1973402.000.000) 2023-12-14 02:30:47 Image size of job updated: 265896
	60  -  MemoryUsage of job (MB)
	60492  -  ResidentSetSize of job (KB)
...
006 (1973402.000.000) 2023-12-14 02:31:44 Image size of job updated: 2173648
	649  -  MemoryUsage of job (MB)
	663932  -  ResidentSetSize of job (KB)
...
040 (1973402.000.000) 2023-12-14 02:31:44 Started transferring output files
...
040 (1973402.000.000) 2023-12-14 02:31:44 Finished transferring output files
...
005 (1973402.000.000) 2023-12-14 02:31:44 Job terminated.
	(1) Normal termination (return value 0)
		Usr 0 00:00:20, Sys 0 00:00:02  -  Run Remote Usage
		Usr 0 00:00:00, Sys 0 00:00:00  -  Run Local Usage
		Usr 0 00:00:20, Sys 0 00:00:02  -  Total Remote Usage
		Usr 0 00:00:00, Sys 0 00:00:00  -  Total Local Usage
	19073  -  Run Bytes Sent By Job
	0  -  Run Bytes Received By Job
	19073  -  Total Bytes Sent By Job
	0  -  Total Bytes Received By Job
	Partitionable Resources :    Usage  Request Allocated 
	   Cpus                 :     0.99        1         1 
	   Disk (KB)            :    97           2    312194 
	   Memory (MB)          :   649        2048      2048 

	Job terminated of its own accord at 2023-12-14T10:31:44Z with exit-code 0.
...
