000 (1972769.000.000) 2023-12-14 02:17:48 Job submitted from host: <172.24.33.226:11547?addrs=172.24.33.226-11547&alias=sdfrome002.sdf.slac.stanford.edu>
    DAG Node: bdb8931f-6bc9-477a-b8f5-e961dfb26ae5_ptcIsr_2023111301055_23
...
040 (1972769.000.000) 2023-12-14 02:28:56 Finished transferring input files
...
001 (1972769.000.000) 2023-12-14 02:28:57 Job executing on host: <172.24.33.213:41467?CCBID=172.24.33.225:9618%3faddrs%3d172.24.33.225-9618%26alias%3dsdfrome001.sdf.slac.stanford.edu#6220037&PrivNet=sdfrome022.sdf.slac.stanford.edu&addrs=172.24.33.213-41467&alias=sdfrome022.sdf.slac.stanford.edu>
	SlotName: slot_abrought_435_1_14@sdfrome022.sdf.slac.stanford.edu
...
006 (1972769.000.000) 2023-12-14 02:29:05 Image size of job updated: 280760
	73  -  MemoryUsage of job (MB)
	74528  -  ResidentSetSize of job (KB)
...
006 (1972769.000.000) 2023-12-14 02:29:48 Image size of job updated: 2105484
	1258  -  MemoryUsage of job (MB)
	1287832  -  ResidentSetSize of job (KB)
...
040 (1972769.000.000) 2023-12-14 02:29:48 Started transferring output files
...
040 (1972769.000.000) 2023-12-14 02:29:48 Finished transferring output files
...
005 (1972769.000.000) 2023-12-14 02:29:48 Job terminated.
	(1) Normal termination (return value 0)
		Usr 0 00:00:22, Sys 0 00:00:03  -  Run Remote Usage
		Usr 0 00:00:00, Sys 0 00:00:00  -  Run Local Usage
		Usr 0 00:00:22, Sys 0 00:00:03  -  Total Remote Usage
		Usr 0 00:00:00, Sys 0 00:00:00  -  Total Local Usage
	19072  -  Run Bytes Sent By Job
	0  -  Run Bytes Received By Job
	19072  -  Total Bytes Sent By Job
	0  -  Total Bytes Received By Job
	Partitionable Resources :    Usage  Request Allocated 
	   Cpus                 :     0.13        1         1 
	   Disk (KB)            :    97           2    312194 
	   Memory (MB)          :  1258        2048      2048 

	Job terminated of its own accord at 2023-12-14T10:29:48Z with exit-code 0.
...
