000 (1971164.000.000) 2023-12-14 02:17:30 Job submitted from host: <172.24.33.226:11547?addrs=172.24.33.226-11547&alias=sdfrome002.sdf.slac.stanford.edu>
    DAG Node: 402f35d5-d7cf-4440-af2a-32f82dcb1144_ptcIsr_2023111300206_23
...
040 (1971164.000.000) 2023-12-14 02:24:16 Finished transferring input files
...
001 (1971164.000.000) 2023-12-14 02:24:16 Job executing on host: <172.24.33.124:39697?CCBID=172.24.33.225:9618%3faddrs%3d172.24.33.225-9618%26alias%3dsdfrome001.sdf.slac.stanford.edu#6220015&PrivNet=sdfrome059.sdf.slac.stanford.edu&addrs=172.24.33.124-39697&alias=sdfrome059.sdf.slac.stanford.edu>
	SlotName: slot_abrought_7836_1_4@sdfrome059.sdf.slac.stanford.edu
...
006 (1971164.000.000) 2023-12-14 02:24:25 Image size of job updated: 27348
	11  -  MemoryUsage of job (MB)
	10588  -  ResidentSetSize of job (KB)
...
006 (1971164.000.000) 2023-12-14 02:25:08 Image size of job updated: 1970012
	617  -  MemoryUsage of job (MB)
	630796  -  ResidentSetSize of job (KB)
...
040 (1971164.000.000) 2023-12-14 02:25:08 Started transferring output files
...
040 (1971164.000.000) 2023-12-14 02:25:08 Finished transferring output files
...
005 (1971164.000.000) 2023-12-14 02:25:08 Job terminated.
	(1) Normal termination (return value 0)
		Usr 0 00:00:20, Sys 0 00:00:04  -  Run Remote Usage
		Usr 0 00:00:00, Sys 0 00:00:00  -  Run Local Usage
		Usr 0 00:00:20, Sys 0 00:00:04  -  Total Remote Usage
		Usr 0 00:00:00, Sys 0 00:00:00  -  Total Local Usage
	18532  -  Run Bytes Sent By Job
	0  -  Run Bytes Received By Job
	18532  -  Total Bytes Sent By Job
	0  -  Total Bytes Received By Job
	Partitionable Resources :    Usage  Request Allocated 
	   Cpus                 :                 1         1 
	   Disk (KB)            :       90        2    312194 
	   Memory (MB)          :      617     2048      2048 

	Job terminated of its own accord at 2023-12-14T10:25:08Z with exit-code 0.
...
