000 (1972821.000.000) 2023-12-14 02:17:49 Job submitted from host: <172.24.33.226:11547?addrs=172.24.33.226-11547&alias=sdfrome002.sdf.slac.stanford.edu>
    DAG Node: 03e83860-5352-4d45-b758-59241a7e33d5_ptcIsr_2023111101212_23
...
040 (1972821.000.000) 2023-12-14 02:29:06 Finished transferring input files
...
001 (1972821.000.000) 2023-12-14 02:29:06 Job executing on host: <172.24.33.143:42517?CCBID=172.24.33.225:9618%3faddrs%3d172.24.33.225-9618%26alias%3dsdfrome001.sdf.slac.stanford.edu#6220496&PrivNet=sdfrome078.sdf.slac.stanford.edu&addrs=172.24.33.143-42517&alias=sdfrome078.sdf.slac.stanford.edu>
	SlotName: slot_abrought_19079_1_9@sdfrome078.sdf.slac.stanford.edu
...
006 (1972821.000.000) 2023-12-14 02:29:15 Image size of job updated: 343716
	130  -  MemoryUsage of job (MB)
	132528  -  ResidentSetSize of job (KB)
...
006 (1972821.000.000) 2023-12-14 02:29:54 Image size of job updated: 2051168
	627  -  MemoryUsage of job (MB)
	641148  -  ResidentSetSize of job (KB)
...
040 (1972821.000.000) 2023-12-14 02:29:54 Started transferring output files
...
040 (1972821.000.000) 2023-12-14 02:29:54 Finished transferring output files
...
005 (1972821.000.000) 2023-12-14 02:29:54 Job terminated.
	(1) Normal termination (return value 0)
		Usr 0 00:00:24, Sys 0 00:00:03  -  Run Remote Usage
		Usr 0 00:00:00, Sys 0 00:00:00  -  Run Local Usage
		Usr 0 00:00:24, Sys 0 00:00:03  -  Total Remote Usage
		Usr 0 00:00:00, Sys 0 00:00:00  -  Total Local Usage
	19075  -  Run Bytes Sent By Job
	0  -  Run Bytes Received By Job
	19075  -  Total Bytes Sent By Job
	0  -  Total Bytes Received By Job
	Partitionable Resources :    Usage  Request Allocated 
	   Cpus                 :                 1         1 
	   Disk (KB)            :       91        2    312194 
	   Memory (MB)          :      627     2048      2048 

	Job terminated of its own accord at 2023-12-14T10:29:54Z with exit-code 0.
...
