000 (1971525.000.000) 2023-12-14 02:17:35 Job submitted from host: <172.24.33.226:11547?addrs=172.24.33.226-11547&alias=sdfrome002.sdf.slac.stanford.edu>
    DAG Node: 254a462e-6cee-4da4-b6d7-97e33000a6ff_ptcIsr_2023111201857_23
...
040 (1971525.000.000) 2023-12-14 02:25:17 Finished transferring input files
...
001 (1971525.000.000) 2023-12-14 02:25:17 Job executing on host: <172.24.48.193:46283?CCBID=172.24.33.225:9618%3faddrs%3d172.24.33.225-9618%26alias%3dsdfrome001.sdf.slac.stanford.edu#6219697&PrivNet=sdfmilan121.sdf.slac.stanford.edu&addrs=172.24.48.193-46283&alias=sdfmilan121.sdf.slac.stanford.edu>
	SlotName: slot_abrought_10210_1_20@sdfmilan121.sdf.slac.stanford.edu
...
006 (1971525.000.000) 2023-12-14 02:25:26 Image size of job updated: 337064
	125  -  MemoryUsage of job (MB)
	127112  -  ResidentSetSize of job (KB)
...
006 (1971525.000.000) 2023-12-14 02:26:15 Image size of job updated: 2104040
	619  -  MemoryUsage of job (MB)
	633004  -  ResidentSetSize of job (KB)
...
040 (1971525.000.000) 2023-12-14 02:26:15 Started transferring output files
...
040 (1971525.000.000) 2023-12-14 02:26:15 Finished transferring output files
...
005 (1971525.000.000) 2023-12-14 02:26:15 Job terminated.
	(1) Normal termination (return value 0)
		Usr 0 00:00:23, Sys 0 00:00:04  -  Run Remote Usage
		Usr 0 00:00:00, Sys 0 00:00:00  -  Run Local Usage
		Usr 0 00:00:23, Sys 0 00:00:04  -  Total Remote Usage
		Usr 0 00:00:00, Sys 0 00:00:00  -  Total Local Usage
	18803  -  Run Bytes Sent By Job
	0  -  Run Bytes Received By Job
	18803  -  Total Bytes Sent By Job
	0  -  Total Bytes Received By Job
	Partitionable Resources :    Usage  Request Allocated 
	   Cpus                 :                 1         1 
	   Disk (KB)            :       90        2    311595 
	   Memory (MB)          :      619     2048      2048 

	Job terminated of its own accord at 2023-12-14T10:26:15Z with exit-code 0.
...
