000 (1973589.000.000) 2023-12-14 13:07:21 Job submitted from host: <172.24.33.226:11547?addrs=172.24.33.226-11547&alias=sdfrome002.sdf.slac.stanford.edu>
    DAG Node: b476200b-7f9c-4586-905e-f069956b5260_ptcPlot_23
...
040 (1973589.000.000) 2023-12-14 13:07:22 Finished transferring input files
...
001 (1973589.000.000) 2023-12-14 13:07:22 Job executing on host: <172.24.33.221:35683?CCBID=172.24.33.225:9618%3faddrs%3d172.24.33.225-9618%26alias%3dsdfrome001.sdf.slac.stanford.edu#6224047&PrivNet=sdfrome013.sdf.slac.stanford.edu&addrs=172.24.33.221-35683&alias=sdfrome013.sdf.slac.stanford.edu>
	SlotName: slot_abrought_31347_1_1@sdfrome013.sdf.slac.stanford.edu
...
006 (1973589.000.000) 2023-12-14 13:07:30 Image size of job updated: 419396
	181  -  MemoryUsage of job (MB)
	184368  -  ResidentSetSize of job (KB)
...
040 (1973589.000.000) 2023-12-14 13:07:33 Started transferring output files
...
040 (1973589.000.000) 2023-12-14 13:07:33 Finished transferring output files
...
005 (1973589.000.000) 2023-12-14 13:07:33 Job terminated.
	(1) Normal termination (return value 1)
		Usr 0 00:00:01, Sys 0 00:00:00  -  Run Remote Usage
		Usr 0 00:00:00, Sys 0 00:00:00  -  Run Local Usage
		Usr 0 00:00:01, Sys 0 00:00:00  -  Total Remote Usage
		Usr 0 00:00:00, Sys 0 00:00:00  -  Total Local Usage
	5887  -  Run Bytes Sent By Job
	0  -  Run Bytes Received By Job
	5887  -  Total Bytes Sent By Job
	0  -  Total Bytes Received By Job
	Partitionable Resources :    Usage  Request Allocated 
	   Cpus                 :                 1         1 
	   Disk (KB)            :       78        2    312194 
	   Memory (MB)          :      181     2048      2048 

	Job terminated of its own accord at 2023-12-14T21:07:33Z with exit-code 1.
...
