000 (1969885.000.000) 2023-12-14 02:17:13 Job submitted from host: <172.24.33.226:11547?addrs=172.24.33.226-11547&alias=sdfrome002.sdf.slac.stanford.edu>
    DAG Node: 1eddb29b-949e-49e8-a3c5-34d1183649b6_ptcIsr_2023111100990_23
...
040 (1969885.000.000) 2023-12-14 02:20:11 Finished transferring input files
...
001 (1969885.000.000) 2023-12-14 02:20:11 Job executing on host: <172.24.33.213:33037?CCBID=172.24.33.225:9618%3faddrs%3d172.24.33.225-9618%26alias%3dsdfrome001.sdf.slac.stanford.edu#6220039&PrivNet=sdfrome022.sdf.slac.stanford.edu&addrs=172.24.33.213-33037&alias=sdfrome022.sdf.slac.stanford.edu>
	SlotName: slot_abrought_15721_1_13@sdfrome022.sdf.slac.stanford.edu
...
006 (1969885.000.000) 2023-12-14 02:20:21 Image size of job updated: 30112
	14  -  MemoryUsage of job (MB)
	14264  -  ResidentSetSize of job (KB)
...
006 (1969885.000.000) 2023-12-14 02:21:22 Image size of job updated: 2031820
	1255  -  MemoryUsage of job (MB)
	1284660  -  ResidentSetSize of job (KB)
...
040 (1969885.000.000) 2023-12-14 02:21:22 Started transferring output files
...
040 (1969885.000.000) 2023-12-14 02:21:22 Finished transferring output files
...
005 (1969885.000.000) 2023-12-14 02:21:25 Job terminated.
	(1) Normal termination (return value 0)
		Usr 0 00:00:27, Sys 0 00:00:11  -  Run Remote Usage
		Usr 0 00:00:00, Sys 0 00:00:00  -  Run Local Usage
		Usr 0 00:00:27, Sys 0 00:00:11  -  Total Remote Usage
		Usr 0 00:00:00, Sys 0 00:00:00  -  Total Local Usage
	18802  -  Run Bytes Sent By Job
	0  -  Run Bytes Received By Job
	18802  -  Total Bytes Sent By Job
	0  -  Total Bytes Received By Job
	Partitionable Resources :    Usage  Request Allocated 
	   Cpus                 :                 1         1 
	   Disk (KB)            :       90        2    312194 
	   Memory (MB)          :     1255     2048      2048 

	Job terminated of its own accord at 2023-12-14T10:21:21Z with exit-code 0.
...
