000 (1971365.000.000) 2023-12-14 02:17:31 Job submitted from host: <172.24.33.226:11547?addrs=172.24.33.226-11547&alias=sdfrome002.sdf.slac.stanford.edu>
    DAG Node: 5ac6d735-7572-4fd9-a01f-14d95929f501_ptcIsr_2023111300137_23
...
040 (1971365.000.000) 2023-12-14 02:24:50 Finished transferring input files
...
001 (1971365.000.000) 2023-12-14 02:24:50 Job executing on host: <172.24.33.143:42517?CCBID=172.24.33.225:9618%3faddrs%3d172.24.33.225-9618%26alias%3dsdfrome001.sdf.slac.stanford.edu#6220496&PrivNet=sdfrome078.sdf.slac.stanford.edu&addrs=172.24.33.143-42517&alias=sdfrome078.sdf.slac.stanford.edu>
	SlotName: slot_abrought_19079_1_20@sdfrome078.sdf.slac.stanford.edu
...
006 (1971365.000.000) 2023-12-14 02:24:58 Image size of job updated: 465292
	209  -  MemoryUsage of job (MB)
	213812  -  ResidentSetSize of job (KB)
...
006 (1971365.000.000) 2023-12-14 02:25:33 Image size of job updated: 2320852
	651  -  MemoryUsage of job (MB)
	666236  -  ResidentSetSize of job (KB)
...
040 (1971365.000.000) 2023-12-14 02:25:33 Started transferring output files
...
040 (1971365.000.000) 2023-12-14 02:25:33 Finished transferring output files
...
005 (1971365.000.000) 2023-12-14 02:25:33 Job terminated.
	(1) Normal termination (return value 0)
		Usr 0 00:00:26, Sys 0 00:00:04  -  Run Remote Usage
		Usr 0 00:00:00, Sys 0 00:00:00  -  Run Local Usage
		Usr 0 00:00:26, Sys 0 00:00:04  -  Total Remote Usage
		Usr 0 00:00:00, Sys 0 00:00:00  -  Total Local Usage
	18801  -  Run Bytes Sent By Job
	0  -  Run Bytes Received By Job
	18801  -  Total Bytes Sent By Job
	0  -  Total Bytes Received By Job
	Partitionable Resources :    Usage  Request Allocated 
	   Cpus                 :                 1         1 
	   Disk (KB)            :       90        2    312194 
	   Memory (MB)          :      651     2048      2048 

	Job terminated of its own accord at 2023-12-14T10:25:33Z with exit-code 0.
...
