000 (1970152.000.000) 2023-12-14 02:17:17 Job submitted from host: <172.24.33.226:11547?addrs=172.24.33.226-11547&alias=sdfrome002.sdf.slac.stanford.edu>
    DAG Node: 7254a2e8-cc4a-48ec-bd1f-cf17724e5201_ptcIsr_2023111300932_23
...
040 (1970152.000.000) 2023-12-14 02:20:54 Finished transferring input files
...
001 (1970152.000.000) 2023-12-14 02:20:54 Job executing on host: <172.24.33.143:42517?CCBID=172.24.33.225:9618%3faddrs%3d172.24.33.225-9618%26alias%3dsdfrome001.sdf.slac.stanford.edu#6220496&PrivNet=sdfrome078.sdf.slac.stanford.edu&addrs=172.24.33.143-42517&alias=sdfrome078.sdf.slac.stanford.edu>
	SlotName: slot_abrought_19079_1_14@sdfrome078.sdf.slac.stanford.edu
...
006 (1970152.000.000) 2023-12-14 02:21:02 Image size of job updated: 69764
	10  -  MemoryUsage of job (MB)
	9240  -  ResidentSetSize of job (KB)
...
006 (1970152.000.000) 2023-12-14 02:21:50 Image size of job updated: 2100676
	624  -  MemoryUsage of job (MB)
	638900  -  ResidentSetSize of job (KB)
...
040 (1970152.000.000) 2023-12-14 02:21:51 Started transferring output files
...
040 (1970152.000.000) 2023-12-14 02:21:51 Finished transferring output files
...
005 (1970152.000.000) 2023-12-14 02:21:51 Job terminated.
	(1) Normal termination (return value 0)
		Usr 0 00:00:24, Sys 0 00:00:06  -  Run Remote Usage
		Usr 0 00:00:00, Sys 0 00:00:00  -  Run Local Usage
		Usr 0 00:00:24, Sys 0 00:00:06  -  Total Remote Usage
		Usr 0 00:00:00, Sys 0 00:00:00  -  Total Local Usage
	19072  -  Run Bytes Sent By Job
	0  -  Run Bytes Received By Job
	19072  -  Total Bytes Sent By Job
	0  -  Total Bytes Received By Job
	Partitionable Resources :    Usage  Request Allocated 
	   Cpus                 :                 1         1 
	   Disk (KB)            :       90        2    312194 
	   Memory (MB)          :      624     2048      2048 

	Job terminated of its own accord at 2023-12-14T10:21:50Z with exit-code 0.
...
