000 (1971610.000.000) 2023-12-14 02:17:36 Job submitted from host: <172.24.33.226:11547?addrs=172.24.33.226-11547&alias=sdfrome002.sdf.slac.stanford.edu>
    DAG Node: dd91b9f7-2acf-4d38-8c7a-942658b8f238_ptcIsr_2023111203023_23
...
040 (1971610.000.000) 2023-12-14 02:25:29 Finished transferring input files
...
001 (1971610.000.000) 2023-12-14 02:25:29 Job executing on host: <172.24.33.147:42953?CCBID=172.24.33.225:9618%3faddrs%3d172.24.33.225-9618%26alias%3dsdfrome001.sdf.slac.stanford.edu#6219703&PrivNet=sdfrome082.sdf.slac.stanford.edu&addrs=172.24.33.147-42953&alias=sdfrome082.sdf.slac.stanford.edu>
	SlotName: slot_abrought_48_1_11@sdfrome082.sdf.slac.stanford.edu
...
006 (1971610.000.000) 2023-12-14 02:25:38 Image size of job updated: 373224
	145  -  MemoryUsage of job (MB)
	148276  -  ResidentSetSize of job (KB)
...
006 (1971610.000.000) 2023-12-14 02:26:16 Image size of job updated: 2037860
	145  -  MemoryUsage of job (MB)
	148276  -  ResidentSetSize of job (KB)
...
040 (1971610.000.000) 2023-12-14 02:26:16 Started transferring output files
...
040 (1971610.000.000) 2023-12-14 02:26:16 Finished transferring output files
...
005 (1971610.000.000) 2023-12-14 02:26:16 Job terminated.
	(1) Normal termination (return value 0)
		Usr 0 00:00:16, Sys 0 00:00:03  -  Run Remote Usage
		Usr 0 00:00:00, Sys 0 00:00:00  -  Run Local Usage
		Usr 0 00:00:16, Sys 0 00:00:03  -  Total Remote Usage
		Usr 0 00:00:00, Sys 0 00:00:00  -  Total Local Usage
	18975  -  Run Bytes Sent By Job
	0  -  Run Bytes Received By Job
	18975  -  Total Bytes Sent By Job
	0  -  Total Bytes Received By Job
	Partitionable Resources :    Usage  Request Allocated 
	   Cpus                 :                 1         1 
	   Disk (KB)            :       91        2    312116 
	   Memory (MB)          :      145     2048      2048 

	Job terminated of its own accord at 2023-12-14T10:26:15Z with exit-code 0.
...
