000 (1970318.000.000) 2023-12-14 02:17:18 Job submitted from host: <172.24.33.226:11547?addrs=172.24.33.226-11547&alias=sdfrome002.sdf.slac.stanford.edu>
    DAG Node: 193c0612-5a5e-4349-9478-da015f991f7e_ptcIsr_2023111203219_23
...
040 (1970318.000.000) 2023-12-14 02:21:27 Finished transferring input files
...
001 (1970318.000.000) 2023-12-14 02:21:27 Job executing on host: <172.24.33.213:41467?CCBID=172.24.33.225:9618%3faddrs%3d172.24.33.225-9618%26alias%3dsdfrome001.sdf.slac.stanford.edu#6220037&PrivNet=sdfrome022.sdf.slac.stanford.edu&addrs=172.24.33.213-41467&alias=sdfrome022.sdf.slac.stanford.edu>
	SlotName: slot_abrought_435_1_21@sdfrome022.sdf.slac.stanford.edu
...
006 (1970318.000.000) 2023-12-14 02:21:35 Image size of job updated: 283164
	76  -  MemoryUsage of job (MB)
	76816  -  ResidentSetSize of job (KB)
...
006 (1970318.000.000) 2023-12-14 02:22:29 Image size of job updated: 2194408
	615  -  MemoryUsage of job (MB)
	629148  -  ResidentSetSize of job (KB)
...
040 (1970318.000.000) 2023-12-14 02:22:29 Started transferring output files
...
040 (1970318.000.000) 2023-12-14 02:22:29 Finished transferring output files
...
005 (1970318.000.000) 2023-12-14 02:22:30 Job terminated.
	(1) Normal termination (return value 0)
		Usr 0 00:00:27, Sys 0 00:00:05  -  Run Remote Usage
		Usr 0 00:00:00, Sys 0 00:00:00  -  Run Local Usage
		Usr 0 00:00:27, Sys 0 00:00:05  -  Total Remote Usage
		Usr 0 00:00:00, Sys 0 00:00:00  -  Total Local Usage
	18804  -  Run Bytes Sent By Job
	0  -  Run Bytes Received By Job
	18804  -  Total Bytes Sent By Job
	0  -  Total Bytes Received By Job
	Partitionable Resources :    Usage  Request Allocated 
	   Cpus                 :                 1         1 
	   Disk (KB)            :       90        2    312194 
	   Memory (MB)          :      615     2048      2048 

	Job terminated of its own accord at 2023-12-14T10:22:29Z with exit-code 0.
...
