000 (1971726.000.000) 2023-12-14 02:17:37 Job submitted from host: <172.24.33.226:11547?addrs=172.24.33.226-11547&alias=sdfrome002.sdf.slac.stanford.edu>
    DAG Node: 47c66e04-1d8b-4aa1-81af-676720ce1746_ptcIsr_2023111300815_23
...
040 (1971726.000.000) 2023-12-14 02:25:46 Finished transferring input files
...
001 (1971726.000.000) 2023-12-14 02:25:46 Job executing on host: <172.24.48.193:46283?CCBID=172.24.33.225:9618%3faddrs%3d172.24.33.225-9618%26alias%3dsdfrome001.sdf.slac.stanford.edu#6219697&PrivNet=sdfmilan121.sdf.slac.stanford.edu&addrs=172.24.48.193-46283&alias=sdfmilan121.sdf.slac.stanford.edu>
	SlotName: slot_abrought_10210_1_10@sdfmilan121.sdf.slac.stanford.edu
...
006 (1971726.000.000) 2023-12-14 02:25:56 Image size of job updated: 298040
	89  -  MemoryUsage of job (MB)
	91120  -  ResidentSetSize of job (KB)
...
006 (1971726.000.000) 2023-12-14 02:26:43 Image size of job updated: 2028572
	89  -  MemoryUsage of job (MB)
	91120  -  ResidentSetSize of job (KB)
...
040 (1971726.000.000) 2023-12-14 02:26:43 Started transferring output files
...
040 (1971726.000.000) 2023-12-14 02:26:43 Finished transferring output files
...
005 (1971726.000.000) 2023-12-14 02:26:43 Job terminated.
	(1) Normal termination (return value 0)
		Usr 0 00:00:25, Sys 0 00:00:03  -  Run Remote Usage
		Usr 0 00:00:00, Sys 0 00:00:00  -  Run Local Usage
		Usr 0 00:00:25, Sys 0 00:00:03  -  Total Remote Usage
		Usr 0 00:00:00, Sys 0 00:00:00  -  Total Local Usage
	18531  -  Run Bytes Sent By Job
	0  -  Run Bytes Received By Job
	18531  -  Total Bytes Sent By Job
	0  -  Total Bytes Received By Job
	Partitionable Resources :    Usage  Request Allocated 
	   Cpus                 :     0.98        1         1 
	   Disk (KB)            :    97           2    311595 
	   Memory (MB)          :    89        2048      2048 

	Job terminated of its own accord at 2023-12-14T10:26:43Z with exit-code 0.
...
