000 (1970635.000.000) 2023-12-14 02:17:24 Job submitted from host: <172.24.33.226:11547?addrs=172.24.33.226-11547&alias=sdfrome002.sdf.slac.stanford.edu>
    DAG Node: df513867-fb33-4a3d-b461-f89a4279981a_ptcIsr_2023111203608_23
...
040 (1970635.000.000) 2023-12-14 02:22:33 Finished transferring input files
...
001 (1970635.000.000) 2023-12-14 02:22:33 Job executing on host: <172.24.33.213:41467?CCBID=172.24.33.225:9618%3faddrs%3d172.24.33.225-9618%26alias%3dsdfrome001.sdf.slac.stanford.edu#6220037&PrivNet=sdfrome022.sdf.slac.stanford.edu&addrs=172.24.33.213-41467&alias=sdfrome022.sdf.slac.stanford.edu>
	SlotName: slot_abrought_435_1_18@sdfrome022.sdf.slac.stanford.edu
...
006 (1970635.000.000) 2023-12-14 02:22:42 Image size of job updated: 283204
	76  -  MemoryUsage of job (MB)
	77112  -  ResidentSetSize of job (KB)
...
006 (1970635.000.000) 2023-12-14 02:23:42 Image size of job updated: 2077040
	611  -  MemoryUsage of job (MB)
	625496  -  ResidentSetSize of job (KB)
...
040 (1970635.000.000) 2023-12-14 02:23:42 Started transferring output files
...
040 (1970635.000.000) 2023-12-14 02:23:42 Finished transferring output files
...
005 (1970635.000.000) 2023-12-14 02:23:43 Job terminated.
	(1) Normal termination (return value 0)
		Usr 0 00:00:24, Sys 0 00:00:03  -  Run Remote Usage
		Usr 0 00:00:00, Sys 0 00:00:00  -  Run Local Usage
		Usr 0 00:00:24, Sys 0 00:00:03  -  Total Remote Usage
		Usr 0 00:00:00, Sys 0 00:00:00  -  Total Local Usage
	18533  -  Run Bytes Sent By Job
	0  -  Run Bytes Received By Job
	18533  -  Total Bytes Sent By Job
	0  -  Total Bytes Received By Job
	Partitionable Resources :    Usage  Request Allocated 
	   Cpus                 :                 1         1 
	   Disk (KB)            :       90        2    312194 
	   Memory (MB)          :      611     2048      2048 

	Job terminated of its own accord at 2023-12-14T10:23:42Z with exit-code 0.
...
