000 (1972621.000.000) 2023-12-14 02:17:47 Job submitted from host: <172.24.33.226:11547?addrs=172.24.33.226-11547&alias=sdfrome002.sdf.slac.stanford.edu>
    DAG Node: 6fc67055-0811-4ad6-be2a-bdaa59aa7f47_ptcIsr_2023111203605_23
...
040 (1972621.000.000) 2023-12-14 02:28:25 Finished transferring input files
...
001 (1972621.000.000) 2023-12-14 02:28:25 Job executing on host: <172.24.33.143:42517?CCBID=172.24.33.225:9618%3faddrs%3d172.24.33.225-9618%26alias%3dsdfrome001.sdf.slac.stanford.edu#6220496&PrivNet=sdfrome078.sdf.slac.stanford.edu&addrs=172.24.33.143-42517&alias=sdfrome078.sdf.slac.stanford.edu>
	SlotName: slot_abrought_19079_1_3@sdfrome078.sdf.slac.stanford.edu
...
006 (1972621.000.000) 2023-12-14 02:28:34 Image size of job updated: 343768
	129  -  MemoryUsage of job (MB)
	131800  -  ResidentSetSize of job (KB)
...
006 (1972621.000.000) 2023-12-14 02:29:16 Image size of job updated: 2147856
	610  -  MemoryUsage of job (MB)
	624340  -  ResidentSetSize of job (KB)
...
040 (1972621.000.000) 2023-12-14 02:29:16 Started transferring output files
...
040 (1972621.000.000) 2023-12-14 02:29:16 Finished transferring output files
...
005 (1972621.000.000) 2023-12-14 02:29:16 Job terminated.
	(1) Normal termination (return value 0)
		Usr 0 00:00:24, Sys 0 00:00:04  -  Run Remote Usage
		Usr 0 00:00:00, Sys 0 00:00:00  -  Run Local Usage
		Usr 0 00:00:24, Sys 0 00:00:04  -  Total Remote Usage
		Usr 0 00:00:00, Sys 0 00:00:00  -  Total Local Usage
	19073  -  Run Bytes Sent By Job
	0  -  Run Bytes Received By Job
	19073  -  Total Bytes Sent By Job
	0  -  Total Bytes Received By Job
	Partitionable Resources :    Usage  Request Allocated 
	   Cpus                 :                 1         1 
	   Disk (KB)            :       91        2    312194 
	   Memory (MB)          :      610     2048      2048 

	Job terminated of its own accord at 2023-12-14T10:29:16Z with exit-code 0.
...
