000 (1972724.000.000) 2023-12-14 02:17:48 Job submitted from host: <172.24.33.226:11547?addrs=172.24.33.226-11547&alias=sdfrome002.sdf.slac.stanford.edu>
    DAG Node: bb95910f-a512-48a2-9a90-712e23b95917_ptcIsr_2023111300717_23
...
040 (1972724.000.000) 2023-12-14 02:28:48 Finished transferring input files
...
001 (1972724.000.000) 2023-12-14 02:28:48 Job executing on host: <172.24.48.186:33679?CCBID=172.24.33.225:9618%3faddrs%3d172.24.33.225-9618%26alias%3dsdfrome001.sdf.slac.stanford.edu#6219700&PrivNet=sdfmilan114.sdf.slac.stanford.edu&addrs=172.24.48.186-33679&alias=sdfmilan114.sdf.slac.stanford.edu>
	SlotName: slot_abrought_14493_1_17@sdfmilan114.sdf.slac.stanford.edu
...
006 (1972724.000.000) 2023-12-14 02:28:56 Image size of job updated: 279736
	73  -  MemoryUsage of job (MB)
	74052  -  ResidentSetSize of job (KB)
...
006 (1972724.000.000) 2023-12-14 02:29:47 Image size of job updated: 2111912
	689  -  MemoryUsage of job (MB)
	704932  -  ResidentSetSize of job (KB)
...
040 (1972724.000.000) 2023-12-14 02:29:47 Started transferring output files
...
040 (1972724.000.000) 2023-12-14 02:29:47 Finished transferring output files
...
005 (1972724.000.000) 2023-12-14 02:29:48 Job terminated.
	(1) Normal termination (return value 0)
		Usr 0 00:00:18, Sys 0 00:00:03  -  Run Remote Usage
		Usr 0 00:00:00, Sys 0 00:00:00  -  Run Local Usage
		Usr 0 00:00:18, Sys 0 00:00:03  -  Total Remote Usage
		Usr 0 00:00:00, Sys 0 00:00:00  -  Total Local Usage
	19073  -  Run Bytes Sent By Job
	0  -  Run Bytes Received By Job
	19073  -  Total Bytes Sent By Job
	0  -  Total Bytes Received By Job
	Partitionable Resources :    Usage  Request Allocated 
	   Cpus                 :                 1         1 
	   Disk (KB)            :       91        2    312193 
	   Memory (MB)          :      689     2048      2048 

	Job terminated of its own accord at 2023-12-14T10:29:47Z with exit-code 0.
...
