000 (1970794.000.000) 2023-12-14 02:17:24 Job submitted from host: <172.24.33.226:11547?addrs=172.24.33.226-11547&alias=sdfrome002.sdf.slac.stanford.edu>
    DAG Node: b3a1092f-10f6-4bb5-8f8f-0d4e6363b51b_ptcIsr_2023111200006_23
...
040 (1970794.000.000) 2023-12-14 02:23:08 Finished transferring input files
...
001 (1970794.000.000) 2023-12-14 02:23:08 Job executing on host: <172.24.33.124:45647?CCBID=172.24.33.225:9618%3faddrs%3d172.24.33.225-9618%26alias%3dsdfrome001.sdf.slac.stanford.edu#6220016&PrivNet=sdfrome059.sdf.slac.stanford.edu&addrs=172.24.33.124-45647&alias=sdfrome059.sdf.slac.stanford.edu>
	SlotName: slot_abrought_13532_1_7@sdfrome059.sdf.slac.stanford.edu
...
006 (1970794.000.000) 2023-12-14 02:23:18 Image size of job updated: 271116
	65  -  MemoryUsage of job (MB)
	66344  -  ResidentSetSize of job (KB)
...
006 (1970794.000.000) 2023-12-14 02:26:16 Image size of job updated: 2194824
	662  -  MemoryUsage of job (MB)
	677376  -  ResidentSetSize of job (KB)
...
040 (1970794.000.000) 2023-12-14 02:26:16 Started transferring output files
...
040 (1970794.000.000) 2023-12-14 02:26:16 Finished transferring output files
...
005 (1970794.000.000) 2023-12-14 02:26:16 Job terminated.
	(1) Normal termination (return value 0)
		Usr 0 00:00:19, Sys 0 00:00:03  -  Run Remote Usage
		Usr 0 00:00:00, Sys 0 00:00:00  -  Run Local Usage
		Usr 0 00:00:19, Sys 0 00:00:03  -  Total Remote Usage
		Usr 0 00:00:00, Sys 0 00:00:00  -  Total Local Usage
	18804  -  Run Bytes Sent By Job
	0  -  Run Bytes Received By Job
	18804  -  Total Bytes Sent By Job
	0  -  Total Bytes Received By Job
	Partitionable Resources :    Usage  Request Allocated 
	   Cpus                 :     0.13        1         1 
	   Disk (KB)            :    97           2    312194 
	   Memory (MB)          :   662        2048      2048 

	Job terminated of its own accord at 2023-12-14T10:26:15Z with exit-code 0.
...
