000 (1971829.000.000) 2023-12-14 02:17:37 Job submitted from host: <172.24.33.226:11547?addrs=172.24.33.226-11547&alias=sdfrome002.sdf.slac.stanford.edu>
    DAG Node: 9f27db0a-7347-4a32-aa9f-43fcaec6230d_ptcIsr_2023111301206_23
...
040 (1971829.000.000) 2023-12-14 02:26:07 Finished transferring input files
...
001 (1971829.000.000) 2023-12-14 02:26:07 Job executing on host: <172.24.33.124:44469?CCBID=172.24.33.225:9618%3faddrs%3d172.24.33.225-9618%26alias%3dsdfrome001.sdf.slac.stanford.edu#6220017&PrivNet=sdfrome059.sdf.slac.stanford.edu&addrs=172.24.33.124-44469&alias=sdfrome059.sdf.slac.stanford.edu>
	SlotName: slot_abrought_2668_1_3@sdfrome059.sdf.slac.stanford.edu
...
006 (1971829.000.000) 2023-12-14 02:26:16 Image size of job updated: 351356
	137  -  MemoryUsage of job (MB)
	139384  -  ResidentSetSize of job (KB)
...
006 (1971829.000.000) 2023-12-14 02:27:07 Image size of job updated: 2196976
	137  -  MemoryUsage of job (MB)
	139384  -  ResidentSetSize of job (KB)
...
040 (1971829.000.000) 2023-12-14 02:27:07 Started transferring output files
...
040 (1971829.000.000) 2023-12-14 02:27:07 Finished transferring output files
...
005 (1971829.000.000) 2023-12-14 02:27:07 Job terminated.
	(1) Normal termination (return value 0)
		Usr 0 00:00:23, Sys 0 00:00:03  -  Run Remote Usage
		Usr 0 00:00:00, Sys 0 00:00:00  -  Run Local Usage
		Usr 0 00:00:23, Sys 0 00:00:03  -  Total Remote Usage
		Usr 0 00:00:00, Sys 0 00:00:00  -  Total Local Usage
	19072  -  Run Bytes Sent By Job
	0  -  Run Bytes Received By Job
	19072  -  Total Bytes Sent By Job
	0  -  Total Bytes Received By Job
	Partitionable Resources :    Usage  Request Allocated 
	   Cpus                 :                 1         1 
	   Disk (KB)            :       91        2    312194 
	   Memory (MB)          :      137     2048      2048 

	Job terminated of its own accord at 2023-12-14T10:27:07Z with exit-code 0.
...
