000 (1971389.000.000) 2023-12-14 02:17:31 Job submitted from host: <172.24.33.226:11547?addrs=172.24.33.226-11547&alias=sdfrome002.sdf.slac.stanford.edu>
    DAG Node: 59ae22a0-b56d-40ee-b458-564638675c62_ptcIsr_2023111301095_23
...
040 (1971389.000.000) 2023-12-14 02:24:58 Finished transferring input files
...
001 (1971389.000.000) 2023-12-14 02:24:58 Job executing on host: <172.24.33.213:33037?CCBID=172.24.33.225:9618%3faddrs%3d172.24.33.225-9618%26alias%3dsdfrome001.sdf.slac.stanford.edu#6220039&PrivNet=sdfrome022.sdf.slac.stanford.edu&addrs=172.24.33.213-33037&alias=sdfrome022.sdf.slac.stanford.edu>
	SlotName: slot_abrought_15721_1_20@sdfrome022.sdf.slac.stanford.edu
...
006 (1971389.000.000) 2023-12-14 02:25:07 Image size of job updated: 27480
	12  -  MemoryUsage of job (MB)
	11480  -  ResidentSetSize of job (KB)
...
006 (1971389.000.000) 2023-12-14 02:26:11 Image size of job updated: 2102568
	620  -  MemoryUsage of job (MB)
	634736  -  ResidentSetSize of job (KB)
...
040 (1971389.000.000) 2023-12-14 02:26:11 Started transferring output files
...
040 (1971389.000.000) 2023-12-14 02:26:11 Finished transferring output files
...
005 (1971389.000.000) 2023-12-14 02:26:11 Job terminated.
	(1) Normal termination (return value 0)
		Usr 0 00:00:21, Sys 0 00:00:03  -  Run Remote Usage
		Usr 0 00:00:00, Sys 0 00:00:00  -  Run Local Usage
		Usr 0 00:00:21, Sys 0 00:00:03  -  Total Remote Usage
		Usr 0 00:00:00, Sys 0 00:00:00  -  Total Local Usage
	18804  -  Run Bytes Sent By Job
	0  -  Run Bytes Received By Job
	18804  -  Total Bytes Sent By Job
	0  -  Total Bytes Received By Job
	Partitionable Resources :    Usage  Request Allocated 
	   Cpus                 :                 1         1 
	   Disk (KB)            :       90        2    312194 
	   Memory (MB)          :      620     2048      2048 

	Job terminated of its own accord at 2023-12-14T10:26:11Z with exit-code 0.
...
