000 (1970950.000.000) 2023-12-14 02:17:25 Job submitted from host: <172.24.33.226:11547?addrs=172.24.33.226-11547&alias=sdfrome002.sdf.slac.stanford.edu>
    DAG Node: 845bebb8-c45e-42d0-866a-cfd835b7541a_ptcIsr_2023111102056_23
...
040 (1970950.000.000) 2023-12-14 02:23:38 Finished transferring input files
...
001 (1970950.000.000) 2023-12-14 02:23:38 Job executing on host: <172.24.33.147:42953?CCBID=172.24.33.225:9618%3faddrs%3d172.24.33.225-9618%26alias%3dsdfrome001.sdf.slac.stanford.edu#6219703&PrivNet=sdfrome082.sdf.slac.stanford.edu&addrs=172.24.33.147-42953&alias=sdfrome082.sdf.slac.stanford.edu>
	SlotName: slot_abrought_48_1_20@sdfrome082.sdf.slac.stanford.edu
...
006 (1970950.000.000) 2023-12-14 02:23:47 Image size of job updated: 304096
	95  -  MemoryUsage of job (MB)
	96620  -  ResidentSetSize of job (KB)
...
006 (1970950.000.000) 2023-12-14 02:24:31 Image size of job updated: 2103380
	1298  -  MemoryUsage of job (MB)
	1328696  -  ResidentSetSize of job (KB)
...
040 (1970950.000.000) 2023-12-14 02:24:32 Started transferring output files
...
040 (1970950.000.000) 2023-12-14 02:24:32 Finished transferring output files
...
005 (1970950.000.000) 2023-12-14 02:24:32 Job terminated.
	(1) Normal termination (return value 0)
		Usr 0 00:00:17, Sys 0 00:00:03  -  Run Remote Usage
		Usr 0 00:00:00, Sys 0 00:00:00  -  Run Local Usage
		Usr 0 00:00:17, Sys 0 00:00:03  -  Total Remote Usage
		Usr 0 00:00:00, Sys 0 00:00:00  -  Total Local Usage
	18804  -  Run Bytes Sent By Job
	0  -  Run Bytes Received By Job
	18804  -  Total Bytes Sent By Job
	0  -  Total Bytes Received By Job
	Partitionable Resources :    Usage  Request Allocated 
	   Cpus                 :                 1         1 
	   Disk (KB)            :       90        2    312116 
	   Memory (MB)          :     1298     2048      2048 

	Job terminated of its own accord at 2023-12-14T10:24:31Z with exit-code 0.
...
