000 (1972334.000.000) 2023-12-14 02:17:43 Job submitted from host: <172.24.33.226:11547?addrs=172.24.33.226-11547&alias=sdfrome002.sdf.slac.stanford.edu>
    DAG Node: 9fb4c7e2-30fd-4167-b5fb-49eab9f2b1d1_ptcIsr_2023111101939_23
...
040 (1972334.000.000) 2023-12-14 02:27:35 Finished transferring input files
...
001 (1972334.000.000) 2023-12-14 02:27:35 Job executing on host: <172.24.48.186:33679?CCBID=172.24.33.225:9618%3faddrs%3d172.24.33.225-9618%26alias%3dsdfrome001.sdf.slac.stanford.edu#6219700&PrivNet=sdfmilan114.sdf.slac.stanford.edu&addrs=172.24.48.186-33679&alias=sdfmilan114.sdf.slac.stanford.edu>
	SlotName: slot_abrought_14493_1_10@sdfmilan114.sdf.slac.stanford.edu
...
006 (1972334.000.000) 2023-12-14 02:27:44 Image size of job updated: 323148
	111  -  MemoryUsage of job (MB)
	113244  -  ResidentSetSize of job (KB)
...
006 (1972334.000.000) 2023-12-14 02:28:28 Image size of job updated: 2068148
	1297  -  MemoryUsage of job (MB)
	1327480  -  ResidentSetSize of job (KB)
...
040 (1972334.000.000) 2023-12-14 02:28:28 Started transferring output files
...
040 (1972334.000.000) 2023-12-14 02:28:28 Finished transferring output files
...
005 (1972334.000.000) 2023-12-14 02:28:28 Job terminated.
	(1) Normal termination (return value 0)
		Usr 0 00:00:15, Sys 0 00:00:02  -  Run Remote Usage
		Usr 0 00:00:00, Sys 0 00:00:00  -  Run Local Usage
		Usr 0 00:00:15, Sys 0 00:00:02  -  Total Remote Usage
		Usr 0 00:00:00, Sys 0 00:00:00  -  Total Local Usage
	18801  -  Run Bytes Sent By Job
	0  -  Run Bytes Received By Job
	18801  -  Total Bytes Sent By Job
	0  -  Total Bytes Received By Job
	Partitionable Resources :    Usage  Request Allocated 
	   Cpus                 :                 1         1 
	   Disk (KB)            :       90        2    312193 
	   Memory (MB)          :     1297     2048      2048 

	Job terminated of its own accord at 2023-12-14T10:28:28Z with exit-code 0.
...
