000 (1972146.000.000) 2023-12-14 02:17:42 Job submitted from host: <172.24.33.226:11547?addrs=172.24.33.226-11547&alias=sdfrome002.sdf.slac.stanford.edu>
    DAG Node: 674c2d1c-ce2c-4b6a-84b4-569672c3b1e4_ptcIsr_2023111202696_23
...
040 (1972146.000.000) 2023-12-14 02:26:59 Finished transferring input files
...
001 (1972146.000.000) 2023-12-14 02:26:59 Job executing on host: <172.24.33.213:43829?CCBID=172.24.33.225:9618%3faddrs%3d172.24.33.225-9618%26alias%3dsdfrome001.sdf.slac.stanford.edu#6220038&PrivNet=sdfrome022.sdf.slac.stanford.edu&addrs=172.24.33.213-43829&alias=sdfrome022.sdf.slac.stanford.edu>
	SlotName: slot_abrought_31850_1_8@sdfrome022.sdf.slac.stanford.edu
...
006 (1972146.000.000) 2023-12-14 02:27:08 Image size of job updated: 295220
	87  -  MemoryUsage of job (MB)
	88628  -  ResidentSetSize of job (KB)
...
006 (1972146.000.000) 2023-12-14 02:27:50 Image size of job updated: 2103280
	87  -  MemoryUsage of job (MB)
	88628  -  ResidentSetSize of job (KB)
...
040 (1972146.000.000) 2023-12-14 02:27:50 Started transferring output files
...
040 (1972146.000.000) 2023-12-14 02:27:50 Finished transferring output files
...
005 (1972146.000.000) 2023-12-14 02:27:50 Job terminated.
	(1) Normal termination (return value 0)
		Usr 0 00:00:23, Sys 0 00:00:05  -  Run Remote Usage
		Usr 0 00:00:00, Sys 0 00:00:00  -  Run Local Usage
		Usr 0 00:00:23, Sys 0 00:00:05  -  Total Remote Usage
		Usr 0 00:00:00, Sys 0 00:00:00  -  Total Local Usage
	18802  -  Run Bytes Sent By Job
	0  -  Run Bytes Received By Job
	18802  -  Total Bytes Sent By Job
	0  -  Total Bytes Received By Job
	Partitionable Resources :    Usage  Request Allocated 
	   Cpus                 :                 1         1 
	   Disk (KB)            :       90        2    312194 
	   Memory (MB)          :       87     2048      2048 

	Job terminated of its own accord at 2023-12-14T10:27:50Z with exit-code 0.
...
