000 (1971156.000.000) 2023-12-14 02:17:30 Job submitted from host: <172.24.33.226:11547?addrs=172.24.33.226-11547&alias=sdfrome002.sdf.slac.stanford.edu>
    DAG Node: 5935e69b-0359-4cc4-bfcd-9a9c2cd48513_ptcIsr_2023111300254_23
...
040 (1971156.000.000) 2023-12-14 02:24:11 Finished transferring input files
...
001 (1971156.000.000) 2023-12-14 02:24:11 Job executing on host: <172.24.48.149:38613?CCBID=172.24.33.225:9618%3faddrs%3d172.24.33.225-9618%26alias%3dsdfrome001.sdf.slac.stanford.edu#6219698&PrivNet=sdfmilan049.sdf.slac.stanford.edu&addrs=172.24.48.149-38613&alias=sdfmilan049.sdf.slac.stanford.edu>
	SlotName: slot_abrought_1727_1_18@sdfmilan049.sdf.slac.stanford.edu
...
006 (1971156.000.000) 2023-12-14 02:24:20 Image size of job updated: 272368
	66  -  MemoryUsage of job (MB)
	67508  -  ResidentSetSize of job (KB)
...
006 (1971156.000.000) 2023-12-14 02:25:29 Image size of job updated: 2037432
	66  -  MemoryUsage of job (MB)
	67508  -  ResidentSetSize of job (KB)
...
040 (1971156.000.000) 2023-12-14 02:25:29 Started transferring output files
...
040 (1971156.000.000) 2023-12-14 02:25:29 Finished transferring output files
...
005 (1971156.000.000) 2023-12-14 02:25:29 Job terminated.
	(1) Normal termination (return value 0)
		Usr 0 00:00:23, Sys 0 00:00:01  -  Run Remote Usage
		Usr 0 00:00:00, Sys 0 00:00:00  -  Run Local Usage
		Usr 0 00:00:23, Sys 0 00:00:01  -  Total Remote Usage
		Usr 0 00:00:00, Sys 0 00:00:00  -  Total Local Usage
	18531  -  Run Bytes Sent By Job
	0  -  Run Bytes Received By Job
	18531  -  Total Bytes Sent By Job
	0  -  Total Bytes Received By Job
	Partitionable Resources :    Usage  Request Allocated 
	   Cpus                 :                 1         1 
	   Disk (KB)            :       90        2    312194 
	   Memory (MB)          :       66     2048      2048 

	Job terminated of its own accord at 2023-12-14T10:25:29Z with exit-code 0.
...
