000 (1972780.000.000) 2023-12-14 02:17:48 Job submitted from host: <172.24.33.226:11547?addrs=172.24.33.226-11547&alias=sdfrome002.sdf.slac.stanford.edu>
    DAG Node: 0d727989-3126-43b2-8337-4cb211abe96c_ptcIsr_2023111300066_23
...
040 (1972780.000.000) 2023-12-14 02:28:57 Finished transferring input files
...
001 (1972780.000.000) 2023-12-14 02:28:57 Job executing on host: <172.24.33.143:42517?CCBID=172.24.33.225:9618%3faddrs%3d172.24.33.225-9618%26alias%3dsdfrome001.sdf.slac.stanford.edu#6220496&PrivNet=sdfrome078.sdf.slac.stanford.edu&addrs=172.24.33.143-42517&alias=sdfrome078.sdf.slac.stanford.edu>
	SlotName: slot_abrought_19079_1_4@sdfrome078.sdf.slac.stanford.edu
...
006 (1972780.000.000) 2023-12-14 02:29:05 Image size of job updated: 358764
	144  -  MemoryUsage of job (MB)
	147200  -  ResidentSetSize of job (KB)
...
006 (1972780.000.000) 2023-12-14 02:29:41 Image size of job updated: 2261244
	619  -  MemoryUsage of job (MB)
	633708  -  ResidentSetSize of job (KB)
...
040 (1972780.000.000) 2023-12-14 02:29:41 Started transferring output files
...
040 (1972780.000.000) 2023-12-14 02:29:41 Finished transferring output files
...
005 (1972780.000.000) 2023-12-14 02:29:41 Job terminated.
	(1) Normal termination (return value 0)
		Usr 0 00:00:27, Sys 0 00:00:03  -  Run Remote Usage
		Usr 0 00:00:00, Sys 0 00:00:00  -  Run Local Usage
		Usr 0 00:00:27, Sys 0 00:00:03  -  Total Remote Usage
		Usr 0 00:00:00, Sys 0 00:00:00  -  Total Local Usage
	19072  -  Run Bytes Sent By Job
	0  -  Run Bytes Received By Job
	19072  -  Total Bytes Sent By Job
	0  -  Total Bytes Received By Job
	Partitionable Resources :    Usage  Request Allocated 
	   Cpus                 :                 1         1 
	   Disk (KB)            :       91        2    312194 
	   Memory (MB)          :      619     2048      2048 

	Job terminated of its own accord at 2023-12-14T10:29:41Z with exit-code 0.
...
