000 (1972872.000.000) 2023-12-14 02:17:49 Job submitted from host: <172.24.33.226:11547?addrs=172.24.33.226-11547&alias=sdfrome002.sdf.slac.stanford.edu>
    DAG Node: 2a57426c-8970-438e-92c6-004336a8ea96_ptcIsr_2023111200567_23
...
040 (1972872.000.000) 2023-12-14 02:29:15 Finished transferring input files
...
001 (1972872.000.000) 2023-12-14 02:29:15 Job executing on host: <172.24.33.143:42517?CCBID=172.24.33.225:9618%3faddrs%3d172.24.33.225-9618%26alias%3dsdfrome001.sdf.slac.stanford.edu#6220496&PrivNet=sdfrome078.sdf.slac.stanford.edu&addrs=172.24.33.143-42517&alias=sdfrome078.sdf.slac.stanford.edu>
	SlotName: slot_abrought_19079_1_16@sdfrome078.sdf.slac.stanford.edu
...
006 (1972872.000.000) 2023-12-14 02:29:24 Image size of job updated: 280760
	74  -  MemoryUsage of job (MB)
	74804  -  ResidentSetSize of job (KB)
...
006 (1972872.000.000) 2023-12-14 02:30:02 Image size of job updated: 2004880
	607  -  MemoryUsage of job (MB)
	621420  -  ResidentSetSize of job (KB)
...
040 (1972872.000.000) 2023-12-14 02:30:02 Started transferring output files
...
040 (1972872.000.000) 2023-12-14 02:30:02 Finished transferring output files
...
005 (1972872.000.000) 2023-12-14 02:30:02 Job terminated.
	(1) Normal termination (return value 0)
		Usr 0 00:00:22, Sys 0 00:00:04  -  Run Remote Usage
		Usr 0 00:00:00, Sys 0 00:00:00  -  Run Local Usage
		Usr 0 00:00:22, Sys 0 00:00:04  -  Total Remote Usage
		Usr 0 00:00:00, Sys 0 00:00:00  -  Total Local Usage
	18804  -  Run Bytes Sent By Job
	0  -  Run Bytes Received By Job
	18804  -  Total Bytes Sent By Job
	0  -  Total Bytes Received By Job
	Partitionable Resources :    Usage  Request Allocated 
	   Cpus                 :                 1         1 
	   Disk (KB)            :       90        2    312194 
	   Memory (MB)          :      607     2048      2048 

	Job terminated of its own accord at 2023-12-14T10:30:02Z with exit-code 0.
...
