000 (1973304.000.000) 2023-12-14 02:17:55 Job submitted from host: <172.24.33.226:11547?addrs=172.24.33.226-11547&alias=sdfrome002.sdf.slac.stanford.edu>
    DAG Node: dfde102b-6dbf-4a74-ad9c-d61ff3997b14_ptcIsr_2023111101374_23
...
040 (1973304.000.000) 2023-12-14 02:30:18 Finished transferring input files
...
001 (1973304.000.000) 2023-12-14 02:30:18 Job executing on host: <172.24.33.124:39697?CCBID=172.24.33.225:9618%3faddrs%3d172.24.33.225-9618%26alias%3dsdfrome001.sdf.slac.stanford.edu#6220015&PrivNet=sdfrome059.sdf.slac.stanford.edu&addrs=172.24.33.124-39697&alias=sdfrome059.sdf.slac.stanford.edu>
	SlotName: slot_abrought_7836_1_3@sdfrome059.sdf.slac.stanford.edu
...
006 (1973304.000.000) 2023-12-14 02:30:27 Image size of job updated: 293492
	86  -  MemoryUsage of job (MB)
	87316  -  ResidentSetSize of job (KB)
...
006 (1973304.000.000) 2023-12-14 02:31:14 Image size of job updated: 2076788
	612  -  MemoryUsage of job (MB)
	626096  -  ResidentSetSize of job (KB)
...
040 (1973304.000.000) 2023-12-14 02:31:14 Started transferring output files
...
040 (1973304.000.000) 2023-12-14 02:31:14 Finished transferring output files
...
005 (1973304.000.000) 2023-12-14 02:31:14 Job terminated.
	(1) Normal termination (return value 0)
		Usr 0 00:00:23, Sys 0 00:00:05  -  Run Remote Usage
		Usr 0 00:00:00, Sys 0 00:00:00  -  Run Local Usage
		Usr 0 00:00:23, Sys 0 00:00:05  -  Total Remote Usage
		Usr 0 00:00:00, Sys 0 00:00:00  -  Total Local Usage
	18533  -  Run Bytes Sent By Job
	0  -  Run Bytes Received By Job
	18533  -  Total Bytes Sent By Job
	0  -  Total Bytes Received By Job
	Partitionable Resources :    Usage  Request Allocated 
	   Cpus                 :                 1         1 
	   Disk (KB)            :       90        2    312194 
	   Memory (MB)          :      612     2048      2048 

	Job terminated of its own accord at 2023-12-14T10:31:14Z with exit-code 0.
...
