000 (1969674.000.000) 2023-12-14 02:17:11 Job submitted from host: <172.24.33.226:11547?addrs=172.24.33.226-11547&alias=sdfrome002.sdf.slac.stanford.edu>
    DAG Node: 663fb122-eec5-4839-9bb2-8a329da306aa_ptcIsr_2023111203482_23
...
040 (1969674.000.000) 2023-12-14 02:19:33 Finished transferring input files
...
001 (1969674.000.000) 2023-12-14 02:19:33 Job executing on host: <172.24.48.149:38613?CCBID=172.24.33.225:9618%3faddrs%3d172.24.33.225-9618%26alias%3dsdfrome001.sdf.slac.stanford.edu#6219698&PrivNet=sdfmilan049.sdf.slac.stanford.edu&addrs=172.24.48.149-38613&alias=sdfmilan049.sdf.slac.stanford.edu>
	SlotName: slot_abrought_1727_1_18@sdfmilan049.sdf.slac.stanford.edu
...
006 (1969674.000.000) 2023-12-14 02:19:42 Image size of job updated: 340520
	127  -  MemoryUsage of job (MB)
	129352  -  ResidentSetSize of job (KB)
...
006 (1969674.000.000) 2023-12-14 02:20:42 Image size of job updated: 2046164
	127  -  MemoryUsage of job (MB)
	129352  -  ResidentSetSize of job (KB)
...
040 (1969674.000.000) 2023-12-14 02:20:42 Started transferring output files
...
040 (1969674.000.000) 2023-12-14 02:20:42 Finished transferring output files
...
005 (1969674.000.000) 2023-12-14 02:20:43 Job terminated.
	(1) Normal termination (return value 0)
		Usr 0 00:00:21, Sys 0 00:00:02  -  Run Remote Usage
		Usr 0 00:00:00, Sys 0 00:00:00  -  Run Local Usage
		Usr 0 00:00:21, Sys 0 00:00:02  -  Total Remote Usage
		Usr 0 00:00:00, Sys 0 00:00:00  -  Total Local Usage
	18805  -  Run Bytes Sent By Job
	0  -  Run Bytes Received By Job
	18805  -  Total Bytes Sent By Job
	0  -  Total Bytes Received By Job
	Partitionable Resources :    Usage  Request Allocated 
	   Cpus                 :                 1         1 
	   Disk (KB)            :       90        2    312194 
	   Memory (MB)          :      127     2048      2048 

	Job terminated of its own accord at 2023-12-14T10:20:42Z with exit-code 0.
...
