000 (1972368.000.000) 2023-12-14 02:17:43 Job submitted from host: <172.24.33.226:11547?addrs=172.24.33.226-11547&alias=sdfrome002.sdf.slac.stanford.edu>
    DAG Node: 44af8e5a-e415-4471-a921-20b8eb8881bc_ptcIsr_2023111100913_23
...
040 (1972368.000.000) 2023-12-14 02:27:41 Finished transferring input files
...
001 (1972368.000.000) 2023-12-14 02:27:41 Job executing on host: <172.24.33.143:42517?CCBID=172.24.33.225:9618%3faddrs%3d172.24.33.225-9618%26alias%3dsdfrome001.sdf.slac.stanford.edu#6220496&PrivNet=sdfrome078.sdf.slac.stanford.edu&addrs=172.24.33.143-42517&alias=sdfrome078.sdf.slac.stanford.edu>
	SlotName: slot_abrought_19079_1_3@sdfrome078.sdf.slac.stanford.edu
...
006 (1972368.000.000) 2023-12-14 02:27:50 Image size of job updated: 304084
	95  -  MemoryUsage of job (MB)
	96736  -  ResidentSetSize of job (KB)
...
006 (1972368.000.000) 2023-12-14 02:28:24 Image size of job updated: 2116532
	619  -  MemoryUsage of job (MB)
	633428  -  ResidentSetSize of job (KB)
...
040 (1972368.000.000) 2023-12-14 02:28:24 Started transferring output files
...
040 (1972368.000.000) 2023-12-14 02:28:24 Finished transferring output files
...
005 (1972368.000.000) 2023-12-14 02:28:24 Job terminated.
	(1) Normal termination (return value 0)
		Usr 0 00:00:24, Sys 0 00:00:04  -  Run Remote Usage
		Usr 0 00:00:00, Sys 0 00:00:00  -  Run Local Usage
		Usr 0 00:00:24, Sys 0 00:00:04  -  Total Remote Usage
		Usr 0 00:00:00, Sys 0 00:00:00  -  Total Local Usage
	19073  -  Run Bytes Sent By Job
	0  -  Run Bytes Received By Job
	19073  -  Total Bytes Sent By Job
	0  -  Total Bytes Received By Job
	Partitionable Resources :    Usage  Request Allocated 
	   Cpus                 :                 1         1 
	   Disk (KB)            :       91        2    312194 
	   Memory (MB)          :      619     2048      2048 

	Job terminated of its own accord at 2023-12-14T10:28:24Z with exit-code 0.
...
