000 (1971987.000.000) 2023-12-14 02:17:38 Job submitted from host: <172.24.33.226:11547?addrs=172.24.33.226-11547&alias=sdfrome002.sdf.slac.stanford.edu>
    DAG Node: 4c60ed9c-df66-4017-bde4-a5727c4bdcc6_ptcIsr_2023111200284_23
...
040 (1971987.000.000) 2023-12-14 02:26:34 Finished transferring input files
...
001 (1971987.000.000) 2023-12-14 02:26:34 Job executing on host: <172.24.33.213:33037?CCBID=172.24.33.225:9618%3faddrs%3d172.24.33.225-9618%26alias%3dsdfrome001.sdf.slac.stanford.edu#6220039&PrivNet=sdfrome022.sdf.slac.stanford.edu&addrs=172.24.33.213-33037&alias=sdfrome022.sdf.slac.stanford.edu>
	SlotName: slot_abrought_15721_1_3@sdfrome022.sdf.slac.stanford.edu
...
006 (1971987.000.000) 2023-12-14 02:26:43 Image size of job updated: 287436
	80  -  MemoryUsage of job (MB)
	81528  -  ResidentSetSize of job (KB)
...
006 (1971987.000.000) 2023-12-14 02:27:40 Image size of job updated: 2130868
	80  -  MemoryUsage of job (MB)
	81528  -  ResidentSetSize of job (KB)
...
040 (1971987.000.000) 2023-12-14 02:27:40 Started transferring output files
...
040 (1971987.000.000) 2023-12-14 02:27:40 Finished transferring output files
...
005 (1971987.000.000) 2023-12-14 02:27:40 Job terminated.
	(1) Normal termination (return value 0)
		Usr 0 00:00:23, Sys 0 00:00:03  -  Run Remote Usage
		Usr 0 00:00:00, Sys 0 00:00:00  -  Run Local Usage
		Usr 0 00:00:23, Sys 0 00:00:03  -  Total Remote Usage
		Usr 0 00:00:00, Sys 0 00:00:00  -  Total Local Usage
	18804  -  Run Bytes Sent By Job
	0  -  Run Bytes Received By Job
	18804  -  Total Bytes Sent By Job
	0  -  Total Bytes Received By Job
	Partitionable Resources :    Usage  Request Allocated 
	   Cpus                 :                 1         1 
	   Disk (KB)            :       90        2    312194 
	   Memory (MB)          :       80     2048      2048 

	Job terminated of its own accord at 2023-12-14T10:27:40Z with exit-code 0.
...
