000 (1971602.000.000) 2023-12-14 02:17:36 Job submitted from host: <172.24.33.226:11547?addrs=172.24.33.226-11547&alias=sdfrome002.sdf.slac.stanford.edu>
    DAG Node: d5fe4d04-0f98-4dd1-a91c-f1b4d0f3ed62_ptcIsr_2023111203342_23
...
040 (1971602.000.000) 2023-12-14 02:25:29 Finished transferring input files
...
001 (1971602.000.000) 2023-12-14 02:25:29 Job executing on host: <172.24.48.197:44589?CCBID=172.24.33.225:9618%3faddrs%3d172.24.33.225-9618%26alias%3dsdfrome001.sdf.slac.stanford.edu#6220121&PrivNet=sdfmilan125.sdf.slac.stanford.edu&addrs=172.24.48.197-44589&alias=sdfmilan125.sdf.slac.stanford.edu>
	SlotName: slot_abrought_7640_1_18@sdfmilan125.sdf.slac.stanford.edu
...
006 (1971602.000.000) 2023-12-14 02:25:38 Image size of job updated: 268232
	62  -  MemoryUsage of job (MB)
	62508  -  ResidentSetSize of job (KB)
...
006 (1971602.000.000) 2023-12-14 02:30:32 Image size of job updated: 2187752
	650  -  MemoryUsage of job (MB)
	664712  -  ResidentSetSize of job (KB)
...
040 (1971602.000.000) 2023-12-14 02:30:32 Started transferring output files
...
040 (1971602.000.000) 2023-12-14 02:30:32 Finished transferring output files
...
005 (1971602.000.000) 2023-12-14 02:30:32 Job terminated.
	(1) Normal termination (return value 0)
		Usr 0 00:00:22, Sys 0 00:00:03  -  Run Remote Usage
		Usr 0 00:00:00, Sys 0 00:00:00  -  Run Local Usage
		Usr 0 00:00:22, Sys 0 00:00:03  -  Total Remote Usage
		Usr 0 00:00:00, Sys 0 00:00:00  -  Total Local Usage
	19074  -  Run Bytes Sent By Job
	0  -  Run Bytes Received By Job
	19074  -  Total Bytes Sent By Job
	0  -  Total Bytes Received By Job
	Partitionable Resources :    Usage  Request Allocated 
	   Cpus                 :     0.09        1         1 
	   Disk (KB)            :    97           2    305890 
	   Memory (MB)          :   650        2048      2048 

	Job terminated of its own accord at 2023-12-14T10:30:32Z with exit-code 0.
...
