000 (1970059.000.000) 2023-12-14 02:17:17 Job submitted from host: <172.24.33.226:11547?addrs=172.24.33.226-11547&alias=sdfrome002.sdf.slac.stanford.edu>
    DAG Node: d488e104-4840-49c0-afc0-3e6560234aef_ptcIsr_2023111300786_23
...
040 (1970059.000.000) 2023-12-14 02:20:33 Finished transferring input files
...
001 (1970059.000.000) 2023-12-14 02:20:33 Job executing on host: <172.24.48.186:33679?CCBID=172.24.33.225:9618%3faddrs%3d172.24.33.225-9618%26alias%3dsdfrome001.sdf.slac.stanford.edu#6219700&PrivNet=sdfmilan114.sdf.slac.stanford.edu&addrs=172.24.48.186-33679&alias=sdfmilan114.sdf.slac.stanford.edu>
	SlotName: slot_abrought_14493_1_19@sdfmilan114.sdf.slac.stanford.edu
...
006 (1970059.000.000) 2023-12-14 02:20:42 Image size of job updated: 330592
	118  -  MemoryUsage of job (MB)
	120100  -  ResidentSetSize of job (KB)
...
006 (1970059.000.000) 2023-12-14 02:21:31 Image size of job updated: 2386668
	118  -  MemoryUsage of job (MB)
	120100  -  ResidentSetSize of job (KB)
...
040 (1970059.000.000) 2023-12-14 02:21:31 Started transferring output files
...
040 (1970059.000.000) 2023-12-14 02:21:31 Finished transferring output files
...
005 (1970059.000.000) 2023-12-14 02:21:31 Job terminated.
	(1) Normal termination (return value 0)
		Usr 0 00:00:22, Sys 0 00:00:02  -  Run Remote Usage
		Usr 0 00:00:00, Sys 0 00:00:00  -  Run Local Usage
		Usr 0 00:00:22, Sys 0 00:00:02  -  Total Remote Usage
		Usr 0 00:00:00, Sys 0 00:00:00  -  Total Local Usage
	19074  -  Run Bytes Sent By Job
	0  -  Run Bytes Received By Job
	19074  -  Total Bytes Sent By Job
	0  -  Total Bytes Received By Job
	Partitionable Resources :    Usage  Request Allocated 
	   Cpus                 :                 1         1 
	   Disk (KB)            :       91        2    312193 
	   Memory (MB)          :      118     2048      2048 

	Job terminated of its own accord at 2023-12-14T10:21:31Z with exit-code 0.
...
