000 (1972421.000.000) 2023-12-14 02:17:43 Job submitted from host: <172.24.33.226:11547?addrs=172.24.33.226-11547&alias=sdfrome002.sdf.slac.stanford.edu>
    DAG Node: 0f8132fc-84f2-4500-80b1-7160d8418e3e_ptcIsr_2023111200143_23
...
040 (1972421.000.000) 2023-12-14 02:27:49 Finished transferring input files
...
001 (1972421.000.000) 2023-12-14 02:27:50 Job executing on host: <172.24.33.143:37205?CCBID=172.24.33.225:9618%3faddrs%3d172.24.33.225-9618%26alias%3dsdfrome001.sdf.slac.stanford.edu#6220499&PrivNet=sdfrome078.sdf.slac.stanford.edu&addrs=172.24.33.143-37205&alias=sdfrome078.sdf.slac.stanford.edu>
	SlotName: slot_abrought_7348_1_21@sdfrome078.sdf.slac.stanford.edu
...
006 (1972421.000.000) 2023-12-14 02:27:58 Image size of job updated: 272900
	67  -  MemoryUsage of job (MB)
	68372  -  ResidentSetSize of job (KB)
...
006 (1972421.000.000) 2023-12-14 02:28:58 Image size of job updated: 2072640
	624  -  MemoryUsage of job (MB)
	638692  -  ResidentSetSize of job (KB)
...
040 (1972421.000.000) 2023-12-14 02:28:58 Started transferring output files
...
040 (1972421.000.000) 2023-12-14 02:28:58 Finished transferring output files
...
005 (1972421.000.000) 2023-12-14 02:28:58 Job terminated.
	(1) Normal termination (return value 0)
		Usr 0 00:00:21, Sys 0 00:00:03  -  Run Remote Usage
		Usr 0 00:00:00, Sys 0 00:00:00  -  Run Local Usage
		Usr 0 00:00:21, Sys 0 00:00:03  -  Total Remote Usage
		Usr 0 00:00:00, Sys 0 00:00:00  -  Total Local Usage
	19074  -  Run Bytes Sent By Job
	0  -  Run Bytes Received By Job
	19074  -  Total Bytes Sent By Job
	0  -  Total Bytes Received By Job
	Partitionable Resources :    Usage  Request Allocated 
	   Cpus                 :                 1         1 
	   Disk (KB)            :       91        2    312194 
	   Memory (MB)          :      624     2048      2048 

	Job terminated of its own accord at 2023-12-14T10:28:58Z with exit-code 0.
...
