000 (1969359.000.000) 2023-12-14 02:17:07 Job submitted from host: <172.24.33.226:11547?addrs=172.24.33.226-11547&alias=sdfrome002.sdf.slac.stanford.edu>
    DAG Node: 1c6cd4d0-5c2a-47ea-845b-47031b77910a_ptcIsr_2023111200771_23
...
040 (1969359.000.000) 2023-12-14 02:17:09 Finished transferring input files
...
001 (1969359.000.000) 2023-12-14 02:17:09 Job executing on host: <172.24.33.147:42953?CCBID=172.24.33.225:9618%3faddrs%3d172.24.33.225-9618%26alias%3dsdfrome001.sdf.slac.stanford.edu#6219703&PrivNet=sdfrome082.sdf.slac.stanford.edu&addrs=172.24.33.147-42953&alias=sdfrome082.sdf.slac.stanford.edu>
	SlotName: slot_abrought_48_1_7@sdfrome082.sdf.slac.stanford.edu
...
006 (1969359.000.000) 2023-12-14 02:17:17 Image size of job updated: 287624
	80  -  MemoryUsage of job (MB)
	81284  -  ResidentSetSize of job (KB)
...
006 (1969359.000.000) 2023-12-14 02:18:07 Image size of job updated: 2245080
	80  -  MemoryUsage of job (MB)
	81284  -  ResidentSetSize of job (KB)
...
040 (1969359.000.000) 2023-12-14 02:18:07 Started transferring output files
...
040 (1969359.000.000) 2023-12-14 02:18:07 Finished transferring output files
...
005 (1969359.000.000) 2023-12-14 02:18:07 Job terminated.
	(1) Normal termination (return value 0)
		Usr 0 00:00:20, Sys 0 00:00:04  -  Run Remote Usage
		Usr 0 00:00:00, Sys 0 00:00:00  -  Run Local Usage
		Usr 0 00:00:20, Sys 0 00:00:04  -  Total Remote Usage
		Usr 0 00:00:00, Sys 0 00:00:00  -  Total Local Usage
	19073  -  Run Bytes Sent By Job
	0  -  Run Bytes Received By Job
	19073  -  Total Bytes Sent By Job
	0  -  Total Bytes Received By Job
	Partitionable Resources :    Usage  Request Allocated 
	   Cpus                 :                 1         1 
	   Disk (KB)            :       90        2    312116 
	   Memory (MB)          :       80     2048      2048 

	Job terminated of its own accord at 2023-12-14T10:18:07Z with exit-code 0.
...
