000 (1970911.000.000) 2023-12-14 02:17:25 Job submitted from host: <172.24.33.226:11547?addrs=172.24.33.226-11547&alias=sdfrome002.sdf.slac.stanford.edu>
    DAG Node: 53557e7c-080f-40b1-b84a-08f58ce1e595_ptcIsr_2023111200086_23
...
040 (1970911.000.000) 2023-12-14 02:23:35 Finished transferring input files
...
001 (1970911.000.000) 2023-12-14 02:23:35 Job executing on host: <172.24.33.124:39661?CCBID=172.24.33.225:9618%3faddrs%3d172.24.33.225-9618%26alias%3dsdfrome001.sdf.slac.stanford.edu#6220018&PrivNet=sdfrome059.sdf.slac.stanford.edu&addrs=172.24.33.124-39661&alias=sdfrome059.sdf.slac.stanford.edu>
	SlotName: slot_abrought_25802_1_18@sdfrome059.sdf.slac.stanford.edu
...
006 (1970911.000.000) 2023-12-14 02:23:44 Image size of job updated: 345572
	132  -  MemoryUsage of job (MB)
	134824  -  ResidentSetSize of job (KB)
...
006 (1970911.000.000) 2023-12-14 02:24:15 Image size of job updated: 2100556
	623  -  MemoryUsage of job (MB)
	637332  -  ResidentSetSize of job (KB)
...
040 (1970911.000.000) 2023-12-14 02:24:15 Started transferring output files
...
040 (1970911.000.000) 2023-12-14 02:24:15 Finished transferring output files
...
005 (1970911.000.000) 2023-12-14 02:24:15 Job terminated.
	(1) Normal termination (return value 0)
		Usr 0 00:00:20, Sys 0 00:00:05  -  Run Remote Usage
		Usr 0 00:00:00, Sys 0 00:00:00  -  Run Local Usage
		Usr 0 00:00:20, Sys 0 00:00:05  -  Total Remote Usage
		Usr 0 00:00:00, Sys 0 00:00:00  -  Total Local Usage
	19073  -  Run Bytes Sent By Job
	0  -  Run Bytes Received By Job
	19073  -  Total Bytes Sent By Job
	0  -  Total Bytes Received By Job
	Partitionable Resources :    Usage  Request Allocated 
	   Cpus                 :     0.99        1         1 
	   Disk (KB)            :    97           2    312194 
	   Memory (MB)          :   623        2048      2048 

	Job terminated of its own accord at 2023-12-14T10:24:15Z with exit-code 0.
...
