000 (1969523.000.000) 2023-12-14 02:17:11 Job submitted from host: <172.24.33.226:11547?addrs=172.24.33.226-11547&alias=sdfrome002.sdf.slac.stanford.edu>
    DAG Node: 21621e21-b677-4f32-a003-853ee5e9667b_ptcIsr_2023111301218_23
...
040 (1969523.000.000) 2023-12-14 02:18:09 Finished transferring input files
...
001 (1969523.000.000) 2023-12-14 02:18:09 Job executing on host: <172.24.33.147:42953?CCBID=172.24.33.225:9618%3faddrs%3d172.24.33.225-9618%26alias%3dsdfrome001.sdf.slac.stanford.edu#6219703&PrivNet=sdfrome082.sdf.slac.stanford.edu&addrs=172.24.33.147-42953&alias=sdfrome082.sdf.slac.stanford.edu>
	SlotName: slot_abrought_48_1_14@sdfrome082.sdf.slac.stanford.edu
...
006 (1969523.000.000) 2023-12-14 02:18:18 Image size of job updated: 27348
	11  -  MemoryUsage of job (MB)
	10704  -  ResidentSetSize of job (KB)
...
006 (1969523.000.000) 2023-12-14 02:19:07 Image size of job updated: 2198476
	655  -  MemoryUsage of job (MB)
	670248  -  ResidentSetSize of job (KB)
...
040 (1969523.000.000) 2023-12-14 02:19:07 Started transferring output files
...
040 (1969523.000.000) 2023-12-14 02:19:07 Finished transferring output files
...
005 (1969523.000.000) 2023-12-14 02:19:07 Job terminated.
	(1) Normal termination (return value 0)
		Usr 0 00:00:21, Sys 0 00:00:02  -  Run Remote Usage
		Usr 0 00:00:00, Sys 0 00:00:00  -  Run Local Usage
		Usr 0 00:00:21, Sys 0 00:00:02  -  Total Remote Usage
		Usr 0 00:00:00, Sys 0 00:00:00  -  Total Local Usage
	19072  -  Run Bytes Sent By Job
	0  -  Run Bytes Received By Job
	19072  -  Total Bytes Sent By Job
	0  -  Total Bytes Received By Job
	Partitionable Resources :    Usage  Request Allocated 
	   Cpus                 :                 1         1 
	   Disk (KB)            :       91        2    312116 
	   Memory (MB)          :      655     2048      2048 

	Job terminated of its own accord at 2023-12-14T10:19:07Z with exit-code 0.
...
