000 (1969764.000.000) 2023-12-14 02:17:12 Job submitted from host: <172.24.33.226:11547?addrs=172.24.33.226-11547&alias=sdfrome002.sdf.slac.stanford.edu>
    DAG Node: 7b3823c5-473f-4ce6-8573-e7a3883a7175_ptcIsr_2023111203155_23
...
040 (1969764.000.000) 2023-12-14 02:20:09 Finished transferring input files
...
001 (1969764.000.000) 2023-12-14 02:20:09 Job executing on host: <172.24.33.213:41587?CCBID=172.24.33.225:9618%3faddrs%3d172.24.33.225-9618%26alias%3dsdfrome001.sdf.slac.stanford.edu#6220036&PrivNet=sdfrome022.sdf.slac.stanford.edu&addrs=172.24.33.213-41587&alias=sdfrome022.sdf.slac.stanford.edu>
	SlotName: slot_abrought_5117_1_2@sdfrome022.sdf.slac.stanford.edu
...
006 (1969764.000.000) 2023-12-14 02:20:18 Image size of job updated: 283776
	76  -  MemoryUsage of job (MB)
	77332  -  ResidentSetSize of job (KB)
...
006 (1969764.000.000) 2023-12-14 02:21:29 Image size of job updated: 2004864
	76  -  MemoryUsage of job (MB)
	77332  -  ResidentSetSize of job (KB)
...
040 (1969764.000.000) 2023-12-14 02:21:30 Started transferring output files
...
040 (1969764.000.000) 2023-12-14 02:21:30 Finished transferring output files
...
005 (1969764.000.000) 2023-12-14 02:21:30 Job terminated.
	(1) Normal termination (return value 0)
		Usr 0 00:00:18, Sys 0 00:00:04  -  Run Remote Usage
		Usr 0 00:00:00, Sys 0 00:00:00  -  Run Local Usage
		Usr 0 00:00:18, Sys 0 00:00:04  -  Total Remote Usage
		Usr 0 00:00:00, Sys 0 00:00:00  -  Total Local Usage
	19075  -  Run Bytes Sent By Job
	0  -  Run Bytes Received By Job
	19075  -  Total Bytes Sent By Job
	0  -  Total Bytes Received By Job
	Partitionable Resources :    Usage  Request Allocated 
	   Cpus                 :                 1         1 
	   Disk (KB)            :       90        2    312194 
	   Memory (MB)          :       76     2048      2048 

	Job terminated of its own accord at 2023-12-14T10:21:29Z with exit-code 0.
...
