000 (1972049.000.000) 2023-12-14 02:17:40 Job submitted from host: <172.24.33.226:11547?addrs=172.24.33.226-11547&alias=sdfrome002.sdf.slac.stanford.edu>
    DAG Node: 92ec5d66-4b50-4c40-addd-0c97f4842b2d_ptcIsr_2023111201764_23
...
040 (1972049.000.000) 2023-12-14 02:26:47 Finished transferring input files
...
001 (1972049.000.000) 2023-12-14 02:26:47 Job executing on host: <172.24.33.147:42953?CCBID=172.24.33.225:9618%3faddrs%3d172.24.33.225-9618%26alias%3dsdfrome001.sdf.slac.stanford.edu#6219703&PrivNet=sdfrome082.sdf.slac.stanford.edu&addrs=172.24.33.147-42953&alias=sdfrome082.sdf.slac.stanford.edu>
	SlotName: slot_abrought_48_1_14@sdfrome082.sdf.slac.stanford.edu
...
006 (1972049.000.000) 2023-12-14 02:26:55 Image size of job updated: 425360
	183  -  MemoryUsage of job (MB)
	186952  -  ResidentSetSize of job (KB)
...
006 (1972049.000.000) 2023-12-14 02:27:35 Image size of job updated: 2100964
	719  -  MemoryUsage of job (MB)
	736040  -  ResidentSetSize of job (KB)
...
040 (1972049.000.000) 2023-12-14 02:27:35 Started transferring output files
...
040 (1972049.000.000) 2023-12-14 02:27:35 Finished transferring output files
...
005 (1972049.000.000) 2023-12-14 02:27:35 Job terminated.
	(1) Normal termination (return value 0)
		Usr 0 00:00:20, Sys 0 00:00:03  -  Run Remote Usage
		Usr 0 00:00:00, Sys 0 00:00:00  -  Run Local Usage
		Usr 0 00:00:20, Sys 0 00:00:03  -  Total Remote Usage
		Usr 0 00:00:00, Sys 0 00:00:00  -  Total Local Usage
	18803  -  Run Bytes Sent By Job
	0  -  Run Bytes Received By Job
	18803  -  Total Bytes Sent By Job
	0  -  Total Bytes Received By Job
	Partitionable Resources :    Usage  Request Allocated 
	   Cpus                 :                 1         1 
	   Disk (KB)            :       90        2    312116 
	   Memory (MB)          :      719     2048      2048 

	Job terminated of its own accord at 2023-12-14T10:27:35Z with exit-code 0.
...
