000 (1970287.000.000) 2023-12-14 02:17:18 Job submitted from host: <172.24.33.226:11547?addrs=172.24.33.226-11547&alias=sdfrome002.sdf.slac.stanford.edu>
    DAG Node: bba8f929-69ee-4ab8-88e9-94a541a773c3_ptcIsr_2023111202511_23
...
040 (1970287.000.000) 2023-12-14 02:21:20 Finished transferring input files
...
001 (1970287.000.000) 2023-12-14 02:21:21 Job executing on host: <172.24.33.124:39661?CCBID=172.24.33.225:9618%3faddrs%3d172.24.33.225-9618%26alias%3dsdfrome001.sdf.slac.stanford.edu#6220018&PrivNet=sdfrome059.sdf.slac.stanford.edu&addrs=172.24.33.124-39661&alias=sdfrome059.sdf.slac.stanford.edu>
	SlotName: slot_abrought_25802_1_16@sdfrome059.sdf.slac.stanford.edu
...
006 (1970287.000.000) 2023-12-14 02:21:29 Image size of job updated: 283492
	75  -  MemoryUsage of job (MB)
	76484  -  ResidentSetSize of job (KB)
...
006 (1970287.000.000) 2023-12-14 02:22:15 Image size of job updated: 2035740
	609  -  MemoryUsage of job (MB)
	623372  -  ResidentSetSize of job (KB)
...
040 (1970287.000.000) 2023-12-14 02:22:15 Started transferring output files
...
040 (1970287.000.000) 2023-12-14 02:22:15 Finished transferring output files
...
005 (1970287.000.000) 2023-12-14 02:22:15 Job terminated.
	(1) Normal termination (return value 0)
		Usr 0 00:00:26, Sys 0 00:00:07  -  Run Remote Usage
		Usr 0 00:00:00, Sys 0 00:00:00  -  Run Local Usage
		Usr 0 00:00:26, Sys 0 00:00:07  -  Total Remote Usage
		Usr 0 00:00:00, Sys 0 00:00:00  -  Total Local Usage
	18532  -  Run Bytes Sent By Job
	0  -  Run Bytes Received By Job
	18532  -  Total Bytes Sent By Job
	0  -  Total Bytes Received By Job
	Partitionable Resources :    Usage  Request Allocated 
	   Cpus                 :                 1         1 
	   Disk (KB)            :       90        2    312194 
	   Memory (MB)          :      609     2048      2048 

	Job terminated of its own accord at 2023-12-14T10:22:15Z with exit-code 0.
...
