000 (1969854.000.000) 2023-12-14 02:17:12 Job submitted from host: <172.24.33.226:11547?addrs=172.24.33.226-11547&alias=sdfrome002.sdf.slac.stanford.edu>
    DAG Node: 80f7fa06-3a8c-465e-8834-6b8081dee5a6_ptcIsr_2023111102059_23
...
040 (1969854.000.000) 2023-12-14 02:20:11 Finished transferring input files
...
001 (1969854.000.000) 2023-12-14 02:20:11 Job executing on host: <172.24.33.213:43829?CCBID=172.24.33.225:9618%3faddrs%3d172.24.33.225-9618%26alias%3dsdfrome001.sdf.slac.stanford.edu#6220038&PrivNet=sdfrome022.sdf.slac.stanford.edu&addrs=172.24.33.213-43829&alias=sdfrome022.sdf.slac.stanford.edu>
	SlotName: slot_abrought_31850_1_11@sdfrome022.sdf.slac.stanford.edu
...
006 (1969854.000.000) 2023-12-14 02:20:20 Image size of job updated: 32660
	16  -  MemoryUsage of job (MB)
	16304  -  ResidentSetSize of job (KB)
...
006 (1969854.000.000) 2023-12-14 02:21:25 Image size of job updated: 2069004
	16  -  MemoryUsage of job (MB)
	16304  -  ResidentSetSize of job (KB)
...
040 (1969854.000.000) 2023-12-14 02:21:25 Started transferring output files
...
040 (1969854.000.000) 2023-12-14 02:21:26 Finished transferring output files
...
005 (1969854.000.000) 2023-12-14 02:21:27 Job terminated.
	(1) Normal termination (return value 0)
		Usr 0 00:00:28, Sys 0 00:00:12  -  Run Remote Usage
		Usr 0 00:00:00, Sys 0 00:00:00  -  Run Local Usage
		Usr 0 00:00:28, Sys 0 00:00:12  -  Total Remote Usage
		Usr 0 00:00:00, Sys 0 00:00:00  -  Total Local Usage
	18804  -  Run Bytes Sent By Job
	0  -  Run Bytes Received By Job
	18804  -  Total Bytes Sent By Job
	0  -  Total Bytes Received By Job
	Partitionable Resources :    Usage  Request Allocated 
	   Cpus                 :                 1         1 
	   Disk (KB)            :       90        2    312194 
	   Memory (MB)          :       16     2048      2048 

	Job terminated of its own accord at 2023-12-14T10:21:25Z with exit-code 0.
...
