000 (1972322.000.000) 2023-12-14 02:17:43 Job submitted from host: <172.24.33.226:11547?addrs=172.24.33.226-11547&alias=sdfrome002.sdf.slac.stanford.edu>
    DAG Node: 93b384d7-b210-4327-8ed4-9bc07a72a493_ptcIsr_2023111300908_23
...
040 (1972322.000.000) 2023-12-14 02:27:32 Finished transferring input files
...
001 (1972322.000.000) 2023-12-14 02:27:32 Job executing on host: <172.24.33.143:42517?CCBID=172.24.33.225:9618%3faddrs%3d172.24.33.225-9618%26alias%3dsdfrome001.sdf.slac.stanford.edu#6220496&PrivNet=sdfrome078.sdf.slac.stanford.edu&addrs=172.24.33.143-42517&alias=sdfrome078.sdf.slac.stanford.edu>
	SlotName: slot_abrought_19079_1_18@sdfrome078.sdf.slac.stanford.edu
...
006 (1972322.000.000) 2023-12-14 02:27:41 Image size of job updated: 463432
	208  -  MemoryUsage of job (MB)
	212720  -  ResidentSetSize of job (KB)
...
006 (1972322.000.000) 2023-12-14 02:28:11 Image size of job updated: 2108584
	630  -  MemoryUsage of job (MB)
	644592  -  ResidentSetSize of job (KB)
...
040 (1972322.000.000) 2023-12-14 02:28:11 Started transferring output files
...
040 (1972322.000.000) 2023-12-14 02:28:11 Finished transferring output files
...
005 (1972322.000.000) 2023-12-14 02:28:11 Job terminated.
	(1) Normal termination (return value 0)
		Usr 0 00:00:23, Sys 0 00:00:04  -  Run Remote Usage
		Usr 0 00:00:00, Sys 0 00:00:00  -  Run Local Usage
		Usr 0 00:00:23, Sys 0 00:00:04  -  Total Remote Usage
		Usr 0 00:00:00, Sys 0 00:00:00  -  Total Local Usage
	18803  -  Run Bytes Sent By Job
	0  -  Run Bytes Received By Job
	18803  -  Total Bytes Sent By Job
	0  -  Total Bytes Received By Job
	Partitionable Resources :    Usage  Request Allocated 
	   Cpus                 :                 1         1 
	   Disk (KB)            :       90        2    312194 
	   Memory (MB)          :      630     2048      2048 

	Job terminated of its own accord at 2023-12-14T10:28:11Z with exit-code 0.
...
