000 (1973351.000.000) 2023-12-14 02:17:55 Job submitted from host: <172.24.33.226:11547?addrs=172.24.33.226-11547&alias=sdfrome002.sdf.slac.stanford.edu>
    DAG Node: a3061f47-e9cd-4132-9c4f-35aba845b634_ptcIsr_2023111200936_23
...
040 (1973351.000.000) 2023-12-14 02:30:30 Finished transferring input files
...
001 (1973351.000.000) 2023-12-14 02:30:30 Job executing on host: <172.24.48.185:41489?CCBID=172.24.33.225:9618%3faddrs%3d172.24.33.225-9618%26alias%3dsdfrome001.sdf.slac.stanford.edu#6219699&PrivNet=sdfmilan113.sdf.slac.stanford.edu&addrs=172.24.48.185-41489&alias=sdfmilan113.sdf.slac.stanford.edu>
	SlotName: slot_abrought_18623_1_22@sdfmilan113.sdf.slac.stanford.edu
...
006 (1973351.000.000) 2023-12-14 02:30:39 Image size of job updated: 275888
	70  -  MemoryUsage of job (MB)
	71056  -  ResidentSetSize of job (KB)
...
006 (1973351.000.000) 2023-12-14 02:31:25 Image size of job updated: 2135496
	1323  -  MemoryUsage of job (MB)
	1354676  -  ResidentSetSize of job (KB)
...
040 (1973351.000.000) 2023-12-14 02:31:26 Started transferring output files
...
040 (1973351.000.000) 2023-12-14 02:31:26 Finished transferring output files
...
005 (1973351.000.000) 2023-12-14 02:31:26 Job terminated.
	(1) Normal termination (return value 0)
		Usr 0 00:00:17, Sys 0 00:00:03  -  Run Remote Usage
		Usr 0 00:00:00, Sys 0 00:00:00  -  Run Local Usage
		Usr 0 00:00:17, Sys 0 00:00:03  -  Total Remote Usage
		Usr 0 00:00:00, Sys 0 00:00:00  -  Total Local Usage
	19075  -  Run Bytes Sent By Job
	0  -  Run Bytes Received By Job
	19075  -  Total Bytes Sent By Job
	0  -  Total Bytes Received By Job
	Partitionable Resources :    Usage  Request Allocated 
	   Cpus                 :                 1         1 
	   Disk (KB)            :       91        2    312194 
	   Memory (MB)          :     1323     2048      2048 

	Job terminated of its own accord at 2023-12-14T10:31:25Z with exit-code 0.
...
