000 (1970558.000.000) 2023-12-14 02:17:23 Job submitted from host: <172.24.33.226:11547?addrs=172.24.33.226-11547&alias=sdfrome002.sdf.slac.stanford.edu>
    DAG Node: fdf1d4fb-07a3-46bd-99fb-83f511d0546f_ptcIsr_2023111201293_23
...
040 (1970558.000.000) 2023-12-14 02:22:18 Finished transferring input files
...
001 (1970558.000.000) 2023-12-14 02:22:18 Job executing on host: <172.24.33.213:43829?CCBID=172.24.33.225:9618%3faddrs%3d172.24.33.225-9618%26alias%3dsdfrome001.sdf.slac.stanford.edu#6220038&PrivNet=sdfrome022.sdf.slac.stanford.edu&addrs=172.24.33.213-43829&alias=sdfrome022.sdf.slac.stanford.edu>
	SlotName: slot_abrought_31850_1_8@sdfrome022.sdf.slac.stanford.edu
...
006 (1970558.000.000) 2023-12-14 02:22:27 Image size of job updated: 327592
	115  -  MemoryUsage of job (MB)
	117428  -  ResidentSetSize of job (KB)
...
006 (1970558.000.000) 2023-12-14 02:23:09 Image size of job updated: 2117592
	115  -  MemoryUsage of job (MB)
	117428  -  ResidentSetSize of job (KB)
...
040 (1970558.000.000) 2023-12-14 02:23:09 Started transferring output files
...
040 (1970558.000.000) 2023-12-14 02:23:09 Finished transferring output files
...
005 (1970558.000.000) 2023-12-14 02:23:09 Job terminated.
	(1) Normal termination (return value 0)
		Usr 0 00:00:25, Sys 0 00:00:05  -  Run Remote Usage
		Usr 0 00:00:00, Sys 0 00:00:00  -  Run Local Usage
		Usr 0 00:00:25, Sys 0 00:00:05  -  Total Remote Usage
		Usr 0 00:00:00, Sys 0 00:00:00  -  Total Local Usage
	19073  -  Run Bytes Sent By Job
	0  -  Run Bytes Received By Job
	19073  -  Total Bytes Sent By Job
	0  -  Total Bytes Received By Job
	Partitionable Resources :    Usage  Request Allocated 
	   Cpus                 :                 1         1 
	   Disk (KB)            :       91        2    312194 
	   Memory (MB)          :      115     2048      2048 

	Job terminated of its own accord at 2023-12-14T10:23:09Z with exit-code 0.
...
