000 (1971770.000.000) 2023-12-14 02:17:37 Job submitted from host: <172.24.33.226:11547?addrs=172.24.33.226-11547&alias=sdfrome002.sdf.slac.stanford.edu>
    DAG Node: 90ac5a0a-26d9-4021-8e4e-c61174354387_ptcIsr_2023111200809_23
...
040 (1971770.000.000) 2023-12-14 02:25:56 Finished transferring input files
...
001 (1971770.000.000) 2023-12-14 02:25:56 Job executing on host: <172.24.33.124:39661?CCBID=172.24.33.225:9618%3faddrs%3d172.24.33.225-9618%26alias%3dsdfrome001.sdf.slac.stanford.edu#6220018&PrivNet=sdfrome059.sdf.slac.stanford.edu&addrs=172.24.33.124-39661&alias=sdfrome059.sdf.slac.stanford.edu>
	SlotName: slot_abrought_25802_1_14@sdfrome059.sdf.slac.stanford.edu
...
006 (1971770.000.000) 2023-12-14 02:26:04 Image size of job updated: 316524
	106  -  MemoryUsage of job (MB)
	108388  -  ResidentSetSize of job (KB)
...
006 (1971770.000.000) 2023-12-14 02:26:41 Image size of job updated: 2035428
	627  -  MemoryUsage of job (MB)
	641440  -  ResidentSetSize of job (KB)
...
040 (1971770.000.000) 2023-12-14 02:26:41 Started transferring output files
...
040 (1971770.000.000) 2023-12-14 02:26:41 Finished transferring output files
...
005 (1971770.000.000) 2023-12-14 02:26:41 Job terminated.
	(1) Normal termination (return value 0)
		Usr 0 00:00:26, Sys 0 00:00:05  -  Run Remote Usage
		Usr 0 00:00:00, Sys 0 00:00:00  -  Run Local Usage
		Usr 0 00:00:26, Sys 0 00:00:05  -  Total Remote Usage
		Usr 0 00:00:00, Sys 0 00:00:00  -  Total Local Usage
	18532  -  Run Bytes Sent By Job
	0  -  Run Bytes Received By Job
	18532  -  Total Bytes Sent By Job
	0  -  Total Bytes Received By Job
	Partitionable Resources :    Usage  Request Allocated 
	   Cpus                 :                 1         1 
	   Disk (KB)            :       90        2    312194 
	   Memory (MB)          :      627     2048      2048 

	Job terminated of its own accord at 2023-12-14T10:26:41Z with exit-code 0.
...
