000 (1971878.000.000) 2023-12-14 02:17:37 Job submitted from host: <172.24.33.226:11547?addrs=172.24.33.226-11547&alias=sdfrome002.sdf.slac.stanford.edu>
    DAG Node: f6d1509b-fed7-4874-bf05-9f1a71141933_ptcIsr_2023111201100_23
...
040 (1971878.000.000) 2023-12-14 02:26:13 Finished transferring input files
...
001 (1971878.000.000) 2023-12-14 02:26:13 Job executing on host: <172.24.33.147:42953?CCBID=172.24.33.225:9618%3faddrs%3d172.24.33.225-9618%26alias%3dsdfrome001.sdf.slac.stanford.edu#6219703&PrivNet=sdfrome082.sdf.slac.stanford.edu&addrs=172.24.33.147-42953&alias=sdfrome082.sdf.slac.stanford.edu>
	SlotName: slot_abrought_48_1_15@sdfrome082.sdf.slac.stanford.edu
...
006 (1971878.000.000) 2023-12-14 02:26:22 Image size of job updated: 305264
	95  -  MemoryUsage of job (MB)
	97212  -  ResidentSetSize of job (KB)
...
006 (1971878.000.000) 2023-12-14 02:27:11 Image size of job updated: 2243296
	626  -  MemoryUsage of job (MB)
	640348  -  ResidentSetSize of job (KB)
...
040 (1971878.000.000) 2023-12-14 02:27:11 Started transferring output files
...
040 (1971878.000.000) 2023-12-14 02:27:11 Finished transferring output files
...
005 (1971878.000.000) 2023-12-14 02:27:11 Job terminated.
	(1) Normal termination (return value 0)
		Usr 0 00:00:21, Sys 0 00:00:03  -  Run Remote Usage
		Usr 0 00:00:00, Sys 0 00:00:00  -  Run Local Usage
		Usr 0 00:00:21, Sys 0 00:00:03  -  Total Remote Usage
		Usr 0 00:00:00, Sys 0 00:00:00  -  Total Local Usage
	19075  -  Run Bytes Sent By Job
	0  -  Run Bytes Received By Job
	19075  -  Total Bytes Sent By Job
	0  -  Total Bytes Received By Job
	Partitionable Resources :    Usage  Request Allocated 
	   Cpus                 :     0.12        1         1 
	   Disk (KB)            :    97           2    312116 
	   Memory (MB)          :   626        2048      2048 

	Job terminated of its own accord at 2023-12-14T10:27:11Z with exit-code 0.
...
