000 (1972384.000.000) 2023-12-14 02:17:43 Job submitted from host: <172.24.33.226:11547?addrs=172.24.33.226-11547&alias=sdfrome002.sdf.slac.stanford.edu>
    DAG Node: 0720faba-0897-4ec6-a9b5-ff7114c57f2e_ptcIsr_2023111102007_23
...
040 (1972384.000.000) 2023-12-14 02:27:45 Finished transferring input files
...
001 (1972384.000.000) 2023-12-14 02:27:45 Job executing on host: <172.24.48.159:36013?CCBID=172.24.33.225:9618%3faddrs%3d172.24.33.225-9618%26alias%3dsdfrome001.sdf.slac.stanford.edu#6219701&PrivNet=sdfmilan059.sdf.slac.stanford.edu&addrs=172.24.48.159-36013&alias=sdfmilan059.sdf.slac.stanford.edu>
	SlotName: slot_abrought_18206_1_11@sdfmilan059.sdf.slac.stanford.edu
...
006 (1972384.000.000) 2023-12-14 02:27:54 Image size of job updated: 275364
	69  -  MemoryUsage of job (MB)
	70548  -  ResidentSetSize of job (KB)
...
006 (1972384.000.000) 2023-12-14 02:30:48 Image size of job updated: 2088380
	635  -  MemoryUsage of job (MB)
	650204  -  ResidentSetSize of job (KB)
...
040 (1972384.000.000) 2023-12-14 02:30:48 Started transferring output files
...
040 (1972384.000.000) 2023-12-14 02:30:48 Finished transferring output files
...
005 (1972384.000.000) 2023-12-14 02:30:48 Job terminated.
	(1) Normal termination (return value 0)
		Usr 0 00:00:24, Sys 0 00:00:03  -  Run Remote Usage
		Usr 0 00:00:00, Sys 0 00:00:00  -  Run Local Usage
		Usr 0 00:00:24, Sys 0 00:00:03  -  Total Remote Usage
		Usr 0 00:00:00, Sys 0 00:00:00  -  Total Local Usage
	19074  -  Run Bytes Sent By Job
	0  -  Run Bytes Received By Job
	19074  -  Total Bytes Sent By Job
	0  -  Total Bytes Received By Job
	Partitionable Resources :    Usage  Request Allocated 
	   Cpus                 :                 1         1 
	   Disk (KB)            :       91        2    312194 
	   Memory (MB)          :      635     2048      2048 

	Job terminated of its own accord at 2023-12-14T10:30:48Z with exit-code 0.
...
