000 (1971076.000.000) 2023-12-14 02:17:29 Job submitted from host: <172.24.33.226:11547?addrs=172.24.33.226-11547&alias=sdfrome002.sdf.slac.stanford.edu>
    DAG Node: fc30636f-abdf-46b3-865e-49cae9afb5d9_ptcIsr_2023111201626_23
...
040 (1971076.000.000) 2023-12-14 02:23:59 Finished transferring input files
...
001 (1971076.000.000) 2023-12-14 02:23:59 Job executing on host: <172.24.33.143:37205?CCBID=172.24.33.225:9618%3faddrs%3d172.24.33.225-9618%26alias%3dsdfrome001.sdf.slac.stanford.edu#6220499&PrivNet=sdfrome078.sdf.slac.stanford.edu&addrs=172.24.33.143-37205&alias=sdfrome078.sdf.slac.stanford.edu>
	SlotName: slot_abrought_7348_1_16@sdfrome078.sdf.slac.stanford.edu
...
006 (1971076.000.000) 2023-12-14 02:24:07 Image size of job updated: 2
	5  -  MemoryUsage of job (MB)
	4812  -  ResidentSetSize of job (KB)
...
006 (1971076.000.000) 2023-12-14 02:25:16 Image size of job updated: 2198332
	1411  -  MemoryUsage of job (MB)
	1444772  -  ResidentSetSize of job (KB)
...
040 (1971076.000.000) 2023-12-14 02:25:16 Started transferring output files
...
040 (1971076.000.000) 2023-12-14 02:25:16 Finished transferring output files
...
005 (1971076.000.000) 2023-12-14 02:25:16 Job terminated.
	(1) Normal termination (return value 0)
		Usr 0 00:00:21, Sys 0 00:00:02  -  Run Remote Usage
		Usr 0 00:00:00, Sys 0 00:00:00  -  Run Local Usage
		Usr 0 00:00:21, Sys 0 00:00:02  -  Total Remote Usage
		Usr 0 00:00:00, Sys 0 00:00:00  -  Total Local Usage
	19073  -  Run Bytes Sent By Job
	0  -  Run Bytes Received By Job
	19073  -  Total Bytes Sent By Job
	0  -  Total Bytes Received By Job
	Partitionable Resources :    Usage  Request Allocated 
	   Cpus                 :                 1         1 
	   Disk (KB)            :       91        2    312194 
	   Memory (MB)          :     1411     2048      2048 

	Job terminated of its own accord at 2023-12-14T10:25:16Z with exit-code 0.
...
