000 (1971775.000.000) 2023-12-14 02:17:37 Job submitted from host: <172.24.33.226:11547?addrs=172.24.33.226-11547&alias=sdfrome002.sdf.slac.stanford.edu>
    DAG Node: 89ec253c-790a-49c7-b6d0-943c8acdbe4a_ptcIsr_2023111300830_23
...
040 (1971775.000.000) 2023-12-14 02:25:59 Finished transferring input files
...
001 (1971775.000.000) 2023-12-14 02:25:59 Job executing on host: <172.24.48.193:46283?CCBID=172.24.33.225:9618%3faddrs%3d172.24.33.225-9618%26alias%3dsdfrome001.sdf.slac.stanford.edu#6219697&PrivNet=sdfmilan121.sdf.slac.stanford.edu&addrs=172.24.48.193-46283&alias=sdfmilan121.sdf.slac.stanford.edu>
	SlotName: slot_abrought_10210_1_18@sdfmilan121.sdf.slac.stanford.edu
...
006 (1971775.000.000) 2023-12-14 02:26:08 Image size of job updated: 59172
	30  -  MemoryUsage of job (MB)
	29904  -  ResidentSetSize of job (KB)
...
006 (1971775.000.000) 2023-12-14 02:26:59 Image size of job updated: 2176736
	612  -  MemoryUsage of job (MB)
	625736  -  ResidentSetSize of job (KB)
...
040 (1971775.000.000) 2023-12-14 02:26:59 Started transferring output files
...
040 (1971775.000.000) 2023-12-14 02:26:59 Finished transferring output files
...
005 (1971775.000.000) 2023-12-14 02:27:00 Job terminated.
	(1) Normal termination (return value 0)
		Usr 0 00:00:24, Sys 0 00:00:03  -  Run Remote Usage
		Usr 0 00:00:00, Sys 0 00:00:00  -  Run Local Usage
		Usr 0 00:00:24, Sys 0 00:00:03  -  Total Remote Usage
		Usr 0 00:00:00, Sys 0 00:00:00  -  Total Local Usage
	19072  -  Run Bytes Sent By Job
	0  -  Run Bytes Received By Job
	19072  -  Total Bytes Sent By Job
	0  -  Total Bytes Received By Job
	Partitionable Resources :    Usage  Request Allocated 
	   Cpus                 :     0.02        1         1 
	   Disk (KB)            :    97           2    311595 
	   Memory (MB)          :   612        2048      2048 

	Job terminated of its own accord at 2023-12-14T10:26:59Z with exit-code 0.
...
