000 (1973235.000.000) 2023-12-14 02:17:54 Job submitted from host: <172.24.33.226:11547?addrs=172.24.33.226-11547&alias=sdfrome002.sdf.slac.stanford.edu>
    DAG Node: e5e888a4-722c-41df-9b11-706b5b2d584e_ptcIsr_2023111300480_23
...
040 (1973235.000.000) 2023-12-14 02:30:09 Finished transferring input files
...
001 (1973235.000.000) 2023-12-14 02:30:09 Job executing on host: <172.24.33.124:45647?CCBID=172.24.33.225:9618%3faddrs%3d172.24.33.225-9618%26alias%3dsdfrome001.sdf.slac.stanford.edu#6220016&PrivNet=sdfrome059.sdf.slac.stanford.edu&addrs=172.24.33.124-45647&alias=sdfrome059.sdf.slac.stanford.edu>
	SlotName: slot_abrought_13532_1_20@sdfrome059.sdf.slac.stanford.edu
...
006 (1973235.000.000) 2023-12-14 02:30:18 Image size of job updated: 2
	6  -  MemoryUsage of job (MB)
	5152  -  ResidentSetSize of job (KB)
...
006 (1973235.000.000) 2023-12-14 02:32:47 Image size of job updated: 2131096
	6  -  MemoryUsage of job (MB)
	5152  -  ResidentSetSize of job (KB)
...
040 (1973235.000.000) 2023-12-14 02:32:47 Started transferring output files
...
040 (1973235.000.000) 2023-12-14 02:32:47 Finished transferring output files
...
005 (1973235.000.000) 2023-12-14 02:32:47 Job terminated.
	(1) Normal termination (return value 0)
		Usr 0 00:00:18, Sys 0 00:00:03  -  Run Remote Usage
		Usr 0 00:00:00, Sys 0 00:00:00  -  Run Local Usage
		Usr 0 00:00:18, Sys 0 00:00:03  -  Total Remote Usage
		Usr 0 00:00:00, Sys 0 00:00:00  -  Total Local Usage
	18802  -  Run Bytes Sent By Job
	0  -  Run Bytes Received By Job
	18802  -  Total Bytes Sent By Job
	0  -  Total Bytes Received By Job
	Partitionable Resources :    Usage  Request Allocated 
	   Cpus                 :                 1         1 
	   Disk (KB)            :       90        2    312194 
	   Memory (MB)          :        6     2048      2048 

	Job terminated of its own accord at 2023-12-14T10:32:47Z with exit-code 0.
...
