000 (1970784.000.000) 2023-12-14 02:17:24 Job submitted from host: <172.24.33.226:11547?addrs=172.24.33.226-11547&alias=sdfrome002.sdf.slac.stanford.edu>
    DAG Node: 43f667f3-821d-4554-a367-0b31e87a001b_ptcIsr_2023111300578_23
...
040 (1970784.000.000) 2023-12-14 02:23:07 Finished transferring input files
...
001 (1970784.000.000) 2023-12-14 02:23:08 Job executing on host: <172.24.33.143:37205?CCBID=172.24.33.225:9618%3faddrs%3d172.24.33.225-9618%26alias%3dsdfrome001.sdf.slac.stanford.edu#6220499&PrivNet=sdfrome078.sdf.slac.stanford.edu&addrs=172.24.33.143-37205&alias=sdfrome078.sdf.slac.stanford.edu>
	SlotName: slot_abrought_7348_1_21@sdfrome078.sdf.slac.stanford.edu
...
006 (1970784.000.000) 2023-12-14 02:23:17 Image size of job updated: 69764
	15  -  MemoryUsage of job (MB)
	15148  -  ResidentSetSize of job (KB)
...
006 (1970784.000.000) 2023-12-14 02:24:25 Image size of job updated: 1970792
	638  -  MemoryUsage of job (MB)
	652336  -  ResidentSetSize of job (KB)
...
040 (1970784.000.000) 2023-12-14 02:24:25 Started transferring output files
...
040 (1970784.000.000) 2023-12-14 02:24:25 Finished transferring output files
...
005 (1970784.000.000) 2023-12-14 02:24:25 Job terminated.
	(1) Normal termination (return value 0)
		Usr 0 00:00:26, Sys 0 00:00:04  -  Run Remote Usage
		Usr 0 00:00:00, Sys 0 00:00:00  -  Run Local Usage
		Usr 0 00:00:26, Sys 0 00:00:04  -  Total Remote Usage
		Usr 0 00:00:00, Sys 0 00:00:00  -  Total Local Usage
	19072  -  Run Bytes Sent By Job
	0  -  Run Bytes Received By Job
	19072  -  Total Bytes Sent By Job
	0  -  Total Bytes Received By Job
	Partitionable Resources :    Usage  Request Allocated 
	   Cpus                 :                 1         1 
	   Disk (KB)            :       91        2    312194 
	   Memory (MB)          :      638     2048      2048 

	Job terminated of its own accord at 2023-12-14T10:24:25Z with exit-code 0.
...
