000 (1969474.000.000) 2023-12-14 02:17:10 Job submitted from host: <172.24.33.226:11547?addrs=172.24.33.226-11547&alias=sdfrome002.sdf.slac.stanford.edu>
    DAG Node: 3ddb297d-d49d-485a-9b3c-efab211d5d5a_ptcIsr_2023111202271_23
...
040 (1969474.000.000) 2023-12-14 02:18:00 Finished transferring input files
...
001 (1969474.000.000) 2023-12-14 02:18:00 Job executing on host: <172.24.33.147:42953?CCBID=172.24.33.225:9618%3faddrs%3d172.24.33.225-9618%26alias%3dsdfrome001.sdf.slac.stanford.edu#6219703&PrivNet=sdfrome082.sdf.slac.stanford.edu&addrs=172.24.33.147-42953&alias=sdfrome082.sdf.slac.stanford.edu>
	SlotName: slot_abrought_48_1_3@sdfrome082.sdf.slac.stanford.edu
...
006 (1969474.000.000) 2023-12-14 02:18:09 Image size of job updated: 349916
	136  -  MemoryUsage of job (MB)
	138388  -  ResidentSetSize of job (KB)
...
006 (1969474.000.000) 2023-12-14 02:18:48 Image size of job updated: 1987564
	136  -  MemoryUsage of job (MB)
	138388  -  ResidentSetSize of job (KB)
...
040 (1969474.000.000) 2023-12-14 02:18:48 Started transferring output files
...
040 (1969474.000.000) 2023-12-14 02:18:48 Finished transferring output files
...
005 (1969474.000.000) 2023-12-14 02:18:48 Job terminated.
	(1) Normal termination (return value 0)
		Usr 0 00:00:20, Sys 0 00:00:04  -  Run Remote Usage
		Usr 0 00:00:00, Sys 0 00:00:00  -  Run Local Usage
		Usr 0 00:00:20, Sys 0 00:00:04  -  Total Remote Usage
		Usr 0 00:00:00, Sys 0 00:00:00  -  Total Local Usage
	18803  -  Run Bytes Sent By Job
	0  -  Run Bytes Received By Job
	18803  -  Total Bytes Sent By Job
	0  -  Total Bytes Received By Job
	Partitionable Resources :    Usage  Request Allocated 
	   Cpus                 :                 1         1 
	   Disk (KB)            :       90        2    312116 
	   Memory (MB)          :      136     2048      2048 

	Job terminated of its own accord at 2023-12-14T10:18:48Z with exit-code 0.
...
