000 (1970013.000.000) 2023-12-14 02:17:17 Job submitted from host: <172.24.33.226:11547?addrs=172.24.33.226-11547&alias=sdfrome002.sdf.slac.stanford.edu>
    DAG Node: d16c33f3-99d0-48dc-a379-2751da6ba9c5_ptcIsr_2023111202763_23
...
040 (1970013.000.000) 2023-12-14 02:20:17 Finished transferring input files
...
001 (1970013.000.000) 2023-12-14 02:20:17 Job executing on host: <172.24.48.149:38613?CCBID=172.24.33.225:9618%3faddrs%3d172.24.33.225-9618%26alias%3dsdfrome001.sdf.slac.stanford.edu#6219698&PrivNet=sdfmilan049.sdf.slac.stanford.edu&addrs=172.24.48.149-38613&alias=sdfmilan049.sdf.slac.stanford.edu>
	SlotName: slot_abrought_1727_1_13@sdfmilan049.sdf.slac.stanford.edu
...
006 (1970013.000.000) 2023-12-14 02:20:26 Image size of job updated: 279732
	73  -  MemoryUsage of job (MB)
	74596  -  ResidentSetSize of job (KB)
...
006 (1970013.000.000) 2023-12-14 02:21:20 Image size of job updated: 2148604
	620  -  MemoryUsage of job (MB)
	634436  -  ResidentSetSize of job (KB)
...
040 (1970013.000.000) 2023-12-14 02:21:20 Started transferring output files
...
040 (1970013.000.000) 2023-12-14 02:21:20 Finished transferring output files
...
005 (1970013.000.000) 2023-12-14 02:21:20 Job terminated.
	(1) Normal termination (return value 0)
		Usr 0 00:00:21, Sys 0 00:00:02  -  Run Remote Usage
		Usr 0 00:00:00, Sys 0 00:00:00  -  Run Local Usage
		Usr 0 00:00:21, Sys 0 00:00:02  -  Total Remote Usage
		Usr 0 00:00:00, Sys 0 00:00:00  -  Total Local Usage
	19074  -  Run Bytes Sent By Job
	0  -  Run Bytes Received By Job
	19074  -  Total Bytes Sent By Job
	0  -  Total Bytes Received By Job
	Partitionable Resources :    Usage  Request Allocated 
	   Cpus                 :                 1         1 
	   Disk (KB)            :       91        2    312194 
	   Memory (MB)          :      620     2048      2048 

	Job terminated of its own accord at 2023-12-14T10:21:19Z with exit-code 0.
...
