000 (1973219.000.000) 2023-12-14 02:17:54 Job submitted from host: <172.24.33.226:11547?addrs=172.24.33.226-11547&alias=sdfrome002.sdf.slac.stanford.edu>
    DAG Node: 12d4b0a2-d2dd-4312-aae0-9a2893846ec6_ptcIsr_2023111300105_23
...
040 (1973219.000.000) 2023-12-14 02:30:09 Finished transferring input files
...
001 (1973219.000.000) 2023-12-14 02:30:09 Job executing on host: <172.24.33.213:34935?CCBID=172.24.33.225:9618%3faddrs%3d172.24.33.225-9618%26alias%3dsdfrome001.sdf.slac.stanford.edu#6220035&PrivNet=sdfrome022.sdf.slac.stanford.edu&addrs=172.24.33.213-34935&alias=sdfrome022.sdf.slac.stanford.edu>
	SlotName: slot_abrought_12392_1_6@sdfrome022.sdf.slac.stanford.edu
...
006 (1973219.000.000) 2023-12-14 02:30:20 Image size of job updated: 263016
	57  -  MemoryUsage of job (MB)
	58348  -  ResidentSetSize of job (KB)
...
006 (1973219.000.000) 2023-12-14 02:34:22 Image size of job updated: 1998524
	623  -  MemoryUsage of job (MB)
	637180  -  ResidentSetSize of job (KB)
...
040 (1973219.000.000) 2023-12-14 02:34:22 Started transferring output files
...
040 (1973219.000.000) 2023-12-14 02:34:22 Finished transferring output files
...
005 (1973219.000.000) 2023-12-14 02:34:22 Job terminated.
	(1) Normal termination (return value 0)
		Usr 0 00:00:20, Sys 0 00:00:02  -  Run Remote Usage
		Usr 0 00:00:00, Sys 0 00:00:00  -  Run Local Usage
		Usr 0 00:00:20, Sys 0 00:00:02  -  Total Remote Usage
		Usr 0 00:00:00, Sys 0 00:00:00  -  Total Local Usage
	18533  -  Run Bytes Sent By Job
	0  -  Run Bytes Received By Job
	18533  -  Total Bytes Sent By Job
	0  -  Total Bytes Received By Job
	Partitionable Resources :    Usage  Request Allocated 
	   Cpus                 :     0.17        1         1 
	   Disk (KB)            :    97           2    312194 
	   Memory (MB)          :   623        2048      2048 

	Job terminated of its own accord at 2023-12-14T10:34:22Z with exit-code 0.
...
