000 (1971651.000.000) 2023-12-14 02:17:36 Job submitted from host: <172.24.33.226:11547?addrs=172.24.33.226-11547&alias=sdfrome002.sdf.slac.stanford.edu>
    DAG Node: 51f56396-acf9-4830-8529-65f0d74aa2f9_ptcIsr_2023111203717_23
...
040 (1971651.000.000) 2023-12-14 02:25:34 Finished transferring input files
...
001 (1971651.000.000) 2023-12-14 02:25:34 Job executing on host: <172.24.33.213:33037?CCBID=172.24.33.225:9618%3faddrs%3d172.24.33.225-9618%26alias%3dsdfrome001.sdf.slac.stanford.edu#6220039&PrivNet=sdfrome022.sdf.slac.stanford.edu&addrs=172.24.33.213-33037&alias=sdfrome022.sdf.slac.stanford.edu>
	SlotName: slot_abrought_15721_1_17@sdfrome022.sdf.slac.stanford.edu
...
006 (1971651.000.000) 2023-12-14 02:25:43 Image size of job updated: 295280
	88  -  MemoryUsage of job (MB)
	89292  -  ResidentSetSize of job (KB)
...
006 (1971651.000.000) 2023-12-14 02:26:46 Image size of job updated: 2000640
	626  -  MemoryUsage of job (MB)
	640700  -  ResidentSetSize of job (KB)
...
040 (1971651.000.000) 2023-12-14 02:26:47 Started transferring output files
...
040 (1971651.000.000) 2023-12-14 02:26:47 Finished transferring output files
...
005 (1971651.000.000) 2023-12-14 02:26:47 Job terminated.
	(1) Normal termination (return value 0)
		Usr 0 00:00:23, Sys 0 00:00:03  -  Run Remote Usage
		Usr 0 00:00:00, Sys 0 00:00:00  -  Run Local Usage
		Usr 0 00:00:23, Sys 0 00:00:03  -  Total Remote Usage
		Usr 0 00:00:00, Sys 0 00:00:00  -  Total Local Usage
	18532  -  Run Bytes Sent By Job
	0  -  Run Bytes Received By Job
	18532  -  Total Bytes Sent By Job
	0  -  Total Bytes Received By Job
	Partitionable Resources :    Usage  Request Allocated 
	   Cpus                 :                 1         1 
	   Disk (KB)            :       90        2    312194 
	   Memory (MB)          :      626     2048      2048 

	Job terminated of its own accord at 2023-12-14T10:26:46Z with exit-code 0.
...
