000 (1970728.000.000) 2023-12-14 02:17:24 Job submitted from host: <172.24.33.226:11547?addrs=172.24.33.226-11547&alias=sdfrome002.sdf.slac.stanford.edu>
    DAG Node: 1f9560b0-30d7-4a0e-9a9c-e694a6977227_ptcIsr_2023111300869_23
...
040 (1970728.000.000) 2023-12-14 02:22:56 Finished transferring input files
...
001 (1970728.000.000) 2023-12-14 02:22:56 Job executing on host: <172.24.33.124:44469?CCBID=172.24.33.225:9618%3faddrs%3d172.24.33.225-9618%26alias%3dsdfrome001.sdf.slac.stanford.edu#6220017&PrivNet=sdfrome059.sdf.slac.stanford.edu&addrs=172.24.33.124-44469&alias=sdfrome059.sdf.slac.stanford.edu>
	SlotName: slot_abrought_2668_1_17@sdfrome059.sdf.slac.stanford.edu
...
006 (1970728.000.000) 2023-12-14 02:23:05 Image size of job updated: 290800
	83  -  MemoryUsage of job (MB)
	84284  -  ResidentSetSize of job (KB)
...
006 (1970728.000.000) 2023-12-14 02:24:10 Image size of job updated: 2067604
	1303  -  MemoryUsage of job (MB)
	1334148  -  ResidentSetSize of job (KB)
...
040 (1970728.000.000) 2023-12-14 02:24:10 Started transferring output files
...
040 (1970728.000.000) 2023-12-14 02:24:11 Finished transferring output files
...
005 (1970728.000.000) 2023-12-14 02:24:11 Job terminated.
	(1) Normal termination (return value 0)
		Usr 0 00:00:15, Sys 0 00:00:05  -  Run Remote Usage
		Usr 0 00:00:00, Sys 0 00:00:00  -  Run Local Usage
		Usr 0 00:00:15, Sys 0 00:00:05  -  Total Remote Usage
		Usr 0 00:00:00, Sys 0 00:00:00  -  Total Local Usage
	18805  -  Run Bytes Sent By Job
	0  -  Run Bytes Received By Job
	18805  -  Total Bytes Sent By Job
	0  -  Total Bytes Received By Job
	Partitionable Resources :    Usage  Request Allocated 
	   Cpus                 :     0.96        1         1 
	   Disk (KB)            :    97           2    312194 
	   Memory (MB)          :  1303        2048      2048 

	Job terminated of its own accord at 2023-12-14T10:24:10Z with exit-code 0.
...
