000 (1970483.000.000) 2023-12-14 02:17:19 Job submitted from host: <172.24.33.226:11547?addrs=172.24.33.226-11547&alias=sdfrome002.sdf.slac.stanford.edu>
    DAG Node: c43cfed9-bea9-471d-886a-40fb7f1bd1a1_ptcIsr_2023111200819_23
...
040 (1970483.000.000) 2023-12-14 02:22:06 Finished transferring input files
...
001 (1970483.000.000) 2023-12-14 02:22:06 Job executing on host: <172.24.33.147:42953?CCBID=172.24.33.225:9618%3faddrs%3d172.24.33.225-9618%26alias%3dsdfrome001.sdf.slac.stanford.edu#6219703&PrivNet=sdfrome082.sdf.slac.stanford.edu&addrs=172.24.33.147-42953&alias=sdfrome082.sdf.slac.stanford.edu>
	SlotName: slot_abrought_48_1_2@sdfrome082.sdf.slac.stanford.edu
...
006 (1970483.000.000) 2023-12-14 02:22:15 Image size of job updated: 327596
	114  -  MemoryUsage of job (MB)
	116668  -  ResidentSetSize of job (KB)
...
006 (1970483.000.000) 2023-12-14 02:23:03 Image size of job updated: 2035576
	682  -  MemoryUsage of job (MB)
	697596  -  ResidentSetSize of job (KB)
...
040 (1970483.000.000) 2023-12-14 02:23:03 Started transferring output files
...
040 (1970483.000.000) 2023-12-14 02:23:03 Finished transferring output files
...
005 (1970483.000.000) 2023-12-14 02:23:04 Job terminated.
	(1) Normal termination (return value 0)
		Usr 0 00:00:22, Sys 0 00:00:03  -  Run Remote Usage
		Usr 0 00:00:00, Sys 0 00:00:00  -  Run Local Usage
		Usr 0 00:00:22, Sys 0 00:00:03  -  Total Remote Usage
		Usr 0 00:00:00, Sys 0 00:00:00  -  Total Local Usage
	18532  -  Run Bytes Sent By Job
	0  -  Run Bytes Received By Job
	18532  -  Total Bytes Sent By Job
	0  -  Total Bytes Received By Job
	Partitionable Resources :    Usage  Request Allocated 
	   Cpus                 :                 1         1 
	   Disk (KB)            :       90        2    312116 
	   Memory (MB)          :      682     2048      2048 

	Job terminated of its own accord at 2023-12-14T10:23:03Z with exit-code 0.
...
