000 (1969713.000.000) 2023-12-14 02:17:12 Job submitted from host: <172.24.33.226:11547?addrs=172.24.33.226-11547&alias=sdfrome002.sdf.slac.stanford.edu>
    DAG Node: 0669274d-2369-4bb8-a919-356c863f1318_ptcIsr_2023111202094_23
...
040 (1969713.000.000) 2023-12-14 02:19:46 Finished transferring input files
...
001 (1969713.000.000) 2023-12-14 02:19:46 Job executing on host: <172.24.48.185:41489?CCBID=172.24.33.225:9618%3faddrs%3d172.24.33.225-9618%26alias%3dsdfrome001.sdf.slac.stanford.edu#6219699&PrivNet=sdfmilan113.sdf.slac.stanford.edu&addrs=172.24.48.185-41489&alias=sdfmilan113.sdf.slac.stanford.edu>
	SlotName: slot_abrought_18623_1_21@sdfmilan113.sdf.slac.stanford.edu
...
006 (1969713.000.000) 2023-12-14 02:19:55 Image size of job updated: 69764
	16  -  MemoryUsage of job (MB)
	16356  -  ResidentSetSize of job (KB)
...
006 (1969713.000.000) 2023-12-14 02:21:03 Image size of job updated: 2019348
	1292  -  MemoryUsage of job (MB)
	1322652  -  ResidentSetSize of job (KB)
...
040 (1969713.000.000) 2023-12-14 02:21:03 Started transferring output files
...
040 (1969713.000.000) 2023-12-14 02:21:03 Finished transferring output files
...
005 (1969713.000.000) 2023-12-14 02:21:03 Job terminated.
	(1) Normal termination (return value 0)
		Usr 0 00:00:14, Sys 0 00:00:02  -  Run Remote Usage
		Usr 0 00:00:00, Sys 0 00:00:00  -  Run Local Usage
		Usr 0 00:00:14, Sys 0 00:00:02  -  Total Remote Usage
		Usr 0 00:00:00, Sys 0 00:00:00  -  Total Local Usage
	18802  -  Run Bytes Sent By Job
	0  -  Run Bytes Received By Job
	18802  -  Total Bytes Sent By Job
	0  -  Total Bytes Received By Job
	Partitionable Resources :    Usage  Request Allocated 
	   Cpus                 :                 1         1 
	   Disk (KB)            :       90        2    312194 
	   Memory (MB)          :     1292     2048      2048 

	Job terminated of its own accord at 2023-12-14T10:21:03Z with exit-code 0.
...
