000 (1973490.000.000) 2023-12-14 02:18:01 Job submitted from host: <172.24.33.226:11547?addrs=172.24.33.226-11547&alias=sdfrome002.sdf.slac.stanford.edu>
    DAG Node: cfea668c-35a3-4521-8f60-bc82d2be5ebc_ptcIsr_2023111101785_23
...
040 (1973490.000.000) 2023-12-14 02:30:50 Finished transferring input files
...
001 (1973490.000.000) 2023-12-14 02:30:50 Job executing on host: <172.24.33.213:43829?CCBID=172.24.33.225:9618%3faddrs%3d172.24.33.225-9618%26alias%3dsdfrome001.sdf.slac.stanford.edu#6220038&PrivNet=sdfrome022.sdf.slac.stanford.edu&addrs=172.24.33.213-43829&alias=sdfrome022.sdf.slac.stanford.edu>
	SlotName: slot_abrought_31850_1_6@sdfrome022.sdf.slac.stanford.edu
...
006 (1973490.000.000) 2023-12-14 02:30:59 Image size of job updated: 330560
	117  -  MemoryUsage of job (MB)
	119320  -  ResidentSetSize of job (KB)
...
006 (1973490.000.000) 2023-12-14 02:31:31 Image size of job updated: 2106480
	1380  -  MemoryUsage of job (MB)
	1412732  -  ResidentSetSize of job (KB)
...
040 (1973490.000.000) 2023-12-14 02:31:31 Started transferring output files
...
040 (1973490.000.000) 2023-12-14 02:31:31 Finished transferring output files
...
005 (1973490.000.000) 2023-12-14 02:31:31 Job terminated.
	(1) Normal termination (return value 0)
		Usr 0 00:00:21, Sys 0 00:00:02  -  Run Remote Usage
		Usr 0 00:00:00, Sys 0 00:00:00  -  Run Local Usage
		Usr 0 00:00:21, Sys 0 00:00:02  -  Total Remote Usage
		Usr 0 00:00:00, Sys 0 00:00:00  -  Total Local Usage
	18803  -  Run Bytes Sent By Job
	0  -  Run Bytes Received By Job
	18803  -  Total Bytes Sent By Job
	0  -  Total Bytes Received By Job
	Partitionable Resources :    Usage  Request Allocated 
	   Cpus                 :                 1         1 
	   Disk (KB)            :       90        2    312194 
	   Memory (MB)          :     1380     2048      2048 

	Job terminated of its own accord at 2023-12-14T10:31:31Z with exit-code 0.
...
