000 (1972560.000.000) 2023-12-14 02:17:46 Job submitted from host: <172.24.33.226:11547?addrs=172.24.33.226-11547&alias=sdfrome002.sdf.slac.stanford.edu>
    DAG Node: 44d8fe44-e01f-4994-b989-2941d02849b7_ptcIsr_2023111201800_23
...
040 (1972560.000.000) 2023-12-14 02:28:17 Finished transferring input files
...
001 (1972560.000.000) 2023-12-14 02:28:17 Job executing on host: <172.24.33.124:44469?CCBID=172.24.33.225:9618%3faddrs%3d172.24.33.225-9618%26alias%3dsdfrome001.sdf.slac.stanford.edu#6220017&PrivNet=sdfrome059.sdf.slac.stanford.edu&addrs=172.24.33.124-44469&alias=sdfrome059.sdf.slac.stanford.edu>
	SlotName: slot_abrought_2668_1_8@sdfrome059.sdf.slac.stanford.edu
...
006 (1972560.000.000) 2023-12-14 02:28:25 Image size of job updated: 280756
	74  -  MemoryUsage of job (MB)
	74856  -  ResidentSetSize of job (KB)
...
006 (1972560.000.000) 2023-12-14 02:29:23 Image size of job updated: 2025592
	95  -  MemoryUsage of job (MB)
	96508  -  ResidentSetSize of job (KB)
...
040 (1972560.000.000) 2023-12-14 02:29:23 Started transferring output files
...
040 (1972560.000.000) 2023-12-14 02:29:23 Finished transferring output files
...
005 (1972560.000.000) 2023-12-14 02:29:23 Job terminated.
	(1) Normal termination (return value 0)
		Usr 0 00:00:23, Sys 0 00:00:05  -  Run Remote Usage
		Usr 0 00:00:00, Sys 0 00:00:00  -  Run Local Usage
		Usr 0 00:00:23, Sys 0 00:00:05  -  Total Remote Usage
		Usr 0 00:00:00, Sys 0 00:00:00  -  Total Local Usage
	18533  -  Run Bytes Sent By Job
	0  -  Run Bytes Received By Job
	18533  -  Total Bytes Sent By Job
	0  -  Total Bytes Received By Job
	Partitionable Resources :    Usage  Request Allocated 
	   Cpus                 :     0.10        1         1 
	   Disk (KB)            :    97           2    312194 
	   Memory (MB)          :    95        2048      2048 

	Job terminated of its own accord at 2023-12-14T10:29:23Z with exit-code 0.
...
