000 (1972171.000.000) 2023-12-14 02:17:42 Job submitted from host: <172.24.33.226:11547?addrs=172.24.33.226-11547&alias=sdfrome002.sdf.slac.stanford.edu>
    DAG Node: eda4325a-76f3-4825-8e98-badeeaa28c2f_ptcIsr_2023111202538_23
...
040 (1972171.000.000) 2023-12-14 02:27:06 Finished transferring input files
...
001 (1972171.000.000) 2023-12-14 02:27:06 Job executing on host: <172.24.33.213:33037?CCBID=172.24.33.225:9618%3faddrs%3d172.24.33.225-9618%26alias%3dsdfrome001.sdf.slac.stanford.edu#6220039&PrivNet=sdfrome022.sdf.slac.stanford.edu&addrs=172.24.33.213-33037&alias=sdfrome022.sdf.slac.stanford.edu>
	SlotName: slot_abrought_15721_1_22@sdfrome022.sdf.slac.stanford.edu
...
006 (1972171.000.000) 2023-12-14 02:27:14 Image size of job updated: 59252
	30  -  MemoryUsage of job (MB)
	30416  -  ResidentSetSize of job (KB)
...
006 (1972171.000.000) 2023-12-14 02:28:14 Image size of job updated: 2043356
	1335  -  MemoryUsage of job (MB)
	1367040  -  ResidentSetSize of job (KB)
...
040 (1972171.000.000) 2023-12-14 02:28:14 Started transferring output files
...
040 (1972171.000.000) 2023-12-14 02:28:14 Finished transferring output files
...
005 (1972171.000.000) 2023-12-14 02:28:14 Job terminated.
	(1) Normal termination (return value 0)
		Usr 0 00:00:19, Sys 0 00:00:03  -  Run Remote Usage
		Usr 0 00:00:00, Sys 0 00:00:00  -  Run Local Usage
		Usr 0 00:00:19, Sys 0 00:00:03  -  Total Remote Usage
		Usr 0 00:00:00, Sys 0 00:00:00  -  Total Local Usage
	18805  -  Run Bytes Sent By Job
	0  -  Run Bytes Received By Job
	18805  -  Total Bytes Sent By Job
	0  -  Total Bytes Received By Job
	Partitionable Resources :    Usage  Request Allocated 
	   Cpus                 :                 1         1 
	   Disk (KB)            :       90        2    312194 
	   Memory (MB)          :     1335     2048      2048 

	Job terminated of its own accord at 2023-12-14T10:28:14Z with exit-code 0.
...
