000 (1973049.000.000) 2023-12-14 02:17:52 Job submitted from host: <172.24.33.226:11547?addrs=172.24.33.226-11547&alias=sdfrome002.sdf.slac.stanford.edu>
    DAG Node: e6641716-3822-4b83-94d5-367322ff5af9_ptcIsr_2023111201731_23
...
040 (1973049.000.000) 2023-12-14 02:29:42 Finished transferring input files
...
001 (1973049.000.000) 2023-12-14 02:29:42 Job executing on host: <172.24.33.213:43829?CCBID=172.24.33.225:9618%3faddrs%3d172.24.33.225-9618%26alias%3dsdfrome001.sdf.slac.stanford.edu#6220038&PrivNet=sdfrome022.sdf.slac.stanford.edu&addrs=172.24.33.213-43829&alias=sdfrome022.sdf.slac.stanford.edu>
	SlotName: slot_abrought_31850_1_4@sdfrome022.sdf.slac.stanford.edu
...
006 (1973049.000.000) 2023-12-14 02:29:51 Image size of job updated: 287496
	80  -  MemoryUsage of job (MB)
	81684  -  ResidentSetSize of job (KB)
...
006 (1973049.000.000) 2023-12-14 02:30:34 Image size of job updated: 2087852
	635  -  MemoryUsage of job (MB)
	649884  -  ResidentSetSize of job (KB)
...
040 (1973049.000.000) 2023-12-14 02:30:34 Started transferring output files
...
040 (1973049.000.000) 2023-12-14 02:30:34 Finished transferring output files
...
005 (1973049.000.000) 2023-12-14 02:30:34 Job terminated.
	(1) Normal termination (return value 0)
		Usr 0 00:00:23, Sys 0 00:00:04  -  Run Remote Usage
		Usr 0 00:00:00, Sys 0 00:00:00  -  Run Local Usage
		Usr 0 00:00:23, Sys 0 00:00:04  -  Total Remote Usage
		Usr 0 00:00:00, Sys 0 00:00:00  -  Total Local Usage
	19073  -  Run Bytes Sent By Job
	0  -  Run Bytes Received By Job
	19073  -  Total Bytes Sent By Job
	0  -  Total Bytes Received By Job
	Partitionable Resources :    Usage  Request Allocated 
	   Cpus                 :                 1         1 
	   Disk (KB)            :       91        2    312194 
	   Memory (MB)          :      635     2048      2048 

	Job terminated of its own accord at 2023-12-14T10:30:34Z with exit-code 0.
...
