000 (1971705.000.000) 2023-12-14 02:17:36 Job submitted from host: <172.24.33.226:11547?addrs=172.24.33.226-11547&alias=sdfrome002.sdf.slac.stanford.edu>
    DAG Node: 9afc61e4-3bc0-496f-b864-9ac9b3fc8099_ptcIsr_2023111301200_23
...
040 (1971705.000.000) 2023-12-14 02:25:45 Finished transferring input files
...
001 (1971705.000.000) 2023-12-14 02:25:45 Job executing on host: <172.24.33.124:44469?CCBID=172.24.33.225:9618%3faddrs%3d172.24.33.225-9618%26alias%3dsdfrome001.sdf.slac.stanford.edu#6220017&PrivNet=sdfrome059.sdf.slac.stanford.edu&addrs=172.24.33.124-44469&alias=sdfrome059.sdf.slac.stanford.edu>
	SlotName: slot_abrought_2668_1_23@sdfrome059.sdf.slac.stanford.edu
...
006 (1971705.000.000) 2023-12-14 02:25:54 Image size of job updated: 27348
	11  -  MemoryUsage of job (MB)
	10644  -  ResidentSetSize of job (KB)
...
006 (1971705.000.000) 2023-12-14 02:27:04 Image size of job updated: 2121156
	618  -  MemoryUsage of job (MB)
	632404  -  ResidentSetSize of job (KB)
...
040 (1971705.000.000) 2023-12-14 02:27:04 Started transferring output files
...
040 (1971705.000.000) 2023-12-14 02:27:04 Finished transferring output files
...
005 (1971705.000.000) 2023-12-14 02:27:05 Job terminated.
	(1) Normal termination (return value 0)
		Usr 0 00:00:19, Sys 0 00:00:04  -  Run Remote Usage
		Usr 0 00:00:00, Sys 0 00:00:00  -  Run Local Usage
		Usr 0 00:00:19, Sys 0 00:00:04  -  Total Remote Usage
		Usr 0 00:00:00, Sys 0 00:00:00  -  Total Local Usage
	18802  -  Run Bytes Sent By Job
	0  -  Run Bytes Received By Job
	18802  -  Total Bytes Sent By Job
	0  -  Total Bytes Received By Job
	Partitionable Resources :    Usage  Request Allocated 
	   Cpus                 :                 1         1 
	   Disk (KB)            :       90        2    312194 
	   Memory (MB)          :      618     2048      2048 

	Job terminated of its own accord at 2023-12-14T10:27:04Z with exit-code 0.
...
