000 (1972158.000.000) 2023-12-14 02:17:42 Job submitted from host: <172.24.33.226:11547?addrs=172.24.33.226-11547&alias=sdfrome002.sdf.slac.stanford.edu>
    DAG Node: 2b948215-27e7-47ef-8ed7-599814bd4dec_ptcIsr_2023111203648_23
...
040 (1972158.000.000) 2023-12-14 02:27:01 Finished transferring input files
...
001 (1972158.000.000) 2023-12-14 02:27:01 Job executing on host: <172.24.33.124:39697?CCBID=172.24.33.225:9618%3faddrs%3d172.24.33.225-9618%26alias%3dsdfrome001.sdf.slac.stanford.edu#6220015&PrivNet=sdfrome059.sdf.slac.stanford.edu&addrs=172.24.33.124-39697&alias=sdfrome059.sdf.slac.stanford.edu>
	SlotName: slot_abrought_7836_1_23@sdfrome059.sdf.slac.stanford.edu
...
006 (1972158.000.000) 2023-12-14 02:27:10 Image size of job updated: 292292
	84  -  MemoryUsage of job (MB)
	85964  -  ResidentSetSize of job (KB)
...
006 (1972158.000.000) 2023-12-14 02:28:02 Image size of job updated: 1999684
	610  -  MemoryUsage of job (MB)
	624580  -  ResidentSetSize of job (KB)
...
040 (1972158.000.000) 2023-12-14 02:28:02 Started transferring output files
...
040 (1972158.000.000) 2023-12-14 02:28:02 Finished transferring output files
...
005 (1972158.000.000) 2023-12-14 02:28:02 Job terminated.
	(1) Normal termination (return value 0)
		Usr 0 00:00:23, Sys 0 00:00:04  -  Run Remote Usage
		Usr 0 00:00:00, Sys 0 00:00:00  -  Run Local Usage
		Usr 0 00:00:23, Sys 0 00:00:04  -  Total Remote Usage
		Usr 0 00:00:00, Sys 0 00:00:00  -  Total Local Usage
	18532  -  Run Bytes Sent By Job
	0  -  Run Bytes Received By Job
	18532  -  Total Bytes Sent By Job
	0  -  Total Bytes Received By Job
	Partitionable Resources :    Usage  Request Allocated 
	   Cpus                 :                 1         1 
	   Disk (KB)            :       90        2    312194 
	   Memory (MB)          :      610     2048      2048 

	Job terminated of its own accord at 2023-12-14T10:28:02Z with exit-code 0.
...
