000 (1971667.000.000) 2023-12-14 02:17:36 Job submitted from host: <172.24.33.226:11547?addrs=172.24.33.226-11547&alias=sdfrome002.sdf.slac.stanford.edu>
    DAG Node: 110b12ed-2804-4e47-bd40-014f77e6c9ca_ptcIsr_2023111301034_23
...
040 (1971667.000.000) 2023-12-14 02:25:34 Finished transferring input files
...
001 (1971667.000.000) 2023-12-14 02:25:34 Job executing on host: <172.24.33.124:39697?CCBID=172.24.33.225:9618%3faddrs%3d172.24.33.225-9618%26alias%3dsdfrome001.sdf.slac.stanford.edu#6220015&PrivNet=sdfrome059.sdf.slac.stanford.edu&addrs=172.24.33.124-39697&alias=sdfrome059.sdf.slac.stanford.edu>
	SlotName: slot_abrought_7836_1_10@sdfrome059.sdf.slac.stanford.edu
...
006 (1971667.000.000) 2023-12-14 02:25:43 Image size of job updated: 283164
	75  -  MemoryUsage of job (MB)
	76676  -  ResidentSetSize of job (KB)
...
006 (1971667.000.000) 2023-12-14 02:26:28 Image size of job updated: 2131408
	648  -  MemoryUsage of job (MB)
	663292  -  ResidentSetSize of job (KB)
...
040 (1971667.000.000) 2023-12-14 02:26:28 Started transferring output files
...
040 (1971667.000.000) 2023-12-14 02:26:28 Finished transferring output files
...
005 (1971667.000.000) 2023-12-14 02:26:28 Job terminated.
	(1) Normal termination (return value 0)
		Usr 0 00:00:22, Sys 0 00:00:03  -  Run Remote Usage
		Usr 0 00:00:00, Sys 0 00:00:00  -  Run Local Usage
		Usr 0 00:00:22, Sys 0 00:00:03  -  Total Remote Usage
		Usr 0 00:00:00, Sys 0 00:00:00  -  Total Local Usage
	18802  -  Run Bytes Sent By Job
	0  -  Run Bytes Received By Job
	18802  -  Total Bytes Sent By Job
	0  -  Total Bytes Received By Job
	Partitionable Resources :    Usage  Request Allocated 
	   Cpus                 :                 1         1 
	   Disk (KB)            :       90        2    312194 
	   Memory (MB)          :      648     2048      2048 

	Job terminated of its own accord at 2023-12-14T10:26:28Z with exit-code 0.
...
