000 (1971612.000.000) 2023-12-14 02:17:36 Job submitted from host: <172.24.33.226:11547?addrs=172.24.33.226-11547&alias=sdfrome002.sdf.slac.stanford.edu>
    DAG Node: 0b289f90-7f19-40c6-83d5-038fe4c5f603_ptcIsr_2023111203242_23
...
040 (1971612.000.000) 2023-12-14 02:25:30 Finished transferring input files
...
001 (1971612.000.000) 2023-12-14 02:25:30 Job executing on host: <172.24.48.197:44589?CCBID=172.24.33.225:9618%3faddrs%3d172.24.33.225-9618%26alias%3dsdfrome001.sdf.slac.stanford.edu#6220121&PrivNet=sdfmilan125.sdf.slac.stanford.edu&addrs=172.24.48.197-44589&alias=sdfmilan125.sdf.slac.stanford.edu>
	SlotName: slot_abrought_7640_1_3@sdfmilan125.sdf.slac.stanford.edu
...
006 (1971612.000.000) 2023-12-14 02:25:39 Image size of job updated: 283904
	76  -  MemoryUsage of job (MB)
	77720  -  ResidentSetSize of job (KB)
...
006 (1971612.000.000) 2023-12-14 02:30:37 Image size of job updated: 2068676
	624  -  MemoryUsage of job (MB)
	638368  -  ResidentSetSize of job (KB)
...
040 (1971612.000.000) 2023-12-14 02:30:38 Started transferring output files
...
040 (1971612.000.000) 2023-12-14 02:30:38 Finished transferring output files
...
005 (1971612.000.000) 2023-12-14 02:30:38 Job terminated.
	(1) Normal termination (return value 0)
		Usr 0 00:00:22, Sys 0 00:00:03  -  Run Remote Usage
		Usr 0 00:00:00, Sys 0 00:00:00  -  Run Local Usage
		Usr 0 00:00:22, Sys 0 00:00:03  -  Total Remote Usage
		Usr 0 00:00:00, Sys 0 00:00:00  -  Total Local Usage
	18534  -  Run Bytes Sent By Job
	0  -  Run Bytes Received By Job
	18534  -  Total Bytes Sent By Job
	0  -  Total Bytes Received By Job
	Partitionable Resources :    Usage  Request Allocated 
	   Cpus                 :     0.10        1         1 
	   Disk (KB)            :    97           2    305890 
	   Memory (MB)          :   624        2048      2048 

	Job terminated of its own accord at 2023-12-14T10:30:37Z with exit-code 0.
...
