000 (1969470.000.000) 2023-12-14 02:17:10 Job submitted from host: <172.24.33.226:11547?addrs=172.24.33.226-11547&alias=sdfrome002.sdf.slac.stanford.edu>
    DAG Node: 1540043e-15b5-4227-807e-1636634cebd2_ptcIsr_2023110800561_23
...
040 (1969470.000.000) 2023-12-14 02:17:56 Finished transferring input files
...
001 (1969470.000.000) 2023-12-14 02:17:56 Job executing on host: <172.24.48.193:46283?CCBID=172.24.33.225:9618%3faddrs%3d172.24.33.225-9618%26alias%3dsdfrome001.sdf.slac.stanford.edu#6219697&PrivNet=sdfmilan121.sdf.slac.stanford.edu&addrs=172.24.48.193-46283&alias=sdfmilan121.sdf.slac.stanford.edu>
	SlotName: slot_abrought_10210_1_5@sdfmilan121.sdf.slac.stanford.edu
...
006 (1969470.000.000) 2023-12-14 02:18:06 Image size of job updated: 261608
	57  -  MemoryUsage of job (MB)
	57924  -  ResidentSetSize of job (KB)
...
006 (1969470.000.000) 2023-12-14 02:18:54 Image size of job updated: 2176192
	57  -  MemoryUsage of job (MB)
	57924  -  ResidentSetSize of job (KB)
...
040 (1969470.000.000) 2023-12-14 02:18:54 Started transferring output files
...
040 (1969470.000.000) 2023-12-14 02:18:54 Finished transferring output files
...
005 (1969470.000.000) 2023-12-14 02:18:54 Job terminated.
	(1) Normal termination (return value 0)
		Usr 0 00:00:24, Sys 0 00:00:05  -  Run Remote Usage
		Usr 0 00:00:00, Sys 0 00:00:00  -  Run Local Usage
		Usr 0 00:00:24, Sys 0 00:00:05  -  Total Remote Usage
		Usr 0 00:00:00, Sys 0 00:00:00  -  Total Local Usage
	19072  -  Run Bytes Sent By Job
	0  -  Run Bytes Received By Job
	19072  -  Total Bytes Sent By Job
	0  -  Total Bytes Received By Job
	Partitionable Resources :    Usage  Request Allocated 
	   Cpus                 :                 1         1 
	   Disk (KB)            :       91        2    311595 
	   Memory (MB)          :       57     2048      2048 

	Job terminated of its own accord at 2023-12-14T10:18:54Z with exit-code 0.
...
