000 (1971294.000.000) 2023-12-14 02:17:31 Job submitted from host: <172.24.33.226:11547?addrs=172.24.33.226-11547&alias=sdfrome002.sdf.slac.stanford.edu>
    DAG Node: 545e59f7-c60b-4998-99c7-f330210e9f1e_ptcIsr_2023111202793_23
...
040 (1971294.000.000) 2023-12-14 02:24:37 Finished transferring input files
...
001 (1971294.000.000) 2023-12-14 02:24:37 Job executing on host: <172.24.33.124:39661?CCBID=172.24.33.225:9618%3faddrs%3d172.24.33.225-9618%26alias%3dsdfrome001.sdf.slac.stanford.edu#6220018&PrivNet=sdfrome059.sdf.slac.stanford.edu&addrs=172.24.33.124-39661&alias=sdfrome059.sdf.slac.stanford.edu>
	SlotName: slot_abrought_25802_1_9@sdfrome059.sdf.slac.stanford.edu
...
006 (1971294.000.000) 2023-12-14 02:24:46 Image size of job updated: 351368
	138  -  MemoryUsage of job (MB)
	140584  -  ResidentSetSize of job (KB)
...
006 (1971294.000.000) 2023-12-14 02:25:19 Image size of job updated: 2130988
	1411  -  MemoryUsage of job (MB)
	1444064  -  ResidentSetSize of job (KB)
...
040 (1971294.000.000) 2023-12-14 02:25:19 Started transferring output files
...
040 (1971294.000.000) 2023-12-14 02:25:19 Finished transferring output files
...
005 (1971294.000.000) 2023-12-14 02:25:19 Job terminated.
	(1) Normal termination (return value 0)
		Usr 0 00:00:19, Sys 0 00:00:03  -  Run Remote Usage
		Usr 0 00:00:00, Sys 0 00:00:00  -  Run Local Usage
		Usr 0 00:00:19, Sys 0 00:00:03  -  Total Remote Usage
		Usr 0 00:00:00, Sys 0 00:00:00  -  Total Local Usage
	18804  -  Run Bytes Sent By Job
	0  -  Run Bytes Received By Job
	18804  -  Total Bytes Sent By Job
	0  -  Total Bytes Received By Job
	Partitionable Resources :    Usage  Request Allocated 
	   Cpus                 :                 1         1 
	   Disk (KB)            :       90        2    312194 
	   Memory (MB)          :     1411     2048      2048 

	Job terminated of its own accord at 2023-12-14T10:25:19Z with exit-code 0.
...
