000 (1973141.000.000) 2023-12-14 02:17:53 Job submitted from host: <172.24.33.226:11547?addrs=172.24.33.226-11547&alias=sdfrome002.sdf.slac.stanford.edu>
    DAG Node: 3f52d251-fcd6-45ac-a2b5-14f72cf861d6_ptcIsr_2023111203188_23
...
040 (1973141.000.000) 2023-12-14 02:29:57 Finished transferring input files
...
001 (1973141.000.000) 2023-12-14 02:29:57 Job executing on host: <172.24.48.197:44589?CCBID=172.24.33.225:9618%3faddrs%3d172.24.33.225-9618%26alias%3dsdfrome001.sdf.slac.stanford.edu#6220121&PrivNet=sdfmilan125.sdf.slac.stanford.edu&addrs=172.24.48.197-44589&alias=sdfmilan125.sdf.slac.stanford.edu>
	SlotName: slot_abrought_7640_1_4@sdfmilan125.sdf.slac.stanford.edu
...
006 (1973141.000.000) 2023-12-14 02:30:07 Image size of job updated: 57844
	29  -  MemoryUsage of job (MB)
	29132  -  ResidentSetSize of job (KB)
...
006 (1973141.000.000) 2023-12-14 02:34:28 Image size of job updated: 2238444
	29  -  MemoryUsage of job (MB)
	29132  -  ResidentSetSize of job (KB)
...
040 (1973141.000.000) 2023-12-14 02:34:29 Started transferring output files
...
040 (1973141.000.000) 2023-12-14 02:34:29 Finished transferring output files
...
005 (1973141.000.000) 2023-12-14 02:34:29 Job terminated.
	(1) Normal termination (return value 0)
		Usr 0 00:00:21, Sys 0 00:00:03  -  Run Remote Usage
		Usr 0 00:00:00, Sys 0 00:00:00  -  Run Local Usage
		Usr 0 00:00:21, Sys 0 00:00:03  -  Total Remote Usage
		Usr 0 00:00:00, Sys 0 00:00:00  -  Total Local Usage
	18804  -  Run Bytes Sent By Job
	0  -  Run Bytes Received By Job
	18804  -  Total Bytes Sent By Job
	0  -  Total Bytes Received By Job
	Partitionable Resources :    Usage  Request Allocated 
	   Cpus                 :                 1         1 
	   Disk (KB)            :       90        2    305890 
	   Memory (MB)          :       29     2048      2048 

	Job terminated of its own accord at 2023-12-14T10:34:28Z with exit-code 0.
...
