000 (1972598.000.000) 2023-12-14 02:17:47 Job submitted from host: <172.24.33.226:11547?addrs=172.24.33.226-11547&alias=sdfrome002.sdf.slac.stanford.edu>
    DAG Node: 3e31f4ee-c1ad-4556-b9f1-165c773d6302_ptcIsr_2023111203695_23
...
040 (1972598.000.000) 2023-12-14 02:28:21 Finished transferring input files
...
001 (1972598.000.000) 2023-12-14 02:28:22 Job executing on host: <172.24.33.124:44469?CCBID=172.24.33.225:9618%3faddrs%3d172.24.33.225-9618%26alias%3dsdfrome001.sdf.slac.stanford.edu#6220017&PrivNet=sdfrome059.sdf.slac.stanford.edu&addrs=172.24.33.124-44469&alias=sdfrome059.sdf.slac.stanford.edu>
	SlotName: slot_abrought_2668_1_20@sdfrome059.sdf.slac.stanford.edu
...
006 (1972598.000.000) 2023-12-14 02:28:30 Image size of job updated: 303808
	95  -  MemoryUsage of job (MB)
	96348  -  ResidentSetSize of job (KB)
...
006 (1972598.000.000) 2023-12-14 02:29:22 Image size of job updated: 2170644
	95  -  MemoryUsage of job (MB)
	96348  -  ResidentSetSize of job (KB)
...
040 (1972598.000.000) 2023-12-14 02:29:23 Started transferring output files
...
040 (1972598.000.000) 2023-12-14 02:29:23 Finished transferring output files
...
005 (1972598.000.000) 2023-12-14 02:29:23 Job terminated.
	(1) Normal termination (return value 0)
		Usr 0 00:00:20, Sys 0 00:00:05  -  Run Remote Usage
		Usr 0 00:00:00, Sys 0 00:00:00  -  Run Local Usage
		Usr 0 00:00:20, Sys 0 00:00:05  -  Total Remote Usage
		Usr 0 00:00:00, Sys 0 00:00:00  -  Total Local Usage
	19074  -  Run Bytes Sent By Job
	0  -  Run Bytes Received By Job
	19074  -  Total Bytes Sent By Job
	0  -  Total Bytes Received By Job
	Partitionable Resources :    Usage  Request Allocated 
	   Cpus                 :     0.58        1         1 
	   Disk (KB)            :    97           2    312194 
	   Memory (MB)          :    95        2048      2048 

	Job terminated of its own accord at 2023-12-14T10:29:22Z with exit-code 0.
...
