000 (1973288.000.000) 2023-12-14 02:17:55 Job submitted from host: <172.24.33.226:11547?addrs=172.24.33.226-11547&alias=sdfrome002.sdf.slac.stanford.edu>
    DAG Node: 05208893-0afd-4fc6-b412-709219758897_ptcIsr_2023111101417_23
...
040 (1973288.000.000) 2023-12-14 02:30:15 Finished transferring input files
...
001 (1973288.000.000) 2023-12-14 02:30:15 Job executing on host: <172.24.48.193:46283?CCBID=172.24.33.225:9618%3faddrs%3d172.24.33.225-9618%26alias%3dsdfrome001.sdf.slac.stanford.edu#6219697&PrivNet=sdfmilan121.sdf.slac.stanford.edu&addrs=172.24.48.193-46283&alias=sdfmilan121.sdf.slac.stanford.edu>
	SlotName: slot_abrought_10210_1_20@sdfmilan121.sdf.slac.stanford.edu
...
006 (1973288.000.000) 2023-12-14 02:30:24 Image size of job updated: 320984
	111  -  MemoryUsage of job (MB)
	112920  -  ResidentSetSize of job (KB)
...
006 (1973288.000.000) 2023-12-14 02:31:05 Image size of job updated: 2013236
	1358  -  MemoryUsage of job (MB)
	1389756  -  ResidentSetSize of job (KB)
...
040 (1973288.000.000) 2023-12-14 02:31:05 Started transferring output files
...
040 (1973288.000.000) 2023-12-14 02:31:05 Finished transferring output files
...
005 (1973288.000.000) 2023-12-14 02:31:05 Job terminated.
	(1) Normal termination (return value 0)
		Usr 0 00:00:22, Sys 0 00:00:03  -  Run Remote Usage
		Usr 0 00:00:00, Sys 0 00:00:00  -  Run Local Usage
		Usr 0 00:00:22, Sys 0 00:00:03  -  Total Remote Usage
		Usr 0 00:00:00, Sys 0 00:00:00  -  Total Local Usage
	18533  -  Run Bytes Sent By Job
	0  -  Run Bytes Received By Job
	18533  -  Total Bytes Sent By Job
	0  -  Total Bytes Received By Job
	Partitionable Resources :    Usage  Request Allocated 
	   Cpus                 :                 1         1 
	   Disk (KB)            :       90        2    311595 
	   Memory (MB)          :     1358     2048      2048 

	Job terminated of its own accord at 2023-12-14T10:31:05Z with exit-code 0.
...
