000 (1971490.000.000) 2023-12-14 02:17:32 Job submitted from host: <172.24.33.226:11547?addrs=172.24.33.226-11547&alias=sdfrome002.sdf.slac.stanford.edu>
    DAG Node: d2b90852-ee57-4a6f-a369-17ab4faaa8dd_ptcIsr_2023111200681_23
...
040 (1971490.000.000) 2023-12-14 02:25:12 Finished transferring input files
...
001 (1971490.000.000) 2023-12-14 02:25:12 Job executing on host: <172.24.48.193:46283?CCBID=172.24.33.225:9618%3faddrs%3d172.24.33.225-9618%26alias%3dsdfrome001.sdf.slac.stanford.edu#6219697&PrivNet=sdfmilan121.sdf.slac.stanford.edu&addrs=172.24.48.193-46283&alias=sdfmilan121.sdf.slac.stanford.edu>
	SlotName: slot_abrought_10210_1_11@sdfmilan121.sdf.slac.stanford.edu
...
006 (1971490.000.000) 2023-12-14 02:25:21 Image size of job updated: 326012
	113  -  MemoryUsage of job (MB)
	115408  -  ResidentSetSize of job (KB)
...
006 (1971490.000.000) 2023-12-14 02:26:11 Image size of job updated: 2214728
	655  -  MemoryUsage of job (MB)
	669944  -  ResidentSetSize of job (KB)
...
040 (1971490.000.000) 2023-12-14 02:26:11 Started transferring output files
...
040 (1971490.000.000) 2023-12-14 02:26:11 Finished transferring output files
...
005 (1971490.000.000) 2023-12-14 02:26:11 Job terminated.
	(1) Normal termination (return value 0)
		Usr 0 00:00:24, Sys 0 00:00:03  -  Run Remote Usage
		Usr 0 00:00:00, Sys 0 00:00:00  -  Run Local Usage
		Usr 0 00:00:24, Sys 0 00:00:03  -  Total Remote Usage
		Usr 0 00:00:00, Sys 0 00:00:00  -  Total Local Usage
	19073  -  Run Bytes Sent By Job
	0  -  Run Bytes Received By Job
	19073  -  Total Bytes Sent By Job
	0  -  Total Bytes Received By Job
	Partitionable Resources :    Usage  Request Allocated 
	   Cpus                 :                 1         1 
	   Disk (KB)            :       91        2    311595 
	   Memory (MB)          :      655     2048      2048 

	Job terminated of its own accord at 2023-12-14T10:26:11Z with exit-code 0.
...
