000 (1972808.000.000) 2023-12-14 02:17:49 Job submitted from host: <172.24.33.226:11547?addrs=172.24.33.226-11547&alias=sdfrome002.sdf.slac.stanford.edu>
    DAG Node: d84b6b25-eb21-49be-bd9f-748682223fcd_ptcIsr_2023111101234_23
...
040 (1972808.000.000) 2023-12-14 02:29:06 Finished transferring input files
...
001 (1972808.000.000) 2023-12-14 02:29:06 Job executing on host: <172.24.33.143:35625?CCBID=172.24.33.225:9618%3faddrs%3d172.24.33.225-9618%26alias%3dsdfrome001.sdf.slac.stanford.edu#6220497&PrivNet=sdfrome078.sdf.slac.stanford.edu&addrs=172.24.33.143-35625&alias=sdfrome078.sdf.slac.stanford.edu>
	SlotName: slot_abrought_7235_1_19@sdfrome078.sdf.slac.stanford.edu
...
006 (1972808.000.000) 2023-12-14 02:29:15 Image size of job updated: 35416
	20  -  MemoryUsage of job (MB)
	19876  -  ResidentSetSize of job (KB)
...
006 (1972808.000.000) 2023-12-14 02:33:10 Image size of job updated: 2060108
	634  -  MemoryUsage of job (MB)
	648236  -  ResidentSetSize of job (KB)
...
040 (1972808.000.000) 2023-12-14 02:33:10 Started transferring output files
...
040 (1972808.000.000) 2023-12-14 02:33:10 Finished transferring output files
...
005 (1972808.000.000) 2023-12-14 02:33:10 Job terminated.
	(1) Normal termination (return value 0)
		Usr 0 00:00:18, Sys 0 00:00:02  -  Run Remote Usage
		Usr 0 00:00:00, Sys 0 00:00:00  -  Run Local Usage
		Usr 0 00:00:18, Sys 0 00:00:02  -  Total Remote Usage
		Usr 0 00:00:00, Sys 0 00:00:00  -  Total Local Usage
	18806  -  Run Bytes Sent By Job
	0  -  Run Bytes Received By Job
	18806  -  Total Bytes Sent By Job
	0  -  Total Bytes Received By Job
	Partitionable Resources :    Usage  Request Allocated 
	   Cpus                 :     0.07        1         1 
	   Disk (KB)            :    97           2    312194 
	   Memory (MB)          :   634        2048      2048 

	Job terminated of its own accord at 2023-12-14T10:33:10Z with exit-code 0.
...
