000 (1973422.000.000) 2023-12-14 02:17:57 Job submitted from host: <172.24.33.226:11547?addrs=172.24.33.226-11547&alias=sdfrome002.sdf.slac.stanford.edu>
    DAG Node: 930872b1-9eaa-4eb5-ae54-11cc99a5b20d_ptcIsr_2023111201899_23
...
040 (1973422.000.000) 2023-12-14 02:30:39 Finished transferring input files
...
001 (1973422.000.000) 2023-12-14 02:30:39 Job executing on host: <172.24.48.149:38613?CCBID=172.24.33.225:9618%3faddrs%3d172.24.33.225-9618%26alias%3dsdfrome001.sdf.slac.stanford.edu#6219698&PrivNet=sdfmilan049.sdf.slac.stanford.edu&addrs=172.24.48.149-38613&alias=sdfmilan049.sdf.slac.stanford.edu>
	SlotName: slot_abrought_1727_1_3@sdfmilan049.sdf.slac.stanford.edu
...
006 (1973422.000.000) 2023-12-14 02:30:47 Image size of job updated: 289244
	81  -  MemoryUsage of job (MB)
	82668  -  ResidentSetSize of job (KB)
...
006 (1973422.000.000) 2023-12-14 02:31:45 Image size of job updated: 2088308
	634  -  MemoryUsage of job (MB)
	648560  -  ResidentSetSize of job (KB)
...
040 (1973422.000.000) 2023-12-14 02:31:45 Started transferring output files
...
040 (1973422.000.000) 2023-12-14 02:31:45 Finished transferring output files
...
005 (1973422.000.000) 2023-12-14 02:31:45 Job terminated.
	(1) Normal termination (return value 0)
		Usr 0 00:00:21, Sys 0 00:00:02  -  Run Remote Usage
		Usr 0 00:00:00, Sys 0 00:00:00  -  Run Local Usage
		Usr 0 00:00:21, Sys 0 00:00:02  -  Total Remote Usage
		Usr 0 00:00:00, Sys 0 00:00:00  -  Total Local Usage
	19073  -  Run Bytes Sent By Job
	0  -  Run Bytes Received By Job
	19073  -  Total Bytes Sent By Job
	0  -  Total Bytes Received By Job
	Partitionable Resources :    Usage  Request Allocated 
	   Cpus                 :     1.00        1         1 
	   Disk (KB)            :    97           2    312194 
	   Memory (MB)          :   634        2048      2048 

	Job terminated of its own accord at 2023-12-14T10:31:45Z with exit-code 0.
...
