000 (1969337.000.000) 2023-12-14 02:17:07 Job submitted from host: <172.24.33.226:11547?addrs=172.24.33.226-11547&alias=sdfrome002.sdf.slac.stanford.edu>
    DAG Node: b4de3c77-5ae2-4d90-9362-a8a70dc94382_ptcIsr_2023111201187_23
...
040 (1969337.000.000) 2023-12-14 02:17:08 Finished transferring input files
...
001 (1969337.000.000) 2023-12-14 02:17:08 Job executing on host: <172.24.48.159:36013?CCBID=172.24.33.225:9618%3faddrs%3d172.24.33.225-9618%26alias%3dsdfrome001.sdf.slac.stanford.edu#6219701&PrivNet=sdfmilan059.sdf.slac.stanford.edu&addrs=172.24.48.159-36013&alias=sdfmilan059.sdf.slac.stanford.edu>
	SlotName: slot_abrought_18206_1_3@sdfmilan059.sdf.slac.stanford.edu
...
006 (1969337.000.000) 2023-12-14 02:17:17 Image size of job updated: 315256
	106  -  MemoryUsage of job (MB)
	107712  -  ResidentSetSize of job (KB)
...
006 (1969337.000.000) 2023-12-14 02:19:33 Image size of job updated: 2067852
	106  -  MemoryUsage of job (MB)
	107712  -  ResidentSetSize of job (KB)
...
040 (1969337.000.000) 2023-12-14 02:19:33 Started transferring output files
...
040 (1969337.000.000) 2023-12-14 02:19:33 Finished transferring output files
...
005 (1969337.000.000) 2023-12-14 02:19:33 Job terminated.
	(1) Normal termination (return value 0)
		Usr 0 00:00:22, Sys 0 00:00:03  -  Run Remote Usage
		Usr 0 00:00:00, Sys 0 00:00:00  -  Run Local Usage
		Usr 0 00:00:22, Sys 0 00:00:03  -  Total Remote Usage
		Usr 0 00:00:00, Sys 0 00:00:00  -  Total Local Usage
	18803  -  Run Bytes Sent By Job
	0  -  Run Bytes Received By Job
	18803  -  Total Bytes Sent By Job
	0  -  Total Bytes Received By Job
	Partitionable Resources :    Usage  Request Allocated 
	   Cpus                 :                 1         1 
	   Disk (KB)            :       90        2    312194 
	   Memory (MB)          :      106     2048      2048 

	Job terminated of its own accord at 2023-12-14T10:19:32Z with exit-code 0.
...
