000 (1969695.000.000) 2023-12-14 02:17:11 Job submitted from host: <172.24.33.226:11547?addrs=172.24.33.226-11547&alias=sdfrome002.sdf.slac.stanford.edu>
    DAG Node: 45c2a013-d382-4969-8b4c-94a488d92d77_ptcIsr_2023111201845_23
...
040 (1969695.000.000) 2023-12-14 02:19:39 Finished transferring input files
...
001 (1969695.000.000) 2023-12-14 02:19:40 Job executing on host: <172.24.33.147:42953?CCBID=172.24.33.225:9618%3faddrs%3d172.24.33.225-9618%26alias%3dsdfrome001.sdf.slac.stanford.edu#6219703&PrivNet=sdfrome082.sdf.slac.stanford.edu&addrs=172.24.33.147-42953&alias=sdfrome082.sdf.slac.stanford.edu>
	SlotName: slot_abrought_48_1_6@sdfrome082.sdf.slac.stanford.edu
...
006 (1969695.000.000) 2023-12-14 02:19:48 Image size of job updated: 301152
	92  -  MemoryUsage of job (MB)
	93712  -  ResidentSetSize of job (KB)
...
006 (1969695.000.000) 2023-12-14 02:20:29 Image size of job updated: 2173496
	92  -  MemoryUsage of job (MB)
	93712  -  ResidentSetSize of job (KB)
...
040 (1969695.000.000) 2023-12-14 02:20:29 Started transferring output files
...
040 (1969695.000.000) 2023-12-14 02:20:29 Finished transferring output files
...
005 (1969695.000.000) 2023-12-14 02:20:29 Job terminated.
	(1) Normal termination (return value 0)
		Usr 0 00:00:22, Sys 0 00:00:03  -  Run Remote Usage
		Usr 0 00:00:00, Sys 0 00:00:00  -  Run Local Usage
		Usr 0 00:00:22, Sys 0 00:00:03  -  Total Remote Usage
		Usr 0 00:00:00, Sys 0 00:00:00  -  Total Local Usage
	19073  -  Run Bytes Sent By Job
	0  -  Run Bytes Received By Job
	19073  -  Total Bytes Sent By Job
	0  -  Total Bytes Received By Job
	Partitionable Resources :    Usage  Request Allocated 
	   Cpus                 :                 1         1 
	   Disk (KB)            :       91        2    312116 
	   Memory (MB)          :       92     2048      2048 

	Job terminated of its own accord at 2023-12-14T10:20:29Z with exit-code 0.
...
