000 (1973070.000.000) 2023-12-14 02:17:52 Job submitted from host: <172.24.33.226:11547?addrs=172.24.33.226-11547&alias=sdfrome002.sdf.slac.stanford.edu>
    DAG Node: c1594853-9e67-45c4-aeff-1b38065c9921_ptcIsr_2023111201248_23
...
040 (1973070.000.000) 2023-12-14 02:29:49 Finished transferring input files
...
001 (1973070.000.000) 2023-12-14 02:29:49 Job executing on host: <172.24.33.124:39697?CCBID=172.24.33.225:9618%3faddrs%3d172.24.33.225-9618%26alias%3dsdfrome001.sdf.slac.stanford.edu#6220015&PrivNet=sdfrome059.sdf.slac.stanford.edu&addrs=172.24.33.124-39697&alias=sdfrome059.sdf.slac.stanford.edu>
	SlotName: slot_abrought_7836_1_14@sdfrome059.sdf.slac.stanford.edu
...
006 (1973070.000.000) 2023-12-14 02:29:59 Image size of job updated: 290796
	82  -  MemoryUsage of job (MB)
	83856  -  ResidentSetSize of job (KB)
...
006 (1973070.000.000) 2023-12-14 02:30:39 Image size of job updated: 2175556
	649  -  MemoryUsage of job (MB)
	664276  -  ResidentSetSize of job (KB)
...
040 (1973070.000.000) 2023-12-14 02:30:39 Started transferring output files
...
040 (1973070.000.000) 2023-12-14 02:30:39 Finished transferring output files
...
005 (1973070.000.000) 2023-12-14 02:30:39 Job terminated.
	(1) Normal termination (return value 0)
		Usr 0 00:00:21, Sys 0 00:00:04  -  Run Remote Usage
		Usr 0 00:00:00, Sys 0 00:00:00  -  Run Local Usage
		Usr 0 00:00:21, Sys 0 00:00:04  -  Total Remote Usage
		Usr 0 00:00:00, Sys 0 00:00:00  -  Total Local Usage
	19075  -  Run Bytes Sent By Job
	0  -  Run Bytes Received By Job
	19075  -  Total Bytes Sent By Job
	0  -  Total Bytes Received By Job
	Partitionable Resources :    Usage  Request Allocated 
	   Cpus                 :                 1         1 
	   Disk (KB)            :       91        2    312194 
	   Memory (MB)          :      649     2048      2048 

	Job terminated of its own accord at 2023-12-14T10:30:39Z with exit-code 0.
...
