000 (1971197.000.000) 2023-12-14 02:17:30 Job submitted from host: <172.24.33.226:11547?addrs=172.24.33.226-11547&alias=sdfrome002.sdf.slac.stanford.edu>
    DAG Node: e27ca467-1a4f-49a0-b7f4-842c036a067e_ptcIsr_2023111202510_23
...
040 (1971197.000.000) 2023-12-14 02:24:21 Finished transferring input files
...
001 (1971197.000.000) 2023-12-14 02:24:21 Job executing on host: <172.24.48.159:36013?CCBID=172.24.33.225:9618%3faddrs%3d172.24.33.225-9618%26alias%3dsdfrome001.sdf.slac.stanford.edu#6219701&PrivNet=sdfmilan059.sdf.slac.stanford.edu&addrs=172.24.48.159-36013&alias=sdfmilan059.sdf.slac.stanford.edu>
	SlotName: slot_abrought_18206_1_21@sdfmilan059.sdf.slac.stanford.edu
...
006 (1971197.000.000) 2023-12-14 02:24:30 Image size of job updated: 280760
	74  -  MemoryUsage of job (MB)
	75232  -  ResidentSetSize of job (KB)
...
006 (1971197.000.000) 2023-12-14 02:28:18 Image size of job updated: 2000904
	74  -  MemoryUsage of job (MB)
	75232  -  ResidentSetSize of job (KB)
...
040 (1971197.000.000) 2023-12-14 02:28:19 Started transferring output files
...
040 (1971197.000.000) 2023-12-14 02:28:19 Finished transferring output files
...
005 (1971197.000.000) 2023-12-14 02:28:19 Job terminated.
	(1) Normal termination (return value 0)
		Usr 0 00:00:27, Sys 0 00:00:04  -  Run Remote Usage
		Usr 0 00:00:00, Sys 0 00:00:00  -  Run Local Usage
		Usr 0 00:00:27, Sys 0 00:00:04  -  Total Remote Usage
		Usr 0 00:00:00, Sys 0 00:00:00  -  Total Local Usage
	18533  -  Run Bytes Sent By Job
	0  -  Run Bytes Received By Job
	18533  -  Total Bytes Sent By Job
	0  -  Total Bytes Received By Job
	Partitionable Resources :    Usage  Request Allocated 
	   Cpus                 :     0.15        1         1 
	   Disk (KB)            :    97           2    312194 
	   Memory (MB)          :    74        2048      2048 

	Job terminated of its own accord at 2023-12-14T10:28:18Z with exit-code 0.
...
