000 (1970613.000.000) 2023-12-14 02:17:24 Job submitted from host: <172.24.33.226:11547?addrs=172.24.33.226-11547&alias=sdfrome002.sdf.slac.stanford.edu>
    DAG Node: 751e4287-8558-49e8-8804-0b2421ee6ae6_ptcIsr_2023111300777_23
...
040 (1970613.000.000) 2023-12-14 02:22:30 Finished transferring input files
...
001 (1970613.000.000) 2023-12-14 02:22:30 Job executing on host: <172.24.33.147:42953?CCBID=172.24.33.225:9618%3faddrs%3d172.24.33.225-9618%26alias%3dsdfrome001.sdf.slac.stanford.edu#6219703&PrivNet=sdfrome082.sdf.slac.stanford.edu&addrs=172.24.33.147-42953&alias=sdfrome082.sdf.slac.stanford.edu>
	SlotName: slot_abrought_48_1_15@sdfrome082.sdf.slac.stanford.edu
...
006 (1970613.000.000) 2023-12-14 02:22:39 Image size of job updated: 337188
	124  -  MemoryUsage of job (MB)
	126740  -  ResidentSetSize of job (KB)
...
006 (1970613.000.000) 2023-12-14 02:23:19 Image size of job updated: 2135736
	642  -  MemoryUsage of job (MB)
	657200  -  ResidentSetSize of job (KB)
...
040 (1970613.000.000) 2023-12-14 02:23:19 Started transferring output files
...
040 (1970613.000.000) 2023-12-14 02:23:19 Finished transferring output files
...
005 (1970613.000.000) 2023-12-14 02:23:19 Job terminated.
	(1) Normal termination (return value 0)
		Usr 0 00:00:21, Sys 0 00:00:03  -  Run Remote Usage
		Usr 0 00:00:00, Sys 0 00:00:00  -  Run Local Usage
		Usr 0 00:00:21, Sys 0 00:00:03  -  Total Remote Usage
		Usr 0 00:00:00, Sys 0 00:00:00  -  Total Local Usage
	19072  -  Run Bytes Sent By Job
	0  -  Run Bytes Received By Job
	19072  -  Total Bytes Sent By Job
	0  -  Total Bytes Received By Job
	Partitionable Resources :    Usage  Request Allocated 
	   Cpus                 :                 1         1 
	   Disk (KB)            :       91        2    312116 
	   Memory (MB)          :      642     2048      2048 

	Job terminated of its own accord at 2023-12-14T10:23:18Z with exit-code 0.
...
