000 (1972113.000.000) 2023-12-14 02:17:42 Job submitted from host: <172.24.33.226:11547?addrs=172.24.33.226-11547&alias=sdfrome002.sdf.slac.stanford.edu>
    DAG Node: e0c707b8-cf90-416d-b0de-283dee58e95e_ptcIsr_2023111202772_23
...
040 (1972113.000.000) 2023-12-14 02:26:57 Finished transferring input files
...
001 (1972113.000.000) 2023-12-14 02:26:57 Job executing on host: <172.24.33.213:43829?CCBID=172.24.33.225:9618%3faddrs%3d172.24.33.225-9618%26alias%3dsdfrome001.sdf.slac.stanford.edu#6220038&PrivNet=sdfrome022.sdf.slac.stanford.edu&addrs=172.24.33.213-43829&alias=sdfrome022.sdf.slac.stanford.edu>
	SlotName: slot_abrought_31850_1_15@sdfrome022.sdf.slac.stanford.edu
...
006 (1972113.000.000) 2023-12-14 02:27:06 Image size of job updated: 287496
	80  -  MemoryUsage of job (MB)
	81656  -  ResidentSetSize of job (KB)
...
006 (1972113.000.000) 2023-12-14 02:27:49 Image size of job updated: 2099876
	80  -  MemoryUsage of job (MB)
	81656  -  ResidentSetSize of job (KB)
...
040 (1972113.000.000) 2023-12-14 02:27:49 Started transferring output files
...
040 (1972113.000.000) 2023-12-14 02:27:49 Finished transferring output files
...
005 (1972113.000.000) 2023-12-14 02:27:49 Job terminated.
	(1) Normal termination (return value 0)
		Usr 0 00:00:22, Sys 0 00:00:04  -  Run Remote Usage
		Usr 0 00:00:00, Sys 0 00:00:00  -  Run Local Usage
		Usr 0 00:00:22, Sys 0 00:00:04  -  Total Remote Usage
		Usr 0 00:00:00, Sys 0 00:00:00  -  Total Local Usage
	18803  -  Run Bytes Sent By Job
	0  -  Run Bytes Received By Job
	18803  -  Total Bytes Sent By Job
	0  -  Total Bytes Received By Job
	Partitionable Resources :    Usage  Request Allocated 
	   Cpus                 :                 1         1 
	   Disk (KB)            :       90        2    312194 
	   Memory (MB)          :       80     2048      2048 

	Job terminated of its own accord at 2023-12-14T10:27:49Z with exit-code 0.
...
