000 (1973369.000.000) 2023-12-14 02:17:55 Job submitted from host: <172.24.33.226:11547?addrs=172.24.33.226-11547&alias=sdfrome002.sdf.slac.stanford.edu>
    DAG Node: 7a45589b-97aa-4607-995e-57437c20ef00_ptcIsr_2023111101312_23
...
040 (1973369.000.000) 2023-12-14 02:30:30 Finished transferring input files
...
001 (1973369.000.000) 2023-12-14 02:30:30 Job executing on host: <172.24.33.124:39661?CCBID=172.24.33.225:9618%3faddrs%3d172.24.33.225-9618%26alias%3dsdfrome001.sdf.slac.stanford.edu#6220018&PrivNet=sdfrome059.sdf.slac.stanford.edu&addrs=172.24.33.124-39661&alias=sdfrome059.sdf.slac.stanford.edu>
	SlotName: slot_abrought_25802_1_3@sdfrome059.sdf.slac.stanford.edu
...
006 (1973369.000.000) 2023-12-14 02:30:38 Image size of job updated: 280756
	73  -  MemoryUsage of job (MB)
	74728  -  ResidentSetSize of job (KB)
...
006 (1973369.000.000) 2023-12-14 02:31:17 Image size of job updated: 2176536
	618  -  MemoryUsage of job (MB)
	632128  -  ResidentSetSize of job (KB)
...
040 (1973369.000.000) 2023-12-14 02:31:17 Started transferring output files
...
040 (1973369.000.000) 2023-12-14 02:31:17 Finished transferring output files
...
005 (1973369.000.000) 2023-12-14 02:31:17 Job terminated.
	(1) Normal termination (return value 0)
		Usr 0 00:00:25, Sys 0 00:00:04  -  Run Remote Usage
		Usr 0 00:00:00, Sys 0 00:00:00  -  Run Local Usage
		Usr 0 00:00:25, Sys 0 00:00:04  -  Total Remote Usage
		Usr 0 00:00:00, Sys 0 00:00:00  -  Total Local Usage
	19073  -  Run Bytes Sent By Job
	0  -  Run Bytes Received By Job
	19073  -  Total Bytes Sent By Job
	0  -  Total Bytes Received By Job
	Partitionable Resources :    Usage  Request Allocated 
	   Cpus                 :                 1         1 
	   Disk (KB)            :       91        2    312194 
	   Memory (MB)          :      618     2048      2048 

	Job terminated of its own accord at 2023-12-14T10:31:17Z with exit-code 0.
...
