000 (1972962.000.000) 2023-12-14 02:17:50 Job submitted from host: <172.24.33.226:11547?addrs=172.24.33.226-11547&alias=sdfrome002.sdf.slac.stanford.edu>
    DAG Node: 313735e8-1473-4aad-9584-0dcc3d895a07_ptcIsr_2023111200657_23
...
040 (1972962.000.000) 2023-12-14 02:29:29 Finished transferring input files
...
001 (1972962.000.000) 2023-12-14 02:29:29 Job executing on host: <172.24.33.143:37205?CCBID=172.24.33.225:9618%3faddrs%3d172.24.33.225-9618%26alias%3dsdfrome001.sdf.slac.stanford.edu#6220499&PrivNet=sdfrome078.sdf.slac.stanford.edu&addrs=172.24.33.143-37205&alias=sdfrome078.sdf.slac.stanford.edu>
	SlotName: slot_abrought_7348_1_23@sdfrome078.sdf.slac.stanford.edu
...
006 (1972962.000.000) 2023-12-14 02:29:38 Image size of job updated: 262880
	58  -  MemoryUsage of job (MB)
	58588  -  ResidentSetSize of job (KB)
...
006 (1972962.000.000) 2023-12-14 02:30:33 Image size of job updated: 2130952
	657  -  MemoryUsage of job (MB)
	671908  -  ResidentSetSize of job (KB)
...
040 (1972962.000.000) 2023-12-14 02:30:33 Started transferring output files
...
040 (1972962.000.000) 2023-12-14 02:30:33 Finished transferring output files
...
005 (1972962.000.000) 2023-12-14 02:30:33 Job terminated.
	(1) Normal termination (return value 0)
		Usr 0 00:00:20, Sys 0 00:00:02  -  Run Remote Usage
		Usr 0 00:00:00, Sys 0 00:00:00  -  Run Local Usage
		Usr 0 00:00:20, Sys 0 00:00:02  -  Total Remote Usage
		Usr 0 00:00:00, Sys 0 00:00:00  -  Total Local Usage
	18803  -  Run Bytes Sent By Job
	0  -  Run Bytes Received By Job
	18803  -  Total Bytes Sent By Job
	0  -  Total Bytes Received By Job
	Partitionable Resources :    Usage  Request Allocated 
	   Cpus                 :                 1         1 
	   Disk (KB)            :       90        2    312194 
	   Memory (MB)          :      657     2048      2048 

	Job terminated of its own accord at 2023-12-14T10:30:33Z with exit-code 0.
...
