000 (1972434.000.000) 2023-12-14 02:17:44 Job submitted from host: <172.24.33.226:11547?addrs=172.24.33.226-11547&alias=sdfrome002.sdf.slac.stanford.edu>
    DAG Node: 489f23b3-e8a3-47de-b16c-f83db895ce9d_ptcIsr_2023111101276_23
...
040 (1972434.000.000) 2023-12-14 02:27:56 Finished transferring input files
...
001 (1972434.000.000) 2023-12-14 02:27:56 Job executing on host: <172.24.48.149:38613?CCBID=172.24.33.225:9618%3faddrs%3d172.24.33.225-9618%26alias%3dsdfrome001.sdf.slac.stanford.edu#6219698&PrivNet=sdfmilan049.sdf.slac.stanford.edu&addrs=172.24.48.149-38613&alias=sdfmilan049.sdf.slac.stanford.edu>
	SlotName: slot_abrought_1727_1_16@sdfmilan049.sdf.slac.stanford.edu
...
006 (1972434.000.000) 2023-12-14 02:28:05 Image size of job updated: 280760
	74  -  MemoryUsage of job (MB)
	75424  -  ResidentSetSize of job (KB)
...
006 (1972434.000.000) 2023-12-14 02:29:03 Image size of job updated: 2083588
	1371  -  MemoryUsage of job (MB)
	1403832  -  ResidentSetSize of job (KB)
...
040 (1972434.000.000) 2023-12-14 02:29:03 Started transferring output files
...
040 (1972434.000.000) 2023-12-14 02:29:03 Finished transferring output files
...
005 (1972434.000.000) 2023-12-14 02:29:03 Job terminated.
	(1) Normal termination (return value 0)
		Usr 0 00:00:19, Sys 0 00:00:02  -  Run Remote Usage
		Usr 0 00:00:00, Sys 0 00:00:00  -  Run Local Usage
		Usr 0 00:00:19, Sys 0 00:00:02  -  Total Remote Usage
		Usr 0 00:00:00, Sys 0 00:00:00  -  Total Local Usage
	18806  -  Run Bytes Sent By Job
	0  -  Run Bytes Received By Job
	18806  -  Total Bytes Sent By Job
	0  -  Total Bytes Received By Job
	Partitionable Resources :    Usage  Request Allocated 
	   Cpus                 :                 1         1 
	   Disk (KB)            :       90        2    312194 
	   Memory (MB)          :     1371     2048      2048 

	Job terminated of its own accord at 2023-12-14T10:29:03Z with exit-code 0.
...
