000 (1972756.000.000) 2023-12-14 02:17:48 Job submitted from host: <172.24.33.226:11547?addrs=172.24.33.226-11547&alias=sdfrome002.sdf.slac.stanford.edu>
    DAG Node: 80ae0ffe-5555-4495-a633-ff886cba79fc_ptcIsr_2023111300881_23
...
040 (1972756.000.000) 2023-12-14 02:28:53 Finished transferring input files
...
001 (1972756.000.000) 2023-12-14 02:28:53 Job executing on host: <172.24.48.193:46283?CCBID=172.24.33.225:9618%3faddrs%3d172.24.33.225-9618%26alias%3dsdfrome001.sdf.slac.stanford.edu#6219697&PrivNet=sdfmilan121.sdf.slac.stanford.edu&addrs=172.24.48.193-46283&alias=sdfmilan121.sdf.slac.stanford.edu>
	SlotName: slot_abrought_10210_1_18@sdfmilan121.sdf.slac.stanford.edu
...
006 (1972756.000.000) 2023-12-14 02:29:02 Image size of job updated: 339564
	126  -  MemoryUsage of job (MB)
	128008  -  ResidentSetSize of job (KB)
...
006 (1972756.000.000) 2023-12-14 02:29:50 Image size of job updated: 2111408
	126  -  MemoryUsage of job (MB)
	128008  -  ResidentSetSize of job (KB)
...
040 (1972756.000.000) 2023-12-14 02:29:50 Started transferring output files
...
040 (1972756.000.000) 2023-12-14 02:29:50 Finished transferring output files
...
005 (1972756.000.000) 2023-12-14 02:29:50 Job terminated.
	(1) Normal termination (return value 0)
		Usr 0 00:00:24, Sys 0 00:00:03  -  Run Remote Usage
		Usr 0 00:00:00, Sys 0 00:00:00  -  Run Local Usage
		Usr 0 00:00:24, Sys 0 00:00:03  -  Total Remote Usage
		Usr 0 00:00:00, Sys 0 00:00:00  -  Total Local Usage
	19072  -  Run Bytes Sent By Job
	0  -  Run Bytes Received By Job
	19072  -  Total Bytes Sent By Job
	0  -  Total Bytes Received By Job
	Partitionable Resources :    Usage  Request Allocated 
	   Cpus                 :                 1         1 
	   Disk (KB)            :       91        2    311595 
	   Memory (MB)          :      126     2048      2048 

	Job terminated of its own accord at 2023-12-14T10:29:50Z with exit-code 0.
...
