000 (1969949.000.000) 2023-12-14 02:17:13 Job submitted from host: <172.24.33.226:11547?addrs=172.24.33.226-11547&alias=sdfrome002.sdf.slac.stanford.edu>
    DAG Node: d05af045-680b-45b9-a537-3dcd0c727378_ptcIsr_2023111200858_23
...
040 (1969949.000.000) 2023-12-14 02:20:13 Finished transferring input files
...
001 (1969949.000.000) 2023-12-14 02:20:13 Job executing on host: <172.24.33.213:41467?CCBID=172.24.33.225:9618%3faddrs%3d172.24.33.225-9618%26alias%3dsdfrome001.sdf.slac.stanford.edu#6220037&PrivNet=sdfrome022.sdf.slac.stanford.edu&addrs=172.24.33.213-41467&alias=sdfrome022.sdf.slac.stanford.edu>
	SlotName: slot_abrought_435_1_18@sdfrome022.sdf.slac.stanford.edu
...
006 (1969949.000.000) 2023-12-14 02:20:21 Image size of job updated: 6300
	1  -  MemoryUsage of job (MB)
	60  -  ResidentSetSize of job (KB)
...
006 (1969949.000.000) 2023-12-14 02:21:17 Image size of job updated: 2170744
	632  -  MemoryUsage of job (MB)
	646568  -  ResidentSetSize of job (KB)
...
040 (1969949.000.000) 2023-12-14 02:21:18 Started transferring output files
...
040 (1969949.000.000) 2023-12-14 02:21:18 Finished transferring output files
...
005 (1969949.000.000) 2023-12-14 02:21:25 Job terminated.
	(1) Normal termination (return value 0)
		Usr 0 00:00:22, Sys 0 00:00:08  -  Run Remote Usage
		Usr 0 00:00:00, Sys 0 00:00:00  -  Run Local Usage
		Usr 0 00:00:22, Sys 0 00:00:08  -  Total Remote Usage
		Usr 0 00:00:00, Sys 0 00:00:00  -  Total Local Usage
	19073  -  Run Bytes Sent By Job
	0  -  Run Bytes Received By Job
	19073  -  Total Bytes Sent By Job
	0  -  Total Bytes Received By Job
	Partitionable Resources :    Usage  Request Allocated 
	   Cpus                 :                 1         1 
	   Disk (KB)            :       90        2    312194 
	   Memory (MB)          :      632     2048      2048 

	Job terminated of its own accord at 2023-12-14T10:21:17Z with exit-code 0.
...
