000 (1971484.000.000) 2023-12-14 02:17:32 Job submitted from host: <172.24.33.226:11547?addrs=172.24.33.226-11547&alias=sdfrome002.sdf.slac.stanford.edu>
    DAG Node: 8c523592-14bf-4216-9579-ad4dff851b08_ptcIsr_2023111101372_23
...
040 (1971484.000.000) 2023-12-14 02:25:11 Finished transferring input files
...
001 (1971484.000.000) 2023-12-14 02:25:11 Job executing on host: <172.24.33.124:39697?CCBID=172.24.33.225:9618%3faddrs%3d172.24.33.225-9618%26alias%3dsdfrome001.sdf.slac.stanford.edu#6220015&PrivNet=sdfrome059.sdf.slac.stanford.edu&addrs=172.24.33.124-39697&alias=sdfrome059.sdf.slac.stanford.edu>
	SlotName: slot_abrought_7836_1_4@sdfrome059.sdf.slac.stanford.edu
...
006 (1971484.000.000) 2023-12-14 02:25:20 Image size of job updated: 60764
	32  -  MemoryUsage of job (MB)
	32052  -  ResidentSetSize of job (KB)
...
006 (1971484.000.000) 2023-12-14 02:26:04 Image size of job updated: 2135468
	608  -  MemoryUsage of job (MB)
	621932  -  ResidentSetSize of job (KB)
...
040 (1971484.000.000) 2023-12-14 02:26:04 Started transferring output files
...
040 (1971484.000.000) 2023-12-14 02:26:04 Finished transferring output files
...
005 (1971484.000.000) 2023-12-14 02:26:04 Job terminated.
	(1) Normal termination (return value 0)
		Usr 0 00:00:20, Sys 0 00:00:05  -  Run Remote Usage
		Usr 0 00:00:00, Sys 0 00:00:00  -  Run Local Usage
		Usr 0 00:00:20, Sys 0 00:00:05  -  Total Remote Usage
		Usr 0 00:00:00, Sys 0 00:00:00  -  Total Local Usage
	18804  -  Run Bytes Sent By Job
	0  -  Run Bytes Received By Job
	18804  -  Total Bytes Sent By Job
	0  -  Total Bytes Received By Job
	Partitionable Resources :    Usage  Request Allocated 
	   Cpus                 :                 1         1 
	   Disk (KB)            :       90        2    312194 
	   Memory (MB)          :      608     2048      2048 

	Job terminated of its own accord at 2023-12-14T10:26:04Z with exit-code 0.
...
