000 (1972089.000.000) 2023-12-14 02:17:41 Job submitted from host: <172.24.33.226:11547?addrs=172.24.33.226-11547&alias=sdfrome002.sdf.slac.stanford.edu>
    DAG Node: a0a206cc-f9f5-498f-a17f-850393fcb104_ptcIsr_2023111201949_23
...
040 (1972089.000.000) 2023-12-14 02:26:52 Finished transferring input files
...
001 (1972089.000.000) 2023-12-14 02:26:52 Job executing on host: <172.24.48.186:33679?CCBID=172.24.33.225:9618%3faddrs%3d172.24.33.225-9618%26alias%3dsdfrome001.sdf.slac.stanford.edu#6219700&PrivNet=sdfmilan114.sdf.slac.stanford.edu&addrs=172.24.48.186-33679&alias=sdfmilan114.sdf.slac.stanford.edu>
	SlotName: slot_abrought_14493_1_12@sdfmilan114.sdf.slac.stanford.edu
...
006 (1972089.000.000) 2023-12-14 02:27:01 Image size of job updated: 346596
	132  -  MemoryUsage of job (MB)
	134716  -  ResidentSetSize of job (KB)
...
006 (1972089.000.000) 2023-12-14 02:27:38 Image size of job updated: 2019420
	635  -  MemoryUsage of job (MB)
	649436  -  ResidentSetSize of job (KB)
...
040 (1972089.000.000) 2023-12-14 02:27:38 Started transferring output files
...
040 (1972089.000.000) 2023-12-14 02:27:38 Finished transferring output files
...
005 (1972089.000.000) 2023-12-14 02:27:38 Job terminated.
	(1) Normal termination (return value 0)
		Usr 0 00:00:18, Sys 0 00:00:03  -  Run Remote Usage
		Usr 0 00:00:00, Sys 0 00:00:00  -  Run Local Usage
		Usr 0 00:00:18, Sys 0 00:00:03  -  Total Remote Usage
		Usr 0 00:00:00, Sys 0 00:00:00  -  Total Local Usage
	18975  -  Run Bytes Sent By Job
	0  -  Run Bytes Received By Job
	18975  -  Total Bytes Sent By Job
	0  -  Total Bytes Received By Job
	Partitionable Resources :    Usage  Request Allocated 
	   Cpus                 :                 1         1 
	   Disk (KB)            :       91        2    312193 
	   Memory (MB)          :      635     2048      2048 

	Job terminated of its own accord at 2023-12-14T10:27:38Z with exit-code 0.
...
