000 (1969388.000.000) 2023-12-14 02:17:08 Job submitted from host: <172.24.33.226:11547?addrs=172.24.33.226-11547&alias=sdfrome002.sdf.slac.stanford.edu>
    DAG Node: bc7988b5-92ea-477d-82a4-c478ec970c98_ptcIsr_2023111200641_23
...
040 (1969388.000.000) 2023-12-14 02:17:09 Finished transferring input files
...
001 (1969388.000.000) 2023-12-14 02:17:10 Job executing on host: <172.24.33.147:42953?CCBID=172.24.33.225:9618%3faddrs%3d172.24.33.225-9618%26alias%3dsdfrome001.sdf.slac.stanford.edu#6219703&PrivNet=sdfrome082.sdf.slac.stanford.edu&addrs=172.24.33.147-42953&alias=sdfrome082.sdf.slac.stanford.edu>
	SlotName: slot_abrought_48_1_12@sdfrome082.sdf.slac.stanford.edu
...
006 (1969388.000.000) 2023-12-14 02:17:18 Image size of job updated: 280756
	74  -  MemoryUsage of job (MB)
	74768  -  ResidentSetSize of job (KB)
...
006 (1969388.000.000) 2023-12-14 02:18:01 Image size of job updated: 2117012
	618  -  MemoryUsage of job (MB)
	632196  -  ResidentSetSize of job (KB)
...
040 (1969388.000.000) 2023-12-14 02:18:02 Started transferring output files
...
040 (1969388.000.000) 2023-12-14 02:18:02 Finished transferring output files
...
005 (1969388.000.000) 2023-12-14 02:18:02 Job terminated.
	(1) Normal termination (return value 0)
		Usr 0 00:00:23, Sys 0 00:00:05  -  Run Remote Usage
		Usr 0 00:00:00, Sys 0 00:00:00  -  Run Local Usage
		Usr 0 00:00:23, Sys 0 00:00:05  -  Total Remote Usage
		Usr 0 00:00:00, Sys 0 00:00:00  -  Total Local Usage
	19073  -  Run Bytes Sent By Job
	0  -  Run Bytes Received By Job
	19073  -  Total Bytes Sent By Job
	0  -  Total Bytes Received By Job
	Partitionable Resources :    Usage  Request Allocated 
	   Cpus                 :                 1         1 
	   Disk (KB)            :       90        2    312116 
	   Memory (MB)          :      618     2048      2048 

	Job terminated of its own accord at 2023-12-14T10:18:01Z with exit-code 0.
...
