000 (1970476.000.000) 2023-12-14 02:17:19 Job submitted from host: <172.24.33.226:11547?addrs=172.24.33.226-11547&alias=sdfrome002.sdf.slac.stanford.edu>
    DAG Node: 93c6a706-f09f-4e61-b889-8b865b302f7e_ptcIsr_2023111200168_23
...
040 (1970476.000.000) 2023-12-14 02:22:10 Finished transferring input files
...
001 (1970476.000.000) 2023-12-14 02:22:10 Job executing on host: <172.24.33.143:37205?CCBID=172.24.33.225:9618%3faddrs%3d172.24.33.225-9618%26alias%3dsdfrome001.sdf.slac.stanford.edu#6220499&PrivNet=sdfrome078.sdf.slac.stanford.edu&addrs=172.24.33.143-37205&alias=sdfrome078.sdf.slac.stanford.edu>
	SlotName: slot_abrought_7348_1_3@sdfrome078.sdf.slac.stanford.edu
...
006 (1970476.000.000) 2023-12-14 02:22:19 Image size of job updated: 262880
	57  -  MemoryUsage of job (MB)
	58312  -  ResidentSetSize of job (KB)
...
006 (1970476.000.000) 2023-12-14 02:23:06 Image size of job updated: 2117352
	57  -  MemoryUsage of job (MB)
	58312  -  ResidentSetSize of job (KB)
...
040 (1970476.000.000) 2023-12-14 02:23:06 Started transferring output files
...
040 (1970476.000.000) 2023-12-14 02:23:06 Finished transferring output files
...
005 (1970476.000.000) 2023-12-14 02:23:06 Job terminated.
	(1) Normal termination (return value 0)
		Usr 0 00:00:25, Sys 0 00:00:04  -  Run Remote Usage
		Usr 0 00:00:00, Sys 0 00:00:00  -  Run Local Usage
		Usr 0 00:00:25, Sys 0 00:00:04  -  Total Remote Usage
		Usr 0 00:00:00, Sys 0 00:00:00  -  Total Local Usage
	19073  -  Run Bytes Sent By Job
	0  -  Run Bytes Received By Job
	19073  -  Total Bytes Sent By Job
	0  -  Total Bytes Received By Job
	Partitionable Resources :    Usage  Request Allocated 
	   Cpus                 :                 1         1 
	   Disk (KB)            :       91        2    312194 
	   Memory (MB)          :       57     2048      2048 

	Job terminated of its own accord at 2023-12-14T10:23:06Z with exit-code 0.
...
