000 (1971862.000.000) 2023-12-14 02:17:37 Job submitted from host: <172.24.33.226:11547?addrs=172.24.33.226-11547&alias=sdfrome002.sdf.slac.stanford.edu>
    DAG Node: 5a12d015-2bee-49a2-813d-7a047ecda7be_ptcIsr_2023111300884_23
...
040 (1971862.000.000) 2023-12-14 02:26:11 Finished transferring input files
...
001 (1971862.000.000) 2023-12-14 02:26:11 Job executing on host: <172.24.33.124:39661?CCBID=172.24.33.225:9618%3faddrs%3d172.24.33.225-9618%26alias%3dsdfrome001.sdf.slac.stanford.edu#6220018&PrivNet=sdfrome059.sdf.slac.stanford.edu&addrs=172.24.33.124-39661&alias=sdfrome059.sdf.slac.stanford.edu>
	SlotName: slot_abrought_25802_1_9@sdfrome059.sdf.slac.stanford.edu
...
006 (1971862.000.000) 2023-12-14 02:26:19 Image size of job updated: 283772
	77  -  MemoryUsage of job (MB)
	77936  -  ResidentSetSize of job (KB)
...
006 (1971862.000.000) 2023-12-14 02:26:56 Image size of job updated: 2131304
	615  -  MemoryUsage of job (MB)
	628752  -  ResidentSetSize of job (KB)
...
040 (1971862.000.000) 2023-12-14 02:26:56 Started transferring output files
...
040 (1971862.000.000) 2023-12-14 02:26:56 Finished transferring output files
...
005 (1971862.000.000) 2023-12-14 02:26:56 Job terminated.
	(1) Normal termination (return value 0)
		Usr 0 00:00:21, Sys 0 00:00:04  -  Run Remote Usage
		Usr 0 00:00:00, Sys 0 00:00:00  -  Run Local Usage
		Usr 0 00:00:21, Sys 0 00:00:04  -  Total Remote Usage
		Usr 0 00:00:00, Sys 0 00:00:00  -  Total Local Usage
	18805  -  Run Bytes Sent By Job
	0  -  Run Bytes Received By Job
	18805  -  Total Bytes Sent By Job
	0  -  Total Bytes Received By Job
	Partitionable Resources :    Usage  Request Allocated 
	   Cpus                 :                 1         1 
	   Disk (KB)            :       90        2    312194 
	   Memory (MB)          :      615     2048      2048 

	Job terminated of its own accord at 2023-12-14T10:26:56Z with exit-code 0.
...
