000 (1972648.000.000) 2023-12-14 02:17:47 Job submitted from host: <172.24.33.226:11547?addrs=172.24.33.226-11547&alias=sdfrome002.sdf.slac.stanford.edu>
    DAG Node: ec5274d7-7ada-4d5e-98f1-90c4ce200b3a_ptcIsr_2023111203675_23
...
040 (1972648.000.000) 2023-12-14 02:28:34 Finished transferring input files
...
001 (1972648.000.000) 2023-12-14 02:28:34 Job executing on host: <172.24.33.124:39661?CCBID=172.24.33.225:9618%3faddrs%3d172.24.33.225-9618%26alias%3dsdfrome001.sdf.slac.stanford.edu#6220018&PrivNet=sdfrome059.sdf.slac.stanford.edu&addrs=172.24.33.124-39661&alias=sdfrome059.sdf.slac.stanford.edu>
	SlotName: slot_abrought_25802_1_17@sdfrome059.sdf.slac.stanford.edu
...
006 (1972648.000.000) 2023-12-14 02:28:43 Image size of job updated: 294324
	87  -  MemoryUsage of job (MB)
	88480  -  ResidentSetSize of job (KB)
...
006 (1972648.000.000) 2023-12-14 02:29:16 Image size of job updated: 2148744
	87  -  MemoryUsage of job (MB)
	88480  -  ResidentSetSize of job (KB)
...
040 (1972648.000.000) 2023-12-14 02:29:16 Started transferring output files
...
040 (1972648.000.000) 2023-12-14 02:29:16 Finished transferring output files
...
005 (1972648.000.000) 2023-12-14 02:29:16 Job terminated.
	(1) Normal termination (return value 0)
		Usr 0 00:00:23, Sys 0 00:00:05  -  Run Remote Usage
		Usr 0 00:00:00, Sys 0 00:00:00  -  Run Local Usage
		Usr 0 00:00:23, Sys 0 00:00:05  -  Total Remote Usage
		Usr 0 00:00:00, Sys 0 00:00:00  -  Total Local Usage
	19073  -  Run Bytes Sent By Job
	0  -  Run Bytes Received By Job
	19073  -  Total Bytes Sent By Job
	0  -  Total Bytes Received By Job
	Partitionable Resources :    Usage  Request Allocated 
	   Cpus                 :     0.96        1         1 
	   Disk (KB)            :    97           2    312194 
	   Memory (MB)          :    87        2048      2048 

	Job terminated of its own accord at 2023-12-14T10:29:16Z with exit-code 0.
...
