000 (1971664.000.000) 2023-12-14 02:17:36 Job submitted from host: <172.24.33.226:11547?addrs=172.24.33.226-11547&alias=sdfrome002.sdf.slac.stanford.edu>
    DAG Node: bc006039-9cbc-4c85-849c-04d2cc9a7054_ptcIsr_2023111203375_23
...
040 (1971664.000.000) 2023-12-14 02:25:34 Finished transferring input files
...
001 (1971664.000.000) 2023-12-14 02:25:34 Job executing on host: <172.24.48.186:33679?CCBID=172.24.33.225:9618%3faddrs%3d172.24.33.225-9618%26alias%3dsdfrome001.sdf.slac.stanford.edu#6219700&PrivNet=sdfmilan114.sdf.slac.stanford.edu&addrs=172.24.48.186-33679&alias=sdfmilan114.sdf.slac.stanford.edu>
	SlotName: slot_abrought_14493_1_4@sdfmilan114.sdf.slac.stanford.edu
...
006 (1971664.000.000) 2023-12-14 02:25:42 Image size of job updated: 314624
	104  -  MemoryUsage of job (MB)
	106092  -  ResidentSetSize of job (KB)
...
006 (1971664.000.000) 2023-12-14 02:26:26 Image size of job updated: 2261996
	664  -  MemoryUsage of job (MB)
	679340  -  ResidentSetSize of job (KB)
...
040 (1971664.000.000) 2023-12-14 02:26:26 Started transferring output files
...
040 (1971664.000.000) 2023-12-14 02:26:26 Finished transferring output files
...
005 (1971664.000.000) 2023-12-14 02:26:27 Job terminated.
	(1) Normal termination (return value 0)
		Usr 0 00:00:20, Sys 0 00:00:02  -  Run Remote Usage
		Usr 0 00:00:00, Sys 0 00:00:00  -  Run Local Usage
		Usr 0 00:00:20, Sys 0 00:00:02  -  Total Remote Usage
		Usr 0 00:00:00, Sys 0 00:00:00  -  Total Local Usage
	19073  -  Run Bytes Sent By Job
	0  -  Run Bytes Received By Job
	19073  -  Total Bytes Sent By Job
	0  -  Total Bytes Received By Job
	Partitionable Resources :    Usage  Request Allocated 
	   Cpus                 :                 1         1 
	   Disk (KB)            :       91        2    312193 
	   Memory (MB)          :      664     2048      2048 

	Job terminated of its own accord at 2023-12-14T10:26:26Z with exit-code 0.
...
