000 (1969838.000.000) 2023-12-14 02:17:12 Job submitted from host: <172.24.33.226:11547?addrs=172.24.33.226-11547&alias=sdfrome002.sdf.slac.stanford.edu>
    DAG Node: f3d945ce-c99b-4a74-86fb-30bf5467e49e_ptcIsr_2023111100832_23
...
040 (1969838.000.000) 2023-12-14 02:20:11 Finished transferring input files
...
001 (1969838.000.000) 2023-12-14 02:20:11 Job executing on host: <172.24.33.124:39661?CCBID=172.24.33.225:9618%3faddrs%3d172.24.33.225-9618%26alias%3dsdfrome001.sdf.slac.stanford.edu#6220018&PrivNet=sdfrome059.sdf.slac.stanford.edu&addrs=172.24.33.124-39661&alias=sdfrome059.sdf.slac.stanford.edu>
	SlotName: slot_abrought_25802_1_9@sdfrome059.sdf.slac.stanford.edu
...
006 (1969838.000.000) 2023-12-14 02:20:19 Image size of job updated: 69764
	15  -  MemoryUsage of job (MB)
	14672  -  ResidentSetSize of job (KB)
...
006 (1969838.000.000) 2023-12-14 02:21:17 Image size of job updated: 2059912
	15  -  MemoryUsage of job (MB)
	14672  -  ResidentSetSize of job (KB)
...
040 (1969838.000.000) 2023-12-14 02:21:17 Started transferring output files
...
040 (1969838.000.000) 2023-12-14 02:21:17 Finished transferring output files
...
005 (1969838.000.000) 2023-12-14 02:21:18 Job terminated.
	(1) Normal termination (return value 0)
		Usr 0 00:00:24, Sys 0 00:00:14  -  Run Remote Usage
		Usr 0 00:00:00, Sys 0 00:00:00  -  Run Local Usage
		Usr 0 00:00:24, Sys 0 00:00:14  -  Total Remote Usage
		Usr 0 00:00:00, Sys 0 00:00:00  -  Total Local Usage
	18801  -  Run Bytes Sent By Job
	0  -  Run Bytes Received By Job
	18801  -  Total Bytes Sent By Job
	0  -  Total Bytes Received By Job
	Partitionable Resources :    Usage  Request Allocated 
	   Cpus                 :                 1         1 
	   Disk (KB)            :       90        2    312194 
	   Memory (MB)          :       15     2048      2048 

	Job terminated of its own accord at 2023-12-14T10:21:17Z with exit-code 0.
...
