000 (1969575.000.000) 2023-12-14 02:17:11 Job submitted from host: <172.24.33.226:11547?addrs=172.24.33.226-11547&alias=sdfrome002.sdf.slac.stanford.edu>
    DAG Node: 6f325553-47db-4ad3-a1c8-2771f7e8017d_ptcIsr_2023111300720_23
...
040 (1969575.000.000) 2023-12-14 02:18:40 Finished transferring input files
...
001 (1969575.000.000) 2023-12-14 02:18:40 Job executing on host: <172.24.48.186:33679?CCBID=172.24.33.225:9618%3faddrs%3d172.24.33.225-9618%26alias%3dsdfrome001.sdf.slac.stanford.edu#6219700&PrivNet=sdfmilan114.sdf.slac.stanford.edu&addrs=172.24.48.186-33679&alias=sdfmilan114.sdf.slac.stanford.edu>
	SlotName: slot_abrought_14493_1_6@sdfmilan114.sdf.slac.stanford.edu
...
006 (1969575.000.000) 2023-12-14 02:18:49 Image size of job updated: 280744
	74  -  MemoryUsage of job (MB)
	74924  -  ResidentSetSize of job (KB)
...
006 (1969575.000.000) 2023-12-14 02:19:30 Image size of job updated: 1834656
	674  -  MemoryUsage of job (MB)
	689852  -  ResidentSetSize of job (KB)
...
040 (1969575.000.000) 2023-12-14 02:19:31 Started transferring output files
...
040 (1969575.000.000) 2023-12-14 02:19:31 Finished transferring output files
...
005 (1969575.000.000) 2023-12-14 02:19:31 Job terminated.
	(1) Normal termination (return value 0)
		Usr 0 00:00:21, Sys 0 00:00:03  -  Run Remote Usage
		Usr 0 00:00:00, Sys 0 00:00:00  -  Run Local Usage
		Usr 0 00:00:21, Sys 0 00:00:03  -  Total Remote Usage
		Usr 0 00:00:00, Sys 0 00:00:00  -  Total Local Usage
	18532  -  Run Bytes Sent By Job
	0  -  Run Bytes Received By Job
	18532  -  Total Bytes Sent By Job
	0  -  Total Bytes Received By Job
	Partitionable Resources :    Usage  Request Allocated 
	   Cpus                 :                 1         1 
	   Disk (KB)            :       90        2    312193 
	   Memory (MB)          :      674     2048      2048 

	Job terminated of its own accord at 2023-12-14T10:19:30Z with exit-code 0.
...
