000 (1969381.000.000) 2023-12-14 02:17:07 Job submitted from host: <172.24.33.226:11547?addrs=172.24.33.226-11547&alias=sdfrome002.sdf.slac.stanford.edu>
    DAG Node: eac706c8-dd2c-4473-a3a7-1115fe2f54c5_ptcIsr_2023111200303_23
...
040 (1969381.000.000) 2023-12-14 02:17:09 Finished transferring input files
...
001 (1969381.000.000) 2023-12-14 02:17:09 Job executing on host: <172.24.33.147:42953?CCBID=172.24.33.225:9618%3faddrs%3d172.24.33.225-9618%26alias%3dsdfrome001.sdf.slac.stanford.edu#6219703&PrivNet=sdfrome082.sdf.slac.stanford.edu&addrs=172.24.33.147-42953&alias=sdfrome082.sdf.slac.stanford.edu>
	SlotName: slot_abrought_48_1_11@sdfrome082.sdf.slac.stanford.edu
...
006 (1969381.000.000) 2023-12-14 02:17:18 Image size of job updated: 280756
	74  -  MemoryUsage of job (MB)
	75148  -  ResidentSetSize of job (KB)
...
006 (1969381.000.000) 2023-12-14 02:18:00 Image size of job updated: 2176312
	669  -  MemoryUsage of job (MB)
	684516  -  ResidentSetSize of job (KB)
...
040 (1969381.000.000) 2023-12-14 02:18:00 Started transferring output files
...
040 (1969381.000.000) 2023-12-14 02:18:00 Finished transferring output files
...
005 (1969381.000.000) 2023-12-14 02:18:01 Job terminated.
	(1) Normal termination (return value 0)
		Usr 0 00:00:23, Sys 0 00:00:04  -  Run Remote Usage
		Usr 0 00:00:00, Sys 0 00:00:00  -  Run Local Usage
		Usr 0 00:00:23, Sys 0 00:00:04  -  Total Remote Usage
		Usr 0 00:00:00, Sys 0 00:00:00  -  Total Local Usage
	19075  -  Run Bytes Sent By Job
	0  -  Run Bytes Received By Job
	19075  -  Total Bytes Sent By Job
	0  -  Total Bytes Received By Job
	Partitionable Resources :    Usage  Request Allocated 
	   Cpus                 :                 1         1 
	   Disk (KB)            :       90        2    312116 
	   Memory (MB)          :      669     2048      2048 

	Job terminated of its own accord at 2023-12-14T10:18:00Z with exit-code 0.
...
