000 (1971491.000.000) 2023-12-14 02:17:32 Job submitted from host: <172.24.33.226:11547?addrs=172.24.33.226-11547&alias=sdfrome002.sdf.slac.stanford.edu>
    DAG Node: a8f85598-f286-4a03-9d43-50c5c2315448_ptcIsr_2023111200737_23
...
040 (1971491.000.000) 2023-12-14 02:25:18 Finished transferring input files
...
001 (1971491.000.000) 2023-12-14 02:25:18 Job executing on host: <172.24.33.213:41467?CCBID=172.24.33.225:9618%3faddrs%3d172.24.33.225-9618%26alias%3dsdfrome001.sdf.slac.stanford.edu#6220037&PrivNet=sdfrome022.sdf.slac.stanford.edu&addrs=172.24.33.213-41467&alias=sdfrome022.sdf.slac.stanford.edu>
	SlotName: slot_abrought_435_1_19@sdfrome022.sdf.slac.stanford.edu
...
006 (1971491.000.000) 2023-12-14 02:25:26 Image size of job updated: 285916
	79  -  MemoryUsage of job (MB)
	80388  -  ResidentSetSize of job (KB)
...
006 (1971491.000.000) 2023-12-14 02:26:06 Image size of job updated: 2127256
	631  -  MemoryUsage of job (MB)
	645572  -  ResidentSetSize of job (KB)
...
040 (1971491.000.000) 2023-12-14 02:26:06 Started transferring output files
...
040 (1971491.000.000) 2023-12-14 02:26:06 Finished transferring output files
...
005 (1971491.000.000) 2023-12-14 02:26:06 Job terminated.
	(1) Normal termination (return value 0)
		Usr 0 00:00:20, Sys 0 00:00:03  -  Run Remote Usage
		Usr 0 00:00:00, Sys 0 00:00:00  -  Run Local Usage
		Usr 0 00:00:20, Sys 0 00:00:03  -  Total Remote Usage
		Usr 0 00:00:00, Sys 0 00:00:00  -  Total Local Usage
	19074  -  Run Bytes Sent By Job
	0  -  Run Bytes Received By Job
	19074  -  Total Bytes Sent By Job
	0  -  Total Bytes Received By Job
	Partitionable Resources :    Usage  Request Allocated 
	   Cpus                 :                 1         1 
	   Disk (KB)            :       91        2    312194 
	   Memory (MB)          :      631     2048      2048 

	Job terminated of its own accord at 2023-12-14T10:26:05Z with exit-code 0.
...
