000 (1970520.000.000) 2023-12-14 02:17:23 Job submitted from host: <172.24.33.226:11547?addrs=172.24.33.226-11547&alias=sdfrome002.sdf.slac.stanford.edu>
    DAG Node: a6c0a8a8-8489-4d12-9b69-f903fff5118e_ptcIsr_2023111201913_23
...
040 (1970520.000.000) 2023-12-14 02:22:13 Finished transferring input files
...
001 (1970520.000.000) 2023-12-14 02:22:14 Job executing on host: <172.24.33.143:37205?CCBID=172.24.33.225:9618%3faddrs%3d172.24.33.225-9618%26alias%3dsdfrome001.sdf.slac.stanford.edu#6220499&PrivNet=sdfrome078.sdf.slac.stanford.edu&addrs=172.24.33.143-37205&alias=sdfrome078.sdf.slac.stanford.edu>
	SlotName: slot_abrought_7348_1_12@sdfrome078.sdf.slac.stanford.edu
...
006 (1970520.000.000) 2023-12-14 02:22:23 Image size of job updated: 341724
	128  -  MemoryUsage of job (MB)
	130424  -  ResidentSetSize of job (KB)
...
006 (1970520.000.000) 2023-12-14 02:23:03 Image size of job updated: 2059380
	657  -  MemoryUsage of job (MB)
	672592  -  ResidentSetSize of job (KB)
...
040 (1970520.000.000) 2023-12-14 02:23:03 Started transferring output files
...
040 (1970520.000.000) 2023-12-14 02:23:03 Finished transferring output files
...
005 (1970520.000.000) 2023-12-14 02:23:03 Job terminated.
	(1) Normal termination (return value 0)
		Usr 0 00:00:25, Sys 0 00:00:03  -  Run Remote Usage
		Usr 0 00:00:00, Sys 0 00:00:00  -  Run Local Usage
		Usr 0 00:00:25, Sys 0 00:00:03  -  Total Remote Usage
		Usr 0 00:00:00, Sys 0 00:00:00  -  Total Local Usage
	18533  -  Run Bytes Sent By Job
	0  -  Run Bytes Received By Job
	18533  -  Total Bytes Sent By Job
	0  -  Total Bytes Received By Job
	Partitionable Resources :    Usage  Request Allocated 
	   Cpus                 :                 1         1 
	   Disk (KB)            :       90        2    312194 
	   Memory (MB)          :      657     2048      2048 

	Job terminated of its own accord at 2023-12-14T10:23:03Z with exit-code 0.
...
