000 (1971558.000.000) 2023-12-14 02:17:35 Job submitted from host: <172.24.33.226:11547?addrs=172.24.33.226-11547&alias=sdfrome002.sdf.slac.stanford.edu>
    DAG Node: 5374fc24-0820-439a-b0a5-7d8380e53f8a_ptcIsr_2023111202061_23
...
040 (1971558.000.000) 2023-12-14 02:25:22 Finished transferring input files
...
001 (1971558.000.000) 2023-12-14 02:25:22 Job executing on host: <172.24.33.124:39697?CCBID=172.24.33.225:9618%3faddrs%3d172.24.33.225-9618%26alias%3dsdfrome001.sdf.slac.stanford.edu#6220015&PrivNet=sdfrome059.sdf.slac.stanford.edu&addrs=172.24.33.124-39697&alias=sdfrome059.sdf.slac.stanford.edu>
	SlotName: slot_abrought_7836_1_23@sdfrome059.sdf.slac.stanford.edu
...
006 (1971558.000.000) 2023-12-14 02:25:30 Image size of job updated: 293496
	86  -  MemoryUsage of job (MB)
	87392  -  ResidentSetSize of job (KB)
...
006 (1971558.000.000) 2023-12-14 02:26:11 Image size of job updated: 2389124
	655  -  MemoryUsage of job (MB)
	670568  -  ResidentSetSize of job (KB)
...
040 (1971558.000.000) 2023-12-14 02:26:11 Started transferring output files
...
040 (1971558.000.000) 2023-12-14 02:26:11 Finished transferring output files
...
005 (1971558.000.000) 2023-12-14 02:26:11 Job terminated.
	(1) Normal termination (return value 0)
		Usr 0 00:00:22, Sys 0 00:00:04  -  Run Remote Usage
		Usr 0 00:00:00, Sys 0 00:00:00  -  Run Local Usage
		Usr 0 00:00:22, Sys 0 00:00:04  -  Total Remote Usage
		Usr 0 00:00:00, Sys 0 00:00:00  -  Total Local Usage
	19074  -  Run Bytes Sent By Job
	0  -  Run Bytes Received By Job
	19074  -  Total Bytes Sent By Job
	0  -  Total Bytes Received By Job
	Partitionable Resources :    Usage  Request Allocated 
	   Cpus                 :                 1         1 
	   Disk (KB)            :       91        2    312194 
	   Memory (MB)          :      655     2048      2048 

	Job terminated of its own accord at 2023-12-14T10:26:11Z with exit-code 0.
...
