000 (1973451.000.000) 2023-12-14 02:17:58 Job submitted from host: <172.24.33.226:11547?addrs=172.24.33.226-11547&alias=sdfrome002.sdf.slac.stanford.edu>
    DAG Node: d3a4324f-453b-4907-a15a-f48f58828f7f_ptcIsr_2023111202903_23
...
040 (1973451.000.000) 2023-12-14 02:30:43 Finished transferring input files
...
001 (1973451.000.000) 2023-12-14 02:30:44 Job executing on host: <172.24.48.149:38613?CCBID=172.24.33.225:9618%3faddrs%3d172.24.33.225-9618%26alias%3dsdfrome001.sdf.slac.stanford.edu#6219698&PrivNet=sdfmilan049.sdf.slac.stanford.edu&addrs=172.24.48.149-38613&alias=sdfmilan049.sdf.slac.stanford.edu>
	SlotName: slot_abrought_1727_1_8@sdfmilan049.sdf.slac.stanford.edu
...
006 (1973451.000.000) 2023-12-14 02:30:52 Image size of job updated: 292228
	84  -  MemoryUsage of job (MB)
	85928  -  ResidentSetSize of job (KB)
...
006 (1973451.000.000) 2023-12-14 02:31:45 Image size of job updated: 2105312
	1328  -  MemoryUsage of job (MB)
	1359604  -  ResidentSetSize of job (KB)
...
040 (1973451.000.000) 2023-12-14 02:31:45 Started transferring output files
...
040 (1973451.000.000) 2023-12-14 02:31:45 Finished transferring output files
...
005 (1973451.000.000) 2023-12-14 02:31:45 Job terminated.
	(1) Normal termination (return value 0)
		Usr 0 00:00:16, Sys 0 00:00:01  -  Run Remote Usage
		Usr 0 00:00:00, Sys 0 00:00:00  -  Run Local Usage
		Usr 0 00:00:16, Sys 0 00:00:01  -  Total Remote Usage
		Usr 0 00:00:00, Sys 0 00:00:00  -  Total Local Usage
	18804  -  Run Bytes Sent By Job
	0  -  Run Bytes Received By Job
	18804  -  Total Bytes Sent By Job
	0  -  Total Bytes Received By Job
	Partitionable Resources :    Usage  Request Allocated 
	   Cpus                 :     0.98        1         1 
	   Disk (KB)            :    97           2    312194 
	   Memory (MB)          :  1328        2048      2048 

	Job terminated of its own accord at 2023-12-14T10:31:45Z with exit-code 0.
...
