000 (1969420.000.000) 2023-12-14 02:17:08 Job submitted from host: <172.24.33.226:11547?addrs=172.24.33.226-11547&alias=sdfrome002.sdf.slac.stanford.edu>
    DAG Node: 2ddfaedf-67a0-4163-bacf-a3f9ec0095d5_ptcIsr_2023111200027_23
...
040 (1969420.000.000) 2023-12-14 02:17:10 Finished transferring input files
...
001 (1969420.000.000) 2023-12-14 02:17:10 Job executing on host: <172.24.48.185:41489?CCBID=172.24.33.225:9618%3faddrs%3d172.24.33.225-9618%26alias%3dsdfrome001.sdf.slac.stanford.edu#6219699&PrivNet=sdfmilan113.sdf.slac.stanford.edu&addrs=172.24.48.185-41489&alias=sdfmilan113.sdf.slac.stanford.edu>
	SlotName: slot_abrought_18623_1_17@sdfmilan113.sdf.slac.stanford.edu
...
006 (1969420.000.000) 2023-12-14 02:17:19 Image size of job updated: 27480
	11  -  MemoryUsage of job (MB)
	11112  -  ResidentSetSize of job (KB)
...
006 (1969420.000.000) 2023-12-14 02:18:19 Image size of job updated: 2123692
	651  -  MemoryUsage of job (MB)
	666184  -  ResidentSetSize of job (KB)
...
040 (1969420.000.000) 2023-12-14 02:18:19 Started transferring output files
...
040 (1969420.000.000) 2023-12-14 02:18:19 Finished transferring output files
...
005 (1969420.000.000) 2023-12-14 02:18:19 Job terminated.
	(1) Normal termination (return value 0)
		Usr 0 00:00:23, Sys 0 00:00:03  -  Run Remote Usage
		Usr 0 00:00:00, Sys 0 00:00:00  -  Run Local Usage
		Usr 0 00:00:23, Sys 0 00:00:03  -  Total Remote Usage
		Usr 0 00:00:00, Sys 0 00:00:00  -  Total Local Usage
	18532  -  Run Bytes Sent By Job
	0  -  Run Bytes Received By Job
	18532  -  Total Bytes Sent By Job
	0  -  Total Bytes Received By Job
	Partitionable Resources :    Usage  Request Allocated 
	   Cpus                 :                 1         1 
	   Disk (KB)            :       90        2    312194 
	   Memory (MB)          :      651     2048      2048 

	Job terminated of its own accord at 2023-12-14T10:18:19Z with exit-code 0.
...
