000 (1972734.000.000) 2023-12-14 02:17:48 Job submitted from host: <172.24.33.226:11547?addrs=172.24.33.226-11547&alias=sdfrome002.sdf.slac.stanford.edu>
    DAG Node: 8eb54419-f39f-49fd-80ca-cb8e1fccee6d_ptcIsr_2023111300980_23
...
040 (1972734.000.000) 2023-12-14 02:28:52 Finished transferring input files
...
001 (1972734.000.000) 2023-12-14 02:28:53 Job executing on host: <172.24.33.213:33037?CCBID=172.24.33.225:9618%3faddrs%3d172.24.33.225-9618%26alias%3dsdfrome001.sdf.slac.stanford.edu#6220039&PrivNet=sdfrome022.sdf.slac.stanford.edu&addrs=172.24.33.213-33037&alias=sdfrome022.sdf.slac.stanford.edu>
	SlotName: slot_abrought_15721_1_1@sdfrome022.sdf.slac.stanford.edu
...
006 (1972734.000.000) 2023-12-14 02:29:01 Image size of job updated: 289616
	82  -  MemoryUsage of job (MB)
	83660  -  ResidentSetSize of job (KB)
...
006 (1972734.000.000) 2023-12-14 02:30:00 Image size of job updated: 2131284
	82  -  MemoryUsage of job (MB)
	83660  -  ResidentSetSize of job (KB)
...
040 (1972734.000.000) 2023-12-14 02:30:00 Started transferring output files
...
040 (1972734.000.000) 2023-12-14 02:30:00 Finished transferring output files
...
005 (1972734.000.000) 2023-12-14 02:30:00 Job terminated.
	(1) Normal termination (return value 0)
		Usr 0 00:00:22, Sys 0 00:00:03  -  Run Remote Usage
		Usr 0 00:00:00, Sys 0 00:00:00  -  Run Local Usage
		Usr 0 00:00:22, Sys 0 00:00:03  -  Total Remote Usage
		Usr 0 00:00:00, Sys 0 00:00:00  -  Total Local Usage
	18800  -  Run Bytes Sent By Job
	0  -  Run Bytes Received By Job
	18800  -  Total Bytes Sent By Job
	0  -  Total Bytes Received By Job
	Partitionable Resources :    Usage  Request Allocated 
	   Cpus                 :     0.08        1         1 
	   Disk (KB)            :    97           2    312194 
	   Memory (MB)          :    82        2048      2048 

	Job terminated of its own accord at 2023-12-14T10:30:00Z with exit-code 0.
...
