000 (1973334.000.000) 2023-12-14 02:17:55 Job submitted from host: <172.24.33.226:11547?addrs=172.24.33.226-11547&alias=sdfrome002.sdf.slac.stanford.edu>
    DAG Node: af401ce0-03b0-4a40-b43c-a93ac3bac4ee_ptcIsr_2023111101459_23
...
040 (1973334.000.000) 2023-12-14 02:30:25 Finished transferring input files
...
001 (1973334.000.000) 2023-12-14 02:30:25 Job executing on host: <172.24.33.213:33037?CCBID=172.24.33.225:9618%3faddrs%3d172.24.33.225-9618%26alias%3dsdfrome001.sdf.slac.stanford.edu#6220039&PrivNet=sdfrome022.sdf.slac.stanford.edu&addrs=172.24.33.213-33037&alias=sdfrome022.sdf.slac.stanford.edu>
	SlotName: slot_abrought_15721_1_7@sdfrome022.sdf.slac.stanford.edu
...
006 (1973334.000.000) 2023-12-14 02:30:33 Image size of job updated: 264680
	59  -  MemoryUsage of job (MB)
	60012  -  ResidentSetSize of job (KB)
...
006 (1973334.000.000) 2023-12-14 02:31:31 Image size of job updated: 2119608
	1321  -  MemoryUsage of job (MB)
	1352260  -  ResidentSetSize of job (KB)
...
040 (1973334.000.000) 2023-12-14 02:31:31 Started transferring output files
...
040 (1973334.000.000) 2023-12-14 02:31:31 Finished transferring output files
...
005 (1973334.000.000) 2023-12-14 02:31:31 Job terminated.
	(1) Normal termination (return value 0)
		Usr 0 00:00:18, Sys 0 00:00:02  -  Run Remote Usage
		Usr 0 00:00:00, Sys 0 00:00:00  -  Run Local Usage
		Usr 0 00:00:18, Sys 0 00:00:02  -  Total Remote Usage
		Usr 0 00:00:00, Sys 0 00:00:00  -  Total Local Usage
	19073  -  Run Bytes Sent By Job
	0  -  Run Bytes Received By Job
	19073  -  Total Bytes Sent By Job
	0  -  Total Bytes Received By Job
	Partitionable Resources :    Usage  Request Allocated 
	   Cpus                 :                 1         1 
	   Disk (KB)            :       91        2    312194 
	   Memory (MB)          :     1321     2048      2048 

	Job terminated of its own accord at 2023-12-14T10:31:31Z with exit-code 0.
...
