000 (1971005.000.000) 2023-12-14 02:17:29 Job submitted from host: <172.24.33.226:11547?addrs=172.24.33.226-11547&alias=sdfrome002.sdf.slac.stanford.edu>
    DAG Node: e386cff3-bea3-471c-9ea5-d5c77a6da9ef_ptcIsr_2023111202291_23
...
040 (1971005.000.000) 2023-12-14 02:23:47 Finished transferring input files
...
001 (1971005.000.000) 2023-12-14 02:23:47 Job executing on host: <172.24.33.147:42953?CCBID=172.24.33.225:9618%3faddrs%3d172.24.33.225-9618%26alias%3dsdfrome001.sdf.slac.stanford.edu#6219703&PrivNet=sdfrome082.sdf.slac.stanford.edu&addrs=172.24.33.147-42953&alias=sdfrome082.sdf.slac.stanford.edu>
	SlotName: slot_abrought_48_1_10@sdfrome082.sdf.slac.stanford.edu
...
006 (1971005.000.000) 2023-12-14 02:23:55 Image size of job updated: 281156
	74  -  MemoryUsage of job (MB)
	75204  -  ResidentSetSize of job (KB)
...
006 (1971005.000.000) 2023-12-14 02:24:41 Image size of job updated: 2175336
	627  -  MemoryUsage of job (MB)
	641972  -  ResidentSetSize of job (KB)
...
040 (1971005.000.000) 2023-12-14 02:24:41 Started transferring output files
...
040 (1971005.000.000) 2023-12-14 02:24:41 Finished transferring output files
...
005 (1971005.000.000) 2023-12-14 02:24:41 Job terminated.
	(1) Normal termination (return value 0)
		Usr 0 00:00:21, Sys 0 00:00:03  -  Run Remote Usage
		Usr 0 00:00:00, Sys 0 00:00:00  -  Run Local Usage
		Usr 0 00:00:21, Sys 0 00:00:03  -  Total Remote Usage
		Usr 0 00:00:00, Sys 0 00:00:00  -  Total Local Usage
	19075  -  Run Bytes Sent By Job
	0  -  Run Bytes Received By Job
	19075  -  Total Bytes Sent By Job
	0  -  Total Bytes Received By Job
	Partitionable Resources :    Usage  Request Allocated 
	   Cpus                 :                 1         1 
	   Disk (KB)            :       91        2    312116 
	   Memory (MB)          :      627     2048      2048 

	Job terminated of its own accord at 2023-12-14T10:24:41Z with exit-code 0.
...
