000 (1971424.000.000) 2023-12-14 02:17:31 Job submitted from host: <172.24.33.226:11547?addrs=172.24.33.226-11547&alias=sdfrome002.sdf.slac.stanford.edu>
    DAG Node: 92b1fe28-086d-4271-b946-e67f8d7b4fdd_ptcIsr_2023111101089_23
...
040 (1971424.000.000) 2023-12-14 02:25:02 Finished transferring input files
...
001 (1971424.000.000) 2023-12-14 02:25:02 Job executing on host: <172.24.33.143:37205?CCBID=172.24.33.225:9618%3faddrs%3d172.24.33.225-9618%26alias%3dsdfrome001.sdf.slac.stanford.edu#6220499&PrivNet=sdfrome078.sdf.slac.stanford.edu&addrs=172.24.33.143-37205&alias=sdfrome078.sdf.slac.stanford.edu>
	SlotName: slot_abrought_7348_1_4@sdfrome078.sdf.slac.stanford.edu
...
006 (1971424.000.000) 2023-12-14 02:25:11 Image size of job updated: 288648
	81  -  MemoryUsage of job (MB)
	82352  -  ResidentSetSize of job (KB)
...
006 (1971424.000.000) 2023-12-14 02:26:13 Image size of job updated: 2172284
	1377  -  MemoryUsage of job (MB)
	1409756  -  ResidentSetSize of job (KB)
...
040 (1971424.000.000) 2023-12-14 02:26:13 Started transferring output files
...
040 (1971424.000.000) 2023-12-14 02:26:13 Finished transferring output files
...
005 (1971424.000.000) 2023-12-14 02:26:13 Job terminated.
	(1) Normal termination (return value 0)
		Usr 0 00:00:21, Sys 0 00:00:02  -  Run Remote Usage
		Usr 0 00:00:00, Sys 0 00:00:00  -  Run Local Usage
		Usr 0 00:00:21, Sys 0 00:00:02  -  Total Remote Usage
		Usr 0 00:00:00, Sys 0 00:00:00  -  Total Local Usage
	19075  -  Run Bytes Sent By Job
	0  -  Run Bytes Received By Job
	19075  -  Total Bytes Sent By Job
	0  -  Total Bytes Received By Job
	Partitionable Resources :    Usage  Request Allocated 
	   Cpus                 :     0.56        1         1 
	   Disk (KB)            :    97           2    312194 
	   Memory (MB)          :  1377        2048      2048 

	Job terminated of its own accord at 2023-12-14T10:26:13Z with exit-code 0.
...
