000 (1972310.000.000) 2023-12-14 02:17:43 Job submitted from host: <172.24.33.226:11547?addrs=172.24.33.226-11547&alias=sdfrome002.sdf.slac.stanford.edu>
    DAG Node: c5c14ee3-fad3-45a8-8c4c-fafdf27c206f_ptcIsr_2023111301029_23
...
040 (1972310.000.000) 2023-12-14 02:27:30 Finished transferring input files
...
001 (1972310.000.000) 2023-12-14 02:27:30 Job executing on host: <172.24.33.143:42517?CCBID=172.24.33.225:9618%3faddrs%3d172.24.33.225-9618%26alias%3dsdfrome001.sdf.slac.stanford.edu#6220496&PrivNet=sdfrome078.sdf.slac.stanford.edu&addrs=172.24.33.143-42517&alias=sdfrome078.sdf.slac.stanford.edu>
	SlotName: slot_abrought_19079_1_21@sdfrome078.sdf.slac.stanford.edu
...
006 (1972310.000.000) 2023-12-14 02:27:39 Image size of job updated: 406144
	168  -  MemoryUsage of job (MB)
	171764  -  ResidentSetSize of job (KB)
...
006 (1972310.000.000) 2023-12-14 02:28:12 Image size of job updated: 2193548
	168  -  MemoryUsage of job (MB)
	171764  -  ResidentSetSize of job (KB)
...
040 (1972310.000.000) 2023-12-14 02:28:13 Started transferring output files
...
040 (1972310.000.000) 2023-12-14 02:28:13 Finished transferring output files
...
005 (1972310.000.000) 2023-12-14 02:28:13 Job terminated.
	(1) Normal termination (return value 0)
		Usr 0 00:00:26, Sys 0 00:00:04  -  Run Remote Usage
		Usr 0 00:00:00, Sys 0 00:00:00  -  Run Local Usage
		Usr 0 00:00:26, Sys 0 00:00:04  -  Total Remote Usage
		Usr 0 00:00:00, Sys 0 00:00:00  -  Total Local Usage
	18801  -  Run Bytes Sent By Job
	0  -  Run Bytes Received By Job
	18801  -  Total Bytes Sent By Job
	0  -  Total Bytes Received By Job
	Partitionable Resources :    Usage  Request Allocated 
	   Cpus                 :                 1         1 
	   Disk (KB)            :       90        2    312194 
	   Memory (MB)          :      168     2048      2048 

	Job terminated of its own accord at 2023-12-14T10:28:12Z with exit-code 0.
...
