000 (1970835.000.000) 2023-12-14 02:17:25 Job submitted from host: <172.24.33.226:11547?addrs=172.24.33.226-11547&alias=sdfrome002.sdf.slac.stanford.edu>
    DAG Node: dc1b0697-d735-4fa1-bdd8-1ecf389db512_ptcIsr_2023111101090_23
...
040 (1970835.000.000) 2023-12-14 02:23:11 Finished transferring input files
...
001 (1970835.000.000) 2023-12-14 02:23:11 Job executing on host: <172.24.33.213:43829?CCBID=172.24.33.225:9618%3faddrs%3d172.24.33.225-9618%26alias%3dsdfrome001.sdf.slac.stanford.edu#6220038&PrivNet=sdfrome022.sdf.slac.stanford.edu&addrs=172.24.33.213-43829&alias=sdfrome022.sdf.slac.stanford.edu>
	SlotName: slot_abrought_31850_1_23@sdfrome022.sdf.slac.stanford.edu
...
006 (1970835.000.000) 2023-12-14 02:23:19 Image size of job updated: 351336
	137  -  MemoryUsage of job (MB)
	140008  -  ResidentSetSize of job (KB)
...
006 (1970835.000.000) 2023-12-14 02:24:04 Image size of job updated: 2188500
	137  -  MemoryUsage of job (MB)
	140008  -  ResidentSetSize of job (KB)
...
040 (1970835.000.000) 2023-12-14 02:24:04 Started transferring output files
...
040 (1970835.000.000) 2023-12-14 02:24:04 Finished transferring output files
...
005 (1970835.000.000) 2023-12-14 02:24:04 Job terminated.
	(1) Normal termination (return value 0)
		Usr 0 00:00:25, Sys 0 00:00:04  -  Run Remote Usage
		Usr 0 00:00:00, Sys 0 00:00:00  -  Run Local Usage
		Usr 0 00:00:25, Sys 0 00:00:04  -  Total Remote Usage
		Usr 0 00:00:00, Sys 0 00:00:00  -  Total Local Usage
	19073  -  Run Bytes Sent By Job
	0  -  Run Bytes Received By Job
	19073  -  Total Bytes Sent By Job
	0  -  Total Bytes Received By Job
	Partitionable Resources :    Usage  Request Allocated 
	   Cpus                 :                 1         1 
	   Disk (KB)            :       91        2    312194 
	   Memory (MB)          :      137     2048      2048 

	Job terminated of its own accord at 2023-12-14T10:24:04Z with exit-code 0.
...
