000 (1972838.000.000) 2023-12-14 02:17:49 Job submitted from host: <172.24.33.226:11547?addrs=172.24.33.226-11547&alias=sdfrome002.sdf.slac.stanford.edu>
    DAG Node: a12a7d84-5901-449c-8ef9-be4385a6a1c6_ptcIsr_2023111201022_23
...
040 (1972838.000.000) 2023-12-14 02:29:10 Finished transferring input files
...
001 (1972838.000.000) 2023-12-14 02:29:10 Job executing on host: <172.24.33.213:41467?CCBID=172.24.33.225:9618%3faddrs%3d172.24.33.225-9618%26alias%3dsdfrome001.sdf.slac.stanford.edu#6220037&PrivNet=sdfrome022.sdf.slac.stanford.edu&addrs=172.24.33.213-41467&alias=sdfrome022.sdf.slac.stanford.edu>
	SlotName: slot_abrought_435_1_5@sdfrome022.sdf.slac.stanford.edu
...
006 (1972838.000.000) 2023-12-14 02:29:19 Image size of job updated: 292284
	85  -  MemoryUsage of job (MB)
	86168  -  ResidentSetSize of job (KB)
...
006 (1972838.000.000) 2023-12-14 02:30:03 Image size of job updated: 2103096
	619  -  MemoryUsage of job (MB)
	633104  -  ResidentSetSize of job (KB)
...
040 (1972838.000.000) 2023-12-14 02:30:03 Started transferring output files
...
040 (1972838.000.000) 2023-12-14 02:30:03 Finished transferring output files
...
005 (1972838.000.000) 2023-12-14 02:30:03 Job terminated.
	(1) Normal termination (return value 0)
		Usr 0 00:00:22, Sys 0 00:00:03  -  Run Remote Usage
		Usr 0 00:00:00, Sys 0 00:00:00  -  Run Local Usage
		Usr 0 00:00:22, Sys 0 00:00:03  -  Total Remote Usage
		Usr 0 00:00:00, Sys 0 00:00:00  -  Total Local Usage
	18802  -  Run Bytes Sent By Job
	0  -  Run Bytes Received By Job
	18802  -  Total Bytes Sent By Job
	0  -  Total Bytes Received By Job
	Partitionable Resources :    Usage  Request Allocated 
	   Cpus                 :     0.22        1         1 
	   Disk (KB)            :    97           2    312194 
	   Memory (MB)          :   619        2048      2048 

	Job terminated of its own accord at 2023-12-14T10:30:03Z with exit-code 0.
...
