000 (1971782.000.000) 2023-12-14 02:17:37 Job submitted from host: <172.24.33.226:11547?addrs=172.24.33.226-11547&alias=sdfrome002.sdf.slac.stanford.edu>
    DAG Node: bbd423ed-5456-4caf-a218-e0f211ac3f16_ptcIsr_2023111200032_23
...
040 (1971782.000.000) 2023-12-14 02:25:58 Finished transferring input files
...
001 (1971782.000.000) 2023-12-14 02:25:58 Job executing on host: <172.24.48.186:33679?CCBID=172.24.33.225:9618%3faddrs%3d172.24.33.225-9618%26alias%3dsdfrome001.sdf.slac.stanford.edu#6219700&PrivNet=sdfmilan114.sdf.slac.stanford.edu&addrs=172.24.48.186-33679&alias=sdfmilan114.sdf.slac.stanford.edu>
	SlotName: slot_abrought_14493_1_9@sdfmilan114.sdf.slac.stanford.edu
...
006 (1971782.000.000) 2023-12-14 02:26:07 Image size of job updated: 328604
	115  -  MemoryUsage of job (MB)
	117532  -  ResidentSetSize of job (KB)
...
006 (1971782.000.000) 2023-12-14 02:26:48 Image size of job updated: 2131032
	651  -  MemoryUsage of job (MB)
	665792  -  ResidentSetSize of job (KB)
...
040 (1971782.000.000) 2023-12-14 02:26:48 Started transferring output files
...
040 (1971782.000.000) 2023-12-14 02:26:48 Finished transferring output files
...
005 (1971782.000.000) 2023-12-14 02:26:48 Job terminated.
	(1) Normal termination (return value 0)
		Usr 0 00:00:21, Sys 0 00:00:03  -  Run Remote Usage
		Usr 0 00:00:00, Sys 0 00:00:00  -  Run Local Usage
		Usr 0 00:00:21, Sys 0 00:00:03  -  Total Remote Usage
		Usr 0 00:00:00, Sys 0 00:00:00  -  Total Local Usage
	18804  -  Run Bytes Sent By Job
	0  -  Run Bytes Received By Job
	18804  -  Total Bytes Sent By Job
	0  -  Total Bytes Received By Job
	Partitionable Resources :    Usage  Request Allocated 
	   Cpus                 :     0.97        1         1 
	   Disk (KB)            :    97           2    312193 
	   Memory (MB)          :   651        2048      2048 

	Job terminated of its own accord at 2023-12-14T10:26:48Z with exit-code 0.
...
