000 (1970141.000.000) 2023-12-14 02:17:17 Job submitted from host: <172.24.33.226:11547?addrs=172.24.33.226-11547&alias=sdfrome002.sdf.slac.stanford.edu>
    DAG Node: 1315adc9-4e2e-4b89-a9ed-b85657148d5c_ptcIsr_2023111202415_23
...
040 (1970141.000.000) 2023-12-14 02:20:54 Finished transferring input files
...
001 (1970141.000.000) 2023-12-14 02:20:54 Job executing on host: <172.24.33.143:35625?CCBID=172.24.33.225:9618%3faddrs%3d172.24.33.225-9618%26alias%3dsdfrome001.sdf.slac.stanford.edu#6220497&PrivNet=sdfrome078.sdf.slac.stanford.edu&addrs=172.24.33.143-35625&alias=sdfrome078.sdf.slac.stanford.edu>
	SlotName: slot_abrought_7235_1_10@sdfrome078.sdf.slac.stanford.edu
...
006 (1970141.000.000) 2023-12-14 02:21:03 Image size of job updated: 25520
	8  -  MemoryUsage of job (MB)
	7488  -  ResidentSetSize of job (KB)
...
006 (1970141.000.000) 2023-12-14 02:25:35 Image size of job updated: 2154500
	608  -  MemoryUsage of job (MB)
	621792  -  ResidentSetSize of job (KB)
...
040 (1970141.000.000) 2023-12-14 02:25:36 Started transferring output files
...
040 (1970141.000.000) 2023-12-14 02:25:36 Finished transferring output files
...
005 (1970141.000.000) 2023-12-14 02:25:36 Job terminated.
	(1) Normal termination (return value 0)
		Usr 0 00:00:20, Sys 0 00:00:03  -  Run Remote Usage
		Usr 0 00:00:00, Sys 0 00:00:00  -  Run Local Usage
		Usr 0 00:00:20, Sys 0 00:00:03  -  Total Remote Usage
		Usr 0 00:00:00, Sys 0 00:00:00  -  Total Local Usage
	18534  -  Run Bytes Sent By Job
	0  -  Run Bytes Received By Job
	18534  -  Total Bytes Sent By Job
	0  -  Total Bytes Received By Job
	Partitionable Resources :    Usage  Request Allocated 
	   Cpus                 :                 1         1 
	   Disk (KB)            :       90        2    312194 
	   Memory (MB)          :      608     2048      2048 

	Job terminated of its own accord at 2023-12-14T10:25:35Z with exit-code 0.
...
