000 (1970445.000.000) 2023-12-14 02:17:19 Job submitted from host: <172.24.33.226:11547?addrs=172.24.33.226-11547&alias=sdfrome002.sdf.slac.stanford.edu>
    DAG Node: 51659793-88df-4239-9615-a05a610c68a2_ptcIsr_2023111200285_23
...
040 (1970445.000.000) 2023-12-14 02:21:55 Finished transferring input files
...
001 (1970445.000.000) 2023-12-14 02:21:55 Job executing on host: <172.24.33.143:42517?CCBID=172.24.33.225:9618%3faddrs%3d172.24.33.225-9618%26alias%3dsdfrome001.sdf.slac.stanford.edu#6220496&PrivNet=sdfrome078.sdf.slac.stanford.edu&addrs=172.24.33.143-42517&alias=sdfrome078.sdf.slac.stanford.edu>
	SlotName: slot_abrought_19079_1_11@sdfrome078.sdf.slac.stanford.edu
...
006 (1970445.000.000) 2023-12-14 02:22:04 Image size of job updated: 463436
	208  -  MemoryUsage of job (MB)
	212544  -  ResidentSetSize of job (KB)
...
006 (1970445.000.000) 2023-12-14 02:22:53 Image size of job updated: 2042472
	208  -  MemoryUsage of job (MB)
	212544  -  ResidentSetSize of job (KB)
...
040 (1970445.000.000) 2023-12-14 02:22:53 Started transferring output files
...
040 (1970445.000.000) 2023-12-14 02:22:53 Finished transferring output files
...
005 (1970445.000.000) 2023-12-14 02:22:53 Job terminated.
	(1) Normal termination (return value 0)
		Usr 0 00:00:30, Sys 0 00:00:08  -  Run Remote Usage
		Usr 0 00:00:00, Sys 0 00:00:00  -  Run Local Usage
		Usr 0 00:00:30, Sys 0 00:00:08  -  Total Remote Usage
		Usr 0 00:00:00, Sys 0 00:00:00  -  Total Local Usage
	18802  -  Run Bytes Sent By Job
	0  -  Run Bytes Received By Job
	18802  -  Total Bytes Sent By Job
	0  -  Total Bytes Received By Job
	Partitionable Resources :    Usage  Request Allocated 
	   Cpus                 :                 1         1 
	   Disk (KB)            :       90        2    312194 
	   Memory (MB)          :      208     2048      2048 

	Job terminated of its own accord at 2023-12-14T10:22:53Z with exit-code 0.
...
