000 (1969889.000.000) 2023-12-14 02:17:13 Job submitted from host: <172.24.33.226:11547?addrs=172.24.33.226-11547&alias=sdfrome002.sdf.slac.stanford.edu>
    DAG Node: 96fcc3f2-92dc-4759-9f91-64166daa7e1c_ptcIsr_2023111101716_23
...
040 (1969889.000.000) 2023-12-14 02:20:12 Finished transferring input files
...
001 (1969889.000.000) 2023-12-14 02:20:12 Job executing on host: <172.24.33.124:39697?CCBID=172.24.33.225:9618%3faddrs%3d172.24.33.225-9618%26alias%3dsdfrome001.sdf.slac.stanford.edu#6220015&PrivNet=sdfrome059.sdf.slac.stanford.edu&addrs=172.24.33.124-39697&alias=sdfrome059.sdf.slac.stanford.edu>
	SlotName: slot_abrought_7836_1_14@sdfrome059.sdf.slac.stanford.edu
...
006 (1969889.000.000) 2023-12-14 02:20:20 Image size of job updated: 69764
	9  -  MemoryUsage of job (MB)
	9040  -  ResidentSetSize of job (KB)
...
006 (1969889.000.000) 2023-12-14 02:21:14 Image size of job updated: 2068080
	9  -  MemoryUsage of job (MB)
	9040  -  ResidentSetSize of job (KB)
...
040 (1969889.000.000) 2023-12-14 02:21:14 Started transferring output files
...
040 (1969889.000.000) 2023-12-14 02:21:14 Finished transferring output files
...
005 (1969889.000.000) 2023-12-14 02:21:14 Job terminated.
	(1) Normal termination (return value 0)
		Usr 0 00:00:21, Sys 0 00:00:12  -  Run Remote Usage
		Usr 0 00:00:00, Sys 0 00:00:00  -  Run Local Usage
		Usr 0 00:00:21, Sys 0 00:00:12  -  Total Remote Usage
		Usr 0 00:00:00, Sys 0 00:00:00  -  Total Local Usage
	18802  -  Run Bytes Sent By Job
	0  -  Run Bytes Received By Job
	18802  -  Total Bytes Sent By Job
	0  -  Total Bytes Received By Job
	Partitionable Resources :    Usage  Request Allocated 
	   Cpus                 :                 1         1 
	   Disk (KB)            :       90        2    312194 
	   Memory (MB)          :        9     2048      2048 

	Job terminated of its own accord at 2023-12-14T10:21:14Z with exit-code 0.
...
