000 (1970725.000.000) 2023-12-14 02:17:24 Job submitted from host: <172.24.33.226:11547?addrs=172.24.33.226-11547&alias=sdfrome002.sdf.slac.stanford.edu>
    DAG Node: 556b80ff-7de9-46f2-b5c4-7e92cf7702fd_ptcIsr_2023111203260_23
...
040 (1970725.000.000) 2023-12-14 02:22:55 Finished transferring input files
...
001 (1970725.000.000) 2023-12-14 02:22:55 Job executing on host: <172.24.33.124:39661?CCBID=172.24.33.225:9618%3faddrs%3d172.24.33.225-9618%26alias%3dsdfrome001.sdf.slac.stanford.edu#6220018&PrivNet=sdfrome059.sdf.slac.stanford.edu&addrs=172.24.33.124-39661&alias=sdfrome059.sdf.slac.stanford.edu>
	SlotName: slot_abrought_25802_1_12@sdfrome059.sdf.slac.stanford.edu
...
006 (1970725.000.000) 2023-12-14 02:23:05 Image size of job updated: 321120
	111  -  MemoryUsage of job (MB)
	113344  -  ResidentSetSize of job (KB)
...
006 (1970725.000.000) 2023-12-14 02:23:40 Image size of job updated: 2094364
	111  -  MemoryUsage of job (MB)
	113344  -  ResidentSetSize of job (KB)
...
040 (1970725.000.000) 2023-12-14 02:23:40 Started transferring output files
...
040 (1970725.000.000) 2023-12-14 02:23:40 Finished transferring output files
...
005 (1970725.000.000) 2023-12-14 02:23:41 Job terminated.
	(1) Normal termination (return value 0)
		Usr 0 00:00:23, Sys 0 00:00:08  -  Run Remote Usage
		Usr 0 00:00:00, Sys 0 00:00:00  -  Run Local Usage
		Usr 0 00:00:23, Sys 0 00:00:08  -  Total Remote Usage
		Usr 0 00:00:00, Sys 0 00:00:00  -  Total Local Usage
	18804  -  Run Bytes Sent By Job
	0  -  Run Bytes Received By Job
	18804  -  Total Bytes Sent By Job
	0  -  Total Bytes Received By Job
	Partitionable Resources :    Usage  Request Allocated 
	   Cpus                 :                 1         1 
	   Disk (KB)            :       90        2    312194 
	   Memory (MB)          :      111     2048      2048 

	Job terminated of its own accord at 2023-12-14T10:23:40Z with exit-code 0.
...
