000 (1972023.000.000) 2023-12-14 02:17:40 Job submitted from host: <172.24.33.226:11547?addrs=172.24.33.226-11547&alias=sdfrome002.sdf.slac.stanford.edu>
    DAG Node: 7e74aa5c-42d3-4d65-8266-fa804a8219c6_ptcIsr_2023111201425_23
...
040 (1972023.000.000) 2023-12-14 02:26:42 Finished transferring input files
...
001 (1972023.000.000) 2023-12-14 02:26:42 Job executing on host: <172.24.48.193:46283?CCBID=172.24.33.225:9618%3faddrs%3d172.24.33.225-9618%26alias%3dsdfrome001.sdf.slac.stanford.edu#6219697&PrivNet=sdfmilan121.sdf.slac.stanford.edu&addrs=172.24.48.193-46283&alias=sdfmilan121.sdf.slac.stanford.edu>
	SlotName: slot_abrought_10210_1_4@sdfmilan121.sdf.slac.stanford.edu
...
006 (1972023.000.000) 2023-12-14 02:26:51 Image size of job updated: 318008
	107  -  MemoryUsage of job (MB)
	109188  -  ResidentSetSize of job (KB)
...
006 (1972023.000.000) 2023-12-14 02:27:39 Image size of job updated: 2054616
	622  -  MemoryUsage of job (MB)
	636028  -  ResidentSetSize of job (KB)
...
040 (1972023.000.000) 2023-12-14 02:27:39 Started transferring output files
...
040 (1972023.000.000) 2023-12-14 02:27:39 Finished transferring output files
...
005 (1972023.000.000) 2023-12-14 02:27:39 Job terminated.
	(1) Normal termination (return value 0)
		Usr 0 00:00:22, Sys 0 00:00:03  -  Run Remote Usage
		Usr 0 00:00:00, Sys 0 00:00:00  -  Run Local Usage
		Usr 0 00:00:22, Sys 0 00:00:03  -  Total Remote Usage
		Usr 0 00:00:00, Sys 0 00:00:00  -  Total Local Usage
	19073  -  Run Bytes Sent By Job
	0  -  Run Bytes Received By Job
	19073  -  Total Bytes Sent By Job
	0  -  Total Bytes Received By Job
	Partitionable Resources :    Usage  Request Allocated 
	   Cpus                 :                 1         1 
	   Disk (KB)            :       91        2    311595 
	   Memory (MB)          :      622     2048      2048 

	Job terminated of its own accord at 2023-12-14T10:27:39Z with exit-code 0.
...
