000 (1970147.000.000) 2023-12-14 02:17:17 Job submitted from host: <172.24.33.226:11547?addrs=172.24.33.226-11547&alias=sdfrome002.sdf.slac.stanford.edu>
    DAG Node: c32e87c6-19d0-45e7-a1ac-e5d6647a3a43_ptcIsr_2023111202117_23
...
040 (1970147.000.000) 2023-12-14 02:20:54 Finished transferring input files
...
001 (1970147.000.000) 2023-12-14 02:20:54 Job executing on host: <172.24.33.143:35625?CCBID=172.24.33.225:9618%3faddrs%3d172.24.33.225-9618%26alias%3dsdfrome001.sdf.slac.stanford.edu#6220497&PrivNet=sdfrome078.sdf.slac.stanford.edu&addrs=172.24.33.143-35625&alias=sdfrome078.sdf.slac.stanford.edu>
	SlotName: slot_abrought_7235_1_12@sdfrome078.sdf.slac.stanford.edu
...
006 (1970147.000.000) 2023-12-14 02:21:03 Image size of job updated: 69764
	1  -  MemoryUsage of job (MB)
	688  -  ResidentSetSize of job (KB)
...
006 (1970147.000.000) 2023-12-14 02:25:19 Image size of job updated: 2153896
	1  -  MemoryUsage of job (MB)
	688  -  ResidentSetSize of job (KB)
...
040 (1970147.000.000) 2023-12-14 02:25:20 Started transferring output files
...
040 (1970147.000.000) 2023-12-14 02:25:20 Finished transferring output files
...
005 (1970147.000.000) 2023-12-14 02:25:24 Job terminated.
	(1) Normal termination (return value 0)
		Usr 0 00:00:20, Sys 0 00:00:03  -  Run Remote Usage
		Usr 0 00:00:00, Sys 0 00:00:00  -  Run Local Usage
		Usr 0 00:00:20, Sys 0 00:00:03  -  Total Remote Usage
		Usr 0 00:00:00, Sys 0 00:00:00  -  Total Local Usage
	19074  -  Run Bytes Sent By Job
	0  -  Run Bytes Received By Job
	19074  -  Total Bytes Sent By Job
	0  -  Total Bytes Received By Job
	Partitionable Resources :    Usage  Request Allocated 
	   Cpus                 :                 1         1 
	   Disk (KB)            :       90        2    312194 
	   Memory (MB)          :        1     2048      2048 

	Job terminated of its own accord at 2023-12-14T10:25:19Z with exit-code 0.
...
