000 (1972969.000.000) 2023-12-14 02:17:50 Job submitted from host: <172.24.33.226:11547?addrs=172.24.33.226-11547&alias=sdfrome002.sdf.slac.stanford.edu>
    DAG Node: 80a6c745-765f-459d-82ff-41c7ec2e61a6_ptcIsr_2023111100906_23
...
040 (1972969.000.000) 2023-12-14 02:29:32 Finished transferring input files
...
001 (1972969.000.000) 2023-12-14 02:29:32 Job executing on host: <172.24.48.193:46283?CCBID=172.24.33.225:9618%3faddrs%3d172.24.33.225-9618%26alias%3dsdfrome001.sdf.slac.stanford.edu#6219697&PrivNet=sdfmilan121.sdf.slac.stanford.edu&addrs=172.24.48.193-46283&alias=sdfmilan121.sdf.slac.stanford.edu>
	SlotName: slot_abrought_10210_1_2@sdfmilan121.sdf.slac.stanford.edu
...
006 (1972969.000.000) 2023-12-14 02:29:40 Image size of job updated: 280760
	74  -  MemoryUsage of job (MB)
	75104  -  ResidentSetSize of job (KB)
...
006 (1972969.000.000) 2023-12-14 02:30:18 Image size of job updated: 2121016
	74  -  MemoryUsage of job (MB)
	75104  -  ResidentSetSize of job (KB)
...
040 (1972969.000.000) 2023-12-14 02:30:18 Started transferring output files
...
040 (1972969.000.000) 2023-12-14 02:30:18 Finished transferring output files
...
005 (1972969.000.000) 2023-12-14 02:30:18 Job terminated.
	(1) Normal termination (return value 0)
		Usr 0 00:00:21, Sys 0 00:00:04  -  Run Remote Usage
		Usr 0 00:00:00, Sys 0 00:00:00  -  Run Local Usage
		Usr 0 00:00:21, Sys 0 00:00:04  -  Total Remote Usage
		Usr 0 00:00:00, Sys 0 00:00:00  -  Total Local Usage
	18801  -  Run Bytes Sent By Job
	0  -  Run Bytes Received By Job
	18801  -  Total Bytes Sent By Job
	0  -  Total Bytes Received By Job
	Partitionable Resources :    Usage  Request Allocated 
	   Cpus                 :                 1         1 
	   Disk (KB)            :       90        2    311595 
	   Memory (MB)          :       74     2048      2048 

	Job terminated of its own accord at 2023-12-14T10:30:18Z with exit-code 0.
...
