000 (1969996.000.000) 2023-12-14 02:17:17 Job submitted from host: <172.24.33.226:11547?addrs=172.24.33.226-11547&alias=sdfrome002.sdf.slac.stanford.edu>
    DAG Node: 351794ef-41b6-4a60-b27b-c68afac96e10_ptcIsr_2023111202285_23
...
040 (1969996.000.000) 2023-12-14 02:20:13 Finished transferring input files
...
001 (1969996.000.000) 2023-12-14 02:20:13 Job executing on host: <172.24.33.213:41467?CCBID=172.24.33.225:9618%3faddrs%3d172.24.33.225-9618%26alias%3dsdfrome001.sdf.slac.stanford.edu#6220037&PrivNet=sdfrome022.sdf.slac.stanford.edu&addrs=172.24.33.213-41467&alias=sdfrome022.sdf.slac.stanford.edu>
	SlotName: slot_abrought_435_1_23@sdfrome022.sdf.slac.stanford.edu
...
006 (1969996.000.000) 2023-12-14 02:20:22 Image size of job updated: 69764
	5  -  MemoryUsage of job (MB)
	4996  -  ResidentSetSize of job (KB)
...
006 (1969996.000.000) 2023-12-14 02:21:43 Image size of job updated: 2144860
	630  -  MemoryUsage of job (MB)
	644256  -  ResidentSetSize of job (KB)
...
040 (1969996.000.000) 2023-12-14 02:21:43 Started transferring output files
...
040 (1969996.000.000) 2023-12-14 02:21:43 Finished transferring output files
...
005 (1969996.000.000) 2023-12-14 02:21:43 Job terminated.
	(1) Normal termination (return value 0)
		Usr 0 00:00:22, Sys 0 00:00:06  -  Run Remote Usage
		Usr 0 00:00:00, Sys 0 00:00:00  -  Run Local Usage
		Usr 0 00:00:22, Sys 0 00:00:06  -  Total Remote Usage
		Usr 0 00:00:00, Sys 0 00:00:00  -  Total Local Usage
	18805  -  Run Bytes Sent By Job
	0  -  Run Bytes Received By Job
	18805  -  Total Bytes Sent By Job
	0  -  Total Bytes Received By Job
	Partitionable Resources :    Usage  Request Allocated 
	   Cpus                 :                 1         1 
	   Disk (KB)            :       90        2    312194 
	   Memory (MB)          :      630     2048      2048 

	Job terminated of its own accord at 2023-12-14T10:21:43Z with exit-code 0.
...
