000 (1970354.000.000) 2023-12-14 02:17:18 Job submitted from host: <172.24.33.226:11547?addrs=172.24.33.226-11547&alias=sdfrome002.sdf.slac.stanford.edu>
    DAG Node: 209f4974-f665-4800-b081-efc8ccfc9174_ptcIsr_2023111101419_23
...
040 (1970354.000.000) 2023-12-14 02:21:32 Finished transferring input files
...
001 (1970354.000.000) 2023-12-14 02:21:32 Job executing on host: <172.24.48.186:33679?CCBID=172.24.33.225:9618%3faddrs%3d172.24.33.225-9618%26alias%3dsdfrome001.sdf.slac.stanford.edu#6219700&PrivNet=sdfmilan114.sdf.slac.stanford.edu&addrs=172.24.48.186-33679&alias=sdfmilan114.sdf.slac.stanford.edu>
	SlotName: slot_abrought_14493_1_11@sdfmilan114.sdf.slac.stanford.edu
...
006 (1970354.000.000) 2023-12-14 02:21:42 Image size of job updated: 288656
	81  -  MemoryUsage of job (MB)
	82396  -  ResidentSetSize of job (KB)
...
006 (1970354.000.000) 2023-12-14 02:22:28 Image size of job updated: 2069512
	645  -  MemoryUsage of job (MB)
	660352  -  ResidentSetSize of job (KB)
...
040 (1970354.000.000) 2023-12-14 02:22:28 Started transferring output files
...
040 (1970354.000.000) 2023-12-14 02:22:28 Finished transferring output files
...
005 (1970354.000.000) 2023-12-14 02:22:28 Job terminated.
	(1) Normal termination (return value 0)
		Usr 0 00:00:19, Sys 0 00:00:03  -  Run Remote Usage
		Usr 0 00:00:00, Sys 0 00:00:00  -  Run Local Usage
		Usr 0 00:00:19, Sys 0 00:00:03  -  Total Remote Usage
		Usr 0 00:00:00, Sys 0 00:00:00  -  Total Local Usage
	18804  -  Run Bytes Sent By Job
	0  -  Run Bytes Received By Job
	18804  -  Total Bytes Sent By Job
	0  -  Total Bytes Received By Job
	Partitionable Resources :    Usage  Request Allocated 
	   Cpus                 :     0.03        1         1 
	   Disk (KB)            :    97           2    312193 
	   Memory (MB)          :   645        2048      2048 

	Job terminated of its own accord at 2023-12-14T10:22:28Z with exit-code 0.
...
