000 (1970576.000.000) 2023-12-14 02:17:23 Job submitted from host: <172.24.33.226:11547?addrs=172.24.33.226-11547&alias=sdfrome002.sdf.slac.stanford.edu>
    DAG Node: 24d9eecf-da1e-4b98-a103-9dfefdf2e5e3_ptcIsr_2023111201805_23
...
040 (1970576.000.000) 2023-12-14 02:22:21 Finished transferring input files
...
001 (1970576.000.000) 2023-12-14 02:22:21 Job executing on host: <172.24.33.213:43829?CCBID=172.24.33.225:9618%3faddrs%3d172.24.33.225-9618%26alias%3dsdfrome001.sdf.slac.stanford.edu#6220038&PrivNet=sdfrome022.sdf.slac.stanford.edu&addrs=172.24.33.213-43829&alias=sdfrome022.sdf.slac.stanford.edu>
	SlotName: slot_abrought_31850_1_4@sdfrome022.sdf.slac.stanford.edu
...
006 (1970576.000.000) 2023-12-14 02:22:30 Image size of job updated: 339560
	125  -  MemoryUsage of job (MB)
	127844  -  ResidentSetSize of job (KB)
...
006 (1970576.000.000) 2023-12-14 02:23:08 Image size of job updated: 2170608
	636  -  MemoryUsage of job (MB)
	650332  -  ResidentSetSize of job (KB)
...
040 (1970576.000.000) 2023-12-14 02:23:08 Started transferring output files
...
040 (1970576.000.000) 2023-12-14 02:23:08 Finished transferring output files
...
005 (1970576.000.000) 2023-12-14 02:23:08 Job terminated.
	(1) Normal termination (return value 0)
		Usr 0 00:00:20, Sys 0 00:00:03  -  Run Remote Usage
		Usr 0 00:00:00, Sys 0 00:00:00  -  Run Local Usage
		Usr 0 00:00:20, Sys 0 00:00:03  -  Total Remote Usage
		Usr 0 00:00:00, Sys 0 00:00:00  -  Total Local Usage
	18975  -  Run Bytes Sent By Job
	0  -  Run Bytes Received By Job
	18975  -  Total Bytes Sent By Job
	0  -  Total Bytes Received By Job
	Partitionable Resources :    Usage  Request Allocated 
	   Cpus                 :                 1         1 
	   Disk (KB)            :       91        2    312194 
	   Memory (MB)          :      636     2048      2048 

	Job terminated of its own accord at 2023-12-14T10:23:08Z with exit-code 0.
...
