000 (1971605.000.000) 2023-12-14 02:17:36 Job submitted from host: <172.24.33.226:11547?addrs=172.24.33.226-11547&alias=sdfrome002.sdf.slac.stanford.edu>
    DAG Node: 2c0c21cf-a516-4309-b79b-054e3f85f3d2_ptcIsr_2023111203560_23
...
040 (1971605.000.000) 2023-12-14 02:25:29 Finished transferring input files
...
001 (1971605.000.000) 2023-12-14 02:25:30 Job executing on host: <172.24.48.197:44589?CCBID=172.24.33.225:9618%3faddrs%3d172.24.33.225-9618%26alias%3dsdfrome001.sdf.slac.stanford.edu#6220121&PrivNet=sdfmilan125.sdf.slac.stanford.edu&addrs=172.24.48.197-44589&alias=sdfmilan125.sdf.slac.stanford.edu>
	SlotName: slot_abrought_7640_1_15@sdfmilan125.sdf.slac.stanford.edu
...
006 (1971605.000.000) 2023-12-14 02:25:39 Image size of job updated: 283776
	76  -  MemoryUsage of job (MB)
	77744  -  ResidentSetSize of job (KB)
...
006 (1971605.000.000) 2023-12-14 02:29:32 Image size of job updated: 2170572
	76  -  MemoryUsage of job (MB)
	77744  -  ResidentSetSize of job (KB)
...
040 (1971605.000.000) 2023-12-14 02:29:33 Started transferring output files
...
040 (1971605.000.000) 2023-12-14 02:29:33 Finished transferring output files
...
005 (1971605.000.000) 2023-12-14 02:29:33 Job terminated.
	(1) Normal termination (return value 0)
		Usr 0 00:00:16, Sys 0 00:00:02  -  Run Remote Usage
		Usr 0 00:00:00, Sys 0 00:00:00  -  Run Local Usage
		Usr 0 00:00:16, Sys 0 00:00:02  -  Total Remote Usage
		Usr 0 00:00:00, Sys 0 00:00:00  -  Total Local Usage
	18976  -  Run Bytes Sent By Job
	0  -  Run Bytes Received By Job
	18976  -  Total Bytes Sent By Job
	0  -  Total Bytes Received By Job
	Partitionable Resources :    Usage  Request Allocated 
	   Cpus                 :                 1         1 
	   Disk (KB)            :       91        2    305890 
	   Memory (MB)          :       76     2048      2048 

	Job terminated of its own accord at 2023-12-14T10:29:32Z with exit-code 0.
...
