000 (1970974.000.000) 2023-12-14 02:17:25 Job submitted from host: <172.24.33.226:11547?addrs=172.24.33.226-11547&alias=sdfrome002.sdf.slac.stanford.edu>
    DAG Node: a45701c2-ddb7-4414-a63a-08e812d2d20e_ptcIsr_2023111101321_23
...
040 (1970974.000.000) 2023-12-14 02:23:42 Finished transferring input files
...
001 (1970974.000.000) 2023-12-14 02:23:42 Job executing on host: <172.24.33.124:39661?CCBID=172.24.33.225:9618%3faddrs%3d172.24.33.225-9618%26alias%3dsdfrome001.sdf.slac.stanford.edu#6220018&PrivNet=sdfrome059.sdf.slac.stanford.edu&addrs=172.24.33.124-39661&alias=sdfrome059.sdf.slac.stanford.edu>
	SlotName: slot_abrought_25802_1_8@sdfrome059.sdf.slac.stanford.edu
...
006 (1970974.000.000) 2023-12-14 02:23:50 Image size of job updated: 362168
	145  -  MemoryUsage of job (MB)
	148140  -  ResidentSetSize of job (KB)
...
006 (1970974.000.000) 2023-12-14 02:24:25 Image size of job updated: 2101796
	145  -  MemoryUsage of job (MB)
	148140  -  ResidentSetSize of job (KB)
...
040 (1970974.000.000) 2023-12-14 02:24:26 Started transferring output files
...
040 (1970974.000.000) 2023-12-14 02:24:26 Finished transferring output files
...
005 (1970974.000.000) 2023-12-14 02:24:26 Job terminated.
	(1) Normal termination (return value 0)
		Usr 0 00:00:24, Sys 0 00:00:07  -  Run Remote Usage
		Usr 0 00:00:00, Sys 0 00:00:00  -  Run Local Usage
		Usr 0 00:00:24, Sys 0 00:00:07  -  Total Remote Usage
		Usr 0 00:00:00, Sys 0 00:00:00  -  Total Local Usage
	18804  -  Run Bytes Sent By Job
	0  -  Run Bytes Received By Job
	18804  -  Total Bytes Sent By Job
	0  -  Total Bytes Received By Job
	Partitionable Resources :    Usage  Request Allocated 
	   Cpus                 :     0.97        1         1 
	   Disk (KB)            :    97           2    312194 
	   Memory (MB)          :   145        2048      2048 

	Job terminated of its own accord at 2023-12-14T10:24:25Z with exit-code 0.
...
