000 (1973123.000.000) 2023-12-14 02:17:53 Job submitted from host: <172.24.33.226:11547?addrs=172.24.33.226-11547&alias=sdfrome002.sdf.slac.stanford.edu>
    DAG Node: 2548b1cd-c2b4-4d96-a874-858dac6b023f_ptcIsr_2023111202561_23
...
040 (1973123.000.000) 2023-12-14 02:29:57 Finished transferring input files
...
001 (1973123.000.000) 2023-12-14 02:29:57 Job executing on host: <172.24.33.143:37205?CCBID=172.24.33.225:9618%3faddrs%3d172.24.33.225-9618%26alias%3dsdfrome001.sdf.slac.stanford.edu#6220499&PrivNet=sdfrome078.sdf.slac.stanford.edu&addrs=172.24.33.143-37205&alias=sdfrome078.sdf.slac.stanford.edu>
	SlotName: slot_abrought_7348_1_4@sdfrome078.sdf.slac.stanford.edu
...
006 (1973123.000.000) 2023-12-14 02:30:05 Image size of job updated: 296572
	89  -  MemoryUsage of job (MB)
	90564  -  ResidentSetSize of job (KB)
...
006 (1973123.000.000) 2023-12-14 02:31:05 Image size of job updated: 2103024
	644  -  MemoryUsage of job (MB)
	658504  -  ResidentSetSize of job (KB)
...
040 (1973123.000.000) 2023-12-14 02:31:05 Started transferring output files
...
040 (1973123.000.000) 2023-12-14 02:31:05 Finished transferring output files
...
005 (1973123.000.000) 2023-12-14 02:31:05 Job terminated.
	(1) Normal termination (return value 0)
		Usr 0 00:00:20, Sys 0 00:00:03  -  Run Remote Usage
		Usr 0 00:00:00, Sys 0 00:00:00  -  Run Local Usage
		Usr 0 00:00:20, Sys 0 00:00:03  -  Total Remote Usage
		Usr 0 00:00:00, Sys 0 00:00:00  -  Total Local Usage
	18801  -  Run Bytes Sent By Job
	0  -  Run Bytes Received By Job
	18801  -  Total Bytes Sent By Job
	0  -  Total Bytes Received By Job
	Partitionable Resources :    Usage  Request Allocated 
	   Cpus                 :     0.50        1         1 
	   Disk (KB)            :    97           2    312194 
	   Memory (MB)          :   644        2048      2048 

	Job terminated of its own accord at 2023-12-14T10:31:05Z with exit-code 0.
...
