000 (1970514.000.000) 2023-12-14 02:17:23 Job submitted from host: <172.24.33.226:11547?addrs=172.24.33.226-11547&alias=sdfrome002.sdf.slac.stanford.edu>
    DAG Node: cb5a09d9-2e10-4bac-8d8f-630f35ae34b0_ptcIsr_2023111202268_23
...
040 (1970514.000.000) 2023-12-14 02:22:11 Finished transferring input files
...
001 (1970514.000.000) 2023-12-14 02:22:11 Job executing on host: <172.24.33.124:39697?CCBID=172.24.33.225:9618%3faddrs%3d172.24.33.225-9618%26alias%3dsdfrome001.sdf.slac.stanford.edu#6220015&PrivNet=sdfrome059.sdf.slac.stanford.edu&addrs=172.24.33.124-39697&alias=sdfrome059.sdf.slac.stanford.edu>
	SlotName: slot_abrought_7836_1_8@sdfrome059.sdf.slac.stanford.edu
...
006 (1970514.000.000) 2023-12-14 02:22:19 Image size of job updated: 314800
	105  -  MemoryUsage of job (MB)
	106772  -  ResidentSetSize of job (KB)
...
006 (1970514.000.000) 2023-12-14 02:23:02 Image size of job updated: 2198508
	1411  -  MemoryUsage of job (MB)
	1443964  -  ResidentSetSize of job (KB)
...
040 (1970514.000.000) 2023-12-14 02:23:02 Started transferring output files
...
040 (1970514.000.000) 2023-12-14 02:23:02 Finished transferring output files
...
005 (1970514.000.000) 2023-12-14 02:23:02 Job terminated.
	(1) Normal termination (return value 0)
		Usr 0 00:00:21, Sys 0 00:00:04  -  Run Remote Usage
		Usr 0 00:00:00, Sys 0 00:00:00  -  Run Local Usage
		Usr 0 00:00:21, Sys 0 00:00:04  -  Total Remote Usage
		Usr 0 00:00:00, Sys 0 00:00:00  -  Total Local Usage
	19073  -  Run Bytes Sent By Job
	0  -  Run Bytes Received By Job
	19073  -  Total Bytes Sent By Job
	0  -  Total Bytes Received By Job
	Partitionable Resources :    Usage  Request Allocated 
	   Cpus                 :                 1         1 
	   Disk (KB)            :       91        2    312194 
	   Memory (MB)          :     1411     2048      2048 

	Job terminated of its own accord at 2023-12-14T10:23:02Z with exit-code 0.
...
