000 (1969951.000.000) 2023-12-14 02:17:13 Job submitted from host: <172.24.33.226:11547?addrs=172.24.33.226-11547&alias=sdfrome002.sdf.slac.stanford.edu>
    DAG Node: 34836846-7ec9-41bc-820e-73b7763beb89_ptcIsr_2023111200773_23
...
040 (1969951.000.000) 2023-12-14 02:20:13 Finished transferring input files
...
001 (1969951.000.000) 2023-12-14 02:20:14 Job executing on host: <172.24.48.197:44589?CCBID=172.24.33.225:9618%3faddrs%3d172.24.33.225-9618%26alias%3dsdfrome001.sdf.slac.stanford.edu#6220121&PrivNet=sdfmilan125.sdf.slac.stanford.edu&addrs=172.24.48.197-44589&alias=sdfmilan125.sdf.slac.stanford.edu>
	SlotName: slot_abrought_7640_1_19@sdfmilan125.sdf.slac.stanford.edu
...
006 (1969951.000.000) 2023-12-14 02:20:23 Image size of job updated: 25864
	10  -  MemoryUsage of job (MB)
	9320  -  ResidentSetSize of job (KB)
...
006 (1969951.000.000) 2023-12-14 02:25:10 Image size of job updated: 2186908
	10  -  MemoryUsage of job (MB)
	9320  -  ResidentSetSize of job (KB)
...
040 (1969951.000.000) 2023-12-14 02:25:11 Started transferring output files
...
040 (1969951.000.000) 2023-12-14 02:25:11 Finished transferring output files
...
005 (1969951.000.000) 2023-12-14 02:25:13 Job terminated.
	(1) Normal termination (return value 0)
		Usr 0 00:00:22, Sys 0 00:00:03  -  Run Remote Usage
		Usr 0 00:00:00, Sys 0 00:00:00  -  Run Local Usage
		Usr 0 00:00:22, Sys 0 00:00:03  -  Total Remote Usage
		Usr 0 00:00:00, Sys 0 00:00:00  -  Total Local Usage
	19074  -  Run Bytes Sent By Job
	0  -  Run Bytes Received By Job
	19074  -  Total Bytes Sent By Job
	0  -  Total Bytes Received By Job
	Partitionable Resources :    Usage  Request Allocated 
	   Cpus                 :     0.08        1         1 
	   Disk (KB)            :    97           2    305890 
	   Memory (MB)          :    10        2048      2048 

	Job terminated of its own accord at 2023-12-14T10:25:10Z with exit-code 0.
...
