000 (1971692.000.000) 2023-12-14 02:17:36 Job submitted from host: <172.24.33.226:11547?addrs=172.24.33.226-11547&alias=sdfrome002.sdf.slac.stanford.edu>
    DAG Node: e9158889-8c08-460e-841c-f12600c38c1b_ptcIsr_2023111203620_23
...
040 (1971692.000.000) 2023-12-14 02:25:43 Finished transferring input files
...
001 (1971692.000.000) 2023-12-14 02:25:43 Job executing on host: <172.24.33.124:39661?CCBID=172.24.33.225:9618%3faddrs%3d172.24.33.225-9618%26alias%3dsdfrome001.sdf.slac.stanford.edu#6220018&PrivNet=sdfrome059.sdf.slac.stanford.edu&addrs=172.24.33.124-39661&alias=sdfrome059.sdf.slac.stanford.edu>
	SlotName: slot_abrought_25802_1_7@sdfrome059.sdf.slac.stanford.edu
...
006 (1971692.000.000) 2023-12-14 02:25:52 Image size of job updated: 326024
	111  -  MemoryUsage of job (MB)
	113512  -  ResidentSetSize of job (KB)
...
006 (1971692.000.000) 2023-12-14 02:26:22 Image size of job updated: 2171044
	632  -  MemoryUsage of job (MB)
	646256  -  ResidentSetSize of job (KB)
...
040 (1971692.000.000) 2023-12-14 02:26:23 Started transferring output files
...
040 (1971692.000.000) 2023-12-14 02:26:23 Finished transferring output files
...
005 (1971692.000.000) 2023-12-14 02:26:23 Job terminated.
	(1) Normal termination (return value 0)
		Usr 0 00:00:19, Sys 0 00:00:04  -  Run Remote Usage
		Usr 0 00:00:00, Sys 0 00:00:00  -  Run Local Usage
		Usr 0 00:00:19, Sys 0 00:00:04  -  Total Remote Usage
		Usr 0 00:00:00, Sys 0 00:00:00  -  Total Local Usage
	18975  -  Run Bytes Sent By Job
	0  -  Run Bytes Received By Job
	18975  -  Total Bytes Sent By Job
	0  -  Total Bytes Received By Job
	Partitionable Resources :    Usage  Request Allocated 
	   Cpus                 :                 1         1 
	   Disk (KB)            :       91        2    312194 
	   Memory (MB)          :      632     2048      2048 

	Job terminated of its own accord at 2023-12-14T10:26:22Z with exit-code 0.
...
