000 (1971316.000.000) 2023-12-14 02:17:31 Job submitted from host: <172.24.33.226:11547?addrs=172.24.33.226-11547&alias=sdfrome002.sdf.slac.stanford.edu>
    DAG Node: a2a4e01e-a323-4aa1-9847-918680907eb9_ptcIsr_2023111200906_23
...
040 (1971316.000.000) 2023-12-14 02:24:41 Finished transferring input files
...
001 (1971316.000.000) 2023-12-14 02:24:41 Job executing on host: <172.24.33.124:39661?CCBID=172.24.33.225:9618%3faddrs%3d172.24.33.225-9618%26alias%3dsdfrome001.sdf.slac.stanford.edu#6220018&PrivNet=sdfrome059.sdf.slac.stanford.edu&addrs=172.24.33.124-39661&alias=sdfrome059.sdf.slac.stanford.edu>
	SlotName: slot_abrought_25802_1_11@sdfrome059.sdf.slac.stanford.edu
...
006 (1971316.000.000) 2023-12-14 02:24:50 Image size of job updated: 313508
	103  -  MemoryUsage of job (MB)
	105168  -  ResidentSetSize of job (KB)
...
006 (1971316.000.000) 2023-12-14 02:25:31 Image size of job updated: 2093688
	599  -  MemoryUsage of job (MB)
	612868  -  ResidentSetSize of job (KB)
...
040 (1971316.000.000) 2023-12-14 02:25:31 Started transferring output files
...
040 (1971316.000.000) 2023-12-14 02:25:31 Finished transferring output files
...
005 (1971316.000.000) 2023-12-14 02:25:31 Job terminated.
	(1) Normal termination (return value 0)
		Usr 0 00:00:22, Sys 0 00:00:04  -  Run Remote Usage
		Usr 0 00:00:00, Sys 0 00:00:00  -  Run Local Usage
		Usr 0 00:00:22, Sys 0 00:00:04  -  Total Remote Usage
		Usr 0 00:00:00, Sys 0 00:00:00  -  Total Local Usage
	18803  -  Run Bytes Sent By Job
	0  -  Run Bytes Received By Job
	18803  -  Total Bytes Sent By Job
	0  -  Total Bytes Received By Job
	Partitionable Resources :    Usage  Request Allocated 
	   Cpus                 :                 1         1 
	   Disk (KB)            :       90        2    312194 
	   Memory (MB)          :      599     2048      2048 

	Job terminated of its own accord at 2023-12-14T10:25:31Z with exit-code 0.
...
