000 (1970907.000.000) 2023-12-14 02:17:25 Job submitted from host: <172.24.33.226:11547?addrs=172.24.33.226-11547&alias=sdfrome002.sdf.slac.stanford.edu>
    DAG Node: 195afc22-2945-4a4f-a0ba-9027a8dab0ae_ptcIsr_2023111200693_23
...
040 (1970907.000.000) 2023-12-14 02:23:29 Finished transferring input files
...
001 (1970907.000.000) 2023-12-14 02:23:29 Job executing on host: <172.24.33.147:42953?CCBID=172.24.33.225:9618%3faddrs%3d172.24.33.225-9618%26alias%3dsdfrome001.sdf.slac.stanford.edu#6219703&PrivNet=sdfrome082.sdf.slac.stanford.edu&addrs=172.24.33.147-42953&alias=sdfrome082.sdf.slac.stanford.edu>
	SlotName: slot_abrought_48_1_8@sdfrome082.sdf.slac.stanford.edu
...
006 (1970907.000.000) 2023-12-14 02:23:37 Image size of job updated: 280748
	74  -  MemoryUsage of job (MB)
	75240  -  ResidentSetSize of job (KB)
...
006 (1970907.000.000) 2023-12-14 02:24:25 Image size of job updated: 2102968
	615  -  MemoryUsage of job (MB)
	629132  -  ResidentSetSize of job (KB)
...
040 (1970907.000.000) 2023-12-14 02:24:25 Started transferring output files
...
040 (1970907.000.000) 2023-12-14 02:24:25 Finished transferring output files
...
005 (1970907.000.000) 2023-12-14 02:24:25 Job terminated.
	(1) Normal termination (return value 0)
		Usr 0 00:00:20, Sys 0 00:00:03  -  Run Remote Usage
		Usr 0 00:00:00, Sys 0 00:00:00  -  Run Local Usage
		Usr 0 00:00:20, Sys 0 00:00:03  -  Total Remote Usage
		Usr 0 00:00:00, Sys 0 00:00:00  -  Total Local Usage
	18803  -  Run Bytes Sent By Job
	0  -  Run Bytes Received By Job
	18803  -  Total Bytes Sent By Job
	0  -  Total Bytes Received By Job
	Partitionable Resources :    Usage  Request Allocated 
	   Cpus                 :                 1         1 
	   Disk (KB)            :       90        2    312116 
	   Memory (MB)          :      615     2048      2048 

	Job terminated of its own accord at 2023-12-14T10:24:25Z with exit-code 0.
...
