000 (1973272.000.000) 2023-12-14 02:17:54 Job submitted from host: <172.24.33.226:11547?addrs=172.24.33.226-11547&alias=sdfrome002.sdf.slac.stanford.edu>
    DAG Node: 8986fb41-853d-49fc-8994-d43f0cb2efd8_ptcIsr_2023111300203_23
...
040 (1973272.000.000) 2023-12-14 02:30:13 Finished transferring input files
...
001 (1973272.000.000) 2023-12-14 02:30:13 Job executing on host: <172.24.33.124:39697?CCBID=172.24.33.225:9618%3faddrs%3d172.24.33.225-9618%26alias%3dsdfrome001.sdf.slac.stanford.edu#6220015&PrivNet=sdfrome059.sdf.slac.stanford.edu&addrs=172.24.33.124-39697&alias=sdfrome059.sdf.slac.stanford.edu>
	SlotName: slot_abrought_7836_1_2@sdfrome059.sdf.slac.stanford.edu
...
006 (1973272.000.000) 2023-12-14 02:30:22 Image size of job updated: 298052
	89  -  MemoryUsage of job (MB)
	90980  -  ResidentSetSize of job (KB)
...
006 (1973272.000.000) 2023-12-14 02:31:12 Image size of job updated: 2104812
	659  -  MemoryUsage of job (MB)
	674112  -  ResidentSetSize of job (KB)
...
040 (1973272.000.000) 2023-12-14 02:31:12 Started transferring output files
...
040 (1973272.000.000) 2023-12-14 02:31:12 Finished transferring output files
...
005 (1973272.000.000) 2023-12-14 02:31:12 Job terminated.
	(1) Normal termination (return value 0)
		Usr 0 00:00:22, Sys 0 00:00:04  -  Run Remote Usage
		Usr 0 00:00:00, Sys 0 00:00:00  -  Run Local Usage
		Usr 0 00:00:22, Sys 0 00:00:04  -  Total Remote Usage
		Usr 0 00:00:00, Sys 0 00:00:00  -  Total Local Usage
	19074  -  Run Bytes Sent By Job
	0  -  Run Bytes Received By Job
	19074  -  Total Bytes Sent By Job
	0  -  Total Bytes Received By Job
	Partitionable Resources :    Usage  Request Allocated 
	   Cpus                 :                 1         1 
	   Disk (KB)            :       91        2    312194 
	   Memory (MB)          :      659     2048      2048 

	Job terminated of its own accord at 2023-12-14T10:31:12Z with exit-code 0.
...
