000 (1972705.000.000) 2023-12-14 02:17:48 Job submitted from host: <172.24.33.226:11547?addrs=172.24.33.226-11547&alias=sdfrome002.sdf.slac.stanford.edu>
    DAG Node: 301a684d-992b-48ee-8153-cb7682f96e9d_ptcIsr_2023111300816_23
...
040 (1972705.000.000) 2023-12-14 02:28:45 Finished transferring input files
...
001 (1972705.000.000) 2023-12-14 02:28:45 Job executing on host: <172.24.48.193:46283?CCBID=172.24.33.225:9618%3faddrs%3d172.24.33.225-9618%26alias%3dsdfrome001.sdf.slac.stanford.edu#6219697&PrivNet=sdfmilan121.sdf.slac.stanford.edu&addrs=172.24.48.193-46283&alias=sdfmilan121.sdf.slac.stanford.edu>
	SlotName: slot_abrought_10210_1_4@sdfmilan121.sdf.slac.stanford.edu
...
006 (1972705.000.000) 2023-12-14 02:28:55 Image size of job updated: 329588
	118  -  MemoryUsage of job (MB)
	119860  -  ResidentSetSize of job (KB)
...
006 (1972705.000.000) 2023-12-14 02:29:41 Image size of job updated: 2035468
	616  -  MemoryUsage of job (MB)
	630076  -  ResidentSetSize of job (KB)
...
040 (1972705.000.000) 2023-12-14 02:29:41 Started transferring output files
...
040 (1972705.000.000) 2023-12-14 02:29:41 Finished transferring output files
...
005 (1972705.000.000) 2023-12-14 02:29:41 Job terminated.
	(1) Normal termination (return value 0)
		Usr 0 00:00:25, Sys 0 00:00:04  -  Run Remote Usage
		Usr 0 00:00:00, Sys 0 00:00:00  -  Run Local Usage
		Usr 0 00:00:25, Sys 0 00:00:04  -  Total Remote Usage
		Usr 0 00:00:00, Sys 0 00:00:00  -  Total Local Usage
	18531  -  Run Bytes Sent By Job
	0  -  Run Bytes Received By Job
	18531  -  Total Bytes Sent By Job
	0  -  Total Bytes Received By Job
	Partitionable Resources :    Usage  Request Allocated 
	   Cpus                 :                 1         1 
	   Disk (KB)            :       90        2    311595 
	   Memory (MB)          :      616     2048      2048 

	Job terminated of its own accord at 2023-12-14T10:29:41Z with exit-code 0.
...
