000 (1970956.000.000) 2023-12-14 02:17:25 Job submitted from host: <172.24.33.226:11547?addrs=172.24.33.226-11547&alias=sdfrome002.sdf.slac.stanford.edu>
    DAG Node: 52213dfd-86d4-4e45-ad59-ddb65e7a0885_ptcIsr_2023111100988_23
...
040 (1970956.000.000) 2023-12-14 02:23:41 Finished transferring input files
...
001 (1970956.000.000) 2023-12-14 02:23:41 Job executing on host: <172.24.33.124:39697?CCBID=172.24.33.225:9618%3faddrs%3d172.24.33.225-9618%26alias%3dsdfrome001.sdf.slac.stanford.edu#6220015&PrivNet=sdfrome059.sdf.slac.stanford.edu&addrs=172.24.33.124-39697&alias=sdfrome059.sdf.slac.stanford.edu>
	SlotName: slot_abrought_7836_1_22@sdfrome059.sdf.slac.stanford.edu
...
006 (1970956.000.000) 2023-12-14 02:23:50 Image size of job updated: 304092
	95  -  MemoryUsage of job (MB)
	96952  -  ResidentSetSize of job (KB)
...
006 (1970956.000.000) 2023-12-14 02:24:30 Image size of job updated: 2079924
	95  -  MemoryUsage of job (MB)
	96952  -  ResidentSetSize of job (KB)
...
040 (1970956.000.000) 2023-12-14 02:24:30 Started transferring output files
...
040 (1970956.000.000) 2023-12-14 02:24:30 Finished transferring output files
...
005 (1970956.000.000) 2023-12-14 02:24:30 Job terminated.
	(1) Normal termination (return value 0)
		Usr 0 00:00:21, Sys 0 00:00:07  -  Run Remote Usage
		Usr 0 00:00:00, Sys 0 00:00:00  -  Run Local Usage
		Usr 0 00:00:21, Sys 0 00:00:07  -  Total Remote Usage
		Usr 0 00:00:00, Sys 0 00:00:00  -  Total Local Usage
	18802  -  Run Bytes Sent By Job
	0  -  Run Bytes Received By Job
	18802  -  Total Bytes Sent By Job
	0  -  Total Bytes Received By Job
	Partitionable Resources :    Usage  Request Allocated 
	   Cpus                 :     0.84        1         1 
	   Disk (KB)            :    97           2    312194 
	   Memory (MB)          :    95        2048      2048 

	Job terminated of its own accord at 2023-12-14T10:24:29Z with exit-code 0.
...
