000 (1970216.000.000) 2023-12-14 02:17:18 Job submitted from host: <172.24.33.226:11547?addrs=172.24.33.226-11547&alias=sdfrome002.sdf.slac.stanford.edu>
    DAG Node: fecb2abd-d291-4906-9db2-4ac6f6bc697c_ptcIsr_2023111202294_23
...
040 (1970216.000.000) 2023-12-14 02:21:13 Finished transferring input files
...
001 (1970216.000.000) 2023-12-14 02:21:13 Job executing on host: <172.24.33.147:42953?CCBID=172.24.33.225:9618%3faddrs%3d172.24.33.225-9618%26alias%3dsdfrome001.sdf.slac.stanford.edu#6219703&PrivNet=sdfrome082.sdf.slac.stanford.edu&addrs=172.24.33.147-42953&alias=sdfrome082.sdf.slac.stanford.edu>
	SlotName: slot_abrought_48_1_9@sdfrome082.sdf.slac.stanford.edu
...
006 (1970216.000.000) 2023-12-14 02:21:22 Image size of job updated: 333220
	120  -  MemoryUsage of job (MB)
	122736  -  ResidentSetSize of job (KB)
...
006 (1970216.000.000) 2023-12-14 02:22:10 Image size of job updated: 2109240
	613  -  MemoryUsage of job (MB)
	627548  -  ResidentSetSize of job (KB)
...
040 (1970216.000.000) 2023-12-14 02:22:10 Started transferring output files
...
040 (1970216.000.000) 2023-12-14 02:22:10 Finished transferring output files
...
005 (1970216.000.000) 2023-12-14 02:22:11 Job terminated.
	(1) Normal termination (return value 0)
		Usr 0 00:00:21, Sys 0 00:00:03  -  Run Remote Usage
		Usr 0 00:00:00, Sys 0 00:00:00  -  Run Local Usage
		Usr 0 00:00:21, Sys 0 00:00:03  -  Total Remote Usage
		Usr 0 00:00:00, Sys 0 00:00:00  -  Total Local Usage
	18805  -  Run Bytes Sent By Job
	0  -  Run Bytes Received By Job
	18805  -  Total Bytes Sent By Job
	0  -  Total Bytes Received By Job
	Partitionable Resources :    Usage  Request Allocated 
	   Cpus                 :     0.05        1         1 
	   Disk (KB)            :    97           2    312116 
	   Memory (MB)          :   613        2048      2048 

	Job terminated of its own accord at 2023-12-14T10:22:10Z with exit-code 0.
...
