000 (1971160.000.000) 2023-12-14 02:17:30 Job submitted from host: <172.24.33.226:11547?addrs=172.24.33.226-11547&alias=sdfrome002.sdf.slac.stanford.edu>
    DAG Node: a50f3194-9625-4af5-a1a7-f98669bea37c_ptcIsr_2023111300783_23
...
040 (1971160.000.000) 2023-12-14 02:24:13 Finished transferring input files
...
001 (1971160.000.000) 2023-12-14 02:24:13 Job executing on host: <172.24.48.193:46283?CCBID=172.24.33.225:9618%3faddrs%3d172.24.33.225-9618%26alias%3dsdfrome001.sdf.slac.stanford.edu#6219697&PrivNet=sdfmilan121.sdf.slac.stanford.edu&addrs=172.24.48.193-46283&alias=sdfmilan121.sdf.slac.stanford.edu>
	SlotName: slot_abrought_10210_1_11@sdfmilan121.sdf.slac.stanford.edu
...
006 (1971160.000.000) 2023-12-14 02:24:22 Image size of job updated: 55748
	27  -  MemoryUsage of job (MB)
	27184  -  ResidentSetSize of job (KB)
...
006 (1971160.000.000) 2023-12-14 02:25:09 Image size of job updated: 2198472
	1408  -  MemoryUsage of job (MB)
	1441544  -  ResidentSetSize of job (KB)
...
040 (1971160.000.000) 2023-12-14 02:25:09 Started transferring output files
...
040 (1971160.000.000) 2023-12-14 02:25:09 Finished transferring output files
...
005 (1971160.000.000) 2023-12-14 02:25:09 Job terminated.
	(1) Normal termination (return value 0)
		Usr 0 00:00:23, Sys 0 00:00:03  -  Run Remote Usage
		Usr 0 00:00:00, Sys 0 00:00:00  -  Run Local Usage
		Usr 0 00:00:23, Sys 0 00:00:03  -  Total Remote Usage
		Usr 0 00:00:00, Sys 0 00:00:00  -  Total Local Usage
	19072  -  Run Bytes Sent By Job
	0  -  Run Bytes Received By Job
	19072  -  Total Bytes Sent By Job
	0  -  Total Bytes Received By Job
	Partitionable Resources :    Usage  Request Allocated 
	   Cpus                 :                 1         1 
	   Disk (KB)            :       91        2    311595 
	   Memory (MB)          :     1408     2048      2048 

	Job terminated of its own accord at 2023-12-14T10:25:09Z with exit-code 0.
...
