000 (1971397.000.000) 2023-12-14 02:17:31 Job submitted from host: <172.24.33.226:11547?addrs=172.24.33.226-11547&alias=sdfrome002.sdf.slac.stanford.edu>
    DAG Node: 1ac281b0-638c-4d56-9b3c-feefbeee396b_ptcIsr_2023111200447_23
...
040 (1971397.000.000) 2023-12-14 02:24:56 Finished transferring input files
...
001 (1971397.000.000) 2023-12-14 02:24:56 Job executing on host: <172.24.33.143:42517?CCBID=172.24.33.225:9618%3faddrs%3d172.24.33.225-9618%26alias%3dsdfrome001.sdf.slac.stanford.edu#6220496&PrivNet=sdfrome078.sdf.slac.stanford.edu&addrs=172.24.33.143-42517&alias=sdfrome078.sdf.slac.stanford.edu>
	SlotName: slot_abrought_19079_1_19@sdfrome078.sdf.slac.stanford.edu
...
006 (1971397.000.000) 2023-12-14 02:25:04 Image size of job updated: 466376
	211  -  MemoryUsage of job (MB)
	215916  -  ResidentSetSize of job (KB)
...
006 (1971397.000.000) 2023-12-14 02:25:42 Image size of job updated: 2163700
	616  -  MemoryUsage of job (MB)
	630748  -  ResidentSetSize of job (KB)
...
040 (1971397.000.000) 2023-12-14 02:25:42 Started transferring output files
...
040 (1971397.000.000) 2023-12-14 02:25:42 Finished transferring output files
...
005 (1971397.000.000) 2023-12-14 02:25:42 Job terminated.
	(1) Normal termination (return value 0)
		Usr 0 00:00:25, Sys 0 00:00:03  -  Run Remote Usage
		Usr 0 00:00:00, Sys 0 00:00:00  -  Run Local Usage
		Usr 0 00:00:25, Sys 0 00:00:03  -  Total Remote Usage
		Usr 0 00:00:00, Sys 0 00:00:00  -  Total Local Usage
	19073  -  Run Bytes Sent By Job
	0  -  Run Bytes Received By Job
	19073  -  Total Bytes Sent By Job
	0  -  Total Bytes Received By Job
	Partitionable Resources :    Usage  Request Allocated 
	   Cpus                 :                 1         1 
	   Disk (KB)            :       91        2    312194 
	   Memory (MB)          :      616     2048      2048 

	Job terminated of its own accord at 2023-12-14T10:25:42Z with exit-code 0.
...
