000 (1970997.000.000) 2023-12-14 02:17:29 Job submitted from host: <172.24.33.226:11547?addrs=172.24.33.226-11547&alias=sdfrome002.sdf.slac.stanford.edu>
    DAG Node: de056177-62a1-4d3f-8e6a-f78afb8220c5_ptcIsr_2023111201506_23
...
040 (1970997.000.000) 2023-12-14 02:23:47 Finished transferring input files
...
001 (1970997.000.000) 2023-12-14 02:23:47 Job executing on host: <172.24.33.213:41467?CCBID=172.24.33.225:9618%3faddrs%3d172.24.33.225-9618%26alias%3dsdfrome001.sdf.slac.stanford.edu#6220037&PrivNet=sdfrome022.sdf.slac.stanford.edu&addrs=172.24.33.213-41467&alias=sdfrome022.sdf.slac.stanford.edu>
	SlotName: slot_abrought_435_1_14@sdfrome022.sdf.slac.stanford.edu
...
006 (1970997.000.000) 2023-12-14 02:23:55 Image size of job updated: 25780
	9  -  MemoryUsage of job (MB)
	8408  -  ResidentSetSize of job (KB)
...
006 (1970997.000.000) 2023-12-14 02:24:46 Image size of job updated: 2171852
	1299  -  MemoryUsage of job (MB)
	1329904  -  ResidentSetSize of job (KB)
...
040 (1970997.000.000) 2023-12-14 02:24:46 Started transferring output files
...
040 (1970997.000.000) 2023-12-14 02:24:46 Finished transferring output files
...
005 (1970997.000.000) 2023-12-14 02:24:46 Job terminated.
	(1) Normal termination (return value 0)
		Usr 0 00:00:17, Sys 0 00:00:02  -  Run Remote Usage
		Usr 0 00:00:00, Sys 0 00:00:00  -  Run Local Usage
		Usr 0 00:00:17, Sys 0 00:00:02  -  Total Remote Usage
		Usr 0 00:00:00, Sys 0 00:00:00  -  Total Local Usage
	19073  -  Run Bytes Sent By Job
	0  -  Run Bytes Received By Job
	19073  -  Total Bytes Sent By Job
	0  -  Total Bytes Received By Job
	Partitionable Resources :    Usage  Request Allocated 
	   Cpus                 :     0.13        1         1 
	   Disk (KB)            :    97           2    312194 
	   Memory (MB)          :  1299        2048      2048 

	Job terminated of its own accord at 2023-12-14T10:24:46Z with exit-code 0.
...
