000 (1971293.000.000) 2023-12-14 02:17:31 Job submitted from host: <172.24.33.226:11547?addrs=172.24.33.226-11547&alias=sdfrome002.sdf.slac.stanford.edu>
    DAG Node: edd1727a-75bb-4cd4-9be3-47f06ca52ccb_ptcIsr_2023111300257_23
...
040 (1971293.000.000) 2023-12-14 02:24:39 Finished transferring input files
...
001 (1971293.000.000) 2023-12-14 02:24:39 Job executing on host: <172.24.33.143:37205?CCBID=172.24.33.225:9618%3faddrs%3d172.24.33.225-9618%26alias%3dsdfrome001.sdf.slac.stanford.edu#6220499&PrivNet=sdfrome078.sdf.slac.stanford.edu&addrs=172.24.33.143-37205&alias=sdfrome078.sdf.slac.stanford.edu>
	SlotName: slot_abrought_7348_1_12@sdfrome078.sdf.slac.stanford.edu
...
006 (1971293.000.000) 2023-12-14 02:24:48 Image size of job updated: 293496
	86  -  MemoryUsage of job (MB)
	87488  -  ResidentSetSize of job (KB)
...
006 (1971293.000.000) 2023-12-14 02:25:36 Image size of job updated: 2103248
	627  -  MemoryUsage of job (MB)
	641808  -  ResidentSetSize of job (KB)
...
040 (1971293.000.000) 2023-12-14 02:25:36 Started transferring output files
...
040 (1971293.000.000) 2023-12-14 02:25:36 Finished transferring output files
...
005 (1971293.000.000) 2023-12-14 02:25:36 Job terminated.
	(1) Normal termination (return value 0)
		Usr 0 00:00:21, Sys 0 00:00:04  -  Run Remote Usage
		Usr 0 00:00:00, Sys 0 00:00:00  -  Run Local Usage
		Usr 0 00:00:21, Sys 0 00:00:04  -  Total Remote Usage
		Usr 0 00:00:00, Sys 0 00:00:00  -  Total Local Usage
	18802  -  Run Bytes Sent By Job
	0  -  Run Bytes Received By Job
	18802  -  Total Bytes Sent By Job
	0  -  Total Bytes Received By Job
	Partitionable Resources :    Usage  Request Allocated 
	   Cpus                 :                 1         1 
	   Disk (KB)            :       90        2    312194 
	   Memory (MB)          :      627     2048      2048 

	Job terminated of its own accord at 2023-12-14T10:25:36Z with exit-code 0.
...
