000 (1973103.000.000) 2023-12-14 02:17:53 Job submitted from host: <172.24.33.226:11547?addrs=172.24.33.226-11547&alias=sdfrome002.sdf.slac.stanford.edu>
    DAG Node: a43f5603-b2ab-4545-a001-0b658fdcb5a2_ptcIsr_2023111202783_23
...
040 (1973103.000.000) 2023-12-14 02:29:51 Finished transferring input files
...
001 (1973103.000.000) 2023-12-14 02:29:51 Job executing on host: <172.24.33.124:39661?CCBID=172.24.33.225:9618%3faddrs%3d172.24.33.225-9618%26alias%3dsdfrome001.sdf.slac.stanford.edu#6220018&PrivNet=sdfrome059.sdf.slac.stanford.edu&addrs=172.24.33.124-39661&alias=sdfrome059.sdf.slac.stanford.edu>
	SlotName: slot_abrought_25802_1_4@sdfrome059.sdf.slac.stanford.edu
...
006 (1973103.000.000) 2023-12-14 02:30:00 Image size of job updated: 280756
	74  -  MemoryUsage of job (MB)
	75296  -  ResidentSetSize of job (KB)
...
006 (1973103.000.000) 2023-12-14 02:30:36 Image size of job updated: 2051968
	1308  -  MemoryUsage of job (MB)
	1338712  -  ResidentSetSize of job (KB)
...
040 (1973103.000.000) 2023-12-14 02:30:36 Started transferring output files
...
040 (1973103.000.000) 2023-12-14 02:30:36 Finished transferring output files
...
005 (1973103.000.000) 2023-12-14 02:30:36 Job terminated.
	(1) Normal termination (return value 0)
		Usr 0 00:00:16, Sys 0 00:00:04  -  Run Remote Usage
		Usr 0 00:00:00, Sys 0 00:00:00  -  Run Local Usage
		Usr 0 00:00:16, Sys 0 00:00:04  -  Total Remote Usage
		Usr 0 00:00:00, Sys 0 00:00:00  -  Total Local Usage
	18804  -  Run Bytes Sent By Job
	0  -  Run Bytes Received By Job
	18804  -  Total Bytes Sent By Job
	0  -  Total Bytes Received By Job
	Partitionable Resources :    Usage  Request Allocated 
	   Cpus                 :                 1         1 
	   Disk (KB)            :       90        2    312194 
	   Memory (MB)          :     1308     2048      2048 

	Job terminated of its own accord at 2023-12-14T10:30:36Z with exit-code 0.
...
