000 (1971138.000.000) 2023-12-14 02:17:30 Job submitted from host: <172.24.33.226:11547?addrs=172.24.33.226-11547&alias=sdfrome002.sdf.slac.stanford.edu>
    DAG Node: 4f501286-11a2-4ba3-9cbe-cb4e28cffe05_ptcIsr_2023111300204_23
...
040 (1971138.000.000) 2023-12-14 02:24:07 Finished transferring input files
...
001 (1971138.000.000) 2023-12-14 02:24:07 Job executing on host: <172.24.33.213:33037?CCBID=172.24.33.225:9618%3faddrs%3d172.24.33.225-9618%26alias%3dsdfrome001.sdf.slac.stanford.edu#6220039&PrivNet=sdfrome022.sdf.slac.stanford.edu&addrs=172.24.33.213-33037&alias=sdfrome022.sdf.slac.stanford.edu>
	SlotName: slot_abrought_15721_1_6@sdfrome022.sdf.slac.stanford.edu
...
006 (1971138.000.000) 2023-12-14 02:24:17 Image size of job updated: 32936
	17  -  MemoryUsage of job (MB)
	17308  -  ResidentSetSize of job (KB)
...
006 (1971138.000.000) 2023-12-14 02:25:26 Image size of job updated: 2202264
	17  -  MemoryUsage of job (MB)
	17308  -  ResidentSetSize of job (KB)
...
040 (1971138.000.000) 2023-12-14 02:25:26 Started transferring output files
...
040 (1971138.000.000) 2023-12-14 02:25:26 Finished transferring output files
...
005 (1971138.000.000) 2023-12-14 02:25:26 Job terminated.
	(1) Normal termination (return value 0)
		Usr 0 00:00:22, Sys 0 00:00:04  -  Run Remote Usage
		Usr 0 00:00:00, Sys 0 00:00:00  -  Run Local Usage
		Usr 0 00:00:22, Sys 0 00:00:04  -  Total Remote Usage
		Usr 0 00:00:00, Sys 0 00:00:00  -  Total Local Usage
	19072  -  Run Bytes Sent By Job
	0  -  Run Bytes Received By Job
	19072  -  Total Bytes Sent By Job
	0  -  Total Bytes Received By Job
	Partitionable Resources :    Usage  Request Allocated 
	   Cpus                 :     0.04        1         1 
	   Disk (KB)            :    97           2    312194 
	   Memory (MB)          :    17        2048      2048 

	Job terminated of its own accord at 2023-12-14T10:25:26Z with exit-code 0.
...
