000 (1972848.000.000) 2023-12-14 02:17:49 Job submitted from host: <172.24.33.226:11547?addrs=172.24.33.226-11547&alias=sdfrome002.sdf.slac.stanford.edu>
    DAG Node: 74861168-d043-49d1-a243-9e98b87ed02f_ptcIsr_2023111200846_23
...
040 (1972848.000.000) 2023-12-14 02:29:11 Finished transferring input files
...
001 (1972848.000.000) 2023-12-14 02:29:11 Job executing on host: <172.24.33.124:39697?CCBID=172.24.33.225:9618%3faddrs%3d172.24.33.225-9618%26alias%3dsdfrome001.sdf.slac.stanford.edu#6220015&PrivNet=sdfrome059.sdf.slac.stanford.edu&addrs=172.24.33.124-39697&alias=sdfrome059.sdf.slac.stanford.edu>
	SlotName: slot_abrought_7836_1_20@sdfrome059.sdf.slac.stanford.edu
...
006 (1972848.000.000) 2023-12-14 02:29:20 Image size of job updated: 294200
	87  -  MemoryUsage of job (MB)
	88400  -  ResidentSetSize of job (KB)
...
006 (1972848.000.000) 2023-12-14 02:30:00 Image size of job updated: 2049884
	611  -  MemoryUsage of job (MB)
	625488  -  ResidentSetSize of job (KB)
...
040 (1972848.000.000) 2023-12-14 02:30:00 Started transferring output files
...
040 (1972848.000.000) 2023-12-14 02:30:00 Finished transferring output files
...
005 (1972848.000.000) 2023-12-14 02:30:00 Job terminated.
	(1) Normal termination (return value 0)
		Usr 0 00:00:21, Sys 0 00:00:05  -  Run Remote Usage
		Usr 0 00:00:00, Sys 0 00:00:00  -  Run Local Usage
		Usr 0 00:00:21, Sys 0 00:00:05  -  Total Remote Usage
		Usr 0 00:00:00, Sys 0 00:00:00  -  Total Local Usage
	18805  -  Run Bytes Sent By Job
	0  -  Run Bytes Received By Job
	18805  -  Total Bytes Sent By Job
	0  -  Total Bytes Received By Job
	Partitionable Resources :    Usage  Request Allocated 
	   Cpus                 :                 1         1 
	   Disk (KB)            :       90        2    312194 
	   Memory (MB)          :      611     2048      2048 

	Job terminated of its own accord at 2023-12-14T10:30:00Z with exit-code 0.
...
