000 (1972764.000.000) 2023-12-14 02:17:48 Job submitted from host: <172.24.33.226:11547?addrs=172.24.33.226-11547&alias=sdfrome002.sdf.slac.stanford.edu>
    DAG Node: 02d79a21-b7f7-4e56-9d21-7abec8e1142b_ptcIsr_2023111300588_23
...
040 (1972764.000.000) 2023-12-14 02:28:53 Finished transferring input files
...
001 (1972764.000.000) 2023-12-14 02:28:53 Job executing on host: <172.24.33.213:43829?CCBID=172.24.33.225:9618%3faddrs%3d172.24.33.225-9618%26alias%3dsdfrome001.sdf.slac.stanford.edu#6220038&PrivNet=sdfrome022.sdf.slac.stanford.edu&addrs=172.24.33.213-43829&alias=sdfrome022.sdf.slac.stanford.edu>
	SlotName: slot_abrought_31850_1_7@sdfrome022.sdf.slac.stanford.edu
...
006 (1972764.000.000) 2023-12-14 02:29:01 Image size of job updated: 29628
	13  -  MemoryUsage of job (MB)
	13188  -  ResidentSetSize of job (KB)
...
006 (1972764.000.000) 2023-12-14 02:29:49 Image size of job updated: 2148636
	614  -  MemoryUsage of job (MB)
	628572  -  ResidentSetSize of job (KB)
...
040 (1972764.000.000) 2023-12-14 02:29:49 Started transferring output files
...
040 (1972764.000.000) 2023-12-14 02:29:49 Finished transferring output files
...
005 (1972764.000.000) 2023-12-14 02:29:49 Job terminated.
	(1) Normal termination (return value 0)
		Usr 0 00:00:22, Sys 0 00:00:03  -  Run Remote Usage
		Usr 0 00:00:00, Sys 0 00:00:00  -  Run Local Usage
		Usr 0 00:00:22, Sys 0 00:00:03  -  Total Remote Usage
		Usr 0 00:00:00, Sys 0 00:00:00  -  Total Local Usage
	19072  -  Run Bytes Sent By Job
	0  -  Run Bytes Received By Job
	19072  -  Total Bytes Sent By Job
	0  -  Total Bytes Received By Job
	Partitionable Resources :    Usage  Request Allocated 
	   Cpus                 :     0.12        1         1 
	   Disk (KB)            :    97           2    312194 
	   Memory (MB)          :   614        2048      2048 

	Job terminated of its own accord at 2023-12-14T10:29:49Z with exit-code 0.
...
