000 (1970109.000.000) 2023-12-14 02:17:17 Job submitted from host: <172.24.33.226:11547?addrs=172.24.33.226-11547&alias=sdfrome002.sdf.slac.stanford.edu>
    DAG Node: a90b5f3d-a1e7-4852-ad17-9e1d741dbe80_ptcIsr_2023111202591_23
...
040 (1970109.000.000) 2023-12-14 02:20:58 Finished transferring input files
...
001 (1970109.000.000) 2023-12-14 02:20:58 Job executing on host: <172.24.48.186:33679?CCBID=172.24.33.225:9618%3faddrs%3d172.24.33.225-9618%26alias%3dsdfrome001.sdf.slac.stanford.edu#6219700&PrivNet=sdfmilan114.sdf.slac.stanford.edu&addrs=172.24.48.186-33679&alias=sdfmilan114.sdf.slac.stanford.edu>
	SlotName: slot_abrought_14493_1_3@sdfmilan114.sdf.slac.stanford.edu
...
006 (1970109.000.000) 2023-12-14 02:21:07 Image size of job updated: 337000
	124  -  MemoryUsage of job (MB)
	126860  -  ResidentSetSize of job (KB)
...
006 (1970109.000.000) 2023-12-14 02:21:55 Image size of job updated: 2104912
	1300  -  MemoryUsage of job (MB)
	1331032  -  ResidentSetSize of job (KB)
...
040 (1970109.000.000) 2023-12-14 02:21:55 Started transferring output files
...
040 (1970109.000.000) 2023-12-14 02:21:55 Finished transferring output files
...
005 (1970109.000.000) 2023-12-14 02:21:55 Job terminated.
	(1) Normal termination (return value 0)
		Usr 0 00:00:17, Sys 0 00:00:03  -  Run Remote Usage
		Usr 0 00:00:00, Sys 0 00:00:00  -  Run Local Usage
		Usr 0 00:00:17, Sys 0 00:00:03  -  Total Remote Usage
		Usr 0 00:00:00, Sys 0 00:00:00  -  Total Local Usage
	19075  -  Run Bytes Sent By Job
	0  -  Run Bytes Received By Job
	19075  -  Total Bytes Sent By Job
	0  -  Total Bytes Received By Job
	Partitionable Resources :    Usage  Request Allocated 
	   Cpus                 :     0.81        1         1 
	   Disk (KB)            :    97           2    312193 
	   Memory (MB)          :  1300        2048      2048 

	Job terminated of its own accord at 2023-12-14T10:21:54Z with exit-code 0.
...
