000 (1972207.000.000) 2023-12-14 02:17:42 Job submitted from host: <172.24.33.226:11547?addrs=172.24.33.226-11547&alias=sdfrome002.sdf.slac.stanford.edu>
    DAG Node: 74d3efc3-6867-4da2-864b-6b0b2d1507f8_ptcIsr_2023111300791_23
...
040 (1972207.000.000) 2023-12-14 02:27:09 Finished transferring input files
...
001 (1972207.000.000) 2023-12-14 02:27:09 Job executing on host: <172.24.33.124:39661?CCBID=172.24.33.225:9618%3faddrs%3d172.24.33.225-9618%26alias%3dsdfrome001.sdf.slac.stanford.edu#6220018&PrivNet=sdfrome059.sdf.slac.stanford.edu&addrs=172.24.33.124-39661&alias=sdfrome059.sdf.slac.stanford.edu>
	SlotName: slot_abrought_25802_1_11@sdfrome059.sdf.slac.stanford.edu
...
006 (1972207.000.000) 2023-12-14 02:27:18 Image size of job updated: 337028
	124  -  MemoryUsage of job (MB)
	126744  -  ResidentSetSize of job (KB)
...
006 (1972207.000.000) 2023-12-14 02:27:55 Image size of job updated: 2261888
	608  -  MemoryUsage of job (MB)
	622148  -  ResidentSetSize of job (KB)
...
040 (1972207.000.000) 2023-12-14 02:27:55 Started transferring output files
...
040 (1972207.000.000) 2023-12-14 02:27:55 Finished transferring output files
...
005 (1972207.000.000) 2023-12-14 02:27:55 Job terminated.
	(1) Normal termination (return value 0)
		Usr 0 00:00:27, Sys 0 00:00:05  -  Run Remote Usage
		Usr 0 00:00:00, Sys 0 00:00:00  -  Run Local Usage
		Usr 0 00:00:27, Sys 0 00:00:05  -  Total Remote Usage
		Usr 0 00:00:00, Sys 0 00:00:00  -  Total Local Usage
	19072  -  Run Bytes Sent By Job
	0  -  Run Bytes Received By Job
	19072  -  Total Bytes Sent By Job
	0  -  Total Bytes Received By Job
	Partitionable Resources :    Usage  Request Allocated 
	   Cpus                 :                 1         1 
	   Disk (KB)            :       91        2    312194 
	   Memory (MB)          :      608     2048      2048 

	Job terminated of its own accord at 2023-12-14T10:27:55Z with exit-code 0.
...
