000 (1972046.000.000) 2023-12-14 02:17:40 Job submitted from host: <172.24.33.226:11547?addrs=172.24.33.226-11547&alias=sdfrome002.sdf.slac.stanford.edu>
    DAG Node: 5c31dc63-e7a9-47b9-acd3-af8c77696f69_ptcIsr_2023111201647_23
...
040 (1972046.000.000) 2023-12-14 02:26:48 Finished transferring input files
...
001 (1972046.000.000) 2023-12-14 02:26:48 Job executing on host: <172.24.33.143:37205?CCBID=172.24.33.225:9618%3faddrs%3d172.24.33.225-9618%26alias%3dsdfrome001.sdf.slac.stanford.edu#6220499&PrivNet=sdfrome078.sdf.slac.stanford.edu&addrs=172.24.33.143-37205&alias=sdfrome078.sdf.slac.stanford.edu>
	SlotName: slot_abrought_7348_1_17@sdfrome078.sdf.slac.stanford.edu
...
006 (1972046.000.000) 2023-12-14 02:26:57 Image size of job updated: 271104
	66  -  MemoryUsage of job (MB)
	66644  -  ResidentSetSize of job (KB)
...
006 (1972046.000.000) 2023-12-14 02:27:59 Image size of job updated: 2242092
	66  -  MemoryUsage of job (MB)
	66644  -  ResidentSetSize of job (KB)
...
040 (1972046.000.000) 2023-12-14 02:28:00 Started transferring output files
...
040 (1972046.000.000) 2023-12-14 02:28:00 Finished transferring output files
...
005 (1972046.000.000) 2023-12-14 02:28:00 Job terminated.
	(1) Normal termination (return value 0)
		Usr 0 00:00:23, Sys 0 00:00:03  -  Run Remote Usage
		Usr 0 00:00:00, Sys 0 00:00:00  -  Run Local Usage
		Usr 0 00:00:23, Sys 0 00:00:03  -  Total Remote Usage
		Usr 0 00:00:00, Sys 0 00:00:00  -  Total Local Usage
	19073  -  Run Bytes Sent By Job
	0  -  Run Bytes Received By Job
	19073  -  Total Bytes Sent By Job
	0  -  Total Bytes Received By Job
	Partitionable Resources :    Usage  Request Allocated 
	   Cpus                 :                 1         1 
	   Disk (KB)            :       91        2    312194 
	   Memory (MB)          :       66     2048      2048 

	Job terminated of its own accord at 2023-12-14T10:27:59Z with exit-code 0.
...
