000 (1970297.000.000) 2023-12-14 02:17:18 Job submitted from host: <172.24.33.226:11547?addrs=172.24.33.226-11547&alias=sdfrome002.sdf.slac.stanford.edu>
    DAG Node: f4d647df-880a-4ed8-9a1c-4f6051650a54_ptcIsr_2023111100856_23
...
040 (1970297.000.000) 2023-12-14 02:21:29 Finished transferring input files
...
001 (1970297.000.000) 2023-12-14 02:21:29 Job executing on host: <172.24.33.124:44469?CCBID=172.24.33.225:9618%3faddrs%3d172.24.33.225-9618%26alias%3dsdfrome001.sdf.slac.stanford.edu#6220017&PrivNet=sdfrome059.sdf.slac.stanford.edu&addrs=172.24.33.124-44469&alias=sdfrome059.sdf.slac.stanford.edu>
	SlotName: slot_abrought_2668_1_8@sdfrome059.sdf.slac.stanford.edu
...
006 (1970297.000.000) 2023-12-14 02:21:38 Image size of job updated: 277236
	71  -  MemoryUsage of job (MB)
	72380  -  ResidentSetSize of job (KB)
...
006 (1970297.000.000) 2023-12-14 02:22:30 Image size of job updated: 2194920
	618  -  MemoryUsage of job (MB)
	632304  -  ResidentSetSize of job (KB)
...
040 (1970297.000.000) 2023-12-14 02:22:30 Started transferring output files
...
040 (1970297.000.000) 2023-12-14 02:22:30 Finished transferring output files
...
005 (1970297.000.000) 2023-12-14 02:22:31 Job terminated.
	(1) Normal termination (return value 0)
		Usr 0 00:00:22, Sys 0 00:00:03  -  Run Remote Usage
		Usr 0 00:00:00, Sys 0 00:00:00  -  Run Local Usage
		Usr 0 00:00:22, Sys 0 00:00:03  -  Total Remote Usage
		Usr 0 00:00:00, Sys 0 00:00:00  -  Total Local Usage
	18805  -  Run Bytes Sent By Job
	0  -  Run Bytes Received By Job
	18805  -  Total Bytes Sent By Job
	0  -  Total Bytes Received By Job
	Partitionable Resources :    Usage  Request Allocated 
	   Cpus                 :                 1         1 
	   Disk (KB)            :       90        2    312194 
	   Memory (MB)          :      618     2048      2048 

	Job terminated of its own accord at 2023-12-14T10:22:29Z with exit-code 0.
...
