000 (1970453.000.000) 2023-12-14 02:17:19 Job submitted from host: <172.24.33.226:11547?addrs=172.24.33.226-11547&alias=sdfrome002.sdf.slac.stanford.edu>
    DAG Node: 6a3efb40-9703-4599-ab0a-9d10f93655a7_ptcIsr_2023111201028_23
...
040 (1970453.000.000) 2023-12-14 02:21:56 Finished transferring input files
...
001 (1970453.000.000) 2023-12-14 02:21:56 Job executing on host: <172.24.33.143:42517?CCBID=172.24.33.225:9618%3faddrs%3d172.24.33.225-9618%26alias%3dsdfrome001.sdf.slac.stanford.edu#6220496&PrivNet=sdfrome078.sdf.slac.stanford.edu&addrs=172.24.33.143-42517&alias=sdfrome078.sdf.slac.stanford.edu>
	SlotName: slot_abrought_19079_1_1@sdfrome078.sdf.slac.stanford.edu
...
006 (1970453.000.000) 2023-12-14 02:22:05 Image size of job updated: 414260
	175  -  MemoryUsage of job (MB)
	178352  -  ResidentSetSize of job (KB)
...
006 (1970453.000.000) 2023-12-14 02:22:55 Image size of job updated: 2226668
	175  -  MemoryUsage of job (MB)
	178352  -  ResidentSetSize of job (KB)
...
040 (1970453.000.000) 2023-12-14 02:22:55 Started transferring output files
...
040 (1970453.000.000) 2023-12-14 02:22:55 Finished transferring output files
...
005 (1970453.000.000) 2023-12-14 02:22:55 Job terminated.
	(1) Normal termination (return value 0)
		Usr 0 00:00:31, Sys 0 00:00:07  -  Run Remote Usage
		Usr 0 00:00:00, Sys 0 00:00:00  -  Run Local Usage
		Usr 0 00:00:31, Sys 0 00:00:07  -  Total Remote Usage
		Usr 0 00:00:00, Sys 0 00:00:00  -  Total Local Usage
	18803  -  Run Bytes Sent By Job
	0  -  Run Bytes Received By Job
	18803  -  Total Bytes Sent By Job
	0  -  Total Bytes Received By Job
	Partitionable Resources :    Usage  Request Allocated 
	   Cpus                 :                 1         1 
	   Disk (KB)            :       90        2    312194 
	   Memory (MB)          :      175     2048      2048 

	Job terminated of its own accord at 2023-12-14T10:22:55Z with exit-code 0.
...
