000 (1972532.000.000) 2023-12-14 02:17:46 Job submitted from host: <172.24.33.226:11547?addrs=172.24.33.226-11547&alias=sdfrome002.sdf.slac.stanford.edu>
    DAG Node: fc8bf545-67b4-431a-a04f-797149396d1c_ptcIsr_2023111201563_23
...
040 (1972532.000.000) 2023-12-14 02:28:09 Finished transferring input files
...
001 (1972532.000.000) 2023-12-14 02:28:09 Job executing on host: <172.24.33.143:42517?CCBID=172.24.33.225:9618%3faddrs%3d172.24.33.225-9618%26alias%3dsdfrome001.sdf.slac.stanford.edu#6220496&PrivNet=sdfrome078.sdf.slac.stanford.edu&addrs=172.24.33.143-42517&alias=sdfrome078.sdf.slac.stanford.edu>
	SlotName: slot_abrought_19079_1_19@sdfrome078.sdf.slac.stanford.edu
...
006 (1972532.000.000) 2023-12-14 02:28:18 Image size of job updated: 448152
	197  -  MemoryUsage of job (MB)
	200848  -  ResidentSetSize of job (KB)
...
006 (1972532.000.000) 2023-12-14 02:28:53 Image size of job updated: 2261884
	612  -  MemoryUsage of job (MB)
	625920  -  ResidentSetSize of job (KB)
...
040 (1972532.000.000) 2023-12-14 02:28:54 Started transferring output files
...
040 (1972532.000.000) 2023-12-14 02:28:54 Finished transferring output files
...
005 (1972532.000.000) 2023-12-14 02:28:54 Job terminated.
	(1) Normal termination (return value 0)
		Usr 0 00:00:28, Sys 0 00:00:04  -  Run Remote Usage
		Usr 0 00:00:00, Sys 0 00:00:00  -  Run Local Usage
		Usr 0 00:00:28, Sys 0 00:00:04  -  Total Remote Usage
		Usr 0 00:00:00, Sys 0 00:00:00  -  Total Local Usage
	19075  -  Run Bytes Sent By Job
	0  -  Run Bytes Received By Job
	19075  -  Total Bytes Sent By Job
	0  -  Total Bytes Received By Job
	Partitionable Resources :    Usage  Request Allocated 
	   Cpus                 :                 1         1 
	   Disk (KB)            :       91        2    312194 
	   Memory (MB)          :      612     2048      2048 

	Job terminated of its own accord at 2023-12-14T10:28:53Z with exit-code 0.
...
