000 (1973130.000.000) 2023-12-14 02:17:53 Job submitted from host: <172.24.33.226:11547?addrs=172.24.33.226-11547&alias=sdfrome002.sdf.slac.stanford.edu>
    DAG Node: b1d354b4-d58a-4faf-a012-839469b94174_ptcIsr_2023111203705_23
...
040 (1973130.000.000) 2023-12-14 02:29:56 Finished transferring input files
...
001 (1973130.000.000) 2023-12-14 02:29:56 Job executing on host: <172.24.33.124:39697?CCBID=172.24.33.225:9618%3faddrs%3d172.24.33.225-9618%26alias%3dsdfrome001.sdf.slac.stanford.edu#6220015&PrivNet=sdfrome059.sdf.slac.stanford.edu&addrs=172.24.33.124-39697&alias=sdfrome059.sdf.slac.stanford.edu>
	SlotName: slot_abrought_7836_1_21@sdfrome059.sdf.slac.stanford.edu
...
006 (1973130.000.000) 2023-12-14 02:30:05 Image size of job updated: 272904
	67  -  MemoryUsage of job (MB)
	68288  -  ResidentSetSize of job (KB)
...
006 (1973130.000.000) 2023-12-14 02:30:50 Image size of job updated: 2127520
	642  -  MemoryUsage of job (MB)
	657156  -  ResidentSetSize of job (KB)
...
040 (1973130.000.000) 2023-12-14 02:30:50 Started transferring output files
...
040 (1973130.000.000) 2023-12-14 02:30:50 Finished transferring output files
...
005 (1973130.000.000) 2023-12-14 02:30:50 Job terminated.
	(1) Normal termination (return value 0)
		Usr 0 00:00:23, Sys 0 00:00:04  -  Run Remote Usage
		Usr 0 00:00:00, Sys 0 00:00:00  -  Run Local Usage
		Usr 0 00:00:23, Sys 0 00:00:04  -  Total Remote Usage
		Usr 0 00:00:00, Sys 0 00:00:00  -  Total Local Usage
	18802  -  Run Bytes Sent By Job
	0  -  Run Bytes Received By Job
	18802  -  Total Bytes Sent By Job
	0  -  Total Bytes Received By Job
	Partitionable Resources :    Usage  Request Allocated 
	   Cpus                 :                 1         1 
	   Disk (KB)            :       91        2    312194 
	   Memory (MB)          :      642     2048      2048 

	Job terminated of its own accord at 2023-12-14T10:30:50Z with exit-code 0.
...
