000 (1970671.000.000) 2023-12-14 02:17:24 Job submitted from host: <172.24.33.226:11547?addrs=172.24.33.226-11547&alias=sdfrome002.sdf.slac.stanford.edu>
    DAG Node: 3bfa3522-0336-44a7-851b-aa90c0118512_ptcIsr_2023111202798_23
...
040 (1970671.000.000) 2023-12-14 02:22:46 Finished transferring input files
...
001 (1970671.000.000) 2023-12-14 02:22:46 Job executing on host: <172.24.33.124:44469?CCBID=172.24.33.225:9618%3faddrs%3d172.24.33.225-9618%26alias%3dsdfrome001.sdf.slac.stanford.edu#6220017&PrivNet=sdfrome059.sdf.slac.stanford.edu&addrs=172.24.33.124-44469&alias=sdfrome059.sdf.slac.stanford.edu>
	SlotName: slot_abrought_2668_1_1@sdfrome059.sdf.slac.stanford.edu
...
006 (1970671.000.000) 2023-12-14 02:22:55 Image size of job updated: 327560
	114  -  MemoryUsage of job (MB)
	116648  -  ResidentSetSize of job (KB)
...
006 (1970671.000.000) 2023-12-14 02:23:54 Image size of job updated: 2108132
	632  -  MemoryUsage of job (MB)
	646296  -  ResidentSetSize of job (KB)
...
040 (1970671.000.000) 2023-12-14 02:23:54 Started transferring output files
...
040 (1970671.000.000) 2023-12-14 02:23:54 Finished transferring output files
...
005 (1970671.000.000) 2023-12-14 02:23:54 Job terminated.
	(1) Normal termination (return value 0)
		Usr 0 00:00:21, Sys 0 00:00:06  -  Run Remote Usage
		Usr 0 00:00:00, Sys 0 00:00:00  -  Run Local Usage
		Usr 0 00:00:21, Sys 0 00:00:06  -  Total Remote Usage
		Usr 0 00:00:00, Sys 0 00:00:00  -  Total Local Usage
	18804  -  Run Bytes Sent By Job
	0  -  Run Bytes Received By Job
	18804  -  Total Bytes Sent By Job
	0  -  Total Bytes Received By Job
	Partitionable Resources :    Usage  Request Allocated 
	   Cpus                 :                 1         1 
	   Disk (KB)            :       90        2    312194 
	   Memory (MB)          :      632     2048      2048 

	Job terminated of its own accord at 2023-12-14T10:23:54Z with exit-code 0.
...
