000 (1971767.000.000) 2023-12-14 02:17:37 Job submitted from host: <172.24.33.226:11547?addrs=172.24.33.226-11547&alias=sdfrome002.sdf.slac.stanford.edu>
    DAG Node: b6a3030c-e130-43c2-9fde-3e1e0235a673_ptcIsr_2023111200371_23
...
040 (1971767.000.000) 2023-12-14 02:26:01 Finished transferring input files
...
001 (1971767.000.000) 2023-12-14 02:26:01 Job executing on host: <172.24.33.124:44469?CCBID=172.24.33.225:9618%3faddrs%3d172.24.33.225-9618%26alias%3dsdfrome001.sdf.slac.stanford.edu#6220017&PrivNet=sdfrome059.sdf.slac.stanford.edu&addrs=172.24.33.124-44469&alias=sdfrome059.sdf.slac.stanford.edu>
	SlotName: slot_abrought_2668_1_12@sdfrome059.sdf.slac.stanford.edu
...
006 (1971767.000.000) 2023-12-14 02:26:09 Image size of job updated: 287436
	80  -  MemoryUsage of job (MB)
	81536  -  ResidentSetSize of job (KB)
...
006 (1971767.000.000) 2023-12-14 02:27:01 Image size of job updated: 2068520
	635  -  MemoryUsage of job (MB)
	649584  -  ResidentSetSize of job (KB)
...
040 (1971767.000.000) 2023-12-14 02:27:01 Started transferring output files
...
040 (1971767.000.000) 2023-12-14 02:27:01 Finished transferring output files
...
005 (1971767.000.000) 2023-12-14 02:27:01 Job terminated.
	(1) Normal termination (return value 0)
		Usr 0 00:00:21, Sys 0 00:00:04  -  Run Remote Usage
		Usr 0 00:00:00, Sys 0 00:00:00  -  Run Local Usage
		Usr 0 00:00:21, Sys 0 00:00:04  -  Total Remote Usage
		Usr 0 00:00:00, Sys 0 00:00:00  -  Total Local Usage
	18802  -  Run Bytes Sent By Job
	0  -  Run Bytes Received By Job
	18802  -  Total Bytes Sent By Job
	0  -  Total Bytes Received By Job
	Partitionable Resources :    Usage  Request Allocated 
	   Cpus                 :                 1         1 
	   Disk (KB)            :       90        2    312194 
	   Memory (MB)          :      635     2048      2048 

	Job terminated of its own accord at 2023-12-14T10:27:01Z with exit-code 0.
...
