000 (1969323.000.000) 2023-12-14 02:17:07 Job submitted from host: <172.24.33.226:11547?addrs=172.24.33.226-11547&alias=sdfrome002.sdf.slac.stanford.edu>
    DAG Node: bddcc522-7383-4262-b398-21305c09f4c7_ptcIsr_2023111200342_23
...
040 (1969323.000.000) 2023-12-14 02:17:08 Finished transferring input files
...
001 (1969323.000.000) 2023-12-14 02:17:08 Job executing on host: <172.24.48.186:33679?CCBID=172.24.33.225:9618%3faddrs%3d172.24.33.225-9618%26alias%3dsdfrome001.sdf.slac.stanford.edu#6219700&PrivNet=sdfmilan114.sdf.slac.stanford.edu&addrs=172.24.48.186-33679&alias=sdfmilan114.sdf.slac.stanford.edu>
	SlotName: slot_abrought_14493_1_1@sdfmilan114.sdf.slac.stanford.edu
...
006 (1969323.000.000) 2023-12-14 02:17:17 Image size of job updated: 353900
	139  -  MemoryUsage of job (MB)
	142016  -  ResidentSetSize of job (KB)
...
006 (1969323.000.000) 2023-12-14 02:17:59 Image size of job updated: 2321376
	664  -  MemoryUsage of job (MB)
	678952  -  ResidentSetSize of job (KB)
...
040 (1969323.000.000) 2023-12-14 02:17:59 Started transferring output files
...
040 (1969323.000.000) 2023-12-14 02:17:59 Finished transferring output files
...
005 (1969323.000.000) 2023-12-14 02:17:59 Job terminated.
	(1) Normal termination (return value 0)
		Usr 0 00:00:20, Sys 0 00:00:03  -  Run Remote Usage
		Usr 0 00:00:00, Sys 0 00:00:00  -  Run Local Usage
		Usr 0 00:00:20, Sys 0 00:00:03  -  Total Remote Usage
		Usr 0 00:00:00, Sys 0 00:00:00  -  Total Local Usage
	18803  -  Run Bytes Sent By Job
	0  -  Run Bytes Received By Job
	18803  -  Total Bytes Sent By Job
	0  -  Total Bytes Received By Job
	Partitionable Resources :    Usage  Request Allocated 
	   Cpus                 :                 1         1 
	   Disk (KB)            :       90        2    312193 
	   Memory (MB)          :      664     2048      2048 

	Job terminated of its own accord at 2023-12-14T10:17:59Z with exit-code 0.
...
