000 (1971663.000.000) 2023-12-14 02:17:36 Job submitted from host: <172.24.33.226:11547?addrs=172.24.33.226-11547&alias=sdfrome002.sdf.slac.stanford.edu>
    DAG Node: d9b79428-2cac-4fa9-990d-13aded927f2a_ptcIsr_2023111203432_23
...
040 (1971663.000.000) 2023-12-14 02:25:34 Finished transferring input files
...
001 (1971663.000.000) 2023-12-14 02:25:34 Job executing on host: <172.24.33.143:42517?CCBID=172.24.33.225:9618%3faddrs%3d172.24.33.225-9618%26alias%3dsdfrome001.sdf.slac.stanford.edu#6220496&PrivNet=sdfrome078.sdf.slac.stanford.edu&addrs=172.24.33.143-42517&alias=sdfrome078.sdf.slac.stanford.edu>
	SlotName: slot_abrought_19079_1_12@sdfrome078.sdf.slac.stanford.edu
...
006 (1971663.000.000) 2023-12-14 02:25:42 Image size of job updated: 463480
	208  -  MemoryUsage of job (MB)
	212256  -  ResidentSetSize of job (KB)
...
006 (1971663.000.000) 2023-12-14 02:26:18 Image size of job updated: 2170536
	614  -  MemoryUsage of job (MB)
	628316  -  ResidentSetSize of job (KB)
...
040 (1971663.000.000) 2023-12-14 02:26:18 Started transferring output files
...
040 (1971663.000.000) 2023-12-14 02:26:18 Finished transferring output files
...
005 (1971663.000.000) 2023-12-14 02:26:18 Job terminated.
	(1) Normal termination (return value 0)
		Usr 0 00:00:25, Sys 0 00:00:04  -  Run Remote Usage
		Usr 0 00:00:00, Sys 0 00:00:00  -  Run Local Usage
		Usr 0 00:00:25, Sys 0 00:00:04  -  Total Remote Usage
		Usr 0 00:00:00, Sys 0 00:00:00  -  Total Local Usage
	19073  -  Run Bytes Sent By Job
	0  -  Run Bytes Received By Job
	19073  -  Total Bytes Sent By Job
	0  -  Total Bytes Received By Job
	Partitionable Resources :    Usage  Request Allocated 
	   Cpus                 :     0.47        1         1 
	   Disk (KB)            :    97           2    312194 
	   Memory (MB)          :   614        2048      2048 

	Job terminated of its own accord at 2023-12-14T10:26:18Z with exit-code 0.
...
