000 (1970789.000.000) 2023-12-14 02:17:24 Job submitted from host: <172.24.33.226:11547?addrs=172.24.33.226-11547&alias=sdfrome002.sdf.slac.stanford.edu>
    DAG Node: c441ec4b-dc8a-4547-ba11-fcbb9a37a869_ptcIsr_2023111203413_23
...
040 (1970789.000.000) 2023-12-14 02:23:05 Finished transferring input files
...
001 (1970789.000.000) 2023-12-14 02:23:05 Job executing on host: <172.24.33.213:33037?CCBID=172.24.33.225:9618%3faddrs%3d172.24.33.225-9618%26alias%3dsdfrome001.sdf.slac.stanford.edu#6220039&PrivNet=sdfrome022.sdf.slac.stanford.edu&addrs=172.24.33.213-33037&alias=sdfrome022.sdf.slac.stanford.edu>
	SlotName: slot_abrought_15721_1_3@sdfrome022.sdf.slac.stanford.edu
...
006 (1970789.000.000) 2023-12-14 02:23:14 Image size of job updated: 290944
	84  -  MemoryUsage of job (MB)
	85272  -  ResidentSetSize of job (KB)
...
006 (1970789.000.000) 2023-12-14 02:24:03 Image size of job updated: 2032468
	84  -  MemoryUsage of job (MB)
	85272  -  ResidentSetSize of job (KB)
...
040 (1970789.000.000) 2023-12-14 02:24:04 Started transferring output files
...
040 (1970789.000.000) 2023-12-14 02:24:04 Finished transferring output files
...
005 (1970789.000.000) 2023-12-14 02:24:04 Job terminated.
	(1) Normal termination (return value 0)
		Usr 0 00:00:21, Sys 0 00:00:04  -  Run Remote Usage
		Usr 0 00:00:00, Sys 0 00:00:00  -  Run Local Usage
		Usr 0 00:00:21, Sys 0 00:00:04  -  Total Remote Usage
		Usr 0 00:00:00, Sys 0 00:00:00  -  Total Local Usage
	18804  -  Run Bytes Sent By Job
	0  -  Run Bytes Received By Job
	18804  -  Total Bytes Sent By Job
	0  -  Total Bytes Received By Job
	Partitionable Resources :    Usage  Request Allocated 
	   Cpus                 :                 1         1 
	   Disk (KB)            :       90        2    312194 
	   Memory (MB)          :       84     2048      2048 

	Job terminated of its own accord at 2023-12-14T10:24:03Z with exit-code 0.
...
