000 (1971080.000.000) 2023-12-14 02:17:29 Job submitted from host: <172.24.33.226:11547?addrs=172.24.33.226-11547&alias=sdfrome002.sdf.slac.stanford.edu>
    DAG Node: 492051c1-e87d-4089-b456-7bc945410761_ptcIsr_2023111201601_23
...
040 (1971080.000.000) 2023-12-14 02:23:57 Finished transferring input files
...
001 (1971080.000.000) 2023-12-14 02:23:57 Job executing on host: <172.24.33.124:44469?CCBID=172.24.33.225:9618%3faddrs%3d172.24.33.225-9618%26alias%3dsdfrome001.sdf.slac.stanford.edu#6220017&PrivNet=sdfrome059.sdf.slac.stanford.edu&addrs=172.24.33.124-44469&alias=sdfrome059.sdf.slac.stanford.edu>
	SlotName: slot_abrought_2668_1_6@sdfrome059.sdf.slac.stanford.edu
...
006 (1971080.000.000) 2023-12-14 02:24:06 Image size of job updated: 290804
	83  -  MemoryUsage of job (MB)
	84204  -  ResidentSetSize of job (KB)
...
006 (1971080.000.000) 2023-12-14 02:25:01 Image size of job updated: 2252148
	83  -  MemoryUsage of job (MB)
	84204  -  ResidentSetSize of job (KB)
...
040 (1971080.000.000) 2023-12-14 02:25:01 Started transferring output files
...
040 (1971080.000.000) 2023-12-14 02:25:01 Finished transferring output files
...
005 (1971080.000.000) 2023-12-14 02:25:01 Job terminated.
	(1) Normal termination (return value 0)
		Usr 0 00:00:17, Sys 0 00:00:03  -  Run Remote Usage
		Usr 0 00:00:00, Sys 0 00:00:00  -  Run Local Usage
		Usr 0 00:00:17, Sys 0 00:00:03  -  Total Remote Usage
		Usr 0 00:00:00, Sys 0 00:00:00  -  Total Local Usage
	18975  -  Run Bytes Sent By Job
	0  -  Run Bytes Received By Job
	18975  -  Total Bytes Sent By Job
	0  -  Total Bytes Received By Job
	Partitionable Resources :    Usage  Request Allocated 
	   Cpus                 :     0.25        1         1 
	   Disk (KB)            :    97           2    312194 
	   Memory (MB)          :    83        2048      2048 

	Job terminated of its own accord at 2023-12-14T10:25:01Z with exit-code 0.
...
