000 (1970638.000.000) 2023-12-14 02:17:24 Job submitted from host: <172.24.33.226:11547?addrs=172.24.33.226-11547&alias=sdfrome002.sdf.slac.stanford.edu>
    DAG Node: 10cb28af-4f58-4d96-b729-ad3f1d466588_ptcIsr_2023111203444_23
...
040 (1970638.000.000) 2023-12-14 02:22:37 Finished transferring input files
...
001 (1970638.000.000) 2023-12-14 02:22:37 Job executing on host: <172.24.33.124:44469?CCBID=172.24.33.225:9618%3faddrs%3d172.24.33.225-9618%26alias%3dsdfrome001.sdf.slac.stanford.edu#6220017&PrivNet=sdfrome059.sdf.slac.stanford.edu&addrs=172.24.33.124-44469&alias=sdfrome059.sdf.slac.stanford.edu>
	SlotName: slot_abrought_2668_1_13@sdfrome059.sdf.slac.stanford.edu
...
006 (1970638.000.000) 2023-12-14 02:22:46 Image size of job updated: 269452
	63  -  MemoryUsage of job (MB)
	64340  -  ResidentSetSize of job (KB)
...
006 (1970638.000.000) 2023-12-14 02:23:50 Image size of job updated: 2103004
	63  -  MemoryUsage of job (MB)
	64340  -  ResidentSetSize of job (KB)
...
040 (1970638.000.000) 2023-12-14 02:23:50 Started transferring output files
...
040 (1970638.000.000) 2023-12-14 02:23:50 Finished transferring output files
...
005 (1970638.000.000) 2023-12-14 02:23:50 Job terminated.
	(1) Normal termination (return value 0)
		Usr 0 00:00:21, Sys 0 00:00:06  -  Run Remote Usage
		Usr 0 00:00:00, Sys 0 00:00:00  -  Run Local Usage
		Usr 0 00:00:21, Sys 0 00:00:06  -  Total Remote Usage
		Usr 0 00:00:00, Sys 0 00:00:00  -  Total Local Usage
	18803  -  Run Bytes Sent By Job
	0  -  Run Bytes Received By Job
	18803  -  Total Bytes Sent By Job
	0  -  Total Bytes Received By Job
	Partitionable Resources :    Usage  Request Allocated 
	   Cpus                 :                 1         1 
	   Disk (KB)            :       90        2    312194 
	   Memory (MB)          :       63     2048      2048 

	Job terminated of its own accord at 2023-12-14T10:23:50Z with exit-code 0.
...
