000 (1972941.000.000) 2023-12-14 02:17:50 Job submitted from host: <172.24.33.226:11547?addrs=172.24.33.226-11547&alias=sdfrome002.sdf.slac.stanford.edu>
    DAG Node: 5ee160e0-81c5-4c30-a7aa-fba27336c4fa_ptcIsr_2023111102025_23
...
040 (1972941.000.000) 2023-12-14 02:29:28 Finished transferring input files
...
001 (1972941.000.000) 2023-12-14 02:29:28 Job executing on host: <172.24.33.124:45647?CCBID=172.24.33.225:9618%3faddrs%3d172.24.33.225-9618%26alias%3dsdfrome001.sdf.slac.stanford.edu#6220016&PrivNet=sdfrome059.sdf.slac.stanford.edu&addrs=172.24.33.124-45647&alias=sdfrome059.sdf.slac.stanford.edu>
	SlotName: slot_abrought_13532_1_15@sdfrome059.sdf.slac.stanford.edu
...
006 (1972941.000.000) 2023-12-14 02:29:37 Image size of job updated: 69764
	34  -  MemoryUsage of job (MB)
	34388  -  ResidentSetSize of job (KB)
...
006 (1972941.000.000) 2023-12-14 02:32:35 Image size of job updated: 2068180
	617  -  MemoryUsage of job (MB)
	631524  -  ResidentSetSize of job (KB)
...
040 (1972941.000.000) 2023-12-14 02:32:36 Started transferring output files
...
040 (1972941.000.000) 2023-12-14 02:32:36 Finished transferring output files
...
005 (1972941.000.000) 2023-12-14 02:32:37 Job terminated.
	(1) Normal termination (return value 0)
		Usr 0 00:00:18, Sys 0 00:00:04  -  Run Remote Usage
		Usr 0 00:00:00, Sys 0 00:00:00  -  Run Local Usage
		Usr 0 00:00:18, Sys 0 00:00:04  -  Total Remote Usage
		Usr 0 00:00:00, Sys 0 00:00:00  -  Total Local Usage
	18805  -  Run Bytes Sent By Job
	0  -  Run Bytes Received By Job
	18805  -  Total Bytes Sent By Job
	0  -  Total Bytes Received By Job
	Partitionable Resources :    Usage  Request Allocated 
	   Cpus                 :                 1         1 
	   Disk (KB)            :       90        2    312194 
	   Memory (MB)          :      617     2048      2048 

	Job terminated of its own accord at 2023-12-14T10:32:35Z with exit-code 0.
...
