000 (1969403.000.000) 2023-12-14 02:17:08 Job submitted from host: <172.24.33.226:11547?addrs=172.24.33.226-11547&alias=sdfrome002.sdf.slac.stanford.edu>
    DAG Node: f8c374aa-c0f8-4d1a-9eaf-81ea54f577c8_ptcIsr_2023111200551_23
...
040 (1969403.000.000) 2023-12-14 02:17:10 Finished transferring input files
...
001 (1969403.000.000) 2023-12-14 02:17:10 Job executing on host: <172.24.48.185:41489?CCBID=172.24.33.225:9618%3faddrs%3d172.24.33.225-9618%26alias%3dsdfrome001.sdf.slac.stanford.edu#6219699&PrivNet=sdfmilan113.sdf.slac.stanford.edu&addrs=172.24.48.185-41489&alias=sdfmilan113.sdf.slac.stanford.edu>
	SlotName: slot_abrought_18623_1_14@sdfmilan113.sdf.slac.stanford.edu
...
006 (1969403.000.000) 2023-12-14 02:17:18 Image size of job updated: 266920
	61  -  MemoryUsage of job (MB)
	61732  -  ResidentSetSize of job (KB)
...
006 (1969403.000.000) 2023-12-14 02:18:21 Image size of job updated: 1999668
	635  -  MemoryUsage of job (MB)
	650208  -  ResidentSetSize of job (KB)
...
040 (1969403.000.000) 2023-12-14 02:18:21 Started transferring output files
...
040 (1969403.000.000) 2023-12-14 02:18:21 Finished transferring output files
...
005 (1969403.000.000) 2023-12-14 02:18:21 Job terminated.
	(1) Normal termination (return value 0)
		Usr 0 00:00:21, Sys 0 00:00:03  -  Run Remote Usage
		Usr 0 00:00:00, Sys 0 00:00:00  -  Run Local Usage
		Usr 0 00:00:21, Sys 0 00:00:03  -  Total Remote Usage
		Usr 0 00:00:00, Sys 0 00:00:00  -  Total Local Usage
	18533  -  Run Bytes Sent By Job
	0  -  Run Bytes Received By Job
	18533  -  Total Bytes Sent By Job
	0  -  Total Bytes Received By Job
	Partitionable Resources :    Usage  Request Allocated 
	   Cpus                 :                 1         1 
	   Disk (KB)            :       90        2    312194 
	   Memory (MB)          :      635     2048      2048 

	Job terminated of its own accord at 2023-12-14T10:18:21Z with exit-code 0.
...
