000 (1971122.000.000) 2023-12-14 02:17:30 Job submitted from host: <172.24.33.226:11547?addrs=172.24.33.226-11547&alias=sdfrome002.sdf.slac.stanford.edu>
    DAG Node: ab9d560e-72ab-44cf-bc08-adf38379a47a_ptcIsr_2023111300731_23
...
040 (1971122.000.000) 2023-12-14 02:24:05 Finished transferring input files
...
001 (1971122.000.000) 2023-12-14 02:24:05 Job executing on host: <172.24.48.159:36013?CCBID=172.24.33.225:9618%3faddrs%3d172.24.33.225-9618%26alias%3dsdfrome001.sdf.slac.stanford.edu#6219701&PrivNet=sdfmilan059.sdf.slac.stanford.edu&addrs=172.24.48.159-36013&alias=sdfmilan059.sdf.slac.stanford.edu>
	SlotName: slot_abrought_18206_1_10@sdfmilan059.sdf.slac.stanford.edu
...
006 (1971122.000.000) 2023-12-14 02:24:14 Image size of job updated: 263016
	58  -  MemoryUsage of job (MB)
	58432  -  ResidentSetSize of job (KB)
...
006 (1971122.000.000) 2023-12-14 02:27:26 Image size of job updated: 2102472
	59  -  MemoryUsage of job (MB)
	59736  -  ResidentSetSize of job (KB)
...
040 (1971122.000.000) 2023-12-14 02:27:27 Started transferring output files
...
040 (1971122.000.000) 2023-12-14 02:27:27 Finished transferring output files
...
005 (1971122.000.000) 2023-12-14 02:27:27 Job terminated.
	(1) Normal termination (return value 0)
		Usr 0 00:00:23, Sys 0 00:00:03  -  Run Remote Usage
		Usr 0 00:00:00, Sys 0 00:00:00  -  Run Local Usage
		Usr 0 00:00:23, Sys 0 00:00:03  -  Total Remote Usage
		Usr 0 00:00:00, Sys 0 00:00:00  -  Total Local Usage
	18803  -  Run Bytes Sent By Job
	0  -  Run Bytes Received By Job
	18803  -  Total Bytes Sent By Job
	0  -  Total Bytes Received By Job
	Partitionable Resources :    Usage  Request Allocated 
	   Cpus                 :     0.17        1         1 
	   Disk (KB)            :    97           2    312194 
	   Memory (MB)          :    59        2048      2048 

	Job terminated of its own accord at 2023-12-14T10:27:26Z with exit-code 0.
...
