000 (1970498.000.000) 2023-12-14 02:17:23 Job submitted from host: <172.24.33.226:11547?addrs=172.24.33.226-11547&alias=sdfrome002.sdf.slac.stanford.edu>
    DAG Node: 25763108-9164-45e9-9227-b0be1d18bac8_ptcIsr_2023111202448_23
...
040 (1970498.000.000) 2023-12-14 02:22:13 Finished transferring input files
...
001 (1970498.000.000) 2023-12-14 02:22:13 Job executing on host: <172.24.48.186:33679?CCBID=172.24.33.225:9618%3faddrs%3d172.24.33.225-9618%26alias%3dsdfrome001.sdf.slac.stanford.edu#6219700&PrivNet=sdfmilan114.sdf.slac.stanford.edu&addrs=172.24.48.186-33679&alias=sdfmilan114.sdf.slac.stanford.edu>
	SlotName: slot_abrought_14493_1_18@sdfmilan114.sdf.slac.stanford.edu
...
006 (1970498.000.000) 2023-12-14 02:22:21 Image size of job updated: 271108
	66  -  MemoryUsage of job (MB)
	66600  -  ResidentSetSize of job (KB)
...
006 (1970498.000.000) 2023-12-14 02:23:09 Image size of job updated: 2132236
	625  -  MemoryUsage of job (MB)
	639808  -  ResidentSetSize of job (KB)
...
040 (1970498.000.000) 2023-12-14 02:23:09 Started transferring output files
...
040 (1970498.000.000) 2023-12-14 02:23:09 Finished transferring output files
...
005 (1970498.000.000) 2023-12-14 02:23:09 Job terminated.
	(1) Normal termination (return value 0)
		Usr 0 00:00:21, Sys 0 00:00:02  -  Run Remote Usage
		Usr 0 00:00:00, Sys 0 00:00:00  -  Run Local Usage
		Usr 0 00:00:21, Sys 0 00:00:02  -  Total Remote Usage
		Usr 0 00:00:00, Sys 0 00:00:00  -  Total Local Usage
	19073  -  Run Bytes Sent By Job
	0  -  Run Bytes Received By Job
	19073  -  Total Bytes Sent By Job
	0  -  Total Bytes Received By Job
	Partitionable Resources :    Usage  Request Allocated 
	   Cpus                 :                 1         1 
	   Disk (KB)            :       91        2    312193 
	   Memory (MB)          :      625     2048      2048 

	Job terminated of its own accord at 2023-12-14T10:23:09Z with exit-code 0.
...
