000 (1972940.000.000) 2023-12-14 02:17:50 Job submitted from host: <172.24.33.226:11547?addrs=172.24.33.226-11547&alias=sdfrome002.sdf.slac.stanford.edu>
    DAG Node: 6bbf4637-61c1-4456-ad1f-44f2eafcb4a0_ptcIsr_2023111200431_23
...
040 (1972940.000.000) 2023-12-14 02:29:25 Finished transferring input files
...
001 (1972940.000.000) 2023-12-14 02:29:25 Job executing on host: <172.24.33.143:42517?CCBID=172.24.33.225:9618%3faddrs%3d172.24.33.225-9618%26alias%3dsdfrome001.sdf.slac.stanford.edu#6220496&PrivNet=sdfrome078.sdf.slac.stanford.edu&addrs=172.24.33.143-42517&alias=sdfrome078.sdf.slac.stanford.edu>
	SlotName: slot_abrought_19079_1_11@sdfrome078.sdf.slac.stanford.edu
...
006 (1972940.000.000) 2023-12-14 02:29:33 Image size of job updated: 337044
	124  -  MemoryUsage of job (MB)
	126752  -  ResidentSetSize of job (KB)
...
006 (1972940.000.000) 2023-12-14 02:30:05 Image size of job updated: 2127420
	654  -  MemoryUsage of job (MB)
	669516  -  ResidentSetSize of job (KB)
...
040 (1972940.000.000) 2023-12-14 02:30:05 Started transferring output files
...
040 (1972940.000.000) 2023-12-14 02:30:05 Finished transferring output files
...
005 (1972940.000.000) 2023-12-14 02:30:05 Job terminated.
	(1) Normal termination (return value 0)
		Usr 0 00:00:24, Sys 0 00:00:03  -  Run Remote Usage
		Usr 0 00:00:00, Sys 0 00:00:00  -  Run Local Usage
		Usr 0 00:00:24, Sys 0 00:00:03  -  Total Remote Usage
		Usr 0 00:00:00, Sys 0 00:00:00  -  Total Local Usage
	18802  -  Run Bytes Sent By Job
	0  -  Run Bytes Received By Job
	18802  -  Total Bytes Sent By Job
	0  -  Total Bytes Received By Job
	Partitionable Resources :    Usage  Request Allocated 
	   Cpus                 :                 1         1 
	   Disk (KB)            :       90        2    312194 
	   Memory (MB)          :      654     2048      2048 

	Job terminated of its own accord at 2023-12-14T10:30:05Z with exit-code 0.
...
