000 (1972858.000.000) 2023-12-14 02:17:49 Job submitted from host: <172.24.33.226:11547?addrs=172.24.33.226-11547&alias=sdfrome002.sdf.slac.stanford.edu>
    DAG Node: ebb9cc51-af5d-49a7-9446-4fa4f566498d_ptcIsr_2023111200018_23
...
040 (1972858.000.000) 2023-12-14 02:29:14 Finished transferring input files
...
001 (1972858.000.000) 2023-12-14 02:29:14 Job executing on host: <172.24.48.186:33679?CCBID=172.24.33.225:9618%3faddrs%3d172.24.33.225-9618%26alias%3dsdfrome001.sdf.slac.stanford.edu#6219700&PrivNet=sdfmilan114.sdf.slac.stanford.edu&addrs=172.24.48.186-33679&alias=sdfmilan114.sdf.slac.stanford.edu>
	SlotName: slot_abrought_14493_1_2@sdfmilan114.sdf.slac.stanford.edu
...
006 (1972858.000.000) 2023-12-14 02:29:22 Image size of job updated: 341720
	128  -  MemoryUsage of job (MB)
	130232  -  ResidentSetSize of job (KB)
...
006 (1972858.000.000) 2023-12-14 02:30:01 Image size of job updated: 2057792
	614  -  MemoryUsage of job (MB)
	628720  -  ResidentSetSize of job (KB)
...
040 (1972858.000.000) 2023-12-14 02:30:01 Started transferring output files
...
040 (1972858.000.000) 2023-12-14 02:30:01 Finished transferring output files
...
005 (1972858.000.000) 2023-12-14 02:30:02 Job terminated.
	(1) Normal termination (return value 0)
		Usr 0 00:00:19, Sys 0 00:00:03  -  Run Remote Usage
		Usr 0 00:00:00, Sys 0 00:00:00  -  Run Local Usage
		Usr 0 00:00:19, Sys 0 00:00:03  -  Total Remote Usage
		Usr 0 00:00:00, Sys 0 00:00:00  -  Total Local Usage
	18801  -  Run Bytes Sent By Job
	0  -  Run Bytes Received By Job
	18801  -  Total Bytes Sent By Job
	0  -  Total Bytes Received By Job
	Partitionable Resources :    Usage  Request Allocated 
	   Cpus                 :                 1         1 
	   Disk (KB)            :       90        2    312193 
	   Memory (MB)          :      614     2048      2048 

	Job terminated of its own accord at 2023-12-14T10:30:01Z with exit-code 0.
...
