000 (1969776.000.000) 2023-12-14 02:17:12 Job submitted from host: <172.24.33.226:11547?addrs=172.24.33.226-11547&alias=sdfrome002.sdf.slac.stanford.edu>
    DAG Node: 9e1dba76-f503-4bd2-bf00-d7199809da1e_ptcIsr_2023111202654_23
...
040 (1969776.000.000) 2023-12-14 02:20:09 Finished transferring input files
...
001 (1969776.000.000) 2023-12-14 02:20:09 Job executing on host: <172.24.33.124:44469?CCBID=172.24.33.225:9618%3faddrs%3d172.24.33.225-9618%26alias%3dsdfrome001.sdf.slac.stanford.edu#6220017&PrivNet=sdfrome059.sdf.slac.stanford.edu&addrs=172.24.33.124-44469&alias=sdfrome059.sdf.slac.stanford.edu>
	SlotName: slot_abrought_2668_1_3@sdfrome059.sdf.slac.stanford.edu
...
006 (1969776.000.000) 2023-12-14 02:20:19 Image size of job updated: 284140
	77  -  MemoryUsage of job (MB)
	78816  -  ResidentSetSize of job (KB)
...
006 (1969776.000.000) 2023-12-14 02:21:11 Image size of job updated: 2141180
	1364  -  MemoryUsage of job (MB)
	1396316  -  ResidentSetSize of job (KB)
...
040 (1969776.000.000) 2023-12-14 02:21:11 Started transferring output files
...
040 (1969776.000.000) 2023-12-14 02:21:11 Finished transferring output files
...
005 (1969776.000.000) 2023-12-14 02:21:11 Job terminated.
	(1) Normal termination (return value 0)
		Usr 0 00:00:15, Sys 0 00:00:08  -  Run Remote Usage
		Usr 0 00:00:00, Sys 0 00:00:00  -  Run Local Usage
		Usr 0 00:00:15, Sys 0 00:00:08  -  Total Remote Usage
		Usr 0 00:00:00, Sys 0 00:00:00  -  Total Local Usage
	19073  -  Run Bytes Sent By Job
	0  -  Run Bytes Received By Job
	19073  -  Total Bytes Sent By Job
	0  -  Total Bytes Received By Job
	Partitionable Resources :    Usage  Request Allocated 
	   Cpus                 :                 1         1 
	   Disk (KB)            :       90        2    312194 
	   Memory (MB)          :     1364     2048      2048 

	Job terminated of its own accord at 2023-12-14T10:21:11Z with exit-code 0.
...
