000 (1969626.000.000) 2023-12-14 02:17:11 Job submitted from host: <172.24.33.226:11547?addrs=172.24.33.226-11547&alias=sdfrome002.sdf.slac.stanford.edu>
    DAG Node: 68393a79-ec81-495c-82ea-912a6f6f6576_ptcIsr_2023111202553_23
...
040 (1969626.000.000) 2023-12-14 02:19:06 Finished transferring input files
...
001 (1969626.000.000) 2023-12-14 02:19:06 Job executing on host: <172.24.48.193:46283?CCBID=172.24.33.225:9618%3faddrs%3d172.24.33.225-9618%26alias%3dsdfrome001.sdf.slac.stanford.edu#6219697&PrivNet=sdfmilan121.sdf.slac.stanford.edu&addrs=172.24.48.193-46283&alias=sdfmilan121.sdf.slac.stanford.edu>
	SlotName: slot_abrought_10210_1_20@sdfmilan121.sdf.slac.stanford.edu
...
006 (1969626.000.000) 2023-12-14 02:19:15 Image size of job updated: 272900
	67  -  MemoryUsage of job (MB)
	68376  -  ResidentSetSize of job (KB)
...
006 (1969626.000.000) 2023-12-14 02:20:12 Image size of job updated: 2081008
	614  -  MemoryUsage of job (MB)
	628020  -  ResidentSetSize of job (KB)
...
040 (1969626.000.000) 2023-12-14 02:20:12 Started transferring output files
...
040 (1969626.000.000) 2023-12-14 02:20:12 Finished transferring output files
...
005 (1969626.000.000) 2023-12-14 02:20:12 Job terminated.
	(1) Normal termination (return value 0)
		Usr 0 00:00:22, Sys 0 00:00:04  -  Run Remote Usage
		Usr 0 00:00:00, Sys 0 00:00:00  -  Run Local Usage
		Usr 0 00:00:22, Sys 0 00:00:04  -  Total Remote Usage
		Usr 0 00:00:00, Sys 0 00:00:00  -  Total Local Usage
	18802  -  Run Bytes Sent By Job
	0  -  Run Bytes Received By Job
	18802  -  Total Bytes Sent By Job
	0  -  Total Bytes Received By Job
	Partitionable Resources :    Usage  Request Allocated 
	   Cpus                 :                 1         1 
	   Disk (KB)            :       90        2    311595 
	   Memory (MB)          :      614     2048      2048 

	Job terminated of its own accord at 2023-12-14T10:20:12Z with exit-code 0.
...
