000 (1972121.000.000) 2023-12-14 02:17:42 Job submitted from host: <172.24.33.226:11547?addrs=172.24.33.226-11547&alias=sdfrome002.sdf.slac.stanford.edu>
    DAG Node: 829dbc32-7c79-4649-aa03-d57faf97e2a6_ptcIsr_2023111203318_23
...
040 (1972121.000.000) 2023-12-14 02:26:56 Finished transferring input files
...
001 (1972121.000.000) 2023-12-14 02:26:56 Job executing on host: <172.24.33.143:42517?CCBID=172.24.33.225:9618%3faddrs%3d172.24.33.225-9618%26alias%3dsdfrome001.sdf.slac.stanford.edu#6220496&PrivNet=sdfrome078.sdf.slac.stanford.edu&addrs=172.24.33.143-42517&alias=sdfrome078.sdf.slac.stanford.edu>
	SlotName: slot_abrought_19079_1_17@sdfrome078.sdf.slac.stanford.edu
...
006 (1972121.000.000) 2023-12-14 02:27:05 Image size of job updated: 461852
	206  -  MemoryUsage of job (MB)
	210736  -  ResidentSetSize of job (KB)
...
006 (1972121.000.000) 2023-12-14 02:27:41 Image size of job updated: 2135460
	215  -  MemoryUsage of job (MB)
	219560  -  ResidentSetSize of job (KB)
...
040 (1972121.000.000) 2023-12-14 02:27:41 Started transferring output files
...
040 (1972121.000.000) 2023-12-14 02:27:41 Finished transferring output files
...
005 (1972121.000.000) 2023-12-14 02:27:41 Job terminated.
	(1) Normal termination (return value 0)
		Usr 0 00:00:24, Sys 0 00:00:04  -  Run Remote Usage
		Usr 0 00:00:00, Sys 0 00:00:00  -  Run Local Usage
		Usr 0 00:00:24, Sys 0 00:00:04  -  Total Remote Usage
		Usr 0 00:00:00, Sys 0 00:00:00  -  Total Local Usage
	18802  -  Run Bytes Sent By Job
	0  -  Run Bytes Received By Job
	18802  -  Total Bytes Sent By Job
	0  -  Total Bytes Received By Job
	Partitionable Resources :    Usage  Request Allocated 
	   Cpus                 :                 1         1 
	   Disk (KB)            :       90        2    312194 
	   Memory (MB)          :      215     2048      2048 

	Job terminated of its own accord at 2023-12-14T10:27:40Z with exit-code 0.
...
