000 (1972985.000.000) 2023-12-14 02:17:50 Job submitted from host: <172.24.33.226:11547?addrs=172.24.33.226-11547&alias=sdfrome002.sdf.slac.stanford.edu>
    DAG Node: ea57e648-8b51-45f3-b152-1d6935c14fcc_ptcIsr_2023111200951_23
...
040 (1972985.000.000) 2023-12-14 02:29:36 Finished transferring input files
...
001 (1972985.000.000) 2023-12-14 02:29:37 Job executing on host: <172.24.33.124:33703?CCBID=172.24.33.225:9618%3faddrs%3d172.24.33.225-9618%26alias%3dsdfrome001.sdf.slac.stanford.edu#6220014&PrivNet=sdfrome059.sdf.slac.stanford.edu&addrs=172.24.33.124-33703&alias=sdfrome059.sdf.slac.stanford.edu>
	SlotName: slot_abrought_11420_1_15@sdfrome059.sdf.slac.stanford.edu
...
006 (1972985.000.000) 2023-12-14 02:29:47 Image size of job updated: 276924
	70  -  MemoryUsage of job (MB)
	71464  -  ResidentSetSize of job (KB)
...
006 (1972985.000.000) 2023-12-14 02:33:54 Image size of job updated: 2117496
	627  -  MemoryUsage of job (MB)
	641232  -  ResidentSetSize of job (KB)
...
040 (1972985.000.000) 2023-12-14 02:33:54 Started transferring output files
...
040 (1972985.000.000) 2023-12-14 02:33:54 Finished transferring output files
...
005 (1972985.000.000) 2023-12-14 02:33:55 Job terminated.
	(1) Normal termination (return value 0)
		Usr 0 00:00:19, Sys 0 00:00:04  -  Run Remote Usage
		Usr 0 00:00:00, Sys 0 00:00:00  -  Run Local Usage
		Usr 0 00:00:19, Sys 0 00:00:04  -  Total Remote Usage
		Usr 0 00:00:00, Sys 0 00:00:00  -  Total Local Usage
	19074  -  Run Bytes Sent By Job
	0  -  Run Bytes Received By Job
	19074  -  Total Bytes Sent By Job
	0  -  Total Bytes Received By Job
	Partitionable Resources :    Usage  Request Allocated 
	   Cpus                 :                 1         1 
	   Disk (KB)            :       91        2    312194 
	   Memory (MB)          :      627     2048      2048 

	Job terminated of its own accord at 2023-12-14T10:33:54Z with exit-code 0.
...
