000 (1971492.000.000) 2023-12-14 02:17:32 Job submitted from host: <172.24.33.226:11547?addrs=172.24.33.226-11547&alias=sdfrome002.sdf.slac.stanford.edu>
    DAG Node: fd93a908-0c44-4782-98cb-be27584d983c_ptcIsr_2023111200231_23
...
040 (1971492.000.000) 2023-12-14 02:25:11 Finished transferring input files
...
001 (1971492.000.000) 2023-12-14 02:25:11 Job executing on host: <172.24.48.186:33679?CCBID=172.24.33.225:9618%3faddrs%3d172.24.33.225-9618%26alias%3dsdfrome001.sdf.slac.stanford.edu#6219700&PrivNet=sdfmilan114.sdf.slac.stanford.edu&addrs=172.24.48.186-33679&alias=sdfmilan114.sdf.slac.stanford.edu>
	SlotName: slot_abrought_14493_1_16@sdfmilan114.sdf.slac.stanford.edu
...
006 (1971492.000.000) 2023-12-14 02:25:20 Image size of job updated: 30064
	14  -  MemoryUsage of job (MB)
	14032  -  ResidentSetSize of job (KB)
...
006 (1971492.000.000) 2023-12-14 02:26:04 Image size of job updated: 2121464
	628  -  MemoryUsage of job (MB)
	642812  -  ResidentSetSize of job (KB)
...
040 (1971492.000.000) 2023-12-14 02:26:04 Started transferring output files
...
040 (1971492.000.000) 2023-12-14 02:26:04 Finished transferring output files
...
005 (1971492.000.000) 2023-12-14 02:26:04 Job terminated.
	(1) Normal termination (return value 0)
		Usr 0 00:00:21, Sys 0 00:00:03  -  Run Remote Usage
		Usr 0 00:00:00, Sys 0 00:00:00  -  Run Local Usage
		Usr 0 00:00:21, Sys 0 00:00:03  -  Total Remote Usage
		Usr 0 00:00:00, Sys 0 00:00:00  -  Total Local Usage
	19073  -  Run Bytes Sent By Job
	0  -  Run Bytes Received By Job
	19073  -  Total Bytes Sent By Job
	0  -  Total Bytes Received By Job
	Partitionable Resources :    Usage  Request Allocated 
	   Cpus                 :                 1         1 
	   Disk (KB)            :       91        2    312193 
	   Memory (MB)          :      628     2048      2048 

	Job terminated of its own accord at 2023-12-14T10:26:04Z with exit-code 0.
...
