000 (1972396.000.000) 2023-12-14 02:17:43 Job submitted from host: <172.24.33.226:11547?addrs=172.24.33.226-11547&alias=sdfrome002.sdf.slac.stanford.edu>
    DAG Node: 75732e50-b27c-4886-b267-9c48824c6120_ptcIsr_2023111101300_23
...
040 (1972396.000.000) 2023-12-14 02:27:45 Finished transferring input files
...
001 (1972396.000.000) 2023-12-14 02:27:45 Job executing on host: <172.24.48.186:33679?CCBID=172.24.33.225:9618%3faddrs%3d172.24.33.225-9618%26alias%3dsdfrome001.sdf.slac.stanford.edu#6219700&PrivNet=sdfmilan114.sdf.slac.stanford.edu&addrs=172.24.48.186-33679&alias=sdfmilan114.sdf.slac.stanford.edu>
	SlotName: slot_abrought_14493_1_11@sdfmilan114.sdf.slac.stanford.edu
...
006 (1972396.000.000) 2023-12-14 02:27:54 Image size of job updated: 341692
	128  -  MemoryUsage of job (MB)
	130816  -  ResidentSetSize of job (KB)
...
006 (1972396.000.000) 2023-12-14 02:28:43 Image size of job updated: 2067304
	1311  -  MemoryUsage of job (MB)
	1342428  -  ResidentSetSize of job (KB)
...
040 (1972396.000.000) 2023-12-14 02:28:44 Started transferring output files
...
040 (1972396.000.000) 2023-12-14 02:28:44 Finished transferring output files
...
005 (1972396.000.000) 2023-12-14 02:28:44 Job terminated.
	(1) Normal termination (return value 0)
		Usr 0 00:00:14, Sys 0 00:00:02  -  Run Remote Usage
		Usr 0 00:00:00, Sys 0 00:00:00  -  Run Local Usage
		Usr 0 00:00:14, Sys 0 00:00:02  -  Total Remote Usage
		Usr 0 00:00:00, Sys 0 00:00:00  -  Total Local Usage
	18801  -  Run Bytes Sent By Job
	0  -  Run Bytes Received By Job
	18801  -  Total Bytes Sent By Job
	0  -  Total Bytes Received By Job
	Partitionable Resources :    Usage  Request Allocated 
	   Cpus                 :                 1         1 
	   Disk (KB)            :       90        2    312193 
	   Memory (MB)          :     1311     2048      2048 

	Job terminated of its own accord at 2023-12-14T10:28:43Z with exit-code 0.
...
