000 (1973012.000.000) 2023-12-14 02:17:51 Job submitted from host: <172.24.33.226:11547?addrs=172.24.33.226-11547&alias=sdfrome002.sdf.slac.stanford.edu>
    DAG Node: cdc2305e-9914-4a2f-ba95-29fd5c69bd3f_ptcIsr_2023111201487_23
...
040 (1973012.000.000) 2023-12-14 02:29:38 Finished transferring input files
...
001 (1973012.000.000) 2023-12-14 02:29:38 Job executing on host: <172.24.48.149:38613?CCBID=172.24.33.225:9618%3faddrs%3d172.24.33.225-9618%26alias%3dsdfrome001.sdf.slac.stanford.edu#6219698&PrivNet=sdfmilan049.sdf.slac.stanford.edu&addrs=172.24.48.149-38613&alias=sdfmilan049.sdf.slac.stanford.edu>
	SlotName: slot_abrought_1727_1_22@sdfmilan049.sdf.slac.stanford.edu
...
006 (1973012.000.000) 2023-12-14 02:29:46 Image size of job updated: 305268
	95  -  MemoryUsage of job (MB)
	96888  -  ResidentSetSize of job (KB)
...
006 (1973012.000.000) 2023-12-14 02:30:40 Image size of job updated: 2109212
	666  -  MemoryUsage of job (MB)
	681036  -  ResidentSetSize of job (KB)
...
040 (1973012.000.000) 2023-12-14 02:30:40 Started transferring output files
...
040 (1973012.000.000) 2023-12-14 02:30:40 Finished transferring output files
...
005 (1973012.000.000) 2023-12-14 02:30:40 Job terminated.
	(1) Normal termination (return value 0)
		Usr 0 00:00:21, Sys 0 00:00:01  -  Run Remote Usage
		Usr 0 00:00:00, Sys 0 00:00:00  -  Run Local Usage
		Usr 0 00:00:21, Sys 0 00:00:01  -  Total Remote Usage
		Usr 0 00:00:00, Sys 0 00:00:00  -  Total Local Usage
	18804  -  Run Bytes Sent By Job
	0  -  Run Bytes Received By Job
	18804  -  Total Bytes Sent By Job
	0  -  Total Bytes Received By Job
	Partitionable Resources :    Usage  Request Allocated 
	   Cpus                 :                 1         1 
	   Disk (KB)            :       90        2    312194 
	   Memory (MB)          :      666     2048      2048 

	Job terminated of its own accord at 2023-12-14T10:30:40Z with exit-code 0.
...
