000 (1975204.000.000) 2023-12-15 00:44:56 Job submitted from host: <172.24.33.226:11547?addrs=172.24.33.226-11547&alias=sdfrome002.sdf.slac.stanford.edu>
    DAG Node: pipetaskInit
...
040 (1975204.000.000) 2023-12-15 00:51:24 Finished transferring input files
...
001 (1975204.000.000) 2023-12-15 00:51:24 Job executing on host: <172.24.33.131:33337?CCBID=172.24.33.225:9618%3faddrs%3d172.24.33.225-9618%26alias%3dsdfrome001.sdf.slac.stanford.edu#6450144&PrivNet=sdfrome066.sdf.slac.stanford.edu&addrs=172.24.33.131-33337&alias=sdfrome066.sdf.slac.stanford.edu>
	SlotName: slot_abrought_17836_1_1@sdfrome066.sdf.slac.stanford.edu
...
006 (1975204.000.000) 2023-12-15 00:51:33 Image size of job updated: 2
	6  -  MemoryUsage of job (MB)
	5188  -  ResidentSetSize of job (KB)
...
006 (1975204.000.000) 2023-12-15 00:51:40 Image size of job updated: 763868
	367  -  MemoryUsage of job (MB)
	375708  -  ResidentSetSize of job (KB)
...
040 (1975204.000.000) 2023-12-15 00:51:40 Started transferring output files
...
040 (1975204.000.000) 2023-12-15 00:51:40 Finished transferring output files
...
005 (1975204.000.000) 2023-12-15 00:51:40 Job terminated.
	(1) Normal termination (return value 0)
		Usr 0 00:00:04, Sys 0 00:00:01  -  Run Remote Usage
		Usr 0 00:00:00, Sys 0 00:00:00  -  Run Local Usage
		Usr 0 00:00:04, Sys 0 00:00:01  -  Total Remote Usage
		Usr 0 00:00:00, Sys 0 00:00:00  -  Total Local Usage
	0  -  Run Bytes Sent By Job
	0  -  Run Bytes Received By Job
	0  -  Total Bytes Sent By Job
	0  -  Total Bytes Received By Job
	Partitionable Resources :    Usage  Request Allocated 
	   Cpus                 :                 1         1 
	   Disk (KB)            :       71        2    312194 
	   Memory (MB)          :      367     2048      2048 

	Job terminated of its own accord at 2023-12-15T08:51:40Z with exit-code 0.
...
