000 (1970734.000.000) 2023-12-14 02:17:24 Job submitted from host: <172.24.33.226:11547?addrs=172.24.33.226-11547&alias=sdfrome002.sdf.slac.stanford.edu>
    DAG Node: dfe8457a-698a-421f-9aea-f7a36243d9a7_ptcIsr_2023111200741_23
...
040 (1970734.000.000) 2023-12-14 02:22:56 Finished transferring input files
...
001 (1970734.000.000) 2023-12-14 02:22:56 Job executing on host: <172.24.33.124:39661?CCBID=172.24.33.225:9618%3faddrs%3d172.24.33.225-9618%26alias%3dsdfrome001.sdf.slac.stanford.edu#6220018&PrivNet=sdfrome059.sdf.slac.stanford.edu&addrs=172.24.33.124-39661&alias=sdfrome059.sdf.slac.stanford.edu>
	SlotName: slot_abrought_25802_1_17@sdfrome059.sdf.slac.stanford.edu
...
006 (1970734.000.000) 2023-12-14 02:23:04 Image size of job updated: 297584
	89  -  MemoryUsage of job (MB)
	90600  -  ResidentSetSize of job (KB)
...
006 (1970734.000.000) 2023-12-14 02:23:43 Image size of job updated: 2117828
	627  -  MemoryUsage of job (MB)
	641176  -  ResidentSetSize of job (KB)
...
040 (1970734.000.000) 2023-12-14 02:23:43 Started transferring output files
...
040 (1970734.000.000) 2023-12-14 02:23:43 Finished transferring output files
...
005 (1970734.000.000) 2023-12-14 02:23:43 Job terminated.
	(1) Normal termination (return value 0)
		Usr 0 00:00:25, Sys 0 00:00:08  -  Run Remote Usage
		Usr 0 00:00:00, Sys 0 00:00:00  -  Run Local Usage
		Usr 0 00:00:25, Sys 0 00:00:08  -  Total Remote Usage
		Usr 0 00:00:00, Sys 0 00:00:00  -  Total Local Usage
	19073  -  Run Bytes Sent By Job
	0  -  Run Bytes Received By Job
	19073  -  Total Bytes Sent By Job
	0  -  Total Bytes Received By Job
	Partitionable Resources :    Usage  Request Allocated 
	   Cpus                 :                 1         1 
	   Disk (KB)            :       91        2    312194 
	   Memory (MB)          :      627     2048      2048 

	Job terminated of its own accord at 2023-12-14T10:23:43Z with exit-code 0.
...
