000 (1970702.000.000) 2023-12-14 02:17:24 Job submitted from host: <172.24.33.226:11547?addrs=172.24.33.226-11547&alias=sdfrome002.sdf.slac.stanford.edu>
    DAG Node: ea016f08-0b81-4670-93d3-3e96f3238ec4_ptcIsr_2023111203060_23
...
040 (1970702.000.000) 2023-12-14 02:22:52 Finished transferring input files
...
001 (1970702.000.000) 2023-12-14 02:22:52 Job executing on host: <172.24.33.143:42517?CCBID=172.24.33.225:9618%3faddrs%3d172.24.33.225-9618%26alias%3dsdfrome001.sdf.slac.stanford.edu#6220496&PrivNet=sdfrome078.sdf.slac.stanford.edu&addrs=172.24.33.143-42517&alias=sdfrome078.sdf.slac.stanford.edu>
	SlotName: slot_abrought_19079_1_17@sdfrome078.sdf.slac.stanford.edu
...
006 (1970702.000.000) 2023-12-14 02:23:01 Image size of job updated: 413440
	174  -  MemoryUsage of job (MB)
	177680  -  ResidentSetSize of job (KB)
...
006 (1970702.000.000) 2023-12-14 02:23:55 Image size of job updated: 2175240
	174  -  MemoryUsage of job (MB)
	177680  -  ResidentSetSize of job (KB)
...
040 (1970702.000.000) 2023-12-14 02:23:55 Started transferring output files
...
040 (1970702.000.000) 2023-12-14 02:23:55 Finished transferring output files
...
005 (1970702.000.000) 2023-12-14 02:23:56 Job terminated.
	(1) Normal termination (return value 0)
		Usr 0 00:00:37, Sys 0 00:00:06  -  Run Remote Usage
		Usr 0 00:00:00, Sys 0 00:00:00  -  Run Local Usage
		Usr 0 00:00:37, Sys 0 00:00:06  -  Total Remote Usage
		Usr 0 00:00:00, Sys 0 00:00:00  -  Total Local Usage
	19073  -  Run Bytes Sent By Job
	0  -  Run Bytes Received By Job
	19073  -  Total Bytes Sent By Job
	0  -  Total Bytes Received By Job
	Partitionable Resources :    Usage  Request Allocated 
	   Cpus                 :                 1         1 
	   Disk (KB)            :       91        2    312194 
	   Memory (MB)          :      174     2048      2048 

	Job terminated of its own accord at 2023-12-14T10:23:55Z with exit-code 0.
...
