000 (1970699.000.000) 2023-12-14 02:17:24 Job submitted from host: <172.24.33.226:11547?addrs=172.24.33.226-11547&alias=sdfrome002.sdf.slac.stanford.edu>
    DAG Node: 088fec28-c764-45a4-b50f-42c4d07d5557_ptcIsr_2023111203633_23
...
040 (1970699.000.000) 2023-12-14 02:22:54 Finished transferring input files
...
001 (1970699.000.000) 2023-12-14 02:22:54 Job executing on host: <172.24.48.149:38613?CCBID=172.24.33.225:9618%3faddrs%3d172.24.33.225-9618%26alias%3dsdfrome001.sdf.slac.stanford.edu#6219698&PrivNet=sdfmilan049.sdf.slac.stanford.edu&addrs=172.24.48.149-38613&alias=sdfmilan049.sdf.slac.stanford.edu>
	SlotName: slot_abrought_1727_1_12@sdfmilan049.sdf.slac.stanford.edu
...
006 (1970699.000.000) 2023-12-14 02:23:03 Image size of job updated: 275896
	70  -  MemoryUsage of job (MB)
	71028  -  ResidentSetSize of job (KB)
...
006 (1970699.000.000) 2023-12-14 02:24:04 Image size of job updated: 1970400
	1196  -  MemoryUsage of job (MB)
	1223840  -  ResidentSetSize of job (KB)
...
040 (1970699.000.000) 2023-12-14 02:24:04 Started transferring output files
...
040 (1970699.000.000) 2023-12-14 02:24:04 Finished transferring output files
...
005 (1970699.000.000) 2023-12-14 02:24:04 Job terminated.
	(1) Normal termination (return value 0)
		Usr 0 00:00:15, Sys 0 00:00:01  -  Run Remote Usage
		Usr 0 00:00:00, Sys 0 00:00:00  -  Run Local Usage
		Usr 0 00:00:15, Sys 0 00:00:01  -  Total Remote Usage
		Usr 0 00:00:00, Sys 0 00:00:00  -  Total Local Usage
	19075  -  Run Bytes Sent By Job
	0  -  Run Bytes Received By Job
	19075  -  Total Bytes Sent By Job
	0  -  Total Bytes Received By Job
	Partitionable Resources :    Usage  Request Allocated 
	   Cpus                 :                 1         1 
	   Disk (KB)            :       91        2    312194 
	   Memory (MB)          :     1196     2048      2048 

	Job terminated of its own accord at 2023-12-14T10:24:04Z with exit-code 0.
...
