000 (1969451.000.000) 2023-12-14 02:17:09 Job submitted from host: <172.24.33.226:11547?addrs=172.24.33.226-11547&alias=sdfrome002.sdf.slac.stanford.edu>
    DAG Node: ca4a9618-fb1a-4139-a893-52fbebf5de09_ptcIsr_2023111202933_23
...
040 (1969451.000.000) 2023-12-14 02:17:11 Finished transferring input files
...
001 (1969451.000.000) 2023-12-14 02:17:11 Job executing on host: <172.24.48.193:46283?CCBID=172.24.33.225:9618%3faddrs%3d172.24.33.225-9618%26alias%3dsdfrome001.sdf.slac.stanford.edu#6219697&PrivNet=sdfmilan121.sdf.slac.stanford.edu&addrs=172.24.48.193-46283&alias=sdfmilan121.sdf.slac.stanford.edu>
	SlotName: slot_abrought_10210_1_22@sdfmilan121.sdf.slac.stanford.edu
...
006 (1969451.000.000) 2023-12-14 02:17:20 Image size of job updated: 69764
	1  -  MemoryUsage of job (MB)
	60  -  ResidentSetSize of job (KB)
...
006 (1969451.000.000) 2023-12-14 02:18:15 Image size of job updated: 2170720
	626  -  MemoryUsage of job (MB)
	640164  -  ResidentSetSize of job (KB)
...
040 (1969451.000.000) 2023-12-14 02:18:15 Started transferring output files
...
040 (1969451.000.000) 2023-12-14 02:18:15 Finished transferring output files
...
005 (1969451.000.000) 2023-12-14 02:18:15 Job terminated.
	(1) Normal termination (return value 0)
		Usr 0 00:00:19, Sys 0 00:00:03  -  Run Remote Usage
		Usr 0 00:00:00, Sys 0 00:00:00  -  Run Local Usage
		Usr 0 00:00:19, Sys 0 00:00:03  -  Total Remote Usage
		Usr 0 00:00:00, Sys 0 00:00:00  -  Total Local Usage
	18975  -  Run Bytes Sent By Job
	0  -  Run Bytes Received By Job
	18975  -  Total Bytes Sent By Job
	0  -  Total Bytes Received By Job
	Partitionable Resources :    Usage  Request Allocated 
	   Cpus                 :                 1         1 
	   Disk (KB)            :       90        2    311595 
	   Memory (MB)          :      626     2048      2048 

	Job terminated of its own accord at 2023-12-14T10:18:15Z with exit-code 0.
...
