000 (1970058.000.000) 2023-12-14 02:17:17 Job submitted from host: <172.24.33.226:11547?addrs=172.24.33.226-11547&alias=sdfrome002.sdf.slac.stanford.edu>
    DAG Node: b2f8d9f2-2cb7-4eb5-a17b-df3c3a760b3a_ptcIsr_2023111203396_23
...
040 (1970058.000.000) 2023-12-14 02:20:33 Finished transferring input files
...
001 (1970058.000.000) 2023-12-14 02:20:33 Job executing on host: <172.24.48.159:36013?CCBID=172.24.33.225:9618%3faddrs%3d172.24.33.225-9618%26alias%3dsdfrome001.sdf.slac.stanford.edu#6219701&PrivNet=sdfmilan059.sdf.slac.stanford.edu&addrs=172.24.48.159-36013&alias=sdfmilan059.sdf.slac.stanford.edu>
	SlotName: slot_abrought_18206_1_7@sdfmilan059.sdf.slac.stanford.edu
...
006 (1970058.000.000) 2023-12-14 02:20:42 Image size of job updated: 285548
	78  -  MemoryUsage of job (MB)
	79016  -  ResidentSetSize of job (KB)
...
006 (1970058.000.000) 2023-12-14 02:24:25 Image size of job updated: 2134532
	78  -  MemoryUsage of job (MB)
	79016  -  ResidentSetSize of job (KB)
...
040 (1970058.000.000) 2023-12-14 02:24:25 Started transferring output files
...
040 (1970058.000.000) 2023-12-14 02:24:25 Finished transferring output files
...
005 (1970058.000.000) 2023-12-14 02:24:25 Job terminated.
	(1) Normal termination (return value 0)
		Usr 0 00:00:24, Sys 0 00:00:04  -  Run Remote Usage
		Usr 0 00:00:00, Sys 0 00:00:00  -  Run Local Usage
		Usr 0 00:00:24, Sys 0 00:00:04  -  Total Remote Usage
		Usr 0 00:00:00, Sys 0 00:00:00  -  Total Local Usage
	19076  -  Run Bytes Sent By Job
	0  -  Run Bytes Received By Job
	19076  -  Total Bytes Sent By Job
	0  -  Total Bytes Received By Job
	Partitionable Resources :    Usage  Request Allocated 
	   Cpus                 :     0.14        1         1 
	   Disk (KB)            :    97           2    312194 
	   Memory (MB)          :    78        2048      2048 

	Job terminated of its own accord at 2023-12-14T10:24:25Z with exit-code 0.
...
