000 (1971852.000.000) 2023-12-14 02:17:37 Job submitted from host: <172.24.33.226:11547?addrs=172.24.33.226-11547&alias=sdfrome002.sdf.slac.stanford.edu>
    DAG Node: 82aac9c5-ed00-4b3f-aad7-197be9759a2e_ptcIsr_2023111101041_23
...
040 (1971852.000.000) 2023-12-14 02:26:10 Finished transferring input files
...
001 (1971852.000.000) 2023-12-14 02:26:10 Job executing on host: <172.24.33.124:44469?CCBID=172.24.33.225:9618%3faddrs%3d172.24.33.225-9618%26alias%3dsdfrome001.sdf.slac.stanford.edu#6220017&PrivNet=sdfrome059.sdf.slac.stanford.edu&addrs=172.24.33.124-44469&alias=sdfrome059.sdf.slac.stanford.edu>
	SlotName: slot_abrought_2668_1_16@sdfrome059.sdf.slac.stanford.edu
...
006 (1971852.000.000) 2023-12-14 02:26:18 Image size of job updated: 293480
	86  -  MemoryUsage of job (MB)
	87400  -  ResidentSetSize of job (KB)
...
006 (1971852.000.000) 2023-12-14 02:27:18 Image size of job updated: 2195776
	1411  -  MemoryUsage of job (MB)
	1444184  -  ResidentSetSize of job (KB)
...
040 (1971852.000.000) 2023-12-14 02:27:18 Started transferring output files
...
040 (1971852.000.000) 2023-12-14 02:27:18 Finished transferring output files
...
005 (1971852.000.000) 2023-12-14 02:27:18 Job terminated.
	(1) Normal termination (return value 0)
		Usr 0 00:00:20, Sys 0 00:00:03  -  Run Remote Usage
		Usr 0 00:00:00, Sys 0 00:00:00  -  Run Local Usage
		Usr 0 00:00:20, Sys 0 00:00:03  -  Total Remote Usage
		Usr 0 00:00:00, Sys 0 00:00:00  -  Total Local Usage
	18803  -  Run Bytes Sent By Job
	0  -  Run Bytes Received By Job
	18803  -  Total Bytes Sent By Job
	0  -  Total Bytes Received By Job
	Partitionable Resources :    Usage  Request Allocated 
	   Cpus                 :                 1         1 
	   Disk (KB)            :       90        2    312194 
	   Memory (MB)          :     1411     2048      2048 

	Job terminated of its own accord at 2023-12-14T10:27:18Z with exit-code 0.
...
