000 (1972781.000.000) 2023-12-14 02:17:48 Job submitted from host: <172.24.33.226:11547?addrs=172.24.33.226-11547&alias=sdfrome002.sdf.slac.stanford.edu>
    DAG Node: 3a276ca0-a438-488c-a423-e637f86b6290_ptcIsr_2023111300956_23
...
040 (1972781.000.000) 2023-12-14 02:28:59 Finished transferring input files
...
001 (1972781.000.000) 2023-12-14 02:28:59 Job executing on host: <172.24.48.186:33679?CCBID=172.24.33.225:9618%3faddrs%3d172.24.33.225-9618%26alias%3dsdfrome001.sdf.slac.stanford.edu#6219700&PrivNet=sdfmilan114.sdf.slac.stanford.edu&addrs=172.24.48.186-33679&alias=sdfmilan114.sdf.slac.stanford.edu>
	SlotName: slot_abrought_14493_1_16@sdfmilan114.sdf.slac.stanford.edu
...
006 (1972781.000.000) 2023-12-14 02:29:07 Image size of job updated: 27644
	12  -  MemoryUsage of job (MB)
	11812  -  ResidentSetSize of job (KB)
...
006 (1972781.000.000) 2023-12-14 02:29:49 Image size of job updated: 2170816
	623  -  MemoryUsage of job (MB)
	637484  -  ResidentSetSize of job (KB)
...
040 (1972781.000.000) 2023-12-14 02:29:49 Started transferring output files
...
040 (1972781.000.000) 2023-12-14 02:29:49 Finished transferring output files
...
005 (1972781.000.000) 2023-12-14 02:29:49 Job terminated.
	(1) Normal termination (return value 0)
		Usr 0 00:00:21, Sys 0 00:00:03  -  Run Remote Usage
		Usr 0 00:00:00, Sys 0 00:00:00  -  Run Local Usage
		Usr 0 00:00:21, Sys 0 00:00:03  -  Total Remote Usage
		Usr 0 00:00:00, Sys 0 00:00:00  -  Total Local Usage
	19072  -  Run Bytes Sent By Job
	0  -  Run Bytes Received By Job
	19072  -  Total Bytes Sent By Job
	0  -  Total Bytes Received By Job
	Partitionable Resources :    Usage  Request Allocated 
	   Cpus                 :                 1         1 
	   Disk (KB)            :       91        2    312193 
	   Memory (MB)          :      623     2048      2048 

	Job terminated of its own accord at 2023-12-14T10:29:49Z with exit-code 0.
...
