000 (1969832.000.000) 2023-12-14 02:17:12 Job submitted from host: <172.24.33.226:11547?addrs=172.24.33.226-11547&alias=sdfrome002.sdf.slac.stanford.edu>
    DAG Node: b90a4a30-e469-43e7-9f56-620746a2c901_ptcIsr_2023111100961_23
...
040 (1969832.000.000) 2023-12-14 02:20:11 Finished transferring input files
...
001 (1969832.000.000) 2023-12-14 02:20:11 Job executing on host: <172.24.33.124:39697?CCBID=172.24.33.225:9618%3faddrs%3d172.24.33.225-9618%26alias%3dsdfrome001.sdf.slac.stanford.edu#6220015&PrivNet=sdfrome059.sdf.slac.stanford.edu&addrs=172.24.33.124-39697&alias=sdfrome059.sdf.slac.stanford.edu>
	SlotName: slot_abrought_7836_1_9@sdfrome059.sdf.slac.stanford.edu
...
006 (1969832.000.000) 2023-12-14 02:20:19 Image size of job updated: 31568
	15  -  MemoryUsage of job (MB)
	15168  -  ResidentSetSize of job (KB)
...
006 (1969832.000.000) 2023-12-14 02:21:06 Image size of job updated: 2175852
	624  -  MemoryUsage of job (MB)
	638972  -  ResidentSetSize of job (KB)
...
040 (1969832.000.000) 2023-12-14 02:21:06 Started transferring output files
...
040 (1969832.000.000) 2023-12-14 02:21:06 Finished transferring output files
...
005 (1969832.000.000) 2023-12-14 02:21:07 Job terminated.
	(1) Normal termination (return value 0)
		Usr 0 00:00:18, Sys 0 00:00:10  -  Run Remote Usage
		Usr 0 00:00:00, Sys 0 00:00:00  -  Run Local Usage
		Usr 0 00:00:18, Sys 0 00:00:10  -  Total Remote Usage
		Usr 0 00:00:00, Sys 0 00:00:00  -  Total Local Usage
	19074  -  Run Bytes Sent By Job
	0  -  Run Bytes Received By Job
	19074  -  Total Bytes Sent By Job
	0  -  Total Bytes Received By Job
	Partitionable Resources :    Usage  Request Allocated 
	   Cpus                 :                 1         1 
	   Disk (KB)            :       90        2    312194 
	   Memory (MB)          :      624     2048      2048 

	Job terminated of its own accord at 2023-12-14T10:21:06Z with exit-code 0.
...
