000 (1969410.000.000) 2023-12-14 02:17:08 Job submitted from host: <172.24.33.226:11547?addrs=172.24.33.226-11547&alias=sdfrome002.sdf.slac.stanford.edu>
    DAG Node: 6a62f073-bbc3-4e41-be26-f7809102aec3_ptcIsr_2023111201128_23
...
040 (1969410.000.000) 2023-12-14 02:17:10 Finished transferring input files
...
001 (1969410.000.000) 2023-12-14 02:17:10 Job executing on host: <172.24.48.159:36013?CCBID=172.24.33.225:9618%3faddrs%3d172.24.33.225-9618%26alias%3dsdfrome001.sdf.slac.stanford.edu#6219701&PrivNet=sdfmilan059.sdf.slac.stanford.edu&addrs=172.24.48.159-36013&alias=sdfmilan059.sdf.slac.stanford.edu>
	SlotName: slot_abrought_18206_1_14@sdfmilan059.sdf.slac.stanford.edu
...
006 (1969410.000.000) 2023-12-14 02:17:19 Image size of job updated: 69764
	14  -  MemoryUsage of job (MB)
	14292  -  ResidentSetSize of job (KB)
...
006 (1969410.000.000) 2023-12-14 02:20:40 Image size of job updated: 2053140
	14  -  MemoryUsage of job (MB)
	14292  -  ResidentSetSize of job (KB)
...
040 (1969410.000.000) 2023-12-14 02:20:40 Started transferring output files
...
040 (1969410.000.000) 2023-12-14 02:20:40 Finished transferring output files
...
005 (1969410.000.000) 2023-12-14 02:20:40 Job terminated.
	(1) Normal termination (return value 0)
		Usr 0 00:00:24, Sys 0 00:00:03  -  Run Remote Usage
		Usr 0 00:00:00, Sys 0 00:00:00  -  Run Local Usage
		Usr 0 00:00:24, Sys 0 00:00:03  -  Total Remote Usage
		Usr 0 00:00:00, Sys 0 00:00:00  -  Total Local Usage
	18534  -  Run Bytes Sent By Job
	0  -  Run Bytes Received By Job
	18534  -  Total Bytes Sent By Job
	0  -  Total Bytes Received By Job
	Partitionable Resources :    Usage  Request Allocated 
	   Cpus                 :                 1         1 
	   Disk (KB)            :       90        2    312194 
	   Memory (MB)          :       14     2048      2048 

	Job terminated of its own accord at 2023-12-14T10:20:40Z with exit-code 0.
...
