000 (1971018.000.000) 2023-12-14 02:17:29 Job submitted from host: <172.24.33.226:11547?addrs=172.24.33.226-11547&alias=sdfrome002.sdf.slac.stanford.edu>
    DAG Node: 994b224c-eb39-4d6f-aa92-c30924a41f89_ptcIsr_2023111201406_23
...
040 (1971018.000.000) 2023-12-14 02:23:49 Finished transferring input files
...
001 (1971018.000.000) 2023-12-14 02:23:49 Job executing on host: <172.24.33.124:39697?CCBID=172.24.33.225:9618%3faddrs%3d172.24.33.225-9618%26alias%3dsdfrome001.sdf.slac.stanford.edu#6220015&PrivNet=sdfrome059.sdf.slac.stanford.edu&addrs=172.24.33.124-39697&alias=sdfrome059.sdf.slac.stanford.edu>
	SlotName: slot_abrought_7836_1_10@sdfrome059.sdf.slac.stanford.edu
...
006 (1971018.000.000) 2023-12-14 02:23:58 Image size of job updated: 280760
	74  -  MemoryUsage of job (MB)
	75132  -  ResidentSetSize of job (KB)
...
006 (1971018.000.000) 2023-12-14 02:24:39 Image size of job updated: 2102116
	74  -  MemoryUsage of job (MB)
	75132  -  ResidentSetSize of job (KB)
...
040 (1971018.000.000) 2023-12-14 02:24:39 Started transferring output files
...
040 (1971018.000.000) 2023-12-14 02:24:39 Finished transferring output files
...
005 (1971018.000.000) 2023-12-14 02:24:39 Job terminated.
	(1) Normal termination (return value 0)
		Usr 0 00:00:19, Sys 0 00:00:05  -  Run Remote Usage
		Usr 0 00:00:00, Sys 0 00:00:00  -  Run Local Usage
		Usr 0 00:00:19, Sys 0 00:00:05  -  Total Remote Usage
		Usr 0 00:00:00, Sys 0 00:00:00  -  Total Local Usage
	18802  -  Run Bytes Sent By Job
	0  -  Run Bytes Received By Job
	18802  -  Total Bytes Sent By Job
	0  -  Total Bytes Received By Job
	Partitionable Resources :    Usage  Request Allocated 
	   Cpus                 :     0.22        1         1 
	   Disk (KB)            :    97           2    312194 
	   Memory (MB)          :    74        2048      2048 

	Job terminated of its own accord at 2023-12-14T10:24:39Z with exit-code 0.
...
