000 (1969432.000.000) 2023-12-14 02:17:09 Job submitted from host: <172.24.33.226:11547?addrs=172.24.33.226-11547&alias=sdfrome002.sdf.slac.stanford.edu>
    DAG Node: 6c43f71c-9066-45a3-ba72-45102ec0c2dc_ptcIsr_2023111202157_23
...
040 (1969432.000.000) 2023-12-14 02:17:11 Finished transferring input files
...
001 (1969432.000.000) 2023-12-14 02:17:11 Job executing on host: <172.24.48.185:41489?CCBID=172.24.33.225:9618%3faddrs%3d172.24.33.225-9618%26alias%3dsdfrome001.sdf.slac.stanford.edu#6219699&PrivNet=sdfmilan113.sdf.slac.stanford.edu&addrs=172.24.48.185-41489&alias=sdfmilan113.sdf.slac.stanford.edu>
	SlotName: slot_abrought_18623_1_19@sdfmilan113.sdf.slac.stanford.edu
...
006 (1969432.000.000) 2023-12-14 02:17:19 Image size of job updated: 24496
	8  -  MemoryUsage of job (MB)
	7380  -  ResidentSetSize of job (KB)
...
006 (1969432.000.000) 2023-12-14 02:18:25 Image size of job updated: 2198700
	8  -  MemoryUsage of job (MB)
	7380  -  ResidentSetSize of job (KB)
...
040 (1969432.000.000) 2023-12-14 02:18:25 Started transferring output files
...
040 (1969432.000.000) 2023-12-14 02:18:25 Finished transferring output files
...
005 (1969432.000.000) 2023-12-14 02:18:25 Job terminated.
	(1) Normal termination (return value 0)
		Usr 0 00:00:21, Sys 0 00:00:02  -  Run Remote Usage
		Usr 0 00:00:00, Sys 0 00:00:00  -  Run Local Usage
		Usr 0 00:00:21, Sys 0 00:00:02  -  Total Remote Usage
		Usr 0 00:00:00, Sys 0 00:00:00  -  Total Local Usage
	19073  -  Run Bytes Sent By Job
	0  -  Run Bytes Received By Job
	19073  -  Total Bytes Sent By Job
	0  -  Total Bytes Received By Job
	Partitionable Resources :    Usage  Request Allocated 
	   Cpus                 :                 1         1 
	   Disk (KB)            :       90        2    312194 
	   Memory (MB)          :        8     2048      2048 

	Job terminated of its own accord at 2023-12-14T10:18:25Z with exit-code 0.
...
