000 (1971188.000.000) 2023-12-14 02:17:30 Job submitted from host: <172.24.33.226:11547?addrs=172.24.33.226-11547&alias=sdfrome002.sdf.slac.stanford.edu>
    DAG Node: 5544cbaa-a636-48d8-9790-70afa232d49a_ptcIsr_2023111300306_23
...
040 (1971188.000.000) 2023-12-14 02:24:19 Finished transferring input files
...
001 (1971188.000.000) 2023-12-14 02:24:19 Job executing on host: <172.24.48.149:38613?CCBID=172.24.33.225:9618%3faddrs%3d172.24.33.225-9618%26alias%3dsdfrome001.sdf.slac.stanford.edu#6219698&PrivNet=sdfmilan049.sdf.slac.stanford.edu&addrs=172.24.48.149-38613&alias=sdfmilan049.sdf.slac.stanford.edu>
	SlotName: slot_abrought_1727_1_17@sdfmilan049.sdf.slac.stanford.edu
...
006 (1971188.000.000) 2023-12-14 02:24:27 Image size of job updated: 32756
	17  -  MemoryUsage of job (MB)
	16500  -  ResidentSetSize of job (KB)
...
006 (1971188.000.000) 2023-12-14 02:25:30 Image size of job updated: 2029952
	620  -  MemoryUsage of job (MB)
	634832  -  ResidentSetSize of job (KB)
...
040 (1971188.000.000) 2023-12-14 02:25:30 Started transferring output files
...
040 (1971188.000.000) 2023-12-14 02:25:30 Finished transferring output files
...
005 (1971188.000.000) 2023-12-14 02:25:31 Job terminated.
	(1) Normal termination (return value 0)
		Usr 0 00:00:20, Sys 0 00:00:02  -  Run Remote Usage
		Usr 0 00:00:00, Sys 0 00:00:00  -  Run Local Usage
		Usr 0 00:00:20, Sys 0 00:00:02  -  Total Remote Usage
		Usr 0 00:00:00, Sys 0 00:00:00  -  Total Local Usage
	18801  -  Run Bytes Sent By Job
	0  -  Run Bytes Received By Job
	18801  -  Total Bytes Sent By Job
	0  -  Total Bytes Received By Job
	Partitionable Resources :    Usage  Request Allocated 
	   Cpus                 :                 1         1 
	   Disk (KB)            :       90        2    312194 
	   Memory (MB)          :      620     2048      2048 

	Job terminated of its own accord at 2023-12-14T10:25:30Z with exit-code 0.
...
