000 (1969741.000.000) 2023-12-14 02:17:12 Job submitted from host: <172.24.33.226:11547?addrs=172.24.33.226-11547&alias=sdfrome002.sdf.slac.stanford.edu>
    DAG Node: fde593ae-87a6-49a6-af6d-3c25a74b4345_ptcIsr_2023111202942_23
...
040 (1969741.000.000) 2023-12-14 02:20:09 Finished transferring input files
...
001 (1969741.000.000) 2023-12-14 02:20:09 Job executing on host: <172.24.33.147:42953?CCBID=172.24.33.225:9618%3faddrs%3d172.24.33.225-9618%26alias%3dsdfrome001.sdf.slac.stanford.edu#6219703&PrivNet=sdfrome082.sdf.slac.stanford.edu&addrs=172.24.33.147-42953&alias=sdfrome082.sdf.slac.stanford.edu>
	SlotName: slot_abrought_48_1_14@sdfrome082.sdf.slac.stanford.edu
...
006 (1969741.000.000) 2023-12-14 02:20:17 Image size of job updated: 281532
	75  -  MemoryUsage of job (MB)
	76216  -  ResidentSetSize of job (KB)
...
006 (1969741.000.000) 2023-12-14 02:20:59 Image size of job updated: 2135724
	609  -  MemoryUsage of job (MB)
	623172  -  ResidentSetSize of job (KB)
...
040 (1969741.000.000) 2023-12-14 02:20:59 Started transferring output files
...
040 (1969741.000.000) 2023-12-14 02:20:59 Finished transferring output files
...
005 (1969741.000.000) 2023-12-14 02:20:59 Job terminated.
	(1) Normal termination (return value 0)
		Usr 0 00:00:21, Sys 0 00:00:03  -  Run Remote Usage
		Usr 0 00:00:00, Sys 0 00:00:00  -  Run Local Usage
		Usr 0 00:00:21, Sys 0 00:00:03  -  Total Remote Usage
		Usr 0 00:00:00, Sys 0 00:00:00  -  Total Local Usage
	18802  -  Run Bytes Sent By Job
	0  -  Run Bytes Received By Job
	18802  -  Total Bytes Sent By Job
	0  -  Total Bytes Received By Job
	Partitionable Resources :    Usage  Request Allocated 
	   Cpus                 :                 1         1 
	   Disk (KB)            :       90        2    312116 
	   Memory (MB)          :      609     2048      2048 

	Job terminated of its own accord at 2023-12-14T10:20:59Z with exit-code 0.
...
