000 (1972439.000.000) 2023-12-14 02:17:44 Job submitted from host: <172.24.33.226:11547?addrs=172.24.33.226-11547&alias=sdfrome002.sdf.slac.stanford.edu>
    DAG Node: ba63410d-ea95-45b1-a752-7de6ee5bc8ab_ptcIsr_2023111200813_23
...
040 (1972439.000.000) 2023-12-14 02:27:53 Finished transferring input files
...
001 (1972439.000.000) 2023-12-14 02:27:53 Job executing on host: <172.24.33.124:39661?CCBID=172.24.33.225:9618%3faddrs%3d172.24.33.225-9618%26alias%3dsdfrome001.sdf.slac.stanford.edu#6220018&PrivNet=sdfrome059.sdf.slac.stanford.edu&addrs=172.24.33.124-39661&alias=sdfrome059.sdf.slac.stanford.edu>
	SlotName: slot_abrought_25802_1_23@sdfrome059.sdf.slac.stanford.edu
...
006 (1972439.000.000) 2023-12-14 02:28:01 Image size of job updated: 407420
	166  -  MemoryUsage of job (MB)
	169560  -  ResidentSetSize of job (KB)
...
006 (1972439.000.000) 2023-12-14 02:28:36 Image size of job updated: 1999496
	166  -  MemoryUsage of job (MB)
	169560  -  ResidentSetSize of job (KB)
...
040 (1972439.000.000) 2023-12-14 02:28:36 Started transferring output files
...
040 (1972439.000.000) 2023-12-14 02:28:36 Finished transferring output files
...
005 (1972439.000.000) 2023-12-14 02:28:36 Job terminated.
	(1) Normal termination (return value 0)
		Usr 0 00:00:25, Sys 0 00:00:04  -  Run Remote Usage
		Usr 0 00:00:00, Sys 0 00:00:00  -  Run Local Usage
		Usr 0 00:00:25, Sys 0 00:00:04  -  Total Remote Usage
		Usr 0 00:00:00, Sys 0 00:00:00  -  Total Local Usage
	18532  -  Run Bytes Sent By Job
	0  -  Run Bytes Received By Job
	18532  -  Total Bytes Sent By Job
	0  -  Total Bytes Received By Job
	Partitionable Resources :    Usage  Request Allocated 
	   Cpus                 :                 1         1 
	   Disk (KB)            :       90        2    312194 
	   Memory (MB)          :      166     2048      2048 

	Job terminated of its own accord at 2023-12-14T10:28:36Z with exit-code 0.
...
