000 (1969613.000.000) 2023-12-14 02:17:11 Job submitted from host: <172.24.33.226:11547?addrs=172.24.33.226-11547&alias=sdfrome002.sdf.slac.stanford.edu>
    DAG Node: ecad0c78-a575-46d6-b9ec-bd4c895d73e1_ptcIsr_2023110800502_23
...
040 (1969613.000.000) 2023-12-14 02:19:00 Finished transferring input files
...
001 (1969613.000.000) 2023-12-14 02:19:00 Job executing on host: <172.24.33.147:42953?CCBID=172.24.33.225:9618%3faddrs%3d172.24.33.225-9618%26alias%3dsdfrome001.sdf.slac.stanford.edu#6219703&PrivNet=sdfrome082.sdf.slac.stanford.edu&addrs=172.24.33.147-42953&alias=sdfrome082.sdf.slac.stanford.edu>
	SlotName: slot_abrought_48_1_5@sdfrome082.sdf.slac.stanford.edu
...
006 (1969613.000.000) 2023-12-14 02:19:08 Image size of job updated: 404688
	167  -  MemoryUsage of job (MB)
	170520  -  ResidentSetSize of job (KB)
...
006 (1969613.000.000) 2023-12-14 02:19:51 Image size of job updated: 2041720
	1317  -  MemoryUsage of job (MB)
	1348168  -  ResidentSetSize of job (KB)
...
040 (1969613.000.000) 2023-12-14 02:19:52 Started transferring output files
...
040 (1969613.000.000) 2023-12-14 02:19:52 Finished transferring output files
...
005 (1969613.000.000) 2023-12-14 02:19:52 Job terminated.
	(1) Normal termination (return value 0)
		Usr 0 00:00:17, Sys 0 00:00:02  -  Run Remote Usage
		Usr 0 00:00:00, Sys 0 00:00:00  -  Run Local Usage
		Usr 0 00:00:17, Sys 0 00:00:02  -  Total Remote Usage
		Usr 0 00:00:00, Sys 0 00:00:00  -  Total Local Usage
	18532  -  Run Bytes Sent By Job
	0  -  Run Bytes Received By Job
	18532  -  Total Bytes Sent By Job
	0  -  Total Bytes Received By Job
	Partitionable Resources :    Usage  Request Allocated 
	   Cpus                 :                 1         1 
	   Disk (KB)            :       90        2    312116 
	   Memory (MB)          :     1317     2048      2048 

	Job terminated of its own accord at 2023-12-14T10:19:51Z with exit-code 0.
...
