000 (1971382.000.000) 2023-12-14 02:17:31 Job submitted from host: <172.24.33.226:11547?addrs=172.24.33.226-11547&alias=sdfrome002.sdf.slac.stanford.edu>
    DAG Node: 77d2138b-c9db-4c15-be55-279c06ef9358_ptcIsr_2023111200347_23
...
040 (1971382.000.000) 2023-12-14 02:24:56 Finished transferring input files
...
001 (1971382.000.000) 2023-12-14 02:24:56 Job executing on host: <172.24.33.124:44469?CCBID=172.24.33.225:9618%3faddrs%3d172.24.33.225-9618%26alias%3dsdfrome001.sdf.slac.stanford.edu#6220017&PrivNet=sdfrome059.sdf.slac.stanford.edu&addrs=172.24.33.124-44469&alias=sdfrome059.sdf.slac.stanford.edu>
	SlotName: slot_abrought_2668_1_11@sdfrome059.sdf.slac.stanford.edu
...
006 (1971382.000.000) 2023-12-14 02:25:05 Image size of job updated: 308716
	99  -  MemoryUsage of job (MB)
	100424  -  ResidentSetSize of job (KB)
...
006 (1971382.000.000) 2023-12-14 02:25:59 Image size of job updated: 2062360
	651  -  MemoryUsage of job (MB)
	665844  -  ResidentSetSize of job (KB)
...
040 (1971382.000.000) 2023-12-14 02:26:00 Started transferring output files
...
040 (1971382.000.000) 2023-12-14 02:26:00 Finished transferring output files
...
005 (1971382.000.000) 2023-12-14 02:26:00 Job terminated.
	(1) Normal termination (return value 0)
		Usr 0 00:00:23, Sys 0 00:00:04  -  Run Remote Usage
		Usr 0 00:00:00, Sys 0 00:00:00  -  Run Local Usage
		Usr 0 00:00:23, Sys 0 00:00:04  -  Total Remote Usage
		Usr 0 00:00:00, Sys 0 00:00:00  -  Total Local Usage
	18532  -  Run Bytes Sent By Job
	0  -  Run Bytes Received By Job
	18532  -  Total Bytes Sent By Job
	0  -  Total Bytes Received By Job
	Partitionable Resources :    Usage  Request Allocated 
	   Cpus                 :                 1         1 
	   Disk (KB)            :       90        2    312194 
	   Memory (MB)          :      651     2048      2048 

	Job terminated of its own accord at 2023-12-14T10:25:59Z with exit-code 0.
...
