000 (1972846.000.000) 2023-12-14 02:17:49 Job submitted from host: <172.24.33.226:11547?addrs=172.24.33.226-11547&alias=sdfrome002.sdf.slac.stanford.edu>
    DAG Node: 012cb37e-4ac2-48f3-941f-d3a17649873c_ptcIsr_2023111200843_23
...
040 (1972846.000.000) 2023-12-14 02:29:14 Finished transferring input files
...
001 (1972846.000.000) 2023-12-14 02:29:14 Job executing on host: <172.24.33.124:44469?CCBID=172.24.33.225:9618%3faddrs%3d172.24.33.225-9618%26alias%3dsdfrome001.sdf.slac.stanford.edu#6220017&PrivNet=sdfrome059.sdf.slac.stanford.edu&addrs=172.24.33.124-44469&alias=sdfrome059.sdf.slac.stanford.edu>
	SlotName: slot_abrought_2668_1_5@sdfrome059.sdf.slac.stanford.edu
...
006 (1972846.000.000) 2023-12-14 02:29:23 Image size of job updated: 272904
	67  -  MemoryUsage of job (MB)
	68264  -  ResidentSetSize of job (KB)
...
006 (1972846.000.000) 2023-12-14 02:30:21 Image size of job updated: 2020148
	618  -  MemoryUsage of job (MB)
	632384  -  ResidentSetSize of job (KB)
...
040 (1972846.000.000) 2023-12-14 02:30:22 Started transferring output files
...
040 (1972846.000.000) 2023-12-14 02:30:22 Finished transferring output files
...
005 (1972846.000.000) 2023-12-14 02:30:22 Job terminated.
	(1) Normal termination (return value 0)
		Usr 0 00:00:21, Sys 0 00:00:04  -  Run Remote Usage
		Usr 0 00:00:00, Sys 0 00:00:00  -  Run Local Usage
		Usr 0 00:00:21, Sys 0 00:00:04  -  Total Remote Usage
		Usr 0 00:00:00, Sys 0 00:00:00  -  Total Local Usage
	18802  -  Run Bytes Sent By Job
	0  -  Run Bytes Received By Job
	18802  -  Total Bytes Sent By Job
	0  -  Total Bytes Received By Job
	Partitionable Resources :    Usage  Request Allocated 
	   Cpus                 :                 1         1 
	   Disk (KB)            :       90        2    312194 
	   Memory (MB)          :      618     2048      2048 

	Job terminated of its own accord at 2023-12-14T10:30:21Z with exit-code 0.
...
