000 (1971989.000.000) 2023-12-14 02:17:38 Job submitted from host: <172.24.33.226:11547?addrs=172.24.33.226-11547&alias=sdfrome002.sdf.slac.stanford.edu>
    DAG Node: 6f68b10d-998b-45c1-81f0-098ebd4c3f76_ptcIsr_2023111200327_23
...
040 (1971989.000.000) 2023-12-14 02:26:33 Finished transferring input files
...
001 (1971989.000.000) 2023-12-14 02:26:33 Job executing on host: <172.24.33.143:42517?CCBID=172.24.33.225:9618%3faddrs%3d172.24.33.225-9618%26alias%3dsdfrome001.sdf.slac.stanford.edu#6220496&PrivNet=sdfrome078.sdf.slac.stanford.edu&addrs=172.24.33.143-42517&alias=sdfrome078.sdf.slac.stanford.edu>
	SlotName: slot_abrought_19079_1_1@sdfrome078.sdf.slac.stanford.edu
...
006 (1971989.000.000) 2023-12-14 02:26:42 Image size of job updated: 277096
	70  -  MemoryUsage of job (MB)
	71680  -  ResidentSetSize of job (KB)
...
006 (1971989.000.000) 2023-12-14 02:27:23 Image size of job updated: 2088548
	70  -  MemoryUsage of job (MB)
	71680  -  ResidentSetSize of job (KB)
...
040 (1971989.000.000) 2023-12-14 02:27:23 Started transferring output files
...
040 (1971989.000.000) 2023-12-14 02:27:23 Finished transferring output files
...
005 (1971989.000.000) 2023-12-14 02:27:23 Job terminated.
	(1) Normal termination (return value 0)
		Usr 0 00:00:24, Sys 0 00:00:04  -  Run Remote Usage
		Usr 0 00:00:00, Sys 0 00:00:00  -  Run Local Usage
		Usr 0 00:00:24, Sys 0 00:00:04  -  Total Remote Usage
		Usr 0 00:00:00, Sys 0 00:00:00  -  Total Local Usage
	19073  -  Run Bytes Sent By Job
	0  -  Run Bytes Received By Job
	19073  -  Total Bytes Sent By Job
	0  -  Total Bytes Received By Job
	Partitionable Resources :    Usage  Request Allocated 
	   Cpus                 :                 1         1 
	   Disk (KB)            :       91        2    312194 
	   Memory (MB)          :       70     2048      2048 

	Job terminated of its own accord at 2023-12-14T10:27:23Z with exit-code 0.
...
