000 (1972804.000.000) 2023-12-14 02:17:49 Job submitted from host: <172.24.33.226:11547?addrs=172.24.33.226-11547&alias=sdfrome002.sdf.slac.stanford.edu>
    DAG Node: 98180c8c-4e94-4ea4-b9d9-b47a251d98a7_ptcIsr_2023111101686_23
...
040 (1972804.000.000) 2023-12-14 02:29:03 Finished transferring input files
...
001 (1972804.000.000) 2023-12-14 02:29:03 Job executing on host: <172.24.33.213:41467?CCBID=172.24.33.225:9618%3faddrs%3d172.24.33.225-9618%26alias%3dsdfrome001.sdf.slac.stanford.edu#6220037&PrivNet=sdfrome022.sdf.slac.stanford.edu&addrs=172.24.33.213-41467&alias=sdfrome022.sdf.slac.stanford.edu>
	SlotName: slot_abrought_435_1_22@sdfrome022.sdf.slac.stanford.edu
...
006 (1972804.000.000) 2023-12-14 02:29:12 Image size of job updated: 292288
	85  -  MemoryUsage of job (MB)
	86508  -  ResidentSetSize of job (KB)
...
006 (1972804.000.000) 2023-12-14 02:29:57 Image size of job updated: 2122532
	675  -  MemoryUsage of job (MB)
	690980  -  ResidentSetSize of job (KB)
...
040 (1972804.000.000) 2023-12-14 02:29:58 Started transferring output files
...
040 (1972804.000.000) 2023-12-14 02:29:58 Finished transferring output files
...
005 (1972804.000.000) 2023-12-14 02:29:58 Job terminated.
	(1) Normal termination (return value 0)
		Usr 0 00:00:22, Sys 0 00:00:03  -  Run Remote Usage
		Usr 0 00:00:00, Sys 0 00:00:00  -  Run Local Usage
		Usr 0 00:00:22, Sys 0 00:00:03  -  Total Remote Usage
		Usr 0 00:00:00, Sys 0 00:00:00  -  Total Local Usage
	19073  -  Run Bytes Sent By Job
	0  -  Run Bytes Received By Job
	19073  -  Total Bytes Sent By Job
	0  -  Total Bytes Received By Job
	Partitionable Resources :    Usage  Request Allocated 
	   Cpus                 :     0.34        1         1 
	   Disk (KB)            :    97           2    312194 
	   Memory (MB)          :   675        2048      2048 

	Job terminated of its own accord at 2023-12-14T10:29:57Z with exit-code 0.
...
