000 (1970409.000.000) 2023-12-14 02:17:19 Job submitted from host: <172.24.33.226:11547?addrs=172.24.33.226-11547&alias=sdfrome002.sdf.slac.stanford.edu>
    DAG Node: e4875d18-1bd9-4ecd-835b-bdf3c094339f_ptcIsr_2023111200408_23
...
040 (1970409.000.000) 2023-12-14 02:21:48 Finished transferring input files
...
001 (1970409.000.000) 2023-12-14 02:21:48 Job executing on host: <172.24.33.147:42953?CCBID=172.24.33.225:9618%3faddrs%3d172.24.33.225-9618%26alias%3dsdfrome001.sdf.slac.stanford.edu#6219703&PrivNet=sdfrome082.sdf.slac.stanford.edu&addrs=172.24.33.147-42953&alias=sdfrome082.sdf.slac.stanford.edu>
	SlotName: slot_abrought_48_1_8@sdfrome082.sdf.slac.stanford.edu
...
006 (1970409.000.000) 2023-12-14 02:21:57 Image size of job updated: 293488
	86  -  MemoryUsage of job (MB)
	87536  -  ResidentSetSize of job (KB)
...
006 (1970409.000.000) 2023-12-14 02:22:37 Image size of job updated: 2067240
	636  -  MemoryUsage of job (MB)
	650440  -  ResidentSetSize of job (KB)
...
040 (1970409.000.000) 2023-12-14 02:22:37 Started transferring output files
...
040 (1970409.000.000) 2023-12-14 02:22:37 Finished transferring output files
...
005 (1970409.000.000) 2023-12-14 02:22:37 Job terminated.
	(1) Normal termination (return value 0)
		Usr 0 00:00:20, Sys 0 00:00:03  -  Run Remote Usage
		Usr 0 00:00:00, Sys 0 00:00:00  -  Run Local Usage
		Usr 0 00:00:20, Sys 0 00:00:03  -  Total Remote Usage
		Usr 0 00:00:00, Sys 0 00:00:00  -  Total Local Usage
	18803  -  Run Bytes Sent By Job
	0  -  Run Bytes Received By Job
	18803  -  Total Bytes Sent By Job
	0  -  Total Bytes Received By Job
	Partitionable Resources :    Usage  Request Allocated 
	   Cpus                 :                 1         1 
	   Disk (KB)            :       90        2    312116 
	   Memory (MB)          :      636     2048      2048 

	Job terminated of its own accord at 2023-12-14T10:22:37Z with exit-code 0.
...
