000 (1972990.000.000) 2023-12-14 02:17:50 Job submitted from host: <172.24.33.226:11547?addrs=172.24.33.226-11547&alias=sdfrome002.sdf.slac.stanford.edu>
    DAG Node: f078d7c4-de6d-4ff3-8c4e-7a044efa3fef_ptcIsr_2023111200044_23
...
040 (1972990.000.000) 2023-12-14 02:29:33 Finished transferring input files
...
001 (1972990.000.000) 2023-12-14 02:29:33 Job executing on host: <172.24.33.124:39661?CCBID=172.24.33.225:9618%3faddrs%3d172.24.33.225-9618%26alias%3dsdfrome001.sdf.slac.stanford.edu#6220018&PrivNet=sdfrome059.sdf.slac.stanford.edu&addrs=172.24.33.124-39661&alias=sdfrome059.sdf.slac.stanford.edu>
	SlotName: slot_abrought_25802_1_16@sdfrome059.sdf.slac.stanford.edu
...
006 (1972990.000.000) 2023-12-14 02:29:42 Image size of job updated: 320984
	111  -  MemoryUsage of job (MB)
	112668  -  ResidentSetSize of job (KB)
...
006 (1972990.000.000) 2023-12-14 02:30:20 Image size of job updated: 2036044
	111  -  MemoryUsage of job (MB)
	112668  -  ResidentSetSize of job (KB)
...
040 (1972990.000.000) 2023-12-14 02:30:20 Started transferring output files
...
040 (1972990.000.000) 2023-12-14 02:30:20 Finished transferring output files
...
005 (1972990.000.000) 2023-12-14 02:30:20 Job terminated.
	(1) Normal termination (return value 0)
		Usr 0 00:00:23, Sys 0 00:00:05  -  Run Remote Usage
		Usr 0 00:00:00, Sys 0 00:00:00  -  Run Local Usage
		Usr 0 00:00:23, Sys 0 00:00:05  -  Total Remote Usage
		Usr 0 00:00:00, Sys 0 00:00:00  -  Total Local Usage
	18533  -  Run Bytes Sent By Job
	0  -  Run Bytes Received By Job
	18533  -  Total Bytes Sent By Job
	0  -  Total Bytes Received By Job
	Partitionable Resources :    Usage  Request Allocated 
	   Cpus                 :                 1         1 
	   Disk (KB)            :       90        2    312194 
	   Memory (MB)          :      111     2048      2048 

	Job terminated of its own accord at 2023-12-14T10:30:20Z with exit-code 0.
...
