000 (1971564.000.000) 2023-12-14 02:17:35 Job submitted from host: <172.24.33.226:11547?addrs=172.24.33.226-11547&alias=sdfrome002.sdf.slac.stanford.edu>
    DAG Node: 1f1167c2-57c5-4e6b-99cc-23b8a8b0b11d_ptcIsr_2023111201700_23
...
040 (1971564.000.000) 2023-12-14 02:25:26 Finished transferring input files
...
001 (1971564.000.000) 2023-12-14 02:25:27 Job executing on host: <172.24.48.197:44589?CCBID=172.24.33.225:9618%3faddrs%3d172.24.33.225-9618%26alias%3dsdfrome001.sdf.slac.stanford.edu#6220121&PrivNet=sdfmilan125.sdf.slac.stanford.edu&addrs=172.24.48.197-44589&alias=sdfmilan125.sdf.slac.stanford.edu>
	SlotName: slot_abrought_7640_1_7@sdfmilan125.sdf.slac.stanford.edu
...
006 (1971564.000.000) 2023-12-14 02:25:36 Image size of job updated: 278144
	71  -  MemoryUsage of job (MB)
	72132  -  ResidentSetSize of job (KB)
...
006 (1971564.000.000) 2023-12-14 02:29:19 Image size of job updated: 1999952
	71  -  MemoryUsage of job (MB)
	72132  -  ResidentSetSize of job (KB)
...
040 (1971564.000.000) 2023-12-14 02:29:20 Started transferring output files
...
040 (1971564.000.000) 2023-12-14 02:29:20 Finished transferring output files
...
005 (1971564.000.000) 2023-12-14 02:29:21 Job terminated.
	(1) Normal termination (return value 0)
		Usr 0 00:00:15, Sys 0 00:00:02  -  Run Remote Usage
		Usr 0 00:00:00, Sys 0 00:00:00  -  Run Local Usage
		Usr 0 00:00:15, Sys 0 00:00:02  -  Total Remote Usage
		Usr 0 00:00:00, Sys 0 00:00:00  -  Total Local Usage
	18976  -  Run Bytes Sent By Job
	0  -  Run Bytes Received By Job
	18976  -  Total Bytes Sent By Job
	0  -  Total Bytes Received By Job
	Partitionable Resources :    Usage  Request Allocated 
	   Cpus                 :                 1         1 
	   Disk (KB)            :       91        2    305890 
	   Memory (MB)          :       71     2048      2048 

	Job terminated of its own accord at 2023-12-14T10:29:19Z with exit-code 0.
...
