000 (1970561.000.000) 2023-12-14 02:17:23 Job submitted from host: <172.24.33.226:11547?addrs=172.24.33.226-11547&alias=sdfrome002.sdf.slac.stanford.edu>
    DAG Node: 989f6bbc-6ac2-4196-890c-eec754b88516_ptcIsr_2023111202609_23
...
040 (1970561.000.000) 2023-12-14 02:22:18 Finished transferring input files
...
001 (1970561.000.000) 2023-12-14 02:22:19 Job executing on host: <172.24.33.213:43829?CCBID=172.24.33.225:9618%3faddrs%3d172.24.33.225-9618%26alias%3dsdfrome001.sdf.slac.stanford.edu#6220038&PrivNet=sdfrome022.sdf.slac.stanford.edu&addrs=172.24.33.213-43829&alias=sdfrome022.sdf.slac.stanford.edu>
	SlotName: slot_abrought_31850_1_2@sdfrome022.sdf.slac.stanford.edu
...
006 (1970561.000.000) 2023-12-14 02:22:27 Image size of job updated: 327572
	115  -  MemoryUsage of job (MB)
	117124  -  ResidentSetSize of job (KB)
...
006 (1970561.000.000) 2023-12-14 02:23:10 Image size of job updated: 2120980
	115  -  MemoryUsage of job (MB)
	117124  -  ResidentSetSize of job (KB)
...
040 (1970561.000.000) 2023-12-14 02:23:11 Started transferring output files
...
040 (1970561.000.000) 2023-12-14 02:23:11 Finished transferring output files
...
005 (1970561.000.000) 2023-12-14 02:23:11 Job terminated.
	(1) Normal termination (return value 0)
		Usr 0 00:00:24, Sys 0 00:00:05  -  Run Remote Usage
		Usr 0 00:00:00, Sys 0 00:00:00  -  Run Local Usage
		Usr 0 00:00:24, Sys 0 00:00:05  -  Total Remote Usage
		Usr 0 00:00:00, Sys 0 00:00:00  -  Total Local Usage
	18803  -  Run Bytes Sent By Job
	0  -  Run Bytes Received By Job
	18803  -  Total Bytes Sent By Job
	0  -  Total Bytes Received By Job
	Partitionable Resources :    Usage  Request Allocated 
	   Cpus                 :                 1         1 
	   Disk (KB)            :       90        2    312194 
	   Memory (MB)          :      115     2048      2048 

	Job terminated of its own accord at 2023-12-14T10:23:10Z with exit-code 0.
...
