000 (1973417.000.000) 2023-12-14 02:17:57 Job submitted from host: <172.24.33.226:11547?addrs=172.24.33.226-11547&alias=sdfrome002.sdf.slac.stanford.edu>
    DAG Node: 65914c24-9043-4b2a-b228-16dfe3e5de61_ptcIsr_2023111201316_23
...
040 (1973417.000.000) 2023-12-14 02:30:38 Finished transferring input files
...
001 (1973417.000.000) 2023-12-14 02:30:39 Job executing on host: <172.24.33.213:41467?CCBID=172.24.33.225:9618%3faddrs%3d172.24.33.225-9618%26alias%3dsdfrome001.sdf.slac.stanford.edu#6220037&PrivNet=sdfrome022.sdf.slac.stanford.edu&addrs=172.24.33.213-41467&alias=sdfrome022.sdf.slac.stanford.edu>
	SlotName: slot_abrought_435_1_13@sdfrome022.sdf.slac.stanford.edu
...
006 (1973417.000.000) 2023-12-14 02:30:47 Image size of job updated: 281312
	75  -  MemoryUsage of job (MB)
	76236  -  ResidentSetSize of job (KB)
...
006 (1973417.000.000) 2023-12-14 02:31:31 Image size of job updated: 2001532
	622  -  MemoryUsage of job (MB)
	636364  -  ResidentSetSize of job (KB)
...
040 (1973417.000.000) 2023-12-14 02:31:31 Started transferring output files
...
040 (1973417.000.000) 2023-12-14 02:31:31 Finished transferring output files
...
005 (1973417.000.000) 2023-12-14 02:31:31 Job terminated.
	(1) Normal termination (return value 0)
		Usr 0 00:00:24, Sys 0 00:00:03  -  Run Remote Usage
		Usr 0 00:00:00, Sys 0 00:00:00  -  Run Local Usage
		Usr 0 00:00:24, Sys 0 00:00:03  -  Total Remote Usage
		Usr 0 00:00:00, Sys 0 00:00:00  -  Total Local Usage
	18533  -  Run Bytes Sent By Job
	0  -  Run Bytes Received By Job
	18533  -  Total Bytes Sent By Job
	0  -  Total Bytes Received By Job
	Partitionable Resources :    Usage  Request Allocated 
	   Cpus                 :                 1         1 
	   Disk (KB)            :       90        2    312194 
	   Memory (MB)          :      622     2048      2048 

	Job terminated of its own accord at 2023-12-14T10:31:31Z with exit-code 0.
...
