000 (1971530.000.000) 2023-12-14 02:17:35 Job submitted from host: <172.24.33.226:11547?addrs=172.24.33.226-11547&alias=sdfrome002.sdf.slac.stanford.edu>
    DAG Node: 6ca4570a-e537-47bc-b591-44a82661c633_ptcIsr_2023111201893_23
...
040 (1971530.000.000) 2023-12-14 02:25:21 Finished transferring input files
...
001 (1971530.000.000) 2023-12-14 02:25:21 Job executing on host: <172.24.33.143:35625?CCBID=172.24.33.225:9618%3faddrs%3d172.24.33.225-9618%26alias%3dsdfrome001.sdf.slac.stanford.edu#6220497&PrivNet=sdfrome078.sdf.slac.stanford.edu&addrs=172.24.33.143-35625&alias=sdfrome078.sdf.slac.stanford.edu>
	SlotName: slot_abrought_7235_1_9@sdfrome078.sdf.slac.stanford.edu
...
006 (1971530.000.000) 2023-12-14 02:25:30 Image size of job updated: 283772
	76  -  MemoryUsage of job (MB)
	77732  -  ResidentSetSize of job (KB)
...
006 (1971530.000.000) 2023-12-14 02:29:56 Image size of job updated: 2136892
	76  -  MemoryUsage of job (MB)
	77732  -  ResidentSetSize of job (KB)
...
040 (1971530.000.000) 2023-12-14 02:29:57 Started transferring output files
...
040 (1971530.000.000) 2023-12-14 02:29:57 Finished transferring output files
...
005 (1971530.000.000) 2023-12-14 02:29:58 Job terminated.
	(1) Normal termination (return value 0)
		Usr 0 00:00:20, Sys 0 00:00:03  -  Run Remote Usage
		Usr 0 00:00:00, Sys 0 00:00:00  -  Run Local Usage
		Usr 0 00:00:20, Sys 0 00:00:03  -  Total Remote Usage
		Usr 0 00:00:00, Sys 0 00:00:00  -  Total Local Usage
	19074  -  Run Bytes Sent By Job
	0  -  Run Bytes Received By Job
	19074  -  Total Bytes Sent By Job
	0  -  Total Bytes Received By Job
	Partitionable Resources :    Usage  Request Allocated 
	   Cpus                 :     0.08        1         1 
	   Disk (KB)            :    97           2    312194 
	   Memory (MB)          :    76        2048      2048 

	Job terminated of its own accord at 2023-12-14T10:29:55Z with exit-code 0.
...
