000 (1970813.000.000) 2023-12-14 02:17:25 Job submitted from host: <172.24.33.226:11547?addrs=172.24.33.226-11547&alias=sdfrome002.sdf.slac.stanford.edu>
    DAG Node: 4636142b-5759-4acc-b542-d77780fe6474_ptcIsr_2023111203642_23
...
040 (1970813.000.000) 2023-12-14 02:23:09 Finished transferring input files
...
001 (1970813.000.000) 2023-12-14 02:23:09 Job executing on host: <172.24.33.213:33037?CCBID=172.24.33.225:9618%3faddrs%3d172.24.33.225-9618%26alias%3dsdfrome001.sdf.slac.stanford.edu#6220039&PrivNet=sdfrome022.sdf.slac.stanford.edu&addrs=172.24.33.213-33037&alias=sdfrome022.sdf.slac.stanford.edu>
	SlotName: slot_abrought_15721_1_12@sdfrome022.sdf.slac.stanford.edu
...
006 (1970813.000.000) 2023-12-14 02:23:17 Image size of job updated: 279368
	72  -  MemoryUsage of job (MB)
	73488  -  ResidentSetSize of job (KB)
...
006 (1970813.000.000) 2023-12-14 02:24:06 Image size of job updated: 2068020
	72  -  MemoryUsage of job (MB)
	73488  -  ResidentSetSize of job (KB)
...
040 (1970813.000.000) 2023-12-14 02:24:07 Started transferring output files
...
040 (1970813.000.000) 2023-12-14 02:24:07 Finished transferring output files
...
005 (1970813.000.000) 2023-12-14 02:24:07 Job terminated.
	(1) Normal termination (return value 0)
		Usr 0 00:00:21, Sys 0 00:00:04  -  Run Remote Usage
		Usr 0 00:00:00, Sys 0 00:00:00  -  Run Local Usage
		Usr 0 00:00:21, Sys 0 00:00:04  -  Total Remote Usage
		Usr 0 00:00:00, Sys 0 00:00:00  -  Total Local Usage
	18802  -  Run Bytes Sent By Job
	0  -  Run Bytes Received By Job
	18802  -  Total Bytes Sent By Job
	0  -  Total Bytes Received By Job
	Partitionable Resources :    Usage  Request Allocated 
	   Cpus                 :                 1         1 
	   Disk (KB)            :       90        2    312194 
	   Memory (MB)          :       72     2048      2048 

	Job terminated of its own accord at 2023-12-14T10:24:06Z with exit-code 0.
...
