000 (1972085.000.000) 2023-12-14 02:17:41 Job submitted from host: <172.24.33.226:11547?addrs=172.24.33.226-11547&alias=sdfrome002.sdf.slac.stanford.edu>
    DAG Node: 7c7aeb98-89f2-4d65-b8b2-2322df1e0255_ptcIsr_2023111201502_23
...
040 (1972085.000.000) 2023-12-14 02:26:52 Finished transferring input files
...
001 (1972085.000.000) 2023-12-14 02:26:52 Job executing on host: <172.24.33.143:42517?CCBID=172.24.33.225:9618%3faddrs%3d172.24.33.225-9618%26alias%3dsdfrome001.sdf.slac.stanford.edu#6220496&PrivNet=sdfrome078.sdf.slac.stanford.edu&addrs=172.24.33.143-42517&alias=sdfrome078.sdf.slac.stanford.edu>
	SlotName: slot_abrought_19079_1_9@sdfrome078.sdf.slac.stanford.edu
...
006 (1972085.000.000) 2023-12-14 02:27:01 Image size of job updated: 637884
	266  -  MemoryUsage of job (MB)
	272168  -  ResidentSetSize of job (KB)
...
006 (1972085.000.000) 2023-12-14 02:27:31 Image size of job updated: 2143316
	610  -  MemoryUsage of job (MB)
	624584  -  ResidentSetSize of job (KB)
...
040 (1972085.000.000) 2023-12-14 02:27:31 Started transferring output files
...
040 (1972085.000.000) 2023-12-14 02:27:31 Finished transferring output files
...
005 (1972085.000.000) 2023-12-14 02:27:31 Job terminated.
	(1) Normal termination (return value 0)
		Usr 0 00:00:24, Sys 0 00:00:04  -  Run Remote Usage
		Usr 0 00:00:00, Sys 0 00:00:00  -  Run Local Usage
		Usr 0 00:00:24, Sys 0 00:00:04  -  Total Remote Usage
		Usr 0 00:00:00, Sys 0 00:00:00  -  Total Local Usage
	18803  -  Run Bytes Sent By Job
	0  -  Run Bytes Received By Job
	18803  -  Total Bytes Sent By Job
	0  -  Total Bytes Received By Job
	Partitionable Resources :    Usage  Request Allocated 
	   Cpus                 :                 1         1 
	   Disk (KB)            :       90        2    312194 
	   Memory (MB)          :      610     2048      2048 

	Job terminated of its own accord at 2023-12-14T10:27:31Z with exit-code 0.
...
