000 (1969379.000.000) 2023-12-14 02:17:07 Job submitted from host: <172.24.33.226:11547?addrs=172.24.33.226-11547&alias=sdfrome002.sdf.slac.stanford.edu>
    DAG Node: d6f02da6-f9d8-4660-b94a-059b404ec55e_ptcIsr_2023111200857_23
...
040 (1969379.000.000) 2023-12-14 02:17:09 Finished transferring input files
...
001 (1969379.000.000) 2023-12-14 02:17:09 Job executing on host: <172.24.48.193:46283?CCBID=172.24.33.225:9618%3faddrs%3d172.24.33.225-9618%26alias%3dsdfrome001.sdf.slac.stanford.edu#6219697&PrivNet=sdfmilan121.sdf.slac.stanford.edu&addrs=172.24.48.193-46283&alias=sdfmilan121.sdf.slac.stanford.edu>
	SlotName: slot_abrought_10210_1_10@sdfmilan121.sdf.slac.stanford.edu
...
006 (1969379.000.000) 2023-12-14 02:17:18 Image size of job updated: 325992
	113  -  MemoryUsage of job (MB)
	115344  -  ResidentSetSize of job (KB)
...
006 (1969379.000.000) 2023-12-14 02:17:53 Image size of job updated: 2186396
	630  -  MemoryUsage of job (MB)
	644180  -  ResidentSetSize of job (KB)
...
040 (1969379.000.000) 2023-12-14 02:17:53 Started transferring output files
...
040 (1969379.000.000) 2023-12-14 02:17:53 Finished transferring output files
...
005 (1969379.000.000) 2023-12-14 02:17:53 Job terminated.
	(1) Normal termination (return value 0)
		Usr 0 00:00:27, Sys 0 00:00:04  -  Run Remote Usage
		Usr 0 00:00:00, Sys 0 00:00:00  -  Run Local Usage
		Usr 0 00:00:27, Sys 0 00:00:04  -  Total Remote Usage
		Usr 0 00:00:00, Sys 0 00:00:00  -  Total Local Usage
	19073  -  Run Bytes Sent By Job
	0  -  Run Bytes Received By Job
	19073  -  Total Bytes Sent By Job
	0  -  Total Bytes Received By Job
	Partitionable Resources :    Usage  Request Allocated 
	   Cpus                 :                 1         1 
	   Disk (KB)            :       90        2    311595 
	   Memory (MB)          :      630     2048      2048 

	Job terminated of its own accord at 2023-12-14T10:17:53Z with exit-code 0.
...
