000 (1971532.000.000) 2023-12-14 02:17:35 Job submitted from host: <172.24.33.226:11547?addrs=172.24.33.226-11547&alias=sdfrome002.sdf.slac.stanford.edu>
    DAG Node: c27212e7-be66-4d84-8109-aa2a8a7b0fdf_ptcIsr_2023111201887_23
...
040 (1971532.000.000) 2023-12-14 02:25:18 Finished transferring input files
...
001 (1971532.000.000) 2023-12-14 02:25:18 Job executing on host: <172.24.48.185:41489?CCBID=172.24.33.225:9618%3faddrs%3d172.24.33.225-9618%26alias%3dsdfrome001.sdf.slac.stanford.edu#6219699&PrivNet=sdfmilan113.sdf.slac.stanford.edu&addrs=172.24.48.185-41489&alias=sdfmilan113.sdf.slac.stanford.edu>
	SlotName: slot_abrought_18623_1_2@sdfmilan113.sdf.slac.stanford.edu
...
006 (1971532.000.000) 2023-12-14 02:25:26 Image size of job updated: 290936
	83  -  MemoryUsage of job (MB)
	84788  -  ResidentSetSize of job (KB)
...
006 (1971532.000.000) 2023-12-14 02:26:28 Image size of job updated: 2032156
	1247  -  MemoryUsage of job (MB)
	1275984  -  ResidentSetSize of job (KB)
...
040 (1971532.000.000) 2023-12-14 02:26:28 Started transferring output files
...
040 (1971532.000.000) 2023-12-14 02:26:28 Finished transferring output files
...
005 (1971532.000.000) 2023-12-14 02:26:29 Job terminated.
	(1) Normal termination (return value 0)
		Usr 0 00:00:14, Sys 0 00:00:02  -  Run Remote Usage
		Usr 0 00:00:00, Sys 0 00:00:00  -  Run Local Usage
		Usr 0 00:00:14, Sys 0 00:00:02  -  Total Remote Usage
		Usr 0 00:00:00, Sys 0 00:00:00  -  Total Local Usage
	19073  -  Run Bytes Sent By Job
	0  -  Run Bytes Received By Job
	19073  -  Total Bytes Sent By Job
	0  -  Total Bytes Received By Job
	Partitionable Resources :    Usage  Request Allocated 
	   Cpus                 :                 1         1 
	   Disk (KB)            :       91        2    312194 
	   Memory (MB)          :     1247     2048      2048 

	Job terminated of its own accord at 2023-12-14T10:26:28Z with exit-code 0.
...
