000 (1970855.000.000) 2023-12-14 02:17:25 Job submitted from host: <172.24.33.226:11547?addrs=172.24.33.226-11547&alias=sdfrome002.sdf.slac.stanford.edu>
    DAG Node: 08ec178c-60b3-4e20-b60f-25203987115b_ptcIsr_2023111101800_23
...
040 (1970855.000.000) 2023-12-14 02:23:17 Finished transferring input files
...
001 (1970855.000.000) 2023-12-14 02:23:17 Job executing on host: <172.24.33.143:37205?CCBID=172.24.33.225:9618%3faddrs%3d172.24.33.225-9618%26alias%3dsdfrome001.sdf.slac.stanford.edu#6220499&PrivNet=sdfrome078.sdf.slac.stanford.edu&addrs=172.24.33.143-37205&alias=sdfrome078.sdf.slac.stanford.edu>
	SlotName: slot_abrought_7348_1_1@sdfrome078.sdf.slac.stanford.edu
...
006 (1970855.000.000) 2023-12-14 02:23:26 Image size of job updated: 30064
	14  -  MemoryUsage of job (MB)
	13708  -  ResidentSetSize of job (KB)
...
006 (1970855.000.000) 2023-12-14 02:24:21 Image size of job updated: 2007364
	1296  -  MemoryUsage of job (MB)
	1326940  -  ResidentSetSize of job (KB)
...
040 (1970855.000.000) 2023-12-14 02:24:21 Started transferring output files
...
040 (1970855.000.000) 2023-12-14 02:24:21 Finished transferring output files
...
005 (1970855.000.000) 2023-12-14 02:24:21 Job terminated.
	(1) Normal termination (return value 0)
		Usr 0 00:00:15, Sys 0 00:00:03  -  Run Remote Usage
		Usr 0 00:00:00, Sys 0 00:00:00  -  Run Local Usage
		Usr 0 00:00:15, Sys 0 00:00:03  -  Total Remote Usage
		Usr 0 00:00:00, Sys 0 00:00:00  -  Total Local Usage
	18805  -  Run Bytes Sent By Job
	0  -  Run Bytes Received By Job
	18805  -  Total Bytes Sent By Job
	0  -  Total Bytes Received By Job
	Partitionable Resources :    Usage  Request Allocated 
	   Cpus                 :                 1         1 
	   Disk (KB)            :       90        2    312194 
	   Memory (MB)          :     1296     2048      2048 

	Job terminated of its own accord at 2023-12-14T10:24:21Z with exit-code 0.
...
