000 (1972186.000.000) 2023-12-14 02:17:42 Job submitted from host: <172.24.33.226:11547?addrs=172.24.33.226-11547&alias=sdfrome002.sdf.slac.stanford.edu>
    DAG Node: c778f8c2-6cf2-4206-a947-fb14a3db2d47_ptcIsr_2023111203215_23
...
040 (1972186.000.000) 2023-12-14 02:27:07 Finished transferring input files
...
001 (1972186.000.000) 2023-12-14 02:27:07 Job executing on host: <172.24.33.124:39697?CCBID=172.24.33.225:9618%3faddrs%3d172.24.33.225-9618%26alias%3dsdfrome001.sdf.slac.stanford.edu#6220015&PrivNet=sdfrome059.sdf.slac.stanford.edu&addrs=172.24.33.124-39697&alias=sdfrome059.sdf.slac.stanford.edu>
	SlotName: slot_abrought_7836_1_16@sdfrome059.sdf.slac.stanford.edu
...
006 (1972186.000.000) 2023-12-14 02:27:16 Image size of job updated: 327708
	115  -  MemoryUsage of job (MB)
	116984  -  ResidentSetSize of job (KB)
...
006 (1972186.000.000) 2023-12-14 02:27:57 Image size of job updated: 2069140
	618  -  MemoryUsage of job (MB)
	632584  -  ResidentSetSize of job (KB)
...
040 (1972186.000.000) 2023-12-14 02:27:57 Started transferring output files
...
040 (1972186.000.000) 2023-12-14 02:27:57 Finished transferring output files
...
005 (1972186.000.000) 2023-12-14 02:27:57 Job terminated.
	(1) Normal termination (return value 0)
		Usr 0 00:00:16, Sys 0 00:00:04  -  Run Remote Usage
		Usr 0 00:00:00, Sys 0 00:00:00  -  Run Local Usage
		Usr 0 00:00:16, Sys 0 00:00:04  -  Total Remote Usage
		Usr 0 00:00:00, Sys 0 00:00:00  -  Total Local Usage
	18975  -  Run Bytes Sent By Job
	0  -  Run Bytes Received By Job
	18975  -  Total Bytes Sent By Job
	0  -  Total Bytes Received By Job
	Partitionable Resources :    Usage  Request Allocated 
	   Cpus                 :                 1         1 
	   Disk (KB)            :       91        2    312194 
	   Memory (MB)          :      618     2048      2048 

	Job terminated of its own accord at 2023-12-14T10:27:57Z with exit-code 0.
...
