000 (1969668.000.000) 2023-12-14 02:17:11 Job submitted from host: <172.24.33.226:11547?addrs=172.24.33.226-11547&alias=sdfrome002.sdf.slac.stanford.edu>
    DAG Node: 1f252444-b4e2-4d02-b1ea-207ae229c8ad_ptcIsr_2023111201715_23
...
040 (1969668.000.000) 2023-12-14 02:19:32 Finished transferring input files
...
001 (1969668.000.000) 2023-12-14 02:19:32 Job executing on host: <172.24.48.159:36013?CCBID=172.24.33.225:9618%3faddrs%3d172.24.33.225-9618%26alias%3dsdfrome001.sdf.slac.stanford.edu#6219701&PrivNet=sdfmilan059.sdf.slac.stanford.edu&addrs=172.24.48.159-36013&alias=sdfmilan059.sdf.slac.stanford.edu>
	SlotName: slot_abrought_18206_1_2@sdfmilan059.sdf.slac.stanford.edu
...
006 (1969668.000.000) 2023-12-14 02:19:41 Image size of job updated: 25864
	9  -  MemoryUsage of job (MB)
	9180  -  ResidentSetSize of job (KB)
...
006 (1969668.000.000) 2023-12-14 02:23:19 Image size of job updated: 2177072
	626  -  MemoryUsage of job (MB)
	640316  -  ResidentSetSize of job (KB)
...
040 (1969668.000.000) 2023-12-14 02:23:19 Started transferring output files
...
040 (1969668.000.000) 2023-12-14 02:23:19 Finished transferring output files
...
005 (1969668.000.000) 2023-12-14 02:23:20 Job terminated.
	(1) Normal termination (return value 0)
		Usr 0 00:00:23, Sys 0 00:00:03  -  Run Remote Usage
		Usr 0 00:00:00, Sys 0 00:00:00  -  Run Local Usage
		Usr 0 00:00:23, Sys 0 00:00:03  -  Total Remote Usage
		Usr 0 00:00:00, Sys 0 00:00:00  -  Total Local Usage
	18806  -  Run Bytes Sent By Job
	0  -  Run Bytes Received By Job
	18806  -  Total Bytes Sent By Job
	0  -  Total Bytes Received By Job
	Partitionable Resources :    Usage  Request Allocated 
	   Cpus                 :     0.18        1         1 
	   Disk (KB)            :    97           2    312194 
	   Memory (MB)          :   626        2048      2048 

	Job terminated of its own accord at 2023-12-14T10:23:19Z with exit-code 0.
...
