000 (1971715.000.000) 2023-12-14 02:17:36 Job submitted from host: <172.24.33.226:11547?addrs=172.24.33.226-11547&alias=sdfrome002.sdf.slac.stanford.edu>
    DAG Node: d45b996a-a1fc-4367-bf21-9377c86648d4_ptcIsr_2023111300986_23
...
040 (1971715.000.000) 2023-12-14 02:25:46 Finished transferring input files
...
001 (1971715.000.000) 2023-12-14 02:25:47 Job executing on host: <172.24.33.213:34935?CCBID=172.24.33.225:9618%3faddrs%3d172.24.33.225-9618%26alias%3dsdfrome001.sdf.slac.stanford.edu#6220035&PrivNet=sdfrome022.sdf.slac.stanford.edu&addrs=172.24.33.213-34935&alias=sdfrome022.sdf.slac.stanford.edu>
	SlotName: slot_abrought_12392_1_15@sdfrome022.sdf.slac.stanford.edu
...
006 (1971715.000.000) 2023-12-14 02:25:56 Image size of job updated: 69764
	11  -  MemoryUsage of job (MB)
	10372  -  ResidentSetSize of job (KB)
...
006 (1971715.000.000) 2023-12-14 02:30:17 Image size of job updated: 2102564
	11  -  MemoryUsage of job (MB)
	10372  -  ResidentSetSize of job (KB)
...
040 (1971715.000.000) 2023-12-14 02:30:18 Started transferring output files
...
040 (1971715.000.000) 2023-12-14 02:30:18 Finished transferring output files
...
005 (1971715.000.000) 2023-12-14 02:30:20 Job terminated.
	(1) Normal termination (return value 0)
		Usr 0 00:00:18, Sys 0 00:00:03  -  Run Remote Usage
		Usr 0 00:00:00, Sys 0 00:00:00  -  Run Local Usage
		Usr 0 00:00:18, Sys 0 00:00:03  -  Total Remote Usage
		Usr 0 00:00:00, Sys 0 00:00:00  -  Total Local Usage
	18804  -  Run Bytes Sent By Job
	0  -  Run Bytes Received By Job
	18804  -  Total Bytes Sent By Job
	0  -  Total Bytes Received By Job
	Partitionable Resources :    Usage  Request Allocated 
	   Cpus                 :     0.06        1         1 
	   Disk (KB)            :    97           2    312194 
	   Memory (MB)          :    11        2048      2048 

	Job terminated of its own accord at 2023-12-14T10:30:17Z with exit-code 0.
...
