000 (1970417.000.000) 2023-12-14 02:17:19 Job submitted from host: <172.24.33.226:11547?addrs=172.24.33.226-11547&alias=sdfrome002.sdf.slac.stanford.edu>
    DAG Node: c04d3384-39b7-4238-83a3-262a03fb7858_ptcIsr_2023111200180_23
...
040 (1970417.000.000) 2023-12-14 02:21:52 Finished transferring input files
...
001 (1970417.000.000) 2023-12-14 02:21:52 Job executing on host: <172.24.48.185:41489?CCBID=172.24.33.225:9618%3faddrs%3d172.24.33.225-9618%26alias%3dsdfrome001.sdf.slac.stanford.edu#6219699&PrivNet=sdfmilan113.sdf.slac.stanford.edu&addrs=172.24.48.185-41489&alias=sdfmilan113.sdf.slac.stanford.edu>
	SlotName: slot_abrought_18623_1_15@sdfmilan113.sdf.slac.stanford.edu
...
006 (1970417.000.000) 2023-12-14 02:22:00 Image size of job updated: 35416
	20  -  MemoryUsage of job (MB)
	19612  -  ResidentSetSize of job (KB)
...
006 (1970417.000.000) 2023-12-14 02:23:03 Image size of job updated: 2067236
	618  -  MemoryUsage of job (MB)
	632164  -  ResidentSetSize of job (KB)
...
040 (1970417.000.000) 2023-12-14 02:23:03 Started transferring output files
...
040 (1970417.000.000) 2023-12-14 02:23:03 Finished transferring output files
...
005 (1970417.000.000) 2023-12-14 02:23:04 Job terminated.
	(1) Normal termination (return value 0)
		Usr 0 00:00:20, Sys 0 00:00:03  -  Run Remote Usage
		Usr 0 00:00:00, Sys 0 00:00:00  -  Run Local Usage
		Usr 0 00:00:20, Sys 0 00:00:03  -  Total Remote Usage
		Usr 0 00:00:00, Sys 0 00:00:00  -  Total Local Usage
	18804  -  Run Bytes Sent By Job
	0  -  Run Bytes Received By Job
	18804  -  Total Bytes Sent By Job
	0  -  Total Bytes Received By Job
	Partitionable Resources :    Usage  Request Allocated 
	   Cpus                 :                 1         1 
	   Disk (KB)            :       90        2    312194 
	   Memory (MB)          :      618     2048      2048 

	Job terminated of its own accord at 2023-12-14T10:23:03Z with exit-code 0.
...
