000 (1971991.000.000) 2023-12-14 02:17:38 Job submitted from host: <172.24.33.226:11547?addrs=172.24.33.226-11547&alias=sdfrome002.sdf.slac.stanford.edu>
    DAG Node: 5d29c1f5-f5a4-4ccb-9dcc-dc6e3adc573c_ptcIsr_2023111200107_23
...
040 (1971991.000.000) 2023-12-14 02:26:34 Finished transferring input files
...
001 (1971991.000.000) 2023-12-14 02:26:34 Job executing on host: <172.24.33.143:42517?CCBID=172.24.33.225:9618%3faddrs%3d172.24.33.225-9618%26alias%3dsdfrome001.sdf.slac.stanford.edu#6220496&PrivNet=sdfrome078.sdf.slac.stanford.edu&addrs=172.24.33.143-42517&alias=sdfrome078.sdf.slac.stanford.edu>
	SlotName: slot_abrought_19079_1_4@sdfrome078.sdf.slac.stanford.edu
...
006 (1971991.000.000) 2023-12-14 02:26:42 Image size of job updated: 277236
	71  -  MemoryUsage of job (MB)
	71948  -  ResidentSetSize of job (KB)
...
006 (1971991.000.000) 2023-12-14 02:27:21 Image size of job updated: 2211108
	611  -  MemoryUsage of job (MB)
	624852  -  ResidentSetSize of job (KB)
...
040 (1971991.000.000) 2023-12-14 02:27:21 Started transferring output files
...
040 (1971991.000.000) 2023-12-14 02:27:21 Finished transferring output files
...
005 (1971991.000.000) 2023-12-14 02:27:21 Job terminated.
	(1) Normal termination (return value 0)
		Usr 0 00:00:23, Sys 0 00:00:04  -  Run Remote Usage
		Usr 0 00:00:00, Sys 0 00:00:00  -  Run Local Usage
		Usr 0 00:00:23, Sys 0 00:00:04  -  Total Remote Usage
		Usr 0 00:00:00, Sys 0 00:00:00  -  Total Local Usage
	19075  -  Run Bytes Sent By Job
	0  -  Run Bytes Received By Job
	19075  -  Total Bytes Sent By Job
	0  -  Total Bytes Received By Job
	Partitionable Resources :    Usage  Request Allocated 
	   Cpus                 :                 1         1 
	   Disk (KB)            :       91        2    312194 
	   Memory (MB)          :      611     2048      2048 

	Job terminated of its own accord at 2023-12-14T10:27:21Z with exit-code 0.
...
