000 (1970503.000.000) 2023-12-14 02:17:23 Job submitted from host: <172.24.33.226:11547?addrs=172.24.33.226-11547&alias=sdfrome002.sdf.slac.stanford.edu>
    DAG Node: de941d1b-57da-4dcd-9144-207d829d537e_ptcIsr_2023111201514_23
...
040 (1970503.000.000) 2023-12-14 02:22:09 Finished transferring input files
...
001 (1970503.000.000) 2023-12-14 02:22:09 Job executing on host: <172.24.33.124:39661?CCBID=172.24.33.225:9618%3faddrs%3d172.24.33.225-9618%26alias%3dsdfrome001.sdf.slac.stanford.edu#6220018&PrivNet=sdfrome059.sdf.slac.stanford.edu&addrs=172.24.33.124-39661&alias=sdfrome059.sdf.slac.stanford.edu>
	SlotName: slot_abrought_25802_1_20@sdfrome059.sdf.slac.stanford.edu
...
006 (1970503.000.000) 2023-12-14 02:22:18 Image size of job updated: 403704
	163  -  MemoryUsage of job (MB)
	166716  -  ResidentSetSize of job (KB)
...
006 (1970503.000.000) 2023-12-14 02:22:54 Image size of job updated: 2172640
	163  -  MemoryUsage of job (MB)
	166716  -  ResidentSetSize of job (KB)
...
040 (1970503.000.000) 2023-12-14 02:22:55 Started transferring output files
...
040 (1970503.000.000) 2023-12-14 02:22:55 Finished transferring output files
...
005 (1970503.000.000) 2023-12-14 02:22:55 Job terminated.
	(1) Normal termination (return value 0)
		Usr 0 00:00:24, Sys 0 00:00:07  -  Run Remote Usage
		Usr 0 00:00:00, Sys 0 00:00:00  -  Run Local Usage
		Usr 0 00:00:24, Sys 0 00:00:07  -  Total Remote Usage
		Usr 0 00:00:00, Sys 0 00:00:00  -  Total Local Usage
	19074  -  Run Bytes Sent By Job
	0  -  Run Bytes Received By Job
	19074  -  Total Bytes Sent By Job
	0  -  Total Bytes Received By Job
	Partitionable Resources :    Usage  Request Allocated 
	   Cpus                 :                 1         1 
	   Disk (KB)            :       91        2    312194 
	   Memory (MB)          :      163     2048      2048 

	Job terminated of its own accord at 2023-12-14T10:22:54Z with exit-code 0.
...
