000 (1971123.000.000) 2023-12-14 02:17:30 Job submitted from host: <172.24.33.226:11547?addrs=172.24.33.226-11547&alias=sdfrome002.sdf.slac.stanford.edu>
    DAG Node: efc343ae-fa34-45c0-8c15-0eeaccb5e518_ptcIsr_2023111202721_23
...
040 (1971123.000.000) 2023-12-14 02:24:04 Finished transferring input files
...
001 (1971123.000.000) 2023-12-14 02:24:04 Job executing on host: <172.24.33.124:39697?CCBID=172.24.33.225:9618%3faddrs%3d172.24.33.225-9618%26alias%3dsdfrome001.sdf.slac.stanford.edu#6220015&PrivNet=sdfrome059.sdf.slac.stanford.edu&addrs=172.24.33.124-39697&alias=sdfrome059.sdf.slac.stanford.edu>
	SlotName: slot_abrought_7836_1_5@sdfrome059.sdf.slac.stanford.edu
...
006 (1971123.000.000) 2023-12-14 02:24:13 Image size of job updated: 279736
	73  -  MemoryUsage of job (MB)
	74664  -  ResidentSetSize of job (KB)
...
006 (1971123.000.000) 2023-12-14 02:25:04 Image size of job updated: 2199388
	73  -  MemoryUsage of job (MB)
	74664  -  ResidentSetSize of job (KB)
...
040 (1971123.000.000) 2023-12-14 02:25:04 Started transferring output files
...
040 (1971123.000.000) 2023-12-14 02:25:04 Finished transferring output files
...
005 (1971123.000.000) 2023-12-14 02:25:04 Job terminated.
	(1) Normal termination (return value 0)
		Usr 0 00:00:22, Sys 0 00:00:03  -  Run Remote Usage
		Usr 0 00:00:00, Sys 0 00:00:00  -  Run Local Usage
		Usr 0 00:00:22, Sys 0 00:00:03  -  Total Remote Usage
		Usr 0 00:00:00, Sys 0 00:00:00  -  Total Local Usage
	19073  -  Run Bytes Sent By Job
	0  -  Run Bytes Received By Job
	19073  -  Total Bytes Sent By Job
	0  -  Total Bytes Received By Job
	Partitionable Resources :    Usage  Request Allocated 
	   Cpus                 :     0.10        1         1 
	   Disk (KB)            :    97           2    312194 
	   Memory (MB)          :    73        2048      2048 

	Job terminated of its own accord at 2023-12-14T10:25:04Z with exit-code 0.
...
