000 (1969645.000.000) 2023-12-14 02:17:11 Job submitted from host: <172.24.33.226:11547?addrs=172.24.33.226-11547&alias=sdfrome002.sdf.slac.stanford.edu>
    DAG Node: 6102e7a3-3464-46d0-ac6f-420dc6c21c40_ptcIsr_2023110800522_23
...
040 (1969645.000.000) 2023-12-14 02:19:17 Finished transferring input files
...
001 (1969645.000.000) 2023-12-14 02:19:17 Job executing on host: <172.24.48.149:38613?CCBID=172.24.33.225:9618%3faddrs%3d172.24.33.225-9618%26alias%3dsdfrome001.sdf.slac.stanford.edu#6219698&PrivNet=sdfmilan049.sdf.slac.stanford.edu&addrs=172.24.48.149-38613&alias=sdfmilan049.sdf.slac.stanford.edu>
	SlotName: slot_abrought_1727_1_6@sdfmilan049.sdf.slac.stanford.edu
...
006 (1969645.000.000) 2023-12-14 02:19:26 Image size of job updated: 279732
	74  -  MemoryUsage of job (MB)
	74756  -  ResidentSetSize of job (KB)
...
006 (1969645.000.000) 2023-12-14 02:20:22 Image size of job updated: 2029684
	619  -  MemoryUsage of job (MB)
	633208  -  ResidentSetSize of job (KB)
...
040 (1969645.000.000) 2023-12-14 02:20:22 Started transferring output files
...
040 (1969645.000.000) 2023-12-14 02:20:22 Finished transferring output files
...
005 (1969645.000.000) 2023-12-14 02:20:22 Job terminated.
	(1) Normal termination (return value 0)
		Usr 0 00:00:23, Sys 0 00:00:02  -  Run Remote Usage
		Usr 0 00:00:00, Sys 0 00:00:00  -  Run Local Usage
		Usr 0 00:00:23, Sys 0 00:00:02  -  Total Remote Usage
		Usr 0 00:00:00, Sys 0 00:00:00  -  Total Local Usage
	18532  -  Run Bytes Sent By Job
	0  -  Run Bytes Received By Job
	18532  -  Total Bytes Sent By Job
	0  -  Total Bytes Received By Job
	Partitionable Resources :    Usage  Request Allocated 
	   Cpus                 :                 1         1 
	   Disk (KB)            :       90        2    312194 
	   Memory (MB)          :      619     2048      2048 

	Job terminated of its own accord at 2023-12-14T10:20:22Z with exit-code 0.
...
