000 (1970647.000.000) 2023-12-14 02:17:24 Job submitted from host: <172.24.33.226:11547?addrs=172.24.33.226-11547&alias=sdfrome002.sdf.slac.stanford.edu>
    DAG Node: 32333a4d-9456-4953-81a5-b445cf356fa5_ptcIsr_2023111203326_23
...
040 (1970647.000.000) 2023-12-14 02:22:37 Finished transferring input files
...
001 (1970647.000.000) 2023-12-14 02:22:37 Job executing on host: <172.24.33.213:43829?CCBID=172.24.33.225:9618%3faddrs%3d172.24.33.225-9618%26alias%3dsdfrome001.sdf.slac.stanford.edu#6220038&PrivNet=sdfrome022.sdf.slac.stanford.edu&addrs=172.24.33.213-43829&alias=sdfrome022.sdf.slac.stanford.edu>
	SlotName: slot_abrought_31850_1_17@sdfrome022.sdf.slac.stanford.edu
...
006 (1970647.000.000) 2023-12-14 02:22:45 Image size of job updated: 292164
	85  -  MemoryUsage of job (MB)
	86140  -  ResidentSetSize of job (KB)
...
006 (1970647.000.000) 2023-12-14 02:23:35 Image size of job updated: 1854524
	85  -  MemoryUsage of job (MB)
	86140  -  ResidentSetSize of job (KB)
...
040 (1970647.000.000) 2023-12-14 02:23:35 Started transferring output files
...
040 (1970647.000.000) 2023-12-14 02:23:35 Finished transferring output files
...
005 (1970647.000.000) 2023-12-14 02:23:38 Job terminated.
	(1) Normal termination (return value 0)
		Usr 0 00:00:21, Sys 0 00:00:03  -  Run Remote Usage
		Usr 0 00:00:00, Sys 0 00:00:00  -  Run Local Usage
		Usr 0 00:00:21, Sys 0 00:00:03  -  Total Remote Usage
		Usr 0 00:00:00, Sys 0 00:00:00  -  Total Local Usage
	18803  -  Run Bytes Sent By Job
	0  -  Run Bytes Received By Job
	18803  -  Total Bytes Sent By Job
	0  -  Total Bytes Received By Job
	Partitionable Resources :    Usage  Request Allocated 
	   Cpus                 :                 1         1 
	   Disk (KB)            :       90        2    312194 
	   Memory (MB)          :       85     2048      2048 

	Job terminated of its own accord at 2023-12-14T10:23:34Z with exit-code 0.
...
