000 (1971823.000.000) 2023-12-14 02:17:37 Job submitted from host: <172.24.33.226:11547?addrs=172.24.33.226-11547&alias=sdfrome002.sdf.slac.stanford.edu>
    DAG Node: 7f0e4e08-a155-44c1-9af3-c041514a5e96_ptcIsr_2023111300590_23
...
040 (1971823.000.000) 2023-12-14 02:26:07 Finished transferring input files
...
001 (1971823.000.000) 2023-12-14 02:26:07 Job executing on host: <172.24.33.143:42517?CCBID=172.24.33.225:9618%3faddrs%3d172.24.33.225-9618%26alias%3dsdfrome001.sdf.slac.stanford.edu#6220496&PrivNet=sdfrome078.sdf.slac.stanford.edu&addrs=172.24.33.143-42517&alias=sdfrome078.sdf.slac.stanford.edu>
	SlotName: slot_abrought_19079_1_5@sdfrome078.sdf.slac.stanford.edu
...
006 (1971823.000.000) 2023-12-14 02:26:15 Image size of job updated: 458052
	203  -  MemoryUsage of job (MB)
	207188  -  ResidentSetSize of job (KB)
...
006 (1971823.000.000) 2023-12-14 02:26:46 Image size of job updated: 1969524
	203  -  MemoryUsage of job (MB)
	207188  -  ResidentSetSize of job (KB)
...
040 (1971823.000.000) 2023-12-14 02:26:46 Started transferring output files
...
040 (1971823.000.000) 2023-12-14 02:26:46 Finished transferring output files
...
005 (1971823.000.000) 2023-12-14 02:26:46 Job terminated.
	(1) Normal termination (return value 0)
		Usr 0 00:00:24, Sys 0 00:00:04  -  Run Remote Usage
		Usr 0 00:00:00, Sys 0 00:00:00  -  Run Local Usage
		Usr 0 00:00:24, Sys 0 00:00:04  -  Total Remote Usage
		Usr 0 00:00:00, Sys 0 00:00:00  -  Total Local Usage
	18532  -  Run Bytes Sent By Job
	0  -  Run Bytes Received By Job
	18532  -  Total Bytes Sent By Job
	0  -  Total Bytes Received By Job
	Partitionable Resources :    Usage  Request Allocated 
	   Cpus                 :                 1         1 
	   Disk (KB)            :       90        2    312194 
	   Memory (MB)          :      203     2048      2048 

	Job terminated of its own accord at 2023-12-14T10:26:46Z with exit-code 0.
...
