000 (1972265.000.000) 2023-12-14 02:17:43 Job submitted from host: <172.24.33.226:11547?addrs=172.24.33.226-11547&alias=sdfrome002.sdf.slac.stanford.edu>
    DAG Node: b38094a2-d267-464b-ab8c-ff770e18bb24_ptcIsr_2023111301059_23
...
040 (1972265.000.000) 2023-12-14 02:27:22 Finished transferring input files
...
001 (1972265.000.000) 2023-12-14 02:27:22 Job executing on host: <172.24.33.147:42953?CCBID=172.24.33.225:9618%3faddrs%3d172.24.33.225-9618%26alias%3dsdfrome001.sdf.slac.stanford.edu#6219703&PrivNet=sdfrome082.sdf.slac.stanford.edu&addrs=172.24.33.147-42953&alias=sdfrome082.sdf.slac.stanford.edu>
	SlotName: slot_abrought_48_1_10@sdfrome082.sdf.slac.stanford.edu
...
006 (1972265.000.000) 2023-12-14 02:27:30 Image size of job updated: 272900
	67  -  MemoryUsage of job (MB)
	68308  -  ResidentSetSize of job (KB)
...
006 (1972265.000.000) 2023-12-14 02:28:15 Image size of job updated: 2103208
	1305  -  MemoryUsage of job (MB)
	1335792  -  ResidentSetSize of job (KB)
...
040 (1972265.000.000) 2023-12-14 02:28:15 Started transferring output files
...
040 (1972265.000.000) 2023-12-14 02:28:15 Finished transferring output files
...
005 (1972265.000.000) 2023-12-14 02:28:15 Job terminated.
	(1) Normal termination (return value 0)
		Usr 0 00:00:16, Sys 0 00:00:02  -  Run Remote Usage
		Usr 0 00:00:00, Sys 0 00:00:00  -  Run Local Usage
		Usr 0 00:00:16, Sys 0 00:00:02  -  Total Remote Usage
		Usr 0 00:00:00, Sys 0 00:00:00  -  Total Local Usage
	18802  -  Run Bytes Sent By Job
	0  -  Run Bytes Received By Job
	18802  -  Total Bytes Sent By Job
	0  -  Total Bytes Received By Job
	Partitionable Resources :    Usage  Request Allocated 
	   Cpus                 :                 1         1 
	   Disk (KB)            :       90        2    312116 
	   Memory (MB)          :     1305     2048      2048 

	Job terminated of its own accord at 2023-12-14T10:28:15Z with exit-code 0.
...
