000 (1973008.000.000) 2023-12-14 02:17:51 Job submitted from host: <172.24.33.226:11547?addrs=172.24.33.226-11547&alias=sdfrome002.sdf.slac.stanford.edu>
    DAG Node: 379e5645-1c98-4edb-b66e-3475b8de3ff7_ptcIsr_2023111201902_23
...
040 (1973008.000.000) 2023-12-14 02:29:36 Finished transferring input files
...
001 (1973008.000.000) 2023-12-14 02:29:36 Job executing on host: <172.24.33.124:44469?CCBID=172.24.33.225:9618%3faddrs%3d172.24.33.225-9618%26alias%3dsdfrome001.sdf.slac.stanford.edu#6220017&PrivNet=sdfrome059.sdf.slac.stanford.edu&addrs=172.24.33.124-44469&alias=sdfrome059.sdf.slac.stanford.edu>
	SlotName: slot_abrought_2668_1_1@sdfrome059.sdf.slac.stanford.edu
...
006 (1973008.000.000) 2023-12-14 02:29:45 Image size of job updated: 286936
	79  -  MemoryUsage of job (MB)
	80496  -  ResidentSetSize of job (KB)
...
006 (1973008.000.000) 2023-12-14 02:30:45 Image size of job updated: 2101900
	1360  -  MemoryUsage of job (MB)
	1391716  -  ResidentSetSize of job (KB)
...
040 (1973008.000.000) 2023-12-14 02:30:45 Started transferring output files
...
040 (1973008.000.000) 2023-12-14 02:30:45 Finished transferring output files
...
005 (1973008.000.000) 2023-12-14 02:30:45 Job terminated.
	(1) Normal termination (return value 0)
		Usr 0 00:00:18, Sys 0 00:00:04  -  Run Remote Usage
		Usr 0 00:00:00, Sys 0 00:00:00  -  Run Local Usage
		Usr 0 00:00:18, Sys 0 00:00:04  -  Total Remote Usage
		Usr 0 00:00:00, Sys 0 00:00:00  -  Total Local Usage
	18803  -  Run Bytes Sent By Job
	0  -  Run Bytes Received By Job
	18803  -  Total Bytes Sent By Job
	0  -  Total Bytes Received By Job
	Partitionable Resources :    Usage  Request Allocated 
	   Cpus                 :                 1         1 
	   Disk (KB)            :       91        2    312194 
	   Memory (MB)          :     1360     2048      2048 

	Job terminated of its own accord at 2023-12-14T10:30:45Z with exit-code 0.
...
