000 (1973046.000.000) 2023-12-14 02:17:51 Job submitted from host: <172.24.33.226:11547?addrs=172.24.33.226-11547&alias=sdfrome002.sdf.slac.stanford.edu>
    DAG Node: b45d2fd5-f432-4d32-bea3-d621afedfd84_ptcIsr_2023111201839_23
...
040 (1973046.000.000) 2023-12-14 02:29:43 Finished transferring input files
...
001 (1973046.000.000) 2023-12-14 02:29:43 Job executing on host: <172.24.33.143:35625?CCBID=172.24.33.225:9618%3faddrs%3d172.24.33.225-9618%26alias%3dsdfrome001.sdf.slac.stanford.edu#6220497&PrivNet=sdfrome078.sdf.slac.stanford.edu&addrs=172.24.33.143-35625&alias=sdfrome078.sdf.slac.stanford.edu>
	SlotName: slot_abrought_7235_1_12@sdfrome078.sdf.slac.stanford.edu
...
006 (1973046.000.000) 2023-12-14 02:29:53 Image size of job updated: 283492
	76  -  MemoryUsage of job (MB)
	77184  -  ResidentSetSize of job (KB)
...
006 (1973046.000.000) 2023-12-14 02:33:36 Image size of job updated: 2028912
	614  -  MemoryUsage of job (MB)
	628616  -  ResidentSetSize of job (KB)
...
040 (1973046.000.000) 2023-12-14 02:33:36 Started transferring output files
...
040 (1973046.000.000) 2023-12-14 02:33:36 Finished transferring output files
...
005 (1973046.000.000) 2023-12-14 02:33:37 Job terminated.
	(1) Normal termination (return value 0)
		Usr 0 00:00:19, Sys 0 00:00:03  -  Run Remote Usage
		Usr 0 00:00:00, Sys 0 00:00:00  -  Run Local Usage
		Usr 0 00:00:19, Sys 0 00:00:03  -  Total Remote Usage
		Usr 0 00:00:00, Sys 0 00:00:00  -  Total Local Usage
	18534  -  Run Bytes Sent By Job
	0  -  Run Bytes Received By Job
	18534  -  Total Bytes Sent By Job
	0  -  Total Bytes Received By Job
	Partitionable Resources :    Usage  Request Allocated 
	   Cpus                 :     0.03        1         1 
	   Disk (KB)            :    97           2    312194 
	   Memory (MB)          :   614        2048      2048 

	Job terminated of its own accord at 2023-12-14T10:33:36Z with exit-code 0.
...
