000 (1971819.000.000) 2023-12-14 02:17:37 Job submitted from host: <172.24.33.226:11547?addrs=172.24.33.226-11547&alias=sdfrome002.sdf.slac.stanford.edu>
    DAG Node: 4c7b84b3-2c9c-49b5-b095-069ded384e6b_ptcIsr_2023111101056_23
...
040 (1971819.000.000) 2023-12-14 02:26:04 Finished transferring input files
...
001 (1971819.000.000) 2023-12-14 02:26:04 Job executing on host: <172.24.48.186:33679?CCBID=172.24.33.225:9618%3faddrs%3d172.24.33.225-9618%26alias%3dsdfrome001.sdf.slac.stanford.edu#6219700&PrivNet=sdfmilan114.sdf.slac.stanford.edu&addrs=172.24.48.186-33679&alias=sdfmilan114.sdf.slac.stanford.edu>
	SlotName: slot_abrought_14493_1_18@sdfmilan114.sdf.slac.stanford.edu
...
006 (1971819.000.000) 2023-12-14 02:26:12 Image size of job updated: 295840
	88  -  MemoryUsage of job (MB)
	89976  -  ResidentSetSize of job (KB)
...
006 (1971819.000.000) 2023-12-14 02:27:02 Image size of job updated: 2086856
	639  -  MemoryUsage of job (MB)
	653612  -  ResidentSetSize of job (KB)
...
040 (1971819.000.000) 2023-12-14 02:27:02 Started transferring output files
...
040 (1971819.000.000) 2023-12-14 02:27:02 Finished transferring output files
...
005 (1971819.000.000) 2023-12-14 02:27:02 Job terminated.
	(1) Normal termination (return value 0)
		Usr 0 00:00:21, Sys 0 00:00:03  -  Run Remote Usage
		Usr 0 00:00:00, Sys 0 00:00:00  -  Run Local Usage
		Usr 0 00:00:21, Sys 0 00:00:03  -  Total Remote Usage
		Usr 0 00:00:00, Sys 0 00:00:00  -  Total Local Usage
	19073  -  Run Bytes Sent By Job
	0  -  Run Bytes Received By Job
	19073  -  Total Bytes Sent By Job
	0  -  Total Bytes Received By Job
	Partitionable Resources :    Usage  Request Allocated 
	   Cpus                 :     0.16        1         1 
	   Disk (KB)            :    97           2    312193 
	   Memory (MB)          :   639        2048      2048 

	Job terminated of its own accord at 2023-12-14T10:27:02Z with exit-code 0.
...
