000 (1972404.000.000) 2023-12-14 02:17:43 Job submitted from host: <172.24.33.226:11547?addrs=172.24.33.226-11547&alias=sdfrome002.sdf.slac.stanford.edu>
    DAG Node: c2b47ef2-c617-42e0-bc30-c84f7d3bf645_ptcIsr_2023111101396_23
...
040 (1972404.000.000) 2023-12-14 02:27:46 Finished transferring input files
...
001 (1972404.000.000) 2023-12-14 02:27:47 Job executing on host: <172.24.48.185:41489?CCBID=172.24.33.225:9618%3faddrs%3d172.24.33.225-9618%26alias%3dsdfrome001.sdf.slac.stanford.edu#6219699&PrivNet=sdfmilan113.sdf.slac.stanford.edu&addrs=172.24.48.185-41489&alias=sdfmilan113.sdf.slac.stanford.edu>
	SlotName: slot_abrought_18623_1_15@sdfmilan113.sdf.slac.stanford.edu
...
006 (1972404.000.000) 2023-12-14 02:27:55 Image size of job updated: 60764
	32  -  MemoryUsage of job (MB)
	31772  -  ResidentSetSize of job (KB)
...
006 (1972404.000.000) 2023-12-14 02:28:50 Image size of job updated: 2068232
	618  -  MemoryUsage of job (MB)
	632232  -  ResidentSetSize of job (KB)
...
040 (1972404.000.000) 2023-12-14 02:28:50 Started transferring output files
...
040 (1972404.000.000) 2023-12-14 02:28:50 Finished transferring output files
...
005 (1972404.000.000) 2023-12-14 02:28:50 Job terminated.
	(1) Normal termination (return value 0)
		Usr 0 00:00:21, Sys 0 00:00:03  -  Run Remote Usage
		Usr 0 00:00:00, Sys 0 00:00:00  -  Run Local Usage
		Usr 0 00:00:21, Sys 0 00:00:03  -  Total Remote Usage
		Usr 0 00:00:00, Sys 0 00:00:00  -  Total Local Usage
	18803  -  Run Bytes Sent By Job
	0  -  Run Bytes Received By Job
	18803  -  Total Bytes Sent By Job
	0  -  Total Bytes Received By Job
	Partitionable Resources :    Usage  Request Allocated 
	   Cpus                 :                 1         1 
	   Disk (KB)            :       90        2    312194 
	   Memory (MB)          :      618     2048      2048 

	Job terminated of its own accord at 2023-12-14T10:28:50Z with exit-code 0.
...
