000 (1969415.000.000) 2023-12-14 02:17:08 Job submitted from host: <172.24.33.226:11547?addrs=172.24.33.226-11547&alias=sdfrome002.sdf.slac.stanford.edu>
    DAG Node: 7155a500-ee53-4fce-8c0f-ef83f086da67_ptcIsr_2023111201221_23
...
040 (1969415.000.000) 2023-12-14 02:17:10 Finished transferring input files
...
001 (1969415.000.000) 2023-12-14 02:17:10 Job executing on host: <172.24.48.185:41489?CCBID=172.24.33.225:9618%3faddrs%3d172.24.33.225-9618%26alias%3dsdfrome001.sdf.slac.stanford.edu#6219699&PrivNet=sdfmilan113.sdf.slac.stanford.edu&addrs=172.24.48.185-41489&alias=sdfmilan113.sdf.slac.stanford.edu>
	SlotName: slot_abrought_18623_1_16@sdfmilan113.sdf.slac.stanford.edu
...
006 (1969415.000.000) 2023-12-14 02:17:19 Image size of job updated: 55088
	26  -  MemoryUsage of job (MB)
	26312  -  ResidentSetSize of job (KB)
...
006 (1969415.000.000) 2023-12-14 02:18:13 Image size of job updated: 2131044
	616  -  MemoryUsage of job (MB)
	630372  -  ResidentSetSize of job (KB)
...
040 (1969415.000.000) 2023-12-14 02:18:14 Started transferring output files
...
040 (1969415.000.000) 2023-12-14 02:18:14 Finished transferring output files
...
005 (1969415.000.000) 2023-12-14 02:18:14 Job terminated.
	(1) Normal termination (return value 0)
		Usr 0 00:00:20, Sys 0 00:00:02  -  Run Remote Usage
		Usr 0 00:00:00, Sys 0 00:00:00  -  Run Local Usage
		Usr 0 00:00:20, Sys 0 00:00:02  -  Total Remote Usage
		Usr 0 00:00:00, Sys 0 00:00:00  -  Total Local Usage
	18802  -  Run Bytes Sent By Job
	0  -  Run Bytes Received By Job
	18802  -  Total Bytes Sent By Job
	0  -  Total Bytes Received By Job
	Partitionable Resources :    Usage  Request Allocated 
	   Cpus                 :                 1         1 
	   Disk (KB)            :       90        2    312194 
	   Memory (MB)          :      616     2048      2048 

	Job terminated of its own accord at 2023-12-14T10:18:13Z with exit-code 0.
...
