000 (1969999.000.000) 2023-12-14 02:17:17 Job submitted from host: <172.24.33.226:11547?addrs=172.24.33.226-11547&alias=sdfrome002.sdf.slac.stanford.edu>
    DAG Node: 67c6ce73-fdb8-4f3f-b72e-4d8d07c4ef11_ptcIsr_2023111202058_23
...
040 (1969999.000.000) 2023-12-14 02:20:15 Finished transferring input files
...
001 (1969999.000.000) 2023-12-14 02:20:15 Job executing on host: <172.24.33.124:33703?CCBID=172.24.33.225:9618%3faddrs%3d172.24.33.225-9618%26alias%3dsdfrome001.sdf.slac.stanford.edu#6220014&PrivNet=sdfrome059.sdf.slac.stanford.edu&addrs=172.24.33.124-33703&alias=sdfrome059.sdf.slac.stanford.edu>
	SlotName: slot_abrought_11420_1_23@sdfrome059.sdf.slac.stanford.edu
...
006 (1969999.000.000) 2023-12-14 02:20:24 Image size of job updated: 2
	5  -  MemoryUsage of job (MB)
	4832  -  ResidentSetSize of job (KB)
...
006 (1969999.000.000) 2023-12-14 02:25:07 Image size of job updated: 2035208
	5  -  MemoryUsage of job (MB)
	4832  -  ResidentSetSize of job (KB)
...
040 (1969999.000.000) 2023-12-14 02:25:08 Started transferring output files
...
040 (1969999.000.000) 2023-12-14 02:25:08 Finished transferring output files
...
005 (1969999.000.000) 2023-12-14 02:25:10 Job terminated.
	(1) Normal termination (return value 0)
		Usr 0 00:00:21, Sys 0 00:00:04  -  Run Remote Usage
		Usr 0 00:00:00, Sys 0 00:00:00  -  Run Local Usage
		Usr 0 00:00:21, Sys 0 00:00:04  -  Total Remote Usage
		Usr 0 00:00:00, Sys 0 00:00:00  -  Total Local Usage
	18533  -  Run Bytes Sent By Job
	0  -  Run Bytes Received By Job
	18533  -  Total Bytes Sent By Job
	0  -  Total Bytes Received By Job
	Partitionable Resources :    Usage  Request Allocated 
	   Cpus                 :     0.09        1         1 
	   Disk (KB)            :    96           2    312194 
	   Memory (MB)          :     5        2048      2048 

	Job terminated of its own accord at 2023-12-14T10:25:07Z with exit-code 0.
...
