000 (1972246.000.000) 2023-12-14 02:17:43 Job submitted from host: <172.24.33.226:11547?addrs=172.24.33.226-11547&alias=sdfrome002.sdf.slac.stanford.edu>
    DAG Node: 493c7eb9-9655-41b9-b1ec-02d399ac5fac_ptcIsr_2023111301079_23
...
040 (1972246.000.000) 2023-12-14 02:27:22 Finished transferring input files
...
001 (1972246.000.000) 2023-12-14 02:27:22 Job executing on host: <172.24.33.143:42517?CCBID=172.24.33.225:9618%3faddrs%3d172.24.33.225-9618%26alias%3dsdfrome001.sdf.slac.stanford.edu#6220496&PrivNet=sdfrome078.sdf.slac.stanford.edu&addrs=172.24.33.143-42517&alias=sdfrome078.sdf.slac.stanford.edu>
	SlotName: slot_abrought_19079_1_7@sdfrome078.sdf.slac.stanford.edu
...
006 (1972246.000.000) 2023-12-14 02:27:31 Image size of job updated: 351340
	137  -  MemoryUsage of job (MB)
	139460  -  ResidentSetSize of job (KB)
...
006 (1972246.000.000) 2023-12-14 02:28:03 Image size of job updated: 2126816
	625  -  MemoryUsage of job (MB)
	639448  -  ResidentSetSize of job (KB)
...
040 (1972246.000.000) 2023-12-14 02:28:03 Started transferring output files
...
040 (1972246.000.000) 2023-12-14 02:28:03 Finished transferring output files
...
005 (1972246.000.000) 2023-12-14 02:28:03 Job terminated.
	(1) Normal termination (return value 0)
		Usr 0 00:00:23, Sys 0 00:00:04  -  Run Remote Usage
		Usr 0 00:00:00, Sys 0 00:00:00  -  Run Local Usage
		Usr 0 00:00:23, Sys 0 00:00:04  -  Total Remote Usage
		Usr 0 00:00:00, Sys 0 00:00:00  -  Total Local Usage
	19073  -  Run Bytes Sent By Job
	0  -  Run Bytes Received By Job
	19073  -  Total Bytes Sent By Job
	0  -  Total Bytes Received By Job
	Partitionable Resources :    Usage  Request Allocated 
	   Cpus                 :                 1         1 
	   Disk (KB)            :       91        2    312194 
	   Memory (MB)          :      625     2048      2048 

	Job terminated of its own accord at 2023-12-14T10:28:03Z with exit-code 0.
...
