000 (1970786.000.000) 2023-12-14 02:17:24 Job submitted from host: <172.24.33.226:11547?addrs=172.24.33.226-11547&alias=sdfrome002.sdf.slac.stanford.edu>
    DAG Node: 16d158db-9983-497e-b214-16aa7b5b5ef7_ptcIsr_2023111200786_23
...
040 (1970786.000.000) 2023-12-14 02:23:04 Finished transferring input files
...
001 (1970786.000.000) 2023-12-14 02:23:04 Job executing on host: <172.24.48.193:46283?CCBID=172.24.33.225:9618%3faddrs%3d172.24.33.225-9618%26alias%3dsdfrome001.sdf.slac.stanford.edu#6219697&PrivNet=sdfmilan121.sdf.slac.stanford.edu&addrs=172.24.48.193-46283&alias=sdfmilan121.sdf.slac.stanford.edu>
	SlotName: slot_abrought_10210_1_18@sdfmilan121.sdf.slac.stanford.edu
...
006 (1970786.000.000) 2023-12-14 02:23:13 Image size of job updated: 330588
	118  -  MemoryUsage of job (MB)
	120236  -  ResidentSetSize of job (KB)
...
006 (1970786.000.000) 2023-12-14 02:23:58 Image size of job updated: 2149728
	118  -  MemoryUsage of job (MB)
	120236  -  ResidentSetSize of job (KB)
...
040 (1970786.000.000) 2023-12-14 02:23:58 Started transferring output files
...
040 (1970786.000.000) 2023-12-14 02:23:58 Finished transferring output files
...
005 (1970786.000.000) 2023-12-14 02:23:58 Job terminated.
	(1) Normal termination (return value 0)
		Usr 0 00:00:24, Sys 0 00:00:03  -  Run Remote Usage
		Usr 0 00:00:00, Sys 0 00:00:00  -  Run Local Usage
		Usr 0 00:00:24, Sys 0 00:00:03  -  Total Remote Usage
		Usr 0 00:00:00, Sys 0 00:00:00  -  Total Local Usage
	19073  -  Run Bytes Sent By Job
	0  -  Run Bytes Received By Job
	19073  -  Total Bytes Sent By Job
	0  -  Total Bytes Received By Job
	Partitionable Resources :    Usage  Request Allocated 
	   Cpus                 :                 1         1 
	   Disk (KB)            :       91        2    311595 
	   Memory (MB)          :      118     2048      2048 

	Job terminated of its own accord at 2023-12-14T10:23:58Z with exit-code 0.
...
