000 (1973209.000.000) 2023-12-14 02:17:54 Job submitted from host: <172.24.33.226:11547?addrs=172.24.33.226-11547&alias=sdfrome002.sdf.slac.stanford.edu>
    DAG Node: bb9da356-bcc1-4854-a99a-86dacd4dcc73_ptcIsr_2023111300338_23
...
040 (1973209.000.000) 2023-12-14 02:30:04 Finished transferring input files
...
001 (1973209.000.000) 2023-12-14 02:30:04 Job executing on host: <172.24.33.213:33037?CCBID=172.24.33.225:9618%3faddrs%3d172.24.33.225-9618%26alias%3dsdfrome001.sdf.slac.stanford.edu#6220039&PrivNet=sdfrome022.sdf.slac.stanford.edu&addrs=172.24.33.213-33037&alias=sdfrome022.sdf.slac.stanford.edu>
	SlotName: slot_abrought_15721_1_6@sdfrome022.sdf.slac.stanford.edu
...
006 (1973209.000.000) 2023-12-14 02:30:13 Image size of job updated: 279732
	73  -  MemoryUsage of job (MB)
	74592  -  ResidentSetSize of job (KB)
...
006 (1973209.000.000) 2023-12-14 02:31:09 Image size of job updated: 2107512
	1323  -  MemoryUsage of job (MB)
	1354476  -  ResidentSetSize of job (KB)
...
040 (1973209.000.000) 2023-12-14 02:31:09 Started transferring output files
...
040 (1973209.000.000) 2023-12-14 02:31:09 Finished transferring output files
...
005 (1973209.000.000) 2023-12-14 02:31:09 Job terminated.
	(1) Normal termination (return value 0)
		Usr 0 00:00:19, Sys 0 00:00:04  -  Run Remote Usage
		Usr 0 00:00:00, Sys 0 00:00:00  -  Run Local Usage
		Usr 0 00:00:19, Sys 0 00:00:04  -  Total Remote Usage
		Usr 0 00:00:00, Sys 0 00:00:00  -  Total Local Usage
	18800  -  Run Bytes Sent By Job
	0  -  Run Bytes Received By Job
	18800  -  Total Bytes Sent By Job
	0  -  Total Bytes Received By Job
	Partitionable Resources :    Usage  Request Allocated 
	   Cpus                 :                 1         1 
	   Disk (KB)            :       90        2    312194 
	   Memory (MB)          :     1323     2048      2048 

	Job terminated of its own accord at 2023-12-14T10:31:09Z with exit-code 0.
...
