000 (1971145.000.000) 2023-12-14 02:17:30 Job submitted from host: <172.24.33.226:11547?addrs=172.24.33.226-11547&alias=sdfrome002.sdf.slac.stanford.edu>
    DAG Node: 8588e8bf-3665-44cb-bc74-3aac017a34f4_ptcIsr_2023111202501_23
...
040 (1971145.000.000) 2023-12-14 02:24:08 Finished transferring input files
...
001 (1971145.000.000) 2023-12-14 02:24:08 Job executing on host: <172.24.33.124:39697?CCBID=172.24.33.225:9618%3faddrs%3d172.24.33.225-9618%26alias%3dsdfrome001.sdf.slac.stanford.edu#6220015&PrivNet=sdfrome059.sdf.slac.stanford.edu&addrs=172.24.33.124-39697&alias=sdfrome059.sdf.slac.stanford.edu>
	SlotName: slot_abrought_7836_1_8@sdfrome059.sdf.slac.stanford.edu
...
006 (1971145.000.000) 2023-12-14 02:24:17 Image size of job updated: 57412
	28  -  MemoryUsage of job (MB)
	28348  -  ResidentSetSize of job (KB)
...
006 (1971145.000.000) 2023-12-14 02:25:03 Image size of job updated: 2000520
	610  -  MemoryUsage of job (MB)
	624024  -  ResidentSetSize of job (KB)
...
040 (1971145.000.000) 2023-12-14 02:25:03 Started transferring output files
...
040 (1971145.000.000) 2023-12-14 02:25:03 Finished transferring output files
...
005 (1971145.000.000) 2023-12-14 02:25:03 Job terminated.
	(1) Normal termination (return value 0)
		Usr 0 00:00:20, Sys 0 00:00:04  -  Run Remote Usage
		Usr 0 00:00:00, Sys 0 00:00:00  -  Run Local Usage
		Usr 0 00:00:20, Sys 0 00:00:04  -  Total Remote Usage
		Usr 0 00:00:00, Sys 0 00:00:00  -  Total Local Usage
	18533  -  Run Bytes Sent By Job
	0  -  Run Bytes Received By Job
	18533  -  Total Bytes Sent By Job
	0  -  Total Bytes Received By Job
	Partitionable Resources :    Usage  Request Allocated 
	   Cpus                 :                 1         1 
	   Disk (KB)            :       90        2    312194 
	   Memory (MB)          :      610     2048      2048 

	Job terminated of its own accord at 2023-12-14T10:25:03Z with exit-code 0.
...
