000 (1972311.000.000) 2023-12-14 02:17:43 Job submitted from host: <172.24.33.226:11547?addrs=172.24.33.226-11547&alias=sdfrome002.sdf.slac.stanford.edu>
    DAG Node: 6d061aee-a2de-44e3-890d-d35f3e2b6df7_ptcIsr_2023111101107_23
...
040 (1972311.000.000) 2023-12-14 02:27:30 Finished transferring input files
...
001 (1972311.000.000) 2023-12-14 02:27:30 Job executing on host: <172.24.33.143:42517?CCBID=172.24.33.225:9618%3faddrs%3d172.24.33.225-9618%26alias%3dsdfrome001.sdf.slac.stanford.edu#6220496&PrivNet=sdfrome078.sdf.slac.stanford.edu&addrs=172.24.33.143-42517&alias=sdfrome078.sdf.slac.stanford.edu>
	SlotName: slot_abrought_19079_1_8@sdfrome078.sdf.slac.stanford.edu
...
006 (1972311.000.000) 2023-12-14 02:27:39 Image size of job updated: 373552
	145  -  MemoryUsage of job (MB)
	148288  -  ResidentSetSize of job (KB)
...
006 (1972311.000.000) 2023-12-14 02:28:15 Image size of job updated: 2228448
	615  -  MemoryUsage of job (MB)
	629508  -  ResidentSetSize of job (KB)
...
040 (1972311.000.000) 2023-12-14 02:28:15 Started transferring output files
...
040 (1972311.000.000) 2023-12-14 02:28:15 Finished transferring output files
...
005 (1972311.000.000) 2023-12-14 02:28:15 Job terminated.
	(1) Normal termination (return value 0)
		Usr 0 00:00:26, Sys 0 00:00:05  -  Run Remote Usage
		Usr 0 00:00:00, Sys 0 00:00:00  -  Run Local Usage
		Usr 0 00:00:26, Sys 0 00:00:05  -  Total Remote Usage
		Usr 0 00:00:00, Sys 0 00:00:00  -  Total Local Usage
	18802  -  Run Bytes Sent By Job
	0  -  Run Bytes Received By Job
	18802  -  Total Bytes Sent By Job
	0  -  Total Bytes Received By Job
	Partitionable Resources :    Usage  Request Allocated 
	   Cpus                 :                 1         1 
	   Disk (KB)            :       90        2    312194 
	   Memory (MB)          :      615     2048      2048 

	Job terminated of its own accord at 2023-12-14T10:28:15Z with exit-code 0.
...
