000 (1971361.000.000) 2023-12-14 02:17:31 Job submitted from host: <172.24.33.226:11547?addrs=172.24.33.226-11547&alias=sdfrome002.sdf.slac.stanford.edu>
    DAG Node: fe3aedbe-972a-41d6-b4dc-eec8a102cd17_ptcIsr_2023111200761_23
...
040 (1971361.000.000) 2023-12-14 02:24:48 Finished transferring input files
...
001 (1971361.000.000) 2023-12-14 02:24:48 Job executing on host: <172.24.33.143:42517?CCBID=172.24.33.225:9618%3faddrs%3d172.24.33.225-9618%26alias%3dsdfrome001.sdf.slac.stanford.edu#6220496&PrivNet=sdfrome078.sdf.slac.stanford.edu&addrs=172.24.33.143-42517&alias=sdfrome078.sdf.slac.stanford.edu>
	SlotName: slot_abrought_19079_1_11@sdfrome078.sdf.slac.stanford.edu
...
006 (1971361.000.000) 2023-12-14 02:24:56 Image size of job updated: 631160
	268  -  MemoryUsage of job (MB)
	273924  -  ResidentSetSize of job (KB)
...
006 (1971361.000.000) 2023-12-14 02:25:29 Image size of job updated: 2126812
	268  -  MemoryUsage of job (MB)
	273924  -  ResidentSetSize of job (KB)
...
040 (1971361.000.000) 2023-12-14 02:25:29 Started transferring output files
...
040 (1971361.000.000) 2023-12-14 02:25:29 Finished transferring output files
...
005 (1971361.000.000) 2023-12-14 02:25:29 Job terminated.
	(1) Normal termination (return value 0)
		Usr 0 00:00:27, Sys 0 00:00:04  -  Run Remote Usage
		Usr 0 00:00:00, Sys 0 00:00:00  -  Run Local Usage
		Usr 0 00:00:27, Sys 0 00:00:04  -  Total Remote Usage
		Usr 0 00:00:00, Sys 0 00:00:00  -  Total Local Usage
	18533  -  Run Bytes Sent By Job
	0  -  Run Bytes Received By Job
	18533  -  Total Bytes Sent By Job
	0  -  Total Bytes Received By Job
	Partitionable Resources :    Usage  Request Allocated 
	   Cpus                 :                 1         1 
	   Disk (KB)            :       90        2    312194 
	   Memory (MB)          :      268     2048      2048 

	Job terminated of its own accord at 2023-12-14T10:25:29Z with exit-code 0.
...
