000 (1970134.000.000) 2023-12-14 02:17:17 Job submitted from host: <172.24.33.226:11547?addrs=172.24.33.226-11547&alias=sdfrome002.sdf.slac.stanford.edu>
    DAG Node: dd838ec7-bd35-48ce-89bd-76269393bac9_ptcIsr_2023111300285_23
...
040 (1970134.000.000) 2023-12-14 02:20:53 Finished transferring input files
...
001 (1970134.000.000) 2023-12-14 02:20:53 Job executing on host: <172.24.33.143:37205?CCBID=172.24.33.225:9618%3faddrs%3d172.24.33.225-9618%26alias%3dsdfrome001.sdf.slac.stanford.edu#6220499&PrivNet=sdfrome078.sdf.slac.stanford.edu&addrs=172.24.33.143-37205&alias=sdfrome078.sdf.slac.stanford.edu>
	SlotName: slot_abrought_7348_1_9@sdfrome078.sdf.slac.stanford.edu
...
006 (1970134.000.000) 2023-12-14 02:21:02 Image size of job updated: 69764
	16  -  MemoryUsage of job (MB)
	15756  -  ResidentSetSize of job (KB)
...
006 (1970134.000.000) 2023-12-14 02:22:16 Image size of job updated: 2321700
	659  -  MemoryUsage of job (MB)
	674100  -  ResidentSetSize of job (KB)
...
040 (1970134.000.000) 2023-12-14 02:22:16 Started transferring output files
...
040 (1970134.000.000) 2023-12-14 02:22:16 Finished transferring output files
...
005 (1970134.000.000) 2023-12-14 02:22:16 Job terminated.
	(1) Normal termination (return value 0)
		Usr 0 00:00:24, Sys 0 00:00:05  -  Run Remote Usage
		Usr 0 00:00:00, Sys 0 00:00:00  -  Run Local Usage
		Usr 0 00:00:24, Sys 0 00:00:05  -  Total Remote Usage
		Usr 0 00:00:00, Sys 0 00:00:00  -  Total Local Usage
	18801  -  Run Bytes Sent By Job
	0  -  Run Bytes Received By Job
	18801  -  Total Bytes Sent By Job
	0  -  Total Bytes Received By Job
	Partitionable Resources :    Usage  Request Allocated 
	   Cpus                 :                 1         1 
	   Disk (KB)            :       90        2    312194 
	   Memory (MB)          :      659     2048      2048 

	Job terminated of its own accord at 2023-12-14T10:22:16Z with exit-code 0.
...
