000 (1972803.000.000) 2023-12-14 02:17:49 Job submitted from host: <172.24.33.226:11547?addrs=172.24.33.226-11547&alias=sdfrome002.sdf.slac.stanford.edu>
    DAG Node: 30fab6d2-c5df-4a5f-9538-1c3883201ae9_ptcIsr_2023111101081_23
...
040 (1972803.000.000) 2023-12-14 02:29:02 Finished transferring input files
...
001 (1972803.000.000) 2023-12-14 02:29:02 Job executing on host: <172.24.33.213:33037?CCBID=172.24.33.225:9618%3faddrs%3d172.24.33.225-9618%26alias%3dsdfrome001.sdf.slac.stanford.edu#6220039&PrivNet=sdfrome022.sdf.slac.stanford.edu&addrs=172.24.33.213-33037&alias=sdfrome022.sdf.slac.stanford.edu>
	SlotName: slot_abrought_15721_1_8@sdfrome022.sdf.slac.stanford.edu
...
006 (1972803.000.000) 2023-12-14 02:29:11 Image size of job updated: 275892
	70  -  MemoryUsage of job (MB)
	71368  -  ResidentSetSize of job (KB)
...
006 (1972803.000.000) 2023-12-14 02:30:09 Image size of job updated: 2102520
	1308  -  MemoryUsage of job (MB)
	1339144  -  ResidentSetSize of job (KB)
...
040 (1972803.000.000) 2023-12-14 02:30:09 Started transferring output files
...
040 (1972803.000.000) 2023-12-14 02:30:09 Finished transferring output files
...
005 (1972803.000.000) 2023-12-14 02:30:09 Job terminated.
	(1) Normal termination (return value 0)
		Usr 0 00:00:17, Sys 0 00:00:02  -  Run Remote Usage
		Usr 0 00:00:00, Sys 0 00:00:00  -  Run Local Usage
		Usr 0 00:00:17, Sys 0 00:00:02  -  Total Remote Usage
		Usr 0 00:00:00, Sys 0 00:00:00  -  Total Local Usage
	18803  -  Run Bytes Sent By Job
	0  -  Run Bytes Received By Job
	18803  -  Total Bytes Sent By Job
	0  -  Total Bytes Received By Job
	Partitionable Resources :    Usage  Request Allocated 
	   Cpus                 :     0.10        1         1 
	   Disk (KB)            :    97           2    312194 
	   Memory (MB)          :  1308        2048      2048 

	Job terminated of its own accord at 2023-12-14T10:30:09Z with exit-code 0.
...
