000 (1971358.000.000) 2023-12-14 02:17:31 Job submitted from host: <172.24.33.226:11547?addrs=172.24.33.226-11547&alias=sdfrome002.sdf.slac.stanford.edu>
    DAG Node: 09959c0c-4b80-40df-bed8-cfdd2eb90d07_ptcIsr_2023111200830_23
...
040 (1971358.000.000) 2023-12-14 02:24:56 Finished transferring input files
...
001 (1971358.000.000) 2023-12-14 02:24:56 Job executing on host: <172.24.33.124:44469?CCBID=172.24.33.225:9618%3faddrs%3d172.24.33.225-9618%26alias%3dsdfrome001.sdf.slac.stanford.edu#6220017&PrivNet=sdfrome059.sdf.slac.stanford.edu&addrs=172.24.33.124-44469&alias=sdfrome059.sdf.slac.stanford.edu>
	SlotName: slot_abrought_2668_1_2@sdfrome059.sdf.slac.stanford.edu
...
006 (1971358.000.000) 2023-12-14 02:25:05 Image size of job updated: 307452
	95  -  MemoryUsage of job (MB)
	97156  -  ResidentSetSize of job (KB)
...
006 (1971358.000.000) 2023-12-14 02:25:50 Image size of job updated: 2022888
	1285  -  MemoryUsage of job (MB)
	1315460  -  ResidentSetSize of job (KB)
...
040 (1971358.000.000) 2023-12-14 02:25:50 Started transferring output files
...
040 (1971358.000.000) 2023-12-14 02:25:50 Finished transferring output files
...
005 (1971358.000.000) 2023-12-14 02:25:50 Job terminated.
	(1) Normal termination (return value 0)
		Usr 0 00:00:15, Sys 0 00:00:04  -  Run Remote Usage
		Usr 0 00:00:00, Sys 0 00:00:00  -  Run Local Usage
		Usr 0 00:00:15, Sys 0 00:00:04  -  Total Remote Usage
		Usr 0 00:00:00, Sys 0 00:00:00  -  Total Local Usage
	18975  -  Run Bytes Sent By Job
	0  -  Run Bytes Received By Job
	18975  -  Total Bytes Sent By Job
	0  -  Total Bytes Received By Job
	Partitionable Resources :    Usage  Request Allocated 
	   Cpus                 :                 1         1 
	   Disk (KB)            :       91        2    312194 
	   Memory (MB)          :     1285     2048      2048 

	Job terminated of its own accord at 2023-12-14T10:25:50Z with exit-code 0.
...
