000 (1970552.000.000) 2023-12-14 02:17:23 Job submitted from host: <172.24.33.226:11547?addrs=172.24.33.226-11547&alias=sdfrome002.sdf.slac.stanford.edu>
    DAG Node: 46376b87-9b46-4e77-98cd-71d5db08aebf_ptcIsr_2023111202412_23
...
040 (1970552.000.000) 2023-12-14 02:22:17 Finished transferring input files
...
001 (1970552.000.000) 2023-12-14 02:22:17 Job executing on host: <172.24.48.185:41489?CCBID=172.24.33.225:9618%3faddrs%3d172.24.33.225-9618%26alias%3dsdfrome001.sdf.slac.stanford.edu#6219699&PrivNet=sdfmilan113.sdf.slac.stanford.edu&addrs=172.24.48.185-41489&alias=sdfmilan113.sdf.slac.stanford.edu>
	SlotName: slot_abrought_18623_1_8@sdfmilan113.sdf.slac.stanford.edu
...
006 (1970552.000.000) 2023-12-14 02:22:26 Image size of job updated: 293488
	86  -  MemoryUsage of job (MB)
	87312  -  ResidentSetSize of job (KB)
...
006 (1970552.000.000) 2023-12-14 02:23:15 Image size of job updated: 2049332
	613  -  MemoryUsage of job (MB)
	626864  -  ResidentSetSize of job (KB)
...
040 (1970552.000.000) 2023-12-14 02:23:16 Started transferring output files
...
040 (1970552.000.000) 2023-12-14 02:23:16 Finished transferring output files
...
005 (1970552.000.000) 2023-12-14 02:23:16 Job terminated.
	(1) Normal termination (return value 0)
		Usr 0 00:00:15, Sys 0 00:00:03  -  Run Remote Usage
		Usr 0 00:00:00, Sys 0 00:00:00  -  Run Local Usage
		Usr 0 00:00:15, Sys 0 00:00:03  -  Total Remote Usage
		Usr 0 00:00:00, Sys 0 00:00:00  -  Total Local Usage
	18975  -  Run Bytes Sent By Job
	0  -  Run Bytes Received By Job
	18975  -  Total Bytes Sent By Job
	0  -  Total Bytes Received By Job
	Partitionable Resources :    Usage  Request Allocated 
	   Cpus                 :                 1         1 
	   Disk (KB)            :       91        2    312194 
	   Memory (MB)          :      613     2048      2048 

	Job terminated of its own accord at 2023-12-14T10:23:15Z with exit-code 0.
...
