000 (1972703.000.000) 2023-12-14 02:17:48 Job submitted from host: <172.24.33.226:11547?addrs=172.24.33.226-11547&alias=sdfrome002.sdf.slac.stanford.edu>
    DAG Node: cae65d6d-82ba-4f77-b741-5f11ebce6a26_ptcIsr_2023111300587_23
...
040 (1972703.000.000) 2023-12-14 02:28:45 Finished transferring input files
...
001 (1972703.000.000) 2023-12-14 02:28:45 Job executing on host: <172.24.33.143:42517?CCBID=172.24.33.225:9618%3faddrs%3d172.24.33.225-9618%26alias%3dsdfrome001.sdf.slac.stanford.edu#6220496&PrivNet=sdfrome078.sdf.slac.stanford.edu&addrs=172.24.33.143-42517&alias=sdfrome078.sdf.slac.stanford.edu>
	SlotName: slot_abrought_19079_1_14@sdfrome078.sdf.slac.stanford.edu
...
006 (1972703.000.000) 2023-12-14 02:28:54 Image size of job updated: 340520
	127  -  MemoryUsage of job (MB)
	129088  -  ResidentSetSize of job (KB)
...
006 (1972703.000.000) 2023-12-14 02:29:29 Image size of job updated: 2389492
	1409  -  MemoryUsage of job (MB)
	1442036  -  ResidentSetSize of job (KB)
...
040 (1972703.000.000) 2023-12-14 02:29:29 Started transferring output files
...
040 (1972703.000.000) 2023-12-14 02:29:29 Finished transferring output files
...
005 (1972703.000.000) 2023-12-14 02:29:29 Job terminated.
	(1) Normal termination (return value 0)
		Usr 0 00:00:22, Sys 0 00:00:03  -  Run Remote Usage
		Usr 0 00:00:00, Sys 0 00:00:00  -  Run Local Usage
		Usr 0 00:00:22, Sys 0 00:00:03  -  Total Remote Usage
		Usr 0 00:00:00, Sys 0 00:00:00  -  Total Local Usage
	19074  -  Run Bytes Sent By Job
	0  -  Run Bytes Received By Job
	19074  -  Total Bytes Sent By Job
	0  -  Total Bytes Received By Job
	Partitionable Resources :    Usage  Request Allocated 
	   Cpus                 :                 1         1 
	   Disk (KB)            :       91        2    312194 
	   Memory (MB)          :     1409     2048      2048 

	Job terminated of its own accord at 2023-12-14T10:29:29Z with exit-code 0.
...
