000 (1971192.000.000) 2023-12-14 02:17:30 Job submitted from host: <172.24.33.226:11547?addrs=172.24.33.226-11547&alias=sdfrome002.sdf.slac.stanford.edu>
    DAG Node: 366be471-bed9-4659-aeb8-8a1993b8209c_ptcIsr_2023111300104_23
...
040 (1971192.000.000) 2023-12-14 02:24:20 Finished transferring input files
...
001 (1971192.000.000) 2023-12-14 02:24:20 Job executing on host: <172.24.33.213:33037?CCBID=172.24.33.225:9618%3faddrs%3d172.24.33.225-9618%26alias%3dsdfrome001.sdf.slac.stanford.edu#6220039&PrivNet=sdfrome022.sdf.slac.stanford.edu&addrs=172.24.33.213-33037&alias=sdfrome022.sdf.slac.stanford.edu>
	SlotName: slot_abrought_15721_1_5@sdfrome022.sdf.slac.stanford.edu
...
006 (1971192.000.000) 2023-12-14 02:24:29 Image size of job updated: 280756
	74  -  MemoryUsage of job (MB)
	74876  -  ResidentSetSize of job (KB)
...
006 (1971192.000.000) 2023-12-14 02:25:26 Image size of job updated: 2059192
	74  -  MemoryUsage of job (MB)
	74876  -  ResidentSetSize of job (KB)
...
040 (1971192.000.000) 2023-12-14 02:25:26 Started transferring output files
...
040 (1971192.000.000) 2023-12-14 02:25:26 Finished transferring output files
...
005 (1971192.000.000) 2023-12-14 02:25:27 Job terminated.
	(1) Normal termination (return value 0)
		Usr 0 00:00:24, Sys 0 00:00:03  -  Run Remote Usage
		Usr 0 00:00:00, Sys 0 00:00:00  -  Run Local Usage
		Usr 0 00:00:24, Sys 0 00:00:03  -  Total Remote Usage
		Usr 0 00:00:00, Sys 0 00:00:00  -  Total Local Usage
	18532  -  Run Bytes Sent By Job
	0  -  Run Bytes Received By Job
	18532  -  Total Bytes Sent By Job
	0  -  Total Bytes Received By Job
	Partitionable Resources :    Usage  Request Allocated 
	   Cpus                 :                 1         1 
	   Disk (KB)            :       90        2    312194 
	   Memory (MB)          :       74     2048      2048 

	Job terminated of its own accord at 2023-12-14T10:25:26Z with exit-code 0.
...
