000 (1970630.000.000) 2023-12-14 02:17:24 Job submitted from host: <172.24.33.226:11547?addrs=172.24.33.226-11547&alias=sdfrome002.sdf.slac.stanford.edu>
    DAG Node: 97909357-2d3e-4a74-ab2c-c4222581ff0d_ptcIsr_2023111201677_23
...
040 (1970630.000.000) 2023-12-14 02:22:31 Finished transferring input files
...
001 (1970630.000.000) 2023-12-14 02:22:31 Job executing on host: <172.24.33.213:43829?CCBID=172.24.33.225:9618%3faddrs%3d172.24.33.225-9618%26alias%3dsdfrome001.sdf.slac.stanford.edu#6220038&PrivNet=sdfrome022.sdf.slac.stanford.edu&addrs=172.24.33.213-43829&alias=sdfrome022.sdf.slac.stanford.edu>
	SlotName: slot_abrought_31850_1_12@sdfrome022.sdf.slac.stanford.edu
...
006 (1970630.000.000) 2023-12-14 02:22:40 Image size of job updated: 339572
	126  -  MemoryUsage of job (MB)
	128236  -  ResidentSetSize of job (KB)
...
006 (1970630.000.000) 2023-12-14 02:23:32 Image size of job updated: 1785848
	1131  -  MemoryUsage of job (MB)
	1157948  -  ResidentSetSize of job (KB)
...
040 (1970630.000.000) 2023-12-14 02:23:32 Started transferring output files
...
040 (1970630.000.000) 2023-12-14 02:23:32 Finished transferring output files
...
005 (1970630.000.000) 2023-12-14 02:23:32 Job terminated.
	(1) Normal termination (return value 0)
		Usr 0 00:00:11, Sys 0 00:00:02  -  Run Remote Usage
		Usr 0 00:00:00, Sys 0 00:00:00  -  Run Local Usage
		Usr 0 00:00:11, Sys 0 00:00:02  -  Total Remote Usage
		Usr 0 00:00:00, Sys 0 00:00:00  -  Total Local Usage
	18533  -  Run Bytes Sent By Job
	0  -  Run Bytes Received By Job
	18533  -  Total Bytes Sent By Job
	0  -  Total Bytes Received By Job
	Partitionable Resources :    Usage  Request Allocated 
	   Cpus                 :                 1         1 
	   Disk (KB)            :       90        2    312194 
	   Memory (MB)          :     1131     2048      2048 

	Job terminated of its own accord at 2023-12-14T10:23:32Z with exit-code 0.
...
