000 (1969465.000.000) 2023-12-14 02:17:10 Job submitted from host: <172.24.33.226:11547?addrs=172.24.33.226-11547&alias=sdfrome002.sdf.slac.stanford.edu>
    DAG Node: 5356250a-23c7-4447-bc34-0c442c572de9_ptcIsr_2023111201557_23
...
040 (1969465.000.000) 2023-12-14 02:17:54 Finished transferring input files
...
001 (1969465.000.000) 2023-12-14 02:17:54 Job executing on host: <172.24.48.186:33679?CCBID=172.24.33.225:9618%3faddrs%3d172.24.33.225-9618%26alias%3dsdfrome001.sdf.slac.stanford.edu#6219700&PrivNet=sdfmilan114.sdf.slac.stanford.edu&addrs=172.24.48.186-33679&alias=sdfmilan114.sdf.slac.stanford.edu>
	SlotName: slot_abrought_14493_1_5@sdfmilan114.sdf.slac.stanford.edu
...
006 (1969465.000.000) 2023-12-14 02:18:03 Image size of job updated: 32756
	17  -  MemoryUsage of job (MB)
	16444  -  ResidentSetSize of job (KB)
...
006 (1969465.000.000) 2023-12-14 02:18:38 Image size of job updated: 2020312
	1212  -  MemoryUsage of job (MB)
	1240240  -  ResidentSetSize of job (KB)
...
040 (1969465.000.000) 2023-12-14 02:18:38 Started transferring output files
...
040 (1969465.000.000) 2023-12-14 02:18:38 Finished transferring output files
...
005 (1969465.000.000) 2023-12-14 02:18:38 Job terminated.
	(1) Normal termination (return value 0)
		Usr 0 00:00:14, Sys 0 00:00:03  -  Run Remote Usage
		Usr 0 00:00:00, Sys 0 00:00:00  -  Run Local Usage
		Usr 0 00:00:14, Sys 0 00:00:03  -  Total Remote Usage
		Usr 0 00:00:00, Sys 0 00:00:00  -  Total Local Usage
	18975  -  Run Bytes Sent By Job
	0  -  Run Bytes Received By Job
	18975  -  Total Bytes Sent By Job
	0  -  Total Bytes Received By Job
	Partitionable Resources :    Usage  Request Allocated 
	   Cpus                 :                 1         1 
	   Disk (KB)            :       91        2    312193 
	   Memory (MB)          :     1212     2048      2048 

	Job terminated of its own accord at 2023-12-14T10:18:38Z with exit-code 0.
...
