000 (1970017.000.000) 2023-12-14 02:17:17 Job submitted from host: <172.24.33.226:11547?addrs=172.24.33.226-11547&alias=sdfrome002.sdf.slac.stanford.edu>
    DAG Node: aff8ea16-c54a-42df-a9f2-4a8153eb89c1_ptcIsr_2023111203356_23
...
040 (1970017.000.000) 2023-12-14 02:20:20 Finished transferring input files
...
001 (1970017.000.000) 2023-12-14 02:20:20 Job executing on host: <172.24.48.149:38613?CCBID=172.24.33.225:9618%3faddrs%3d172.24.33.225-9618%26alias%3dsdfrome001.sdf.slac.stanford.edu#6219698&PrivNet=sdfmilan049.sdf.slac.stanford.edu&addrs=172.24.48.149-38613&alias=sdfmilan049.sdf.slac.stanford.edu>
	SlotName: slot_abrought_1727_1_7@sdfmilan049.sdf.slac.stanford.edu
...
006 (1970017.000.000) 2023-12-14 02:20:29 Image size of job updated: 290932
	83  -  MemoryUsage of job (MB)
	84348  -  ResidentSetSize of job (KB)
...
006 (1970017.000.000) 2023-12-14 02:21:21 Image size of job updated: 2087444
	639  -  MemoryUsage of job (MB)
	654328  -  ResidentSetSize of job (KB)
...
040 (1970017.000.000) 2023-12-14 02:21:21 Started transferring output files
...
040 (1970017.000.000) 2023-12-14 02:21:21 Finished transferring output files
...
005 (1970017.000.000) 2023-12-14 02:21:21 Job terminated.
	(1) Normal termination (return value 0)
		Usr 0 00:00:21, Sys 0 00:00:02  -  Run Remote Usage
		Usr 0 00:00:00, Sys 0 00:00:00  -  Run Local Usage
		Usr 0 00:00:21, Sys 0 00:00:02  -  Total Remote Usage
		Usr 0 00:00:00, Sys 0 00:00:00  -  Total Local Usage
	19073  -  Run Bytes Sent By Job
	0  -  Run Bytes Received By Job
	19073  -  Total Bytes Sent By Job
	0  -  Total Bytes Received By Job
	Partitionable Resources :    Usage  Request Allocated 
	   Cpus                 :                 1         1 
	   Disk (KB)            :       91        2    312194 
	   Memory (MB)          :      639     2048      2048 

	Job terminated of its own accord at 2023-12-14T10:21:21Z with exit-code 0.
...
