000 (1970616.000.000) 2023-12-14 02:17:24 Job submitted from host: <172.24.33.226:11547?addrs=172.24.33.226-11547&alias=sdfrome002.sdf.slac.stanford.edu>
    DAG Node: 9b37fb55-d226-4eba-bd5c-3dc62db5d44c_ptcIsr_2023111300297_23
...
040 (1970616.000.000) 2023-12-14 02:22:31 Finished transferring input files
...
001 (1970616.000.000) 2023-12-14 02:22:31 Job executing on host: <172.24.33.124:39697?CCBID=172.24.33.225:9618%3faddrs%3d172.24.33.225-9618%26alias%3dsdfrome001.sdf.slac.stanford.edu#6220015&PrivNet=sdfrome059.sdf.slac.stanford.edu&addrs=172.24.33.124-39697&alias=sdfrome059.sdf.slac.stanford.edu>
	SlotName: slot_abrought_7836_1_16@sdfrome059.sdf.slac.stanford.edu
...
006 (1970616.000.000) 2023-12-14 02:22:41 Image size of job updated: 27348
	11  -  MemoryUsage of job (MB)
	10848  -  ResidentSetSize of job (KB)
...
006 (1970616.000.000) 2023-12-14 02:23:35 Image size of job updated: 2062160
	645  -  MemoryUsage of job (MB)
	660028  -  ResidentSetSize of job (KB)
...
040 (1970616.000.000) 2023-12-14 02:23:35 Started transferring output files
...
040 (1970616.000.000) 2023-12-14 02:23:35 Finished transferring output files
...
005 (1970616.000.000) 2023-12-14 02:23:35 Job terminated.
	(1) Normal termination (return value 0)
		Usr 0 00:00:24, Sys 0 00:00:05  -  Run Remote Usage
		Usr 0 00:00:00, Sys 0 00:00:00  -  Run Local Usage
		Usr 0 00:00:24, Sys 0 00:00:05  -  Total Remote Usage
		Usr 0 00:00:00, Sys 0 00:00:00  -  Total Local Usage
	18532  -  Run Bytes Sent By Job
	0  -  Run Bytes Received By Job
	18532  -  Total Bytes Sent By Job
	0  -  Total Bytes Received By Job
	Partitionable Resources :    Usage  Request Allocated 
	   Cpus                 :                 1         1 
	   Disk (KB)            :       90        2    312194 
	   Memory (MB)          :      645     2048      2048 

	Job terminated of its own accord at 2023-12-14T10:23:35Z with exit-code 0.
...
