000 (1970598.000.000) 2023-12-14 02:17:24 Job submitted from host: <172.24.33.226:11547?addrs=172.24.33.226-11547&alias=sdfrome002.sdf.slac.stanford.edu>
    DAG Node: db01938b-0a48-4476-ae51-cede06e98e51_ptcIsr_2023111300527_23
...
040 (1970598.000.000) 2023-12-14 02:22:26 Finished transferring input files
...
001 (1970598.000.000) 2023-12-14 02:22:26 Job executing on host: <172.24.33.143:37205?CCBID=172.24.33.225:9618%3faddrs%3d172.24.33.225-9618%26alias%3dsdfrome001.sdf.slac.stanford.edu#6220499&PrivNet=sdfrome078.sdf.slac.stanford.edu&addrs=172.24.33.143-37205&alias=sdfrome078.sdf.slac.stanford.edu>
	SlotName: slot_abrought_7348_1_15@sdfrome078.sdf.slac.stanford.edu
...
006 (1970598.000.000) 2023-12-14 02:22:35 Image size of job updated: 280760
	74  -  MemoryUsage of job (MB)
	75268  -  ResidentSetSize of job (KB)
...
006 (1970598.000.000) 2023-12-14 02:23:51 Image size of job updated: 1960856
	607  -  MemoryUsage of job (MB)
	621444  -  ResidentSetSize of job (KB)
...
040 (1970598.000.000) 2023-12-14 02:23:51 Started transferring output files
...
040 (1970598.000.000) 2023-12-14 02:23:51 Finished transferring output files
...
005 (1970598.000.000) 2023-12-14 02:23:51 Job terminated.
	(1) Normal termination (return value 0)
		Usr 0 00:00:31, Sys 0 00:00:05  -  Run Remote Usage
		Usr 0 00:00:00, Sys 0 00:00:00  -  Run Local Usage
		Usr 0 00:00:31, Sys 0 00:00:05  -  Total Remote Usage
		Usr 0 00:00:00, Sys 0 00:00:00  -  Total Local Usage
	18532  -  Run Bytes Sent By Job
	0  -  Run Bytes Received By Job
	18532  -  Total Bytes Sent By Job
	0  -  Total Bytes Received By Job
	Partitionable Resources :    Usage  Request Allocated 
	   Cpus                 :                 1         1 
	   Disk (KB)            :       90        2    312194 
	   Memory (MB)          :      607     2048      2048 

	Job terminated of its own accord at 2023-12-14T10:23:51Z with exit-code 0.
...
