000 (1971634.000.000) 2023-12-14 02:17:36 Job submitted from host: <172.24.33.226:11547?addrs=172.24.33.226-11547&alias=sdfrome002.sdf.slac.stanford.edu>
    DAG Node: 0c15372c-5e53-42f8-89a0-435a0f92549d_ptcIsr_2023111202960_23
...
040 (1971634.000.000) 2023-12-14 02:25:34 Finished transferring input files
...
001 (1971634.000.000) 2023-12-14 02:25:34 Job executing on host: <172.24.33.213:34935?CCBID=172.24.33.225:9618%3faddrs%3d172.24.33.225-9618%26alias%3dsdfrome001.sdf.slac.stanford.edu#6220035&PrivNet=sdfrome022.sdf.slac.stanford.edu&addrs=172.24.33.213-34935&alias=sdfrome022.sdf.slac.stanford.edu>
	SlotName: slot_abrought_12392_1_3@sdfrome022.sdf.slac.stanford.edu
...
006 (1971634.000.000) 2023-12-14 02:25:44 Image size of job updated: 262880
	57  -  MemoryUsage of job (MB)
	57904  -  ResidentSetSize of job (KB)
...
006 (1971634.000.000) 2023-12-14 02:29:38 Image size of job updated: 2148592
	679  -  MemoryUsage of job (MB)
	694756  -  ResidentSetSize of job (KB)
...
040 (1971634.000.000) 2023-12-14 02:29:38 Started transferring output files
...
040 (1971634.000.000) 2023-12-14 02:29:38 Finished transferring output files
...
005 (1971634.000.000) 2023-12-14 02:29:38 Job terminated.
	(1) Normal termination (return value 0)
		Usr 0 00:00:18, Sys 0 00:00:03  -  Run Remote Usage
		Usr 0 00:00:00, Sys 0 00:00:00  -  Run Local Usage
		Usr 0 00:00:18, Sys 0 00:00:03  -  Total Remote Usage
		Usr 0 00:00:00, Sys 0 00:00:00  -  Total Local Usage
	19074  -  Run Bytes Sent By Job
	0  -  Run Bytes Received By Job
	19074  -  Total Bytes Sent By Job
	0  -  Total Bytes Received By Job
	Partitionable Resources :    Usage  Request Allocated 
	   Cpus                 :     0.06        1         1 
	   Disk (KB)            :    97           2    312194 
	   Memory (MB)          :   679        2048      2048 

	Job terminated of its own accord at 2023-12-14T10:29:38Z with exit-code 0.
...
