000 (1971892.000.000) 2023-12-14 02:17:37 Job submitted from host: <172.24.33.226:11547?addrs=172.24.33.226-11547&alias=sdfrome002.sdf.slac.stanford.edu>
    DAG Node: a7475765-338c-4762-9f86-5013216491c3_ptcIsr_2023111301116_23
...
040 (1971892.000.000) 2023-12-14 02:26:14 Finished transferring input files
...
001 (1971892.000.000) 2023-12-14 02:26:14 Job executing on host: <172.24.33.213:41467?CCBID=172.24.33.225:9618%3faddrs%3d172.24.33.225-9618%26alias%3dsdfrome001.sdf.slac.stanford.edu#6220037&PrivNet=sdfrome022.sdf.slac.stanford.edu&addrs=172.24.33.213-41467&alias=sdfrome022.sdf.slac.stanford.edu>
	SlotName: slot_abrought_435_1_6@sdfrome022.sdf.slac.stanford.edu
...
006 (1971892.000.000) 2023-12-14 02:26:23 Image size of job updated: 315240
	105  -  MemoryUsage of job (MB)
	107332  -  ResidentSetSize of job (KB)
...
006 (1971892.000.000) 2023-12-14 02:27:04 Image size of job updated: 2102712
	626  -  MemoryUsage of job (MB)
	640764  -  ResidentSetSize of job (KB)
...
040 (1971892.000.000) 2023-12-14 02:27:04 Started transferring output files
...
040 (1971892.000.000) 2023-12-14 02:27:04 Finished transferring output files
...
005 (1971892.000.000) 2023-12-14 02:27:04 Job terminated.
	(1) Normal termination (return value 0)
		Usr 0 00:00:22, Sys 0 00:00:03  -  Run Remote Usage
		Usr 0 00:00:00, Sys 0 00:00:00  -  Run Local Usage
		Usr 0 00:00:22, Sys 0 00:00:03  -  Total Remote Usage
		Usr 0 00:00:00, Sys 0 00:00:00  -  Total Local Usage
	18802  -  Run Bytes Sent By Job
	0  -  Run Bytes Received By Job
	18802  -  Total Bytes Sent By Job
	0  -  Total Bytes Received By Job
	Partitionable Resources :    Usage  Request Allocated 
	   Cpus                 :                 1         1 
	   Disk (KB)            :       90        2    312194 
	   Memory (MB)          :      626     2048      2048 

	Job terminated of its own accord at 2023-12-14T10:27:04Z with exit-code 0.
...
