000 (1970435.000.000) 2023-12-14 02:17:19 Job submitted from host: <172.24.33.226:11547?addrs=172.24.33.226-11547&alias=sdfrome002.sdf.slac.stanford.edu>
    DAG Node: 2e9c961c-591d-4724-9b6a-0abf44dbf939_ptcIsr_2023111201116_23
...
040 (1970435.000.000) 2023-12-14 02:21:54 Finished transferring input files
...
001 (1970435.000.000) 2023-12-14 02:21:54 Job executing on host: <172.24.33.143:42517?CCBID=172.24.33.225:9618%3faddrs%3d172.24.33.225-9618%26alias%3dsdfrome001.sdf.slac.stanford.edu#6220496&PrivNet=sdfrome078.sdf.slac.stanford.edu&addrs=172.24.33.143-42517&alias=sdfrome078.sdf.slac.stanford.edu>
	SlotName: slot_abrought_19079_1_8@sdfrome078.sdf.slac.stanford.edu
...
006 (1970435.000.000) 2023-12-14 02:22:04 Image size of job updated: 463444
	208  -  MemoryUsage of job (MB)
	212216  -  ResidentSetSize of job (KB)
...
006 (1970435.000.000) 2023-12-14 02:22:55 Image size of job updated: 2249116
	621  -  MemoryUsage of job (MB)
	635868  -  ResidentSetSize of job (KB)
...
040 (1970435.000.000) 2023-12-14 02:22:55 Started transferring output files
...
040 (1970435.000.000) 2023-12-14 02:22:55 Finished transferring output files
...
005 (1970435.000.000) 2023-12-14 02:22:55 Job terminated.
	(1) Normal termination (return value 0)
		Usr 0 00:00:30, Sys 0 00:00:07  -  Run Remote Usage
		Usr 0 00:00:00, Sys 0 00:00:00  -  Run Local Usage
		Usr 0 00:00:30, Sys 0 00:00:07  -  Total Remote Usage
		Usr 0 00:00:00, Sys 0 00:00:00  -  Total Local Usage
	19073  -  Run Bytes Sent By Job
	0  -  Run Bytes Received By Job
	19073  -  Total Bytes Sent By Job
	0  -  Total Bytes Received By Job
	Partitionable Resources :    Usage  Request Allocated 
	   Cpus                 :                 1         1 
	   Disk (KB)            :       91        2    312194 
	   Memory (MB)          :      621     2048      2048 

	Job terminated of its own accord at 2023-12-14T10:22:55Z with exit-code 0.
...
