000 (1969801.000.000) 2023-12-14 02:17:12 Job submitted from host: <172.24.33.226:11547?addrs=172.24.33.226-11547&alias=sdfrome002.sdf.slac.stanford.edu>
    DAG Node: 9a298e78-86d2-48e0-add8-1229f7b258e9_ptcIsr_2023111101962_23
...
040 (1969801.000.000) 2023-12-14 02:20:10 Finished transferring input files
...
001 (1969801.000.000) 2023-12-14 02:20:10 Job executing on host: <172.24.33.213:43829?CCBID=172.24.33.225:9618%3faddrs%3d172.24.33.225-9618%26alias%3dsdfrome001.sdf.slac.stanford.edu#6220038&PrivNet=sdfrome022.sdf.slac.stanford.edu&addrs=172.24.33.213-43829&alias=sdfrome022.sdf.slac.stanford.edu>
	SlotName: slot_abrought_31850_1_6@sdfrome022.sdf.slac.stanford.edu
...
006 (1969801.000.000) 2023-12-14 02:20:19 Image size of job updated: 278316
	72  -  MemoryUsage of job (MB)
	72792  -  ResidentSetSize of job (KB)
...
006 (1969801.000.000) 2023-12-14 02:21:24 Image size of job updated: 2067788
	601  -  MemoryUsage of job (MB)
	615316  -  ResidentSetSize of job (KB)
...
040 (1969801.000.000) 2023-12-14 02:21:24 Started transferring output files
...
040 (1969801.000.000) 2023-12-14 02:21:24 Finished transferring output files
...
005 (1969801.000.000) 2023-12-14 02:21:27 Job terminated.
	(1) Normal termination (return value 0)
		Usr 0 00:00:29, Sys 0 00:00:13  -  Run Remote Usage
		Usr 0 00:00:00, Sys 0 00:00:00  -  Run Local Usage
		Usr 0 00:00:29, Sys 0 00:00:13  -  Total Remote Usage
		Usr 0 00:00:00, Sys 0 00:00:00  -  Total Local Usage
	18803  -  Run Bytes Sent By Job
	0  -  Run Bytes Received By Job
	18803  -  Total Bytes Sent By Job
	0  -  Total Bytes Received By Job
	Partitionable Resources :    Usage  Request Allocated 
	   Cpus                 :                 1         1 
	   Disk (KB)            :       90        2    312194 
	   Memory (MB)          :      601     2048      2048 

	Job terminated of its own accord at 2023-12-14T10:21:24Z with exit-code 0.
...
