000 (1971321.000.000) 2023-12-14 02:17:31 Job submitted from host: <172.24.33.226:11547?addrs=172.24.33.226-11547&alias=sdfrome002.sdf.slac.stanford.edu>
    DAG Node: b1bf5457-cdf7-46f8-92cb-2a95b27043ca_ptcIsr_2023111300008_23
...
040 (1971321.000.000) 2023-12-14 02:24:43 Finished transferring input files
...
001 (1971321.000.000) 2023-12-14 02:24:43 Job executing on host: <172.24.48.186:33679?CCBID=172.24.33.225:9618%3faddrs%3d172.24.33.225-9618%26alias%3dsdfrome001.sdf.slac.stanford.edu#6219700&PrivNet=sdfmilan114.sdf.slac.stanford.edu&addrs=172.24.48.186-33679&alias=sdfmilan114.sdf.slac.stanford.edu>
	SlotName: slot_abrought_14493_1_13@sdfmilan114.sdf.slac.stanford.edu
...
006 (1971321.000.000) 2023-12-14 02:24:52 Image size of job updated: 328616
	115  -  MemoryUsage of job (MB)
	117648  -  ResidentSetSize of job (KB)
...
006 (1971321.000.000) 2023-12-14 02:25:39 Image size of job updated: 2102984
	115  -  MemoryUsage of job (MB)
	117648  -  ResidentSetSize of job (KB)
...
040 (1971321.000.000) 2023-12-14 02:25:39 Started transferring output files
...
040 (1971321.000.000) 2023-12-14 02:25:39 Finished transferring output files
...
005 (1971321.000.000) 2023-12-14 02:25:39 Job terminated.
	(1) Normal termination (return value 0)
		Usr 0 00:00:19, Sys 0 00:00:03  -  Run Remote Usage
		Usr 0 00:00:00, Sys 0 00:00:00  -  Run Local Usage
		Usr 0 00:00:19, Sys 0 00:00:03  -  Total Remote Usage
		Usr 0 00:00:00, Sys 0 00:00:00  -  Total Local Usage
	18802  -  Run Bytes Sent By Job
	0  -  Run Bytes Received By Job
	18802  -  Total Bytes Sent By Job
	0  -  Total Bytes Received By Job
	Partitionable Resources :    Usage  Request Allocated 
	   Cpus                 :                 1         1 
	   Disk (KB)            :       90        2    312193 
	   Memory (MB)          :      115     2048      2048 

	Job terminated of its own accord at 2023-12-14T10:25:39Z with exit-code 0.
...
