000 (1970064.000.000) 2023-12-14 02:17:17 Job submitted from host: <172.24.33.226:11547?addrs=172.24.33.226-11547&alias=sdfrome002.sdf.slac.stanford.edu>
    DAG Node: 5d01aa22-dbe9-4029-aa6d-817e7ccdd7af_ptcIsr_2023111202918_23
...
040 (1970064.000.000) 2023-12-14 02:20:36 Finished transferring input files
...
001 (1970064.000.000) 2023-12-14 02:20:36 Job executing on host: <172.24.33.147:42953?CCBID=172.24.33.225:9618%3faddrs%3d172.24.33.225-9618%26alias%3dsdfrome001.sdf.slac.stanford.edu#6219703&PrivNet=sdfrome082.sdf.slac.stanford.edu&addrs=172.24.33.147-42953&alias=sdfrome082.sdf.slac.stanford.edu>
	SlotName: slot_abrought_48_1_3@sdfrome082.sdf.slac.stanford.edu
...
006 (1970064.000.000) 2023-12-14 02:20:44 Image size of job updated: 280760
	73  -  MemoryUsage of job (MB)
	74536  -  ResidentSetSize of job (KB)
...
006 (1970064.000.000) 2023-12-14 02:21:36 Image size of job updated: 2338812
	627  -  MemoryUsage of job (MB)
	641684  -  ResidentSetSize of job (KB)
...
040 (1970064.000.000) 2023-12-14 02:21:37 Started transferring output files
...
040 (1970064.000.000) 2023-12-14 02:21:37 Finished transferring output files
...
005 (1970064.000.000) 2023-12-14 02:21:37 Job terminated.
	(1) Normal termination (return value 0)
		Usr 0 00:00:22, Sys 0 00:00:03  -  Run Remote Usage
		Usr 0 00:00:00, Sys 0 00:00:00  -  Run Local Usage
		Usr 0 00:00:22, Sys 0 00:00:03  -  Total Remote Usage
		Usr 0 00:00:00, Sys 0 00:00:00  -  Total Local Usage
	19073  -  Run Bytes Sent By Job
	0  -  Run Bytes Received By Job
	19073  -  Total Bytes Sent By Job
	0  -  Total Bytes Received By Job
	Partitionable Resources :    Usage  Request Allocated 
	   Cpus                 :                 1         1 
	   Disk (KB)            :       91        2    312116 
	   Memory (MB)          :      627     2048      2048 

	Job terminated of its own accord at 2023-12-14T10:21:36Z with exit-code 0.
...
